[0m16:30:04.337690 [debug] [MainThread]: Sending event: {'category': 'dbt', 'action': 'invocation', 'label': 'start', 'context': [<snowplow_tracker.self_describing_json.SelfDescribingJson object at 0x7e8910b08bf0>, <snowplow_tracker.self_describing_json.SelfDescribingJson object at 0x7e890e8cef00>, <snowplow_tracker.self_describing_json.SelfDescribingJson object at 0x7e890ed4e6f0>]}


============================== 16:30:04.342428 | 19299fbf-5a41-4075-ad9d-8970da97b56b ==============================
[0m16:30:04.342428 [info ] [MainThread]: Running with dbt=1.10.9
[0m16:30:04.343206 [debug] [MainThread]: running dbt with arguments {'version_check': 'True', 'profiles_dir': '/home/ouyassine/.dbt', 'warn_error': 'None', 'cache_selected_only': 'False', 'log_path': 'logs', 'use_colors': 'True', 'log_cache_events': 'False', 'target_path': 'None', 'introspect': 'True', 'send_anonymous_usage_stats': 'True', 'use_experimental_parser': 'False', 'static_parser': 'True', 'log_format': 'default', 'debug': 'False', 'quiet': 'False', 'indirect_selection': 'eager', 'printer_width': '80', 'fail_fast': 'False', 'write_json': 'True', 'warn_error_options': 'WarnErrorOptionsV2(error=[], warn=[], silence=[])', 'partial_parse': 'True', 'empty': 'None', 'no_print': 'None', 'invocation_command': 'dbt init clickstream'}
[0m16:30:04.355253 [debug] [MainThread]: Starter project path: /home/ouyassine/Documents/projects/Retail Clickstream Mini-Lake/venv/lib/python3.12/site-packages/dbt/include/starter_project
[0m16:30:04.358325 [info ] [MainThread]: 
Your new dbt project "clickstream" was created!

For more information on how to configure the profiles.yml file,
please consult the dbt documentation here:

  https://docs.getdbt.com/docs/configure-your-profile

One more thing:

Need help? Don't hesitate to reach out to us via GitHub issues or on Slack:

  https://community.getdbt.com/

Happy modeling!

[0m16:30:04.358991 [info ] [MainThread]: Setting up your profile.
[0m16:30:08.596664 [debug] [MainThread]: Redshift adapter: Setting redshift_connector to ERROR
[0m16:30:08.597521 [debug] [MainThread]: Redshift adapter: Setting redshift_connector.core to ERROR
[0m16:31:35.427646 [info ] [MainThread]: Profile clickstream written to /home/ouyassine/.dbt/profiles.yml using target's profile_template.yml and your supplied values. Run 'dbt debug' to validate the connection.
[0m16:31:35.431247 [debug] [MainThread]: Resource report: {"command_name": "init", "command_success": true, "command_wall_clock_time": 91.169304, "process_in_blocks": "3352", "process_kernel_time": 0.219591, "process_mem_max_rss": "111432", "process_out_blocks": "80", "process_user_time": 2.006268}
[0m16:31:35.432759 [debug] [MainThread]: Command `dbt init` succeeded at 16:31:35.432497 after 91.17 seconds
[0m16:31:35.433711 [debug] [MainThread]: Sending event: {'category': 'dbt', 'action': 'invocation', 'label': 'end', 'context': [<snowplow_tracker.self_describing_json.SelfDescribingJson object at 0x7e890e815940>, <snowplow_tracker.self_describing_json.SelfDescribingJson object at 0x7e890e35ff50>, <snowplow_tracker.self_describing_json.SelfDescribingJson object at 0x7e890df375f0>]}
[0m16:31:35.435894 [debug] [MainThread]: Flushing usage events
[0m16:31:37.779834 [debug] [MainThread]: An error was encountered while trying to flush usage events
[0m16:31:48.109078 [debug] [MainThread]: Sending event: {'category': 'dbt', 'action': 'invocation', 'label': 'start', 'context': [<snowplow_tracker.self_describing_json.SelfDescribingJson object at 0x7e8875030830>, <snowplow_tracker.self_describing_json.SelfDescribingJson object at 0x7e8872f46540>, <snowplow_tracker.self_describing_json.SelfDescribingJson object at 0x7e88730d0c80>]}


============================== 16:31:48.113978 | d037245d-03a3-45c9-b1c0-3cc46e64a2bb ==============================
[0m16:31:48.113978 [info ] [MainThread]: Running with dbt=1.10.9
[0m16:31:48.114786 [debug] [MainThread]: running dbt with arguments {'static_parser': 'True', 'debug': 'False', 'quiet': 'False', 'log_path': 'logs', 'indirect_selection': 'eager', 'version_check': 'True', 'send_anonymous_usage_stats': 'True', 'no_print': 'None', 'partial_parse': 'True', 'cache_selected_only': 'False', 'profiles_dir': '/home/ouyassine/.dbt', 'printer_width': '80', 'invocation_command': 'dbt debug', 'use_experimental_parser': 'False', 'warn_error_options': 'WarnErrorOptionsV2(error=[], warn=[], silence=[])', 'use_colors': 'True', 'log_format': 'default', 'log_cache_events': 'False', 'introspect': 'True', 'write_json': 'True', 'fail_fast': 'False', 'warn_error': 'None', 'target_path': 'None', 'empty': 'None'}
[0m16:31:48.126094 [info ] [MainThread]: dbt version: 1.10.9
[0m16:31:48.126713 [info ] [MainThread]: python version: 3.12.3
[0m16:31:48.127201 [info ] [MainThread]: python path: /home/ouyassine/Documents/projects/Retail Clickstream Mini-Lake/venv/bin/python3
[0m16:31:48.127652 [info ] [MainThread]: os info: Linux-6.14.0-27-generic-x86_64-with-glibc2.39
[0m16:31:48.263817 [debug] [MainThread]: Redshift adapter: Setting redshift_connector to ERROR
[0m16:31:48.264525 [debug] [MainThread]: Redshift adapter: Setting redshift_connector.core to ERROR
[0m16:31:48.354186 [info ] [MainThread]: Error importing adapter: No module named 'dbt.adapters.snowflake'
[0m16:31:48.355098 [info ] [MainThread]: Using profiles dir at /home/ouyassine/.dbt
[0m16:31:48.355629 [info ] [MainThread]: Using profiles.yml file at /home/ouyassine/.dbt/profiles.yml
[0m16:31:48.356128 [info ] [MainThread]: Using dbt_project.yml file at /home/ouyassine/Documents/projects/Retail Clickstream Mini-Lake/dbt_project.yml
[0m16:31:48.356605 [info ] [MainThread]: Configuration:
[0m16:31:48.357076 [info ] [MainThread]:   profiles.yml file [[31mERROR invalid[0m]
[0m16:31:48.357524 [info ] [MainThread]:   dbt_project.yml file [[31mERROR not found[0m]
[0m16:31:48.357988 [info ] [MainThread]: Required dependencies:
[0m16:31:48.358458 [debug] [MainThread]: Executing "git --help"
[0m16:31:48.372054 [debug] [MainThread]: STDOUT: "b"usage: git [-v | --version] [-h | --help] [-C <path>] [-c <name>=<value>]\n           [--exec-path[=<path>]] [--html-path] [--man-path] [--info-path]\n           [-p | --paginate | -P | --no-pager] [--no-replace-objects] [--bare]\n           [--git-dir=<path>] [--work-tree=<path>] [--namespace=<name>]\n           [--config-env=<name>=<envvar>] <command> [<args>]\n\nThese are common Git commands used in various situations:\n\nstart a working area (see also: git help tutorial)\n   clone     Clone a repository into a new directory\n   init      Create an empty Git repository or reinitialize an existing one\n\nwork on the current change (see also: git help everyday)\n   add       Add file contents to the index\n   mv        Move or rename a file, a directory, or a symlink\n   restore   Restore working tree files\n   rm        Remove files from the working tree and from the index\n\nexamine the history and state (see also: git help revisions)\n   bisect    Use binary search to find the commit that introduced a bug\n   diff      Show changes between commits, commit and working tree, etc\n   grep      Print lines matching a pattern\n   log       Show commit logs\n   show      Show various types of objects\n   status    Show the working tree status\n\ngrow, mark and tweak your common history\n   branch    List, create, or delete branches\n   commit    Record changes to the repository\n   merge     Join two or more development histories together\n   rebase    Reapply commits on top of another base tip\n   reset     Reset current HEAD to the specified state\n   switch    Switch branches\n   tag       Create, list, delete or verify a tag object signed with GPG\n\ncollaborate (see also: git help workflows)\n   fetch     Download objects and refs from another repository\n   pull      Fetch from and integrate with another repository or a local branch\n   push      Update remote refs along with associated objects\n\n'git help -a' and 'git help -g' list available subcommands and some\nconcept guides. See 'git help <command>' or 'git help <concept>'\nto read about a specific subcommand or concept.\nSee 'git help git' for an overview of the system.\n""
[0m16:31:48.373066 [debug] [MainThread]: STDERR: "b''"
[0m16:31:48.373708 [info ] [MainThread]:  - git [[32mOK found[0m]

[0m16:31:48.374265 [info ] [MainThread]: Connection test skipped since no profile was found
[0m16:31:48.374817 [info ] [MainThread]: [31m2 checks failed:[0m
[0m16:31:48.375277 [info ] [MainThread]: Could not load dbt_project.yml
Profile loading failed for the following reason:
Runtime Error
  Credentials in profile "jdata_pipeline", target "dev" invalid: Runtime Error
    Could not find adapter type snowflake!


[0m16:31:48.375724 [info ] [MainThread]: Project loading failed for the following reason:
 project path </home/ouyassine/Documents/projects/Retail Clickstream Mini-Lake/dbt_project.yml> not found

[0m16:31:48.376969 [debug] [MainThread]: Resource report: {"command_name": "debug", "command_success": false, "command_wall_clock_time": 0.34254107, "process_in_blocks": "0", "process_kernel_time": 0.215935, "process_mem_max_rss": "112464", "process_out_blocks": "16", "process_user_time": 2.072378}
[0m16:31:48.377640 [debug] [MainThread]: Command `dbt debug` failed at 16:31:48.377518 after 0.34 seconds
[0m16:31:48.378185 [debug] [MainThread]: Sending event: {'category': 'dbt', 'action': 'invocation', 'label': 'end', 'context': [<snowplow_tracker.self_describing_json.SelfDescribingJson object at 0x7e8876f6fad0>, <snowplow_tracker.self_describing_json.SelfDescribingJson object at 0x7e8871d7b5c0>, <snowplow_tracker.self_describing_json.SelfDescribingJson object at 0x7e8872ef6b40>]}
[0m16:31:48.378756 [debug] [MainThread]: Flushing usage events
[0m16:31:49.950891 [debug] [MainThread]: An error was encountered while trying to flush usage events
