[2025-09-02T16:13:03.004+0000] {processor.py:157} INFO - Started process (PID=57) to work on /home/airflow/.local/lib/python3.7/site-packages/airflow/example_dags/example_subdag_operator.py
[2025-09-02T16:13:03.006+0000] {processor.py:826} INFO - Processing file /home/airflow/.local/lib/python3.7/site-packages/airflow/example_dags/example_subdag_operator.py for tasks to queue
[2025-09-02T16:13:03.007+0000] {logging_mixin.py:150} INFO - [2025-09-02T16:13:03.006+0000] {dagbag.py:541} INFO - Filling up the DagBag from /home/airflow/.local/lib/python3.7/site-packages/airflow/example_dags/example_subdag_operator.py
[2025-09-02T16:13:03.037+0000] {processor.py:836} INFO - DAG(s) dict_keys(['example_subdag_operator.section-1', 'example_subdag_operator.section-2', 'example_subdag_operator']) retrieved from /home/airflow/.local/lib/python3.7/site-packages/airflow/example_dags/example_subdag_operator.py
[2025-09-02T16:13:03.138+0000] {logging_mixin.py:150} INFO - [2025-09-02T16:13:03.138+0000] {manager.py:504} INFO - Created Permission View: can read on DAG:example_subdag_operator
[2025-09-02T16:13:03.151+0000] {logging_mixin.py:150} INFO - [2025-09-02T16:13:03.150+0000] {manager.py:504} INFO - Created Permission View: can edit on DAG:example_subdag_operator
[2025-09-02T16:13:03.157+0000] {logging_mixin.py:150} INFO - [2025-09-02T16:13:03.157+0000] {manager.py:504} INFO - Created Permission View: can delete on DAG:example_subdag_operator
[2025-09-02T16:13:03.175+0000] {logging_mixin.py:150} INFO - [2025-09-02T16:13:03.175+0000] {dag.py:2742} INFO - Sync 3 DAGs
[2025-09-02T16:13:03.189+0000] {logging_mixin.py:150} INFO - [2025-09-02T16:13:03.189+0000] {dag.py:2763} INFO - Creating ORM DAG for example_subdag_operator.section-2
[2025-09-02T16:13:03.190+0000] {logging_mixin.py:150} INFO - [2025-09-02T16:13:03.190+0000] {dag.py:2763} INFO - Creating ORM DAG for example_subdag_operator
[2025-09-02T16:13:03.190+0000] {logging_mixin.py:150} INFO - [2025-09-02T16:13:03.190+0000] {dag.py:2763} INFO - Creating ORM DAG for example_subdag_operator.section-1
[2025-09-02T16:13:03.203+0000] {logging_mixin.py:150} INFO - [2025-09-02T16:13:03.203+0000] {dag.py:3508} INFO - Setting next_dagrun for example_subdag_operator to 2022-01-01T00:00:00+00:00, run_after=2022-01-01T00:00:00+00:00
[2025-09-02T16:13:03.204+0000] {logging_mixin.py:150} INFO - [2025-09-02T16:13:03.203+0000] {dag.py:3508} INFO - Setting next_dagrun for example_subdag_operator.section-1 to None, run_after=None
[2025-09-02T16:13:03.204+0000] {logging_mixin.py:150} INFO - [2025-09-02T16:13:03.204+0000] {dag.py:3508} INFO - Setting next_dagrun for example_subdag_operator.section-2 to None, run_after=None
[2025-09-02T16:13:03.213+0000] {logging_mixin.py:150} INFO - [2025-09-02T16:13:03.213+0000] {dag.py:2742} INFO - Sync 2 DAGs
[2025-09-02T16:13:03.219+0000] {logging_mixin.py:150} INFO - [2025-09-02T16:13:03.219+0000] {dag.py:3508} INFO - Setting next_dagrun for example_subdag_operator.section-1 to None, run_after=None
[2025-09-02T16:13:03.223+0000] {logging_mixin.py:150} INFO - [2025-09-02T16:13:03.222+0000] {dag.py:3508} INFO - Setting next_dagrun for example_subdag_operator.section-2 to None, run_after=None
[2025-09-02T16:13:03.233+0000] {processor.py:179} INFO - Processing /home/airflow/.local/lib/python3.7/site-packages/airflow/example_dags/example_subdag_operator.py took 0.234 seconds
[2025-09-02T16:13:33.693+0000] {processor.py:157} INFO - Started process (PID=117) to work on /home/airflow/.local/lib/python3.7/site-packages/airflow/example_dags/example_subdag_operator.py
[2025-09-02T16:13:33.695+0000] {processor.py:826} INFO - Processing file /home/airflow/.local/lib/python3.7/site-packages/airflow/example_dags/example_subdag_operator.py for tasks to queue
[2025-09-02T16:13:33.695+0000] {logging_mixin.py:150} INFO - [2025-09-02T16:13:33.695+0000] {dagbag.py:541} INFO - Filling up the DagBag from /home/airflow/.local/lib/python3.7/site-packages/airflow/example_dags/example_subdag_operator.py
[2025-09-02T16:13:33.725+0000] {processor.py:836} INFO - DAG(s) dict_keys(['example_subdag_operator.section-1', 'example_subdag_operator.section-2', 'example_subdag_operator']) retrieved from /home/airflow/.local/lib/python3.7/site-packages/airflow/example_dags/example_subdag_operator.py
[2025-09-02T16:13:33.747+0000] {logging_mixin.py:150} INFO - [2025-09-02T16:13:33.746+0000] {dag.py:2742} INFO - Sync 3 DAGs
[2025-09-02T16:13:33.779+0000] {logging_mixin.py:150} INFO - [2025-09-02T16:13:33.779+0000] {dag.py:3508} INFO - Setting next_dagrun for example_subdag_operator to 2022-01-01T00:00:00+00:00, run_after=2022-01-01T00:00:00+00:00
[2025-09-02T16:13:33.786+0000] {logging_mixin.py:150} INFO - [2025-09-02T16:13:33.786+0000] {dag.py:3508} INFO - Setting next_dagrun for example_subdag_operator.section-1 to None, run_after=None
[2025-09-02T16:13:33.788+0000] {logging_mixin.py:150} INFO - [2025-09-02T16:13:33.788+0000] {dag.py:3508} INFO - Setting next_dagrun for example_subdag_operator.section-2 to None, run_after=None
[2025-09-02T16:13:33.798+0000] {logging_mixin.py:150} INFO - [2025-09-02T16:13:33.798+0000] {dag.py:2742} INFO - Sync 2 DAGs
[2025-09-02T16:13:33.807+0000] {logging_mixin.py:150} INFO - [2025-09-02T16:13:33.807+0000] {dag.py:3508} INFO - Setting next_dagrun for example_subdag_operator.section-1 to None, run_after=None
[2025-09-02T16:13:33.807+0000] {logging_mixin.py:150} INFO - [2025-09-02T16:13:33.807+0000] {dag.py:3508} INFO - Setting next_dagrun for example_subdag_operator.section-2 to None, run_after=None
[2025-09-02T16:13:33.823+0000] {processor.py:179} INFO - Processing /home/airflow/.local/lib/python3.7/site-packages/airflow/example_dags/example_subdag_operator.py took 0.133 seconds
[2025-09-02T16:14:04.965+0000] {processor.py:157} INFO - Started process (PID=185) to work on /home/airflow/.local/lib/python3.7/site-packages/airflow/example_dags/example_subdag_operator.py
[2025-09-02T16:14:04.966+0000] {processor.py:826} INFO - Processing file /home/airflow/.local/lib/python3.7/site-packages/airflow/example_dags/example_subdag_operator.py for tasks to queue
[2025-09-02T16:14:04.967+0000] {logging_mixin.py:150} INFO - [2025-09-02T16:14:04.967+0000] {dagbag.py:541} INFO - Filling up the DagBag from /home/airflow/.local/lib/python3.7/site-packages/airflow/example_dags/example_subdag_operator.py
[2025-09-02T16:14:05.008+0000] {processor.py:836} INFO - DAG(s) dict_keys(['example_subdag_operator.section-1', 'example_subdag_operator.section-2', 'example_subdag_operator']) retrieved from /home/airflow/.local/lib/python3.7/site-packages/airflow/example_dags/example_subdag_operator.py
[2025-09-02T16:14:05.040+0000] {logging_mixin.py:150} INFO - [2025-09-02T16:14:05.040+0000] {dag.py:2742} INFO - Sync 3 DAGs
[2025-09-02T16:14:05.088+0000] {logging_mixin.py:150} INFO - [2025-09-02T16:14:05.087+0000] {dag.py:3508} INFO - Setting next_dagrun for example_subdag_operator to 2022-01-01T00:00:00+00:00, run_after=2022-01-01T00:00:00+00:00
[2025-09-02T16:14:05.095+0000] {logging_mixin.py:150} INFO - [2025-09-02T16:14:05.095+0000] {dag.py:3508} INFO - Setting next_dagrun for example_subdag_operator.section-1 to None, run_after=None
[2025-09-02T16:14:05.097+0000] {logging_mixin.py:150} INFO - [2025-09-02T16:14:05.097+0000] {dag.py:3508} INFO - Setting next_dagrun for example_subdag_operator.section-2 to None, run_after=None
[2025-09-02T16:14:05.108+0000] {logging_mixin.py:150} INFO - [2025-09-02T16:14:05.107+0000] {dag.py:2742} INFO - Sync 2 DAGs
[2025-09-02T16:14:05.116+0000] {logging_mixin.py:150} INFO - [2025-09-02T16:14:05.116+0000] {dag.py:3508} INFO - Setting next_dagrun for example_subdag_operator.section-1 to None, run_after=None
[2025-09-02T16:14:05.117+0000] {logging_mixin.py:150} INFO - [2025-09-02T16:14:05.117+0000] {dag.py:3508} INFO - Setting next_dagrun for example_subdag_operator.section-2 to None, run_after=None
[2025-09-02T16:14:05.131+0000] {processor.py:179} INFO - Processing /home/airflow/.local/lib/python3.7/site-packages/airflow/example_dags/example_subdag_operator.py took 0.170 seconds
[2025-09-02T16:14:35.886+0000] {processor.py:157} INFO - Started process (PID=244) to work on /home/airflow/.local/lib/python3.7/site-packages/airflow/example_dags/example_subdag_operator.py
[2025-09-02T16:14:35.887+0000] {processor.py:826} INFO - Processing file /home/airflow/.local/lib/python3.7/site-packages/airflow/example_dags/example_subdag_operator.py for tasks to queue
[2025-09-02T16:14:35.888+0000] {logging_mixin.py:150} INFO - [2025-09-02T16:14:35.888+0000] {dagbag.py:541} INFO - Filling up the DagBag from /home/airflow/.local/lib/python3.7/site-packages/airflow/example_dags/example_subdag_operator.py
[2025-09-02T16:14:35.954+0000] {processor.py:836} INFO - DAG(s) dict_keys(['example_subdag_operator.section-1', 'example_subdag_operator.section-2', 'example_subdag_operator']) retrieved from /home/airflow/.local/lib/python3.7/site-packages/airflow/example_dags/example_subdag_operator.py
[2025-09-02T16:14:35.985+0000] {logging_mixin.py:150} INFO - [2025-09-02T16:14:35.985+0000] {dag.py:2742} INFO - Sync 3 DAGs
[2025-09-02T16:14:36.046+0000] {logging_mixin.py:150} INFO - [2025-09-02T16:14:36.046+0000] {dag.py:3508} INFO - Setting next_dagrun for example_subdag_operator to 2022-01-01T00:00:00+00:00, run_after=2022-01-01T00:00:00+00:00
[2025-09-02T16:14:36.063+0000] {logging_mixin.py:150} INFO - [2025-09-02T16:14:36.062+0000] {dag.py:3508} INFO - Setting next_dagrun for example_subdag_operator.section-1 to None, run_after=None
[2025-09-02T16:14:36.076+0000] {logging_mixin.py:150} INFO - [2025-09-02T16:14:36.076+0000] {dag.py:3508} INFO - Setting next_dagrun for example_subdag_operator.section-2 to None, run_after=None
[2025-09-02T16:14:36.090+0000] {logging_mixin.py:150} INFO - [2025-09-02T16:14:36.090+0000] {dag.py:2742} INFO - Sync 2 DAGs
[2025-09-02T16:14:36.102+0000] {logging_mixin.py:150} INFO - [2025-09-02T16:14:36.102+0000] {dag.py:3508} INFO - Setting next_dagrun for example_subdag_operator.section-1 to None, run_after=None
[2025-09-02T16:14:36.103+0000] {logging_mixin.py:150} INFO - [2025-09-02T16:14:36.103+0000] {dag.py:3508} INFO - Setting next_dagrun for example_subdag_operator.section-2 to None, run_after=None
[2025-09-02T16:14:36.137+0000] {processor.py:179} INFO - Processing /home/airflow/.local/lib/python3.7/site-packages/airflow/example_dags/example_subdag_operator.py took 0.256 seconds
[2025-09-02T16:15:06.478+0000] {processor.py:157} INFO - Started process (PID=298) to work on /home/airflow/.local/lib/python3.7/site-packages/airflow/example_dags/example_subdag_operator.py
[2025-09-02T16:15:06.479+0000] {processor.py:826} INFO - Processing file /home/airflow/.local/lib/python3.7/site-packages/airflow/example_dags/example_subdag_operator.py for tasks to queue
[2025-09-02T16:15:06.480+0000] {logging_mixin.py:150} INFO - [2025-09-02T16:15:06.480+0000] {dagbag.py:541} INFO - Filling up the DagBag from /home/airflow/.local/lib/python3.7/site-packages/airflow/example_dags/example_subdag_operator.py
[2025-09-02T16:15:06.511+0000] {processor.py:836} INFO - DAG(s) dict_keys(['example_subdag_operator.section-1', 'example_subdag_operator.section-2', 'example_subdag_operator']) retrieved from /home/airflow/.local/lib/python3.7/site-packages/airflow/example_dags/example_subdag_operator.py
[2025-09-02T16:15:06.533+0000] {logging_mixin.py:150} INFO - [2025-09-02T16:15:06.533+0000] {dag.py:2742} INFO - Sync 3 DAGs
[2025-09-02T16:15:06.566+0000] {logging_mixin.py:150} INFO - [2025-09-02T16:15:06.566+0000] {dag.py:3508} INFO - Setting next_dagrun for example_subdag_operator to 2022-01-01T00:00:00+00:00, run_after=2022-01-01T00:00:00+00:00
[2025-09-02T16:15:06.572+0000] {logging_mixin.py:150} INFO - [2025-09-02T16:15:06.572+0000] {dag.py:3508} INFO - Setting next_dagrun for example_subdag_operator.section-1 to None, run_after=None
[2025-09-02T16:15:06.574+0000] {logging_mixin.py:150} INFO - [2025-09-02T16:15:06.574+0000] {dag.py:3508} INFO - Setting next_dagrun for example_subdag_operator.section-2 to None, run_after=None
[2025-09-02T16:15:06.584+0000] {logging_mixin.py:150} INFO - [2025-09-02T16:15:06.584+0000] {dag.py:2742} INFO - Sync 2 DAGs
[2025-09-02T16:15:06.592+0000] {logging_mixin.py:150} INFO - [2025-09-02T16:15:06.592+0000] {dag.py:3508} INFO - Setting next_dagrun for example_subdag_operator.section-1 to None, run_after=None
[2025-09-02T16:15:06.593+0000] {logging_mixin.py:150} INFO - [2025-09-02T16:15:06.593+0000] {dag.py:3508} INFO - Setting next_dagrun for example_subdag_operator.section-2 to None, run_after=None
[2025-09-02T16:15:06.607+0000] {processor.py:179} INFO - Processing /home/airflow/.local/lib/python3.7/site-packages/airflow/example_dags/example_subdag_operator.py took 0.132 seconds
[2025-09-02T16:15:37.249+0000] {processor.py:157} INFO - Started process (PID=358) to work on /home/airflow/.local/lib/python3.7/site-packages/airflow/example_dags/example_subdag_operator.py
[2025-09-02T16:15:37.250+0000] {processor.py:826} INFO - Processing file /home/airflow/.local/lib/python3.7/site-packages/airflow/example_dags/example_subdag_operator.py for tasks to queue
[2025-09-02T16:15:37.251+0000] {logging_mixin.py:150} INFO - [2025-09-02T16:15:37.251+0000] {dagbag.py:541} INFO - Filling up the DagBag from /home/airflow/.local/lib/python3.7/site-packages/airflow/example_dags/example_subdag_operator.py
[2025-09-02T16:15:37.293+0000] {processor.py:836} INFO - DAG(s) dict_keys(['example_subdag_operator.section-1', 'example_subdag_operator.section-2', 'example_subdag_operator']) retrieved from /home/airflow/.local/lib/python3.7/site-packages/airflow/example_dags/example_subdag_operator.py
[2025-09-02T16:15:37.318+0000] {logging_mixin.py:150} INFO - [2025-09-02T16:15:37.317+0000] {dag.py:2742} INFO - Sync 3 DAGs
[2025-09-02T16:15:37.357+0000] {logging_mixin.py:150} INFO - [2025-09-02T16:15:37.356+0000] {dag.py:3508} INFO - Setting next_dagrun for example_subdag_operator to 2022-01-01T00:00:00+00:00, run_after=2022-01-01T00:00:00+00:00
[2025-09-02T16:15:37.364+0000] {logging_mixin.py:150} INFO - [2025-09-02T16:15:37.364+0000] {dag.py:3508} INFO - Setting next_dagrun for example_subdag_operator.section-1 to None, run_after=None
[2025-09-02T16:15:37.367+0000] {logging_mixin.py:150} INFO - [2025-09-02T16:15:37.366+0000] {dag.py:3508} INFO - Setting next_dagrun for example_subdag_operator.section-2 to None, run_after=None
[2025-09-02T16:15:37.378+0000] {logging_mixin.py:150} INFO - [2025-09-02T16:15:37.378+0000] {dag.py:2742} INFO - Sync 2 DAGs
[2025-09-02T16:15:37.388+0000] {logging_mixin.py:150} INFO - [2025-09-02T16:15:37.387+0000] {dag.py:3508} INFO - Setting next_dagrun for example_subdag_operator.section-1 to None, run_after=None
[2025-09-02T16:15:37.388+0000] {logging_mixin.py:150} INFO - [2025-09-02T16:15:37.388+0000] {dag.py:3508} INFO - Setting next_dagrun for example_subdag_operator.section-2 to None, run_after=None
[2025-09-02T16:15:37.406+0000] {processor.py:179} INFO - Processing /home/airflow/.local/lib/python3.7/site-packages/airflow/example_dags/example_subdag_operator.py took 0.162 seconds
[2025-09-02T16:16:07.552+0000] {processor.py:157} INFO - Started process (PID=418) to work on /home/airflow/.local/lib/python3.7/site-packages/airflow/example_dags/example_subdag_operator.py
[2025-09-02T16:16:07.553+0000] {processor.py:826} INFO - Processing file /home/airflow/.local/lib/python3.7/site-packages/airflow/example_dags/example_subdag_operator.py for tasks to queue
[2025-09-02T16:16:07.554+0000] {logging_mixin.py:150} INFO - [2025-09-02T16:16:07.554+0000] {dagbag.py:541} INFO - Filling up the DagBag from /home/airflow/.local/lib/python3.7/site-packages/airflow/example_dags/example_subdag_operator.py
[2025-09-02T16:16:07.588+0000] {processor.py:836} INFO - DAG(s) dict_keys(['example_subdag_operator.section-1', 'example_subdag_operator.section-2', 'example_subdag_operator']) retrieved from /home/airflow/.local/lib/python3.7/site-packages/airflow/example_dags/example_subdag_operator.py
[2025-09-02T16:16:07.615+0000] {logging_mixin.py:150} INFO - [2025-09-02T16:16:07.615+0000] {dag.py:2742} INFO - Sync 3 DAGs
[2025-09-02T16:16:07.651+0000] {logging_mixin.py:150} INFO - [2025-09-02T16:16:07.651+0000] {dag.py:3508} INFO - Setting next_dagrun for example_subdag_operator to 2022-01-01T00:00:00+00:00, run_after=2022-01-01T00:00:00+00:00
[2025-09-02T16:16:07.657+0000] {logging_mixin.py:150} INFO - [2025-09-02T16:16:07.657+0000] {dag.py:3508} INFO - Setting next_dagrun for example_subdag_operator.section-1 to None, run_after=None
[2025-09-02T16:16:07.659+0000] {logging_mixin.py:150} INFO - [2025-09-02T16:16:07.659+0000] {dag.py:3508} INFO - Setting next_dagrun for example_subdag_operator.section-2 to None, run_after=None
[2025-09-02T16:16:07.672+0000] {logging_mixin.py:150} INFO - [2025-09-02T16:16:07.672+0000] {dag.py:2742} INFO - Sync 2 DAGs
[2025-09-02T16:16:07.683+0000] {logging_mixin.py:150} INFO - [2025-09-02T16:16:07.682+0000] {dag.py:3508} INFO - Setting next_dagrun for example_subdag_operator.section-1 to None, run_after=None
[2025-09-02T16:16:07.683+0000] {logging_mixin.py:150} INFO - [2025-09-02T16:16:07.683+0000] {dag.py:3508} INFO - Setting next_dagrun for example_subdag_operator.section-2 to None, run_after=None
[2025-09-02T16:16:07.701+0000] {processor.py:179} INFO - Processing /home/airflow/.local/lib/python3.7/site-packages/airflow/example_dags/example_subdag_operator.py took 0.155 seconds
[2025-09-02T16:16:38.309+0000] {processor.py:157} INFO - Started process (PID=478) to work on /home/airflow/.local/lib/python3.7/site-packages/airflow/example_dags/example_subdag_operator.py
[2025-09-02T16:16:38.310+0000] {processor.py:826} INFO - Processing file /home/airflow/.local/lib/python3.7/site-packages/airflow/example_dags/example_subdag_operator.py for tasks to queue
[2025-09-02T16:16:38.311+0000] {logging_mixin.py:150} INFO - [2025-09-02T16:16:38.311+0000] {dagbag.py:541} INFO - Filling up the DagBag from /home/airflow/.local/lib/python3.7/site-packages/airflow/example_dags/example_subdag_operator.py
[2025-09-02T16:16:38.344+0000] {processor.py:836} INFO - DAG(s) dict_keys(['example_subdag_operator.section-1', 'example_subdag_operator.section-2', 'example_subdag_operator']) retrieved from /home/airflow/.local/lib/python3.7/site-packages/airflow/example_dags/example_subdag_operator.py
[2025-09-02T16:16:38.367+0000] {logging_mixin.py:150} INFO - [2025-09-02T16:16:38.367+0000] {dag.py:2742} INFO - Sync 3 DAGs
[2025-09-02T16:16:38.405+0000] {logging_mixin.py:150} INFO - [2025-09-02T16:16:38.405+0000] {dag.py:3508} INFO - Setting next_dagrun for example_subdag_operator to 2022-01-01T00:00:00+00:00, run_after=2022-01-01T00:00:00+00:00
[2025-09-02T16:16:38.413+0000] {logging_mixin.py:150} INFO - [2025-09-02T16:16:38.413+0000] {dag.py:3508} INFO - Setting next_dagrun for example_subdag_operator.section-1 to None, run_after=None
[2025-09-02T16:16:38.418+0000] {logging_mixin.py:150} INFO - [2025-09-02T16:16:38.417+0000] {dag.py:3508} INFO - Setting next_dagrun for example_subdag_operator.section-2 to None, run_after=None
[2025-09-02T16:16:38.431+0000] {logging_mixin.py:150} INFO - [2025-09-02T16:16:38.431+0000] {dag.py:2742} INFO - Sync 2 DAGs
[2025-09-02T16:16:38.441+0000] {logging_mixin.py:150} INFO - [2025-09-02T16:16:38.441+0000] {dag.py:3508} INFO - Setting next_dagrun for example_subdag_operator.section-1 to None, run_after=None
[2025-09-02T16:16:38.441+0000] {logging_mixin.py:150} INFO - [2025-09-02T16:16:38.441+0000] {dag.py:3508} INFO - Setting next_dagrun for example_subdag_operator.section-2 to None, run_after=None
[2025-09-02T16:16:38.461+0000] {processor.py:179} INFO - Processing /home/airflow/.local/lib/python3.7/site-packages/airflow/example_dags/example_subdag_operator.py took 0.155 seconds
[2025-09-02T16:17:08.653+0000] {processor.py:157} INFO - Started process (PID=538) to work on /home/airflow/.local/lib/python3.7/site-packages/airflow/example_dags/example_subdag_operator.py
[2025-09-02T16:17:08.655+0000] {processor.py:826} INFO - Processing file /home/airflow/.local/lib/python3.7/site-packages/airflow/example_dags/example_subdag_operator.py for tasks to queue
[2025-09-02T16:17:08.656+0000] {logging_mixin.py:150} INFO - [2025-09-02T16:17:08.656+0000] {dagbag.py:541} INFO - Filling up the DagBag from /home/airflow/.local/lib/python3.7/site-packages/airflow/example_dags/example_subdag_operator.py
[2025-09-02T16:17:08.707+0000] {processor.py:836} INFO - DAG(s) dict_keys(['example_subdag_operator.section-1', 'example_subdag_operator.section-2', 'example_subdag_operator']) retrieved from /home/airflow/.local/lib/python3.7/site-packages/airflow/example_dags/example_subdag_operator.py
[2025-09-02T16:17:08.742+0000] {logging_mixin.py:150} INFO - [2025-09-02T16:17:08.742+0000] {dag.py:2742} INFO - Sync 3 DAGs
[2025-09-02T16:17:08.789+0000] {logging_mixin.py:150} INFO - [2025-09-02T16:17:08.788+0000] {dag.py:3508} INFO - Setting next_dagrun for example_subdag_operator to 2022-01-01T00:00:00+00:00, run_after=2022-01-01T00:00:00+00:00
[2025-09-02T16:17:08.796+0000] {logging_mixin.py:150} INFO - [2025-09-02T16:17:08.796+0000] {dag.py:3508} INFO - Setting next_dagrun for example_subdag_operator.section-1 to None, run_after=None
[2025-09-02T16:17:08.798+0000] {logging_mixin.py:150} INFO - [2025-09-02T16:17:08.798+0000] {dag.py:3508} INFO - Setting next_dagrun for example_subdag_operator.section-2 to None, run_after=None
[2025-09-02T16:17:08.814+0000] {logging_mixin.py:150} INFO - [2025-09-02T16:17:08.814+0000] {dag.py:2742} INFO - Sync 2 DAGs
[2025-09-02T16:17:08.827+0000] {logging_mixin.py:150} INFO - [2025-09-02T16:17:08.826+0000] {dag.py:3508} INFO - Setting next_dagrun for example_subdag_operator.section-1 to None, run_after=None
[2025-09-02T16:17:08.827+0000] {logging_mixin.py:150} INFO - [2025-09-02T16:17:08.827+0000] {dag.py:3508} INFO - Setting next_dagrun for example_subdag_operator.section-2 to None, run_after=None
[2025-09-02T16:17:08.847+0000] {processor.py:179} INFO - Processing /home/airflow/.local/lib/python3.7/site-packages/airflow/example_dags/example_subdag_operator.py took 0.201 seconds
[2025-09-02T16:17:39.153+0000] {processor.py:157} INFO - Started process (PID=599) to work on /home/airflow/.local/lib/python3.7/site-packages/airflow/example_dags/example_subdag_operator.py
[2025-09-02T16:17:39.154+0000] {processor.py:826} INFO - Processing file /home/airflow/.local/lib/python3.7/site-packages/airflow/example_dags/example_subdag_operator.py for tasks to queue
[2025-09-02T16:17:39.155+0000] {logging_mixin.py:150} INFO - [2025-09-02T16:17:39.155+0000] {dagbag.py:541} INFO - Filling up the DagBag from /home/airflow/.local/lib/python3.7/site-packages/airflow/example_dags/example_subdag_operator.py
[2025-09-02T16:17:39.194+0000] {processor.py:836} INFO - DAG(s) dict_keys(['example_subdag_operator.section-1', 'example_subdag_operator.section-2', 'example_subdag_operator']) retrieved from /home/airflow/.local/lib/python3.7/site-packages/airflow/example_dags/example_subdag_operator.py
[2025-09-02T16:17:39.219+0000] {logging_mixin.py:150} INFO - [2025-09-02T16:17:39.218+0000] {dag.py:2742} INFO - Sync 3 DAGs
[2025-09-02T16:17:39.254+0000] {logging_mixin.py:150} INFO - [2025-09-02T16:17:39.253+0000] {dag.py:3508} INFO - Setting next_dagrun for example_subdag_operator to 2022-01-01T00:00:00+00:00, run_after=2022-01-01T00:00:00+00:00
[2025-09-02T16:17:39.262+0000] {logging_mixin.py:150} INFO - [2025-09-02T16:17:39.261+0000] {dag.py:3508} INFO - Setting next_dagrun for example_subdag_operator.section-1 to None, run_after=None
[2025-09-02T16:17:39.264+0000] {logging_mixin.py:150} INFO - [2025-09-02T16:17:39.264+0000] {dag.py:3508} INFO - Setting next_dagrun for example_subdag_operator.section-2 to None, run_after=None
[2025-09-02T16:17:39.276+0000] {logging_mixin.py:150} INFO - [2025-09-02T16:17:39.275+0000] {dag.py:2742} INFO - Sync 2 DAGs
[2025-09-02T16:17:39.284+0000] {logging_mixin.py:150} INFO - [2025-09-02T16:17:39.284+0000] {dag.py:3508} INFO - Setting next_dagrun for example_subdag_operator.section-1 to None, run_after=None
[2025-09-02T16:17:39.285+0000] {logging_mixin.py:150} INFO - [2025-09-02T16:17:39.284+0000] {dag.py:3508} INFO - Setting next_dagrun for example_subdag_operator.section-2 to None, run_after=None
[2025-09-02T16:17:39.301+0000] {processor.py:179} INFO - Processing /home/airflow/.local/lib/python3.7/site-packages/airflow/example_dags/example_subdag_operator.py took 0.154 seconds
[2025-09-02T16:18:09.723+0000] {processor.py:157} INFO - Started process (PID=660) to work on /home/airflow/.local/lib/python3.7/site-packages/airflow/example_dags/example_subdag_operator.py
[2025-09-02T16:18:09.724+0000] {processor.py:826} INFO - Processing file /home/airflow/.local/lib/python3.7/site-packages/airflow/example_dags/example_subdag_operator.py for tasks to queue
[2025-09-02T16:18:09.725+0000] {logging_mixin.py:150} INFO - [2025-09-02T16:18:09.725+0000] {dagbag.py:541} INFO - Filling up the DagBag from /home/airflow/.local/lib/python3.7/site-packages/airflow/example_dags/example_subdag_operator.py
[2025-09-02T16:18:09.756+0000] {processor.py:836} INFO - DAG(s) dict_keys(['example_subdag_operator.section-1', 'example_subdag_operator.section-2', 'example_subdag_operator']) retrieved from /home/airflow/.local/lib/python3.7/site-packages/airflow/example_dags/example_subdag_operator.py
[2025-09-02T16:18:09.779+0000] {logging_mixin.py:150} INFO - [2025-09-02T16:18:09.778+0000] {dag.py:2742} INFO - Sync 3 DAGs
[2025-09-02T16:18:09.813+0000] {logging_mixin.py:150} INFO - [2025-09-02T16:18:09.813+0000] {dag.py:3508} INFO - Setting next_dagrun for example_subdag_operator to 2022-01-01T00:00:00+00:00, run_after=2022-01-01T00:00:00+00:00
[2025-09-02T16:18:09.820+0000] {logging_mixin.py:150} INFO - [2025-09-02T16:18:09.820+0000] {dag.py:3508} INFO - Setting next_dagrun for example_subdag_operator.section-1 to None, run_after=None
[2025-09-02T16:18:09.823+0000] {logging_mixin.py:150} INFO - [2025-09-02T16:18:09.823+0000] {dag.py:3508} INFO - Setting next_dagrun for example_subdag_operator.section-2 to None, run_after=None
[2025-09-02T16:18:09.837+0000] {logging_mixin.py:150} INFO - [2025-09-02T16:18:09.836+0000] {dag.py:2742} INFO - Sync 2 DAGs
[2025-09-02T16:18:09.846+0000] {logging_mixin.py:150} INFO - [2025-09-02T16:18:09.845+0000] {dag.py:3508} INFO - Setting next_dagrun for example_subdag_operator.section-1 to None, run_after=None
[2025-09-02T16:18:09.846+0000] {logging_mixin.py:150} INFO - [2025-09-02T16:18:09.846+0000] {dag.py:3508} INFO - Setting next_dagrun for example_subdag_operator.section-2 to None, run_after=None
[2025-09-02T16:18:09.860+0000] {processor.py:179} INFO - Processing /home/airflow/.local/lib/python3.7/site-packages/airflow/example_dags/example_subdag_operator.py took 0.142 seconds
[2025-09-02T16:18:40.209+0000] {processor.py:157} INFO - Started process (PID=720) to work on /home/airflow/.local/lib/python3.7/site-packages/airflow/example_dags/example_subdag_operator.py
[2025-09-02T16:18:40.211+0000] {processor.py:826} INFO - Processing file /home/airflow/.local/lib/python3.7/site-packages/airflow/example_dags/example_subdag_operator.py for tasks to queue
[2025-09-02T16:18:40.212+0000] {logging_mixin.py:150} INFO - [2025-09-02T16:18:40.212+0000] {dagbag.py:541} INFO - Filling up the DagBag from /home/airflow/.local/lib/python3.7/site-packages/airflow/example_dags/example_subdag_operator.py
[2025-09-02T16:18:40.257+0000] {processor.py:836} INFO - DAG(s) dict_keys(['example_subdag_operator.section-1', 'example_subdag_operator.section-2', 'example_subdag_operator']) retrieved from /home/airflow/.local/lib/python3.7/site-packages/airflow/example_dags/example_subdag_operator.py
[2025-09-02T16:18:40.280+0000] {logging_mixin.py:150} INFO - [2025-09-02T16:18:40.279+0000] {dag.py:2742} INFO - Sync 3 DAGs
[2025-09-02T16:18:40.314+0000] {logging_mixin.py:150} INFO - [2025-09-02T16:18:40.313+0000] {dag.py:3508} INFO - Setting next_dagrun for example_subdag_operator to 2022-01-01T00:00:00+00:00, run_after=2022-01-01T00:00:00+00:00
[2025-09-02T16:18:40.320+0000] {logging_mixin.py:150} INFO - [2025-09-02T16:18:40.320+0000] {dag.py:3508} INFO - Setting next_dagrun for example_subdag_operator.section-1 to None, run_after=None
[2025-09-02T16:18:40.322+0000] {logging_mixin.py:150} INFO - [2025-09-02T16:18:40.322+0000] {dag.py:3508} INFO - Setting next_dagrun for example_subdag_operator.section-2 to None, run_after=None
[2025-09-02T16:18:40.332+0000] {logging_mixin.py:150} INFO - [2025-09-02T16:18:40.331+0000] {dag.py:2742} INFO - Sync 2 DAGs
[2025-09-02T16:18:40.340+0000] {logging_mixin.py:150} INFO - [2025-09-02T16:18:40.340+0000] {dag.py:3508} INFO - Setting next_dagrun for example_subdag_operator.section-1 to None, run_after=None
[2025-09-02T16:18:40.340+0000] {logging_mixin.py:150} INFO - [2025-09-02T16:18:40.340+0000] {dag.py:3508} INFO - Setting next_dagrun for example_subdag_operator.section-2 to None, run_after=None
[2025-09-02T16:18:40.355+0000] {processor.py:179} INFO - Processing /home/airflow/.local/lib/python3.7/site-packages/airflow/example_dags/example_subdag_operator.py took 0.152 seconds
[2025-09-02T16:19:10.792+0000] {processor.py:157} INFO - Started process (PID=778) to work on /home/airflow/.local/lib/python3.7/site-packages/airflow/example_dags/example_subdag_operator.py
[2025-09-02T16:19:10.794+0000] {processor.py:826} INFO - Processing file /home/airflow/.local/lib/python3.7/site-packages/airflow/example_dags/example_subdag_operator.py for tasks to queue
[2025-09-02T16:19:10.795+0000] {logging_mixin.py:150} INFO - [2025-09-02T16:19:10.794+0000] {dagbag.py:541} INFO - Filling up the DagBag from /home/airflow/.local/lib/python3.7/site-packages/airflow/example_dags/example_subdag_operator.py
[2025-09-02T16:19:10.852+0000] {processor.py:836} INFO - DAG(s) dict_keys(['example_subdag_operator.section-1', 'example_subdag_operator.section-2', 'example_subdag_operator']) retrieved from /home/airflow/.local/lib/python3.7/site-packages/airflow/example_dags/example_subdag_operator.py
[2025-09-02T16:19:10.880+0000] {logging_mixin.py:150} INFO - [2025-09-02T16:19:10.880+0000] {dag.py:2742} INFO - Sync 3 DAGs
[2025-09-02T16:19:10.919+0000] {logging_mixin.py:150} INFO - [2025-09-02T16:19:10.919+0000] {dag.py:3508} INFO - Setting next_dagrun for example_subdag_operator to 2022-01-01T00:00:00+00:00, run_after=2022-01-01T00:00:00+00:00
[2025-09-02T16:19:10.933+0000] {logging_mixin.py:150} INFO - [2025-09-02T16:19:10.933+0000] {dag.py:3508} INFO - Setting next_dagrun for example_subdag_operator.section-1 to None, run_after=None
[2025-09-02T16:19:10.936+0000] {logging_mixin.py:150} INFO - [2025-09-02T16:19:10.935+0000] {dag.py:3508} INFO - Setting next_dagrun for example_subdag_operator.section-2 to None, run_after=None
[2025-09-02T16:19:10.950+0000] {logging_mixin.py:150} INFO - [2025-09-02T16:19:10.949+0000] {dag.py:2742} INFO - Sync 2 DAGs
[2025-09-02T16:19:10.959+0000] {logging_mixin.py:150} INFO - [2025-09-02T16:19:10.959+0000] {dag.py:3508} INFO - Setting next_dagrun for example_subdag_operator.section-1 to None, run_after=None
[2025-09-02T16:19:10.960+0000] {logging_mixin.py:150} INFO - [2025-09-02T16:19:10.960+0000] {dag.py:3508} INFO - Setting next_dagrun for example_subdag_operator.section-2 to None, run_after=None
[2025-09-02T16:19:10.983+0000] {processor.py:179} INFO - Processing /home/airflow/.local/lib/python3.7/site-packages/airflow/example_dags/example_subdag_operator.py took 0.198 seconds
[2025-09-02T16:19:41.481+0000] {processor.py:157} INFO - Started process (PID=838) to work on /home/airflow/.local/lib/python3.7/site-packages/airflow/example_dags/example_subdag_operator.py
[2025-09-02T16:19:41.482+0000] {processor.py:826} INFO - Processing file /home/airflow/.local/lib/python3.7/site-packages/airflow/example_dags/example_subdag_operator.py for tasks to queue
[2025-09-02T16:19:41.483+0000] {logging_mixin.py:150} INFO - [2025-09-02T16:19:41.483+0000] {dagbag.py:541} INFO - Filling up the DagBag from /home/airflow/.local/lib/python3.7/site-packages/airflow/example_dags/example_subdag_operator.py
[2025-09-02T16:19:41.513+0000] {processor.py:836} INFO - DAG(s) dict_keys(['example_subdag_operator.section-1', 'example_subdag_operator.section-2', 'example_subdag_operator']) retrieved from /home/airflow/.local/lib/python3.7/site-packages/airflow/example_dags/example_subdag_operator.py
[2025-09-02T16:19:41.535+0000] {logging_mixin.py:150} INFO - [2025-09-02T16:19:41.535+0000] {dag.py:2742} INFO - Sync 3 DAGs
[2025-09-02T16:19:41.570+0000] {logging_mixin.py:150} INFO - [2025-09-02T16:19:41.569+0000] {dag.py:3508} INFO - Setting next_dagrun for example_subdag_operator to 2022-01-01T00:00:00+00:00, run_after=2022-01-01T00:00:00+00:00
[2025-09-02T16:19:41.576+0000] {logging_mixin.py:150} INFO - [2025-09-02T16:19:41.576+0000] {dag.py:3508} INFO - Setting next_dagrun for example_subdag_operator.section-1 to None, run_after=None
[2025-09-02T16:19:41.578+0000] {logging_mixin.py:150} INFO - [2025-09-02T16:19:41.578+0000] {dag.py:3508} INFO - Setting next_dagrun for example_subdag_operator.section-2 to None, run_after=None
[2025-09-02T16:19:41.588+0000] {logging_mixin.py:150} INFO - [2025-09-02T16:19:41.588+0000] {dag.py:2742} INFO - Sync 2 DAGs
[2025-09-02T16:19:41.597+0000] {logging_mixin.py:150} INFO - [2025-09-02T16:19:41.596+0000] {dag.py:3508} INFO - Setting next_dagrun for example_subdag_operator.section-1 to None, run_after=None
[2025-09-02T16:19:41.597+0000] {logging_mixin.py:150} INFO - [2025-09-02T16:19:41.597+0000] {dag.py:3508} INFO - Setting next_dagrun for example_subdag_operator.section-2 to None, run_after=None
[2025-09-02T16:19:41.612+0000] {processor.py:179} INFO - Processing /home/airflow/.local/lib/python3.7/site-packages/airflow/example_dags/example_subdag_operator.py took 0.135 seconds
[2025-09-02T16:20:12.363+0000] {processor.py:157} INFO - Started process (PID=898) to work on /home/airflow/.local/lib/python3.7/site-packages/airflow/example_dags/example_subdag_operator.py
[2025-09-02T16:20:12.365+0000] {processor.py:826} INFO - Processing file /home/airflow/.local/lib/python3.7/site-packages/airflow/example_dags/example_subdag_operator.py for tasks to queue
[2025-09-02T16:20:12.366+0000] {logging_mixin.py:150} INFO - [2025-09-02T16:20:12.365+0000] {dagbag.py:541} INFO - Filling up the DagBag from /home/airflow/.local/lib/python3.7/site-packages/airflow/example_dags/example_subdag_operator.py
[2025-09-02T16:20:12.404+0000] {processor.py:836} INFO - DAG(s) dict_keys(['example_subdag_operator.section-1', 'example_subdag_operator.section-2', 'example_subdag_operator']) retrieved from /home/airflow/.local/lib/python3.7/site-packages/airflow/example_dags/example_subdag_operator.py
[2025-09-02T16:20:12.433+0000] {logging_mixin.py:150} INFO - [2025-09-02T16:20:12.432+0000] {dag.py:2742} INFO - Sync 3 DAGs
[2025-09-02T16:20:12.475+0000] {logging_mixin.py:150} INFO - [2025-09-02T16:20:12.475+0000] {dag.py:3508} INFO - Setting next_dagrun for example_subdag_operator to 2022-01-01T00:00:00+00:00, run_after=2022-01-01T00:00:00+00:00
[2025-09-02T16:20:12.482+0000] {logging_mixin.py:150} INFO - [2025-09-02T16:20:12.482+0000] {dag.py:3508} INFO - Setting next_dagrun for example_subdag_operator.section-1 to None, run_after=None
[2025-09-02T16:20:12.485+0000] {logging_mixin.py:150} INFO - [2025-09-02T16:20:12.484+0000] {dag.py:3508} INFO - Setting next_dagrun for example_subdag_operator.section-2 to None, run_after=None
[2025-09-02T16:20:12.496+0000] {logging_mixin.py:150} INFO - [2025-09-02T16:20:12.495+0000] {dag.py:2742} INFO - Sync 2 DAGs
[2025-09-02T16:20:12.507+0000] {logging_mixin.py:150} INFO - [2025-09-02T16:20:12.507+0000] {dag.py:3508} INFO - Setting next_dagrun for example_subdag_operator.section-1 to None, run_after=None
[2025-09-02T16:20:12.507+0000] {logging_mixin.py:150} INFO - [2025-09-02T16:20:12.507+0000] {dag.py:3508} INFO - Setting next_dagrun for example_subdag_operator.section-2 to None, run_after=None
[2025-09-02T16:20:12.524+0000] {processor.py:179} INFO - Processing /home/airflow/.local/lib/python3.7/site-packages/airflow/example_dags/example_subdag_operator.py took 0.165 seconds
[2025-09-02T16:20:43.117+0000] {processor.py:157} INFO - Started process (PID=958) to work on /home/airflow/.local/lib/python3.7/site-packages/airflow/example_dags/example_subdag_operator.py
[2025-09-02T16:20:43.118+0000] {processor.py:826} INFO - Processing file /home/airflow/.local/lib/python3.7/site-packages/airflow/example_dags/example_subdag_operator.py for tasks to queue
[2025-09-02T16:20:43.119+0000] {logging_mixin.py:150} INFO - [2025-09-02T16:20:43.119+0000] {dagbag.py:541} INFO - Filling up the DagBag from /home/airflow/.local/lib/python3.7/site-packages/airflow/example_dags/example_subdag_operator.py
[2025-09-02T16:20:43.153+0000] {processor.py:836} INFO - DAG(s) dict_keys(['example_subdag_operator.section-1', 'example_subdag_operator.section-2', 'example_subdag_operator']) retrieved from /home/airflow/.local/lib/python3.7/site-packages/airflow/example_dags/example_subdag_operator.py
[2025-09-02T16:20:43.175+0000] {logging_mixin.py:150} INFO - [2025-09-02T16:20:43.175+0000] {dag.py:2742} INFO - Sync 3 DAGs
[2025-09-02T16:20:43.213+0000] {logging_mixin.py:150} INFO - [2025-09-02T16:20:43.212+0000] {dag.py:3508} INFO - Setting next_dagrun for example_subdag_operator to 2022-01-01T00:00:00+00:00, run_after=2022-01-01T00:00:00+00:00
[2025-09-02T16:20:43.219+0000] {logging_mixin.py:150} INFO - [2025-09-02T16:20:43.219+0000] {dag.py:3508} INFO - Setting next_dagrun for example_subdag_operator.section-1 to None, run_after=None
[2025-09-02T16:20:43.221+0000] {logging_mixin.py:150} INFO - [2025-09-02T16:20:43.221+0000] {dag.py:3508} INFO - Setting next_dagrun for example_subdag_operator.section-2 to None, run_after=None
[2025-09-02T16:20:43.232+0000] {logging_mixin.py:150} INFO - [2025-09-02T16:20:43.231+0000] {dag.py:2742} INFO - Sync 2 DAGs
[2025-09-02T16:20:43.240+0000] {logging_mixin.py:150} INFO - [2025-09-02T16:20:43.240+0000] {dag.py:3508} INFO - Setting next_dagrun for example_subdag_operator.section-1 to None, run_after=None
[2025-09-02T16:20:43.240+0000] {logging_mixin.py:150} INFO - [2025-09-02T16:20:43.240+0000] {dag.py:3508} INFO - Setting next_dagrun for example_subdag_operator.section-2 to None, run_after=None
[2025-09-02T16:20:43.254+0000] {processor.py:179} INFO - Processing /home/airflow/.local/lib/python3.7/site-packages/airflow/example_dags/example_subdag_operator.py took 0.141 seconds
[2025-09-02T16:21:13.471+0000] {processor.py:157} INFO - Started process (PID=1018) to work on /home/airflow/.local/lib/python3.7/site-packages/airflow/example_dags/example_subdag_operator.py
[2025-09-02T16:21:13.473+0000] {processor.py:826} INFO - Processing file /home/airflow/.local/lib/python3.7/site-packages/airflow/example_dags/example_subdag_operator.py for tasks to queue
[2025-09-02T16:21:13.474+0000] {logging_mixin.py:150} INFO - [2025-09-02T16:21:13.474+0000] {dagbag.py:541} INFO - Filling up the DagBag from /home/airflow/.local/lib/python3.7/site-packages/airflow/example_dags/example_subdag_operator.py
[2025-09-02T16:21:13.509+0000] {processor.py:836} INFO - DAG(s) dict_keys(['example_subdag_operator.section-1', 'example_subdag_operator.section-2', 'example_subdag_operator']) retrieved from /home/airflow/.local/lib/python3.7/site-packages/airflow/example_dags/example_subdag_operator.py
[2025-09-02T16:21:13.534+0000] {logging_mixin.py:150} INFO - [2025-09-02T16:21:13.534+0000] {dag.py:2742} INFO - Sync 3 DAGs
[2025-09-02T16:21:13.573+0000] {logging_mixin.py:150} INFO - [2025-09-02T16:21:13.573+0000] {dag.py:3508} INFO - Setting next_dagrun for example_subdag_operator to 2022-01-01T00:00:00+00:00, run_after=2022-01-01T00:00:00+00:00
[2025-09-02T16:21:13.581+0000] {logging_mixin.py:150} INFO - [2025-09-02T16:21:13.580+0000] {dag.py:3508} INFO - Setting next_dagrun for example_subdag_operator.section-1 to None, run_after=None
[2025-09-02T16:21:13.583+0000] {logging_mixin.py:150} INFO - [2025-09-02T16:21:13.583+0000] {dag.py:3508} INFO - Setting next_dagrun for example_subdag_operator.section-2 to None, run_after=None
[2025-09-02T16:21:13.594+0000] {logging_mixin.py:150} INFO - [2025-09-02T16:21:13.594+0000] {dag.py:2742} INFO - Sync 2 DAGs
[2025-09-02T16:21:13.604+0000] {logging_mixin.py:150} INFO - [2025-09-02T16:21:13.604+0000] {dag.py:3508} INFO - Setting next_dagrun for example_subdag_operator.section-1 to None, run_after=None
[2025-09-02T16:21:13.605+0000] {logging_mixin.py:150} INFO - [2025-09-02T16:21:13.604+0000] {dag.py:3508} INFO - Setting next_dagrun for example_subdag_operator.section-2 to None, run_after=None
[2025-09-02T16:21:13.633+0000] {processor.py:179} INFO - Processing /home/airflow/.local/lib/python3.7/site-packages/airflow/example_dags/example_subdag_operator.py took 0.166 seconds
[2025-09-02T16:21:44.402+0000] {processor.py:157} INFO - Started process (PID=1078) to work on /home/airflow/.local/lib/python3.7/site-packages/airflow/example_dags/example_subdag_operator.py
[2025-09-02T16:21:44.404+0000] {processor.py:826} INFO - Processing file /home/airflow/.local/lib/python3.7/site-packages/airflow/example_dags/example_subdag_operator.py for tasks to queue
[2025-09-02T16:21:44.406+0000] {logging_mixin.py:150} INFO - [2025-09-02T16:21:44.405+0000] {dagbag.py:541} INFO - Filling up the DagBag from /home/airflow/.local/lib/python3.7/site-packages/airflow/example_dags/example_subdag_operator.py
[2025-09-02T16:21:44.442+0000] {processor.py:836} INFO - DAG(s) dict_keys(['example_subdag_operator.section-1', 'example_subdag_operator.section-2', 'example_subdag_operator']) retrieved from /home/airflow/.local/lib/python3.7/site-packages/airflow/example_dags/example_subdag_operator.py
[2025-09-02T16:21:44.468+0000] {logging_mixin.py:150} INFO - [2025-09-02T16:21:44.468+0000] {dag.py:2742} INFO - Sync 3 DAGs
[2025-09-02T16:21:44.504+0000] {logging_mixin.py:150} INFO - [2025-09-02T16:21:44.504+0000] {dag.py:3508} INFO - Setting next_dagrun for example_subdag_operator to 2022-01-01T00:00:00+00:00, run_after=2022-01-01T00:00:00+00:00
[2025-09-02T16:21:44.512+0000] {logging_mixin.py:150} INFO - [2025-09-02T16:21:44.512+0000] {dag.py:3508} INFO - Setting next_dagrun for example_subdag_operator.section-1 to None, run_after=None
[2025-09-02T16:21:44.514+0000] {logging_mixin.py:150} INFO - [2025-09-02T16:21:44.514+0000] {dag.py:3508} INFO - Setting next_dagrun for example_subdag_operator.section-2 to None, run_after=None
[2025-09-02T16:21:44.527+0000] {logging_mixin.py:150} INFO - [2025-09-02T16:21:44.527+0000] {dag.py:2742} INFO - Sync 2 DAGs
[2025-09-02T16:21:44.544+0000] {logging_mixin.py:150} INFO - [2025-09-02T16:21:44.543+0000] {dag.py:3508} INFO - Setting next_dagrun for example_subdag_operator.section-1 to None, run_after=None
[2025-09-02T16:21:44.544+0000] {logging_mixin.py:150} INFO - [2025-09-02T16:21:44.544+0000] {dag.py:3508} INFO - Setting next_dagrun for example_subdag_operator.section-2 to None, run_after=None
[2025-09-02T16:21:44.562+0000] {processor.py:179} INFO - Processing /home/airflow/.local/lib/python3.7/site-packages/airflow/example_dags/example_subdag_operator.py took 0.168 seconds
[2025-09-02T16:22:15.085+0000] {processor.py:157} INFO - Started process (PID=1138) to work on /home/airflow/.local/lib/python3.7/site-packages/airflow/example_dags/example_subdag_operator.py
[2025-09-02T16:22:15.086+0000] {processor.py:826} INFO - Processing file /home/airflow/.local/lib/python3.7/site-packages/airflow/example_dags/example_subdag_operator.py for tasks to queue
[2025-09-02T16:22:15.087+0000] {logging_mixin.py:150} INFO - [2025-09-02T16:22:15.087+0000] {dagbag.py:541} INFO - Filling up the DagBag from /home/airflow/.local/lib/python3.7/site-packages/airflow/example_dags/example_subdag_operator.py
[2025-09-02T16:22:15.124+0000] {processor.py:836} INFO - DAG(s) dict_keys(['example_subdag_operator.section-1', 'example_subdag_operator.section-2', 'example_subdag_operator']) retrieved from /home/airflow/.local/lib/python3.7/site-packages/airflow/example_dags/example_subdag_operator.py
[2025-09-02T16:22:15.149+0000] {logging_mixin.py:150} INFO - [2025-09-02T16:22:15.149+0000] {dag.py:2742} INFO - Sync 3 DAGs
[2025-09-02T16:22:15.187+0000] {logging_mixin.py:150} INFO - [2025-09-02T16:22:15.187+0000] {dag.py:3508} INFO - Setting next_dagrun for example_subdag_operator to 2022-01-01T00:00:00+00:00, run_after=2022-01-01T00:00:00+00:00
[2025-09-02T16:22:15.196+0000] {logging_mixin.py:150} INFO - [2025-09-02T16:22:15.195+0000] {dag.py:3508} INFO - Setting next_dagrun for example_subdag_operator.section-1 to None, run_after=None
[2025-09-02T16:22:15.199+0000] {logging_mixin.py:150} INFO - [2025-09-02T16:22:15.199+0000] {dag.py:3508} INFO - Setting next_dagrun for example_subdag_operator.section-2 to None, run_after=None
[2025-09-02T16:22:15.217+0000] {logging_mixin.py:150} INFO - [2025-09-02T16:22:15.217+0000] {dag.py:2742} INFO - Sync 2 DAGs
[2025-09-02T16:22:15.227+0000] {logging_mixin.py:150} INFO - [2025-09-02T16:22:15.227+0000] {dag.py:3508} INFO - Setting next_dagrun for example_subdag_operator.section-1 to None, run_after=None
[2025-09-02T16:22:15.228+0000] {logging_mixin.py:150} INFO - [2025-09-02T16:22:15.227+0000] {dag.py:3508} INFO - Setting next_dagrun for example_subdag_operator.section-2 to None, run_after=None
[2025-09-02T16:22:15.245+0000] {processor.py:179} INFO - Processing /home/airflow/.local/lib/python3.7/site-packages/airflow/example_dags/example_subdag_operator.py took 0.165 seconds
[2025-09-02T16:22:45.408+0000] {processor.py:157} INFO - Started process (PID=1198) to work on /home/airflow/.local/lib/python3.7/site-packages/airflow/example_dags/example_subdag_operator.py
[2025-09-02T16:22:45.410+0000] {processor.py:826} INFO - Processing file /home/airflow/.local/lib/python3.7/site-packages/airflow/example_dags/example_subdag_operator.py for tasks to queue
[2025-09-02T16:22:45.411+0000] {logging_mixin.py:150} INFO - [2025-09-02T16:22:45.411+0000] {dagbag.py:541} INFO - Filling up the DagBag from /home/airflow/.local/lib/python3.7/site-packages/airflow/example_dags/example_subdag_operator.py
[2025-09-02T16:22:45.448+0000] {processor.py:836} INFO - DAG(s) dict_keys(['example_subdag_operator.section-1', 'example_subdag_operator.section-2', 'example_subdag_operator']) retrieved from /home/airflow/.local/lib/python3.7/site-packages/airflow/example_dags/example_subdag_operator.py
[2025-09-02T16:22:45.474+0000] {logging_mixin.py:150} INFO - [2025-09-02T16:22:45.473+0000] {dag.py:2742} INFO - Sync 3 DAGs
[2025-09-02T16:22:45.516+0000] {logging_mixin.py:150} INFO - [2025-09-02T16:22:45.516+0000] {dag.py:3508} INFO - Setting next_dagrun for example_subdag_operator to 2022-01-01T00:00:00+00:00, run_after=2022-01-01T00:00:00+00:00
[2025-09-02T16:22:45.524+0000] {logging_mixin.py:150} INFO - [2025-09-02T16:22:45.523+0000] {dag.py:3508} INFO - Setting next_dagrun for example_subdag_operator.section-1 to None, run_after=None
[2025-09-02T16:22:45.527+0000] {logging_mixin.py:150} INFO - [2025-09-02T16:22:45.527+0000] {dag.py:3508} INFO - Setting next_dagrun for example_subdag_operator.section-2 to None, run_after=None
[2025-09-02T16:22:45.540+0000] {logging_mixin.py:150} INFO - [2025-09-02T16:22:45.539+0000] {dag.py:2742} INFO - Sync 2 DAGs
[2025-09-02T16:22:45.549+0000] {logging_mixin.py:150} INFO - [2025-09-02T16:22:45.549+0000] {dag.py:3508} INFO - Setting next_dagrun for example_subdag_operator.section-1 to None, run_after=None
[2025-09-02T16:22:45.550+0000] {logging_mixin.py:150} INFO - [2025-09-02T16:22:45.550+0000] {dag.py:3508} INFO - Setting next_dagrun for example_subdag_operator.section-2 to None, run_after=None
[2025-09-02T16:22:45.568+0000] {processor.py:179} INFO - Processing /home/airflow/.local/lib/python3.7/site-packages/airflow/example_dags/example_subdag_operator.py took 0.167 seconds
[2025-09-02T16:23:15.742+0000] {processor.py:157} INFO - Started process (PID=1258) to work on /home/airflow/.local/lib/python3.7/site-packages/airflow/example_dags/example_subdag_operator.py
[2025-09-02T16:23:15.743+0000] {processor.py:826} INFO - Processing file /home/airflow/.local/lib/python3.7/site-packages/airflow/example_dags/example_subdag_operator.py for tasks to queue
[2025-09-02T16:23:15.744+0000] {logging_mixin.py:150} INFO - [2025-09-02T16:23:15.744+0000] {dagbag.py:541} INFO - Filling up the DagBag from /home/airflow/.local/lib/python3.7/site-packages/airflow/example_dags/example_subdag_operator.py
[2025-09-02T16:23:15.787+0000] {processor.py:836} INFO - DAG(s) dict_keys(['example_subdag_operator.section-1', 'example_subdag_operator.section-2', 'example_subdag_operator']) retrieved from /home/airflow/.local/lib/python3.7/site-packages/airflow/example_dags/example_subdag_operator.py
[2025-09-02T16:23:15.812+0000] {logging_mixin.py:150} INFO - [2025-09-02T16:23:15.812+0000] {dag.py:2742} INFO - Sync 3 DAGs
[2025-09-02T16:23:15.849+0000] {logging_mixin.py:150} INFO - [2025-09-02T16:23:15.848+0000] {dag.py:3508} INFO - Setting next_dagrun for example_subdag_operator to 2022-01-01T00:00:00+00:00, run_after=2022-01-01T00:00:00+00:00
[2025-09-02T16:23:15.857+0000] {logging_mixin.py:150} INFO - [2025-09-02T16:23:15.856+0000] {dag.py:3508} INFO - Setting next_dagrun for example_subdag_operator.section-1 to None, run_after=None
[2025-09-02T16:23:15.859+0000] {logging_mixin.py:150} INFO - [2025-09-02T16:23:15.859+0000] {dag.py:3508} INFO - Setting next_dagrun for example_subdag_operator.section-2 to None, run_after=None
[2025-09-02T16:23:15.877+0000] {logging_mixin.py:150} INFO - [2025-09-02T16:23:15.876+0000] {dag.py:2742} INFO - Sync 2 DAGs
[2025-09-02T16:23:15.887+0000] {logging_mixin.py:150} INFO - [2025-09-02T16:23:15.886+0000] {dag.py:3508} INFO - Setting next_dagrun for example_subdag_operator.section-1 to None, run_after=None
[2025-09-02T16:23:15.887+0000] {logging_mixin.py:150} INFO - [2025-09-02T16:23:15.887+0000] {dag.py:3508} INFO - Setting next_dagrun for example_subdag_operator.section-2 to None, run_after=None
[2025-09-02T16:23:15.904+0000] {processor.py:179} INFO - Processing /home/airflow/.local/lib/python3.7/site-packages/airflow/example_dags/example_subdag_operator.py took 0.167 seconds
[2025-09-02T16:23:46.429+0000] {processor.py:157} INFO - Started process (PID=1318) to work on /home/airflow/.local/lib/python3.7/site-packages/airflow/example_dags/example_subdag_operator.py
[2025-09-02T16:23:46.430+0000] {processor.py:826} INFO - Processing file /home/airflow/.local/lib/python3.7/site-packages/airflow/example_dags/example_subdag_operator.py for tasks to queue
[2025-09-02T16:23:46.431+0000] {logging_mixin.py:150} INFO - [2025-09-02T16:23:46.431+0000] {dagbag.py:541} INFO - Filling up the DagBag from /home/airflow/.local/lib/python3.7/site-packages/airflow/example_dags/example_subdag_operator.py
[2025-09-02T16:23:46.474+0000] {processor.py:836} INFO - DAG(s) dict_keys(['example_subdag_operator.section-1', 'example_subdag_operator.section-2', 'example_subdag_operator']) retrieved from /home/airflow/.local/lib/python3.7/site-packages/airflow/example_dags/example_subdag_operator.py
[2025-09-02T16:23:46.500+0000] {logging_mixin.py:150} INFO - [2025-09-02T16:23:46.499+0000] {dag.py:2742} INFO - Sync 3 DAGs
[2025-09-02T16:23:46.536+0000] {logging_mixin.py:150} INFO - [2025-09-02T16:23:46.536+0000] {dag.py:3508} INFO - Setting next_dagrun for example_subdag_operator to 2022-01-01T00:00:00+00:00, run_after=2022-01-01T00:00:00+00:00
[2025-09-02T16:23:46.543+0000] {logging_mixin.py:150} INFO - [2025-09-02T16:23:46.543+0000] {dag.py:3508} INFO - Setting next_dagrun for example_subdag_operator.section-1 to None, run_after=None
[2025-09-02T16:23:46.545+0000] {logging_mixin.py:150} INFO - [2025-09-02T16:23:46.545+0000] {dag.py:3508} INFO - Setting next_dagrun for example_subdag_operator.section-2 to None, run_after=None
[2025-09-02T16:23:46.556+0000] {logging_mixin.py:150} INFO - [2025-09-02T16:23:46.556+0000] {dag.py:2742} INFO - Sync 2 DAGs
[2025-09-02T16:23:46.564+0000] {logging_mixin.py:150} INFO - [2025-09-02T16:23:46.564+0000] {dag.py:3508} INFO - Setting next_dagrun for example_subdag_operator.section-1 to None, run_after=None
[2025-09-02T16:23:46.564+0000] {logging_mixin.py:150} INFO - [2025-09-02T16:23:46.564+0000] {dag.py:3508} INFO - Setting next_dagrun for example_subdag_operator.section-2 to None, run_after=None
[2025-09-02T16:23:46.583+0000] {processor.py:179} INFO - Processing /home/airflow/.local/lib/python3.7/site-packages/airflow/example_dags/example_subdag_operator.py took 0.160 seconds
[2025-09-02T16:24:16.689+0000] {processor.py:157} INFO - Started process (PID=1378) to work on /home/airflow/.local/lib/python3.7/site-packages/airflow/example_dags/example_subdag_operator.py
[2025-09-02T16:24:16.690+0000] {processor.py:826} INFO - Processing file /home/airflow/.local/lib/python3.7/site-packages/airflow/example_dags/example_subdag_operator.py for tasks to queue
[2025-09-02T16:24:16.691+0000] {logging_mixin.py:150} INFO - [2025-09-02T16:24:16.690+0000] {dagbag.py:541} INFO - Filling up the DagBag from /home/airflow/.local/lib/python3.7/site-packages/airflow/example_dags/example_subdag_operator.py
[2025-09-02T16:24:16.733+0000] {processor.py:836} INFO - DAG(s) dict_keys(['example_subdag_operator.section-1', 'example_subdag_operator.section-2', 'example_subdag_operator']) retrieved from /home/airflow/.local/lib/python3.7/site-packages/airflow/example_dags/example_subdag_operator.py
[2025-09-02T16:24:16.762+0000] {logging_mixin.py:150} INFO - [2025-09-02T16:24:16.761+0000] {dag.py:2742} INFO - Sync 3 DAGs
[2025-09-02T16:24:16.856+0000] {logging_mixin.py:150} INFO - [2025-09-02T16:24:16.856+0000] {dag.py:3508} INFO - Setting next_dagrun for example_subdag_operator to 2022-01-01T00:00:00+00:00, run_after=2022-01-01T00:00:00+00:00
[2025-09-02T16:24:16.866+0000] {logging_mixin.py:150} INFO - [2025-09-02T16:24:16.865+0000] {dag.py:3508} INFO - Setting next_dagrun for example_subdag_operator.section-1 to None, run_after=None
[2025-09-02T16:24:16.869+0000] {logging_mixin.py:150} INFO - [2025-09-02T16:24:16.869+0000] {dag.py:3508} INFO - Setting next_dagrun for example_subdag_operator.section-2 to None, run_after=None
[2025-09-02T16:24:16.884+0000] {logging_mixin.py:150} INFO - [2025-09-02T16:24:16.884+0000] {dag.py:2742} INFO - Sync 2 DAGs
[2025-09-02T16:24:16.910+0000] {logging_mixin.py:150} INFO - [2025-09-02T16:24:16.909+0000] {dag.py:3508} INFO - Setting next_dagrun for example_subdag_operator.section-1 to None, run_after=None
[2025-09-02T16:24:16.910+0000] {logging_mixin.py:150} INFO - [2025-09-02T16:24:16.910+0000] {dag.py:3508} INFO - Setting next_dagrun for example_subdag_operator.section-2 to None, run_after=None
[2025-09-02T16:24:16.944+0000] {processor.py:179} INFO - Processing /home/airflow/.local/lib/python3.7/site-packages/airflow/example_dags/example_subdag_operator.py took 0.260 seconds
[2025-09-02T16:26:25.529+0000] {processor.py:157} INFO - Started process (PID=78) to work on /home/airflow/.local/lib/python3.7/site-packages/airflow/example_dags/example_subdag_operator.py
[2025-09-02T16:26:25.540+0000] {processor.py:826} INFO - Processing file /home/airflow/.local/lib/python3.7/site-packages/airflow/example_dags/example_subdag_operator.py for tasks to queue
[2025-09-02T16:26:25.541+0000] {logging_mixin.py:150} INFO - [2025-09-02T16:26:25.541+0000] {dagbag.py:541} INFO - Filling up the DagBag from /home/airflow/.local/lib/python3.7/site-packages/airflow/example_dags/example_subdag_operator.py
[2025-09-02T16:26:25.637+0000] {processor.py:836} INFO - DAG(s) dict_keys(['example_subdag_operator.section-1', 'example_subdag_operator.section-2', 'example_subdag_operator']) retrieved from /home/airflow/.local/lib/python3.7/site-packages/airflow/example_dags/example_subdag_operator.py
[2025-09-02T16:26:25.728+0000] {logging_mixin.py:150} INFO - [2025-09-02T16:26:25.728+0000] {dag.py:2742} INFO - Sync 3 DAGs
[2025-09-02T16:26:25.826+0000] {logging_mixin.py:150} INFO - [2025-09-02T16:26:25.825+0000] {dag.py:3508} INFO - Setting next_dagrun for example_subdag_operator to 2022-01-01T00:00:00+00:00, run_after=2022-01-01T00:00:00+00:00
[2025-09-02T16:26:25.833+0000] {logging_mixin.py:150} INFO - [2025-09-02T16:26:25.833+0000] {dag.py:3508} INFO - Setting next_dagrun for example_subdag_operator.section-1 to None, run_after=None
[2025-09-02T16:26:25.836+0000] {logging_mixin.py:150} INFO - [2025-09-02T16:26:25.835+0000] {dag.py:3508} INFO - Setting next_dagrun for example_subdag_operator.section-2 to None, run_after=None
[2025-09-02T16:26:25.850+0000] {logging_mixin.py:150} INFO - [2025-09-02T16:26:25.850+0000] {dag.py:2742} INFO - Sync 2 DAGs
[2025-09-02T16:26:25.860+0000] {logging_mixin.py:150} INFO - [2025-09-02T16:26:25.860+0000] {dag.py:3508} INFO - Setting next_dagrun for example_subdag_operator.section-1 to None, run_after=None
[2025-09-02T16:26:25.861+0000] {logging_mixin.py:150} INFO - [2025-09-02T16:26:25.860+0000] {dag.py:3508} INFO - Setting next_dagrun for example_subdag_operator.section-2 to None, run_after=None
[2025-09-02T16:26:25.877+0000] {processor.py:179} INFO - Processing /home/airflow/.local/lib/python3.7/site-packages/airflow/example_dags/example_subdag_operator.py took 0.375 seconds
[2025-09-02T16:26:56.702+0000] {processor.py:157} INFO - Started process (PID=138) to work on /home/airflow/.local/lib/python3.7/site-packages/airflow/example_dags/example_subdag_operator.py
[2025-09-02T16:26:56.703+0000] {processor.py:826} INFO - Processing file /home/airflow/.local/lib/python3.7/site-packages/airflow/example_dags/example_subdag_operator.py for tasks to queue
[2025-09-02T16:26:56.703+0000] {logging_mixin.py:150} INFO - [2025-09-02T16:26:56.703+0000] {dagbag.py:541} INFO - Filling up the DagBag from /home/airflow/.local/lib/python3.7/site-packages/airflow/example_dags/example_subdag_operator.py
[2025-09-02T16:26:56.727+0000] {processor.py:836} INFO - DAG(s) dict_keys(['example_subdag_operator.section-1', 'example_subdag_operator.section-2', 'example_subdag_operator']) retrieved from /home/airflow/.local/lib/python3.7/site-packages/airflow/example_dags/example_subdag_operator.py
[2025-09-02T16:26:56.745+0000] {logging_mixin.py:150} INFO - [2025-09-02T16:26:56.745+0000] {dag.py:2742} INFO - Sync 3 DAGs
[2025-09-02T16:26:56.770+0000] {logging_mixin.py:150} INFO - [2025-09-02T16:26:56.770+0000] {dag.py:3508} INFO - Setting next_dagrun for example_subdag_operator to 2022-01-01T00:00:00+00:00, run_after=2022-01-01T00:00:00+00:00
[2025-09-02T16:26:56.776+0000] {logging_mixin.py:150} INFO - [2025-09-02T16:26:56.776+0000] {dag.py:3508} INFO - Setting next_dagrun for example_subdag_operator.section-1 to None, run_after=None
[2025-09-02T16:26:56.778+0000] {logging_mixin.py:150} INFO - [2025-09-02T16:26:56.778+0000] {dag.py:3508} INFO - Setting next_dagrun for example_subdag_operator.section-2 to None, run_after=None
[2025-09-02T16:26:56.788+0000] {logging_mixin.py:150} INFO - [2025-09-02T16:26:56.788+0000] {dag.py:2742} INFO - Sync 2 DAGs
[2025-09-02T16:26:56.795+0000] {logging_mixin.py:150} INFO - [2025-09-02T16:26:56.795+0000] {dag.py:3508} INFO - Setting next_dagrun for example_subdag_operator.section-1 to None, run_after=None
[2025-09-02T16:26:56.795+0000] {logging_mixin.py:150} INFO - [2025-09-02T16:26:56.795+0000] {dag.py:3508} INFO - Setting next_dagrun for example_subdag_operator.section-2 to None, run_after=None
[2025-09-02T16:26:56.810+0000] {processor.py:179} INFO - Processing /home/airflow/.local/lib/python3.7/site-packages/airflow/example_dags/example_subdag_operator.py took 0.111 seconds
[2025-09-02T16:27:27.398+0000] {processor.py:157} INFO - Started process (PID=198) to work on /home/airflow/.local/lib/python3.7/site-packages/airflow/example_dags/example_subdag_operator.py
[2025-09-02T16:27:27.400+0000] {processor.py:826} INFO - Processing file /home/airflow/.local/lib/python3.7/site-packages/airflow/example_dags/example_subdag_operator.py for tasks to queue
[2025-09-02T16:27:27.401+0000] {logging_mixin.py:150} INFO - [2025-09-02T16:27:27.401+0000] {dagbag.py:541} INFO - Filling up the DagBag from /home/airflow/.local/lib/python3.7/site-packages/airflow/example_dags/example_subdag_operator.py
[2025-09-02T16:27:27.445+0000] {processor.py:836} INFO - DAG(s) dict_keys(['example_subdag_operator.section-1', 'example_subdag_operator.section-2', 'example_subdag_operator']) retrieved from /home/airflow/.local/lib/python3.7/site-packages/airflow/example_dags/example_subdag_operator.py
[2025-09-02T16:27:27.484+0000] {logging_mixin.py:150} INFO - [2025-09-02T16:27:27.484+0000] {dag.py:2742} INFO - Sync 3 DAGs
[2025-09-02T16:27:27.525+0000] {logging_mixin.py:150} INFO - [2025-09-02T16:27:27.525+0000] {dag.py:3508} INFO - Setting next_dagrun for example_subdag_operator to 2022-01-01T00:00:00+00:00, run_after=2022-01-01T00:00:00+00:00
[2025-09-02T16:27:27.537+0000] {logging_mixin.py:150} INFO - [2025-09-02T16:27:27.536+0000] {dag.py:3508} INFO - Setting next_dagrun for example_subdag_operator.section-1 to None, run_after=None
[2025-09-02T16:27:27.541+0000] {logging_mixin.py:150} INFO - [2025-09-02T16:27:27.540+0000] {dag.py:3508} INFO - Setting next_dagrun for example_subdag_operator.section-2 to None, run_after=None
[2025-09-02T16:27:27.561+0000] {logging_mixin.py:150} INFO - [2025-09-02T16:27:27.560+0000] {dag.py:2742} INFO - Sync 2 DAGs
[2025-09-02T16:27:27.576+0000] {logging_mixin.py:150} INFO - [2025-09-02T16:27:27.576+0000] {dag.py:3508} INFO - Setting next_dagrun for example_subdag_operator.section-1 to None, run_after=None
[2025-09-02T16:27:27.578+0000] {logging_mixin.py:150} INFO - [2025-09-02T16:27:27.578+0000] {dag.py:3508} INFO - Setting next_dagrun for example_subdag_operator.section-2 to None, run_after=None
[2025-09-02T16:27:27.603+0000] {processor.py:179} INFO - Processing /home/airflow/.local/lib/python3.7/site-packages/airflow/example_dags/example_subdag_operator.py took 0.210 seconds
[2025-09-02T16:27:58.192+0000] {processor.py:157} INFO - Started process (PID=257) to work on /home/airflow/.local/lib/python3.7/site-packages/airflow/example_dags/example_subdag_operator.py
[2025-09-02T16:27:58.194+0000] {processor.py:826} INFO - Processing file /home/airflow/.local/lib/python3.7/site-packages/airflow/example_dags/example_subdag_operator.py for tasks to queue
[2025-09-02T16:27:58.195+0000] {logging_mixin.py:150} INFO - [2025-09-02T16:27:58.195+0000] {dagbag.py:541} INFO - Filling up the DagBag from /home/airflow/.local/lib/python3.7/site-packages/airflow/example_dags/example_subdag_operator.py
[2025-09-02T16:27:58.231+0000] {processor.py:836} INFO - DAG(s) dict_keys(['example_subdag_operator.section-1', 'example_subdag_operator.section-2', 'example_subdag_operator']) retrieved from /home/airflow/.local/lib/python3.7/site-packages/airflow/example_dags/example_subdag_operator.py
[2025-09-02T16:27:58.253+0000] {logging_mixin.py:150} INFO - [2025-09-02T16:27:58.253+0000] {dag.py:2742} INFO - Sync 3 DAGs
[2025-09-02T16:27:58.286+0000] {logging_mixin.py:150} INFO - [2025-09-02T16:27:58.286+0000] {dag.py:3508} INFO - Setting next_dagrun for example_subdag_operator to 2022-01-01T00:00:00+00:00, run_after=2022-01-01T00:00:00+00:00
[2025-09-02T16:27:58.292+0000] {logging_mixin.py:150} INFO - [2025-09-02T16:27:58.292+0000] {dag.py:3508} INFO - Setting next_dagrun for example_subdag_operator.section-1 to None, run_after=None
[2025-09-02T16:27:58.293+0000] {logging_mixin.py:150} INFO - [2025-09-02T16:27:58.293+0000] {dag.py:3508} INFO - Setting next_dagrun for example_subdag_operator.section-2 to None, run_after=None
[2025-09-02T16:27:58.301+0000] {logging_mixin.py:150} INFO - [2025-09-02T16:27:58.301+0000] {dag.py:2742} INFO - Sync 2 DAGs
[2025-09-02T16:27:58.307+0000] {logging_mixin.py:150} INFO - [2025-09-02T16:27:58.307+0000] {dag.py:3508} INFO - Setting next_dagrun for example_subdag_operator.section-1 to None, run_after=None
[2025-09-02T16:27:58.307+0000] {logging_mixin.py:150} INFO - [2025-09-02T16:27:58.307+0000] {dag.py:3508} INFO - Setting next_dagrun for example_subdag_operator.section-2 to None, run_after=None
[2025-09-02T16:27:58.317+0000] {processor.py:179} INFO - Processing /home/airflow/.local/lib/python3.7/site-packages/airflow/example_dags/example_subdag_operator.py took 0.130 seconds
[2025-09-02T16:28:28.439+0000] {processor.py:157} INFO - Started process (PID=316) to work on /home/airflow/.local/lib/python3.7/site-packages/airflow/example_dags/example_subdag_operator.py
[2025-09-02T16:28:28.444+0000] {processor.py:826} INFO - Processing file /home/airflow/.local/lib/python3.7/site-packages/airflow/example_dags/example_subdag_operator.py for tasks to queue
[2025-09-02T16:28:28.447+0000] {logging_mixin.py:150} INFO - [2025-09-02T16:28:28.445+0000] {dagbag.py:541} INFO - Filling up the DagBag from /home/airflow/.local/lib/python3.7/site-packages/airflow/example_dags/example_subdag_operator.py
[2025-09-02T16:28:28.498+0000] {processor.py:836} INFO - DAG(s) dict_keys(['example_subdag_operator.section-1', 'example_subdag_operator.section-2', 'example_subdag_operator']) retrieved from /home/airflow/.local/lib/python3.7/site-packages/airflow/example_dags/example_subdag_operator.py
[2025-09-02T16:28:28.533+0000] {logging_mixin.py:150} INFO - [2025-09-02T16:28:28.533+0000] {dag.py:2742} INFO - Sync 3 DAGs
[2025-09-02T16:28:28.582+0000] {logging_mixin.py:150} INFO - [2025-09-02T16:28:28.581+0000] {dag.py:3508} INFO - Setting next_dagrun for example_subdag_operator to 2022-01-01T00:00:00+00:00, run_after=2022-01-01T00:00:00+00:00
[2025-09-02T16:28:28.589+0000] {logging_mixin.py:150} INFO - [2025-09-02T16:28:28.589+0000] {dag.py:3508} INFO - Setting next_dagrun for example_subdag_operator.section-1 to None, run_after=None
[2025-09-02T16:28:28.592+0000] {logging_mixin.py:150} INFO - [2025-09-02T16:28:28.591+0000] {dag.py:3508} INFO - Setting next_dagrun for example_subdag_operator.section-2 to None, run_after=None
[2025-09-02T16:28:28.612+0000] {logging_mixin.py:150} INFO - [2025-09-02T16:28:28.611+0000] {dag.py:2742} INFO - Sync 2 DAGs
[2025-09-02T16:28:28.623+0000] {logging_mixin.py:150} INFO - [2025-09-02T16:28:28.623+0000] {dag.py:3508} INFO - Setting next_dagrun for example_subdag_operator.section-1 to None, run_after=None
[2025-09-02T16:28:28.624+0000] {logging_mixin.py:150} INFO - [2025-09-02T16:28:28.624+0000] {dag.py:3508} INFO - Setting next_dagrun for example_subdag_operator.section-2 to None, run_after=None
[2025-09-02T16:28:28.643+0000] {processor.py:179} INFO - Processing /home/airflow/.local/lib/python3.7/site-packages/airflow/example_dags/example_subdag_operator.py took 0.214 seconds
[2025-09-02T16:28:58.762+0000] {processor.py:157} INFO - Started process (PID=370) to work on /home/airflow/.local/lib/python3.7/site-packages/airflow/example_dags/example_subdag_operator.py
[2025-09-02T16:28:58.763+0000] {processor.py:826} INFO - Processing file /home/airflow/.local/lib/python3.7/site-packages/airflow/example_dags/example_subdag_operator.py for tasks to queue
[2025-09-02T16:28:58.764+0000] {logging_mixin.py:150} INFO - [2025-09-02T16:28:58.764+0000] {dagbag.py:541} INFO - Filling up the DagBag from /home/airflow/.local/lib/python3.7/site-packages/airflow/example_dags/example_subdag_operator.py
[2025-09-02T16:28:58.806+0000] {processor.py:836} INFO - DAG(s) dict_keys(['example_subdag_operator.section-1', 'example_subdag_operator.section-2', 'example_subdag_operator']) retrieved from /home/airflow/.local/lib/python3.7/site-packages/airflow/example_dags/example_subdag_operator.py
[2025-09-02T16:28:58.839+0000] {logging_mixin.py:150} INFO - [2025-09-02T16:28:58.839+0000] {dag.py:2742} INFO - Sync 3 DAGs
[2025-09-02T16:28:58.877+0000] {logging_mixin.py:150} INFO - [2025-09-02T16:28:58.876+0000] {dag.py:3508} INFO - Setting next_dagrun for example_subdag_operator to 2022-01-01T00:00:00+00:00, run_after=2022-01-01T00:00:00+00:00
[2025-09-02T16:28:58.885+0000] {logging_mixin.py:150} INFO - [2025-09-02T16:28:58.885+0000] {dag.py:3508} INFO - Setting next_dagrun for example_subdag_operator.section-1 to None, run_after=None
[2025-09-02T16:28:58.887+0000] {logging_mixin.py:150} INFO - [2025-09-02T16:28:58.887+0000] {dag.py:3508} INFO - Setting next_dagrun for example_subdag_operator.section-2 to None, run_after=None
[2025-09-02T16:28:58.900+0000] {logging_mixin.py:150} INFO - [2025-09-02T16:28:58.900+0000] {dag.py:2742} INFO - Sync 2 DAGs
[2025-09-02T16:28:58.910+0000] {logging_mixin.py:150} INFO - [2025-09-02T16:28:58.910+0000] {dag.py:3508} INFO - Setting next_dagrun for example_subdag_operator.section-1 to None, run_after=None
[2025-09-02T16:28:58.911+0000] {logging_mixin.py:150} INFO - [2025-09-02T16:28:58.910+0000] {dag.py:3508} INFO - Setting next_dagrun for example_subdag_operator.section-2 to None, run_after=None
[2025-09-02T16:28:58.929+0000] {processor.py:179} INFO - Processing /home/airflow/.local/lib/python3.7/site-packages/airflow/example_dags/example_subdag_operator.py took 0.171 seconds
[2025-09-02T16:29:29.168+0000] {processor.py:157} INFO - Started process (PID=430) to work on /home/airflow/.local/lib/python3.7/site-packages/airflow/example_dags/example_subdag_operator.py
[2025-09-02T16:29:29.169+0000] {processor.py:826} INFO - Processing file /home/airflow/.local/lib/python3.7/site-packages/airflow/example_dags/example_subdag_operator.py for tasks to queue
[2025-09-02T16:29:29.169+0000] {logging_mixin.py:150} INFO - [2025-09-02T16:29:29.169+0000] {dagbag.py:541} INFO - Filling up the DagBag from /home/airflow/.local/lib/python3.7/site-packages/airflow/example_dags/example_subdag_operator.py
[2025-09-02T16:29:29.193+0000] {processor.py:836} INFO - DAG(s) dict_keys(['example_subdag_operator.section-1', 'example_subdag_operator.section-2', 'example_subdag_operator']) retrieved from /home/airflow/.local/lib/python3.7/site-packages/airflow/example_dags/example_subdag_operator.py
[2025-09-02T16:29:29.210+0000] {logging_mixin.py:150} INFO - [2025-09-02T16:29:29.210+0000] {dag.py:2742} INFO - Sync 3 DAGs
[2025-09-02T16:29:29.235+0000] {logging_mixin.py:150} INFO - [2025-09-02T16:29:29.235+0000] {dag.py:3508} INFO - Setting next_dagrun for example_subdag_operator to 2022-01-01T00:00:00+00:00, run_after=2022-01-01T00:00:00+00:00
[2025-09-02T16:29:29.241+0000] {logging_mixin.py:150} INFO - [2025-09-02T16:29:29.241+0000] {dag.py:3508} INFO - Setting next_dagrun for example_subdag_operator.section-1 to None, run_after=None
[2025-09-02T16:29:29.243+0000] {logging_mixin.py:150} INFO - [2025-09-02T16:29:29.242+0000] {dag.py:3508} INFO - Setting next_dagrun for example_subdag_operator.section-2 to None, run_after=None
[2025-09-02T16:29:29.252+0000] {logging_mixin.py:150} INFO - [2025-09-02T16:29:29.252+0000] {dag.py:2742} INFO - Sync 2 DAGs
[2025-09-02T16:29:29.260+0000] {logging_mixin.py:150} INFO - [2025-09-02T16:29:29.259+0000] {dag.py:3508} INFO - Setting next_dagrun for example_subdag_operator.section-1 to None, run_after=None
[2025-09-02T16:29:29.260+0000] {logging_mixin.py:150} INFO - [2025-09-02T16:29:29.260+0000] {dag.py:3508} INFO - Setting next_dagrun for example_subdag_operator.section-2 to None, run_after=None
[2025-09-02T16:29:29.276+0000] {processor.py:179} INFO - Processing /home/airflow/.local/lib/python3.7/site-packages/airflow/example_dags/example_subdag_operator.py took 0.111 seconds
[2025-09-02T16:29:59.944+0000] {processor.py:157} INFO - Started process (PID=491) to work on /home/airflow/.local/lib/python3.7/site-packages/airflow/example_dags/example_subdag_operator.py
[2025-09-02T16:29:59.945+0000] {processor.py:826} INFO - Processing file /home/airflow/.local/lib/python3.7/site-packages/airflow/example_dags/example_subdag_operator.py for tasks to queue
[2025-09-02T16:29:59.946+0000] {logging_mixin.py:150} INFO - [2025-09-02T16:29:59.946+0000] {dagbag.py:541} INFO - Filling up the DagBag from /home/airflow/.local/lib/python3.7/site-packages/airflow/example_dags/example_subdag_operator.py
[2025-09-02T16:29:59.986+0000] {processor.py:836} INFO - DAG(s) dict_keys(['example_subdag_operator.section-1', 'example_subdag_operator.section-2', 'example_subdag_operator']) retrieved from /home/airflow/.local/lib/python3.7/site-packages/airflow/example_dags/example_subdag_operator.py
[2025-09-02T16:30:00.016+0000] {logging_mixin.py:150} INFO - [2025-09-02T16:30:00.016+0000] {dag.py:2742} INFO - Sync 3 DAGs
[2025-09-02T16:30:00.059+0000] {logging_mixin.py:150} INFO - [2025-09-02T16:30:00.059+0000] {dag.py:3508} INFO - Setting next_dagrun for example_subdag_operator to 2022-01-01T00:00:00+00:00, run_after=2022-01-01T00:00:00+00:00
[2025-09-02T16:30:00.070+0000] {logging_mixin.py:150} INFO - [2025-09-02T16:30:00.069+0000] {dag.py:3508} INFO - Setting next_dagrun for example_subdag_operator.section-1 to None, run_after=None
[2025-09-02T16:30:00.073+0000] {logging_mixin.py:150} INFO - [2025-09-02T16:30:00.073+0000] {dag.py:3508} INFO - Setting next_dagrun for example_subdag_operator.section-2 to None, run_after=None
[2025-09-02T16:30:00.091+0000] {logging_mixin.py:150} INFO - [2025-09-02T16:30:00.090+0000] {dag.py:2742} INFO - Sync 2 DAGs
[2025-09-02T16:30:00.101+0000] {logging_mixin.py:150} INFO - [2025-09-02T16:30:00.101+0000] {dag.py:3508} INFO - Setting next_dagrun for example_subdag_operator.section-1 to None, run_after=None
[2025-09-02T16:30:00.102+0000] {logging_mixin.py:150} INFO - [2025-09-02T16:30:00.102+0000] {dag.py:3508} INFO - Setting next_dagrun for example_subdag_operator.section-2 to None, run_after=None
[2025-09-02T16:30:00.120+0000] {processor.py:179} INFO - Processing /home/airflow/.local/lib/python3.7/site-packages/airflow/example_dags/example_subdag_operator.py took 0.181 seconds
[2025-09-02T16:30:30.226+0000] {processor.py:157} INFO - Started process (PID=551) to work on /home/airflow/.local/lib/python3.7/site-packages/airflow/example_dags/example_subdag_operator.py
[2025-09-02T16:30:30.228+0000] {processor.py:826} INFO - Processing file /home/airflow/.local/lib/python3.7/site-packages/airflow/example_dags/example_subdag_operator.py for tasks to queue
[2025-09-02T16:30:30.229+0000] {logging_mixin.py:150} INFO - [2025-09-02T16:30:30.228+0000] {dagbag.py:541} INFO - Filling up the DagBag from /home/airflow/.local/lib/python3.7/site-packages/airflow/example_dags/example_subdag_operator.py
[2025-09-02T16:30:30.261+0000] {processor.py:836} INFO - DAG(s) dict_keys(['example_subdag_operator.section-1', 'example_subdag_operator.section-2', 'example_subdag_operator']) retrieved from /home/airflow/.local/lib/python3.7/site-packages/airflow/example_dags/example_subdag_operator.py
[2025-09-02T16:30:30.286+0000] {logging_mixin.py:150} INFO - [2025-09-02T16:30:30.286+0000] {dag.py:2742} INFO - Sync 3 DAGs
[2025-09-02T16:30:30.318+0000] {logging_mixin.py:150} INFO - [2025-09-02T16:30:30.317+0000] {dag.py:3508} INFO - Setting next_dagrun for example_subdag_operator to 2022-01-01T00:00:00+00:00, run_after=2022-01-01T00:00:00+00:00
[2025-09-02T16:30:30.324+0000] {logging_mixin.py:150} INFO - [2025-09-02T16:30:30.324+0000] {dag.py:3508} INFO - Setting next_dagrun for example_subdag_operator.section-1 to None, run_after=None
[2025-09-02T16:30:30.326+0000] {logging_mixin.py:150} INFO - [2025-09-02T16:30:30.326+0000] {dag.py:3508} INFO - Setting next_dagrun for example_subdag_operator.section-2 to None, run_after=None
[2025-09-02T16:30:30.337+0000] {logging_mixin.py:150} INFO - [2025-09-02T16:30:30.337+0000] {dag.py:2742} INFO - Sync 2 DAGs
[2025-09-02T16:30:30.346+0000] {logging_mixin.py:150} INFO - [2025-09-02T16:30:30.346+0000] {dag.py:3508} INFO - Setting next_dagrun for example_subdag_operator.section-1 to None, run_after=None
[2025-09-02T16:30:30.347+0000] {logging_mixin.py:150} INFO - [2025-09-02T16:30:30.347+0000] {dag.py:3508} INFO - Setting next_dagrun for example_subdag_operator.section-2 to None, run_after=None
[2025-09-02T16:30:30.364+0000] {processor.py:179} INFO - Processing /home/airflow/.local/lib/python3.7/site-packages/airflow/example_dags/example_subdag_operator.py took 0.141 seconds
