[2025-09-02T16:13:05.059+0000] {processor.py:157} INFO - Started process (PID=80) to work on /home/airflow/.local/lib/python3.7/site-packages/airflow/example_dags/example_nested_branch_dag.py
[2025-09-02T16:13:05.060+0000] {processor.py:826} INFO - Processing file /home/airflow/.local/lib/python3.7/site-packages/airflow/example_dags/example_nested_branch_dag.py for tasks to queue
[2025-09-02T16:13:05.061+0000] {logging_mixin.py:150} INFO - [2025-09-02T16:13:05.061+0000] {dagbag.py:541} INFO - Filling up the DagBag from /home/airflow/.local/lib/python3.7/site-packages/airflow/example_dags/example_nested_branch_dag.py
[2025-09-02T16:13:05.076+0000] {processor.py:836} INFO - DAG(s) dict_keys(['example_nested_branch_dag']) retrieved from /home/airflow/.local/lib/python3.7/site-packages/airflow/example_dags/example_nested_branch_dag.py
[2025-09-02T16:13:05.186+0000] {logging_mixin.py:150} INFO - [2025-09-02T16:13:05.186+0000] {manager.py:504} INFO - Created Permission View: can read on DAG:example_nested_branch_dag
[2025-09-02T16:13:05.197+0000] {logging_mixin.py:150} INFO - [2025-09-02T16:13:05.197+0000] {manager.py:504} INFO - Created Permission View: can edit on DAG:example_nested_branch_dag
[2025-09-02T16:13:05.207+0000] {logging_mixin.py:150} INFO - [2025-09-02T16:13:05.207+0000] {manager.py:504} INFO - Created Permission View: can delete on DAG:example_nested_branch_dag
[2025-09-02T16:13:05.234+0000] {logging_mixin.py:150} INFO - [2025-09-02T16:13:05.234+0000] {dag.py:2742} INFO - Sync 1 DAGs
[2025-09-02T16:13:05.246+0000] {logging_mixin.py:150} INFO - [2025-09-02T16:13:05.246+0000] {dag.py:2763} INFO - Creating ORM DAG for example_nested_branch_dag
[2025-09-02T16:13:05.260+0000] {logging_mixin.py:150} INFO - [2025-09-02T16:13:05.259+0000] {dag.py:3508} INFO - Setting next_dagrun for example_nested_branch_dag to 2025-09-01T00:00:00+00:00, run_after=2025-09-02T00:00:00+00:00
[2025-09-02T16:13:05.280+0000] {processor.py:179} INFO - Processing /home/airflow/.local/lib/python3.7/site-packages/airflow/example_dags/example_nested_branch_dag.py took 0.226 seconds
[2025-09-02T16:13:35.843+0000] {processor.py:157} INFO - Started process (PID=140) to work on /home/airflow/.local/lib/python3.7/site-packages/airflow/example_dags/example_nested_branch_dag.py
[2025-09-02T16:13:35.845+0000] {processor.py:826} INFO - Processing file /home/airflow/.local/lib/python3.7/site-packages/airflow/example_dags/example_nested_branch_dag.py for tasks to queue
[2025-09-02T16:13:35.846+0000] {logging_mixin.py:150} INFO - [2025-09-02T16:13:35.845+0000] {dagbag.py:541} INFO - Filling up the DagBag from /home/airflow/.local/lib/python3.7/site-packages/airflow/example_dags/example_nested_branch_dag.py
[2025-09-02T16:13:35.856+0000] {processor.py:836} INFO - DAG(s) dict_keys(['example_nested_branch_dag']) retrieved from /home/airflow/.local/lib/python3.7/site-packages/airflow/example_dags/example_nested_branch_dag.py
[2025-09-02T16:13:35.891+0000] {logging_mixin.py:150} INFO - [2025-09-02T16:13:35.891+0000] {dag.py:2742} INFO - Sync 1 DAGs
[2025-09-02T16:13:35.925+0000] {logging_mixin.py:150} INFO - [2025-09-02T16:13:35.924+0000] {dag.py:3508} INFO - Setting next_dagrun for example_nested_branch_dag to 2025-09-01T00:00:00+00:00, run_after=2025-09-02T00:00:00+00:00
[2025-09-02T16:13:35.953+0000] {processor.py:179} INFO - Processing /home/airflow/.local/lib/python3.7/site-packages/airflow/example_dags/example_nested_branch_dag.py took 0.114 seconds
[2025-09-02T16:14:06.343+0000] {processor.py:157} INFO - Started process (PID=200) to work on /home/airflow/.local/lib/python3.7/site-packages/airflow/example_dags/example_nested_branch_dag.py
[2025-09-02T16:14:06.344+0000] {processor.py:826} INFO - Processing file /home/airflow/.local/lib/python3.7/site-packages/airflow/example_dags/example_nested_branch_dag.py for tasks to queue
[2025-09-02T16:14:06.346+0000] {logging_mixin.py:150} INFO - [2025-09-02T16:14:06.345+0000] {dagbag.py:541} INFO - Filling up the DagBag from /home/airflow/.local/lib/python3.7/site-packages/airflow/example_dags/example_nested_branch_dag.py
[2025-09-02T16:14:06.356+0000] {processor.py:836} INFO - DAG(s) dict_keys(['example_nested_branch_dag']) retrieved from /home/airflow/.local/lib/python3.7/site-packages/airflow/example_dags/example_nested_branch_dag.py
[2025-09-02T16:14:06.380+0000] {logging_mixin.py:150} INFO - [2025-09-02T16:14:06.379+0000] {dag.py:2742} INFO - Sync 1 DAGs
[2025-09-02T16:14:06.408+0000] {logging_mixin.py:150} INFO - [2025-09-02T16:14:06.408+0000] {dag.py:3508} INFO - Setting next_dagrun for example_nested_branch_dag to 2025-09-01T00:00:00+00:00, run_after=2025-09-02T00:00:00+00:00
[2025-09-02T16:14:06.428+0000] {processor.py:179} INFO - Processing /home/airflow/.local/lib/python3.7/site-packages/airflow/example_dags/example_nested_branch_dag.py took 0.091 seconds
[2025-09-02T16:14:37.972+0000] {processor.py:157} INFO - Started process (PID=260) to work on /home/airflow/.local/lib/python3.7/site-packages/airflow/example_dags/example_nested_branch_dag.py
[2025-09-02T16:14:37.973+0000] {processor.py:826} INFO - Processing file /home/airflow/.local/lib/python3.7/site-packages/airflow/example_dags/example_nested_branch_dag.py for tasks to queue
[2025-09-02T16:14:37.974+0000] {logging_mixin.py:150} INFO - [2025-09-02T16:14:37.974+0000] {dagbag.py:541} INFO - Filling up the DagBag from /home/airflow/.local/lib/python3.7/site-packages/airflow/example_dags/example_nested_branch_dag.py
[2025-09-02T16:14:37.990+0000] {processor.py:836} INFO - DAG(s) dict_keys(['example_nested_branch_dag']) retrieved from /home/airflow/.local/lib/python3.7/site-packages/airflow/example_dags/example_nested_branch_dag.py
[2025-09-02T16:14:38.061+0000] {logging_mixin.py:150} INFO - [2025-09-02T16:14:38.061+0000] {dag.py:2742} INFO - Sync 1 DAGs
[2025-09-02T16:14:38.103+0000] {logging_mixin.py:150} INFO - [2025-09-02T16:14:38.103+0000] {dag.py:3508} INFO - Setting next_dagrun for example_nested_branch_dag to 2025-09-01T00:00:00+00:00, run_after=2025-09-02T00:00:00+00:00
[2025-09-02T16:14:38.133+0000] {processor.py:179} INFO - Processing /home/airflow/.local/lib/python3.7/site-packages/airflow/example_dags/example_nested_branch_dag.py took 0.165 seconds
[2025-09-02T16:15:08.537+0000] {processor.py:157} INFO - Started process (PID=320) to work on /home/airflow/.local/lib/python3.7/site-packages/airflow/example_dags/example_nested_branch_dag.py
[2025-09-02T16:15:08.538+0000] {processor.py:826} INFO - Processing file /home/airflow/.local/lib/python3.7/site-packages/airflow/example_dags/example_nested_branch_dag.py for tasks to queue
[2025-09-02T16:15:08.539+0000] {logging_mixin.py:150} INFO - [2025-09-02T16:15:08.539+0000] {dagbag.py:541} INFO - Filling up the DagBag from /home/airflow/.local/lib/python3.7/site-packages/airflow/example_dags/example_nested_branch_dag.py
[2025-09-02T16:15:08.552+0000] {processor.py:836} INFO - DAG(s) dict_keys(['example_nested_branch_dag']) retrieved from /home/airflow/.local/lib/python3.7/site-packages/airflow/example_dags/example_nested_branch_dag.py
[2025-09-02T16:15:08.588+0000] {logging_mixin.py:150} INFO - [2025-09-02T16:15:08.588+0000] {dag.py:2742} INFO - Sync 1 DAGs
[2025-09-02T16:15:08.630+0000] {logging_mixin.py:150} INFO - [2025-09-02T16:15:08.629+0000] {dag.py:3508} INFO - Setting next_dagrun for example_nested_branch_dag to 2025-09-01T00:00:00+00:00, run_after=2025-09-02T00:00:00+00:00
[2025-09-02T16:15:08.661+0000] {processor.py:179} INFO - Processing /home/airflow/.local/lib/python3.7/site-packages/airflow/example_dags/example_nested_branch_dag.py took 0.130 seconds
[2025-09-02T16:15:39.047+0000] {processor.py:157} INFO - Started process (PID=380) to work on /home/airflow/.local/lib/python3.7/site-packages/airflow/example_dags/example_nested_branch_dag.py
[2025-09-02T16:15:39.048+0000] {processor.py:826} INFO - Processing file /home/airflow/.local/lib/python3.7/site-packages/airflow/example_dags/example_nested_branch_dag.py for tasks to queue
[2025-09-02T16:15:39.050+0000] {logging_mixin.py:150} INFO - [2025-09-02T16:15:39.049+0000] {dagbag.py:541} INFO - Filling up the DagBag from /home/airflow/.local/lib/python3.7/site-packages/airflow/example_dags/example_nested_branch_dag.py
[2025-09-02T16:15:39.063+0000] {processor.py:836} INFO - DAG(s) dict_keys(['example_nested_branch_dag']) retrieved from /home/airflow/.local/lib/python3.7/site-packages/airflow/example_dags/example_nested_branch_dag.py
[2025-09-02T16:15:39.096+0000] {logging_mixin.py:150} INFO - [2025-09-02T16:15:39.096+0000] {dag.py:2742} INFO - Sync 1 DAGs
[2025-09-02T16:15:39.139+0000] {logging_mixin.py:150} INFO - [2025-09-02T16:15:39.138+0000] {dag.py:3508} INFO - Setting next_dagrun for example_nested_branch_dag to 2025-09-01T00:00:00+00:00, run_after=2025-09-02T00:00:00+00:00
[2025-09-02T16:15:39.167+0000] {processor.py:179} INFO - Processing /home/airflow/.local/lib/python3.7/site-packages/airflow/example_dags/example_nested_branch_dag.py took 0.126 seconds
[2025-09-02T16:16:10.082+0000] {processor.py:157} INFO - Started process (PID=440) to work on /home/airflow/.local/lib/python3.7/site-packages/airflow/example_dags/example_nested_branch_dag.py
[2025-09-02T16:16:10.083+0000] {processor.py:826} INFO - Processing file /home/airflow/.local/lib/python3.7/site-packages/airflow/example_dags/example_nested_branch_dag.py for tasks to queue
[2025-09-02T16:16:10.083+0000] {logging_mixin.py:150} INFO - [2025-09-02T16:16:10.083+0000] {dagbag.py:541} INFO - Filling up the DagBag from /home/airflow/.local/lib/python3.7/site-packages/airflow/example_dags/example_nested_branch_dag.py
[2025-09-02T16:16:10.095+0000] {processor.py:836} INFO - DAG(s) dict_keys(['example_nested_branch_dag']) retrieved from /home/airflow/.local/lib/python3.7/site-packages/airflow/example_dags/example_nested_branch_dag.py
[2025-09-02T16:16:10.129+0000] {logging_mixin.py:150} INFO - [2025-09-02T16:16:10.128+0000] {dag.py:2742} INFO - Sync 1 DAGs
[2025-09-02T16:16:10.170+0000] {logging_mixin.py:150} INFO - [2025-09-02T16:16:10.170+0000] {dag.py:3508} INFO - Setting next_dagrun for example_nested_branch_dag to 2025-09-01T00:00:00+00:00, run_after=2025-09-02T00:00:00+00:00
[2025-09-02T16:16:10.199+0000] {processor.py:179} INFO - Processing /home/airflow/.local/lib/python3.7/site-packages/airflow/example_dags/example_nested_branch_dag.py took 0.122 seconds
[2025-09-02T16:16:40.795+0000] {processor.py:157} INFO - Started process (PID=500) to work on /home/airflow/.local/lib/python3.7/site-packages/airflow/example_dags/example_nested_branch_dag.py
[2025-09-02T16:16:40.797+0000] {processor.py:826} INFO - Processing file /home/airflow/.local/lib/python3.7/site-packages/airflow/example_dags/example_nested_branch_dag.py for tasks to queue
[2025-09-02T16:16:40.798+0000] {logging_mixin.py:150} INFO - [2025-09-02T16:16:40.798+0000] {dagbag.py:541} INFO - Filling up the DagBag from /home/airflow/.local/lib/python3.7/site-packages/airflow/example_dags/example_nested_branch_dag.py
[2025-09-02T16:16:40.810+0000] {processor.py:836} INFO - DAG(s) dict_keys(['example_nested_branch_dag']) retrieved from /home/airflow/.local/lib/python3.7/site-packages/airflow/example_dags/example_nested_branch_dag.py
[2025-09-02T16:16:40.843+0000] {logging_mixin.py:150} INFO - [2025-09-02T16:16:40.843+0000] {dag.py:2742} INFO - Sync 1 DAGs
[2025-09-02T16:16:40.887+0000] {logging_mixin.py:150} INFO - [2025-09-02T16:16:40.886+0000] {dag.py:3508} INFO - Setting next_dagrun for example_nested_branch_dag to 2025-09-01T00:00:00+00:00, run_after=2025-09-02T00:00:00+00:00
[2025-09-02T16:16:40.915+0000] {processor.py:179} INFO - Processing /home/airflow/.local/lib/python3.7/site-packages/airflow/example_dags/example_nested_branch_dag.py took 0.125 seconds
[2025-09-02T16:17:11.066+0000] {processor.py:157} INFO - Started process (PID=553) to work on /home/airflow/.local/lib/python3.7/site-packages/airflow/example_dags/example_nested_branch_dag.py
[2025-09-02T16:17:11.069+0000] {processor.py:826} INFO - Processing file /home/airflow/.local/lib/python3.7/site-packages/airflow/example_dags/example_nested_branch_dag.py for tasks to queue
[2025-09-02T16:17:11.071+0000] {logging_mixin.py:150} INFO - [2025-09-02T16:17:11.070+0000] {dagbag.py:541} INFO - Filling up the DagBag from /home/airflow/.local/lib/python3.7/site-packages/airflow/example_dags/example_nested_branch_dag.py
[2025-09-02T16:17:11.082+0000] {processor.py:836} INFO - DAG(s) dict_keys(['example_nested_branch_dag']) retrieved from /home/airflow/.local/lib/python3.7/site-packages/airflow/example_dags/example_nested_branch_dag.py
[2025-09-02T16:17:11.114+0000] {logging_mixin.py:150} INFO - [2025-09-02T16:17:11.114+0000] {dag.py:2742} INFO - Sync 1 DAGs
[2025-09-02T16:17:11.148+0000] {logging_mixin.py:150} INFO - [2025-09-02T16:17:11.148+0000] {dag.py:3508} INFO - Setting next_dagrun for example_nested_branch_dag to 2025-09-01T00:00:00+00:00, run_after=2025-09-02T00:00:00+00:00
[2025-09-02T16:17:11.194+0000] {processor.py:179} INFO - Processing /home/airflow/.local/lib/python3.7/site-packages/airflow/example_dags/example_nested_branch_dag.py took 0.132 seconds
[2025-09-02T16:17:41.326+0000] {processor.py:157} INFO - Started process (PID=613) to work on /home/airflow/.local/lib/python3.7/site-packages/airflow/example_dags/example_nested_branch_dag.py
[2025-09-02T16:17:41.327+0000] {processor.py:826} INFO - Processing file /home/airflow/.local/lib/python3.7/site-packages/airflow/example_dags/example_nested_branch_dag.py for tasks to queue
[2025-09-02T16:17:41.328+0000] {logging_mixin.py:150} INFO - [2025-09-02T16:17:41.327+0000] {dagbag.py:541} INFO - Filling up the DagBag from /home/airflow/.local/lib/python3.7/site-packages/airflow/example_dags/example_nested_branch_dag.py
[2025-09-02T16:17:41.339+0000] {processor.py:836} INFO - DAG(s) dict_keys(['example_nested_branch_dag']) retrieved from /home/airflow/.local/lib/python3.7/site-packages/airflow/example_dags/example_nested_branch_dag.py
[2025-09-02T16:17:41.371+0000] {logging_mixin.py:150} INFO - [2025-09-02T16:17:41.370+0000] {dag.py:2742} INFO - Sync 1 DAGs
[2025-09-02T16:17:41.408+0000] {logging_mixin.py:150} INFO - [2025-09-02T16:17:41.408+0000] {dag.py:3508} INFO - Setting next_dagrun for example_nested_branch_dag to 2025-09-01T00:00:00+00:00, run_after=2025-09-02T00:00:00+00:00
[2025-09-02T16:17:41.434+0000] {processor.py:179} INFO - Processing /home/airflow/.local/lib/python3.7/site-packages/airflow/example_dags/example_nested_branch_dag.py took 0.112 seconds
[2025-09-02T16:18:11.763+0000] {processor.py:157} INFO - Started process (PID=673) to work on /home/airflow/.local/lib/python3.7/site-packages/airflow/example_dags/example_nested_branch_dag.py
[2025-09-02T16:18:11.764+0000] {processor.py:826} INFO - Processing file /home/airflow/.local/lib/python3.7/site-packages/airflow/example_dags/example_nested_branch_dag.py for tasks to queue
[2025-09-02T16:18:11.765+0000] {logging_mixin.py:150} INFO - [2025-09-02T16:18:11.765+0000] {dagbag.py:541} INFO - Filling up the DagBag from /home/airflow/.local/lib/python3.7/site-packages/airflow/example_dags/example_nested_branch_dag.py
[2025-09-02T16:18:11.778+0000] {processor.py:836} INFO - DAG(s) dict_keys(['example_nested_branch_dag']) retrieved from /home/airflow/.local/lib/python3.7/site-packages/airflow/example_dags/example_nested_branch_dag.py
[2025-09-02T16:18:11.812+0000] {logging_mixin.py:150} INFO - [2025-09-02T16:18:11.812+0000] {dag.py:2742} INFO - Sync 1 DAGs
[2025-09-02T16:18:11.851+0000] {logging_mixin.py:150} INFO - [2025-09-02T16:18:11.850+0000] {dag.py:3508} INFO - Setting next_dagrun for example_nested_branch_dag to 2025-09-01T00:00:00+00:00, run_after=2025-09-02T00:00:00+00:00
[2025-09-02T16:18:11.888+0000] {processor.py:179} INFO - Processing /home/airflow/.local/lib/python3.7/site-packages/airflow/example_dags/example_nested_branch_dag.py took 0.129 seconds
[2025-09-02T16:18:42.297+0000] {processor.py:157} INFO - Started process (PID=733) to work on /home/airflow/.local/lib/python3.7/site-packages/airflow/example_dags/example_nested_branch_dag.py
[2025-09-02T16:18:42.299+0000] {processor.py:826} INFO - Processing file /home/airflow/.local/lib/python3.7/site-packages/airflow/example_dags/example_nested_branch_dag.py for tasks to queue
[2025-09-02T16:18:42.301+0000] {logging_mixin.py:150} INFO - [2025-09-02T16:18:42.301+0000] {dagbag.py:541} INFO - Filling up the DagBag from /home/airflow/.local/lib/python3.7/site-packages/airflow/example_dags/example_nested_branch_dag.py
[2025-09-02T16:18:42.317+0000] {processor.py:836} INFO - DAG(s) dict_keys(['example_nested_branch_dag']) retrieved from /home/airflow/.local/lib/python3.7/site-packages/airflow/example_dags/example_nested_branch_dag.py
[2025-09-02T16:18:42.367+0000] {logging_mixin.py:150} INFO - [2025-09-02T16:18:42.366+0000] {dag.py:2742} INFO - Sync 1 DAGs
[2025-09-02T16:18:42.407+0000] {logging_mixin.py:150} INFO - [2025-09-02T16:18:42.407+0000] {dag.py:3508} INFO - Setting next_dagrun for example_nested_branch_dag to 2025-09-01T00:00:00+00:00, run_after=2025-09-02T00:00:00+00:00
[2025-09-02T16:18:42.443+0000] {processor.py:179} INFO - Processing /home/airflow/.local/lib/python3.7/site-packages/airflow/example_dags/example_nested_branch_dag.py took 0.156 seconds
[2025-09-02T16:19:13.118+0000] {processor.py:157} INFO - Started process (PID=793) to work on /home/airflow/.local/lib/python3.7/site-packages/airflow/example_dags/example_nested_branch_dag.py
[2025-09-02T16:19:13.119+0000] {processor.py:826} INFO - Processing file /home/airflow/.local/lib/python3.7/site-packages/airflow/example_dags/example_nested_branch_dag.py for tasks to queue
[2025-09-02T16:19:13.120+0000] {logging_mixin.py:150} INFO - [2025-09-02T16:19:13.120+0000] {dagbag.py:541} INFO - Filling up the DagBag from /home/airflow/.local/lib/python3.7/site-packages/airflow/example_dags/example_nested_branch_dag.py
[2025-09-02T16:19:13.129+0000] {processor.py:836} INFO - DAG(s) dict_keys(['example_nested_branch_dag']) retrieved from /home/airflow/.local/lib/python3.7/site-packages/airflow/example_dags/example_nested_branch_dag.py
[2025-09-02T16:19:13.153+0000] {logging_mixin.py:150} INFO - [2025-09-02T16:19:13.153+0000] {dag.py:2742} INFO - Sync 1 DAGs
[2025-09-02T16:19:13.180+0000] {logging_mixin.py:150} INFO - [2025-09-02T16:19:13.179+0000] {dag.py:3508} INFO - Setting next_dagrun for example_nested_branch_dag to 2025-09-01T00:00:00+00:00, run_after=2025-09-02T00:00:00+00:00
[2025-09-02T16:19:13.200+0000] {processor.py:179} INFO - Processing /home/airflow/.local/lib/python3.7/site-packages/airflow/example_dags/example_nested_branch_dag.py took 0.086 seconds
[2025-09-02T16:19:43.784+0000] {processor.py:157} INFO - Started process (PID=853) to work on /home/airflow/.local/lib/python3.7/site-packages/airflow/example_dags/example_nested_branch_dag.py
[2025-09-02T16:19:43.785+0000] {processor.py:826} INFO - Processing file /home/airflow/.local/lib/python3.7/site-packages/airflow/example_dags/example_nested_branch_dag.py for tasks to queue
[2025-09-02T16:19:43.786+0000] {logging_mixin.py:150} INFO - [2025-09-02T16:19:43.785+0000] {dagbag.py:541} INFO - Filling up the DagBag from /home/airflow/.local/lib/python3.7/site-packages/airflow/example_dags/example_nested_branch_dag.py
[2025-09-02T16:19:43.797+0000] {processor.py:836} INFO - DAG(s) dict_keys(['example_nested_branch_dag']) retrieved from /home/airflow/.local/lib/python3.7/site-packages/airflow/example_dags/example_nested_branch_dag.py
[2025-09-02T16:19:43.826+0000] {logging_mixin.py:150} INFO - [2025-09-02T16:19:43.826+0000] {dag.py:2742} INFO - Sync 1 DAGs
[2025-09-02T16:19:43.862+0000] {logging_mixin.py:150} INFO - [2025-09-02T16:19:43.862+0000] {dag.py:3508} INFO - Setting next_dagrun for example_nested_branch_dag to 2025-09-01T00:00:00+00:00, run_after=2025-09-02T00:00:00+00:00
[2025-09-02T16:19:43.888+0000] {processor.py:179} INFO - Processing /home/airflow/.local/lib/python3.7/site-packages/airflow/example_dags/example_nested_branch_dag.py took 0.107 seconds
[2025-09-02T16:20:14.715+0000] {processor.py:157} INFO - Started process (PID=913) to work on /home/airflow/.local/lib/python3.7/site-packages/airflow/example_dags/example_nested_branch_dag.py
[2025-09-02T16:20:14.716+0000] {processor.py:826} INFO - Processing file /home/airflow/.local/lib/python3.7/site-packages/airflow/example_dags/example_nested_branch_dag.py for tasks to queue
[2025-09-02T16:20:14.717+0000] {logging_mixin.py:150} INFO - [2025-09-02T16:20:14.717+0000] {dagbag.py:541} INFO - Filling up the DagBag from /home/airflow/.local/lib/python3.7/site-packages/airflow/example_dags/example_nested_branch_dag.py
[2025-09-02T16:20:14.729+0000] {processor.py:836} INFO - DAG(s) dict_keys(['example_nested_branch_dag']) retrieved from /home/airflow/.local/lib/python3.7/site-packages/airflow/example_dags/example_nested_branch_dag.py
[2025-09-02T16:20:14.761+0000] {logging_mixin.py:150} INFO - [2025-09-02T16:20:14.761+0000] {dag.py:2742} INFO - Sync 1 DAGs
[2025-09-02T16:20:14.801+0000] {logging_mixin.py:150} INFO - [2025-09-02T16:20:14.801+0000] {dag.py:3508} INFO - Setting next_dagrun for example_nested_branch_dag to 2025-09-01T00:00:00+00:00, run_after=2025-09-02T00:00:00+00:00
[2025-09-02T16:20:14.829+0000] {processor.py:179} INFO - Processing /home/airflow/.local/lib/python3.7/site-packages/airflow/example_dags/example_nested_branch_dag.py took 0.118 seconds
[2025-09-02T16:20:45.278+0000] {processor.py:157} INFO - Started process (PID=973) to work on /home/airflow/.local/lib/python3.7/site-packages/airflow/example_dags/example_nested_branch_dag.py
[2025-09-02T16:20:45.279+0000] {processor.py:826} INFO - Processing file /home/airflow/.local/lib/python3.7/site-packages/airflow/example_dags/example_nested_branch_dag.py for tasks to queue
[2025-09-02T16:20:45.280+0000] {logging_mixin.py:150} INFO - [2025-09-02T16:20:45.280+0000] {dagbag.py:541} INFO - Filling up the DagBag from /home/airflow/.local/lib/python3.7/site-packages/airflow/example_dags/example_nested_branch_dag.py
[2025-09-02T16:20:45.291+0000] {processor.py:836} INFO - DAG(s) dict_keys(['example_nested_branch_dag']) retrieved from /home/airflow/.local/lib/python3.7/site-packages/airflow/example_dags/example_nested_branch_dag.py
[2025-09-02T16:20:45.325+0000] {logging_mixin.py:150} INFO - [2025-09-02T16:20:45.325+0000] {dag.py:2742} INFO - Sync 1 DAGs
[2025-09-02T16:20:45.360+0000] {logging_mixin.py:150} INFO - [2025-09-02T16:20:45.360+0000] {dag.py:3508} INFO - Setting next_dagrun for example_nested_branch_dag to 2025-09-01T00:00:00+00:00, run_after=2025-09-02T00:00:00+00:00
[2025-09-02T16:20:45.388+0000] {processor.py:179} INFO - Processing /home/airflow/.local/lib/python3.7/site-packages/airflow/example_dags/example_nested_branch_dag.py took 0.114 seconds
[2025-09-02T16:21:15.879+0000] {processor.py:157} INFO - Started process (PID=1033) to work on /home/airflow/.local/lib/python3.7/site-packages/airflow/example_dags/example_nested_branch_dag.py
[2025-09-02T16:21:15.881+0000] {processor.py:826} INFO - Processing file /home/airflow/.local/lib/python3.7/site-packages/airflow/example_dags/example_nested_branch_dag.py for tasks to queue
[2025-09-02T16:21:15.882+0000] {logging_mixin.py:150} INFO - [2025-09-02T16:21:15.882+0000] {dagbag.py:541} INFO - Filling up the DagBag from /home/airflow/.local/lib/python3.7/site-packages/airflow/example_dags/example_nested_branch_dag.py
[2025-09-02T16:21:15.897+0000] {processor.py:836} INFO - DAG(s) dict_keys(['example_nested_branch_dag']) retrieved from /home/airflow/.local/lib/python3.7/site-packages/airflow/example_dags/example_nested_branch_dag.py
[2025-09-02T16:21:15.936+0000] {logging_mixin.py:150} INFO - [2025-09-02T16:21:15.936+0000] {dag.py:2742} INFO - Sync 1 DAGs
[2025-09-02T16:21:15.977+0000] {logging_mixin.py:150} INFO - [2025-09-02T16:21:15.977+0000] {dag.py:3508} INFO - Setting next_dagrun for example_nested_branch_dag to 2025-09-01T00:00:00+00:00, run_after=2025-09-02T00:00:00+00:00
[2025-09-02T16:21:16.019+0000] {processor.py:179} INFO - Processing /home/airflow/.local/lib/python3.7/site-packages/airflow/example_dags/example_nested_branch_dag.py took 0.147 seconds
[2025-09-02T16:21:46.701+0000] {processor.py:157} INFO - Started process (PID=1093) to work on /home/airflow/.local/lib/python3.7/site-packages/airflow/example_dags/example_nested_branch_dag.py
[2025-09-02T16:21:46.704+0000] {processor.py:826} INFO - Processing file /home/airflow/.local/lib/python3.7/site-packages/airflow/example_dags/example_nested_branch_dag.py for tasks to queue
[2025-09-02T16:21:46.705+0000] {logging_mixin.py:150} INFO - [2025-09-02T16:21:46.705+0000] {dagbag.py:541} INFO - Filling up the DagBag from /home/airflow/.local/lib/python3.7/site-packages/airflow/example_dags/example_nested_branch_dag.py
[2025-09-02T16:21:46.719+0000] {processor.py:836} INFO - DAG(s) dict_keys(['example_nested_branch_dag']) retrieved from /home/airflow/.local/lib/python3.7/site-packages/airflow/example_dags/example_nested_branch_dag.py
[2025-09-02T16:21:46.757+0000] {logging_mixin.py:150} INFO - [2025-09-02T16:21:46.757+0000] {dag.py:2742} INFO - Sync 1 DAGs
[2025-09-02T16:21:46.798+0000] {logging_mixin.py:150} INFO - [2025-09-02T16:21:46.797+0000] {dag.py:3508} INFO - Setting next_dagrun for example_nested_branch_dag to 2025-09-01T00:00:00+00:00, run_after=2025-09-02T00:00:00+00:00
[2025-09-02T16:21:46.841+0000] {processor.py:179} INFO - Processing /home/airflow/.local/lib/python3.7/site-packages/airflow/example_dags/example_nested_branch_dag.py took 0.146 seconds
[2025-09-02T16:22:17.326+0000] {processor.py:157} INFO - Started process (PID=1153) to work on /home/airflow/.local/lib/python3.7/site-packages/airflow/example_dags/example_nested_branch_dag.py
[2025-09-02T16:22:17.327+0000] {processor.py:826} INFO - Processing file /home/airflow/.local/lib/python3.7/site-packages/airflow/example_dags/example_nested_branch_dag.py for tasks to queue
[2025-09-02T16:22:17.328+0000] {logging_mixin.py:150} INFO - [2025-09-02T16:22:17.327+0000] {dagbag.py:541} INFO - Filling up the DagBag from /home/airflow/.local/lib/python3.7/site-packages/airflow/example_dags/example_nested_branch_dag.py
[2025-09-02T16:22:17.339+0000] {processor.py:836} INFO - DAG(s) dict_keys(['example_nested_branch_dag']) retrieved from /home/airflow/.local/lib/python3.7/site-packages/airflow/example_dags/example_nested_branch_dag.py
[2025-09-02T16:22:17.370+0000] {logging_mixin.py:150} INFO - [2025-09-02T16:22:17.370+0000] {dag.py:2742} INFO - Sync 1 DAGs
[2025-09-02T16:22:17.406+0000] {logging_mixin.py:150} INFO - [2025-09-02T16:22:17.405+0000] {dag.py:3508} INFO - Setting next_dagrun for example_nested_branch_dag to 2025-09-01T00:00:00+00:00, run_after=2025-09-02T00:00:00+00:00
[2025-09-02T16:22:17.432+0000] {processor.py:179} INFO - Processing /home/airflow/.local/lib/python3.7/site-packages/airflow/example_dags/example_nested_branch_dag.py took 0.112 seconds
[2025-09-02T16:22:47.814+0000] {processor.py:157} INFO - Started process (PID=1213) to work on /home/airflow/.local/lib/python3.7/site-packages/airflow/example_dags/example_nested_branch_dag.py
[2025-09-02T16:22:47.815+0000] {processor.py:826} INFO - Processing file /home/airflow/.local/lib/python3.7/site-packages/airflow/example_dags/example_nested_branch_dag.py for tasks to queue
[2025-09-02T16:22:47.816+0000] {logging_mixin.py:150} INFO - [2025-09-02T16:22:47.816+0000] {dagbag.py:541} INFO - Filling up the DagBag from /home/airflow/.local/lib/python3.7/site-packages/airflow/example_dags/example_nested_branch_dag.py
[2025-09-02T16:22:47.830+0000] {processor.py:836} INFO - DAG(s) dict_keys(['example_nested_branch_dag']) retrieved from /home/airflow/.local/lib/python3.7/site-packages/airflow/example_dags/example_nested_branch_dag.py
[2025-09-02T16:22:47.867+0000] {logging_mixin.py:150} INFO - [2025-09-02T16:22:47.867+0000] {dag.py:2742} INFO - Sync 1 DAGs
[2025-09-02T16:22:47.911+0000] {logging_mixin.py:150} INFO - [2025-09-02T16:22:47.910+0000] {dag.py:3508} INFO - Setting next_dagrun for example_nested_branch_dag to 2025-09-01T00:00:00+00:00, run_after=2025-09-02T00:00:00+00:00
[2025-09-02T16:22:47.944+0000] {processor.py:179} INFO - Processing /home/airflow/.local/lib/python3.7/site-packages/airflow/example_dags/example_nested_branch_dag.py took 0.135 seconds
[2025-09-02T16:23:18.185+0000] {processor.py:157} INFO - Started process (PID=1273) to work on /home/airflow/.local/lib/python3.7/site-packages/airflow/example_dags/example_nested_branch_dag.py
[2025-09-02T16:23:18.187+0000] {processor.py:826} INFO - Processing file /home/airflow/.local/lib/python3.7/site-packages/airflow/example_dags/example_nested_branch_dag.py for tasks to queue
[2025-09-02T16:23:18.191+0000] {logging_mixin.py:150} INFO - [2025-09-02T16:23:18.189+0000] {dagbag.py:541} INFO - Filling up the DagBag from /home/airflow/.local/lib/python3.7/site-packages/airflow/example_dags/example_nested_branch_dag.py
[2025-09-02T16:23:18.213+0000] {processor.py:836} INFO - DAG(s) dict_keys(['example_nested_branch_dag']) retrieved from /home/airflow/.local/lib/python3.7/site-packages/airflow/example_dags/example_nested_branch_dag.py
[2025-09-02T16:23:18.278+0000] {logging_mixin.py:150} INFO - [2025-09-02T16:23:18.277+0000] {dag.py:2742} INFO - Sync 1 DAGs
[2025-09-02T16:23:18.327+0000] {logging_mixin.py:150} INFO - [2025-09-02T16:23:18.327+0000] {dag.py:3508} INFO - Setting next_dagrun for example_nested_branch_dag to 2025-09-01T00:00:00+00:00, run_after=2025-09-02T00:00:00+00:00
[2025-09-02T16:23:18.371+0000] {processor.py:179} INFO - Processing /home/airflow/.local/lib/python3.7/site-packages/airflow/example_dags/example_nested_branch_dag.py took 0.193 seconds
[2025-09-02T16:23:48.686+0000] {processor.py:157} INFO - Started process (PID=1333) to work on /home/airflow/.local/lib/python3.7/site-packages/airflow/example_dags/example_nested_branch_dag.py
[2025-09-02T16:23:48.687+0000] {processor.py:826} INFO - Processing file /home/airflow/.local/lib/python3.7/site-packages/airflow/example_dags/example_nested_branch_dag.py for tasks to queue
[2025-09-02T16:23:48.689+0000] {logging_mixin.py:150} INFO - [2025-09-02T16:23:48.688+0000] {dagbag.py:541} INFO - Filling up the DagBag from /home/airflow/.local/lib/python3.7/site-packages/airflow/example_dags/example_nested_branch_dag.py
[2025-09-02T16:23:48.702+0000] {processor.py:836} INFO - DAG(s) dict_keys(['example_nested_branch_dag']) retrieved from /home/airflow/.local/lib/python3.7/site-packages/airflow/example_dags/example_nested_branch_dag.py
[2025-09-02T16:23:48.732+0000] {logging_mixin.py:150} INFO - [2025-09-02T16:23:48.732+0000] {dag.py:2742} INFO - Sync 1 DAGs
[2025-09-02T16:23:48.769+0000] {logging_mixin.py:150} INFO - [2025-09-02T16:23:48.769+0000] {dag.py:3508} INFO - Setting next_dagrun for example_nested_branch_dag to 2025-09-01T00:00:00+00:00, run_after=2025-09-02T00:00:00+00:00
[2025-09-02T16:23:48.795+0000] {processor.py:179} INFO - Processing /home/airflow/.local/lib/python3.7/site-packages/airflow/example_dags/example_nested_branch_dag.py took 0.113 seconds
[2025-09-02T16:24:19.198+0000] {processor.py:157} INFO - Started process (PID=1393) to work on /home/airflow/.local/lib/python3.7/site-packages/airflow/example_dags/example_nested_branch_dag.py
[2025-09-02T16:24:19.199+0000] {processor.py:826} INFO - Processing file /home/airflow/.local/lib/python3.7/site-packages/airflow/example_dags/example_nested_branch_dag.py for tasks to queue
[2025-09-02T16:24:19.201+0000] {logging_mixin.py:150} INFO - [2025-09-02T16:24:19.200+0000] {dagbag.py:541} INFO - Filling up the DagBag from /home/airflow/.local/lib/python3.7/site-packages/airflow/example_dags/example_nested_branch_dag.py
[2025-09-02T16:24:19.216+0000] {processor.py:836} INFO - DAG(s) dict_keys(['example_nested_branch_dag']) retrieved from /home/airflow/.local/lib/python3.7/site-packages/airflow/example_dags/example_nested_branch_dag.py
[2025-09-02T16:24:19.273+0000] {logging_mixin.py:150} INFO - [2025-09-02T16:24:19.272+0000] {dag.py:2742} INFO - Sync 1 DAGs
[2025-09-02T16:24:19.317+0000] {logging_mixin.py:150} INFO - [2025-09-02T16:24:19.316+0000] {dag.py:3508} INFO - Setting next_dagrun for example_nested_branch_dag to 2025-09-01T00:00:00+00:00, run_after=2025-09-02T00:00:00+00:00
[2025-09-02T16:24:19.349+0000] {processor.py:179} INFO - Processing /home/airflow/.local/lib/python3.7/site-packages/airflow/example_dags/example_nested_branch_dag.py took 0.157 seconds
[2025-09-02T16:26:34.451+0000] {processor.py:157} INFO - Started process (PID=94) to work on /home/airflow/.local/lib/python3.7/site-packages/airflow/example_dags/example_nested_branch_dag.py
[2025-09-02T16:26:34.452+0000] {processor.py:826} INFO - Processing file /home/airflow/.local/lib/python3.7/site-packages/airflow/example_dags/example_nested_branch_dag.py for tasks to queue
[2025-09-02T16:26:34.453+0000] {logging_mixin.py:150} INFO - [2025-09-02T16:26:34.453+0000] {dagbag.py:541} INFO - Filling up the DagBag from /home/airflow/.local/lib/python3.7/site-packages/airflow/example_dags/example_nested_branch_dag.py
[2025-09-02T16:26:34.468+0000] {processor.py:836} INFO - DAG(s) dict_keys(['example_nested_branch_dag']) retrieved from /home/airflow/.local/lib/python3.7/site-packages/airflow/example_dags/example_nested_branch_dag.py
[2025-09-02T16:26:34.602+0000] {logging_mixin.py:150} INFO - [2025-09-02T16:26:34.601+0000] {dag.py:2742} INFO - Sync 1 DAGs
[2025-09-02T16:26:34.891+0000] {logging_mixin.py:150} INFO - [2025-09-02T16:26:34.890+0000] {dag.py:3508} INFO - Setting next_dagrun for example_nested_branch_dag to 2025-09-01T00:00:00+00:00, run_after=2025-09-02T00:00:00+00:00
[2025-09-02T16:26:34.964+0000] {processor.py:179} INFO - Processing /home/airflow/.local/lib/python3.7/site-packages/airflow/example_dags/example_nested_branch_dag.py took 0.518 seconds
[2025-09-02T16:27:05.761+0000] {processor.py:157} INFO - Started process (PID=154) to work on /home/airflow/.local/lib/python3.7/site-packages/airflow/example_dags/example_nested_branch_dag.py
[2025-09-02T16:27:05.762+0000] {processor.py:826} INFO - Processing file /home/airflow/.local/lib/python3.7/site-packages/airflow/example_dags/example_nested_branch_dag.py for tasks to queue
[2025-09-02T16:27:05.763+0000] {logging_mixin.py:150} INFO - [2025-09-02T16:27:05.762+0000] {dagbag.py:541} INFO - Filling up the DagBag from /home/airflow/.local/lib/python3.7/site-packages/airflow/example_dags/example_nested_branch_dag.py
[2025-09-02T16:27:05.780+0000] {processor.py:836} INFO - DAG(s) dict_keys(['example_nested_branch_dag']) retrieved from /home/airflow/.local/lib/python3.7/site-packages/airflow/example_dags/example_nested_branch_dag.py
[2025-09-02T16:27:05.838+0000] {logging_mixin.py:150} INFO - [2025-09-02T16:27:05.838+0000] {dag.py:2742} INFO - Sync 1 DAGs
[2025-09-02T16:27:05.884+0000] {logging_mixin.py:150} INFO - [2025-09-02T16:27:05.884+0000] {dag.py:3508} INFO - Setting next_dagrun for example_nested_branch_dag to 2025-09-01T00:00:00+00:00, run_after=2025-09-02T00:00:00+00:00
[2025-09-02T16:27:05.928+0000] {processor.py:179} INFO - Processing /home/airflow/.local/lib/python3.7/site-packages/airflow/example_dags/example_nested_branch_dag.py took 0.174 seconds
[2025-09-02T16:27:36.519+0000] {processor.py:157} INFO - Started process (PID=213) to work on /home/airflow/.local/lib/python3.7/site-packages/airflow/example_dags/example_nested_branch_dag.py
[2025-09-02T16:27:36.523+0000] {processor.py:826} INFO - Processing file /home/airflow/.local/lib/python3.7/site-packages/airflow/example_dags/example_nested_branch_dag.py for tasks to queue
[2025-09-02T16:27:36.525+0000] {logging_mixin.py:150} INFO - [2025-09-02T16:27:36.525+0000] {dagbag.py:541} INFO - Filling up the DagBag from /home/airflow/.local/lib/python3.7/site-packages/airflow/example_dags/example_nested_branch_dag.py
[2025-09-02T16:27:36.540+0000] {processor.py:836} INFO - DAG(s) dict_keys(['example_nested_branch_dag']) retrieved from /home/airflow/.local/lib/python3.7/site-packages/airflow/example_dags/example_nested_branch_dag.py
[2025-09-02T16:27:36.578+0000] {logging_mixin.py:150} INFO - [2025-09-02T16:27:36.578+0000] {dag.py:2742} INFO - Sync 1 DAGs
[2025-09-02T16:27:36.621+0000] {logging_mixin.py:150} INFO - [2025-09-02T16:27:36.621+0000] {dag.py:3508} INFO - Setting next_dagrun for example_nested_branch_dag to 2025-09-01T00:00:00+00:00, run_after=2025-09-02T00:00:00+00:00
[2025-09-02T16:27:36.652+0000] {processor.py:179} INFO - Processing /home/airflow/.local/lib/python3.7/site-packages/airflow/example_dags/example_nested_branch_dag.py took 0.137 seconds
[2025-09-02T16:28:07.138+0000] {processor.py:157} INFO - Started process (PID=272) to work on /home/airflow/.local/lib/python3.7/site-packages/airflow/example_dags/example_nested_branch_dag.py
[2025-09-02T16:28:07.140+0000] {processor.py:826} INFO - Processing file /home/airflow/.local/lib/python3.7/site-packages/airflow/example_dags/example_nested_branch_dag.py for tasks to queue
[2025-09-02T16:28:07.142+0000] {logging_mixin.py:150} INFO - [2025-09-02T16:28:07.141+0000] {dagbag.py:541} INFO - Filling up the DagBag from /home/airflow/.local/lib/python3.7/site-packages/airflow/example_dags/example_nested_branch_dag.py
[2025-09-02T16:28:07.154+0000] {processor.py:836} INFO - DAG(s) dict_keys(['example_nested_branch_dag']) retrieved from /home/airflow/.local/lib/python3.7/site-packages/airflow/example_dags/example_nested_branch_dag.py
[2025-09-02T16:28:07.188+0000] {logging_mixin.py:150} INFO - [2025-09-02T16:28:07.188+0000] {dag.py:2742} INFO - Sync 1 DAGs
[2025-09-02T16:28:07.226+0000] {logging_mixin.py:150} INFO - [2025-09-02T16:28:07.226+0000] {dag.py:3508} INFO - Setting next_dagrun for example_nested_branch_dag to 2025-09-01T00:00:00+00:00, run_after=2025-09-02T00:00:00+00:00
[2025-09-02T16:28:07.255+0000] {processor.py:179} INFO - Processing /home/airflow/.local/lib/python3.7/site-packages/airflow/example_dags/example_nested_branch_dag.py took 0.120 seconds
[2025-09-02T16:28:37.478+0000] {processor.py:157} INFO - Started process (PID=332) to work on /home/airflow/.local/lib/python3.7/site-packages/airflow/example_dags/example_nested_branch_dag.py
[2025-09-02T16:28:37.479+0000] {processor.py:826} INFO - Processing file /home/airflow/.local/lib/python3.7/site-packages/airflow/example_dags/example_nested_branch_dag.py for tasks to queue
[2025-09-02T16:28:37.481+0000] {logging_mixin.py:150} INFO - [2025-09-02T16:28:37.480+0000] {dagbag.py:541} INFO - Filling up the DagBag from /home/airflow/.local/lib/python3.7/site-packages/airflow/example_dags/example_nested_branch_dag.py
[2025-09-02T16:28:37.496+0000] {processor.py:836} INFO - DAG(s) dict_keys(['example_nested_branch_dag']) retrieved from /home/airflow/.local/lib/python3.7/site-packages/airflow/example_dags/example_nested_branch_dag.py
[2025-09-02T16:28:37.540+0000] {logging_mixin.py:150} INFO - [2025-09-02T16:28:37.539+0000] {dag.py:2742} INFO - Sync 1 DAGs
[2025-09-02T16:28:37.586+0000] {logging_mixin.py:150} INFO - [2025-09-02T16:28:37.586+0000] {dag.py:3508} INFO - Setting next_dagrun for example_nested_branch_dag to 2025-09-01T00:00:00+00:00, run_after=2025-09-02T00:00:00+00:00
[2025-09-02T16:28:37.622+0000] {processor.py:179} INFO - Processing /home/airflow/.local/lib/python3.7/site-packages/airflow/example_dags/example_nested_branch_dag.py took 0.148 seconds
[2025-09-02T16:29:08.144+0000] {processor.py:157} INFO - Started process (PID=392) to work on /home/airflow/.local/lib/python3.7/site-packages/airflow/example_dags/example_nested_branch_dag.py
[2025-09-02T16:29:08.145+0000] {processor.py:826} INFO - Processing file /home/airflow/.local/lib/python3.7/site-packages/airflow/example_dags/example_nested_branch_dag.py for tasks to queue
[2025-09-02T16:29:08.147+0000] {logging_mixin.py:150} INFO - [2025-09-02T16:29:08.146+0000] {dagbag.py:541} INFO - Filling up the DagBag from /home/airflow/.local/lib/python3.7/site-packages/airflow/example_dags/example_nested_branch_dag.py
[2025-09-02T16:29:08.161+0000] {processor.py:836} INFO - DAG(s) dict_keys(['example_nested_branch_dag']) retrieved from /home/airflow/.local/lib/python3.7/site-packages/airflow/example_dags/example_nested_branch_dag.py
[2025-09-02T16:29:08.201+0000] {logging_mixin.py:150} INFO - [2025-09-02T16:29:08.201+0000] {dag.py:2742} INFO - Sync 1 DAGs
[2025-09-02T16:29:08.245+0000] {logging_mixin.py:150} INFO - [2025-09-02T16:29:08.244+0000] {dag.py:3508} INFO - Setting next_dagrun for example_nested_branch_dag to 2025-09-01T00:00:00+00:00, run_after=2025-09-02T00:00:00+00:00
[2025-09-02T16:29:08.289+0000] {processor.py:179} INFO - Processing /home/airflow/.local/lib/python3.7/site-packages/airflow/example_dags/example_nested_branch_dag.py took 0.150 seconds
[2025-09-02T16:29:38.527+0000] {processor.py:157} INFO - Started process (PID=452) to work on /home/airflow/.local/lib/python3.7/site-packages/airflow/example_dags/example_nested_branch_dag.py
[2025-09-02T16:29:38.529+0000] {processor.py:826} INFO - Processing file /home/airflow/.local/lib/python3.7/site-packages/airflow/example_dags/example_nested_branch_dag.py for tasks to queue
[2025-09-02T16:29:38.531+0000] {logging_mixin.py:150} INFO - [2025-09-02T16:29:38.530+0000] {dagbag.py:541} INFO - Filling up the DagBag from /home/airflow/.local/lib/python3.7/site-packages/airflow/example_dags/example_nested_branch_dag.py
[2025-09-02T16:29:38.546+0000] {processor.py:836} INFO - DAG(s) dict_keys(['example_nested_branch_dag']) retrieved from /home/airflow/.local/lib/python3.7/site-packages/airflow/example_dags/example_nested_branch_dag.py
[2025-09-02T16:29:38.584+0000] {logging_mixin.py:150} INFO - [2025-09-02T16:29:38.583+0000] {dag.py:2742} INFO - Sync 1 DAGs
[2025-09-02T16:29:38.625+0000] {logging_mixin.py:150} INFO - [2025-09-02T16:29:38.624+0000] {dag.py:3508} INFO - Setting next_dagrun for example_nested_branch_dag to 2025-09-01T00:00:00+00:00, run_after=2025-09-02T00:00:00+00:00
[2025-09-02T16:29:38.655+0000] {processor.py:179} INFO - Processing /home/airflow/.local/lib/python3.7/site-packages/airflow/example_dags/example_nested_branch_dag.py took 0.134 seconds
[2025-09-02T16:30:09.429+0000] {processor.py:157} INFO - Started process (PID=513) to work on /home/airflow/.local/lib/python3.7/site-packages/airflow/example_dags/example_nested_branch_dag.py
[2025-09-02T16:30:09.432+0000] {processor.py:826} INFO - Processing file /home/airflow/.local/lib/python3.7/site-packages/airflow/example_dags/example_nested_branch_dag.py for tasks to queue
[2025-09-02T16:30:09.437+0000] {logging_mixin.py:150} INFO - [2025-09-02T16:30:09.433+0000] {dagbag.py:541} INFO - Filling up the DagBag from /home/airflow/.local/lib/python3.7/site-packages/airflow/example_dags/example_nested_branch_dag.py
[2025-09-02T16:30:09.484+0000] {processor.py:836} INFO - DAG(s) dict_keys(['example_nested_branch_dag']) retrieved from /home/airflow/.local/lib/python3.7/site-packages/airflow/example_dags/example_nested_branch_dag.py
[2025-09-02T16:30:10.195+0000] {logging_mixin.py:150} INFO - [2025-09-02T16:30:10.181+0000] {dag.py:2742} INFO - Sync 1 DAGs
[2025-09-02T16:30:10.243+0000] {logging_mixin.py:150} INFO - [2025-09-02T16:30:10.243+0000] {dag.py:3508} INFO - Setting next_dagrun for example_nested_branch_dag to 2025-09-01T00:00:00+00:00, run_after=2025-09-02T00:00:00+00:00
[2025-09-02T16:30:10.293+0000] {processor.py:179} INFO - Processing /home/airflow/.local/lib/python3.7/site-packages/airflow/example_dags/example_nested_branch_dag.py took 0.876 seconds
