[2025-09-02T16:13:03.735+0000] {processor.py:157} INFO - Started process (PID=64) to work on /home/airflow/.local/lib/python3.7/site-packages/airflow/example_dags/example_short_circuit_operator.py
[2025-09-02T16:13:03.736+0000] {processor.py:826} INFO - Processing file /home/airflow/.local/lib/python3.7/site-packages/airflow/example_dags/example_short_circuit_operator.py for tasks to queue
[2025-09-02T16:13:03.736+0000] {logging_mixin.py:150} INFO - [2025-09-02T16:13:03.736+0000] {dagbag.py:541} INFO - Filling up the DagBag from /home/airflow/.local/lib/python3.7/site-packages/airflow/example_dags/example_short_circuit_operator.py
[2025-09-02T16:13:03.743+0000] {processor.py:836} INFO - DAG(s) dict_keys(['example_short_circuit_operator']) retrieved from /home/airflow/.local/lib/python3.7/site-packages/airflow/example_dags/example_short_circuit_operator.py
[2025-09-02T16:13:03.832+0000] {logging_mixin.py:150} INFO - [2025-09-02T16:13:03.832+0000] {manager.py:504} INFO - Created Permission View: can read on DAG:example_short_circuit_operator
[2025-09-02T16:13:03.841+0000] {logging_mixin.py:150} INFO - [2025-09-02T16:13:03.841+0000] {manager.py:504} INFO - Created Permission View: can edit on DAG:example_short_circuit_operator
[2025-09-02T16:13:03.847+0000] {logging_mixin.py:150} INFO - [2025-09-02T16:13:03.847+0000] {manager.py:504} INFO - Created Permission View: can delete on DAG:example_short_circuit_operator
[2025-09-02T16:13:03.863+0000] {logging_mixin.py:150} INFO - [2025-09-02T16:13:03.863+0000] {dag.py:2742} INFO - Sync 1 DAGs
[2025-09-02T16:13:03.875+0000] {logging_mixin.py:150} INFO - [2025-09-02T16:13:03.875+0000] {dag.py:2763} INFO - Creating ORM DAG for example_short_circuit_operator
[2025-09-02T16:13:03.887+0000] {logging_mixin.py:150} INFO - [2025-09-02T16:13:03.886+0000] {dag.py:3508} INFO - Setting next_dagrun for example_short_circuit_operator to 2025-09-01T16:13:03.886555+00:00, run_after=2025-09-02T16:13:03.886555+00:00
[2025-09-02T16:13:03.906+0000] {processor.py:179} INFO - Processing /home/airflow/.local/lib/python3.7/site-packages/airflow/example_dags/example_short_circuit_operator.py took 0.174 seconds
[2025-09-02T16:13:34.171+0000] {processor.py:157} INFO - Started process (PID=124) to work on /home/airflow/.local/lib/python3.7/site-packages/airflow/example_dags/example_short_circuit_operator.py
[2025-09-02T16:13:34.172+0000] {processor.py:826} INFO - Processing file /home/airflow/.local/lib/python3.7/site-packages/airflow/example_dags/example_short_circuit_operator.py for tasks to queue
[2025-09-02T16:13:34.172+0000] {logging_mixin.py:150} INFO - [2025-09-02T16:13:34.172+0000] {dagbag.py:541} INFO - Filling up the DagBag from /home/airflow/.local/lib/python3.7/site-packages/airflow/example_dags/example_short_circuit_operator.py
[2025-09-02T16:13:34.182+0000] {processor.py:836} INFO - DAG(s) dict_keys(['example_short_circuit_operator']) retrieved from /home/airflow/.local/lib/python3.7/site-packages/airflow/example_dags/example_short_circuit_operator.py
[2025-09-02T16:13:34.215+0000] {logging_mixin.py:150} INFO - [2025-09-02T16:13:34.215+0000] {dag.py:2742} INFO - Sync 1 DAGs
[2025-09-02T16:13:34.250+0000] {logging_mixin.py:150} INFO - [2025-09-02T16:13:34.250+0000] {dag.py:3508} INFO - Setting next_dagrun for example_short_circuit_operator to 2025-09-01T16:13:34.250370+00:00, run_after=2025-09-02T16:13:34.250370+00:00
[2025-09-02T16:13:34.280+0000] {processor.py:179} INFO - Processing /home/airflow/.local/lib/python3.7/site-packages/airflow/example_dags/example_short_circuit_operator.py took 0.113 seconds
[2025-09-02T16:14:05.699+0000] {processor.py:157} INFO - Started process (PID=192) to work on /home/airflow/.local/lib/python3.7/site-packages/airflow/example_dags/example_short_circuit_operator.py
[2025-09-02T16:14:05.701+0000] {processor.py:826} INFO - Processing file /home/airflow/.local/lib/python3.7/site-packages/airflow/example_dags/example_short_circuit_operator.py for tasks to queue
[2025-09-02T16:14:05.702+0000] {logging_mixin.py:150} INFO - [2025-09-02T16:14:05.701+0000] {dagbag.py:541} INFO - Filling up the DagBag from /home/airflow/.local/lib/python3.7/site-packages/airflow/example_dags/example_short_circuit_operator.py
[2025-09-02T16:14:05.713+0000] {processor.py:836} INFO - DAG(s) dict_keys(['example_short_circuit_operator']) retrieved from /home/airflow/.local/lib/python3.7/site-packages/airflow/example_dags/example_short_circuit_operator.py
[2025-09-02T16:14:05.753+0000] {logging_mixin.py:150} INFO - [2025-09-02T16:14:05.753+0000] {dag.py:2742} INFO - Sync 1 DAGs
[2025-09-02T16:14:05.787+0000] {logging_mixin.py:150} INFO - [2025-09-02T16:14:05.787+0000] {dag.py:3508} INFO - Setting next_dagrun for example_short_circuit_operator to 2025-09-01T16:14:05.786771+00:00, run_after=2025-09-02T16:14:05.786771+00:00
[2025-09-02T16:14:05.813+0000] {processor.py:179} INFO - Processing /home/airflow/.local/lib/python3.7/site-packages/airflow/example_dags/example_short_circuit_operator.py took 0.118 seconds
[2025-09-02T16:14:36.963+0000] {processor.py:157} INFO - Started process (PID=252) to work on /home/airflow/.local/lib/python3.7/site-packages/airflow/example_dags/example_short_circuit_operator.py
[2025-09-02T16:14:36.965+0000] {processor.py:826} INFO - Processing file /home/airflow/.local/lib/python3.7/site-packages/airflow/example_dags/example_short_circuit_operator.py for tasks to queue
[2025-09-02T16:14:36.966+0000] {logging_mixin.py:150} INFO - [2025-09-02T16:14:36.966+0000] {dagbag.py:541} INFO - Filling up the DagBag from /home/airflow/.local/lib/python3.7/site-packages/airflow/example_dags/example_short_circuit_operator.py
[2025-09-02T16:14:36.981+0000] {processor.py:836} INFO - DAG(s) dict_keys(['example_short_circuit_operator']) retrieved from /home/airflow/.local/lib/python3.7/site-packages/airflow/example_dags/example_short_circuit_operator.py
[2025-09-02T16:14:37.073+0000] {logging_mixin.py:150} INFO - [2025-09-02T16:14:37.073+0000] {dag.py:2742} INFO - Sync 1 DAGs
[2025-09-02T16:14:37.156+0000] {logging_mixin.py:150} INFO - [2025-09-02T16:14:37.153+0000] {dag.py:3508} INFO - Setting next_dagrun for example_short_circuit_operator to 2025-09-01T16:14:37.153511+00:00, run_after=2025-09-02T16:14:37.153511+00:00
[2025-09-02T16:14:37.303+0000] {processor.py:179} INFO - Processing /home/airflow/.local/lib/python3.7/site-packages/airflow/example_dags/example_short_circuit_operator.py took 0.345 seconds
[2025-09-02T16:15:07.840+0000] {processor.py:157} INFO - Started process (PID=312) to work on /home/airflow/.local/lib/python3.7/site-packages/airflow/example_dags/example_short_circuit_operator.py
[2025-09-02T16:15:07.842+0000] {processor.py:826} INFO - Processing file /home/airflow/.local/lib/python3.7/site-packages/airflow/example_dags/example_short_circuit_operator.py for tasks to queue
[2025-09-02T16:15:07.843+0000] {logging_mixin.py:150} INFO - [2025-09-02T16:15:07.842+0000] {dagbag.py:541} INFO - Filling up the DagBag from /home/airflow/.local/lib/python3.7/site-packages/airflow/example_dags/example_short_circuit_operator.py
[2025-09-02T16:15:07.854+0000] {processor.py:836} INFO - DAG(s) dict_keys(['example_short_circuit_operator']) retrieved from /home/airflow/.local/lib/python3.7/site-packages/airflow/example_dags/example_short_circuit_operator.py
[2025-09-02T16:15:07.891+0000] {logging_mixin.py:150} INFO - [2025-09-02T16:15:07.891+0000] {dag.py:2742} INFO - Sync 1 DAGs
[2025-09-02T16:15:07.928+0000] {logging_mixin.py:150} INFO - [2025-09-02T16:15:07.928+0000] {dag.py:3508} INFO - Setting next_dagrun for example_short_circuit_operator to 2025-09-01T16:15:07.927953+00:00, run_after=2025-09-02T16:15:07.927953+00:00
[2025-09-02T16:15:07.960+0000] {processor.py:179} INFO - Processing /home/airflow/.local/lib/python3.7/site-packages/airflow/example_dags/example_short_circuit_operator.py took 0.125 seconds
[2025-09-02T16:15:38.014+0000] {processor.py:157} INFO - Started process (PID=366) to work on /home/airflow/.local/lib/python3.7/site-packages/airflow/example_dags/example_short_circuit_operator.py
[2025-09-02T16:15:38.015+0000] {processor.py:826} INFO - Processing file /home/airflow/.local/lib/python3.7/site-packages/airflow/example_dags/example_short_circuit_operator.py for tasks to queue
[2025-09-02T16:15:38.016+0000] {logging_mixin.py:150} INFO - [2025-09-02T16:15:38.016+0000] {dagbag.py:541} INFO - Filling up the DagBag from /home/airflow/.local/lib/python3.7/site-packages/airflow/example_dags/example_short_circuit_operator.py
[2025-09-02T16:15:38.025+0000] {processor.py:836} INFO - DAG(s) dict_keys(['example_short_circuit_operator']) retrieved from /home/airflow/.local/lib/python3.7/site-packages/airflow/example_dags/example_short_circuit_operator.py
[2025-09-02T16:15:38.061+0000] {logging_mixin.py:150} INFO - [2025-09-02T16:15:38.060+0000] {dag.py:2742} INFO - Sync 1 DAGs
[2025-09-02T16:15:38.119+0000] {logging_mixin.py:150} INFO - [2025-09-02T16:15:38.119+0000] {dag.py:3508} INFO - Setting next_dagrun for example_short_circuit_operator to 2025-09-01T16:15:38.119177+00:00, run_after=2025-09-02T16:15:38.119177+00:00
[2025-09-02T16:15:38.162+0000] {processor.py:179} INFO - Processing /home/airflow/.local/lib/python3.7/site-packages/airflow/example_dags/example_short_circuit_operator.py took 0.153 seconds
[2025-09-02T16:16:08.265+0000] {processor.py:157} INFO - Started process (PID=425) to work on /home/airflow/.local/lib/python3.7/site-packages/airflow/example_dags/example_short_circuit_operator.py
[2025-09-02T16:16:08.266+0000] {processor.py:826} INFO - Processing file /home/airflow/.local/lib/python3.7/site-packages/airflow/example_dags/example_short_circuit_operator.py for tasks to queue
[2025-09-02T16:16:08.266+0000] {logging_mixin.py:150} INFO - [2025-09-02T16:16:08.266+0000] {dagbag.py:541} INFO - Filling up the DagBag from /home/airflow/.local/lib/python3.7/site-packages/airflow/example_dags/example_short_circuit_operator.py
[2025-09-02T16:16:08.276+0000] {processor.py:836} INFO - DAG(s) dict_keys(['example_short_circuit_operator']) retrieved from /home/airflow/.local/lib/python3.7/site-packages/airflow/example_dags/example_short_circuit_operator.py
[2025-09-02T16:16:08.310+0000] {logging_mixin.py:150} INFO - [2025-09-02T16:16:08.310+0000] {dag.py:2742} INFO - Sync 1 DAGs
[2025-09-02T16:16:08.347+0000] {logging_mixin.py:150} INFO - [2025-09-02T16:16:08.347+0000] {dag.py:3508} INFO - Setting next_dagrun for example_short_circuit_operator to 2025-09-01T16:16:08.347179+00:00, run_after=2025-09-02T16:16:08.347179+00:00
[2025-09-02T16:16:08.375+0000] {processor.py:179} INFO - Processing /home/airflow/.local/lib/python3.7/site-packages/airflow/example_dags/example_short_circuit_operator.py took 0.117 seconds
[2025-09-02T16:16:38.937+0000] {processor.py:157} INFO - Started process (PID=485) to work on /home/airflow/.local/lib/python3.7/site-packages/airflow/example_dags/example_short_circuit_operator.py
[2025-09-02T16:16:38.938+0000] {processor.py:826} INFO - Processing file /home/airflow/.local/lib/python3.7/site-packages/airflow/example_dags/example_short_circuit_operator.py for tasks to queue
[2025-09-02T16:16:38.939+0000] {logging_mixin.py:150} INFO - [2025-09-02T16:16:38.939+0000] {dagbag.py:541} INFO - Filling up the DagBag from /home/airflow/.local/lib/python3.7/site-packages/airflow/example_dags/example_short_circuit_operator.py
[2025-09-02T16:16:38.950+0000] {processor.py:836} INFO - DAG(s) dict_keys(['example_short_circuit_operator']) retrieved from /home/airflow/.local/lib/python3.7/site-packages/airflow/example_dags/example_short_circuit_operator.py
[2025-09-02T16:16:38.990+0000] {logging_mixin.py:150} INFO - [2025-09-02T16:16:38.989+0000] {dag.py:2742} INFO - Sync 1 DAGs
[2025-09-02T16:16:39.032+0000] {logging_mixin.py:150} INFO - [2025-09-02T16:16:39.032+0000] {dag.py:3508} INFO - Setting next_dagrun for example_short_circuit_operator to 2025-09-01T16:16:39.032281+00:00, run_after=2025-09-02T16:16:39.032281+00:00
[2025-09-02T16:16:39.060+0000] {processor.py:179} INFO - Processing /home/airflow/.local/lib/python3.7/site-packages/airflow/example_dags/example_short_circuit_operator.py took 0.127 seconds
[2025-09-02T16:17:09.286+0000] {processor.py:157} INFO - Started process (PID=545) to work on /home/airflow/.local/lib/python3.7/site-packages/airflow/example_dags/example_short_circuit_operator.py
[2025-09-02T16:17:09.287+0000] {processor.py:826} INFO - Processing file /home/airflow/.local/lib/python3.7/site-packages/airflow/example_dags/example_short_circuit_operator.py for tasks to queue
[2025-09-02T16:17:09.288+0000] {logging_mixin.py:150} INFO - [2025-09-02T16:17:09.288+0000] {dagbag.py:541} INFO - Filling up the DagBag from /home/airflow/.local/lib/python3.7/site-packages/airflow/example_dags/example_short_circuit_operator.py
[2025-09-02T16:17:09.300+0000] {processor.py:836} INFO - DAG(s) dict_keys(['example_short_circuit_operator']) retrieved from /home/airflow/.local/lib/python3.7/site-packages/airflow/example_dags/example_short_circuit_operator.py
[2025-09-02T16:17:09.337+0000] {logging_mixin.py:150} INFO - [2025-09-02T16:17:09.337+0000] {dag.py:2742} INFO - Sync 1 DAGs
[2025-09-02T16:17:09.375+0000] {logging_mixin.py:150} INFO - [2025-09-02T16:17:09.375+0000] {dag.py:3508} INFO - Setting next_dagrun for example_short_circuit_operator to 2025-09-01T16:17:09.374946+00:00, run_after=2025-09-02T16:17:09.374946+00:00
[2025-09-02T16:17:09.412+0000] {processor.py:179} INFO - Processing /home/airflow/.local/lib/python3.7/site-packages/airflow/example_dags/example_short_circuit_operator.py took 0.130 seconds
[2025-09-02T16:17:39.648+0000] {processor.py:157} INFO - Started process (PID=605) to work on /home/airflow/.local/lib/python3.7/site-packages/airflow/example_dags/example_short_circuit_operator.py
[2025-09-02T16:17:39.649+0000] {processor.py:826} INFO - Processing file /home/airflow/.local/lib/python3.7/site-packages/airflow/example_dags/example_short_circuit_operator.py for tasks to queue
[2025-09-02T16:17:39.650+0000] {logging_mixin.py:150} INFO - [2025-09-02T16:17:39.650+0000] {dagbag.py:541} INFO - Filling up the DagBag from /home/airflow/.local/lib/python3.7/site-packages/airflow/example_dags/example_short_circuit_operator.py
[2025-09-02T16:17:39.660+0000] {processor.py:836} INFO - DAG(s) dict_keys(['example_short_circuit_operator']) retrieved from /home/airflow/.local/lib/python3.7/site-packages/airflow/example_dags/example_short_circuit_operator.py
[2025-09-02T16:17:39.693+0000] {logging_mixin.py:150} INFO - [2025-09-02T16:17:39.693+0000] {dag.py:2742} INFO - Sync 1 DAGs
[2025-09-02T16:17:39.732+0000] {logging_mixin.py:150} INFO - [2025-09-02T16:17:39.731+0000] {dag.py:3508} INFO - Setting next_dagrun for example_short_circuit_operator to 2025-09-01T16:17:39.731508+00:00, run_after=2025-09-02T16:17:39.731508+00:00
[2025-09-02T16:17:39.760+0000] {processor.py:179} INFO - Processing /home/airflow/.local/lib/python3.7/site-packages/airflow/example_dags/example_short_circuit_operator.py took 0.115 seconds
[2025-09-02T16:18:10.065+0000] {processor.py:157} INFO - Started process (PID=665) to work on /home/airflow/.local/lib/python3.7/site-packages/airflow/example_dags/example_short_circuit_operator.py
[2025-09-02T16:18:10.066+0000] {processor.py:826} INFO - Processing file /home/airflow/.local/lib/python3.7/site-packages/airflow/example_dags/example_short_circuit_operator.py for tasks to queue
[2025-09-02T16:18:10.067+0000] {logging_mixin.py:150} INFO - [2025-09-02T16:18:10.067+0000] {dagbag.py:541} INFO - Filling up the DagBag from /home/airflow/.local/lib/python3.7/site-packages/airflow/example_dags/example_short_circuit_operator.py
[2025-09-02T16:18:10.077+0000] {processor.py:836} INFO - DAG(s) dict_keys(['example_short_circuit_operator']) retrieved from /home/airflow/.local/lib/python3.7/site-packages/airflow/example_dags/example_short_circuit_operator.py
[2025-09-02T16:18:10.107+0000] {logging_mixin.py:150} INFO - [2025-09-02T16:18:10.107+0000] {dag.py:2742} INFO - Sync 1 DAGs
[2025-09-02T16:18:10.146+0000] {logging_mixin.py:150} INFO - [2025-09-02T16:18:10.146+0000] {dag.py:3508} INFO - Setting next_dagrun for example_short_circuit_operator to 2025-09-01T16:18:10.145752+00:00, run_after=2025-09-02T16:18:10.145752+00:00
[2025-09-02T16:18:10.174+0000] {processor.py:179} INFO - Processing /home/airflow/.local/lib/python3.7/site-packages/airflow/example_dags/example_short_circuit_operator.py took 0.112 seconds
[2025-09-02T16:18:40.572+0000] {processor.py:157} INFO - Started process (PID=725) to work on /home/airflow/.local/lib/python3.7/site-packages/airflow/example_dags/example_short_circuit_operator.py
[2025-09-02T16:18:40.573+0000] {processor.py:826} INFO - Processing file /home/airflow/.local/lib/python3.7/site-packages/airflow/example_dags/example_short_circuit_operator.py for tasks to queue
[2025-09-02T16:18:40.573+0000] {logging_mixin.py:150} INFO - [2025-09-02T16:18:40.573+0000] {dagbag.py:541} INFO - Filling up the DagBag from /home/airflow/.local/lib/python3.7/site-packages/airflow/example_dags/example_short_circuit_operator.py
[2025-09-02T16:18:40.583+0000] {processor.py:836} INFO - DAG(s) dict_keys(['example_short_circuit_operator']) retrieved from /home/airflow/.local/lib/python3.7/site-packages/airflow/example_dags/example_short_circuit_operator.py
[2025-09-02T16:18:40.615+0000] {logging_mixin.py:150} INFO - [2025-09-02T16:18:40.615+0000] {dag.py:2742} INFO - Sync 1 DAGs
[2025-09-02T16:18:40.654+0000] {logging_mixin.py:150} INFO - [2025-09-02T16:18:40.654+0000] {dag.py:3508} INFO - Setting next_dagrun for example_short_circuit_operator to 2025-09-01T16:18:40.653941+00:00, run_after=2025-09-02T16:18:40.653941+00:00
[2025-09-02T16:18:40.682+0000] {processor.py:179} INFO - Processing /home/airflow/.local/lib/python3.7/site-packages/airflow/example_dags/example_short_circuit_operator.py took 0.115 seconds
[2025-09-02T16:19:11.451+0000] {processor.py:157} INFO - Started process (PID=785) to work on /home/airflow/.local/lib/python3.7/site-packages/airflow/example_dags/example_short_circuit_operator.py
[2025-09-02T16:19:11.453+0000] {processor.py:826} INFO - Processing file /home/airflow/.local/lib/python3.7/site-packages/airflow/example_dags/example_short_circuit_operator.py for tasks to queue
[2025-09-02T16:19:11.455+0000] {logging_mixin.py:150} INFO - [2025-09-02T16:19:11.454+0000] {dagbag.py:541} INFO - Filling up the DagBag from /home/airflow/.local/lib/python3.7/site-packages/airflow/example_dags/example_short_circuit_operator.py
[2025-09-02T16:19:11.474+0000] {processor.py:836} INFO - DAG(s) dict_keys(['example_short_circuit_operator']) retrieved from /home/airflow/.local/lib/python3.7/site-packages/airflow/example_dags/example_short_circuit_operator.py
[2025-09-02T16:19:11.530+0000] {logging_mixin.py:150} INFO - [2025-09-02T16:19:11.530+0000] {dag.py:2742} INFO - Sync 1 DAGs
[2025-09-02T16:19:11.571+0000] {logging_mixin.py:150} INFO - [2025-09-02T16:19:11.570+0000] {dag.py:3508} INFO - Setting next_dagrun for example_short_circuit_operator to 2025-09-01T16:19:11.570496+00:00, run_after=2025-09-02T16:19:11.570496+00:00
[2025-09-02T16:19:11.632+0000] {processor.py:179} INFO - Processing /home/airflow/.local/lib/python3.7/site-packages/airflow/example_dags/example_short_circuit_operator.py took 0.186 seconds
[2025-09-02T16:19:41.997+0000] {processor.py:157} INFO - Started process (PID=845) to work on /home/airflow/.local/lib/python3.7/site-packages/airflow/example_dags/example_short_circuit_operator.py
[2025-09-02T16:19:41.999+0000] {processor.py:826} INFO - Processing file /home/airflow/.local/lib/python3.7/site-packages/airflow/example_dags/example_short_circuit_operator.py for tasks to queue
[2025-09-02T16:19:42.000+0000] {logging_mixin.py:150} INFO - [2025-09-02T16:19:41.999+0000] {dagbag.py:541} INFO - Filling up the DagBag from /home/airflow/.local/lib/python3.7/site-packages/airflow/example_dags/example_short_circuit_operator.py
[2025-09-02T16:19:42.011+0000] {processor.py:836} INFO - DAG(s) dict_keys(['example_short_circuit_operator']) retrieved from /home/airflow/.local/lib/python3.7/site-packages/airflow/example_dags/example_short_circuit_operator.py
[2025-09-02T16:19:42.056+0000] {logging_mixin.py:150} INFO - [2025-09-02T16:19:42.056+0000] {dag.py:2742} INFO - Sync 1 DAGs
[2025-09-02T16:19:42.099+0000] {logging_mixin.py:150} INFO - [2025-09-02T16:19:42.098+0000] {dag.py:3508} INFO - Setting next_dagrun for example_short_circuit_operator to 2025-09-01T16:19:42.098545+00:00, run_after=2025-09-02T16:19:42.098545+00:00
[2025-09-02T16:19:42.138+0000] {processor.py:179} INFO - Processing /home/airflow/.local/lib/python3.7/site-packages/airflow/example_dags/example_short_circuit_operator.py took 0.148 seconds
[2025-09-02T16:20:13.079+0000] {processor.py:157} INFO - Started process (PID=905) to work on /home/airflow/.local/lib/python3.7/site-packages/airflow/example_dags/example_short_circuit_operator.py
[2025-09-02T16:20:13.081+0000] {processor.py:826} INFO - Processing file /home/airflow/.local/lib/python3.7/site-packages/airflow/example_dags/example_short_circuit_operator.py for tasks to queue
[2025-09-02T16:20:13.082+0000] {logging_mixin.py:150} INFO - [2025-09-02T16:20:13.081+0000] {dagbag.py:541} INFO - Filling up the DagBag from /home/airflow/.local/lib/python3.7/site-packages/airflow/example_dags/example_short_circuit_operator.py
[2025-09-02T16:20:13.093+0000] {processor.py:836} INFO - DAG(s) dict_keys(['example_short_circuit_operator']) retrieved from /home/airflow/.local/lib/python3.7/site-packages/airflow/example_dags/example_short_circuit_operator.py
[2025-09-02T16:20:13.126+0000] {logging_mixin.py:150} INFO - [2025-09-02T16:20:13.126+0000] {dag.py:2742} INFO - Sync 1 DAGs
[2025-09-02T16:20:13.163+0000] {logging_mixin.py:150} INFO - [2025-09-02T16:20:13.162+0000] {dag.py:3508} INFO - Setting next_dagrun for example_short_circuit_operator to 2025-09-01T16:20:13.162474+00:00, run_after=2025-09-02T16:20:13.162474+00:00
[2025-09-02T16:20:13.195+0000] {processor.py:179} INFO - Processing /home/airflow/.local/lib/python3.7/site-packages/airflow/example_dags/example_short_circuit_operator.py took 0.120 seconds
[2025-09-02T16:20:43.719+0000] {processor.py:157} INFO - Started process (PID=965) to work on /home/airflow/.local/lib/python3.7/site-packages/airflow/example_dags/example_short_circuit_operator.py
[2025-09-02T16:20:43.720+0000] {processor.py:826} INFO - Processing file /home/airflow/.local/lib/python3.7/site-packages/airflow/example_dags/example_short_circuit_operator.py for tasks to queue
[2025-09-02T16:20:43.721+0000] {logging_mixin.py:150} INFO - [2025-09-02T16:20:43.720+0000] {dagbag.py:541} INFO - Filling up the DagBag from /home/airflow/.local/lib/python3.7/site-packages/airflow/example_dags/example_short_circuit_operator.py
[2025-09-02T16:20:43.732+0000] {processor.py:836} INFO - DAG(s) dict_keys(['example_short_circuit_operator']) retrieved from /home/airflow/.local/lib/python3.7/site-packages/airflow/example_dags/example_short_circuit_operator.py
[2025-09-02T16:20:43.763+0000] {logging_mixin.py:150} INFO - [2025-09-02T16:20:43.763+0000] {dag.py:2742} INFO - Sync 1 DAGs
[2025-09-02T16:20:43.799+0000] {logging_mixin.py:150} INFO - [2025-09-02T16:20:43.798+0000] {dag.py:3508} INFO - Setting next_dagrun for example_short_circuit_operator to 2025-09-01T16:20:43.798279+00:00, run_after=2025-09-02T16:20:43.798279+00:00
[2025-09-02T16:20:43.826+0000] {processor.py:179} INFO - Processing /home/airflow/.local/lib/python3.7/site-packages/airflow/example_dags/example_short_circuit_operator.py took 0.112 seconds
[2025-09-02T16:21:14.239+0000] {processor.py:157} INFO - Started process (PID=1025) to work on /home/airflow/.local/lib/python3.7/site-packages/airflow/example_dags/example_short_circuit_operator.py
[2025-09-02T16:21:14.241+0000] {processor.py:826} INFO - Processing file /home/airflow/.local/lib/python3.7/site-packages/airflow/example_dags/example_short_circuit_operator.py for tasks to queue
[2025-09-02T16:21:14.242+0000] {logging_mixin.py:150} INFO - [2025-09-02T16:21:14.242+0000] {dagbag.py:541} INFO - Filling up the DagBag from /home/airflow/.local/lib/python3.7/site-packages/airflow/example_dags/example_short_circuit_operator.py
[2025-09-02T16:21:14.254+0000] {processor.py:836} INFO - DAG(s) dict_keys(['example_short_circuit_operator']) retrieved from /home/airflow/.local/lib/python3.7/site-packages/airflow/example_dags/example_short_circuit_operator.py
[2025-09-02T16:21:14.291+0000] {logging_mixin.py:150} INFO - [2025-09-02T16:21:14.291+0000] {dag.py:2742} INFO - Sync 1 DAGs
[2025-09-02T16:21:14.333+0000] {logging_mixin.py:150} INFO - [2025-09-02T16:21:14.332+0000] {dag.py:3508} INFO - Setting next_dagrun for example_short_circuit_operator to 2025-09-01T16:21:14.332482+00:00, run_after=2025-09-02T16:21:14.332482+00:00
[2025-09-02T16:21:14.367+0000] {processor.py:179} INFO - Processing /home/airflow/.local/lib/python3.7/site-packages/airflow/example_dags/example_short_circuit_operator.py took 0.133 seconds
[2025-09-02T16:21:45.107+0000] {processor.py:157} INFO - Started process (PID=1085) to work on /home/airflow/.local/lib/python3.7/site-packages/airflow/example_dags/example_short_circuit_operator.py
[2025-09-02T16:21:45.108+0000] {processor.py:826} INFO - Processing file /home/airflow/.local/lib/python3.7/site-packages/airflow/example_dags/example_short_circuit_operator.py for tasks to queue
[2025-09-02T16:21:45.109+0000] {logging_mixin.py:150} INFO - [2025-09-02T16:21:45.109+0000] {dagbag.py:541} INFO - Filling up the DagBag from /home/airflow/.local/lib/python3.7/site-packages/airflow/example_dags/example_short_circuit_operator.py
[2025-09-02T16:21:45.120+0000] {processor.py:836} INFO - DAG(s) dict_keys(['example_short_circuit_operator']) retrieved from /home/airflow/.local/lib/python3.7/site-packages/airflow/example_dags/example_short_circuit_operator.py
[2025-09-02T16:21:45.152+0000] {logging_mixin.py:150} INFO - [2025-09-02T16:21:45.152+0000] {dag.py:2742} INFO - Sync 1 DAGs
[2025-09-02T16:21:45.186+0000] {logging_mixin.py:150} INFO - [2025-09-02T16:21:45.185+0000] {dag.py:3508} INFO - Setting next_dagrun for example_short_circuit_operator to 2025-09-01T16:21:45.185724+00:00, run_after=2025-09-02T16:21:45.185724+00:00
[2025-09-02T16:21:45.212+0000] {processor.py:179} INFO - Processing /home/airflow/.local/lib/python3.7/site-packages/airflow/example_dags/example_short_circuit_operator.py took 0.110 seconds
[2025-09-02T16:22:15.720+0000] {processor.py:157} INFO - Started process (PID=1145) to work on /home/airflow/.local/lib/python3.7/site-packages/airflow/example_dags/example_short_circuit_operator.py
[2025-09-02T16:22:15.722+0000] {processor.py:826} INFO - Processing file /home/airflow/.local/lib/python3.7/site-packages/airflow/example_dags/example_short_circuit_operator.py for tasks to queue
[2025-09-02T16:22:15.723+0000] {logging_mixin.py:150} INFO - [2025-09-02T16:22:15.722+0000] {dagbag.py:541} INFO - Filling up the DagBag from /home/airflow/.local/lib/python3.7/site-packages/airflow/example_dags/example_short_circuit_operator.py
[2025-09-02T16:22:15.733+0000] {processor.py:836} INFO - DAG(s) dict_keys(['example_short_circuit_operator']) retrieved from /home/airflow/.local/lib/python3.7/site-packages/airflow/example_dags/example_short_circuit_operator.py
[2025-09-02T16:22:15.768+0000] {logging_mixin.py:150} INFO - [2025-09-02T16:22:15.768+0000] {dag.py:2742} INFO - Sync 1 DAGs
[2025-09-02T16:22:15.806+0000] {logging_mixin.py:150} INFO - [2025-09-02T16:22:15.805+0000] {dag.py:3508} INFO - Setting next_dagrun for example_short_circuit_operator to 2025-09-01T16:22:15.805510+00:00, run_after=2025-09-02T16:22:15.805510+00:00
[2025-09-02T16:22:15.834+0000] {processor.py:179} INFO - Processing /home/airflow/.local/lib/python3.7/site-packages/airflow/example_dags/example_short_circuit_operator.py took 0.119 seconds
[2025-09-02T16:22:46.137+0000] {processor.py:157} INFO - Started process (PID=1205) to work on /home/airflow/.local/lib/python3.7/site-packages/airflow/example_dags/example_short_circuit_operator.py
[2025-09-02T16:22:46.138+0000] {processor.py:826} INFO - Processing file /home/airflow/.local/lib/python3.7/site-packages/airflow/example_dags/example_short_circuit_operator.py for tasks to queue
[2025-09-02T16:22:46.140+0000] {logging_mixin.py:150} INFO - [2025-09-02T16:22:46.139+0000] {dagbag.py:541} INFO - Filling up the DagBag from /home/airflow/.local/lib/python3.7/site-packages/airflow/example_dags/example_short_circuit_operator.py
[2025-09-02T16:22:46.152+0000] {processor.py:836} INFO - DAG(s) dict_keys(['example_short_circuit_operator']) retrieved from /home/airflow/.local/lib/python3.7/site-packages/airflow/example_dags/example_short_circuit_operator.py
[2025-09-02T16:22:46.192+0000] {logging_mixin.py:150} INFO - [2025-09-02T16:22:46.192+0000] {dag.py:2742} INFO - Sync 1 DAGs
[2025-09-02T16:22:46.229+0000] {logging_mixin.py:150} INFO - [2025-09-02T16:22:46.229+0000] {dag.py:3508} INFO - Setting next_dagrun for example_short_circuit_operator to 2025-09-01T16:22:46.228944+00:00, run_after=2025-09-02T16:22:46.228944+00:00
[2025-09-02T16:22:46.270+0000] {processor.py:179} INFO - Processing /home/airflow/.local/lib/python3.7/site-packages/airflow/example_dags/example_short_circuit_operator.py took 0.138 seconds
[2025-09-02T16:23:16.501+0000] {processor.py:157} INFO - Started process (PID=1265) to work on /home/airflow/.local/lib/python3.7/site-packages/airflow/example_dags/example_short_circuit_operator.py
[2025-09-02T16:23:16.501+0000] {processor.py:826} INFO - Processing file /home/airflow/.local/lib/python3.7/site-packages/airflow/example_dags/example_short_circuit_operator.py for tasks to queue
[2025-09-02T16:23:16.502+0000] {logging_mixin.py:150} INFO - [2025-09-02T16:23:16.502+0000] {dagbag.py:541} INFO - Filling up the DagBag from /home/airflow/.local/lib/python3.7/site-packages/airflow/example_dags/example_short_circuit_operator.py
[2025-09-02T16:23:16.512+0000] {processor.py:836} INFO - DAG(s) dict_keys(['example_short_circuit_operator']) retrieved from /home/airflow/.local/lib/python3.7/site-packages/airflow/example_dags/example_short_circuit_operator.py
[2025-09-02T16:23:16.544+0000] {logging_mixin.py:150} INFO - [2025-09-02T16:23:16.543+0000] {dag.py:2742} INFO - Sync 1 DAGs
[2025-09-02T16:23:16.579+0000] {logging_mixin.py:150} INFO - [2025-09-02T16:23:16.579+0000] {dag.py:3508} INFO - Setting next_dagrun for example_short_circuit_operator to 2025-09-01T16:23:16.578734+00:00, run_after=2025-09-02T16:23:16.578734+00:00
[2025-09-02T16:23:16.613+0000] {processor.py:179} INFO - Processing /home/airflow/.local/lib/python3.7/site-packages/airflow/example_dags/example_short_circuit_operator.py took 0.116 seconds
[2025-09-02T16:23:47.118+0000] {processor.py:157} INFO - Started process (PID=1325) to work on /home/airflow/.local/lib/python3.7/site-packages/airflow/example_dags/example_short_circuit_operator.py
[2025-09-02T16:23:47.119+0000] {processor.py:826} INFO - Processing file /home/airflow/.local/lib/python3.7/site-packages/airflow/example_dags/example_short_circuit_operator.py for tasks to queue
[2025-09-02T16:23:47.120+0000] {logging_mixin.py:150} INFO - [2025-09-02T16:23:47.120+0000] {dagbag.py:541} INFO - Filling up the DagBag from /home/airflow/.local/lib/python3.7/site-packages/airflow/example_dags/example_short_circuit_operator.py
[2025-09-02T16:23:47.130+0000] {processor.py:836} INFO - DAG(s) dict_keys(['example_short_circuit_operator']) retrieved from /home/airflow/.local/lib/python3.7/site-packages/airflow/example_dags/example_short_circuit_operator.py
[2025-09-02T16:23:47.161+0000] {logging_mixin.py:150} INFO - [2025-09-02T16:23:47.161+0000] {dag.py:2742} INFO - Sync 1 DAGs
[2025-09-02T16:23:47.200+0000] {logging_mixin.py:150} INFO - [2025-09-02T16:23:47.200+0000] {dag.py:3508} INFO - Setting next_dagrun for example_short_circuit_operator to 2025-09-01T16:23:47.200358+00:00, run_after=2025-09-02T16:23:47.200358+00:00
[2025-09-02T16:23:47.228+0000] {processor.py:179} INFO - Processing /home/airflow/.local/lib/python3.7/site-packages/airflow/example_dags/example_short_circuit_operator.py took 0.116 seconds
[2025-09-02T16:24:18.129+0000] {processor.py:157} INFO - Started process (PID=1385) to work on /home/airflow/.local/lib/python3.7/site-packages/airflow/example_dags/example_short_circuit_operator.py
[2025-09-02T16:24:18.135+0000] {processor.py:826} INFO - Processing file /home/airflow/.local/lib/python3.7/site-packages/airflow/example_dags/example_short_circuit_operator.py for tasks to queue
[2025-09-02T16:24:18.138+0000] {logging_mixin.py:150} INFO - [2025-09-02T16:24:18.137+0000] {dagbag.py:541} INFO - Filling up the DagBag from /home/airflow/.local/lib/python3.7/site-packages/airflow/example_dags/example_short_circuit_operator.py
[2025-09-02T16:24:18.171+0000] {processor.py:836} INFO - DAG(s) dict_keys(['example_short_circuit_operator']) retrieved from /home/airflow/.local/lib/python3.7/site-packages/airflow/example_dags/example_short_circuit_operator.py
[2025-09-02T16:24:18.246+0000] {logging_mixin.py:150} INFO - [2025-09-02T16:24:18.246+0000] {dag.py:2742} INFO - Sync 1 DAGs
[2025-09-02T16:24:18.335+0000] {logging_mixin.py:150} INFO - [2025-09-02T16:24:18.333+0000] {dag.py:3508} INFO - Setting next_dagrun for example_short_circuit_operator to 2025-09-01T16:24:18.332916+00:00, run_after=2025-09-02T16:24:18.332916+00:00
[2025-09-02T16:24:18.396+0000] {processor.py:179} INFO - Processing /home/airflow/.local/lib/python3.7/site-packages/airflow/example_dags/example_short_circuit_operator.py took 0.284 seconds
[2025-09-02T16:26:29.095+0000] {processor.py:157} INFO - Started process (PID=85) to work on /home/airflow/.local/lib/python3.7/site-packages/airflow/example_dags/example_short_circuit_operator.py
[2025-09-02T16:26:29.096+0000] {processor.py:826} INFO - Processing file /home/airflow/.local/lib/python3.7/site-packages/airflow/example_dags/example_short_circuit_operator.py for tasks to queue
[2025-09-02T16:26:29.097+0000] {logging_mixin.py:150} INFO - [2025-09-02T16:26:29.097+0000] {dagbag.py:541} INFO - Filling up the DagBag from /home/airflow/.local/lib/python3.7/site-packages/airflow/example_dags/example_short_circuit_operator.py
[2025-09-02T16:26:29.130+0000] {processor.py:836} INFO - DAG(s) dict_keys(['example_short_circuit_operator']) retrieved from /home/airflow/.local/lib/python3.7/site-packages/airflow/example_dags/example_short_circuit_operator.py
[2025-09-02T16:26:29.343+0000] {logging_mixin.py:150} INFO - [2025-09-02T16:26:29.343+0000] {dag.py:2742} INFO - Sync 1 DAGs
[2025-09-02T16:26:29.541+0000] {logging_mixin.py:150} INFO - [2025-09-02T16:26:29.541+0000] {dag.py:3508} INFO - Setting next_dagrun for example_short_circuit_operator to 2025-09-01T16:26:29.536249+00:00, run_after=2025-09-02T16:26:29.536249+00:00
[2025-09-02T16:26:29.753+0000] {processor.py:179} INFO - Processing /home/airflow/.local/lib/python3.7/site-packages/airflow/example_dags/example_short_circuit_operator.py took 0.663 seconds
[2025-09-02T16:27:00.109+0000] {processor.py:157} INFO - Started process (PID=145) to work on /home/airflow/.local/lib/python3.7/site-packages/airflow/example_dags/example_short_circuit_operator.py
[2025-09-02T16:27:00.111+0000] {processor.py:826} INFO - Processing file /home/airflow/.local/lib/python3.7/site-packages/airflow/example_dags/example_short_circuit_operator.py for tasks to queue
[2025-09-02T16:27:00.112+0000] {logging_mixin.py:150} INFO - [2025-09-02T16:27:00.112+0000] {dagbag.py:541} INFO - Filling up the DagBag from /home/airflow/.local/lib/python3.7/site-packages/airflow/example_dags/example_short_circuit_operator.py
[2025-09-02T16:27:00.127+0000] {processor.py:836} INFO - DAG(s) dict_keys(['example_short_circuit_operator']) retrieved from /home/airflow/.local/lib/python3.7/site-packages/airflow/example_dags/example_short_circuit_operator.py
[2025-09-02T16:27:00.165+0000] {logging_mixin.py:150} INFO - [2025-09-02T16:27:00.165+0000] {dag.py:2742} INFO - Sync 1 DAGs
[2025-09-02T16:27:00.202+0000] {logging_mixin.py:150} INFO - [2025-09-02T16:27:00.201+0000] {dag.py:3508} INFO - Setting next_dagrun for example_short_circuit_operator to 2025-09-01T16:27:00.201073+00:00, run_after=2025-09-02T16:27:00.201073+00:00
[2025-09-02T16:27:00.239+0000] {processor.py:179} INFO - Processing /home/airflow/.local/lib/python3.7/site-packages/airflow/example_dags/example_short_circuit_operator.py took 0.135 seconds
[2025-09-02T16:27:30.859+0000] {processor.py:157} INFO - Started process (PID=205) to work on /home/airflow/.local/lib/python3.7/site-packages/airflow/example_dags/example_short_circuit_operator.py
[2025-09-02T16:27:30.860+0000] {processor.py:826} INFO - Processing file /home/airflow/.local/lib/python3.7/site-packages/airflow/example_dags/example_short_circuit_operator.py for tasks to queue
[2025-09-02T16:27:30.861+0000] {logging_mixin.py:150} INFO - [2025-09-02T16:27:30.861+0000] {dagbag.py:541} INFO - Filling up the DagBag from /home/airflow/.local/lib/python3.7/site-packages/airflow/example_dags/example_short_circuit_operator.py
[2025-09-02T16:27:30.871+0000] {processor.py:836} INFO - DAG(s) dict_keys(['example_short_circuit_operator']) retrieved from /home/airflow/.local/lib/python3.7/site-packages/airflow/example_dags/example_short_circuit_operator.py
[2025-09-02T16:27:30.904+0000] {logging_mixin.py:150} INFO - [2025-09-02T16:27:30.903+0000] {dag.py:2742} INFO - Sync 1 DAGs
[2025-09-02T16:27:30.938+0000] {logging_mixin.py:150} INFO - [2025-09-02T16:27:30.937+0000] {dag.py:3508} INFO - Setting next_dagrun for example_short_circuit_operator to 2025-09-01T16:27:30.937320+00:00, run_after=2025-09-02T16:27:30.937320+00:00
[2025-09-02T16:27:30.966+0000] {processor.py:179} INFO - Processing /home/airflow/.local/lib/python3.7/site-packages/airflow/example_dags/example_short_circuit_operator.py took 0.111 seconds
[2025-09-02T16:28:01.546+0000] {processor.py:157} INFO - Started process (PID=264) to work on /home/airflow/.local/lib/python3.7/site-packages/airflow/example_dags/example_short_circuit_operator.py
[2025-09-02T16:28:01.547+0000] {processor.py:826} INFO - Processing file /home/airflow/.local/lib/python3.7/site-packages/airflow/example_dags/example_short_circuit_operator.py for tasks to queue
[2025-09-02T16:28:01.548+0000] {logging_mixin.py:150} INFO - [2025-09-02T16:28:01.547+0000] {dagbag.py:541} INFO - Filling up the DagBag from /home/airflow/.local/lib/python3.7/site-packages/airflow/example_dags/example_short_circuit_operator.py
[2025-09-02T16:28:01.557+0000] {processor.py:836} INFO - DAG(s) dict_keys(['example_short_circuit_operator']) retrieved from /home/airflow/.local/lib/python3.7/site-packages/airflow/example_dags/example_short_circuit_operator.py
[2025-09-02T16:28:01.594+0000] {logging_mixin.py:150} INFO - [2025-09-02T16:28:01.593+0000] {dag.py:2742} INFO - Sync 1 DAGs
[2025-09-02T16:28:01.632+0000] {logging_mixin.py:150} INFO - [2025-09-02T16:28:01.631+0000] {dag.py:3508} INFO - Setting next_dagrun for example_short_circuit_operator to 2025-09-01T16:28:01.631534+00:00, run_after=2025-09-02T16:28:01.631534+00:00
[2025-09-02T16:28:01.659+0000] {processor.py:179} INFO - Processing /home/airflow/.local/lib/python3.7/site-packages/airflow/example_dags/example_short_circuit_operator.py took 0.117 seconds
[2025-09-02T16:28:31.819+0000] {processor.py:157} INFO - Started process (PID=324) to work on /home/airflow/.local/lib/python3.7/site-packages/airflow/example_dags/example_short_circuit_operator.py
[2025-09-02T16:28:31.822+0000] {processor.py:826} INFO - Processing file /home/airflow/.local/lib/python3.7/site-packages/airflow/example_dags/example_short_circuit_operator.py for tasks to queue
[2025-09-02T16:28:31.825+0000] {logging_mixin.py:150} INFO - [2025-09-02T16:28:31.824+0000] {dagbag.py:541} INFO - Filling up the DagBag from /home/airflow/.local/lib/python3.7/site-packages/airflow/example_dags/example_short_circuit_operator.py
[2025-09-02T16:28:31.836+0000] {processor.py:836} INFO - DAG(s) dict_keys(['example_short_circuit_operator']) retrieved from /home/airflow/.local/lib/python3.7/site-packages/airflow/example_dags/example_short_circuit_operator.py
[2025-09-02T16:28:31.874+0000] {logging_mixin.py:150} INFO - [2025-09-02T16:28:31.874+0000] {dag.py:2742} INFO - Sync 1 DAGs
[2025-09-02T16:28:31.916+0000] {logging_mixin.py:150} INFO - [2025-09-02T16:28:31.915+0000] {dag.py:3508} INFO - Setting next_dagrun for example_short_circuit_operator to 2025-09-01T16:28:31.915161+00:00, run_after=2025-09-02T16:28:31.915161+00:00
[2025-09-02T16:28:31.948+0000] {processor.py:179} INFO - Processing /home/airflow/.local/lib/python3.7/site-packages/airflow/example_dags/example_short_circuit_operator.py took 0.140 seconds
[2025-09-02T16:29:02.481+0000] {processor.py:157} INFO - Started process (PID=384) to work on /home/airflow/.local/lib/python3.7/site-packages/airflow/example_dags/example_short_circuit_operator.py
[2025-09-02T16:29:02.483+0000] {processor.py:826} INFO - Processing file /home/airflow/.local/lib/python3.7/site-packages/airflow/example_dags/example_short_circuit_operator.py for tasks to queue
[2025-09-02T16:29:02.484+0000] {logging_mixin.py:150} INFO - [2025-09-02T16:29:02.484+0000] {dagbag.py:541} INFO - Filling up the DagBag from /home/airflow/.local/lib/python3.7/site-packages/airflow/example_dags/example_short_circuit_operator.py
[2025-09-02T16:29:02.496+0000] {processor.py:836} INFO - DAG(s) dict_keys(['example_short_circuit_operator']) retrieved from /home/airflow/.local/lib/python3.7/site-packages/airflow/example_dags/example_short_circuit_operator.py
[2025-09-02T16:29:02.535+0000] {logging_mixin.py:150} INFO - [2025-09-02T16:29:02.535+0000] {dag.py:2742} INFO - Sync 1 DAGs
[2025-09-02T16:29:02.577+0000] {logging_mixin.py:150} INFO - [2025-09-02T16:29:02.576+0000] {dag.py:3508} INFO - Setting next_dagrun for example_short_circuit_operator to 2025-09-01T16:29:02.576367+00:00, run_after=2025-09-02T16:29:02.576367+00:00
[2025-09-02T16:29:02.611+0000] {processor.py:179} INFO - Processing /home/airflow/.local/lib/python3.7/site-packages/airflow/example_dags/example_short_circuit_operator.py took 0.134 seconds
[2025-09-02T16:29:32.845+0000] {processor.py:157} INFO - Started process (PID=444) to work on /home/airflow/.local/lib/python3.7/site-packages/airflow/example_dags/example_short_circuit_operator.py
[2025-09-02T16:29:32.846+0000] {processor.py:826} INFO - Processing file /home/airflow/.local/lib/python3.7/site-packages/airflow/example_dags/example_short_circuit_operator.py for tasks to queue
[2025-09-02T16:29:32.847+0000] {logging_mixin.py:150} INFO - [2025-09-02T16:29:32.847+0000] {dagbag.py:541} INFO - Filling up the DagBag from /home/airflow/.local/lib/python3.7/site-packages/airflow/example_dags/example_short_circuit_operator.py
[2025-09-02T16:29:32.858+0000] {processor.py:836} INFO - DAG(s) dict_keys(['example_short_circuit_operator']) retrieved from /home/airflow/.local/lib/python3.7/site-packages/airflow/example_dags/example_short_circuit_operator.py
[2025-09-02T16:29:32.893+0000] {logging_mixin.py:150} INFO - [2025-09-02T16:29:32.892+0000] {dag.py:2742} INFO - Sync 1 DAGs
[2025-09-02T16:29:32.928+0000] {logging_mixin.py:150} INFO - [2025-09-02T16:29:32.927+0000] {dag.py:3508} INFO - Setting next_dagrun for example_short_circuit_operator to 2025-09-01T16:29:32.927567+00:00, run_after=2025-09-02T16:29:32.927567+00:00
[2025-09-02T16:29:32.959+0000] {processor.py:179} INFO - Processing /home/airflow/.local/lib/python3.7/site-packages/airflow/example_dags/example_short_circuit_operator.py took 0.118 seconds
[2025-09-02T16:30:04.330+0000] {processor.py:157} INFO - Started process (PID=505) to work on /home/airflow/.local/lib/python3.7/site-packages/airflow/example_dags/example_short_circuit_operator.py
[2025-09-02T16:30:04.332+0000] {processor.py:826} INFO - Processing file /home/airflow/.local/lib/python3.7/site-packages/airflow/example_dags/example_short_circuit_operator.py for tasks to queue
[2025-09-02T16:30:04.333+0000] {logging_mixin.py:150} INFO - [2025-09-02T16:30:04.333+0000] {dagbag.py:541} INFO - Filling up the DagBag from /home/airflow/.local/lib/python3.7/site-packages/airflow/example_dags/example_short_circuit_operator.py
[2025-09-02T16:30:04.347+0000] {processor.py:836} INFO - DAG(s) dict_keys(['example_short_circuit_operator']) retrieved from /home/airflow/.local/lib/python3.7/site-packages/airflow/example_dags/example_short_circuit_operator.py
[2025-09-02T16:30:04.444+0000] {logging_mixin.py:150} INFO - [2025-09-02T16:30:04.444+0000] {dag.py:2742} INFO - Sync 1 DAGs
[2025-09-02T16:30:04.486+0000] {logging_mixin.py:150} INFO - [2025-09-02T16:30:04.486+0000] {dag.py:3508} INFO - Setting next_dagrun for example_short_circuit_operator to 2025-09-01T16:30:04.481048+00:00, run_after=2025-09-02T16:30:04.481048+00:00
[2025-09-02T16:30:04.524+0000] {processor.py:179} INFO - Processing /home/airflow/.local/lib/python3.7/site-packages/airflow/example_dags/example_short_circuit_operator.py took 0.199 seconds
[2025-09-02T16:30:34.671+0000] {processor.py:157} INFO - Started process (PID=558) to work on /home/airflow/.local/lib/python3.7/site-packages/airflow/example_dags/example_short_circuit_operator.py
[2025-09-02T16:30:34.672+0000] {processor.py:826} INFO - Processing file /home/airflow/.local/lib/python3.7/site-packages/airflow/example_dags/example_short_circuit_operator.py for tasks to queue
[2025-09-02T16:30:34.674+0000] {logging_mixin.py:150} INFO - [2025-09-02T16:30:34.673+0000] {dagbag.py:541} INFO - Filling up the DagBag from /home/airflow/.local/lib/python3.7/site-packages/airflow/example_dags/example_short_circuit_operator.py
[2025-09-02T16:30:34.688+0000] {processor.py:836} INFO - DAG(s) dict_keys(['example_short_circuit_operator']) retrieved from /home/airflow/.local/lib/python3.7/site-packages/airflow/example_dags/example_short_circuit_operator.py
[2025-09-02T16:30:34.727+0000] {logging_mixin.py:150} INFO - [2025-09-02T16:30:34.726+0000] {dag.py:2742} INFO - Sync 1 DAGs
[2025-09-02T16:30:34.762+0000] {logging_mixin.py:150} INFO - [2025-09-02T16:30:34.761+0000] {dag.py:3508} INFO - Setting next_dagrun for example_short_circuit_operator to 2025-09-01T16:30:34.761425+00:00, run_after=2025-09-02T16:30:34.761425+00:00
[2025-09-02T16:30:34.792+0000] {processor.py:179} INFO - Processing /home/airflow/.local/lib/python3.7/site-packages/airflow/example_dags/example_short_circuit_operator.py took 0.125 seconds
