[2025-09-02T16:13:05.859+0000] {processor.py:157} INFO - Started process (PID=83) to work on /home/airflow/.local/lib/python3.7/site-packages/airflow/example_dags/example_dynamic_task_mapping_with_no_taskflow_operators.py
[2025-09-02T16:13:05.860+0000] {processor.py:826} INFO - Processing file /home/airflow/.local/lib/python3.7/site-packages/airflow/example_dags/example_dynamic_task_mapping_with_no_taskflow_operators.py for tasks to queue
[2025-09-02T16:13:05.863+0000] {logging_mixin.py:150} INFO - [2025-09-02T16:13:05.862+0000] {dagbag.py:541} INFO - Filling up the DagBag from /home/airflow/.local/lib/python3.7/site-packages/airflow/example_dags/example_dynamic_task_mapping_with_no_taskflow_operators.py
[2025-09-02T16:13:05.871+0000] {processor.py:836} INFO - DAG(s) dict_keys(['example_dynamic_task_mapping_with_no_taskflow_operators']) retrieved from /home/airflow/.local/lib/python3.7/site-packages/airflow/example_dags/example_dynamic_task_mapping_with_no_taskflow_operators.py
[2025-09-02T16:13:06.008+0000] {logging_mixin.py:150} INFO - [2025-09-02T16:13:06.007+0000] {manager.py:504} INFO - Created Permission View: can read on DAG:example_dynamic_task_mapping_with_no_taskflow_operators
[2025-09-02T16:13:06.025+0000] {logging_mixin.py:150} INFO - [2025-09-02T16:13:06.024+0000] {manager.py:504} INFO - Created Permission View: can edit on DAG:example_dynamic_task_mapping_with_no_taskflow_operators
[2025-09-02T16:13:06.039+0000] {logging_mixin.py:150} INFO - [2025-09-02T16:13:06.038+0000] {manager.py:504} INFO - Created Permission View: can delete on DAG:example_dynamic_task_mapping_with_no_taskflow_operators
[2025-09-02T16:13:06.061+0000] {logging_mixin.py:150} INFO - [2025-09-02T16:13:06.060+0000] {dag.py:2742} INFO - Sync 1 DAGs
[2025-09-02T16:13:06.075+0000] {logging_mixin.py:150} INFO - [2025-09-02T16:13:06.075+0000] {dag.py:2763} INFO - Creating ORM DAG for example_dynamic_task_mapping_with_no_taskflow_operators
[2025-09-02T16:13:06.089+0000] {logging_mixin.py:150} INFO - [2025-09-02T16:13:06.089+0000] {dag.py:3508} INFO - Setting next_dagrun for example_dynamic_task_mapping_with_no_taskflow_operators to 2025-09-01T16:13:06.089117+00:00, run_after=2025-09-02T16:13:06.089117+00:00
[2025-09-02T16:13:06.110+0000] {processor.py:179} INFO - Processing /home/airflow/.local/lib/python3.7/site-packages/airflow/example_dags/example_dynamic_task_mapping_with_no_taskflow_operators.py took 0.254 seconds
[2025-09-02T16:13:37.067+0000] {processor.py:157} INFO - Started process (PID=144) to work on /home/airflow/.local/lib/python3.7/site-packages/airflow/example_dags/example_dynamic_task_mapping_with_no_taskflow_operators.py
[2025-09-02T16:13:37.069+0000] {processor.py:826} INFO - Processing file /home/airflow/.local/lib/python3.7/site-packages/airflow/example_dags/example_dynamic_task_mapping_with_no_taskflow_operators.py for tasks to queue
[2025-09-02T16:13:37.070+0000] {logging_mixin.py:150} INFO - [2025-09-02T16:13:37.070+0000] {dagbag.py:541} INFO - Filling up the DagBag from /home/airflow/.local/lib/python3.7/site-packages/airflow/example_dags/example_dynamic_task_mapping_with_no_taskflow_operators.py
[2025-09-02T16:13:37.083+0000] {processor.py:836} INFO - DAG(s) dict_keys(['example_dynamic_task_mapping_with_no_taskflow_operators']) retrieved from /home/airflow/.local/lib/python3.7/site-packages/airflow/example_dags/example_dynamic_task_mapping_with_no_taskflow_operators.py
[2025-09-02T16:13:37.114+0000] {logging_mixin.py:150} INFO - [2025-09-02T16:13:37.114+0000] {dag.py:2742} INFO - Sync 1 DAGs
[2025-09-02T16:13:37.147+0000] {logging_mixin.py:150} INFO - [2025-09-02T16:13:37.147+0000] {dag.py:3508} INFO - Setting next_dagrun for example_dynamic_task_mapping_with_no_taskflow_operators to 2025-09-01T16:13:37.146694+00:00, run_after=2025-09-02T16:13:37.146694+00:00
[2025-09-02T16:13:37.175+0000] {processor.py:179} INFO - Processing /home/airflow/.local/lib/python3.7/site-packages/airflow/example_dags/example_dynamic_task_mapping_with_no_taskflow_operators.py took 0.114 seconds
[2025-09-02T16:14:07.572+0000] {processor.py:157} INFO - Started process (PID=203) to work on /home/airflow/.local/lib/python3.7/site-packages/airflow/example_dags/example_dynamic_task_mapping_with_no_taskflow_operators.py
[2025-09-02T16:14:07.574+0000] {processor.py:826} INFO - Processing file /home/airflow/.local/lib/python3.7/site-packages/airflow/example_dags/example_dynamic_task_mapping_with_no_taskflow_operators.py for tasks to queue
[2025-09-02T16:14:07.575+0000] {logging_mixin.py:150} INFO - [2025-09-02T16:14:07.574+0000] {dagbag.py:541} INFO - Filling up the DagBag from /home/airflow/.local/lib/python3.7/site-packages/airflow/example_dags/example_dynamic_task_mapping_with_no_taskflow_operators.py
[2025-09-02T16:14:07.584+0000] {processor.py:836} INFO - DAG(s) dict_keys(['example_dynamic_task_mapping_with_no_taskflow_operators']) retrieved from /home/airflow/.local/lib/python3.7/site-packages/airflow/example_dags/example_dynamic_task_mapping_with_no_taskflow_operators.py
[2025-09-02T16:14:07.614+0000] {logging_mixin.py:150} INFO - [2025-09-02T16:14:07.614+0000] {dag.py:2742} INFO - Sync 1 DAGs
[2025-09-02T16:14:07.649+0000] {logging_mixin.py:150} INFO - [2025-09-02T16:14:07.648+0000] {dag.py:3508} INFO - Setting next_dagrun for example_dynamic_task_mapping_with_no_taskflow_operators to 2025-09-01T16:14:07.648655+00:00, run_after=2025-09-02T16:14:07.648655+00:00
[2025-09-02T16:14:07.675+0000] {processor.py:179} INFO - Processing /home/airflow/.local/lib/python3.7/site-packages/airflow/example_dags/example_dynamic_task_mapping_with_no_taskflow_operators.py took 0.106 seconds
[2025-09-02T16:14:38.241+0000] {processor.py:157} INFO - Started process (PID=263) to work on /home/airflow/.local/lib/python3.7/site-packages/airflow/example_dags/example_dynamic_task_mapping_with_no_taskflow_operators.py
[2025-09-02T16:14:38.242+0000] {processor.py:826} INFO - Processing file /home/airflow/.local/lib/python3.7/site-packages/airflow/example_dags/example_dynamic_task_mapping_with_no_taskflow_operators.py for tasks to queue
[2025-09-02T16:14:38.243+0000] {logging_mixin.py:150} INFO - [2025-09-02T16:14:38.243+0000] {dagbag.py:541} INFO - Filling up the DagBag from /home/airflow/.local/lib/python3.7/site-packages/airflow/example_dags/example_dynamic_task_mapping_with_no_taskflow_operators.py
[2025-09-02T16:14:38.251+0000] {processor.py:836} INFO - DAG(s) dict_keys(['example_dynamic_task_mapping_with_no_taskflow_operators']) retrieved from /home/airflow/.local/lib/python3.7/site-packages/airflow/example_dags/example_dynamic_task_mapping_with_no_taskflow_operators.py
[2025-09-02T16:14:38.279+0000] {logging_mixin.py:150} INFO - [2025-09-02T16:14:38.278+0000] {dag.py:2742} INFO - Sync 1 DAGs
[2025-09-02T16:14:38.317+0000] {logging_mixin.py:150} INFO - [2025-09-02T16:14:38.317+0000] {dag.py:3508} INFO - Setting next_dagrun for example_dynamic_task_mapping_with_no_taskflow_operators to 2025-09-01T16:14:38.317351+00:00, run_after=2025-09-02T16:14:38.317351+00:00
[2025-09-02T16:14:38.351+0000] {processor.py:179} INFO - Processing /home/airflow/.local/lib/python3.7/site-packages/airflow/example_dags/example_dynamic_task_mapping_with_no_taskflow_operators.py took 0.114 seconds
[2025-09-02T16:15:08.768+0000] {processor.py:157} INFO - Started process (PID=323) to work on /home/airflow/.local/lib/python3.7/site-packages/airflow/example_dags/example_dynamic_task_mapping_with_no_taskflow_operators.py
[2025-09-02T16:15:08.769+0000] {processor.py:826} INFO - Processing file /home/airflow/.local/lib/python3.7/site-packages/airflow/example_dags/example_dynamic_task_mapping_with_no_taskflow_operators.py for tasks to queue
[2025-09-02T16:15:08.770+0000] {logging_mixin.py:150} INFO - [2025-09-02T16:15:08.769+0000] {dagbag.py:541} INFO - Filling up the DagBag from /home/airflow/.local/lib/python3.7/site-packages/airflow/example_dags/example_dynamic_task_mapping_with_no_taskflow_operators.py
[2025-09-02T16:15:08.778+0000] {processor.py:836} INFO - DAG(s) dict_keys(['example_dynamic_task_mapping_with_no_taskflow_operators']) retrieved from /home/airflow/.local/lib/python3.7/site-packages/airflow/example_dags/example_dynamic_task_mapping_with_no_taskflow_operators.py
[2025-09-02T16:15:08.811+0000] {logging_mixin.py:150} INFO - [2025-09-02T16:15:08.810+0000] {dag.py:2742} INFO - Sync 1 DAGs
[2025-09-02T16:15:08.848+0000] {logging_mixin.py:150} INFO - [2025-09-02T16:15:08.848+0000] {dag.py:3508} INFO - Setting next_dagrun for example_dynamic_task_mapping_with_no_taskflow_operators to 2025-09-01T16:15:08.847722+00:00, run_after=2025-09-02T16:15:08.847722+00:00
[2025-09-02T16:15:08.879+0000] {processor.py:179} INFO - Processing /home/airflow/.local/lib/python3.7/site-packages/airflow/example_dags/example_dynamic_task_mapping_with_no_taskflow_operators.py took 0.115 seconds
[2025-09-02T16:15:39.296+0000] {processor.py:157} INFO - Started process (PID=383) to work on /home/airflow/.local/lib/python3.7/site-packages/airflow/example_dags/example_dynamic_task_mapping_with_no_taskflow_operators.py
[2025-09-02T16:15:39.297+0000] {processor.py:826} INFO - Processing file /home/airflow/.local/lib/python3.7/site-packages/airflow/example_dags/example_dynamic_task_mapping_with_no_taskflow_operators.py for tasks to queue
[2025-09-02T16:15:39.298+0000] {logging_mixin.py:150} INFO - [2025-09-02T16:15:39.298+0000] {dagbag.py:541} INFO - Filling up the DagBag from /home/airflow/.local/lib/python3.7/site-packages/airflow/example_dags/example_dynamic_task_mapping_with_no_taskflow_operators.py
[2025-09-02T16:15:39.307+0000] {processor.py:836} INFO - DAG(s) dict_keys(['example_dynamic_task_mapping_with_no_taskflow_operators']) retrieved from /home/airflow/.local/lib/python3.7/site-packages/airflow/example_dags/example_dynamic_task_mapping_with_no_taskflow_operators.py
[2025-09-02T16:15:39.336+0000] {logging_mixin.py:150} INFO - [2025-09-02T16:15:39.335+0000] {dag.py:2742} INFO - Sync 1 DAGs
[2025-09-02T16:15:39.374+0000] {logging_mixin.py:150} INFO - [2025-09-02T16:15:39.374+0000] {dag.py:3508} INFO - Setting next_dagrun for example_dynamic_task_mapping_with_no_taskflow_operators to 2025-09-01T16:15:39.374160+00:00, run_after=2025-09-02T16:15:39.374160+00:00
[2025-09-02T16:15:39.399+0000] {processor.py:179} INFO - Processing /home/airflow/.local/lib/python3.7/site-packages/airflow/example_dags/example_dynamic_task_mapping_with_no_taskflow_operators.py took 0.106 seconds
[2025-09-02T16:16:10.390+0000] {processor.py:157} INFO - Started process (PID=443) to work on /home/airflow/.local/lib/python3.7/site-packages/airflow/example_dags/example_dynamic_task_mapping_with_no_taskflow_operators.py
[2025-09-02T16:16:10.391+0000] {processor.py:826} INFO - Processing file /home/airflow/.local/lib/python3.7/site-packages/airflow/example_dags/example_dynamic_task_mapping_with_no_taskflow_operators.py for tasks to queue
[2025-09-02T16:16:10.392+0000] {logging_mixin.py:150} INFO - [2025-09-02T16:16:10.391+0000] {dagbag.py:541} INFO - Filling up the DagBag from /home/airflow/.local/lib/python3.7/site-packages/airflow/example_dags/example_dynamic_task_mapping_with_no_taskflow_operators.py
[2025-09-02T16:16:10.402+0000] {processor.py:836} INFO - DAG(s) dict_keys(['example_dynamic_task_mapping_with_no_taskflow_operators']) retrieved from /home/airflow/.local/lib/python3.7/site-packages/airflow/example_dags/example_dynamic_task_mapping_with_no_taskflow_operators.py
[2025-09-02T16:16:10.433+0000] {logging_mixin.py:150} INFO - [2025-09-02T16:16:10.433+0000] {dag.py:2742} INFO - Sync 1 DAGs
[2025-09-02T16:16:10.469+0000] {logging_mixin.py:150} INFO - [2025-09-02T16:16:10.469+0000] {dag.py:3508} INFO - Setting next_dagrun for example_dynamic_task_mapping_with_no_taskflow_operators to 2025-09-01T16:16:10.468711+00:00, run_after=2025-09-02T16:16:10.468711+00:00
[2025-09-02T16:16:10.500+0000] {processor.py:179} INFO - Processing /home/airflow/.local/lib/python3.7/site-packages/airflow/example_dags/example_dynamic_task_mapping_with_no_taskflow_operators.py took 0.114 seconds
[2025-09-02T16:16:41.267+0000] {processor.py:157} INFO - Started process (PID=503) to work on /home/airflow/.local/lib/python3.7/site-packages/airflow/example_dags/example_dynamic_task_mapping_with_no_taskflow_operators.py
[2025-09-02T16:16:41.268+0000] {processor.py:826} INFO - Processing file /home/airflow/.local/lib/python3.7/site-packages/airflow/example_dags/example_dynamic_task_mapping_with_no_taskflow_operators.py for tasks to queue
[2025-09-02T16:16:41.269+0000] {logging_mixin.py:150} INFO - [2025-09-02T16:16:41.269+0000] {dagbag.py:541} INFO - Filling up the DagBag from /home/airflow/.local/lib/python3.7/site-packages/airflow/example_dags/example_dynamic_task_mapping_with_no_taskflow_operators.py
[2025-09-02T16:16:41.278+0000] {processor.py:836} INFO - DAG(s) dict_keys(['example_dynamic_task_mapping_with_no_taskflow_operators']) retrieved from /home/airflow/.local/lib/python3.7/site-packages/airflow/example_dags/example_dynamic_task_mapping_with_no_taskflow_operators.py
[2025-09-02T16:16:41.306+0000] {logging_mixin.py:150} INFO - [2025-09-02T16:16:41.306+0000] {dag.py:2742} INFO - Sync 1 DAGs
[2025-09-02T16:16:41.343+0000] {logging_mixin.py:150} INFO - [2025-09-02T16:16:41.342+0000] {dag.py:3508} INFO - Setting next_dagrun for example_dynamic_task_mapping_with_no_taskflow_operators to 2025-09-01T16:16:41.342579+00:00, run_after=2025-09-02T16:16:41.342579+00:00
[2025-09-02T16:16:41.369+0000] {processor.py:179} INFO - Processing /home/airflow/.local/lib/python3.7/site-packages/airflow/example_dags/example_dynamic_task_mapping_with_no_taskflow_operators.py took 0.108 seconds
[2025-09-02T16:17:11.683+0000] {processor.py:157} INFO - Started process (PID=562) to work on /home/airflow/.local/lib/python3.7/site-packages/airflow/example_dags/example_dynamic_task_mapping_with_no_taskflow_operators.py
[2025-09-02T16:17:11.684+0000] {processor.py:826} INFO - Processing file /home/airflow/.local/lib/python3.7/site-packages/airflow/example_dags/example_dynamic_task_mapping_with_no_taskflow_operators.py for tasks to queue
[2025-09-02T16:17:11.685+0000] {logging_mixin.py:150} INFO - [2025-09-02T16:17:11.685+0000] {dagbag.py:541} INFO - Filling up the DagBag from /home/airflow/.local/lib/python3.7/site-packages/airflow/example_dags/example_dynamic_task_mapping_with_no_taskflow_operators.py
[2025-09-02T16:17:11.698+0000] {processor.py:836} INFO - DAG(s) dict_keys(['example_dynamic_task_mapping_with_no_taskflow_operators']) retrieved from /home/airflow/.local/lib/python3.7/site-packages/airflow/example_dags/example_dynamic_task_mapping_with_no_taskflow_operators.py
[2025-09-02T16:17:11.747+0000] {logging_mixin.py:150} INFO - [2025-09-02T16:17:11.747+0000] {dag.py:2742} INFO - Sync 1 DAGs
[2025-09-02T16:17:11.795+0000] {logging_mixin.py:150} INFO - [2025-09-02T16:17:11.794+0000] {dag.py:3508} INFO - Setting next_dagrun for example_dynamic_task_mapping_with_no_taskflow_operators to 2025-09-01T16:17:11.794478+00:00, run_after=2025-09-02T16:17:11.794478+00:00
[2025-09-02T16:17:11.859+0000] {processor.py:179} INFO - Processing /home/airflow/.local/lib/python3.7/site-packages/airflow/example_dags/example_dynamic_task_mapping_with_no_taskflow_operators.py took 0.186 seconds
[2025-09-02T16:17:42.479+0000] {processor.py:157} INFO - Started process (PID=616) to work on /home/airflow/.local/lib/python3.7/site-packages/airflow/example_dags/example_dynamic_task_mapping_with_no_taskflow_operators.py
[2025-09-02T16:17:42.480+0000] {processor.py:826} INFO - Processing file /home/airflow/.local/lib/python3.7/site-packages/airflow/example_dags/example_dynamic_task_mapping_with_no_taskflow_operators.py for tasks to queue
[2025-09-02T16:17:42.481+0000] {logging_mixin.py:150} INFO - [2025-09-02T16:17:42.481+0000] {dagbag.py:541} INFO - Filling up the DagBag from /home/airflow/.local/lib/python3.7/site-packages/airflow/example_dags/example_dynamic_task_mapping_with_no_taskflow_operators.py
[2025-09-02T16:17:42.491+0000] {processor.py:836} INFO - DAG(s) dict_keys(['example_dynamic_task_mapping_with_no_taskflow_operators']) retrieved from /home/airflow/.local/lib/python3.7/site-packages/airflow/example_dags/example_dynamic_task_mapping_with_no_taskflow_operators.py
[2025-09-02T16:17:42.522+0000] {logging_mixin.py:150} INFO - [2025-09-02T16:17:42.522+0000] {dag.py:2742} INFO - Sync 1 DAGs
[2025-09-02T16:17:42.556+0000] {logging_mixin.py:150} INFO - [2025-09-02T16:17:42.556+0000] {dag.py:3508} INFO - Setting next_dagrun for example_dynamic_task_mapping_with_no_taskflow_operators to 2025-09-01T16:17:42.555931+00:00, run_after=2025-09-02T16:17:42.555931+00:00
[2025-09-02T16:17:42.591+0000] {processor.py:179} INFO - Processing /home/airflow/.local/lib/python3.7/site-packages/airflow/example_dags/example_dynamic_task_mapping_with_no_taskflow_operators.py took 0.116 seconds
[2025-09-02T16:18:12.950+0000] {processor.py:157} INFO - Started process (PID=676) to work on /home/airflow/.local/lib/python3.7/site-packages/airflow/example_dags/example_dynamic_task_mapping_with_no_taskflow_operators.py
[2025-09-02T16:18:12.951+0000] {processor.py:826} INFO - Processing file /home/airflow/.local/lib/python3.7/site-packages/airflow/example_dags/example_dynamic_task_mapping_with_no_taskflow_operators.py for tasks to queue
[2025-09-02T16:18:12.952+0000] {logging_mixin.py:150} INFO - [2025-09-02T16:18:12.952+0000] {dagbag.py:541} INFO - Filling up the DagBag from /home/airflow/.local/lib/python3.7/site-packages/airflow/example_dags/example_dynamic_task_mapping_with_no_taskflow_operators.py
[2025-09-02T16:18:12.968+0000] {processor.py:836} INFO - DAG(s) dict_keys(['example_dynamic_task_mapping_with_no_taskflow_operators']) retrieved from /home/airflow/.local/lib/python3.7/site-packages/airflow/example_dags/example_dynamic_task_mapping_with_no_taskflow_operators.py
[2025-09-02T16:18:12.999+0000] {logging_mixin.py:150} INFO - [2025-09-02T16:18:12.999+0000] {dag.py:2742} INFO - Sync 1 DAGs
[2025-09-02T16:18:13.038+0000] {logging_mixin.py:150} INFO - [2025-09-02T16:18:13.038+0000] {dag.py:3508} INFO - Setting next_dagrun for example_dynamic_task_mapping_with_no_taskflow_operators to 2025-09-01T16:18:13.037905+00:00, run_after=2025-09-02T16:18:13.037905+00:00
[2025-09-02T16:18:13.065+0000] {processor.py:179} INFO - Processing /home/airflow/.local/lib/python3.7/site-packages/airflow/example_dags/example_dynamic_task_mapping_with_no_taskflow_operators.py took 0.120 seconds
[2025-09-02T16:18:43.511+0000] {processor.py:157} INFO - Started process (PID=736) to work on /home/airflow/.local/lib/python3.7/site-packages/airflow/example_dags/example_dynamic_task_mapping_with_no_taskflow_operators.py
[2025-09-02T16:18:43.512+0000] {processor.py:826} INFO - Processing file /home/airflow/.local/lib/python3.7/site-packages/airflow/example_dags/example_dynamic_task_mapping_with_no_taskflow_operators.py for tasks to queue
[2025-09-02T16:18:43.513+0000] {logging_mixin.py:150} INFO - [2025-09-02T16:18:43.512+0000] {dagbag.py:541} INFO - Filling up the DagBag from /home/airflow/.local/lib/python3.7/site-packages/airflow/example_dags/example_dynamic_task_mapping_with_no_taskflow_operators.py
[2025-09-02T16:18:43.523+0000] {processor.py:836} INFO - DAG(s) dict_keys(['example_dynamic_task_mapping_with_no_taskflow_operators']) retrieved from /home/airflow/.local/lib/python3.7/site-packages/airflow/example_dags/example_dynamic_task_mapping_with_no_taskflow_operators.py
[2025-09-02T16:18:43.556+0000] {logging_mixin.py:150} INFO - [2025-09-02T16:18:43.556+0000] {dag.py:2742} INFO - Sync 1 DAGs
[2025-09-02T16:18:43.593+0000] {logging_mixin.py:150} INFO - [2025-09-02T16:18:43.593+0000] {dag.py:3508} INFO - Setting next_dagrun for example_dynamic_task_mapping_with_no_taskflow_operators to 2025-09-01T16:18:43.592854+00:00, run_after=2025-09-02T16:18:43.592854+00:00
[2025-09-02T16:18:43.629+0000] {processor.py:179} INFO - Processing /home/airflow/.local/lib/python3.7/site-packages/airflow/example_dags/example_dynamic_task_mapping_with_no_taskflow_operators.py took 0.125 seconds
[2025-09-02T16:19:14.251+0000] {processor.py:157} INFO - Started process (PID=796) to work on /home/airflow/.local/lib/python3.7/site-packages/airflow/example_dags/example_dynamic_task_mapping_with_no_taskflow_operators.py
[2025-09-02T16:19:14.252+0000] {processor.py:826} INFO - Processing file /home/airflow/.local/lib/python3.7/site-packages/airflow/example_dags/example_dynamic_task_mapping_with_no_taskflow_operators.py for tasks to queue
[2025-09-02T16:19:14.253+0000] {logging_mixin.py:150} INFO - [2025-09-02T16:19:14.253+0000] {dagbag.py:541} INFO - Filling up the DagBag from /home/airflow/.local/lib/python3.7/site-packages/airflow/example_dags/example_dynamic_task_mapping_with_no_taskflow_operators.py
[2025-09-02T16:19:14.260+0000] {processor.py:836} INFO - DAG(s) dict_keys(['example_dynamic_task_mapping_with_no_taskflow_operators']) retrieved from /home/airflow/.local/lib/python3.7/site-packages/airflow/example_dags/example_dynamic_task_mapping_with_no_taskflow_operators.py
[2025-09-02T16:19:14.282+0000] {logging_mixin.py:150} INFO - [2025-09-02T16:19:14.282+0000] {dag.py:2742} INFO - Sync 1 DAGs
[2025-09-02T16:19:14.316+0000] {logging_mixin.py:150} INFO - [2025-09-02T16:19:14.316+0000] {dag.py:3508} INFO - Setting next_dagrun for example_dynamic_task_mapping_with_no_taskflow_operators to 2025-09-01T16:19:14.315732+00:00, run_after=2025-09-02T16:19:14.315732+00:00
[2025-09-02T16:19:14.345+0000] {processor.py:179} INFO - Processing /home/airflow/.local/lib/python3.7/site-packages/airflow/example_dags/example_dynamic_task_mapping_with_no_taskflow_operators.py took 0.098 seconds
[2025-09-02T16:19:44.948+0000] {processor.py:157} INFO - Started process (PID=856) to work on /home/airflow/.local/lib/python3.7/site-packages/airflow/example_dags/example_dynamic_task_mapping_with_no_taskflow_operators.py
[2025-09-02T16:19:44.950+0000] {processor.py:826} INFO - Processing file /home/airflow/.local/lib/python3.7/site-packages/airflow/example_dags/example_dynamic_task_mapping_with_no_taskflow_operators.py for tasks to queue
[2025-09-02T16:19:44.951+0000] {logging_mixin.py:150} INFO - [2025-09-02T16:19:44.951+0000] {dagbag.py:541} INFO - Filling up the DagBag from /home/airflow/.local/lib/python3.7/site-packages/airflow/example_dags/example_dynamic_task_mapping_with_no_taskflow_operators.py
[2025-09-02T16:19:44.964+0000] {processor.py:836} INFO - DAG(s) dict_keys(['example_dynamic_task_mapping_with_no_taskflow_operators']) retrieved from /home/airflow/.local/lib/python3.7/site-packages/airflow/example_dags/example_dynamic_task_mapping_with_no_taskflow_operators.py
[2025-09-02T16:19:44.996+0000] {logging_mixin.py:150} INFO - [2025-09-02T16:19:44.996+0000] {dag.py:2742} INFO - Sync 1 DAGs
[2025-09-02T16:19:45.032+0000] {logging_mixin.py:150} INFO - [2025-09-02T16:19:45.032+0000] {dag.py:3508} INFO - Setting next_dagrun for example_dynamic_task_mapping_with_no_taskflow_operators to 2025-09-01T16:19:45.032350+00:00, run_after=2025-09-02T16:19:45.032350+00:00
[2025-09-02T16:19:45.061+0000] {processor.py:179} INFO - Processing /home/airflow/.local/lib/python3.7/site-packages/airflow/example_dags/example_dynamic_task_mapping_with_no_taskflow_operators.py took 0.125 seconds
[2025-09-02T16:20:15.884+0000] {processor.py:157} INFO - Started process (PID=916) to work on /home/airflow/.local/lib/python3.7/site-packages/airflow/example_dags/example_dynamic_task_mapping_with_no_taskflow_operators.py
[2025-09-02T16:20:15.885+0000] {processor.py:826} INFO - Processing file /home/airflow/.local/lib/python3.7/site-packages/airflow/example_dags/example_dynamic_task_mapping_with_no_taskflow_operators.py for tasks to queue
[2025-09-02T16:20:15.886+0000] {logging_mixin.py:150} INFO - [2025-09-02T16:20:15.886+0000] {dagbag.py:541} INFO - Filling up the DagBag from /home/airflow/.local/lib/python3.7/site-packages/airflow/example_dags/example_dynamic_task_mapping_with_no_taskflow_operators.py
[2025-09-02T16:20:15.896+0000] {processor.py:836} INFO - DAG(s) dict_keys(['example_dynamic_task_mapping_with_no_taskflow_operators']) retrieved from /home/airflow/.local/lib/python3.7/site-packages/airflow/example_dags/example_dynamic_task_mapping_with_no_taskflow_operators.py
[2025-09-02T16:20:15.930+0000] {logging_mixin.py:150} INFO - [2025-09-02T16:20:15.930+0000] {dag.py:2742} INFO - Sync 1 DAGs
[2025-09-02T16:20:15.964+0000] {logging_mixin.py:150} INFO - [2025-09-02T16:20:15.964+0000] {dag.py:3508} INFO - Setting next_dagrun for example_dynamic_task_mapping_with_no_taskflow_operators to 2025-09-01T16:20:15.963933+00:00, run_after=2025-09-02T16:20:15.963933+00:00
[2025-09-02T16:20:15.998+0000] {processor.py:179} INFO - Processing /home/airflow/.local/lib/python3.7/site-packages/airflow/example_dags/example_dynamic_task_mapping_with_no_taskflow_operators.py took 0.118 seconds
[2025-09-02T16:20:46.458+0000] {processor.py:157} INFO - Started process (PID=976) to work on /home/airflow/.local/lib/python3.7/site-packages/airflow/example_dags/example_dynamic_task_mapping_with_no_taskflow_operators.py
[2025-09-02T16:20:46.459+0000] {processor.py:826} INFO - Processing file /home/airflow/.local/lib/python3.7/site-packages/airflow/example_dags/example_dynamic_task_mapping_with_no_taskflow_operators.py for tasks to queue
[2025-09-02T16:20:46.461+0000] {logging_mixin.py:150} INFO - [2025-09-02T16:20:46.460+0000] {dagbag.py:541} INFO - Filling up the DagBag from /home/airflow/.local/lib/python3.7/site-packages/airflow/example_dags/example_dynamic_task_mapping_with_no_taskflow_operators.py
[2025-09-02T16:20:46.477+0000] {processor.py:836} INFO - DAG(s) dict_keys(['example_dynamic_task_mapping_with_no_taskflow_operators']) retrieved from /home/airflow/.local/lib/python3.7/site-packages/airflow/example_dags/example_dynamic_task_mapping_with_no_taskflow_operators.py
[2025-09-02T16:20:46.513+0000] {logging_mixin.py:150} INFO - [2025-09-02T16:20:46.513+0000] {dag.py:2742} INFO - Sync 1 DAGs
[2025-09-02T16:20:46.554+0000] {logging_mixin.py:150} INFO - [2025-09-02T16:20:46.553+0000] {dag.py:3508} INFO - Setting next_dagrun for example_dynamic_task_mapping_with_no_taskflow_operators to 2025-09-01T16:20:46.553599+00:00, run_after=2025-09-02T16:20:46.553599+00:00
[2025-09-02T16:20:46.593+0000] {processor.py:179} INFO - Processing /home/airflow/.local/lib/python3.7/site-packages/airflow/example_dags/example_dynamic_task_mapping_with_no_taskflow_operators.py took 0.145 seconds
[2025-09-02T16:21:17.097+0000] {processor.py:157} INFO - Started process (PID=1036) to work on /home/airflow/.local/lib/python3.7/site-packages/airflow/example_dags/example_dynamic_task_mapping_with_no_taskflow_operators.py
[2025-09-02T16:21:17.098+0000] {processor.py:826} INFO - Processing file /home/airflow/.local/lib/python3.7/site-packages/airflow/example_dags/example_dynamic_task_mapping_with_no_taskflow_operators.py for tasks to queue
[2025-09-02T16:21:17.099+0000] {logging_mixin.py:150} INFO - [2025-09-02T16:21:17.099+0000] {dagbag.py:541} INFO - Filling up the DagBag from /home/airflow/.local/lib/python3.7/site-packages/airflow/example_dags/example_dynamic_task_mapping_with_no_taskflow_operators.py
[2025-09-02T16:21:17.114+0000] {processor.py:836} INFO - DAG(s) dict_keys(['example_dynamic_task_mapping_with_no_taskflow_operators']) retrieved from /home/airflow/.local/lib/python3.7/site-packages/airflow/example_dags/example_dynamic_task_mapping_with_no_taskflow_operators.py
[2025-09-02T16:21:17.174+0000] {logging_mixin.py:150} INFO - [2025-09-02T16:21:17.173+0000] {dag.py:2742} INFO - Sync 1 DAGs
[2025-09-02T16:21:17.236+0000] {logging_mixin.py:150} INFO - [2025-09-02T16:21:17.235+0000] {dag.py:3508} INFO - Setting next_dagrun for example_dynamic_task_mapping_with_no_taskflow_operators to 2025-09-01T16:21:17.235097+00:00, run_after=2025-09-02T16:21:17.235097+00:00
[2025-09-02T16:21:17.304+0000] {processor.py:179} INFO - Processing /home/airflow/.local/lib/python3.7/site-packages/airflow/example_dags/example_dynamic_task_mapping_with_no_taskflow_operators.py took 0.214 seconds
[2025-09-02T16:21:47.907+0000] {processor.py:157} INFO - Started process (PID=1096) to work on /home/airflow/.local/lib/python3.7/site-packages/airflow/example_dags/example_dynamic_task_mapping_with_no_taskflow_operators.py
[2025-09-02T16:21:47.909+0000] {processor.py:826} INFO - Processing file /home/airflow/.local/lib/python3.7/site-packages/airflow/example_dags/example_dynamic_task_mapping_with_no_taskflow_operators.py for tasks to queue
[2025-09-02T16:21:47.911+0000] {logging_mixin.py:150} INFO - [2025-09-02T16:21:47.910+0000] {dagbag.py:541} INFO - Filling up the DagBag from /home/airflow/.local/lib/python3.7/site-packages/airflow/example_dags/example_dynamic_task_mapping_with_no_taskflow_operators.py
[2025-09-02T16:21:47.925+0000] {processor.py:836} INFO - DAG(s) dict_keys(['example_dynamic_task_mapping_with_no_taskflow_operators']) retrieved from /home/airflow/.local/lib/python3.7/site-packages/airflow/example_dags/example_dynamic_task_mapping_with_no_taskflow_operators.py
[2025-09-02T16:21:47.960+0000] {logging_mixin.py:150} INFO - [2025-09-02T16:21:47.959+0000] {dag.py:2742} INFO - Sync 1 DAGs
[2025-09-02T16:21:48.001+0000] {logging_mixin.py:150} INFO - [2025-09-02T16:21:48.000+0000] {dag.py:3508} INFO - Setting next_dagrun for example_dynamic_task_mapping_with_no_taskflow_operators to 2025-09-01T16:21:47.999794+00:00, run_after=2025-09-02T16:21:47.999794+00:00
[2025-09-02T16:21:48.057+0000] {processor.py:179} INFO - Processing /home/airflow/.local/lib/python3.7/site-packages/airflow/example_dags/example_dynamic_task_mapping_with_no_taskflow_operators.py took 0.158 seconds
[2025-09-02T16:22:18.500+0000] {processor.py:157} INFO - Started process (PID=1156) to work on /home/airflow/.local/lib/python3.7/site-packages/airflow/example_dags/example_dynamic_task_mapping_with_no_taskflow_operators.py
[2025-09-02T16:22:18.501+0000] {processor.py:826} INFO - Processing file /home/airflow/.local/lib/python3.7/site-packages/airflow/example_dags/example_dynamic_task_mapping_with_no_taskflow_operators.py for tasks to queue
[2025-09-02T16:22:18.502+0000] {logging_mixin.py:150} INFO - [2025-09-02T16:22:18.502+0000] {dagbag.py:541} INFO - Filling up the DagBag from /home/airflow/.local/lib/python3.7/site-packages/airflow/example_dags/example_dynamic_task_mapping_with_no_taskflow_operators.py
[2025-09-02T16:22:18.517+0000] {processor.py:836} INFO - DAG(s) dict_keys(['example_dynamic_task_mapping_with_no_taskflow_operators']) retrieved from /home/airflow/.local/lib/python3.7/site-packages/airflow/example_dags/example_dynamic_task_mapping_with_no_taskflow_operators.py
[2025-09-02T16:22:18.544+0000] {logging_mixin.py:150} INFO - [2025-09-02T16:22:18.544+0000] {dag.py:2742} INFO - Sync 1 DAGs
[2025-09-02T16:22:18.577+0000] {logging_mixin.py:150} INFO - [2025-09-02T16:22:18.577+0000] {dag.py:3508} INFO - Setting next_dagrun for example_dynamic_task_mapping_with_no_taskflow_operators to 2025-09-01T16:22:18.577247+00:00, run_after=2025-09-02T16:22:18.577247+00:00
[2025-09-02T16:22:18.604+0000] {processor.py:179} INFO - Processing /home/airflow/.local/lib/python3.7/site-packages/airflow/example_dags/example_dynamic_task_mapping_with_no_taskflow_operators.py took 0.110 seconds
[2025-09-02T16:22:49.024+0000] {processor.py:157} INFO - Started process (PID=1216) to work on /home/airflow/.local/lib/python3.7/site-packages/airflow/example_dags/example_dynamic_task_mapping_with_no_taskflow_operators.py
[2025-09-02T16:22:49.027+0000] {processor.py:826} INFO - Processing file /home/airflow/.local/lib/python3.7/site-packages/airflow/example_dags/example_dynamic_task_mapping_with_no_taskflow_operators.py for tasks to queue
[2025-09-02T16:22:49.029+0000] {logging_mixin.py:150} INFO - [2025-09-02T16:22:49.028+0000] {dagbag.py:541} INFO - Filling up the DagBag from /home/airflow/.local/lib/python3.7/site-packages/airflow/example_dags/example_dynamic_task_mapping_with_no_taskflow_operators.py
[2025-09-02T16:22:49.042+0000] {processor.py:836} INFO - DAG(s) dict_keys(['example_dynamic_task_mapping_with_no_taskflow_operators']) retrieved from /home/airflow/.local/lib/python3.7/site-packages/airflow/example_dags/example_dynamic_task_mapping_with_no_taskflow_operators.py
[2025-09-02T16:22:49.079+0000] {logging_mixin.py:150} INFO - [2025-09-02T16:22:49.079+0000] {dag.py:2742} INFO - Sync 1 DAGs
[2025-09-02T16:22:49.122+0000] {logging_mixin.py:150} INFO - [2025-09-02T16:22:49.121+0000] {dag.py:3508} INFO - Setting next_dagrun for example_dynamic_task_mapping_with_no_taskflow_operators to 2025-09-01T16:22:49.121544+00:00, run_after=2025-09-02T16:22:49.121544+00:00
[2025-09-02T16:22:49.154+0000] {processor.py:179} INFO - Processing /home/airflow/.local/lib/python3.7/site-packages/airflow/example_dags/example_dynamic_task_mapping_with_no_taskflow_operators.py took 0.140 seconds
[2025-09-02T16:23:19.439+0000] {processor.py:157} INFO - Started process (PID=1276) to work on /home/airflow/.local/lib/python3.7/site-packages/airflow/example_dags/example_dynamic_task_mapping_with_no_taskflow_operators.py
[2025-09-02T16:23:19.440+0000] {processor.py:826} INFO - Processing file /home/airflow/.local/lib/python3.7/site-packages/airflow/example_dags/example_dynamic_task_mapping_with_no_taskflow_operators.py for tasks to queue
[2025-09-02T16:23:19.441+0000] {logging_mixin.py:150} INFO - [2025-09-02T16:23:19.441+0000] {dagbag.py:541} INFO - Filling up the DagBag from /home/airflow/.local/lib/python3.7/site-packages/airflow/example_dags/example_dynamic_task_mapping_with_no_taskflow_operators.py
[2025-09-02T16:23:19.452+0000] {processor.py:836} INFO - DAG(s) dict_keys(['example_dynamic_task_mapping_with_no_taskflow_operators']) retrieved from /home/airflow/.local/lib/python3.7/site-packages/airflow/example_dags/example_dynamic_task_mapping_with_no_taskflow_operators.py
[2025-09-02T16:23:19.484+0000] {logging_mixin.py:150} INFO - [2025-09-02T16:23:19.484+0000] {dag.py:2742} INFO - Sync 1 DAGs
[2025-09-02T16:23:19.522+0000] {logging_mixin.py:150} INFO - [2025-09-02T16:23:19.522+0000] {dag.py:3508} INFO - Setting next_dagrun for example_dynamic_task_mapping_with_no_taskflow_operators to 2025-09-01T16:23:19.521947+00:00, run_after=2025-09-02T16:23:19.521947+00:00
[2025-09-02T16:23:19.553+0000] {processor.py:179} INFO - Processing /home/airflow/.local/lib/python3.7/site-packages/airflow/example_dags/example_dynamic_task_mapping_with_no_taskflow_operators.py took 0.120 seconds
[2025-09-02T16:23:49.854+0000] {processor.py:157} INFO - Started process (PID=1336) to work on /home/airflow/.local/lib/python3.7/site-packages/airflow/example_dags/example_dynamic_task_mapping_with_no_taskflow_operators.py
[2025-09-02T16:23:49.856+0000] {processor.py:826} INFO - Processing file /home/airflow/.local/lib/python3.7/site-packages/airflow/example_dags/example_dynamic_task_mapping_with_no_taskflow_operators.py for tasks to queue
[2025-09-02T16:23:49.857+0000] {logging_mixin.py:150} INFO - [2025-09-02T16:23:49.857+0000] {dagbag.py:541} INFO - Filling up the DagBag from /home/airflow/.local/lib/python3.7/site-packages/airflow/example_dags/example_dynamic_task_mapping_with_no_taskflow_operators.py
[2025-09-02T16:23:49.868+0000] {processor.py:836} INFO - DAG(s) dict_keys(['example_dynamic_task_mapping_with_no_taskflow_operators']) retrieved from /home/airflow/.local/lib/python3.7/site-packages/airflow/example_dags/example_dynamic_task_mapping_with_no_taskflow_operators.py
[2025-09-02T16:23:49.908+0000] {logging_mixin.py:150} INFO - [2025-09-02T16:23:49.907+0000] {dag.py:2742} INFO - Sync 1 DAGs
[2025-09-02T16:23:49.948+0000] {logging_mixin.py:150} INFO - [2025-09-02T16:23:49.947+0000] {dag.py:3508} INFO - Setting next_dagrun for example_dynamic_task_mapping_with_no_taskflow_operators to 2025-09-01T16:23:49.947392+00:00, run_after=2025-09-02T16:23:49.947392+00:00
[2025-09-02T16:23:49.978+0000] {processor.py:179} INFO - Processing /home/airflow/.local/lib/python3.7/site-packages/airflow/example_dags/example_dynamic_task_mapping_with_no_taskflow_operators.py took 0.130 seconds
[2025-09-02T16:24:20.512+0000] {processor.py:157} INFO - Started process (PID=1396) to work on /home/airflow/.local/lib/python3.7/site-packages/airflow/example_dags/example_dynamic_task_mapping_with_no_taskflow_operators.py
[2025-09-02T16:24:20.515+0000] {processor.py:826} INFO - Processing file /home/airflow/.local/lib/python3.7/site-packages/airflow/example_dags/example_dynamic_task_mapping_with_no_taskflow_operators.py for tasks to queue
[2025-09-02T16:24:20.519+0000] {logging_mixin.py:150} INFO - [2025-09-02T16:24:20.518+0000] {dagbag.py:541} INFO - Filling up the DagBag from /home/airflow/.local/lib/python3.7/site-packages/airflow/example_dags/example_dynamic_task_mapping_with_no_taskflow_operators.py
[2025-09-02T16:24:20.551+0000] {processor.py:836} INFO - DAG(s) dict_keys(['example_dynamic_task_mapping_with_no_taskflow_operators']) retrieved from /home/airflow/.local/lib/python3.7/site-packages/airflow/example_dags/example_dynamic_task_mapping_with_no_taskflow_operators.py
[2025-09-02T16:24:20.632+0000] {logging_mixin.py:150} INFO - [2025-09-02T16:24:20.632+0000] {dag.py:2742} INFO - Sync 1 DAGs
[2025-09-02T16:24:20.676+0000] {logging_mixin.py:150} INFO - [2025-09-02T16:24:20.676+0000] {dag.py:3508} INFO - Setting next_dagrun for example_dynamic_task_mapping_with_no_taskflow_operators to 2025-09-01T16:24:20.675934+00:00, run_after=2025-09-02T16:24:20.675934+00:00
[2025-09-02T16:24:20.713+0000] {processor.py:179} INFO - Processing /home/airflow/.local/lib/python3.7/site-packages/airflow/example_dags/example_dynamic_task_mapping_with_no_taskflow_operators.py took 0.215 seconds
[2025-09-02T16:26:35.866+0000] {processor.py:157} INFO - Started process (PID=97) to work on /home/airflow/.local/lib/python3.7/site-packages/airflow/example_dags/example_dynamic_task_mapping_with_no_taskflow_operators.py
[2025-09-02T16:26:35.867+0000] {processor.py:826} INFO - Processing file /home/airflow/.local/lib/python3.7/site-packages/airflow/example_dags/example_dynamic_task_mapping_with_no_taskflow_operators.py for tasks to queue
[2025-09-02T16:26:35.868+0000] {logging_mixin.py:150} INFO - [2025-09-02T16:26:35.868+0000] {dagbag.py:541} INFO - Filling up the DagBag from /home/airflow/.local/lib/python3.7/site-packages/airflow/example_dags/example_dynamic_task_mapping_with_no_taskflow_operators.py
[2025-09-02T16:26:35.912+0000] {processor.py:836} INFO - DAG(s) dict_keys(['example_dynamic_task_mapping_with_no_taskflow_operators']) retrieved from /home/airflow/.local/lib/python3.7/site-packages/airflow/example_dags/example_dynamic_task_mapping_with_no_taskflow_operators.py
[2025-09-02T16:26:36.231+0000] {logging_mixin.py:150} INFO - [2025-09-02T16:26:36.230+0000] {dag.py:2742} INFO - Sync 1 DAGs
[2025-09-02T16:26:36.641+0000] {logging_mixin.py:150} INFO - [2025-09-02T16:26:36.641+0000] {dag.py:3508} INFO - Setting next_dagrun for example_dynamic_task_mapping_with_no_taskflow_operators to 2025-09-01T16:26:36.640904+00:00, run_after=2025-09-02T16:26:36.640904+00:00
[2025-09-02T16:26:36.984+0000] {processor.py:179} INFO - Processing /home/airflow/.local/lib/python3.7/site-packages/airflow/example_dags/example_dynamic_task_mapping_with_no_taskflow_operators.py took 1.131 seconds
[2025-09-02T16:27:07.283+0000] {processor.py:157} INFO - Started process (PID=157) to work on /home/airflow/.local/lib/python3.7/site-packages/airflow/example_dags/example_dynamic_task_mapping_with_no_taskflow_operators.py
[2025-09-02T16:27:07.284+0000] {processor.py:826} INFO - Processing file /home/airflow/.local/lib/python3.7/site-packages/airflow/example_dags/example_dynamic_task_mapping_with_no_taskflow_operators.py for tasks to queue
[2025-09-02T16:27:07.285+0000] {logging_mixin.py:150} INFO - [2025-09-02T16:27:07.284+0000] {dagbag.py:541} INFO - Filling up the DagBag from /home/airflow/.local/lib/python3.7/site-packages/airflow/example_dags/example_dynamic_task_mapping_with_no_taskflow_operators.py
[2025-09-02T16:27:07.296+0000] {processor.py:836} INFO - DAG(s) dict_keys(['example_dynamic_task_mapping_with_no_taskflow_operators']) retrieved from /home/airflow/.local/lib/python3.7/site-packages/airflow/example_dags/example_dynamic_task_mapping_with_no_taskflow_operators.py
[2025-09-02T16:27:07.349+0000] {logging_mixin.py:150} INFO - [2025-09-02T16:27:07.349+0000] {dag.py:2742} INFO - Sync 1 DAGs
[2025-09-02T16:27:07.393+0000] {logging_mixin.py:150} INFO - [2025-09-02T16:27:07.393+0000] {dag.py:3508} INFO - Setting next_dagrun for example_dynamic_task_mapping_with_no_taskflow_operators to 2025-09-01T16:27:07.393238+00:00, run_after=2025-09-02T16:27:07.393238+00:00
[2025-09-02T16:27:07.442+0000] {processor.py:179} INFO - Processing /home/airflow/.local/lib/python3.7/site-packages/airflow/example_dags/example_dynamic_task_mapping_with_no_taskflow_operators.py took 0.167 seconds
[2025-09-02T16:27:37.699+0000] {processor.py:157} INFO - Started process (PID=217) to work on /home/airflow/.local/lib/python3.7/site-packages/airflow/example_dags/example_dynamic_task_mapping_with_no_taskflow_operators.py
[2025-09-02T16:27:37.700+0000] {processor.py:826} INFO - Processing file /home/airflow/.local/lib/python3.7/site-packages/airflow/example_dags/example_dynamic_task_mapping_with_no_taskflow_operators.py for tasks to queue
[2025-09-02T16:27:37.701+0000] {logging_mixin.py:150} INFO - [2025-09-02T16:27:37.701+0000] {dagbag.py:541} INFO - Filling up the DagBag from /home/airflow/.local/lib/python3.7/site-packages/airflow/example_dags/example_dynamic_task_mapping_with_no_taskflow_operators.py
[2025-09-02T16:27:37.710+0000] {processor.py:836} INFO - DAG(s) dict_keys(['example_dynamic_task_mapping_with_no_taskflow_operators']) retrieved from /home/airflow/.local/lib/python3.7/site-packages/airflow/example_dags/example_dynamic_task_mapping_with_no_taskflow_operators.py
[2025-09-02T16:27:37.751+0000] {logging_mixin.py:150} INFO - [2025-09-02T16:27:37.751+0000] {dag.py:2742} INFO - Sync 1 DAGs
[2025-09-02T16:27:37.786+0000] {logging_mixin.py:150} INFO - [2025-09-02T16:27:37.786+0000] {dag.py:3508} INFO - Setting next_dagrun for example_dynamic_task_mapping_with_no_taskflow_operators to 2025-09-01T16:27:37.786180+00:00, run_after=2025-09-02T16:27:37.786180+00:00
[2025-09-02T16:27:37.818+0000] {processor.py:179} INFO - Processing /home/airflow/.local/lib/python3.7/site-packages/airflow/example_dags/example_dynamic_task_mapping_with_no_taskflow_operators.py took 0.123 seconds
[2025-09-02T16:28:08.311+0000] {processor.py:157} INFO - Started process (PID=275) to work on /home/airflow/.local/lib/python3.7/site-packages/airflow/example_dags/example_dynamic_task_mapping_with_no_taskflow_operators.py
[2025-09-02T16:28:08.313+0000] {processor.py:826} INFO - Processing file /home/airflow/.local/lib/python3.7/site-packages/airflow/example_dags/example_dynamic_task_mapping_with_no_taskflow_operators.py for tasks to queue
[2025-09-02T16:28:08.314+0000] {logging_mixin.py:150} INFO - [2025-09-02T16:28:08.314+0000] {dagbag.py:541} INFO - Filling up the DagBag from /home/airflow/.local/lib/python3.7/site-packages/airflow/example_dags/example_dynamic_task_mapping_with_no_taskflow_operators.py
[2025-09-02T16:28:08.330+0000] {processor.py:836} INFO - DAG(s) dict_keys(['example_dynamic_task_mapping_with_no_taskflow_operators']) retrieved from /home/airflow/.local/lib/python3.7/site-packages/airflow/example_dags/example_dynamic_task_mapping_with_no_taskflow_operators.py
[2025-09-02T16:28:08.362+0000] {logging_mixin.py:150} INFO - [2025-09-02T16:28:08.362+0000] {dag.py:2742} INFO - Sync 1 DAGs
[2025-09-02T16:28:08.389+0000] {logging_mixin.py:150} INFO - [2025-09-02T16:28:08.389+0000] {dag.py:3508} INFO - Setting next_dagrun for example_dynamic_task_mapping_with_no_taskflow_operators to 2025-09-01T16:28:08.389307+00:00, run_after=2025-09-02T16:28:08.389307+00:00
[2025-09-02T16:28:08.416+0000] {processor.py:179} INFO - Processing /home/airflow/.local/lib/python3.7/site-packages/airflow/example_dags/example_dynamic_task_mapping_with_no_taskflow_operators.py took 0.109 seconds
[2025-09-02T16:28:38.692+0000] {processor.py:157} INFO - Started process (PID=335) to work on /home/airflow/.local/lib/python3.7/site-packages/airflow/example_dags/example_dynamic_task_mapping_with_no_taskflow_operators.py
[2025-09-02T16:28:38.694+0000] {processor.py:826} INFO - Processing file /home/airflow/.local/lib/python3.7/site-packages/airflow/example_dags/example_dynamic_task_mapping_with_no_taskflow_operators.py for tasks to queue
[2025-09-02T16:28:38.696+0000] {logging_mixin.py:150} INFO - [2025-09-02T16:28:38.695+0000] {dagbag.py:541} INFO - Filling up the DagBag from /home/airflow/.local/lib/python3.7/site-packages/airflow/example_dags/example_dynamic_task_mapping_with_no_taskflow_operators.py
[2025-09-02T16:28:38.711+0000] {processor.py:836} INFO - DAG(s) dict_keys(['example_dynamic_task_mapping_with_no_taskflow_operators']) retrieved from /home/airflow/.local/lib/python3.7/site-packages/airflow/example_dags/example_dynamic_task_mapping_with_no_taskflow_operators.py
[2025-09-02T16:28:38.755+0000] {logging_mixin.py:150} INFO - [2025-09-02T16:28:38.755+0000] {dag.py:2742} INFO - Sync 1 DAGs
[2025-09-02T16:28:38.795+0000] {logging_mixin.py:150} INFO - [2025-09-02T16:28:38.795+0000] {dag.py:3508} INFO - Setting next_dagrun for example_dynamic_task_mapping_with_no_taskflow_operators to 2025-09-01T16:28:38.795146+00:00, run_after=2025-09-02T16:28:38.795146+00:00
[2025-09-02T16:28:38.828+0000] {processor.py:179} INFO - Processing /home/airflow/.local/lib/python3.7/site-packages/airflow/example_dags/example_dynamic_task_mapping_with_no_taskflow_operators.py took 0.145 seconds
[2025-09-02T16:29:09.337+0000] {processor.py:157} INFO - Started process (PID=395) to work on /home/airflow/.local/lib/python3.7/site-packages/airflow/example_dags/example_dynamic_task_mapping_with_no_taskflow_operators.py
[2025-09-02T16:29:09.338+0000] {processor.py:826} INFO - Processing file /home/airflow/.local/lib/python3.7/site-packages/airflow/example_dags/example_dynamic_task_mapping_with_no_taskflow_operators.py for tasks to queue
[2025-09-02T16:29:09.339+0000] {logging_mixin.py:150} INFO - [2025-09-02T16:29:09.339+0000] {dagbag.py:541} INFO - Filling up the DagBag from /home/airflow/.local/lib/python3.7/site-packages/airflow/example_dags/example_dynamic_task_mapping_with_no_taskflow_operators.py
[2025-09-02T16:29:09.350+0000] {processor.py:836} INFO - DAG(s) dict_keys(['example_dynamic_task_mapping_with_no_taskflow_operators']) retrieved from /home/airflow/.local/lib/python3.7/site-packages/airflow/example_dags/example_dynamic_task_mapping_with_no_taskflow_operators.py
[2025-09-02T16:29:09.383+0000] {logging_mixin.py:150} INFO - [2025-09-02T16:29:09.383+0000] {dag.py:2742} INFO - Sync 1 DAGs
[2025-09-02T16:29:09.420+0000] {logging_mixin.py:150} INFO - [2025-09-02T16:29:09.419+0000] {dag.py:3508} INFO - Setting next_dagrun for example_dynamic_task_mapping_with_no_taskflow_operators to 2025-09-01T16:29:09.419550+00:00, run_after=2025-09-02T16:29:09.419550+00:00
[2025-09-02T16:29:09.449+0000] {processor.py:179} INFO - Processing /home/airflow/.local/lib/python3.7/site-packages/airflow/example_dags/example_dynamic_task_mapping_with_no_taskflow_operators.py took 0.117 seconds
[2025-09-02T16:29:39.717+0000] {processor.py:157} INFO - Started process (PID=455) to work on /home/airflow/.local/lib/python3.7/site-packages/airflow/example_dags/example_dynamic_task_mapping_with_no_taskflow_operators.py
[2025-09-02T16:29:39.719+0000] {processor.py:826} INFO - Processing file /home/airflow/.local/lib/python3.7/site-packages/airflow/example_dags/example_dynamic_task_mapping_with_no_taskflow_operators.py for tasks to queue
[2025-09-02T16:29:39.721+0000] {logging_mixin.py:150} INFO - [2025-09-02T16:29:39.720+0000] {dagbag.py:541} INFO - Filling up the DagBag from /home/airflow/.local/lib/python3.7/site-packages/airflow/example_dags/example_dynamic_task_mapping_with_no_taskflow_operators.py
[2025-09-02T16:29:39.732+0000] {processor.py:836} INFO - DAG(s) dict_keys(['example_dynamic_task_mapping_with_no_taskflow_operators']) retrieved from /home/airflow/.local/lib/python3.7/site-packages/airflow/example_dags/example_dynamic_task_mapping_with_no_taskflow_operators.py
[2025-09-02T16:29:39.772+0000] {logging_mixin.py:150} INFO - [2025-09-02T16:29:39.771+0000] {dag.py:2742} INFO - Sync 1 DAGs
[2025-09-02T16:29:39.813+0000] {logging_mixin.py:150} INFO - [2025-09-02T16:29:39.813+0000] {dag.py:3508} INFO - Setting next_dagrun for example_dynamic_task_mapping_with_no_taskflow_operators to 2025-09-01T16:29:39.813124+00:00, run_after=2025-09-02T16:29:39.813124+00:00
[2025-09-02T16:29:39.850+0000] {processor.py:179} INFO - Processing /home/airflow/.local/lib/python3.7/site-packages/airflow/example_dags/example_dynamic_task_mapping_with_no_taskflow_operators.py took 0.139 seconds
[2025-09-02T16:30:10.590+0000] {processor.py:157} INFO - Started process (PID=516) to work on /home/airflow/.local/lib/python3.7/site-packages/airflow/example_dags/example_dynamic_task_mapping_with_no_taskflow_operators.py
[2025-09-02T16:30:10.592+0000] {processor.py:826} INFO - Processing file /home/airflow/.local/lib/python3.7/site-packages/airflow/example_dags/example_dynamic_task_mapping_with_no_taskflow_operators.py for tasks to queue
[2025-09-02T16:30:10.595+0000] {logging_mixin.py:150} INFO - [2025-09-02T16:30:10.593+0000] {dagbag.py:541} INFO - Filling up the DagBag from /home/airflow/.local/lib/python3.7/site-packages/airflow/example_dags/example_dynamic_task_mapping_with_no_taskflow_operators.py
[2025-09-02T16:30:10.630+0000] {processor.py:836} INFO - DAG(s) dict_keys(['example_dynamic_task_mapping_with_no_taskflow_operators']) retrieved from /home/airflow/.local/lib/python3.7/site-packages/airflow/example_dags/example_dynamic_task_mapping_with_no_taskflow_operators.py
[2025-09-02T16:30:11.031+0000] {logging_mixin.py:150} INFO - [2025-09-02T16:30:10.999+0000] {dag.py:2742} INFO - Sync 1 DAGs
[2025-09-02T16:30:11.082+0000] {logging_mixin.py:150} INFO - [2025-09-02T16:30:11.081+0000] {dag.py:3508} INFO - Setting next_dagrun for example_dynamic_task_mapping_with_no_taskflow_operators to 2025-09-01T16:30:11.069844+00:00, run_after=2025-09-02T16:30:11.069844+00:00
[2025-09-02T16:30:11.172+0000] {processor.py:179} INFO - Processing /home/airflow/.local/lib/python3.7/site-packages/airflow/example_dags/example_dynamic_task_mapping_with_no_taskflow_operators.py took 0.592 seconds
