[2025-09-02T16:13:06.456+0000] {processor.py:157} INFO - Started process (PID=86) to work on /home/airflow/.local/lib/python3.7/site-packages/airflow/example_dags/example_kubernetes_executor.py
[2025-09-02T16:13:06.457+0000] {processor.py:826} INFO - Processing file /home/airflow/.local/lib/python3.7/site-packages/airflow/example_dags/example_kubernetes_executor.py for tasks to queue
[2025-09-02T16:13:06.458+0000] {logging_mixin.py:150} INFO - [2025-09-02T16:13:06.457+0000] {dagbag.py:541} INFO - Filling up the DagBag from /home/airflow/.local/lib/python3.7/site-packages/airflow/example_dags/example_kubernetes_executor.py
[2025-09-02T16:13:07.043+0000] {processor.py:836} INFO - DAG(s) dict_keys(['example_kubernetes_executor']) retrieved from /home/airflow/.local/lib/python3.7/site-packages/airflow/example_dags/example_kubernetes_executor.py
[2025-09-02T16:13:07.223+0000] {logging_mixin.py:150} INFO - [2025-09-02T16:13:07.222+0000] {manager.py:504} INFO - Created Permission View: can read on DAG:example_kubernetes_executor
[2025-09-02T16:13:07.237+0000] {logging_mixin.py:150} INFO - [2025-09-02T16:13:07.237+0000] {manager.py:504} INFO - Created Permission View: can edit on DAG:example_kubernetes_executor
[2025-09-02T16:13:07.245+0000] {logging_mixin.py:150} INFO - [2025-09-02T16:13:07.245+0000] {manager.py:504} INFO - Created Permission View: can delete on DAG:example_kubernetes_executor
[2025-09-02T16:13:07.286+0000] {logging_mixin.py:150} INFO - [2025-09-02T16:13:07.286+0000] {dag.py:2742} INFO - Sync 1 DAGs
[2025-09-02T16:13:07.307+0000] {logging_mixin.py:150} INFO - [2025-09-02T16:13:07.306+0000] {dag.py:2763} INFO - Creating ORM DAG for example_kubernetes_executor
[2025-09-02T16:13:07.326+0000] {logging_mixin.py:150} INFO - [2025-09-02T16:13:07.326+0000] {dag.py:3508} INFO - Setting next_dagrun for example_kubernetes_executor to None, run_after=None
[2025-09-02T16:13:07.374+0000] {processor.py:179} INFO - Processing /home/airflow/.local/lib/python3.7/site-packages/airflow/example_dags/example_kubernetes_executor.py took 0.921 seconds
[2025-09-02T16:13:37.495+0000] {processor.py:157} INFO - Started process (PID=147) to work on /home/airflow/.local/lib/python3.7/site-packages/airflow/example_dags/example_kubernetes_executor.py
[2025-09-02T16:13:37.496+0000] {processor.py:826} INFO - Processing file /home/airflow/.local/lib/python3.7/site-packages/airflow/example_dags/example_kubernetes_executor.py for tasks to queue
[2025-09-02T16:13:37.497+0000] {logging_mixin.py:150} INFO - [2025-09-02T16:13:37.497+0000] {dagbag.py:541} INFO - Filling up the DagBag from /home/airflow/.local/lib/python3.7/site-packages/airflow/example_dags/example_kubernetes_executor.py
[2025-09-02T16:13:37.928+0000] {processor.py:836} INFO - DAG(s) dict_keys(['example_kubernetes_executor']) retrieved from /home/airflow/.local/lib/python3.7/site-packages/airflow/example_dags/example_kubernetes_executor.py
[2025-09-02T16:13:37.970+0000] {logging_mixin.py:150} INFO - [2025-09-02T16:13:37.970+0000] {dag.py:2742} INFO - Sync 1 DAGs
[2025-09-02T16:13:38.001+0000] {logging_mixin.py:150} INFO - [2025-09-02T16:13:38.000+0000] {dag.py:3508} INFO - Setting next_dagrun for example_kubernetes_executor to None, run_after=None
[2025-09-02T16:13:38.026+0000] {processor.py:179} INFO - Processing /home/airflow/.local/lib/python3.7/site-packages/airflow/example_dags/example_kubernetes_executor.py took 0.535 seconds
[2025-09-02T16:14:08.511+0000] {processor.py:157} INFO - Started process (PID=207) to work on /home/airflow/.local/lib/python3.7/site-packages/airflow/example_dags/example_kubernetes_executor.py
[2025-09-02T16:14:08.512+0000] {processor.py:826} INFO - Processing file /home/airflow/.local/lib/python3.7/site-packages/airflow/example_dags/example_kubernetes_executor.py for tasks to queue
[2025-09-02T16:14:08.513+0000] {logging_mixin.py:150} INFO - [2025-09-02T16:14:08.513+0000] {dagbag.py:541} INFO - Filling up the DagBag from /home/airflow/.local/lib/python3.7/site-packages/airflow/example_dags/example_kubernetes_executor.py
[2025-09-02T16:14:08.971+0000] {processor.py:836} INFO - DAG(s) dict_keys(['example_kubernetes_executor']) retrieved from /home/airflow/.local/lib/python3.7/site-packages/airflow/example_dags/example_kubernetes_executor.py
[2025-09-02T16:14:09.020+0000] {logging_mixin.py:150} INFO - [2025-09-02T16:14:09.020+0000] {dag.py:2742} INFO - Sync 1 DAGs
[2025-09-02T16:14:09.052+0000] {logging_mixin.py:150} INFO - [2025-09-02T16:14:09.052+0000] {dag.py:3508} INFO - Setting next_dagrun for example_kubernetes_executor to None, run_after=None
[2025-09-02T16:14:09.078+0000] {processor.py:179} INFO - Processing /home/airflow/.local/lib/python3.7/site-packages/airflow/example_dags/example_kubernetes_executor.py took 0.570 seconds
[2025-09-02T16:14:39.236+0000] {processor.py:157} INFO - Started process (PID=267) to work on /home/airflow/.local/lib/python3.7/site-packages/airflow/example_dags/example_kubernetes_executor.py
[2025-09-02T16:14:39.236+0000] {processor.py:826} INFO - Processing file /home/airflow/.local/lib/python3.7/site-packages/airflow/example_dags/example_kubernetes_executor.py for tasks to queue
[2025-09-02T16:14:39.237+0000] {logging_mixin.py:150} INFO - [2025-09-02T16:14:39.237+0000] {dagbag.py:541} INFO - Filling up the DagBag from /home/airflow/.local/lib/python3.7/site-packages/airflow/example_dags/example_kubernetes_executor.py
[2025-09-02T16:14:39.662+0000] {processor.py:836} INFO - DAG(s) dict_keys(['example_kubernetes_executor']) retrieved from /home/airflow/.local/lib/python3.7/site-packages/airflow/example_dags/example_kubernetes_executor.py
[2025-09-02T16:14:39.701+0000] {logging_mixin.py:150} INFO - [2025-09-02T16:14:39.701+0000] {dag.py:2742} INFO - Sync 1 DAGs
[2025-09-02T16:14:39.732+0000] {logging_mixin.py:150} INFO - [2025-09-02T16:14:39.732+0000] {dag.py:3508} INFO - Setting next_dagrun for example_kubernetes_executor to None, run_after=None
[2025-09-02T16:14:39.761+0000] {processor.py:179} INFO - Processing /home/airflow/.local/lib/python3.7/site-packages/airflow/example_dags/example_kubernetes_executor.py took 0.530 seconds
[2025-09-02T16:15:10.005+0000] {processor.py:157} INFO - Started process (PID=327) to work on /home/airflow/.local/lib/python3.7/site-packages/airflow/example_dags/example_kubernetes_executor.py
[2025-09-02T16:15:10.006+0000] {processor.py:826} INFO - Processing file /home/airflow/.local/lib/python3.7/site-packages/airflow/example_dags/example_kubernetes_executor.py for tasks to queue
[2025-09-02T16:15:10.007+0000] {logging_mixin.py:150} INFO - [2025-09-02T16:15:10.007+0000] {dagbag.py:541} INFO - Filling up the DagBag from /home/airflow/.local/lib/python3.7/site-packages/airflow/example_dags/example_kubernetes_executor.py
[2025-09-02T16:15:10.934+0000] {processor.py:836} INFO - DAG(s) dict_keys(['example_kubernetes_executor']) retrieved from /home/airflow/.local/lib/python3.7/site-packages/airflow/example_dags/example_kubernetes_executor.py
[2025-09-02T16:15:11.010+0000] {logging_mixin.py:150} INFO - [2025-09-02T16:15:11.009+0000] {dag.py:2742} INFO - Sync 1 DAGs
[2025-09-02T16:15:11.042+0000] {logging_mixin.py:150} INFO - [2025-09-02T16:15:11.042+0000] {dag.py:3508} INFO - Setting next_dagrun for example_kubernetes_executor to None, run_after=None
[2025-09-02T16:15:11.088+0000] {processor.py:179} INFO - Processing /home/airflow/.local/lib/python3.7/site-packages/airflow/example_dags/example_kubernetes_executor.py took 1.087 seconds
[2025-09-02T16:15:41.500+0000] {processor.py:157} INFO - Started process (PID=387) to work on /home/airflow/.local/lib/python3.7/site-packages/airflow/example_dags/example_kubernetes_executor.py
[2025-09-02T16:15:41.501+0000] {processor.py:826} INFO - Processing file /home/airflow/.local/lib/python3.7/site-packages/airflow/example_dags/example_kubernetes_executor.py for tasks to queue
[2025-09-02T16:15:41.502+0000] {logging_mixin.py:150} INFO - [2025-09-02T16:15:41.502+0000] {dagbag.py:541} INFO - Filling up the DagBag from /home/airflow/.local/lib/python3.7/site-packages/airflow/example_dags/example_kubernetes_executor.py
[2025-09-02T16:15:42.162+0000] {processor.py:836} INFO - DAG(s) dict_keys(['example_kubernetes_executor']) retrieved from /home/airflow/.local/lib/python3.7/site-packages/airflow/example_dags/example_kubernetes_executor.py
[2025-09-02T16:15:42.219+0000] {logging_mixin.py:150} INFO - [2025-09-02T16:15:42.218+0000] {dag.py:2742} INFO - Sync 1 DAGs
[2025-09-02T16:15:42.253+0000] {logging_mixin.py:150} INFO - [2025-09-02T16:15:42.253+0000] {dag.py:3508} INFO - Setting next_dagrun for example_kubernetes_executor to None, run_after=None
[2025-09-02T16:15:42.281+0000] {processor.py:179} INFO - Processing /home/airflow/.local/lib/python3.7/site-packages/airflow/example_dags/example_kubernetes_executor.py took 0.787 seconds
[2025-09-02T16:16:12.576+0000] {processor.py:157} INFO - Started process (PID=447) to work on /home/airflow/.local/lib/python3.7/site-packages/airflow/example_dags/example_kubernetes_executor.py
[2025-09-02T16:16:12.577+0000] {processor.py:826} INFO - Processing file /home/airflow/.local/lib/python3.7/site-packages/airflow/example_dags/example_kubernetes_executor.py for tasks to queue
[2025-09-02T16:16:12.578+0000] {logging_mixin.py:150} INFO - [2025-09-02T16:16:12.577+0000] {dagbag.py:541} INFO - Filling up the DagBag from /home/airflow/.local/lib/python3.7/site-packages/airflow/example_dags/example_kubernetes_executor.py
[2025-09-02T16:16:13.191+0000] {processor.py:836} INFO - DAG(s) dict_keys(['example_kubernetes_executor']) retrieved from /home/airflow/.local/lib/python3.7/site-packages/airflow/example_dags/example_kubernetes_executor.py
[2025-09-02T16:16:13.259+0000] {logging_mixin.py:150} INFO - [2025-09-02T16:16:13.258+0000] {dag.py:2742} INFO - Sync 1 DAGs
[2025-09-02T16:16:13.293+0000] {logging_mixin.py:150} INFO - [2025-09-02T16:16:13.292+0000] {dag.py:3508} INFO - Setting next_dagrun for example_kubernetes_executor to None, run_after=None
[2025-09-02T16:16:13.319+0000] {processor.py:179} INFO - Processing /home/airflow/.local/lib/python3.7/site-packages/airflow/example_dags/example_kubernetes_executor.py took 0.747 seconds
[2025-09-02T16:16:43.474+0000] {processor.py:157} INFO - Started process (PID=507) to work on /home/airflow/.local/lib/python3.7/site-packages/airflow/example_dags/example_kubernetes_executor.py
[2025-09-02T16:16:43.476+0000] {processor.py:826} INFO - Processing file /home/airflow/.local/lib/python3.7/site-packages/airflow/example_dags/example_kubernetes_executor.py for tasks to queue
[2025-09-02T16:16:43.477+0000] {logging_mixin.py:150} INFO - [2025-09-02T16:16:43.476+0000] {dagbag.py:541} INFO - Filling up the DagBag from /home/airflow/.local/lib/python3.7/site-packages/airflow/example_dags/example_kubernetes_executor.py
[2025-09-02T16:16:44.144+0000] {processor.py:836} INFO - DAG(s) dict_keys(['example_kubernetes_executor']) retrieved from /home/airflow/.local/lib/python3.7/site-packages/airflow/example_dags/example_kubernetes_executor.py
[2025-09-02T16:16:44.240+0000] {logging_mixin.py:150} INFO - [2025-09-02T16:16:44.240+0000] {dag.py:2742} INFO - Sync 1 DAGs
[2025-09-02T16:16:44.275+0000] {logging_mixin.py:150} INFO - [2025-09-02T16:16:44.274+0000] {dag.py:3508} INFO - Setting next_dagrun for example_kubernetes_executor to None, run_after=None
[2025-09-02T16:16:44.301+0000] {processor.py:179} INFO - Processing /home/airflow/.local/lib/python3.7/site-packages/airflow/example_dags/example_kubernetes_executor.py took 0.831 seconds
[2025-09-02T16:17:14.372+0000] {processor.py:157} INFO - Started process (PID=567) to work on /home/airflow/.local/lib/python3.7/site-packages/airflow/example_dags/example_kubernetes_executor.py
[2025-09-02T16:17:14.373+0000] {processor.py:826} INFO - Processing file /home/airflow/.local/lib/python3.7/site-packages/airflow/example_dags/example_kubernetes_executor.py for tasks to queue
[2025-09-02T16:17:14.374+0000] {logging_mixin.py:150} INFO - [2025-09-02T16:17:14.374+0000] {dagbag.py:541} INFO - Filling up the DagBag from /home/airflow/.local/lib/python3.7/site-packages/airflow/example_dags/example_kubernetes_executor.py
[2025-09-02T16:17:16.101+0000] {processor.py:836} INFO - DAG(s) dict_keys(['example_kubernetes_executor']) retrieved from /home/airflow/.local/lib/python3.7/site-packages/airflow/example_dags/example_kubernetes_executor.py
[2025-09-02T16:17:20.675+0000] {logging_mixin.py:150} INFO - [2025-09-02T16:17:20.597+0000] {dag.py:2742} INFO - Sync 1 DAGs
[2025-09-02T16:17:21.181+0000] {logging_mixin.py:150} INFO - [2025-09-02T16:17:21.139+0000] {dag.py:3508} INFO - Setting next_dagrun for example_kubernetes_executor to None, run_after=None
[2025-09-02T16:17:22.072+0000] {processor.py:179} INFO - Processing /home/airflow/.local/lib/python3.7/site-packages/airflow/example_dags/example_kubernetes_executor.py took 7.704 seconds
[2025-09-02T16:17:52.968+0000] {processor.py:157} INFO - Started process (PID=627) to work on /home/airflow/.local/lib/python3.7/site-packages/airflow/example_dags/example_kubernetes_executor.py
[2025-09-02T16:17:52.969+0000] {processor.py:826} INFO - Processing file /home/airflow/.local/lib/python3.7/site-packages/airflow/example_dags/example_kubernetes_executor.py for tasks to queue
[2025-09-02T16:17:52.970+0000] {logging_mixin.py:150} INFO - [2025-09-02T16:17:52.970+0000] {dagbag.py:541} INFO - Filling up the DagBag from /home/airflow/.local/lib/python3.7/site-packages/airflow/example_dags/example_kubernetes_executor.py
[2025-09-02T16:17:53.619+0000] {processor.py:836} INFO - DAG(s) dict_keys(['example_kubernetes_executor']) retrieved from /home/airflow/.local/lib/python3.7/site-packages/airflow/example_dags/example_kubernetes_executor.py
[2025-09-02T16:17:53.672+0000] {logging_mixin.py:150} INFO - [2025-09-02T16:17:53.672+0000] {dag.py:2742} INFO - Sync 1 DAGs
[2025-09-02T16:17:53.694+0000] {logging_mixin.py:150} INFO - [2025-09-02T16:17:53.694+0000] {dag.py:3508} INFO - Setting next_dagrun for example_kubernetes_executor to None, run_after=None
[2025-09-02T16:17:53.721+0000] {processor.py:179} INFO - Processing /home/airflow/.local/lib/python3.7/site-packages/airflow/example_dags/example_kubernetes_executor.py took 0.757 seconds
[2025-09-02T16:18:24.120+0000] {processor.py:157} INFO - Started process (PID=687) to work on /home/airflow/.local/lib/python3.7/site-packages/airflow/example_dags/example_kubernetes_executor.py
[2025-09-02T16:18:24.122+0000] {processor.py:826} INFO - Processing file /home/airflow/.local/lib/python3.7/site-packages/airflow/example_dags/example_kubernetes_executor.py for tasks to queue
[2025-09-02T16:18:24.123+0000] {logging_mixin.py:150} INFO - [2025-09-02T16:18:24.123+0000] {dagbag.py:541} INFO - Filling up the DagBag from /home/airflow/.local/lib/python3.7/site-packages/airflow/example_dags/example_kubernetes_executor.py
[2025-09-02T16:18:24.829+0000] {processor.py:836} INFO - DAG(s) dict_keys(['example_kubernetes_executor']) retrieved from /home/airflow/.local/lib/python3.7/site-packages/airflow/example_dags/example_kubernetes_executor.py
[2025-09-02T16:18:24.894+0000] {logging_mixin.py:150} INFO - [2025-09-02T16:18:24.894+0000] {dag.py:2742} INFO - Sync 1 DAGs
[2025-09-02T16:18:24.932+0000] {logging_mixin.py:150} INFO - [2025-09-02T16:18:24.931+0000] {dag.py:3508} INFO - Setting next_dagrun for example_kubernetes_executor to None, run_after=None
[2025-09-02T16:18:24.964+0000] {processor.py:179} INFO - Processing /home/airflow/.local/lib/python3.7/site-packages/airflow/example_dags/example_kubernetes_executor.py took 0.853 seconds
[2025-09-02T16:18:55.501+0000] {processor.py:157} INFO - Started process (PID=747) to work on /home/airflow/.local/lib/python3.7/site-packages/airflow/example_dags/example_kubernetes_executor.py
[2025-09-02T16:18:55.502+0000] {processor.py:826} INFO - Processing file /home/airflow/.local/lib/python3.7/site-packages/airflow/example_dags/example_kubernetes_executor.py for tasks to queue
[2025-09-02T16:18:55.503+0000] {logging_mixin.py:150} INFO - [2025-09-02T16:18:55.503+0000] {dagbag.py:541} INFO - Filling up the DagBag from /home/airflow/.local/lib/python3.7/site-packages/airflow/example_dags/example_kubernetes_executor.py
[2025-09-02T16:18:55.846+0000] {processor.py:836} INFO - DAG(s) dict_keys(['example_kubernetes_executor']) retrieved from /home/airflow/.local/lib/python3.7/site-packages/airflow/example_dags/example_kubernetes_executor.py
[2025-09-02T16:18:55.880+0000] {logging_mixin.py:150} INFO - [2025-09-02T16:18:55.879+0000] {dag.py:2742} INFO - Sync 1 DAGs
[2025-09-02T16:18:55.905+0000] {logging_mixin.py:150} INFO - [2025-09-02T16:18:55.905+0000] {dag.py:3508} INFO - Setting next_dagrun for example_kubernetes_executor to None, run_after=None
[2025-09-02T16:18:55.929+0000] {processor.py:179} INFO - Processing /home/airflow/.local/lib/python3.7/site-packages/airflow/example_dags/example_kubernetes_executor.py took 0.432 seconds
[2025-09-02T16:19:26.479+0000] {processor.py:157} INFO - Started process (PID=807) to work on /home/airflow/.local/lib/python3.7/site-packages/airflow/example_dags/example_kubernetes_executor.py
[2025-09-02T16:19:26.480+0000] {processor.py:826} INFO - Processing file /home/airflow/.local/lib/python3.7/site-packages/airflow/example_dags/example_kubernetes_executor.py for tasks to queue
[2025-09-02T16:19:26.482+0000] {logging_mixin.py:150} INFO - [2025-09-02T16:19:26.481+0000] {dagbag.py:541} INFO - Filling up the DagBag from /home/airflow/.local/lib/python3.7/site-packages/airflow/example_dags/example_kubernetes_executor.py
[2025-09-02T16:19:27.211+0000] {processor.py:836} INFO - DAG(s) dict_keys(['example_kubernetes_executor']) retrieved from /home/airflow/.local/lib/python3.7/site-packages/airflow/example_dags/example_kubernetes_executor.py
[2025-09-02T16:19:27.306+0000] {logging_mixin.py:150} INFO - [2025-09-02T16:19:27.306+0000] {dag.py:2742} INFO - Sync 1 DAGs
[2025-09-02T16:19:27.347+0000] {logging_mixin.py:150} INFO - [2025-09-02T16:19:27.347+0000] {dag.py:3508} INFO - Setting next_dagrun for example_kubernetes_executor to None, run_after=None
[2025-09-02T16:19:27.380+0000] {processor.py:179} INFO - Processing /home/airflow/.local/lib/python3.7/site-packages/airflow/example_dags/example_kubernetes_executor.py took 0.908 seconds
[2025-09-02T16:19:58.234+0000] {processor.py:157} INFO - Started process (PID=867) to work on /home/airflow/.local/lib/python3.7/site-packages/airflow/example_dags/example_kubernetes_executor.py
[2025-09-02T16:19:58.236+0000] {processor.py:826} INFO - Processing file /home/airflow/.local/lib/python3.7/site-packages/airflow/example_dags/example_kubernetes_executor.py for tasks to queue
[2025-09-02T16:19:58.237+0000] {logging_mixin.py:150} INFO - [2025-09-02T16:19:58.237+0000] {dagbag.py:541} INFO - Filling up the DagBag from /home/airflow/.local/lib/python3.7/site-packages/airflow/example_dags/example_kubernetes_executor.py
[2025-09-02T16:19:58.949+0000] {processor.py:836} INFO - DAG(s) dict_keys(['example_kubernetes_executor']) retrieved from /home/airflow/.local/lib/python3.7/site-packages/airflow/example_dags/example_kubernetes_executor.py
[2025-09-02T16:19:58.998+0000] {logging_mixin.py:150} INFO - [2025-09-02T16:19:58.997+0000] {dag.py:2742} INFO - Sync 1 DAGs
[2025-09-02T16:19:59.035+0000] {logging_mixin.py:150} INFO - [2025-09-02T16:19:59.035+0000] {dag.py:3508} INFO - Setting next_dagrun for example_kubernetes_executor to None, run_after=None
[2025-09-02T16:19:59.064+0000] {processor.py:179} INFO - Processing /home/airflow/.local/lib/python3.7/site-packages/airflow/example_dags/example_kubernetes_executor.py took 0.837 seconds
[2025-09-02T16:20:29.155+0000] {processor.py:157} INFO - Started process (PID=927) to work on /home/airflow/.local/lib/python3.7/site-packages/airflow/example_dags/example_kubernetes_executor.py
[2025-09-02T16:20:29.159+0000] {processor.py:826} INFO - Processing file /home/airflow/.local/lib/python3.7/site-packages/airflow/example_dags/example_kubernetes_executor.py for tasks to queue
[2025-09-02T16:20:29.162+0000] {logging_mixin.py:150} INFO - [2025-09-02T16:20:29.161+0000] {dagbag.py:541} INFO - Filling up the DagBag from /home/airflow/.local/lib/python3.7/site-packages/airflow/example_dags/example_kubernetes_executor.py
[2025-09-02T16:20:29.911+0000] {processor.py:836} INFO - DAG(s) dict_keys(['example_kubernetes_executor']) retrieved from /home/airflow/.local/lib/python3.7/site-packages/airflow/example_dags/example_kubernetes_executor.py
[2025-09-02T16:20:30.002+0000] {logging_mixin.py:150} INFO - [2025-09-02T16:20:30.001+0000] {dag.py:2742} INFO - Sync 1 DAGs
[2025-09-02T16:20:30.042+0000] {logging_mixin.py:150} INFO - [2025-09-02T16:20:30.041+0000] {dag.py:3508} INFO - Setting next_dagrun for example_kubernetes_executor to None, run_after=None
[2025-09-02T16:20:30.102+0000] {processor.py:179} INFO - Processing /home/airflow/.local/lib/python3.7/site-packages/airflow/example_dags/example_kubernetes_executor.py took 0.959 seconds
[2025-09-02T16:21:00.761+0000] {processor.py:157} INFO - Started process (PID=987) to work on /home/airflow/.local/lib/python3.7/site-packages/airflow/example_dags/example_kubernetes_executor.py
[2025-09-02T16:21:00.762+0000] {processor.py:826} INFO - Processing file /home/airflow/.local/lib/python3.7/site-packages/airflow/example_dags/example_kubernetes_executor.py for tasks to queue
[2025-09-02T16:21:00.766+0000] {logging_mixin.py:150} INFO - [2025-09-02T16:21:00.764+0000] {dagbag.py:541} INFO - Filling up the DagBag from /home/airflow/.local/lib/python3.7/site-packages/airflow/example_dags/example_kubernetes_executor.py
[2025-09-02T16:21:01.447+0000] {processor.py:836} INFO - DAG(s) dict_keys(['example_kubernetes_executor']) retrieved from /home/airflow/.local/lib/python3.7/site-packages/airflow/example_dags/example_kubernetes_executor.py
[2025-09-02T16:21:01.491+0000] {logging_mixin.py:150} INFO - [2025-09-02T16:21:01.491+0000] {dag.py:2742} INFO - Sync 1 DAGs
[2025-09-02T16:21:01.527+0000] {logging_mixin.py:150} INFO - [2025-09-02T16:21:01.527+0000] {dag.py:3508} INFO - Setting next_dagrun for example_kubernetes_executor to None, run_after=None
[2025-09-02T16:21:01.552+0000] {processor.py:179} INFO - Processing /home/airflow/.local/lib/python3.7/site-packages/airflow/example_dags/example_kubernetes_executor.py took 0.800 seconds
[2025-09-02T16:21:31.682+0000] {processor.py:157} INFO - Started process (PID=1047) to work on /home/airflow/.local/lib/python3.7/site-packages/airflow/example_dags/example_kubernetes_executor.py
[2025-09-02T16:21:31.683+0000] {processor.py:826} INFO - Processing file /home/airflow/.local/lib/python3.7/site-packages/airflow/example_dags/example_kubernetes_executor.py for tasks to queue
[2025-09-02T16:21:31.685+0000] {logging_mixin.py:150} INFO - [2025-09-02T16:21:31.684+0000] {dagbag.py:541} INFO - Filling up the DagBag from /home/airflow/.local/lib/python3.7/site-packages/airflow/example_dags/example_kubernetes_executor.py
[2025-09-02T16:21:32.378+0000] {processor.py:836} INFO - DAG(s) dict_keys(['example_kubernetes_executor']) retrieved from /home/airflow/.local/lib/python3.7/site-packages/airflow/example_dags/example_kubernetes_executor.py
[2025-09-02T16:21:32.442+0000] {logging_mixin.py:150} INFO - [2025-09-02T16:21:32.441+0000] {dag.py:2742} INFO - Sync 1 DAGs
[2025-09-02T16:21:32.473+0000] {logging_mixin.py:150} INFO - [2025-09-02T16:21:32.472+0000] {dag.py:3508} INFO - Setting next_dagrun for example_kubernetes_executor to None, run_after=None
[2025-09-02T16:21:32.497+0000] {processor.py:179} INFO - Processing /home/airflow/.local/lib/python3.7/site-packages/airflow/example_dags/example_kubernetes_executor.py took 0.819 seconds
[2025-09-02T16:22:03.422+0000] {processor.py:157} INFO - Started process (PID=1107) to work on /home/airflow/.local/lib/python3.7/site-packages/airflow/example_dags/example_kubernetes_executor.py
[2025-09-02T16:22:03.423+0000] {processor.py:826} INFO - Processing file /home/airflow/.local/lib/python3.7/site-packages/airflow/example_dags/example_kubernetes_executor.py for tasks to queue
[2025-09-02T16:22:03.424+0000] {logging_mixin.py:150} INFO - [2025-09-02T16:22:03.424+0000] {dagbag.py:541} INFO - Filling up the DagBag from /home/airflow/.local/lib/python3.7/site-packages/airflow/example_dags/example_kubernetes_executor.py
[2025-09-02T16:22:04.039+0000] {processor.py:836} INFO - DAG(s) dict_keys(['example_kubernetes_executor']) retrieved from /home/airflow/.local/lib/python3.7/site-packages/airflow/example_dags/example_kubernetes_executor.py
[2025-09-02T16:22:04.087+0000] {logging_mixin.py:150} INFO - [2025-09-02T16:22:04.086+0000] {dag.py:2742} INFO - Sync 1 DAGs
[2025-09-02T16:22:04.120+0000] {logging_mixin.py:150} INFO - [2025-09-02T16:22:04.119+0000] {dag.py:3508} INFO - Setting next_dagrun for example_kubernetes_executor to None, run_after=None
[2025-09-02T16:22:04.163+0000] {processor.py:179} INFO - Processing /home/airflow/.local/lib/python3.7/site-packages/airflow/example_dags/example_kubernetes_executor.py took 0.745 seconds
[2025-09-02T16:22:34.739+0000] {processor.py:157} INFO - Started process (PID=1167) to work on /home/airflow/.local/lib/python3.7/site-packages/airflow/example_dags/example_kubernetes_executor.py
[2025-09-02T16:22:34.740+0000] {processor.py:826} INFO - Processing file /home/airflow/.local/lib/python3.7/site-packages/airflow/example_dags/example_kubernetes_executor.py for tasks to queue
[2025-09-02T16:22:34.741+0000] {logging_mixin.py:150} INFO - [2025-09-02T16:22:34.740+0000] {dagbag.py:541} INFO - Filling up the DagBag from /home/airflow/.local/lib/python3.7/site-packages/airflow/example_dags/example_kubernetes_executor.py
[2025-09-02T16:22:35.358+0000] {processor.py:836} INFO - DAG(s) dict_keys(['example_kubernetes_executor']) retrieved from /home/airflow/.local/lib/python3.7/site-packages/airflow/example_dags/example_kubernetes_executor.py
[2025-09-02T16:22:35.427+0000] {logging_mixin.py:150} INFO - [2025-09-02T16:22:35.426+0000] {dag.py:2742} INFO - Sync 1 DAGs
[2025-09-02T16:22:35.464+0000] {logging_mixin.py:150} INFO - [2025-09-02T16:22:35.463+0000] {dag.py:3508} INFO - Setting next_dagrun for example_kubernetes_executor to None, run_after=None
[2025-09-02T16:22:35.489+0000] {processor.py:179} INFO - Processing /home/airflow/.local/lib/python3.7/site-packages/airflow/example_dags/example_kubernetes_executor.py took 0.754 seconds
[2025-09-02T16:23:05.621+0000] {processor.py:157} INFO - Started process (PID=1227) to work on /home/airflow/.local/lib/python3.7/site-packages/airflow/example_dags/example_kubernetes_executor.py
[2025-09-02T16:23:05.623+0000] {processor.py:826} INFO - Processing file /home/airflow/.local/lib/python3.7/site-packages/airflow/example_dags/example_kubernetes_executor.py for tasks to queue
[2025-09-02T16:23:05.626+0000] {logging_mixin.py:150} INFO - [2025-09-02T16:23:05.625+0000] {dagbag.py:541} INFO - Filling up the DagBag from /home/airflow/.local/lib/python3.7/site-packages/airflow/example_dags/example_kubernetes_executor.py
[2025-09-02T16:23:06.463+0000] {processor.py:836} INFO - DAG(s) dict_keys(['example_kubernetes_executor']) retrieved from /home/airflow/.local/lib/python3.7/site-packages/airflow/example_dags/example_kubernetes_executor.py
[2025-09-02T16:23:06.524+0000] {logging_mixin.py:150} INFO - [2025-09-02T16:23:06.523+0000] {dag.py:2742} INFO - Sync 1 DAGs
[2025-09-02T16:23:06.560+0000] {logging_mixin.py:150} INFO - [2025-09-02T16:23:06.559+0000] {dag.py:3508} INFO - Setting next_dagrun for example_kubernetes_executor to None, run_after=None
[2025-09-02T16:23:06.608+0000] {processor.py:179} INFO - Processing /home/airflow/.local/lib/python3.7/site-packages/airflow/example_dags/example_kubernetes_executor.py took 0.995 seconds
[2025-09-02T16:23:36.842+0000] {processor.py:157} INFO - Started process (PID=1293) to work on /home/airflow/.local/lib/python3.7/site-packages/airflow/example_dags/example_kubernetes_executor.py
[2025-09-02T16:23:36.843+0000] {processor.py:826} INFO - Processing file /home/airflow/.local/lib/python3.7/site-packages/airflow/example_dags/example_kubernetes_executor.py for tasks to queue
[2025-09-02T16:23:36.844+0000] {logging_mixin.py:150} INFO - [2025-09-02T16:23:36.843+0000] {dagbag.py:541} INFO - Filling up the DagBag from /home/airflow/.local/lib/python3.7/site-packages/airflow/example_dags/example_kubernetes_executor.py
[2025-09-02T16:23:37.475+0000] {processor.py:836} INFO - DAG(s) dict_keys(['example_kubernetes_executor']) retrieved from /home/airflow/.local/lib/python3.7/site-packages/airflow/example_dags/example_kubernetes_executor.py
[2025-09-02T16:23:37.532+0000] {logging_mixin.py:150} INFO - [2025-09-02T16:23:37.531+0000] {dag.py:2742} INFO - Sync 1 DAGs
[2025-09-02T16:23:37.567+0000] {logging_mixin.py:150} INFO - [2025-09-02T16:23:37.567+0000] {dag.py:3508} INFO - Setting next_dagrun for example_kubernetes_executor to None, run_after=None
[2025-09-02T16:23:37.594+0000] {processor.py:179} INFO - Processing /home/airflow/.local/lib/python3.7/site-packages/airflow/example_dags/example_kubernetes_executor.py took 0.756 seconds
[2025-09-02T16:24:08.214+0000] {processor.py:157} INFO - Started process (PID=1354) to work on /home/airflow/.local/lib/python3.7/site-packages/airflow/example_dags/example_kubernetes_executor.py
[2025-09-02T16:24:08.215+0000] {processor.py:826} INFO - Processing file /home/airflow/.local/lib/python3.7/site-packages/airflow/example_dags/example_kubernetes_executor.py for tasks to queue
[2025-09-02T16:24:08.216+0000] {logging_mixin.py:150} INFO - [2025-09-02T16:24:08.215+0000] {dagbag.py:541} INFO - Filling up the DagBag from /home/airflow/.local/lib/python3.7/site-packages/airflow/example_dags/example_kubernetes_executor.py
[2025-09-02T16:24:08.759+0000] {processor.py:836} INFO - DAG(s) dict_keys(['example_kubernetes_executor']) retrieved from /home/airflow/.local/lib/python3.7/site-packages/airflow/example_dags/example_kubernetes_executor.py
[2025-09-02T16:24:08.803+0000] {logging_mixin.py:150} INFO - [2025-09-02T16:24:08.802+0000] {dag.py:2742} INFO - Sync 1 DAGs
[2025-09-02T16:24:08.841+0000] {logging_mixin.py:150} INFO - [2025-09-02T16:24:08.841+0000] {dag.py:3508} INFO - Setting next_dagrun for example_kubernetes_executor to None, run_after=None
[2025-09-02T16:24:08.871+0000] {processor.py:179} INFO - Processing /home/airflow/.local/lib/python3.7/site-packages/airflow/example_dags/example_kubernetes_executor.py took 0.661 seconds
[2025-09-02T16:26:37.300+0000] {processor.py:157} INFO - Started process (PID=100) to work on /home/airflow/.local/lib/python3.7/site-packages/airflow/example_dags/example_kubernetes_executor.py
[2025-09-02T16:26:37.302+0000] {processor.py:826} INFO - Processing file /home/airflow/.local/lib/python3.7/site-packages/airflow/example_dags/example_kubernetes_executor.py for tasks to queue
[2025-09-02T16:26:37.304+0000] {logging_mixin.py:150} INFO - [2025-09-02T16:26:37.303+0000] {dagbag.py:541} INFO - Filling up the DagBag from /home/airflow/.local/lib/python3.7/site-packages/airflow/example_dags/example_kubernetes_executor.py
[2025-09-02T16:26:39.811+0000] {processor.py:836} INFO - DAG(s) dict_keys(['example_kubernetes_executor']) retrieved from /home/airflow/.local/lib/python3.7/site-packages/airflow/example_dags/example_kubernetes_executor.py
[2025-09-02T16:26:40.328+0000] {logging_mixin.py:150} INFO - [2025-09-02T16:26:40.327+0000] {dag.py:2742} INFO - Sync 1 DAGs
[2025-09-02T16:26:40.456+0000] {logging_mixin.py:150} INFO - [2025-09-02T16:26:40.452+0000] {dag.py:3508} INFO - Setting next_dagrun for example_kubernetes_executor to None, run_after=None
[2025-09-02T16:26:40.916+0000] {processor.py:179} INFO - Processing /home/airflow/.local/lib/python3.7/site-packages/airflow/example_dags/example_kubernetes_executor.py took 3.631 seconds
[2025-09-02T16:27:11.075+0000] {processor.py:157} INFO - Started process (PID=164) to work on /home/airflow/.local/lib/python3.7/site-packages/airflow/example_dags/example_kubernetes_executor.py
[2025-09-02T16:27:11.078+0000] {processor.py:826} INFO - Processing file /home/airflow/.local/lib/python3.7/site-packages/airflow/example_dags/example_kubernetes_executor.py for tasks to queue
[2025-09-02T16:27:11.082+0000] {logging_mixin.py:150} INFO - [2025-09-02T16:27:11.079+0000] {dagbag.py:541} INFO - Filling up the DagBag from /home/airflow/.local/lib/python3.7/site-packages/airflow/example_dags/example_kubernetes_executor.py
[2025-09-02T16:27:11.905+0000] {processor.py:836} INFO - DAG(s) dict_keys(['example_kubernetes_executor']) retrieved from /home/airflow/.local/lib/python3.7/site-packages/airflow/example_dags/example_kubernetes_executor.py
[2025-09-02T16:27:11.954+0000] {logging_mixin.py:150} INFO - [2025-09-02T16:27:11.954+0000] {dag.py:2742} INFO - Sync 1 DAGs
[2025-09-02T16:27:11.985+0000] {logging_mixin.py:150} INFO - [2025-09-02T16:27:11.984+0000] {dag.py:3508} INFO - Setting next_dagrun for example_kubernetes_executor to None, run_after=None
[2025-09-02T16:27:12.018+0000] {processor.py:179} INFO - Processing /home/airflow/.local/lib/python3.7/site-packages/airflow/example_dags/example_kubernetes_executor.py took 0.950 seconds
[2025-09-02T16:27:42.284+0000] {processor.py:157} INFO - Started process (PID=224) to work on /home/airflow/.local/lib/python3.7/site-packages/airflow/example_dags/example_kubernetes_executor.py
[2025-09-02T16:27:42.285+0000] {processor.py:826} INFO - Processing file /home/airflow/.local/lib/python3.7/site-packages/airflow/example_dags/example_kubernetes_executor.py for tasks to queue
[2025-09-02T16:27:42.287+0000] {logging_mixin.py:150} INFO - [2025-09-02T16:27:42.287+0000] {dagbag.py:541} INFO - Filling up the DagBag from /home/airflow/.local/lib/python3.7/site-packages/airflow/example_dags/example_kubernetes_executor.py
[2025-09-02T16:27:42.712+0000] {processor.py:836} INFO - DAG(s) dict_keys(['example_kubernetes_executor']) retrieved from /home/airflow/.local/lib/python3.7/site-packages/airflow/example_dags/example_kubernetes_executor.py
[2025-09-02T16:27:42.746+0000] {logging_mixin.py:150} INFO - [2025-09-02T16:27:42.745+0000] {dag.py:2742} INFO - Sync 1 DAGs
[2025-09-02T16:27:42.771+0000] {logging_mixin.py:150} INFO - [2025-09-02T16:27:42.770+0000] {dag.py:3508} INFO - Setting next_dagrun for example_kubernetes_executor to None, run_after=None
[2025-09-02T16:27:42.791+0000] {processor.py:179} INFO - Processing /home/airflow/.local/lib/python3.7/site-packages/airflow/example_dags/example_kubernetes_executor.py took 0.514 seconds
[2025-09-02T16:28:13.031+0000] {processor.py:157} INFO - Started process (PID=283) to work on /home/airflow/.local/lib/python3.7/site-packages/airflow/example_dags/example_kubernetes_executor.py
[2025-09-02T16:28:13.041+0000] {processor.py:826} INFO - Processing file /home/airflow/.local/lib/python3.7/site-packages/airflow/example_dags/example_kubernetes_executor.py for tasks to queue
[2025-09-02T16:28:13.044+0000] {logging_mixin.py:150} INFO - [2025-09-02T16:28:13.044+0000] {dagbag.py:541} INFO - Filling up the DagBag from /home/airflow/.local/lib/python3.7/site-packages/airflow/example_dags/example_kubernetes_executor.py
[2025-09-02T16:28:13.761+0000] {processor.py:836} INFO - DAG(s) dict_keys(['example_kubernetes_executor']) retrieved from /home/airflow/.local/lib/python3.7/site-packages/airflow/example_dags/example_kubernetes_executor.py
[2025-09-02T16:28:13.809+0000] {logging_mixin.py:150} INFO - [2025-09-02T16:28:13.808+0000] {dag.py:2742} INFO - Sync 1 DAGs
[2025-09-02T16:28:13.851+0000] {logging_mixin.py:150} INFO - [2025-09-02T16:28:13.851+0000] {dag.py:3508} INFO - Setting next_dagrun for example_kubernetes_executor to None, run_after=None
[2025-09-02T16:28:13.880+0000] {processor.py:179} INFO - Processing /home/airflow/.local/lib/python3.7/site-packages/airflow/example_dags/example_kubernetes_executor.py took 0.868 seconds
[2025-09-02T16:28:44.239+0000] {processor.py:157} INFO - Started process (PID=344) to work on /home/airflow/.local/lib/python3.7/site-packages/airflow/example_dags/example_kubernetes_executor.py
[2025-09-02T16:28:44.240+0000] {processor.py:826} INFO - Processing file /home/airflow/.local/lib/python3.7/site-packages/airflow/example_dags/example_kubernetes_executor.py for tasks to queue
[2025-09-02T16:28:44.242+0000] {logging_mixin.py:150} INFO - [2025-09-02T16:28:44.242+0000] {dagbag.py:541} INFO - Filling up the DagBag from /home/airflow/.local/lib/python3.7/site-packages/airflow/example_dags/example_kubernetes_executor.py
[2025-09-02T16:28:44.669+0000] {processor.py:836} INFO - DAG(s) dict_keys(['example_kubernetes_executor']) retrieved from /home/airflow/.local/lib/python3.7/site-packages/airflow/example_dags/example_kubernetes_executor.py
[2025-09-02T16:28:44.711+0000] {logging_mixin.py:150} INFO - [2025-09-02T16:28:44.711+0000] {dag.py:2742} INFO - Sync 1 DAGs
[2025-09-02T16:28:44.741+0000] {logging_mixin.py:150} INFO - [2025-09-02T16:28:44.741+0000] {dag.py:3508} INFO - Setting next_dagrun for example_kubernetes_executor to None, run_after=None
[2025-09-02T16:28:44.772+0000] {processor.py:179} INFO - Processing /home/airflow/.local/lib/python3.7/site-packages/airflow/example_dags/example_kubernetes_executor.py took 0.539 seconds
[2025-09-02T16:29:14.917+0000] {processor.py:157} INFO - Started process (PID=407) to work on /home/airflow/.local/lib/python3.7/site-packages/airflow/example_dags/example_kubernetes_executor.py
[2025-09-02T16:29:14.919+0000] {processor.py:826} INFO - Processing file /home/airflow/.local/lib/python3.7/site-packages/airflow/example_dags/example_kubernetes_executor.py for tasks to queue
[2025-09-02T16:29:14.920+0000] {logging_mixin.py:150} INFO - [2025-09-02T16:29:14.919+0000] {dagbag.py:541} INFO - Filling up the DagBag from /home/airflow/.local/lib/python3.7/site-packages/airflow/example_dags/example_kubernetes_executor.py
[2025-09-02T16:29:15.499+0000] {processor.py:836} INFO - DAG(s) dict_keys(['example_kubernetes_executor']) retrieved from /home/airflow/.local/lib/python3.7/site-packages/airflow/example_dags/example_kubernetes_executor.py
[2025-09-02T16:29:15.546+0000] {logging_mixin.py:150} INFO - [2025-09-02T16:29:15.546+0000] {dag.py:2742} INFO - Sync 1 DAGs
[2025-09-02T16:29:15.581+0000] {logging_mixin.py:150} INFO - [2025-09-02T16:29:15.581+0000] {dag.py:3508} INFO - Setting next_dagrun for example_kubernetes_executor to None, run_after=None
[2025-09-02T16:29:15.611+0000] {processor.py:179} INFO - Processing /home/airflow/.local/lib/python3.7/site-packages/airflow/example_dags/example_kubernetes_executor.py took 0.701 seconds
[2025-09-02T16:29:45.887+0000] {processor.py:157} INFO - Started process (PID=468) to work on /home/airflow/.local/lib/python3.7/site-packages/airflow/example_dags/example_kubernetes_executor.py
[2025-09-02T16:29:45.888+0000] {processor.py:826} INFO - Processing file /home/airflow/.local/lib/python3.7/site-packages/airflow/example_dags/example_kubernetes_executor.py for tasks to queue
[2025-09-02T16:29:45.889+0000] {logging_mixin.py:150} INFO - [2025-09-02T16:29:45.889+0000] {dagbag.py:541} INFO - Filling up the DagBag from /home/airflow/.local/lib/python3.7/site-packages/airflow/example_dags/example_kubernetes_executor.py
[2025-09-02T16:29:46.440+0000] {processor.py:836} INFO - DAG(s) dict_keys(['example_kubernetes_executor']) retrieved from /home/airflow/.local/lib/python3.7/site-packages/airflow/example_dags/example_kubernetes_executor.py
[2025-09-02T16:29:46.498+0000] {logging_mixin.py:150} INFO - [2025-09-02T16:29:46.498+0000] {dag.py:2742} INFO - Sync 1 DAGs
[2025-09-02T16:29:46.532+0000] {logging_mixin.py:150} INFO - [2025-09-02T16:29:46.532+0000] {dag.py:3508} INFO - Setting next_dagrun for example_kubernetes_executor to None, run_after=None
[2025-09-02T16:29:46.558+0000] {processor.py:179} INFO - Processing /home/airflow/.local/lib/python3.7/site-packages/airflow/example_dags/example_kubernetes_executor.py took 0.675 seconds
[2025-09-02T16:30:17.046+0000] {processor.py:157} INFO - Started process (PID=529) to work on /home/airflow/.local/lib/python3.7/site-packages/airflow/example_dags/example_kubernetes_executor.py
[2025-09-02T16:30:17.049+0000] {processor.py:826} INFO - Processing file /home/airflow/.local/lib/python3.7/site-packages/airflow/example_dags/example_kubernetes_executor.py for tasks to queue
[2025-09-02T16:30:17.050+0000] {logging_mixin.py:150} INFO - [2025-09-02T16:30:17.050+0000] {dagbag.py:541} INFO - Filling up the DagBag from /home/airflow/.local/lib/python3.7/site-packages/airflow/example_dags/example_kubernetes_executor.py
[2025-09-02T16:30:17.481+0000] {processor.py:836} INFO - DAG(s) dict_keys(['example_kubernetes_executor']) retrieved from /home/airflow/.local/lib/python3.7/site-packages/airflow/example_dags/example_kubernetes_executor.py
[2025-09-02T16:30:17.516+0000] {logging_mixin.py:150} INFO - [2025-09-02T16:30:17.515+0000] {dag.py:2742} INFO - Sync 1 DAGs
[2025-09-02T16:30:17.547+0000] {logging_mixin.py:150} INFO - [2025-09-02T16:30:17.547+0000] {dag.py:3508} INFO - Setting next_dagrun for example_kubernetes_executor to None, run_after=None
[2025-09-02T16:30:17.574+0000] {processor.py:179} INFO - Processing /home/airflow/.local/lib/python3.7/site-packages/airflow/example_dags/example_kubernetes_executor.py took 0.533 seconds
