[2025-09-02T16:13:07.718+0000] {processor.py:157} INFO - Started process (PID=92) to work on /home/airflow/.local/lib/python3.7/site-packages/airflow/example_dags/example_branch_day_of_week_operator.py
[2025-09-02T16:13:07.719+0000] {processor.py:826} INFO - Processing file /home/airflow/.local/lib/python3.7/site-packages/airflow/example_dags/example_branch_day_of_week_operator.py for tasks to queue
[2025-09-02T16:13:07.719+0000] {logging_mixin.py:150} INFO - [2025-09-02T16:13:07.719+0000] {dagbag.py:541} INFO - Filling up the DagBag from /home/airflow/.local/lib/python3.7/site-packages/airflow/example_dags/example_branch_day_of_week_operator.py
[2025-09-02T16:13:07.726+0000] {processor.py:836} INFO - DAG(s) dict_keys(['example_weekday_branch_operator']) retrieved from /home/airflow/.local/lib/python3.7/site-packages/airflow/example_dags/example_branch_day_of_week_operator.py
[2025-09-02T16:13:07.823+0000] {logging_mixin.py:150} INFO - [2025-09-02T16:13:07.822+0000] {manager.py:504} INFO - Created Permission View: can read on DAG:example_weekday_branch_operator
[2025-09-02T16:13:07.834+0000] {logging_mixin.py:150} INFO - [2025-09-02T16:13:07.834+0000] {manager.py:504} INFO - Created Permission View: can edit on DAG:example_weekday_branch_operator
[2025-09-02T16:13:07.842+0000] {logging_mixin.py:150} INFO - [2025-09-02T16:13:07.842+0000] {manager.py:504} INFO - Created Permission View: can delete on DAG:example_weekday_branch_operator
[2025-09-02T16:13:07.860+0000] {logging_mixin.py:150} INFO - [2025-09-02T16:13:07.860+0000] {dag.py:2742} INFO - Sync 1 DAGs
[2025-09-02T16:13:07.873+0000] {logging_mixin.py:150} INFO - [2025-09-02T16:13:07.873+0000] {dag.py:2763} INFO - Creating ORM DAG for example_weekday_branch_operator
[2025-09-02T16:13:07.890+0000] {logging_mixin.py:150} INFO - [2025-09-02T16:13:07.890+0000] {dag.py:3508} INFO - Setting next_dagrun for example_weekday_branch_operator to 2025-09-01T00:00:00+00:00, run_after=2025-09-02T00:00:00+00:00
[2025-09-02T16:13:07.927+0000] {processor.py:179} INFO - Processing /home/airflow/.local/lib/python3.7/site-packages/airflow/example_dags/example_branch_day_of_week_operator.py took 0.212 seconds
[2025-09-02T16:13:38.324+0000] {processor.py:157} INFO - Started process (PID=153) to work on /home/airflow/.local/lib/python3.7/site-packages/airflow/example_dags/example_branch_day_of_week_operator.py
[2025-09-02T16:13:38.324+0000] {processor.py:826} INFO - Processing file /home/airflow/.local/lib/python3.7/site-packages/airflow/example_dags/example_branch_day_of_week_operator.py for tasks to queue
[2025-09-02T16:13:38.325+0000] {logging_mixin.py:150} INFO - [2025-09-02T16:13:38.325+0000] {dagbag.py:541} INFO - Filling up the DagBag from /home/airflow/.local/lib/python3.7/site-packages/airflow/example_dags/example_branch_day_of_week_operator.py
[2025-09-02T16:13:38.333+0000] {processor.py:836} INFO - DAG(s) dict_keys(['example_weekday_branch_operator']) retrieved from /home/airflow/.local/lib/python3.7/site-packages/airflow/example_dags/example_branch_day_of_week_operator.py
[2025-09-02T16:13:38.363+0000] {logging_mixin.py:150} INFO - [2025-09-02T16:13:38.362+0000] {dag.py:2742} INFO - Sync 1 DAGs
[2025-09-02T16:13:38.398+0000] {logging_mixin.py:150} INFO - [2025-09-02T16:13:38.398+0000] {dag.py:3508} INFO - Setting next_dagrun for example_weekday_branch_operator to 2025-09-01T00:00:00+00:00, run_after=2025-09-02T00:00:00+00:00
[2025-09-02T16:13:38.427+0000] {processor.py:179} INFO - Processing /home/airflow/.local/lib/python3.7/site-packages/airflow/example_dags/example_branch_day_of_week_operator.py took 0.106 seconds
[2025-09-02T16:14:09.140+0000] {processor.py:157} INFO - Started process (PID=213) to work on /home/airflow/.local/lib/python3.7/site-packages/airflow/example_dags/example_branch_day_of_week_operator.py
[2025-09-02T16:14:09.141+0000] {processor.py:826} INFO - Processing file /home/airflow/.local/lib/python3.7/site-packages/airflow/example_dags/example_branch_day_of_week_operator.py for tasks to queue
[2025-09-02T16:14:09.142+0000] {logging_mixin.py:150} INFO - [2025-09-02T16:14:09.141+0000] {dagbag.py:541} INFO - Filling up the DagBag from /home/airflow/.local/lib/python3.7/site-packages/airflow/example_dags/example_branch_day_of_week_operator.py
[2025-09-02T16:14:09.150+0000] {processor.py:836} INFO - DAG(s) dict_keys(['example_weekday_branch_operator']) retrieved from /home/airflow/.local/lib/python3.7/site-packages/airflow/example_dags/example_branch_day_of_week_operator.py
[2025-09-02T16:14:09.181+0000] {logging_mixin.py:150} INFO - [2025-09-02T16:14:09.181+0000] {dag.py:2742} INFO - Sync 1 DAGs
[2025-09-02T16:14:09.218+0000] {logging_mixin.py:150} INFO - [2025-09-02T16:14:09.217+0000] {dag.py:3508} INFO - Setting next_dagrun for example_weekday_branch_operator to 2025-09-01T00:00:00+00:00, run_after=2025-09-02T00:00:00+00:00
[2025-09-02T16:14:09.243+0000] {processor.py:179} INFO - Processing /home/airflow/.local/lib/python3.7/site-packages/airflow/example_dags/example_branch_day_of_week_operator.py took 0.107 seconds
[2025-09-02T16:14:39.847+0000] {processor.py:157} INFO - Started process (PID=273) to work on /home/airflow/.local/lib/python3.7/site-packages/airflow/example_dags/example_branch_day_of_week_operator.py
[2025-09-02T16:14:39.848+0000] {processor.py:826} INFO - Processing file /home/airflow/.local/lib/python3.7/site-packages/airflow/example_dags/example_branch_day_of_week_operator.py for tasks to queue
[2025-09-02T16:14:39.849+0000] {logging_mixin.py:150} INFO - [2025-09-02T16:14:39.849+0000] {dagbag.py:541} INFO - Filling up the DagBag from /home/airflow/.local/lib/python3.7/site-packages/airflow/example_dags/example_branch_day_of_week_operator.py
[2025-09-02T16:14:39.858+0000] {processor.py:836} INFO - DAG(s) dict_keys(['example_weekday_branch_operator']) retrieved from /home/airflow/.local/lib/python3.7/site-packages/airflow/example_dags/example_branch_day_of_week_operator.py
[2025-09-02T16:14:39.888+0000] {logging_mixin.py:150} INFO - [2025-09-02T16:14:39.888+0000] {dag.py:2742} INFO - Sync 1 DAGs
[2025-09-02T16:14:39.925+0000] {logging_mixin.py:150} INFO - [2025-09-02T16:14:39.925+0000] {dag.py:3508} INFO - Setting next_dagrun for example_weekday_branch_operator to 2025-09-01T00:00:00+00:00, run_after=2025-09-02T00:00:00+00:00
[2025-09-02T16:14:39.954+0000] {processor.py:179} INFO - Processing /home/airflow/.local/lib/python3.7/site-packages/airflow/example_dags/example_branch_day_of_week_operator.py took 0.112 seconds
[2025-09-02T16:15:11.663+0000] {processor.py:157} INFO - Started process (PID=333) to work on /home/airflow/.local/lib/python3.7/site-packages/airflow/example_dags/example_branch_day_of_week_operator.py
[2025-09-02T16:15:11.664+0000] {processor.py:826} INFO - Processing file /home/airflow/.local/lib/python3.7/site-packages/airflow/example_dags/example_branch_day_of_week_operator.py for tasks to queue
[2025-09-02T16:15:11.665+0000] {logging_mixin.py:150} INFO - [2025-09-02T16:15:11.664+0000] {dagbag.py:541} INFO - Filling up the DagBag from /home/airflow/.local/lib/python3.7/site-packages/airflow/example_dags/example_branch_day_of_week_operator.py
[2025-09-02T16:15:11.673+0000] {processor.py:836} INFO - DAG(s) dict_keys(['example_weekday_branch_operator']) retrieved from /home/airflow/.local/lib/python3.7/site-packages/airflow/example_dags/example_branch_day_of_week_operator.py
[2025-09-02T16:15:11.702+0000] {logging_mixin.py:150} INFO - [2025-09-02T16:15:11.702+0000] {dag.py:2742} INFO - Sync 1 DAGs
[2025-09-02T16:15:11.734+0000] {logging_mixin.py:150} INFO - [2025-09-02T16:15:11.733+0000] {dag.py:3508} INFO - Setting next_dagrun for example_weekday_branch_operator to 2025-09-01T00:00:00+00:00, run_after=2025-09-02T00:00:00+00:00
[2025-09-02T16:15:11.757+0000] {processor.py:179} INFO - Processing /home/airflow/.local/lib/python3.7/site-packages/airflow/example_dags/example_branch_day_of_week_operator.py took 0.101 seconds
[2025-09-02T16:15:42.804+0000] {processor.py:157} INFO - Started process (PID=393) to work on /home/airflow/.local/lib/python3.7/site-packages/airflow/example_dags/example_branch_day_of_week_operator.py
[2025-09-02T16:15:42.805+0000] {processor.py:826} INFO - Processing file /home/airflow/.local/lib/python3.7/site-packages/airflow/example_dags/example_branch_day_of_week_operator.py for tasks to queue
[2025-09-02T16:15:42.807+0000] {logging_mixin.py:150} INFO - [2025-09-02T16:15:42.806+0000] {dagbag.py:541} INFO - Filling up the DagBag from /home/airflow/.local/lib/python3.7/site-packages/airflow/example_dags/example_branch_day_of_week_operator.py
[2025-09-02T16:15:42.816+0000] {processor.py:836} INFO - DAG(s) dict_keys(['example_weekday_branch_operator']) retrieved from /home/airflow/.local/lib/python3.7/site-packages/airflow/example_dags/example_branch_day_of_week_operator.py
[2025-09-02T16:15:42.850+0000] {logging_mixin.py:150} INFO - [2025-09-02T16:15:42.850+0000] {dag.py:2742} INFO - Sync 1 DAGs
[2025-09-02T16:15:42.896+0000] {logging_mixin.py:150} INFO - [2025-09-02T16:15:42.895+0000] {dag.py:3508} INFO - Setting next_dagrun for example_weekday_branch_operator to 2025-09-01T00:00:00+00:00, run_after=2025-09-02T00:00:00+00:00
[2025-09-02T16:15:42.929+0000] {processor.py:179} INFO - Processing /home/airflow/.local/lib/python3.7/site-packages/airflow/example_dags/example_branch_day_of_week_operator.py took 0.129 seconds
[2025-09-02T16:16:13.816+0000] {processor.py:157} INFO - Started process (PID=453) to work on /home/airflow/.local/lib/python3.7/site-packages/airflow/example_dags/example_branch_day_of_week_operator.py
[2025-09-02T16:16:13.817+0000] {processor.py:826} INFO - Processing file /home/airflow/.local/lib/python3.7/site-packages/airflow/example_dags/example_branch_day_of_week_operator.py for tasks to queue
[2025-09-02T16:16:13.818+0000] {logging_mixin.py:150} INFO - [2025-09-02T16:16:13.818+0000] {dagbag.py:541} INFO - Filling up the DagBag from /home/airflow/.local/lib/python3.7/site-packages/airflow/example_dags/example_branch_day_of_week_operator.py
[2025-09-02T16:16:13.827+0000] {processor.py:836} INFO - DAG(s) dict_keys(['example_weekday_branch_operator']) retrieved from /home/airflow/.local/lib/python3.7/site-packages/airflow/example_dags/example_branch_day_of_week_operator.py
[2025-09-02T16:16:13.857+0000] {logging_mixin.py:150} INFO - [2025-09-02T16:16:13.857+0000] {dag.py:2742} INFO - Sync 1 DAGs
[2025-09-02T16:16:13.893+0000] {logging_mixin.py:150} INFO - [2025-09-02T16:16:13.892+0000] {dag.py:3508} INFO - Setting next_dagrun for example_weekday_branch_operator to 2025-09-01T00:00:00+00:00, run_after=2025-09-02T00:00:00+00:00
[2025-09-02T16:16:13.920+0000] {processor.py:179} INFO - Processing /home/airflow/.local/lib/python3.7/site-packages/airflow/example_dags/example_branch_day_of_week_operator.py took 0.108 seconds
[2025-09-02T16:16:44.834+0000] {processor.py:157} INFO - Started process (PID=513) to work on /home/airflow/.local/lib/python3.7/site-packages/airflow/example_dags/example_branch_day_of_week_operator.py
[2025-09-02T16:16:44.835+0000] {processor.py:826} INFO - Processing file /home/airflow/.local/lib/python3.7/site-packages/airflow/example_dags/example_branch_day_of_week_operator.py for tasks to queue
[2025-09-02T16:16:44.836+0000] {logging_mixin.py:150} INFO - [2025-09-02T16:16:44.836+0000] {dagbag.py:541} INFO - Filling up the DagBag from /home/airflow/.local/lib/python3.7/site-packages/airflow/example_dags/example_branch_day_of_week_operator.py
[2025-09-02T16:16:44.845+0000] {processor.py:836} INFO - DAG(s) dict_keys(['example_weekday_branch_operator']) retrieved from /home/airflow/.local/lib/python3.7/site-packages/airflow/example_dags/example_branch_day_of_week_operator.py
[2025-09-02T16:16:44.873+0000] {logging_mixin.py:150} INFO - [2025-09-02T16:16:44.873+0000] {dag.py:2742} INFO - Sync 1 DAGs
[2025-09-02T16:16:44.910+0000] {logging_mixin.py:150} INFO - [2025-09-02T16:16:44.910+0000] {dag.py:3508} INFO - Setting next_dagrun for example_weekday_branch_operator to 2025-09-01T00:00:00+00:00, run_after=2025-09-02T00:00:00+00:00
[2025-09-02T16:16:44.938+0000] {processor.py:179} INFO - Processing /home/airflow/.local/lib/python3.7/site-packages/airflow/example_dags/example_branch_day_of_week_operator.py took 0.107 seconds
[2025-09-02T16:17:23.778+0000] {processor.py:157} INFO - Started process (PID=573) to work on /home/airflow/.local/lib/python3.7/site-packages/airflow/example_dags/example_branch_day_of_week_operator.py
[2025-09-02T16:17:23.781+0000] {processor.py:826} INFO - Processing file /home/airflow/.local/lib/python3.7/site-packages/airflow/example_dags/example_branch_day_of_week_operator.py for tasks to queue
[2025-09-02T16:17:23.783+0000] {logging_mixin.py:150} INFO - [2025-09-02T16:17:23.782+0000] {dagbag.py:541} INFO - Filling up the DagBag from /home/airflow/.local/lib/python3.7/site-packages/airflow/example_dags/example_branch_day_of_week_operator.py
[2025-09-02T16:17:23.823+0000] {processor.py:836} INFO - DAG(s) dict_keys(['example_weekday_branch_operator']) retrieved from /home/airflow/.local/lib/python3.7/site-packages/airflow/example_dags/example_branch_day_of_week_operator.py
[2025-09-02T16:17:23.987+0000] {logging_mixin.py:150} INFO - [2025-09-02T16:17:23.987+0000] {dag.py:2742} INFO - Sync 1 DAGs
[2025-09-02T16:17:24.099+0000] {logging_mixin.py:150} INFO - [2025-09-02T16:17:24.098+0000] {dag.py:3508} INFO - Setting next_dagrun for example_weekday_branch_operator to 2025-09-01T00:00:00+00:00, run_after=2025-09-02T00:00:00+00:00
[2025-09-02T16:17:24.185+0000] {processor.py:179} INFO - Processing /home/airflow/.local/lib/python3.7/site-packages/airflow/example_dags/example_branch_day_of_week_operator.py took 0.413 seconds
[2025-09-02T16:17:54.327+0000] {processor.py:157} INFO - Started process (PID=633) to work on /home/airflow/.local/lib/python3.7/site-packages/airflow/example_dags/example_branch_day_of_week_operator.py
[2025-09-02T16:17:54.328+0000] {processor.py:826} INFO - Processing file /home/airflow/.local/lib/python3.7/site-packages/airflow/example_dags/example_branch_day_of_week_operator.py for tasks to queue
[2025-09-02T16:17:54.328+0000] {logging_mixin.py:150} INFO - [2025-09-02T16:17:54.328+0000] {dagbag.py:541} INFO - Filling up the DagBag from /home/airflow/.local/lib/python3.7/site-packages/airflow/example_dags/example_branch_day_of_week_operator.py
[2025-09-02T16:17:54.335+0000] {processor.py:836} INFO - DAG(s) dict_keys(['example_weekday_branch_operator']) retrieved from /home/airflow/.local/lib/python3.7/site-packages/airflow/example_dags/example_branch_day_of_week_operator.py
[2025-09-02T16:17:54.359+0000] {logging_mixin.py:150} INFO - [2025-09-02T16:17:54.359+0000] {dag.py:2742} INFO - Sync 1 DAGs
[2025-09-02T16:17:54.384+0000] {logging_mixin.py:150} INFO - [2025-09-02T16:17:54.384+0000] {dag.py:3508} INFO - Setting next_dagrun for example_weekday_branch_operator to 2025-09-01T00:00:00+00:00, run_after=2025-09-02T00:00:00+00:00
[2025-09-02T16:17:54.409+0000] {processor.py:179} INFO - Processing /home/airflow/.local/lib/python3.7/site-packages/airflow/example_dags/example_branch_day_of_week_operator.py took 0.085 seconds
[2025-09-02T16:18:25.482+0000] {processor.py:157} INFO - Started process (PID=693) to work on /home/airflow/.local/lib/python3.7/site-packages/airflow/example_dags/example_branch_day_of_week_operator.py
[2025-09-02T16:18:25.483+0000] {processor.py:826} INFO - Processing file /home/airflow/.local/lib/python3.7/site-packages/airflow/example_dags/example_branch_day_of_week_operator.py for tasks to queue
[2025-09-02T16:18:25.483+0000] {logging_mixin.py:150} INFO - [2025-09-02T16:18:25.483+0000] {dagbag.py:541} INFO - Filling up the DagBag from /home/airflow/.local/lib/python3.7/site-packages/airflow/example_dags/example_branch_day_of_week_operator.py
[2025-09-02T16:18:25.492+0000] {processor.py:836} INFO - DAG(s) dict_keys(['example_weekday_branch_operator']) retrieved from /home/airflow/.local/lib/python3.7/site-packages/airflow/example_dags/example_branch_day_of_week_operator.py
[2025-09-02T16:18:25.522+0000] {logging_mixin.py:150} INFO - [2025-09-02T16:18:25.522+0000] {dag.py:2742} INFO - Sync 1 DAGs
[2025-09-02T16:18:25.560+0000] {logging_mixin.py:150} INFO - [2025-09-02T16:18:25.559+0000] {dag.py:3508} INFO - Setting next_dagrun for example_weekday_branch_operator to 2025-09-01T00:00:00+00:00, run_after=2025-09-02T00:00:00+00:00
[2025-09-02T16:18:25.587+0000] {processor.py:179} INFO - Processing /home/airflow/.local/lib/python3.7/site-packages/airflow/example_dags/example_branch_day_of_week_operator.py took 0.110 seconds
[2025-09-02T16:18:56.064+0000] {processor.py:157} INFO - Started process (PID=753) to work on /home/airflow/.local/lib/python3.7/site-packages/airflow/example_dags/example_branch_day_of_week_operator.py
[2025-09-02T16:18:56.064+0000] {processor.py:826} INFO - Processing file /home/airflow/.local/lib/python3.7/site-packages/airflow/example_dags/example_branch_day_of_week_operator.py for tasks to queue
[2025-09-02T16:18:56.065+0000] {logging_mixin.py:150} INFO - [2025-09-02T16:18:56.065+0000] {dagbag.py:541} INFO - Filling up the DagBag from /home/airflow/.local/lib/python3.7/site-packages/airflow/example_dags/example_branch_day_of_week_operator.py
[2025-09-02T16:18:56.072+0000] {processor.py:836} INFO - DAG(s) dict_keys(['example_weekday_branch_operator']) retrieved from /home/airflow/.local/lib/python3.7/site-packages/airflow/example_dags/example_branch_day_of_week_operator.py
[2025-09-02T16:18:56.100+0000] {logging_mixin.py:150} INFO - [2025-09-02T16:18:56.100+0000] {dag.py:2742} INFO - Sync 1 DAGs
[2025-09-02T16:18:56.127+0000] {logging_mixin.py:150} INFO - [2025-09-02T16:18:56.127+0000] {dag.py:3508} INFO - Setting next_dagrun for example_weekday_branch_operator to 2025-09-01T00:00:00+00:00, run_after=2025-09-02T00:00:00+00:00
[2025-09-02T16:18:56.146+0000] {processor.py:179} INFO - Processing /home/airflow/.local/lib/python3.7/site-packages/airflow/example_dags/example_branch_day_of_week_operator.py took 0.086 seconds
[2025-09-02T16:19:27.923+0000] {processor.py:157} INFO - Started process (PID=813) to work on /home/airflow/.local/lib/python3.7/site-packages/airflow/example_dags/example_branch_day_of_week_operator.py
[2025-09-02T16:19:27.925+0000] {processor.py:826} INFO - Processing file /home/airflow/.local/lib/python3.7/site-packages/airflow/example_dags/example_branch_day_of_week_operator.py for tasks to queue
[2025-09-02T16:19:27.926+0000] {logging_mixin.py:150} INFO - [2025-09-02T16:19:27.925+0000] {dagbag.py:541} INFO - Filling up the DagBag from /home/airflow/.local/lib/python3.7/site-packages/airflow/example_dags/example_branch_day_of_week_operator.py
[2025-09-02T16:19:27.936+0000] {processor.py:836} INFO - DAG(s) dict_keys(['example_weekday_branch_operator']) retrieved from /home/airflow/.local/lib/python3.7/site-packages/airflow/example_dags/example_branch_day_of_week_operator.py
[2025-09-02T16:19:27.974+0000] {logging_mixin.py:150} INFO - [2025-09-02T16:19:27.973+0000] {dag.py:2742} INFO - Sync 1 DAGs
[2025-09-02T16:19:28.022+0000] {logging_mixin.py:150} INFO - [2025-09-02T16:19:28.022+0000] {dag.py:3508} INFO - Setting next_dagrun for example_weekday_branch_operator to 2025-09-01T00:00:00+00:00, run_after=2025-09-02T00:00:00+00:00
[2025-09-02T16:19:28.056+0000] {processor.py:179} INFO - Processing /home/airflow/.local/lib/python3.7/site-packages/airflow/example_dags/example_branch_day_of_week_operator.py took 0.138 seconds
[2025-09-02T16:19:59.646+0000] {processor.py:157} INFO - Started process (PID=873) to work on /home/airflow/.local/lib/python3.7/site-packages/airflow/example_dags/example_branch_day_of_week_operator.py
[2025-09-02T16:19:59.647+0000] {processor.py:826} INFO - Processing file /home/airflow/.local/lib/python3.7/site-packages/airflow/example_dags/example_branch_day_of_week_operator.py for tasks to queue
[2025-09-02T16:19:59.648+0000] {logging_mixin.py:150} INFO - [2025-09-02T16:19:59.648+0000] {dagbag.py:541} INFO - Filling up the DagBag from /home/airflow/.local/lib/python3.7/site-packages/airflow/example_dags/example_branch_day_of_week_operator.py
[2025-09-02T16:19:59.658+0000] {processor.py:836} INFO - DAG(s) dict_keys(['example_weekday_branch_operator']) retrieved from /home/airflow/.local/lib/python3.7/site-packages/airflow/example_dags/example_branch_day_of_week_operator.py
[2025-09-02T16:19:59.695+0000] {logging_mixin.py:150} INFO - [2025-09-02T16:19:59.694+0000] {dag.py:2742} INFO - Sync 1 DAGs
[2025-09-02T16:19:59.735+0000] {logging_mixin.py:150} INFO - [2025-09-02T16:19:59.735+0000] {dag.py:3508} INFO - Setting next_dagrun for example_weekday_branch_operator to 2025-09-01T00:00:00+00:00, run_after=2025-09-02T00:00:00+00:00
[2025-09-02T16:19:59.767+0000] {processor.py:179} INFO - Processing /home/airflow/.local/lib/python3.7/site-packages/airflow/example_dags/example_branch_day_of_week_operator.py took 0.128 seconds
[2025-09-02T16:20:30.585+0000] {processor.py:157} INFO - Started process (PID=933) to work on /home/airflow/.local/lib/python3.7/site-packages/airflow/example_dags/example_branch_day_of_week_operator.py
[2025-09-02T16:20:30.586+0000] {processor.py:826} INFO - Processing file /home/airflow/.local/lib/python3.7/site-packages/airflow/example_dags/example_branch_day_of_week_operator.py for tasks to queue
[2025-09-02T16:20:30.587+0000] {logging_mixin.py:150} INFO - [2025-09-02T16:20:30.587+0000] {dagbag.py:541} INFO - Filling up the DagBag from /home/airflow/.local/lib/python3.7/site-packages/airflow/example_dags/example_branch_day_of_week_operator.py
[2025-09-02T16:20:30.601+0000] {processor.py:836} INFO - DAG(s) dict_keys(['example_weekday_branch_operator']) retrieved from /home/airflow/.local/lib/python3.7/site-packages/airflow/example_dags/example_branch_day_of_week_operator.py
[2025-09-02T16:20:30.641+0000] {logging_mixin.py:150} INFO - [2025-09-02T16:20:30.641+0000] {dag.py:2742} INFO - Sync 1 DAGs
[2025-09-02T16:20:30.677+0000] {logging_mixin.py:150} INFO - [2025-09-02T16:20:30.676+0000] {dag.py:3508} INFO - Setting next_dagrun for example_weekday_branch_operator to 2025-09-01T00:00:00+00:00, run_after=2025-09-02T00:00:00+00:00
[2025-09-02T16:20:30.701+0000] {processor.py:179} INFO - Processing /home/airflow/.local/lib/python3.7/site-packages/airflow/example_dags/example_branch_day_of_week_operator.py took 0.121 seconds
[2025-09-02T16:21:01.938+0000] {processor.py:157} INFO - Started process (PID=993) to work on /home/airflow/.local/lib/python3.7/site-packages/airflow/example_dags/example_branch_day_of_week_operator.py
[2025-09-02T16:21:01.939+0000] {processor.py:826} INFO - Processing file /home/airflow/.local/lib/python3.7/site-packages/airflow/example_dags/example_branch_day_of_week_operator.py for tasks to queue
[2025-09-02T16:21:01.940+0000] {logging_mixin.py:150} INFO - [2025-09-02T16:21:01.939+0000] {dagbag.py:541} INFO - Filling up the DagBag from /home/airflow/.local/lib/python3.7/site-packages/airflow/example_dags/example_branch_day_of_week_operator.py
[2025-09-02T16:21:01.948+0000] {processor.py:836} INFO - DAG(s) dict_keys(['example_weekday_branch_operator']) retrieved from /home/airflow/.local/lib/python3.7/site-packages/airflow/example_dags/example_branch_day_of_week_operator.py
[2025-09-02T16:21:01.984+0000] {logging_mixin.py:150} INFO - [2025-09-02T16:21:01.983+0000] {dag.py:2742} INFO - Sync 1 DAGs
[2025-09-02T16:21:02.020+0000] {logging_mixin.py:150} INFO - [2025-09-02T16:21:02.020+0000] {dag.py:3508} INFO - Setting next_dagrun for example_weekday_branch_operator to 2025-09-01T00:00:00+00:00, run_after=2025-09-02T00:00:00+00:00
[2025-09-02T16:21:02.050+0000] {processor.py:179} INFO - Processing /home/airflow/.local/lib/python3.7/site-packages/airflow/example_dags/example_branch_day_of_week_operator.py took 0.116 seconds
[2025-09-02T16:21:32.974+0000] {processor.py:157} INFO - Started process (PID=1053) to work on /home/airflow/.local/lib/python3.7/site-packages/airflow/example_dags/example_branch_day_of_week_operator.py
[2025-09-02T16:21:32.975+0000] {processor.py:826} INFO - Processing file /home/airflow/.local/lib/python3.7/site-packages/airflow/example_dags/example_branch_day_of_week_operator.py for tasks to queue
[2025-09-02T16:21:32.976+0000] {logging_mixin.py:150} INFO - [2025-09-02T16:21:32.976+0000] {dagbag.py:541} INFO - Filling up the DagBag from /home/airflow/.local/lib/python3.7/site-packages/airflow/example_dags/example_branch_day_of_week_operator.py
[2025-09-02T16:21:32.985+0000] {processor.py:836} INFO - DAG(s) dict_keys(['example_weekday_branch_operator']) retrieved from /home/airflow/.local/lib/python3.7/site-packages/airflow/example_dags/example_branch_day_of_week_operator.py
[2025-09-02T16:21:33.015+0000] {logging_mixin.py:150} INFO - [2025-09-02T16:21:33.015+0000] {dag.py:2742} INFO - Sync 1 DAGs
[2025-09-02T16:21:33.052+0000] {logging_mixin.py:150} INFO - [2025-09-02T16:21:33.051+0000] {dag.py:3508} INFO - Setting next_dagrun for example_weekday_branch_operator to 2025-09-01T00:00:00+00:00, run_after=2025-09-02T00:00:00+00:00
[2025-09-02T16:21:33.078+0000] {processor.py:179} INFO - Processing /home/airflow/.local/lib/python3.7/site-packages/airflow/example_dags/example_branch_day_of_week_operator.py took 0.111 seconds
[2025-09-02T16:22:04.664+0000] {processor.py:157} INFO - Started process (PID=1113) to work on /home/airflow/.local/lib/python3.7/site-packages/airflow/example_dags/example_branch_day_of_week_operator.py
[2025-09-02T16:22:04.666+0000] {processor.py:826} INFO - Processing file /home/airflow/.local/lib/python3.7/site-packages/airflow/example_dags/example_branch_day_of_week_operator.py for tasks to queue
[2025-09-02T16:22:04.667+0000] {logging_mixin.py:150} INFO - [2025-09-02T16:22:04.666+0000] {dagbag.py:541} INFO - Filling up the DagBag from /home/airflow/.local/lib/python3.7/site-packages/airflow/example_dags/example_branch_day_of_week_operator.py
[2025-09-02T16:22:04.676+0000] {processor.py:836} INFO - DAG(s) dict_keys(['example_weekday_branch_operator']) retrieved from /home/airflow/.local/lib/python3.7/site-packages/airflow/example_dags/example_branch_day_of_week_operator.py
[2025-09-02T16:22:04.710+0000] {logging_mixin.py:150} INFO - [2025-09-02T16:22:04.710+0000] {dag.py:2742} INFO - Sync 1 DAGs
[2025-09-02T16:22:04.749+0000] {logging_mixin.py:150} INFO - [2025-09-02T16:22:04.748+0000] {dag.py:3508} INFO - Setting next_dagrun for example_weekday_branch_operator to 2025-09-01T00:00:00+00:00, run_after=2025-09-02T00:00:00+00:00
[2025-09-02T16:22:04.776+0000] {processor.py:179} INFO - Processing /home/airflow/.local/lib/python3.7/site-packages/airflow/example_dags/example_branch_day_of_week_operator.py took 0.117 seconds
[2025-09-02T16:22:35.882+0000] {processor.py:157} INFO - Started process (PID=1173) to work on /home/airflow/.local/lib/python3.7/site-packages/airflow/example_dags/example_branch_day_of_week_operator.py
[2025-09-02T16:22:35.884+0000] {processor.py:826} INFO - Processing file /home/airflow/.local/lib/python3.7/site-packages/airflow/example_dags/example_branch_day_of_week_operator.py for tasks to queue
[2025-09-02T16:22:35.885+0000] {logging_mixin.py:150} INFO - [2025-09-02T16:22:35.885+0000] {dagbag.py:541} INFO - Filling up the DagBag from /home/airflow/.local/lib/python3.7/site-packages/airflow/example_dags/example_branch_day_of_week_operator.py
[2025-09-02T16:22:35.895+0000] {processor.py:836} INFO - DAG(s) dict_keys(['example_weekday_branch_operator']) retrieved from /home/airflow/.local/lib/python3.7/site-packages/airflow/example_dags/example_branch_day_of_week_operator.py
[2025-09-02T16:22:35.926+0000] {logging_mixin.py:150} INFO - [2025-09-02T16:22:35.926+0000] {dag.py:2742} INFO - Sync 1 DAGs
[2025-09-02T16:22:35.965+0000] {logging_mixin.py:150} INFO - [2025-09-02T16:22:35.964+0000] {dag.py:3508} INFO - Setting next_dagrun for example_weekday_branch_operator to 2025-09-01T00:00:00+00:00, run_after=2025-09-02T00:00:00+00:00
[2025-09-02T16:22:36.000+0000] {processor.py:179} INFO - Processing /home/airflow/.local/lib/python3.7/site-packages/airflow/example_dags/example_branch_day_of_week_operator.py took 0.124 seconds
[2025-09-02T16:23:07.262+0000] {processor.py:157} INFO - Started process (PID=1240) to work on /home/airflow/.local/lib/python3.7/site-packages/airflow/example_dags/example_branch_day_of_week_operator.py
[2025-09-02T16:23:07.264+0000] {processor.py:826} INFO - Processing file /home/airflow/.local/lib/python3.7/site-packages/airflow/example_dags/example_branch_day_of_week_operator.py for tasks to queue
[2025-09-02T16:23:07.265+0000] {logging_mixin.py:150} INFO - [2025-09-02T16:23:07.264+0000] {dagbag.py:541} INFO - Filling up the DagBag from /home/airflow/.local/lib/python3.7/site-packages/airflow/example_dags/example_branch_day_of_week_operator.py
[2025-09-02T16:23:07.274+0000] {processor.py:836} INFO - DAG(s) dict_keys(['example_weekday_branch_operator']) retrieved from /home/airflow/.local/lib/python3.7/site-packages/airflow/example_dags/example_branch_day_of_week_operator.py
[2025-09-02T16:23:07.304+0000] {logging_mixin.py:150} INFO - [2025-09-02T16:23:07.303+0000] {dag.py:2742} INFO - Sync 1 DAGs
[2025-09-02T16:23:07.345+0000] {logging_mixin.py:150} INFO - [2025-09-02T16:23:07.345+0000] {dag.py:3508} INFO - Setting next_dagrun for example_weekday_branch_operator to 2025-09-01T00:00:00+00:00, run_after=2025-09-02T00:00:00+00:00
[2025-09-02T16:23:07.374+0000] {processor.py:179} INFO - Processing /home/airflow/.local/lib/python3.7/site-packages/airflow/example_dags/example_branch_day_of_week_operator.py took 0.118 seconds
[2025-09-02T16:23:38.118+0000] {processor.py:157} INFO - Started process (PID=1300) to work on /home/airflow/.local/lib/python3.7/site-packages/airflow/example_dags/example_branch_day_of_week_operator.py
[2025-09-02T16:23:38.119+0000] {processor.py:826} INFO - Processing file /home/airflow/.local/lib/python3.7/site-packages/airflow/example_dags/example_branch_day_of_week_operator.py for tasks to queue
[2025-09-02T16:23:38.120+0000] {logging_mixin.py:150} INFO - [2025-09-02T16:23:38.120+0000] {dagbag.py:541} INFO - Filling up the DagBag from /home/airflow/.local/lib/python3.7/site-packages/airflow/example_dags/example_branch_day_of_week_operator.py
[2025-09-02T16:23:38.128+0000] {processor.py:836} INFO - DAG(s) dict_keys(['example_weekday_branch_operator']) retrieved from /home/airflow/.local/lib/python3.7/site-packages/airflow/example_dags/example_branch_day_of_week_operator.py
[2025-09-02T16:23:38.164+0000] {logging_mixin.py:150} INFO - [2025-09-02T16:23:38.163+0000] {dag.py:2742} INFO - Sync 1 DAGs
[2025-09-02T16:23:38.201+0000] {logging_mixin.py:150} INFO - [2025-09-02T16:23:38.200+0000] {dag.py:3508} INFO - Setting next_dagrun for example_weekday_branch_operator to 2025-09-01T00:00:00+00:00, run_after=2025-09-02T00:00:00+00:00
[2025-09-02T16:23:38.230+0000] {processor.py:179} INFO - Processing /home/airflow/.local/lib/python3.7/site-packages/airflow/example_dags/example_branch_day_of_week_operator.py took 0.116 seconds
[2025-09-02T16:24:09.394+0000] {processor.py:157} INFO - Started process (PID=1360) to work on /home/airflow/.local/lib/python3.7/site-packages/airflow/example_dags/example_branch_day_of_week_operator.py
[2025-09-02T16:24:09.395+0000] {processor.py:826} INFO - Processing file /home/airflow/.local/lib/python3.7/site-packages/airflow/example_dags/example_branch_day_of_week_operator.py for tasks to queue
[2025-09-02T16:24:09.396+0000] {logging_mixin.py:150} INFO - [2025-09-02T16:24:09.395+0000] {dagbag.py:541} INFO - Filling up the DagBag from /home/airflow/.local/lib/python3.7/site-packages/airflow/example_dags/example_branch_day_of_week_operator.py
[2025-09-02T16:24:09.404+0000] {processor.py:836} INFO - DAG(s) dict_keys(['example_weekday_branch_operator']) retrieved from /home/airflow/.local/lib/python3.7/site-packages/airflow/example_dags/example_branch_day_of_week_operator.py
[2025-09-02T16:24:09.435+0000] {logging_mixin.py:150} INFO - [2025-09-02T16:24:09.434+0000] {dag.py:2742} INFO - Sync 1 DAGs
[2025-09-02T16:24:09.473+0000] {logging_mixin.py:150} INFO - [2025-09-02T16:24:09.473+0000] {dag.py:3508} INFO - Setting next_dagrun for example_weekday_branch_operator to 2025-09-01T00:00:00+00:00, run_after=2025-09-02T00:00:00+00:00
[2025-09-02T16:24:09.500+0000] {processor.py:179} INFO - Processing /home/airflow/.local/lib/python3.7/site-packages/airflow/example_dags/example_branch_day_of_week_operator.py took 0.111 seconds
[2025-09-02T16:26:41.758+0000] {processor.py:157} INFO - Started process (PID=106) to work on /home/airflow/.local/lib/python3.7/site-packages/airflow/example_dags/example_branch_day_of_week_operator.py
[2025-09-02T16:26:41.761+0000] {processor.py:826} INFO - Processing file /home/airflow/.local/lib/python3.7/site-packages/airflow/example_dags/example_branch_day_of_week_operator.py for tasks to queue
[2025-09-02T16:26:41.763+0000] {logging_mixin.py:150} INFO - [2025-09-02T16:26:41.762+0000] {dagbag.py:541} INFO - Filling up the DagBag from /home/airflow/.local/lib/python3.7/site-packages/airflow/example_dags/example_branch_day_of_week_operator.py
[2025-09-02T16:26:41.781+0000] {processor.py:836} INFO - DAG(s) dict_keys(['example_weekday_branch_operator']) retrieved from /home/airflow/.local/lib/python3.7/site-packages/airflow/example_dags/example_branch_day_of_week_operator.py
[2025-09-02T16:26:41.943+0000] {logging_mixin.py:150} INFO - [2025-09-02T16:26:41.943+0000] {dag.py:2742} INFO - Sync 1 DAGs
[2025-09-02T16:26:42.010+0000] {logging_mixin.py:150} INFO - [2025-09-02T16:26:42.010+0000] {dag.py:3508} INFO - Setting next_dagrun for example_weekday_branch_operator to 2025-09-01T00:00:00+00:00, run_after=2025-09-02T00:00:00+00:00
[2025-09-02T16:26:42.048+0000] {processor.py:179} INFO - Processing /home/airflow/.local/lib/python3.7/site-packages/airflow/example_dags/example_branch_day_of_week_operator.py took 0.324 seconds
[2025-09-02T16:27:12.192+0000] {processor.py:157} INFO - Started process (PID=166) to work on /home/airflow/.local/lib/python3.7/site-packages/airflow/example_dags/example_branch_day_of_week_operator.py
[2025-09-02T16:27:12.193+0000] {processor.py:826} INFO - Processing file /home/airflow/.local/lib/python3.7/site-packages/airflow/example_dags/example_branch_day_of_week_operator.py for tasks to queue
[2025-09-02T16:27:12.194+0000] {logging_mixin.py:150} INFO - [2025-09-02T16:27:12.194+0000] {dagbag.py:541} INFO - Filling up the DagBag from /home/airflow/.local/lib/python3.7/site-packages/airflow/example_dags/example_branch_day_of_week_operator.py
[2025-09-02T16:27:12.204+0000] {processor.py:836} INFO - DAG(s) dict_keys(['example_weekday_branch_operator']) retrieved from /home/airflow/.local/lib/python3.7/site-packages/airflow/example_dags/example_branch_day_of_week_operator.py
[2025-09-02T16:27:12.244+0000] {logging_mixin.py:150} INFO - [2025-09-02T16:27:12.244+0000] {dag.py:2742} INFO - Sync 1 DAGs
[2025-09-02T16:27:12.293+0000] {logging_mixin.py:150} INFO - [2025-09-02T16:27:12.292+0000] {dag.py:3508} INFO - Setting next_dagrun for example_weekday_branch_operator to 2025-09-01T00:00:00+00:00, run_after=2025-09-02T00:00:00+00:00
[2025-09-02T16:27:12.327+0000] {processor.py:179} INFO - Processing /home/airflow/.local/lib/python3.7/site-packages/airflow/example_dags/example_branch_day_of_week_operator.py took 0.145 seconds
[2025-09-02T16:27:42.517+0000] {processor.py:157} INFO - Started process (PID=226) to work on /home/airflow/.local/lib/python3.7/site-packages/airflow/example_dags/example_branch_day_of_week_operator.py
[2025-09-02T16:27:42.519+0000] {processor.py:826} INFO - Processing file /home/airflow/.local/lib/python3.7/site-packages/airflow/example_dags/example_branch_day_of_week_operator.py for tasks to queue
[2025-09-02T16:27:42.520+0000] {logging_mixin.py:150} INFO - [2025-09-02T16:27:42.520+0000] {dagbag.py:541} INFO - Filling up the DagBag from /home/airflow/.local/lib/python3.7/site-packages/airflow/example_dags/example_branch_day_of_week_operator.py
[2025-09-02T16:27:42.530+0000] {processor.py:836} INFO - DAG(s) dict_keys(['example_weekday_branch_operator']) retrieved from /home/airflow/.local/lib/python3.7/site-packages/airflow/example_dags/example_branch_day_of_week_operator.py
[2025-09-02T16:27:42.566+0000] {logging_mixin.py:150} INFO - [2025-09-02T16:27:42.565+0000] {dag.py:2742} INFO - Sync 1 DAGs
[2025-09-02T16:27:42.599+0000] {logging_mixin.py:150} INFO - [2025-09-02T16:27:42.599+0000] {dag.py:3508} INFO - Setting next_dagrun for example_weekday_branch_operator to 2025-09-01T00:00:00+00:00, run_after=2025-09-02T00:00:00+00:00
[2025-09-02T16:27:42.629+0000] {processor.py:179} INFO - Processing /home/airflow/.local/lib/python3.7/site-packages/airflow/example_dags/example_branch_day_of_week_operator.py took 0.120 seconds
[2025-09-02T16:28:13.214+0000] {processor.py:157} INFO - Started process (PID=285) to work on /home/airflow/.local/lib/python3.7/site-packages/airflow/example_dags/example_branch_day_of_week_operator.py
[2025-09-02T16:28:13.217+0000] {processor.py:826} INFO - Processing file /home/airflow/.local/lib/python3.7/site-packages/airflow/example_dags/example_branch_day_of_week_operator.py for tasks to queue
[2025-09-02T16:28:13.219+0000] {logging_mixin.py:150} INFO - [2025-09-02T16:28:13.218+0000] {dagbag.py:541} INFO - Filling up the DagBag from /home/airflow/.local/lib/python3.7/site-packages/airflow/example_dags/example_branch_day_of_week_operator.py
[2025-09-02T16:28:13.229+0000] {processor.py:836} INFO - DAG(s) dict_keys(['example_weekday_branch_operator']) retrieved from /home/airflow/.local/lib/python3.7/site-packages/airflow/example_dags/example_branch_day_of_week_operator.py
[2025-09-02T16:28:13.280+0000] {logging_mixin.py:150} INFO - [2025-09-02T16:28:13.279+0000] {dag.py:2742} INFO - Sync 1 DAGs
[2025-09-02T16:28:13.322+0000] {logging_mixin.py:150} INFO - [2025-09-02T16:28:13.322+0000] {dag.py:3508} INFO - Setting next_dagrun for example_weekday_branch_operator to 2025-09-01T00:00:00+00:00, run_after=2025-09-02T00:00:00+00:00
[2025-09-02T16:28:13.354+0000] {processor.py:179} INFO - Processing /home/airflow/.local/lib/python3.7/site-packages/airflow/example_dags/example_branch_day_of_week_operator.py took 0.146 seconds
[2025-09-02T16:28:44.249+0000] {processor.py:157} INFO - Started process (PID=345) to work on /home/airflow/.local/lib/python3.7/site-packages/airflow/example_dags/example_branch_day_of_week_operator.py
[2025-09-02T16:28:44.251+0000] {processor.py:826} INFO - Processing file /home/airflow/.local/lib/python3.7/site-packages/airflow/example_dags/example_branch_day_of_week_operator.py for tasks to queue
[2025-09-02T16:28:44.252+0000] {logging_mixin.py:150} INFO - [2025-09-02T16:28:44.252+0000] {dagbag.py:541} INFO - Filling up the DagBag from /home/airflow/.local/lib/python3.7/site-packages/airflow/example_dags/example_branch_day_of_week_operator.py
[2025-09-02T16:28:44.262+0000] {processor.py:836} INFO - DAG(s) dict_keys(['example_weekday_branch_operator']) retrieved from /home/airflow/.local/lib/python3.7/site-packages/airflow/example_dags/example_branch_day_of_week_operator.py
[2025-09-02T16:28:44.292+0000] {logging_mixin.py:150} INFO - [2025-09-02T16:28:44.292+0000] {dag.py:2742} INFO - Sync 1 DAGs
[2025-09-02T16:28:44.328+0000] {logging_mixin.py:150} INFO - [2025-09-02T16:28:44.328+0000] {dag.py:3508} INFO - Setting next_dagrun for example_weekday_branch_operator to 2025-09-01T00:00:00+00:00, run_after=2025-09-02T00:00:00+00:00
[2025-09-02T16:28:44.356+0000] {processor.py:179} INFO - Processing /home/airflow/.local/lib/python3.7/site-packages/airflow/example_dags/example_branch_day_of_week_operator.py took 0.113 seconds
[2025-09-02T16:29:14.566+0000] {processor.py:157} INFO - Started process (PID=404) to work on /home/airflow/.local/lib/python3.7/site-packages/airflow/example_dags/example_branch_day_of_week_operator.py
[2025-09-02T16:29:14.568+0000] {processor.py:826} INFO - Processing file /home/airflow/.local/lib/python3.7/site-packages/airflow/example_dags/example_branch_day_of_week_operator.py for tasks to queue
[2025-09-02T16:29:14.570+0000] {logging_mixin.py:150} INFO - [2025-09-02T16:29:14.569+0000] {dagbag.py:541} INFO - Filling up the DagBag from /home/airflow/.local/lib/python3.7/site-packages/airflow/example_dags/example_branch_day_of_week_operator.py
[2025-09-02T16:29:14.581+0000] {processor.py:836} INFO - DAG(s) dict_keys(['example_weekday_branch_operator']) retrieved from /home/airflow/.local/lib/python3.7/site-packages/airflow/example_dags/example_branch_day_of_week_operator.py
[2025-09-02T16:29:14.622+0000] {logging_mixin.py:150} INFO - [2025-09-02T16:29:14.622+0000] {dag.py:2742} INFO - Sync 1 DAGs
[2025-09-02T16:29:14.663+0000] {logging_mixin.py:150} INFO - [2025-09-02T16:29:14.662+0000] {dag.py:3508} INFO - Setting next_dagrun for example_weekday_branch_operator to 2025-09-01T00:00:00+00:00, run_after=2025-09-02T00:00:00+00:00
[2025-09-02T16:29:14.696+0000] {processor.py:179} INFO - Processing /home/airflow/.local/lib/python3.7/site-packages/airflow/example_dags/example_branch_day_of_week_operator.py took 0.137 seconds
[2025-09-02T16:29:45.429+0000] {processor.py:157} INFO - Started process (PID=464) to work on /home/airflow/.local/lib/python3.7/site-packages/airflow/example_dags/example_branch_day_of_week_operator.py
[2025-09-02T16:29:45.432+0000] {processor.py:826} INFO - Processing file /home/airflow/.local/lib/python3.7/site-packages/airflow/example_dags/example_branch_day_of_week_operator.py for tasks to queue
[2025-09-02T16:29:45.434+0000] {logging_mixin.py:150} INFO - [2025-09-02T16:29:45.433+0000] {dagbag.py:541} INFO - Filling up the DagBag from /home/airflow/.local/lib/python3.7/site-packages/airflow/example_dags/example_branch_day_of_week_operator.py
[2025-09-02T16:29:45.444+0000] {processor.py:836} INFO - DAG(s) dict_keys(['example_weekday_branch_operator']) retrieved from /home/airflow/.local/lib/python3.7/site-packages/airflow/example_dags/example_branch_day_of_week_operator.py
[2025-09-02T16:29:45.477+0000] {logging_mixin.py:150} INFO - [2025-09-02T16:29:45.477+0000] {dag.py:2742} INFO - Sync 1 DAGs
[2025-09-02T16:29:45.516+0000] {logging_mixin.py:150} INFO - [2025-09-02T16:29:45.516+0000] {dag.py:3508} INFO - Setting next_dagrun for example_weekday_branch_operator to 2025-09-01T00:00:00+00:00, run_after=2025-09-02T00:00:00+00:00
[2025-09-02T16:29:45.554+0000] {processor.py:179} INFO - Processing /home/airflow/.local/lib/python3.7/site-packages/airflow/example_dags/example_branch_day_of_week_operator.py took 0.130 seconds
[2025-09-02T16:30:15.751+0000] {processor.py:157} INFO - Started process (PID=525) to work on /home/airflow/.local/lib/python3.7/site-packages/airflow/example_dags/example_branch_day_of_week_operator.py
[2025-09-02T16:30:15.752+0000] {processor.py:826} INFO - Processing file /home/airflow/.local/lib/python3.7/site-packages/airflow/example_dags/example_branch_day_of_week_operator.py for tasks to queue
[2025-09-02T16:30:15.753+0000] {logging_mixin.py:150} INFO - [2025-09-02T16:30:15.753+0000] {dagbag.py:541} INFO - Filling up the DagBag from /home/airflow/.local/lib/python3.7/site-packages/airflow/example_dags/example_branch_day_of_week_operator.py
[2025-09-02T16:30:15.760+0000] {processor.py:836} INFO - DAG(s) dict_keys(['example_weekday_branch_operator']) retrieved from /home/airflow/.local/lib/python3.7/site-packages/airflow/example_dags/example_branch_day_of_week_operator.py
[2025-09-02T16:30:15.783+0000] {logging_mixin.py:150} INFO - [2025-09-02T16:30:15.783+0000] {dag.py:2742} INFO - Sync 1 DAGs
[2025-09-02T16:30:15.814+0000] {logging_mixin.py:150} INFO - [2025-09-02T16:30:15.813+0000] {dag.py:3508} INFO - Setting next_dagrun for example_weekday_branch_operator to 2025-09-01T00:00:00+00:00, run_after=2025-09-02T00:00:00+00:00
[2025-09-02T16:30:15.852+0000] {processor.py:179} INFO - Processing /home/airflow/.local/lib/python3.7/site-packages/airflow/example_dags/example_branch_day_of_week_operator.py took 0.105 seconds
