[2025-09-02T16:13:03.463+0000] {processor.py:157} INFO - Started process (PID=61) to work on /home/airflow/.local/lib/python3.7/site-packages/airflow/example_dags/example_time_delta_sensor_async.py
[2025-09-02T16:13:03.465+0000] {processor.py:826} INFO - Processing file /home/airflow/.local/lib/python3.7/site-packages/airflow/example_dags/example_time_delta_sensor_async.py for tasks to queue
[2025-09-02T16:13:03.466+0000] {logging_mixin.py:150} INFO - [2025-09-02T16:13:03.465+0000] {dagbag.py:541} INFO - Filling up the DagBag from /home/airflow/.local/lib/python3.7/site-packages/airflow/example_dags/example_time_delta_sensor_async.py
[2025-09-02T16:13:03.473+0000] {processor.py:836} INFO - DAG(s) dict_keys(['example_time_delta_sensor_async']) retrieved from /home/airflow/.local/lib/python3.7/site-packages/airflow/example_dags/example_time_delta_sensor_async.py
[2025-09-02T16:13:03.565+0000] {logging_mixin.py:150} INFO - [2025-09-02T16:13:03.565+0000] {manager.py:504} INFO - Created Permission View: can read on DAG:example_time_delta_sensor_async
[2025-09-02T16:13:03.576+0000] {logging_mixin.py:150} INFO - [2025-09-02T16:13:03.575+0000] {manager.py:504} INFO - Created Permission View: can edit on DAG:example_time_delta_sensor_async
[2025-09-02T16:13:03.582+0000] {logging_mixin.py:150} INFO - [2025-09-02T16:13:03.582+0000] {manager.py:504} INFO - Created Permission View: can delete on DAG:example_time_delta_sensor_async
[2025-09-02T16:13:03.598+0000] {logging_mixin.py:150} INFO - [2025-09-02T16:13:03.598+0000] {dag.py:2742} INFO - Sync 1 DAGs
[2025-09-02T16:13:03.610+0000] {logging_mixin.py:150} INFO - [2025-09-02T16:13:03.610+0000] {dag.py:2763} INFO - Creating ORM DAG for example_time_delta_sensor_async
[2025-09-02T16:13:03.622+0000] {logging_mixin.py:150} INFO - [2025-09-02T16:13:03.622+0000] {dag.py:3508} INFO - Setting next_dagrun for example_time_delta_sensor_async to None, run_after=None
[2025-09-02T16:13:03.642+0000] {processor.py:179} INFO - Processing /home/airflow/.local/lib/python3.7/site-packages/airflow/example_dags/example_time_delta_sensor_async.py took 0.183 seconds
[2025-09-02T16:13:33.996+0000] {processor.py:157} INFO - Started process (PID=121) to work on /home/airflow/.local/lib/python3.7/site-packages/airflow/example_dags/example_time_delta_sensor_async.py
[2025-09-02T16:13:33.997+0000] {processor.py:826} INFO - Processing file /home/airflow/.local/lib/python3.7/site-packages/airflow/example_dags/example_time_delta_sensor_async.py for tasks to queue
[2025-09-02T16:13:33.998+0000] {logging_mixin.py:150} INFO - [2025-09-02T16:13:33.998+0000] {dagbag.py:541} INFO - Filling up the DagBag from /home/airflow/.local/lib/python3.7/site-packages/airflow/example_dags/example_time_delta_sensor_async.py
[2025-09-02T16:13:34.009+0000] {processor.py:836} INFO - DAG(s) dict_keys(['example_time_delta_sensor_async']) retrieved from /home/airflow/.local/lib/python3.7/site-packages/airflow/example_dags/example_time_delta_sensor_async.py
[2025-09-02T16:13:34.039+0000] {logging_mixin.py:150} INFO - [2025-09-02T16:13:34.039+0000] {dag.py:2742} INFO - Sync 1 DAGs
[2025-09-02T16:13:34.072+0000] {logging_mixin.py:150} INFO - [2025-09-02T16:13:34.071+0000] {dag.py:3508} INFO - Setting next_dagrun for example_time_delta_sensor_async to None, run_after=None
[2025-09-02T16:13:34.100+0000] {processor.py:179} INFO - Processing /home/airflow/.local/lib/python3.7/site-packages/airflow/example_dags/example_time_delta_sensor_async.py took 0.109 seconds
[2025-09-02T16:14:05.432+0000] {processor.py:157} INFO - Started process (PID=189) to work on /home/airflow/.local/lib/python3.7/site-packages/airflow/example_dags/example_time_delta_sensor_async.py
[2025-09-02T16:14:05.433+0000] {processor.py:826} INFO - Processing file /home/airflow/.local/lib/python3.7/site-packages/airflow/example_dags/example_time_delta_sensor_async.py for tasks to queue
[2025-09-02T16:14:05.434+0000] {logging_mixin.py:150} INFO - [2025-09-02T16:14:05.434+0000] {dagbag.py:541} INFO - Filling up the DagBag from /home/airflow/.local/lib/python3.7/site-packages/airflow/example_dags/example_time_delta_sensor_async.py
[2025-09-02T16:14:05.441+0000] {processor.py:836} INFO - DAG(s) dict_keys(['example_time_delta_sensor_async']) retrieved from /home/airflow/.local/lib/python3.7/site-packages/airflow/example_dags/example_time_delta_sensor_async.py
[2025-09-02T16:14:05.468+0000] {logging_mixin.py:150} INFO - [2025-09-02T16:14:05.468+0000] {dag.py:2742} INFO - Sync 1 DAGs
[2025-09-02T16:14:05.502+0000] {logging_mixin.py:150} INFO - [2025-09-02T16:14:05.502+0000] {dag.py:3508} INFO - Setting next_dagrun for example_time_delta_sensor_async to None, run_after=None
[2025-09-02T16:14:05.530+0000] {processor.py:179} INFO - Processing /home/airflow/.local/lib/python3.7/site-packages/airflow/example_dags/example_time_delta_sensor_async.py took 0.102 seconds
[2025-09-02T16:14:36.698+0000] {processor.py:157} INFO - Started process (PID=249) to work on /home/airflow/.local/lib/python3.7/site-packages/airflow/example_dags/example_time_delta_sensor_async.py
[2025-09-02T16:14:36.699+0000] {processor.py:826} INFO - Processing file /home/airflow/.local/lib/python3.7/site-packages/airflow/example_dags/example_time_delta_sensor_async.py for tasks to queue
[2025-09-02T16:14:36.700+0000] {logging_mixin.py:150} INFO - [2025-09-02T16:14:36.700+0000] {dagbag.py:541} INFO - Filling up the DagBag from /home/airflow/.local/lib/python3.7/site-packages/airflow/example_dags/example_time_delta_sensor_async.py
[2025-09-02T16:14:36.707+0000] {processor.py:836} INFO - DAG(s) dict_keys(['example_time_delta_sensor_async']) retrieved from /home/airflow/.local/lib/python3.7/site-packages/airflow/example_dags/example_time_delta_sensor_async.py
[2025-09-02T16:14:36.760+0000] {logging_mixin.py:150} INFO - [2025-09-02T16:14:36.760+0000] {dag.py:2742} INFO - Sync 1 DAGs
[2025-09-02T16:14:36.797+0000] {logging_mixin.py:150} INFO - [2025-09-02T16:14:36.797+0000] {dag.py:3508} INFO - Setting next_dagrun for example_time_delta_sensor_async to None, run_after=None
[2025-09-02T16:14:36.844+0000] {processor.py:179} INFO - Processing /home/airflow/.local/lib/python3.7/site-packages/airflow/example_dags/example_time_delta_sensor_async.py took 0.150 seconds
[2025-09-02T16:15:06.934+0000] {processor.py:157} INFO - Started process (PID=303) to work on /home/airflow/.local/lib/python3.7/site-packages/airflow/example_dags/example_time_delta_sensor_async.py
[2025-09-02T16:15:06.935+0000] {processor.py:826} INFO - Processing file /home/airflow/.local/lib/python3.7/site-packages/airflow/example_dags/example_time_delta_sensor_async.py for tasks to queue
[2025-09-02T16:15:06.936+0000] {logging_mixin.py:150} INFO - [2025-09-02T16:15:06.936+0000] {dagbag.py:541} INFO - Filling up the DagBag from /home/airflow/.local/lib/python3.7/site-packages/airflow/example_dags/example_time_delta_sensor_async.py
[2025-09-02T16:15:06.946+0000] {processor.py:836} INFO - DAG(s) dict_keys(['example_time_delta_sensor_async']) retrieved from /home/airflow/.local/lib/python3.7/site-packages/airflow/example_dags/example_time_delta_sensor_async.py
[2025-09-02T16:15:06.977+0000] {logging_mixin.py:150} INFO - [2025-09-02T16:15:06.976+0000] {dag.py:2742} INFO - Sync 1 DAGs
[2025-09-02T16:15:07.012+0000] {logging_mixin.py:150} INFO - [2025-09-02T16:15:07.012+0000] {dag.py:3508} INFO - Setting next_dagrun for example_time_delta_sensor_async to None, run_after=None
[2025-09-02T16:15:07.060+0000] {processor.py:179} INFO - Processing /home/airflow/.local/lib/python3.7/site-packages/airflow/example_dags/example_time_delta_sensor_async.py took 0.131 seconds
[2025-09-02T16:15:37.639+0000] {processor.py:157} INFO - Started process (PID=362) to work on /home/airflow/.local/lib/python3.7/site-packages/airflow/example_dags/example_time_delta_sensor_async.py
[2025-09-02T16:15:37.640+0000] {processor.py:826} INFO - Processing file /home/airflow/.local/lib/python3.7/site-packages/airflow/example_dags/example_time_delta_sensor_async.py for tasks to queue
[2025-09-02T16:15:37.641+0000] {logging_mixin.py:150} INFO - [2025-09-02T16:15:37.641+0000] {dagbag.py:541} INFO - Filling up the DagBag from /home/airflow/.local/lib/python3.7/site-packages/airflow/example_dags/example_time_delta_sensor_async.py
[2025-09-02T16:15:37.650+0000] {processor.py:836} INFO - DAG(s) dict_keys(['example_time_delta_sensor_async']) retrieved from /home/airflow/.local/lib/python3.7/site-packages/airflow/example_dags/example_time_delta_sensor_async.py
[2025-09-02T16:15:37.683+0000] {logging_mixin.py:150} INFO - [2025-09-02T16:15:37.683+0000] {dag.py:2742} INFO - Sync 1 DAGs
[2025-09-02T16:15:37.721+0000] {logging_mixin.py:150} INFO - [2025-09-02T16:15:37.720+0000] {dag.py:3508} INFO - Setting next_dagrun for example_time_delta_sensor_async to None, run_after=None
[2025-09-02T16:15:37.755+0000] {processor.py:179} INFO - Processing /home/airflow/.local/lib/python3.7/site-packages/airflow/example_dags/example_time_delta_sensor_async.py took 0.121 seconds
[2025-09-02T16:16:07.909+0000] {processor.py:157} INFO - Started process (PID=422) to work on /home/airflow/.local/lib/python3.7/site-packages/airflow/example_dags/example_time_delta_sensor_async.py
[2025-09-02T16:16:07.910+0000] {processor.py:826} INFO - Processing file /home/airflow/.local/lib/python3.7/site-packages/airflow/example_dags/example_time_delta_sensor_async.py for tasks to queue
[2025-09-02T16:16:07.913+0000] {logging_mixin.py:150} INFO - [2025-09-02T16:16:07.912+0000] {dagbag.py:541} INFO - Filling up the DagBag from /home/airflow/.local/lib/python3.7/site-packages/airflow/example_dags/example_time_delta_sensor_async.py
[2025-09-02T16:16:07.921+0000] {processor.py:836} INFO - DAG(s) dict_keys(['example_time_delta_sensor_async']) retrieved from /home/airflow/.local/lib/python3.7/site-packages/airflow/example_dags/example_time_delta_sensor_async.py
[2025-09-02T16:16:07.963+0000] {logging_mixin.py:150} INFO - [2025-09-02T16:16:07.963+0000] {dag.py:2742} INFO - Sync 1 DAGs
[2025-09-02T16:16:08.004+0000] {logging_mixin.py:150} INFO - [2025-09-02T16:16:08.004+0000] {dag.py:3508} INFO - Setting next_dagrun for example_time_delta_sensor_async to None, run_after=None
[2025-09-02T16:16:08.038+0000] {processor.py:179} INFO - Processing /home/airflow/.local/lib/python3.7/site-packages/airflow/example_dags/example_time_delta_sensor_async.py took 0.134 seconds
[2025-09-02T16:16:38.651+0000] {processor.py:157} INFO - Started process (PID=482) to work on /home/airflow/.local/lib/python3.7/site-packages/airflow/example_dags/example_time_delta_sensor_async.py
[2025-09-02T16:16:38.652+0000] {processor.py:826} INFO - Processing file /home/airflow/.local/lib/python3.7/site-packages/airflow/example_dags/example_time_delta_sensor_async.py for tasks to queue
[2025-09-02T16:16:38.653+0000] {logging_mixin.py:150} INFO - [2025-09-02T16:16:38.652+0000] {dagbag.py:541} INFO - Filling up the DagBag from /home/airflow/.local/lib/python3.7/site-packages/airflow/example_dags/example_time_delta_sensor_async.py
[2025-09-02T16:16:38.659+0000] {processor.py:836} INFO - DAG(s) dict_keys(['example_time_delta_sensor_async']) retrieved from /home/airflow/.local/lib/python3.7/site-packages/airflow/example_dags/example_time_delta_sensor_async.py
[2025-09-02T16:16:38.686+0000] {logging_mixin.py:150} INFO - [2025-09-02T16:16:38.685+0000] {dag.py:2742} INFO - Sync 1 DAGs
[2025-09-02T16:16:38.723+0000] {logging_mixin.py:150} INFO - [2025-09-02T16:16:38.723+0000] {dag.py:3508} INFO - Setting next_dagrun for example_time_delta_sensor_async to None, run_after=None
[2025-09-02T16:16:38.751+0000] {processor.py:179} INFO - Processing /home/airflow/.local/lib/python3.7/site-packages/airflow/example_dags/example_time_delta_sensor_async.py took 0.104 seconds
[2025-09-02T16:17:09.057+0000] {processor.py:157} INFO - Started process (PID=542) to work on /home/airflow/.local/lib/python3.7/site-packages/airflow/example_dags/example_time_delta_sensor_async.py
[2025-09-02T16:17:09.058+0000] {processor.py:826} INFO - Processing file /home/airflow/.local/lib/python3.7/site-packages/airflow/example_dags/example_time_delta_sensor_async.py for tasks to queue
[2025-09-02T16:17:09.059+0000] {logging_mixin.py:150} INFO - [2025-09-02T16:17:09.059+0000] {dagbag.py:541} INFO - Filling up the DagBag from /home/airflow/.local/lib/python3.7/site-packages/airflow/example_dags/example_time_delta_sensor_async.py
[2025-09-02T16:17:09.072+0000] {processor.py:836} INFO - DAG(s) dict_keys(['example_time_delta_sensor_async']) retrieved from /home/airflow/.local/lib/python3.7/site-packages/airflow/example_dags/example_time_delta_sensor_async.py
[2025-09-02T16:17:09.116+0000] {logging_mixin.py:150} INFO - [2025-09-02T16:17:09.116+0000] {dag.py:2742} INFO - Sync 1 DAGs
[2025-09-02T16:17:09.156+0000] {logging_mixin.py:150} INFO - [2025-09-02T16:17:09.156+0000] {dag.py:3508} INFO - Setting next_dagrun for example_time_delta_sensor_async to None, run_after=None
[2025-09-02T16:17:09.186+0000] {processor.py:179} INFO - Processing /home/airflow/.local/lib/python3.7/site-packages/airflow/example_dags/example_time_delta_sensor_async.py took 0.136 seconds
[2025-09-02T16:17:39.334+0000] {processor.py:157} INFO - Started process (PID=602) to work on /home/airflow/.local/lib/python3.7/site-packages/airflow/example_dags/example_time_delta_sensor_async.py
[2025-09-02T16:17:39.334+0000] {processor.py:826} INFO - Processing file /home/airflow/.local/lib/python3.7/site-packages/airflow/example_dags/example_time_delta_sensor_async.py for tasks to queue
[2025-09-02T16:17:39.335+0000] {logging_mixin.py:150} INFO - [2025-09-02T16:17:39.335+0000] {dagbag.py:541} INFO - Filling up the DagBag from /home/airflow/.local/lib/python3.7/site-packages/airflow/example_dags/example_time_delta_sensor_async.py
[2025-09-02T16:17:39.342+0000] {processor.py:836} INFO - DAG(s) dict_keys(['example_time_delta_sensor_async']) retrieved from /home/airflow/.local/lib/python3.7/site-packages/airflow/example_dags/example_time_delta_sensor_async.py
[2025-09-02T16:17:39.372+0000] {logging_mixin.py:150} INFO - [2025-09-02T16:17:39.372+0000] {dag.py:2742} INFO - Sync 1 DAGs
[2025-09-02T16:17:39.404+0000] {logging_mixin.py:150} INFO - [2025-09-02T16:17:39.404+0000] {dag.py:3508} INFO - Setting next_dagrun for example_time_delta_sensor_async to None, run_after=None
[2025-09-02T16:17:39.438+0000] {processor.py:179} INFO - Processing /home/airflow/.local/lib/python3.7/site-packages/airflow/example_dags/example_time_delta_sensor_async.py took 0.108 seconds
[2025-09-02T16:18:09.881+0000] {processor.py:157} INFO - Started process (PID=662) to work on /home/airflow/.local/lib/python3.7/site-packages/airflow/example_dags/example_time_delta_sensor_async.py
[2025-09-02T16:18:09.881+0000] {processor.py:826} INFO - Processing file /home/airflow/.local/lib/python3.7/site-packages/airflow/example_dags/example_time_delta_sensor_async.py for tasks to queue
[2025-09-02T16:18:09.882+0000] {logging_mixin.py:150} INFO - [2025-09-02T16:18:09.882+0000] {dagbag.py:541} INFO - Filling up the DagBag from /home/airflow/.local/lib/python3.7/site-packages/airflow/example_dags/example_time_delta_sensor_async.py
[2025-09-02T16:18:09.888+0000] {processor.py:836} INFO - DAG(s) dict_keys(['example_time_delta_sensor_async']) retrieved from /home/airflow/.local/lib/python3.7/site-packages/airflow/example_dags/example_time_delta_sensor_async.py
[2025-09-02T16:18:09.914+0000] {logging_mixin.py:150} INFO - [2025-09-02T16:18:09.914+0000] {dag.py:2742} INFO - Sync 1 DAGs
[2025-09-02T16:18:09.948+0000] {logging_mixin.py:150} INFO - [2025-09-02T16:18:09.948+0000] {dag.py:3508} INFO - Setting next_dagrun for example_time_delta_sensor_async to None, run_after=None
[2025-09-02T16:18:09.976+0000] {processor.py:179} INFO - Processing /home/airflow/.local/lib/python3.7/site-packages/airflow/example_dags/example_time_delta_sensor_async.py took 0.099 seconds
[2025-09-02T16:18:40.378+0000] {processor.py:157} INFO - Started process (PID=722) to work on /home/airflow/.local/lib/python3.7/site-packages/airflow/example_dags/example_time_delta_sensor_async.py
[2025-09-02T16:18:40.378+0000] {processor.py:826} INFO - Processing file /home/airflow/.local/lib/python3.7/site-packages/airflow/example_dags/example_time_delta_sensor_async.py for tasks to queue
[2025-09-02T16:18:40.379+0000] {logging_mixin.py:150} INFO - [2025-09-02T16:18:40.379+0000] {dagbag.py:541} INFO - Filling up the DagBag from /home/airflow/.local/lib/python3.7/site-packages/airflow/example_dags/example_time_delta_sensor_async.py
[2025-09-02T16:18:40.387+0000] {processor.py:836} INFO - DAG(s) dict_keys(['example_time_delta_sensor_async']) retrieved from /home/airflow/.local/lib/python3.7/site-packages/airflow/example_dags/example_time_delta_sensor_async.py
[2025-09-02T16:18:40.414+0000] {logging_mixin.py:150} INFO - [2025-09-02T16:18:40.414+0000] {dag.py:2742} INFO - Sync 1 DAGs
[2025-09-02T16:18:40.447+0000] {logging_mixin.py:150} INFO - [2025-09-02T16:18:40.447+0000] {dag.py:3508} INFO - Setting next_dagrun for example_time_delta_sensor_async to None, run_after=None
[2025-09-02T16:18:40.475+0000] {processor.py:179} INFO - Processing /home/airflow/.local/lib/python3.7/site-packages/airflow/example_dags/example_time_delta_sensor_async.py took 0.103 seconds
[2025-09-02T16:19:11.199+0000] {processor.py:157} INFO - Started process (PID=782) to work on /home/airflow/.local/lib/python3.7/site-packages/airflow/example_dags/example_time_delta_sensor_async.py
[2025-09-02T16:19:11.201+0000] {processor.py:826} INFO - Processing file /home/airflow/.local/lib/python3.7/site-packages/airflow/example_dags/example_time_delta_sensor_async.py for tasks to queue
[2025-09-02T16:19:11.202+0000] {logging_mixin.py:150} INFO - [2025-09-02T16:19:11.202+0000] {dagbag.py:541} INFO - Filling up the DagBag from /home/airflow/.local/lib/python3.7/site-packages/airflow/example_dags/example_time_delta_sensor_async.py
[2025-09-02T16:19:11.214+0000] {processor.py:836} INFO - DAG(s) dict_keys(['example_time_delta_sensor_async']) retrieved from /home/airflow/.local/lib/python3.7/site-packages/airflow/example_dags/example_time_delta_sensor_async.py
[2025-09-02T16:19:11.249+0000] {logging_mixin.py:150} INFO - [2025-09-02T16:19:11.248+0000] {dag.py:2742} INFO - Sync 1 DAGs
[2025-09-02T16:19:11.283+0000] {logging_mixin.py:150} INFO - [2025-09-02T16:19:11.283+0000] {dag.py:3508} INFO - Setting next_dagrun for example_time_delta_sensor_async to None, run_after=None
[2025-09-02T16:19:11.319+0000] {processor.py:179} INFO - Processing /home/airflow/.local/lib/python3.7/site-packages/airflow/example_dags/example_time_delta_sensor_async.py took 0.127 seconds
[2025-09-02T16:19:41.793+0000] {processor.py:157} INFO - Started process (PID=842) to work on /home/airflow/.local/lib/python3.7/site-packages/airflow/example_dags/example_time_delta_sensor_async.py
[2025-09-02T16:19:41.795+0000] {processor.py:826} INFO - Processing file /home/airflow/.local/lib/python3.7/site-packages/airflow/example_dags/example_time_delta_sensor_async.py for tasks to queue
[2025-09-02T16:19:41.796+0000] {logging_mixin.py:150} INFO - [2025-09-02T16:19:41.796+0000] {dagbag.py:541} INFO - Filling up the DagBag from /home/airflow/.local/lib/python3.7/site-packages/airflow/example_dags/example_time_delta_sensor_async.py
[2025-09-02T16:19:41.805+0000] {processor.py:836} INFO - DAG(s) dict_keys(['example_time_delta_sensor_async']) retrieved from /home/airflow/.local/lib/python3.7/site-packages/airflow/example_dags/example_time_delta_sensor_async.py
[2025-09-02T16:19:41.834+0000] {logging_mixin.py:150} INFO - [2025-09-02T16:19:41.834+0000] {dag.py:2742} INFO - Sync 1 DAGs
[2025-09-02T16:19:41.871+0000] {logging_mixin.py:150} INFO - [2025-09-02T16:19:41.870+0000] {dag.py:3508} INFO - Setting next_dagrun for example_time_delta_sensor_async to None, run_after=None
[2025-09-02T16:19:41.900+0000] {processor.py:179} INFO - Processing /home/airflow/.local/lib/python3.7/site-packages/airflow/example_dags/example_time_delta_sensor_async.py took 0.112 seconds
[2025-09-02T16:20:12.750+0000] {processor.py:157} INFO - Started process (PID=902) to work on /home/airflow/.local/lib/python3.7/site-packages/airflow/example_dags/example_time_delta_sensor_async.py
[2025-09-02T16:20:12.751+0000] {processor.py:826} INFO - Processing file /home/airflow/.local/lib/python3.7/site-packages/airflow/example_dags/example_time_delta_sensor_async.py for tasks to queue
[2025-09-02T16:20:12.752+0000] {logging_mixin.py:150} INFO - [2025-09-02T16:20:12.752+0000] {dagbag.py:541} INFO - Filling up the DagBag from /home/airflow/.local/lib/python3.7/site-packages/airflow/example_dags/example_time_delta_sensor_async.py
[2025-09-02T16:20:12.763+0000] {processor.py:836} INFO - DAG(s) dict_keys(['example_time_delta_sensor_async']) retrieved from /home/airflow/.local/lib/python3.7/site-packages/airflow/example_dags/example_time_delta_sensor_async.py
[2025-09-02T16:20:12.793+0000] {logging_mixin.py:150} INFO - [2025-09-02T16:20:12.793+0000] {dag.py:2742} INFO - Sync 1 DAGs
[2025-09-02T16:20:12.825+0000] {logging_mixin.py:150} INFO - [2025-09-02T16:20:12.825+0000] {dag.py:3508} INFO - Setting next_dagrun for example_time_delta_sensor_async to None, run_after=None
[2025-09-02T16:20:12.853+0000] {processor.py:179} INFO - Processing /home/airflow/.local/lib/python3.7/site-packages/airflow/example_dags/example_time_delta_sensor_async.py took 0.107 seconds
[2025-09-02T16:20:43.442+0000] {processor.py:157} INFO - Started process (PID=962) to work on /home/airflow/.local/lib/python3.7/site-packages/airflow/example_dags/example_time_delta_sensor_async.py
[2025-09-02T16:20:43.443+0000] {processor.py:826} INFO - Processing file /home/airflow/.local/lib/python3.7/site-packages/airflow/example_dags/example_time_delta_sensor_async.py for tasks to queue
[2025-09-02T16:20:43.445+0000] {logging_mixin.py:150} INFO - [2025-09-02T16:20:43.444+0000] {dagbag.py:541} INFO - Filling up the DagBag from /home/airflow/.local/lib/python3.7/site-packages/airflow/example_dags/example_time_delta_sensor_async.py
[2025-09-02T16:20:43.452+0000] {processor.py:836} INFO - DAG(s) dict_keys(['example_time_delta_sensor_async']) retrieved from /home/airflow/.local/lib/python3.7/site-packages/airflow/example_dags/example_time_delta_sensor_async.py
[2025-09-02T16:20:43.480+0000] {logging_mixin.py:150} INFO - [2025-09-02T16:20:43.480+0000] {dag.py:2742} INFO - Sync 1 DAGs
[2025-09-02T16:20:43.515+0000] {logging_mixin.py:150} INFO - [2025-09-02T16:20:43.515+0000] {dag.py:3508} INFO - Setting next_dagrun for example_time_delta_sensor_async to None, run_after=None
[2025-09-02T16:20:43.542+0000] {processor.py:179} INFO - Processing /home/airflow/.local/lib/python3.7/site-packages/airflow/example_dags/example_time_delta_sensor_async.py took 0.104 seconds
[2025-09-02T16:21:14.011+0000] {processor.py:157} INFO - Started process (PID=1022) to work on /home/airflow/.local/lib/python3.7/site-packages/airflow/example_dags/example_time_delta_sensor_async.py
[2025-09-02T16:21:14.013+0000] {processor.py:826} INFO - Processing file /home/airflow/.local/lib/python3.7/site-packages/airflow/example_dags/example_time_delta_sensor_async.py for tasks to queue
[2025-09-02T16:21:14.014+0000] {logging_mixin.py:150} INFO - [2025-09-02T16:21:14.013+0000] {dagbag.py:541} INFO - Filling up the DagBag from /home/airflow/.local/lib/python3.7/site-packages/airflow/example_dags/example_time_delta_sensor_async.py
[2025-09-02T16:21:14.022+0000] {processor.py:836} INFO - DAG(s) dict_keys(['example_time_delta_sensor_async']) retrieved from /home/airflow/.local/lib/python3.7/site-packages/airflow/example_dags/example_time_delta_sensor_async.py
[2025-09-02T16:21:14.056+0000] {logging_mixin.py:150} INFO - [2025-09-02T16:21:14.056+0000] {dag.py:2742} INFO - Sync 1 DAGs
[2025-09-02T16:21:14.097+0000] {logging_mixin.py:150} INFO - [2025-09-02T16:21:14.096+0000] {dag.py:3508} INFO - Setting next_dagrun for example_time_delta_sensor_async to None, run_after=None
[2025-09-02T16:21:14.127+0000] {processor.py:179} INFO - Processing /home/airflow/.local/lib/python3.7/site-packages/airflow/example_dags/example_time_delta_sensor_async.py took 0.120 seconds
[2025-09-02T16:21:44.788+0000] {processor.py:157} INFO - Started process (PID=1082) to work on /home/airflow/.local/lib/python3.7/site-packages/airflow/example_dags/example_time_delta_sensor_async.py
[2025-09-02T16:21:44.791+0000] {processor.py:826} INFO - Processing file /home/airflow/.local/lib/python3.7/site-packages/airflow/example_dags/example_time_delta_sensor_async.py for tasks to queue
[2025-09-02T16:21:44.792+0000] {logging_mixin.py:150} INFO - [2025-09-02T16:21:44.792+0000] {dagbag.py:541} INFO - Filling up the DagBag from /home/airflow/.local/lib/python3.7/site-packages/airflow/example_dags/example_time_delta_sensor_async.py
[2025-09-02T16:21:44.803+0000] {processor.py:836} INFO - DAG(s) dict_keys(['example_time_delta_sensor_async']) retrieved from /home/airflow/.local/lib/python3.7/site-packages/airflow/example_dags/example_time_delta_sensor_async.py
[2025-09-02T16:21:44.836+0000] {logging_mixin.py:150} INFO - [2025-09-02T16:21:44.836+0000] {dag.py:2742} INFO - Sync 1 DAGs
[2025-09-02T16:21:44.875+0000] {logging_mixin.py:150} INFO - [2025-09-02T16:21:44.875+0000] {dag.py:3508} INFO - Setting next_dagrun for example_time_delta_sensor_async to None, run_after=None
[2025-09-02T16:21:44.907+0000] {processor.py:179} INFO - Processing /home/airflow/.local/lib/python3.7/site-packages/airflow/example_dags/example_time_delta_sensor_async.py took 0.127 seconds
[2025-09-02T16:22:15.444+0000] {processor.py:157} INFO - Started process (PID=1142) to work on /home/airflow/.local/lib/python3.7/site-packages/airflow/example_dags/example_time_delta_sensor_async.py
[2025-09-02T16:22:15.445+0000] {processor.py:826} INFO - Processing file /home/airflow/.local/lib/python3.7/site-packages/airflow/example_dags/example_time_delta_sensor_async.py for tasks to queue
[2025-09-02T16:22:15.446+0000] {logging_mixin.py:150} INFO - [2025-09-02T16:22:15.446+0000] {dagbag.py:541} INFO - Filling up the DagBag from /home/airflow/.local/lib/python3.7/site-packages/airflow/example_dags/example_time_delta_sensor_async.py
[2025-09-02T16:22:15.453+0000] {processor.py:836} INFO - DAG(s) dict_keys(['example_time_delta_sensor_async']) retrieved from /home/airflow/.local/lib/python3.7/site-packages/airflow/example_dags/example_time_delta_sensor_async.py
[2025-09-02T16:22:15.482+0000] {logging_mixin.py:150} INFO - [2025-09-02T16:22:15.482+0000] {dag.py:2742} INFO - Sync 1 DAGs
[2025-09-02T16:22:15.517+0000] {logging_mixin.py:150} INFO - [2025-09-02T16:22:15.517+0000] {dag.py:3508} INFO - Setting next_dagrun for example_time_delta_sensor_async to None, run_after=None
[2025-09-02T16:22:15.544+0000] {processor.py:179} INFO - Processing /home/airflow/.local/lib/python3.7/site-packages/airflow/example_dags/example_time_delta_sensor_async.py took 0.104 seconds
[2025-09-02T16:22:45.792+0000] {processor.py:157} INFO - Started process (PID=1202) to work on /home/airflow/.local/lib/python3.7/site-packages/airflow/example_dags/example_time_delta_sensor_async.py
[2025-09-02T16:22:45.794+0000] {processor.py:826} INFO - Processing file /home/airflow/.local/lib/python3.7/site-packages/airflow/example_dags/example_time_delta_sensor_async.py for tasks to queue
[2025-09-02T16:22:45.796+0000] {logging_mixin.py:150} INFO - [2025-09-02T16:22:45.795+0000] {dagbag.py:541} INFO - Filling up the DagBag from /home/airflow/.local/lib/python3.7/site-packages/airflow/example_dags/example_time_delta_sensor_async.py
[2025-09-02T16:22:45.811+0000] {processor.py:836} INFO - DAG(s) dict_keys(['example_time_delta_sensor_async']) retrieved from /home/airflow/.local/lib/python3.7/site-packages/airflow/example_dags/example_time_delta_sensor_async.py
[2025-09-02T16:22:45.849+0000] {logging_mixin.py:150} INFO - [2025-09-02T16:22:45.849+0000] {dag.py:2742} INFO - Sync 1 DAGs
[2025-09-02T16:22:45.888+0000] {logging_mixin.py:150} INFO - [2025-09-02T16:22:45.888+0000] {dag.py:3508} INFO - Setting next_dagrun for example_time_delta_sensor_async to None, run_after=None
[2025-09-02T16:22:45.921+0000] {processor.py:179} INFO - Processing /home/airflow/.local/lib/python3.7/site-packages/airflow/example_dags/example_time_delta_sensor_async.py took 0.135 seconds
[2025-09-02T16:23:16.293+0000] {processor.py:157} INFO - Started process (PID=1262) to work on /home/airflow/.local/lib/python3.7/site-packages/airflow/example_dags/example_time_delta_sensor_async.py
[2025-09-02T16:23:16.294+0000] {processor.py:826} INFO - Processing file /home/airflow/.local/lib/python3.7/site-packages/airflow/example_dags/example_time_delta_sensor_async.py for tasks to queue
[2025-09-02T16:23:16.296+0000] {logging_mixin.py:150} INFO - [2025-09-02T16:23:16.295+0000] {dagbag.py:541} INFO - Filling up the DagBag from /home/airflow/.local/lib/python3.7/site-packages/airflow/example_dags/example_time_delta_sensor_async.py
[2025-09-02T16:23:16.309+0000] {processor.py:836} INFO - DAG(s) dict_keys(['example_time_delta_sensor_async']) retrieved from /home/airflow/.local/lib/python3.7/site-packages/airflow/example_dags/example_time_delta_sensor_async.py
[2025-09-02T16:23:16.344+0000] {logging_mixin.py:150} INFO - [2025-09-02T16:23:16.344+0000] {dag.py:2742} INFO - Sync 1 DAGs
[2025-09-02T16:23:16.378+0000] {logging_mixin.py:150} INFO - [2025-09-02T16:23:16.378+0000] {dag.py:3508} INFO - Setting next_dagrun for example_time_delta_sensor_async to None, run_after=None
[2025-09-02T16:23:16.405+0000] {processor.py:179} INFO - Processing /home/airflow/.local/lib/python3.7/site-packages/airflow/example_dags/example_time_delta_sensor_async.py took 0.118 seconds
[2025-09-02T16:23:46.806+0000] {processor.py:157} INFO - Started process (PID=1322) to work on /home/airflow/.local/lib/python3.7/site-packages/airflow/example_dags/example_time_delta_sensor_async.py
[2025-09-02T16:23:46.807+0000] {processor.py:826} INFO - Processing file /home/airflow/.local/lib/python3.7/site-packages/airflow/example_dags/example_time_delta_sensor_async.py for tasks to queue
[2025-09-02T16:23:46.808+0000] {logging_mixin.py:150} INFO - [2025-09-02T16:23:46.808+0000] {dagbag.py:541} INFO - Filling up the DagBag from /home/airflow/.local/lib/python3.7/site-packages/airflow/example_dags/example_time_delta_sensor_async.py
[2025-09-02T16:23:46.817+0000] {processor.py:836} INFO - DAG(s) dict_keys(['example_time_delta_sensor_async']) retrieved from /home/airflow/.local/lib/python3.7/site-packages/airflow/example_dags/example_time_delta_sensor_async.py
[2025-09-02T16:23:46.850+0000] {logging_mixin.py:150} INFO - [2025-09-02T16:23:46.850+0000] {dag.py:2742} INFO - Sync 1 DAGs
[2025-09-02T16:23:46.891+0000] {logging_mixin.py:150} INFO - [2025-09-02T16:23:46.891+0000] {dag.py:3508} INFO - Setting next_dagrun for example_time_delta_sensor_async to None, run_after=None
[2025-09-02T16:23:46.935+0000] {processor.py:179} INFO - Processing /home/airflow/.local/lib/python3.7/site-packages/airflow/example_dags/example_time_delta_sensor_async.py took 0.134 seconds
[2025-09-02T16:24:17.563+0000] {processor.py:157} INFO - Started process (PID=1382) to work on /home/airflow/.local/lib/python3.7/site-packages/airflow/example_dags/example_time_delta_sensor_async.py
[2025-09-02T16:24:17.578+0000] {processor.py:826} INFO - Processing file /home/airflow/.local/lib/python3.7/site-packages/airflow/example_dags/example_time_delta_sensor_async.py for tasks to queue
[2025-09-02T16:24:17.579+0000] {logging_mixin.py:150} INFO - [2025-09-02T16:24:17.579+0000] {dagbag.py:541} INFO - Filling up the DagBag from /home/airflow/.local/lib/python3.7/site-packages/airflow/example_dags/example_time_delta_sensor_async.py
[2025-09-02T16:24:17.592+0000] {processor.py:836} INFO - DAG(s) dict_keys(['example_time_delta_sensor_async']) retrieved from /home/airflow/.local/lib/python3.7/site-packages/airflow/example_dags/example_time_delta_sensor_async.py
[2025-09-02T16:24:17.638+0000] {logging_mixin.py:150} INFO - [2025-09-02T16:24:17.637+0000] {dag.py:2742} INFO - Sync 1 DAGs
[2025-09-02T16:24:17.683+0000] {logging_mixin.py:150} INFO - [2025-09-02T16:24:17.682+0000] {dag.py:3508} INFO - Setting next_dagrun for example_time_delta_sensor_async to None, run_after=None
[2025-09-02T16:24:17.730+0000] {processor.py:179} INFO - Processing /home/airflow/.local/lib/python3.7/site-packages/airflow/example_dags/example_time_delta_sensor_async.py took 0.175 seconds
[2025-09-02T16:26:27.771+0000] {processor.py:157} INFO - Started process (PID=82) to work on /home/airflow/.local/lib/python3.7/site-packages/airflow/example_dags/example_time_delta_sensor_async.py
[2025-09-02T16:26:27.773+0000] {processor.py:826} INFO - Processing file /home/airflow/.local/lib/python3.7/site-packages/airflow/example_dags/example_time_delta_sensor_async.py for tasks to queue
[2025-09-02T16:26:27.775+0000] {logging_mixin.py:150} INFO - [2025-09-02T16:26:27.775+0000] {dagbag.py:541} INFO - Filling up the DagBag from /home/airflow/.local/lib/python3.7/site-packages/airflow/example_dags/example_time_delta_sensor_async.py
[2025-09-02T16:26:27.787+0000] {processor.py:836} INFO - DAG(s) dict_keys(['example_time_delta_sensor_async']) retrieved from /home/airflow/.local/lib/python3.7/site-packages/airflow/example_dags/example_time_delta_sensor_async.py
[2025-09-02T16:26:28.176+0000] {logging_mixin.py:150} INFO - [2025-09-02T16:26:28.176+0000] {dag.py:2742} INFO - Sync 1 DAGs
[2025-09-02T16:26:28.236+0000] {logging_mixin.py:150} INFO - [2025-09-02T16:26:28.236+0000] {dag.py:3508} INFO - Setting next_dagrun for example_time_delta_sensor_async to None, run_after=None
[2025-09-02T16:26:28.374+0000] {processor.py:179} INFO - Processing /home/airflow/.local/lib/python3.7/site-packages/airflow/example_dags/example_time_delta_sensor_async.py took 0.607 seconds
[2025-09-02T16:26:58.899+0000] {processor.py:157} INFO - Started process (PID=142) to work on /home/airflow/.local/lib/python3.7/site-packages/airflow/example_dags/example_time_delta_sensor_async.py
[2025-09-02T16:26:58.900+0000] {processor.py:826} INFO - Processing file /home/airflow/.local/lib/python3.7/site-packages/airflow/example_dags/example_time_delta_sensor_async.py for tasks to queue
[2025-09-02T16:26:58.901+0000] {logging_mixin.py:150} INFO - [2025-09-02T16:26:58.901+0000] {dagbag.py:541} INFO - Filling up the DagBag from /home/airflow/.local/lib/python3.7/site-packages/airflow/example_dags/example_time_delta_sensor_async.py
[2025-09-02T16:26:58.907+0000] {processor.py:836} INFO - DAG(s) dict_keys(['example_time_delta_sensor_async']) retrieved from /home/airflow/.local/lib/python3.7/site-packages/airflow/example_dags/example_time_delta_sensor_async.py
[2025-09-02T16:26:58.936+0000] {logging_mixin.py:150} INFO - [2025-09-02T16:26:58.936+0000] {dag.py:2742} INFO - Sync 1 DAGs
[2025-09-02T16:26:58.967+0000] {logging_mixin.py:150} INFO - [2025-09-02T16:26:58.967+0000] {dag.py:3508} INFO - Setting next_dagrun for example_time_delta_sensor_async to None, run_after=None
[2025-09-02T16:26:59.008+0000] {processor.py:179} INFO - Processing /home/airflow/.local/lib/python3.7/site-packages/airflow/example_dags/example_time_delta_sensor_async.py took 0.114 seconds
[2025-09-02T16:27:29.676+0000] {processor.py:157} INFO - Started process (PID=202) to work on /home/airflow/.local/lib/python3.7/site-packages/airflow/example_dags/example_time_delta_sensor_async.py
[2025-09-02T16:27:29.677+0000] {processor.py:826} INFO - Processing file /home/airflow/.local/lib/python3.7/site-packages/airflow/example_dags/example_time_delta_sensor_async.py for tasks to queue
[2025-09-02T16:27:29.679+0000] {logging_mixin.py:150} INFO - [2025-09-02T16:27:29.678+0000] {dagbag.py:541} INFO - Filling up the DagBag from /home/airflow/.local/lib/python3.7/site-packages/airflow/example_dags/example_time_delta_sensor_async.py
[2025-09-02T16:27:29.693+0000] {processor.py:836} INFO - DAG(s) dict_keys(['example_time_delta_sensor_async']) retrieved from /home/airflow/.local/lib/python3.7/site-packages/airflow/example_dags/example_time_delta_sensor_async.py
[2025-09-02T16:27:29.730+0000] {logging_mixin.py:150} INFO - [2025-09-02T16:27:29.730+0000] {dag.py:2742} INFO - Sync 1 DAGs
[2025-09-02T16:27:29.762+0000] {logging_mixin.py:150} INFO - [2025-09-02T16:27:29.762+0000] {dag.py:3508} INFO - Setting next_dagrun for example_time_delta_sensor_async to None, run_after=None
[2025-09-02T16:27:29.786+0000] {processor.py:179} INFO - Processing /home/airflow/.local/lib/python3.7/site-packages/airflow/example_dags/example_time_delta_sensor_async.py took 0.114 seconds
[2025-09-02T16:28:00.335+0000] {processor.py:157} INFO - Started process (PID=261) to work on /home/airflow/.local/lib/python3.7/site-packages/airflow/example_dags/example_time_delta_sensor_async.py
[2025-09-02T16:28:00.337+0000] {processor.py:826} INFO - Processing file /home/airflow/.local/lib/python3.7/site-packages/airflow/example_dags/example_time_delta_sensor_async.py for tasks to queue
[2025-09-02T16:28:00.338+0000] {logging_mixin.py:150} INFO - [2025-09-02T16:28:00.338+0000] {dagbag.py:541} INFO - Filling up the DagBag from /home/airflow/.local/lib/python3.7/site-packages/airflow/example_dags/example_time_delta_sensor_async.py
[2025-09-02T16:28:00.349+0000] {processor.py:836} INFO - DAG(s) dict_keys(['example_time_delta_sensor_async']) retrieved from /home/airflow/.local/lib/python3.7/site-packages/airflow/example_dags/example_time_delta_sensor_async.py
[2025-09-02T16:28:00.392+0000] {logging_mixin.py:150} INFO - [2025-09-02T16:28:00.392+0000] {dag.py:2742} INFO - Sync 1 DAGs
[2025-09-02T16:28:00.425+0000] {logging_mixin.py:150} INFO - [2025-09-02T16:28:00.424+0000] {dag.py:3508} INFO - Setting next_dagrun for example_time_delta_sensor_async to None, run_after=None
[2025-09-02T16:28:00.457+0000] {processor.py:179} INFO - Processing /home/airflow/.local/lib/python3.7/site-packages/airflow/example_dags/example_time_delta_sensor_async.py took 0.127 seconds
[2025-09-02T16:28:30.547+0000] {processor.py:157} INFO - Started process (PID=321) to work on /home/airflow/.local/lib/python3.7/site-packages/airflow/example_dags/example_time_delta_sensor_async.py
[2025-09-02T16:28:30.548+0000] {processor.py:826} INFO - Processing file /home/airflow/.local/lib/python3.7/site-packages/airflow/example_dags/example_time_delta_sensor_async.py for tasks to queue
[2025-09-02T16:28:30.549+0000] {logging_mixin.py:150} INFO - [2025-09-02T16:28:30.549+0000] {dagbag.py:541} INFO - Filling up the DagBag from /home/airflow/.local/lib/python3.7/site-packages/airflow/example_dags/example_time_delta_sensor_async.py
[2025-09-02T16:28:30.558+0000] {processor.py:836} INFO - DAG(s) dict_keys(['example_time_delta_sensor_async']) retrieved from /home/airflow/.local/lib/python3.7/site-packages/airflow/example_dags/example_time_delta_sensor_async.py
[2025-09-02T16:28:30.592+0000] {logging_mixin.py:150} INFO - [2025-09-02T16:28:30.592+0000] {dag.py:2742} INFO - Sync 1 DAGs
[2025-09-02T16:28:30.629+0000] {logging_mixin.py:150} INFO - [2025-09-02T16:28:30.628+0000] {dag.py:3508} INFO - Setting next_dagrun for example_time_delta_sensor_async to None, run_after=None
[2025-09-02T16:28:30.661+0000] {processor.py:179} INFO - Processing /home/airflow/.local/lib/python3.7/site-packages/airflow/example_dags/example_time_delta_sensor_async.py took 0.120 seconds
[2025-09-02T16:29:01.244+0000] {processor.py:157} INFO - Started process (PID=381) to work on /home/airflow/.local/lib/python3.7/site-packages/airflow/example_dags/example_time_delta_sensor_async.py
[2025-09-02T16:29:01.245+0000] {processor.py:826} INFO - Processing file /home/airflow/.local/lib/python3.7/site-packages/airflow/example_dags/example_time_delta_sensor_async.py for tasks to queue
[2025-09-02T16:29:01.246+0000] {logging_mixin.py:150} INFO - [2025-09-02T16:29:01.246+0000] {dagbag.py:541} INFO - Filling up the DagBag from /home/airflow/.local/lib/python3.7/site-packages/airflow/example_dags/example_time_delta_sensor_async.py
[2025-09-02T16:29:01.255+0000] {processor.py:836} INFO - DAG(s) dict_keys(['example_time_delta_sensor_async']) retrieved from /home/airflow/.local/lib/python3.7/site-packages/airflow/example_dags/example_time_delta_sensor_async.py
[2025-09-02T16:29:01.292+0000] {logging_mixin.py:150} INFO - [2025-09-02T16:29:01.291+0000] {dag.py:2742} INFO - Sync 1 DAGs
[2025-09-02T16:29:01.332+0000] {logging_mixin.py:150} INFO - [2025-09-02T16:29:01.331+0000] {dag.py:3508} INFO - Setting next_dagrun for example_time_delta_sensor_async to None, run_after=None
[2025-09-02T16:29:01.365+0000] {processor.py:179} INFO - Processing /home/airflow/.local/lib/python3.7/site-packages/airflow/example_dags/example_time_delta_sensor_async.py took 0.126 seconds
[2025-09-02T16:29:31.607+0000] {processor.py:157} INFO - Started process (PID=440) to work on /home/airflow/.local/lib/python3.7/site-packages/airflow/example_dags/example_time_delta_sensor_async.py
[2025-09-02T16:29:31.608+0000] {processor.py:826} INFO - Processing file /home/airflow/.local/lib/python3.7/site-packages/airflow/example_dags/example_time_delta_sensor_async.py for tasks to queue
[2025-09-02T16:29:31.609+0000] {logging_mixin.py:150} INFO - [2025-09-02T16:29:31.609+0000] {dagbag.py:541} INFO - Filling up the DagBag from /home/airflow/.local/lib/python3.7/site-packages/airflow/example_dags/example_time_delta_sensor_async.py
[2025-09-02T16:29:31.617+0000] {processor.py:836} INFO - DAG(s) dict_keys(['example_time_delta_sensor_async']) retrieved from /home/airflow/.local/lib/python3.7/site-packages/airflow/example_dags/example_time_delta_sensor_async.py
[2025-09-02T16:29:31.652+0000] {logging_mixin.py:150} INFO - [2025-09-02T16:29:31.652+0000] {dag.py:2742} INFO - Sync 1 DAGs
[2025-09-02T16:29:31.695+0000] {logging_mixin.py:150} INFO - [2025-09-02T16:29:31.695+0000] {dag.py:3508} INFO - Setting next_dagrun for example_time_delta_sensor_async to None, run_after=None
[2025-09-02T16:29:31.733+0000] {processor.py:179} INFO - Processing /home/airflow/.local/lib/python3.7/site-packages/airflow/example_dags/example_time_delta_sensor_async.py took 0.131 seconds
[2025-09-02T16:30:02.334+0000] {processor.py:157} INFO - Started process (PID=495) to work on /home/airflow/.local/lib/python3.7/site-packages/airflow/example_dags/example_time_delta_sensor_async.py
[2025-09-02T16:30:02.338+0000] {processor.py:826} INFO - Processing file /home/airflow/.local/lib/python3.7/site-packages/airflow/example_dags/example_time_delta_sensor_async.py for tasks to queue
[2025-09-02T16:30:02.343+0000] {logging_mixin.py:150} INFO - [2025-09-02T16:30:02.342+0000] {dagbag.py:541} INFO - Filling up the DagBag from /home/airflow/.local/lib/python3.7/site-packages/airflow/example_dags/example_time_delta_sensor_async.py
[2025-09-02T16:30:02.471+0000] {processor.py:836} INFO - DAG(s) dict_keys(['example_time_delta_sensor_async']) retrieved from /home/airflow/.local/lib/python3.7/site-packages/airflow/example_dags/example_time_delta_sensor_async.py
[2025-09-02T16:30:02.549+0000] {logging_mixin.py:150} INFO - [2025-09-02T16:30:02.548+0000] {dag.py:2742} INFO - Sync 1 DAGs
[2025-09-02T16:30:02.582+0000] {logging_mixin.py:150} INFO - [2025-09-02T16:30:02.582+0000] {dag.py:3508} INFO - Setting next_dagrun for example_time_delta_sensor_async to None, run_after=None
[2025-09-02T16:30:02.614+0000] {processor.py:179} INFO - Processing /home/airflow/.local/lib/python3.7/site-packages/airflow/example_dags/example_time_delta_sensor_async.py took 0.296 seconds
[2025-09-02T16:30:33.493+0000] {processor.py:157} INFO - Started process (PID=555) to work on /home/airflow/.local/lib/python3.7/site-packages/airflow/example_dags/example_time_delta_sensor_async.py
[2025-09-02T16:30:33.494+0000] {processor.py:826} INFO - Processing file /home/airflow/.local/lib/python3.7/site-packages/airflow/example_dags/example_time_delta_sensor_async.py for tasks to queue
[2025-09-02T16:30:33.495+0000] {logging_mixin.py:150} INFO - [2025-09-02T16:30:33.494+0000] {dagbag.py:541} INFO - Filling up the DagBag from /home/airflow/.local/lib/python3.7/site-packages/airflow/example_dags/example_time_delta_sensor_async.py
[2025-09-02T16:30:33.501+0000] {processor.py:836} INFO - DAG(s) dict_keys(['example_time_delta_sensor_async']) retrieved from /home/airflow/.local/lib/python3.7/site-packages/airflow/example_dags/example_time_delta_sensor_async.py
[2025-09-02T16:30:33.528+0000] {logging_mixin.py:150} INFO - [2025-09-02T16:30:33.527+0000] {dag.py:2742} INFO - Sync 1 DAGs
[2025-09-02T16:30:33.557+0000] {logging_mixin.py:150} INFO - [2025-09-02T16:30:33.556+0000] {dag.py:3508} INFO - Setting next_dagrun for example_time_delta_sensor_async to None, run_after=None
[2025-09-02T16:30:33.585+0000] {processor.py:179} INFO - Processing /home/airflow/.local/lib/python3.7/site-packages/airflow/example_dags/example_time_delta_sensor_async.py took 0.096 seconds
