[2025-09-02T16:13:02.338+0000] {processor.py:157} INFO - Started process (PID=53) to work on /home/airflow/.local/lib/python3.7/site-packages/airflow/example_dags/example_xcomargs.py
[2025-09-02T16:13:02.339+0000] {processor.py:826} INFO - Processing file /home/airflow/.local/lib/python3.7/site-packages/airflow/example_dags/example_xcomargs.py for tasks to queue
[2025-09-02T16:13:02.340+0000] {logging_mixin.py:150} INFO - [2025-09-02T16:13:02.340+0000] {dagbag.py:541} INFO - Filling up the DagBag from /home/airflow/.local/lib/python3.7/site-packages/airflow/example_dags/example_xcomargs.py
[2025-09-02T16:13:02.351+0000] {processor.py:836} INFO - DAG(s) dict_keys(['example_xcom_args_with_operators', 'example_xcom_args']) retrieved from /home/airflow/.local/lib/python3.7/site-packages/airflow/example_dags/example_xcomargs.py
[2025-09-02T16:13:02.463+0000] {logging_mixin.py:150} INFO - [2025-09-02T16:13:02.462+0000] {manager.py:504} INFO - Created Permission View: can read on DAG:example_xcom_args_with_operators
[2025-09-02T16:13:02.474+0000] {logging_mixin.py:150} INFO - [2025-09-02T16:13:02.474+0000] {manager.py:504} INFO - Created Permission View: can edit on DAG:example_xcom_args_with_operators
[2025-09-02T16:13:02.482+0000] {logging_mixin.py:150} INFO - [2025-09-02T16:13:02.482+0000] {manager.py:504} INFO - Created Permission View: can delete on DAG:example_xcom_args_with_operators
[2025-09-02T16:13:02.514+0000] {logging_mixin.py:150} INFO - [2025-09-02T16:13:02.513+0000] {manager.py:504} INFO - Created Permission View: can read on DAG:example_xcom_args
[2025-09-02T16:13:02.522+0000] {logging_mixin.py:150} INFO - [2025-09-02T16:13:02.522+0000] {manager.py:504} INFO - Created Permission View: can edit on DAG:example_xcom_args
[2025-09-02T16:13:02.530+0000] {logging_mixin.py:150} INFO - [2025-09-02T16:13:02.530+0000] {manager.py:504} INFO - Created Permission View: can delete on DAG:example_xcom_args
[2025-09-02T16:13:02.539+0000] {logging_mixin.py:150} INFO - [2025-09-02T16:13:02.539+0000] {dag.py:2742} INFO - Sync 2 DAGs
[2025-09-02T16:13:02.553+0000] {logging_mixin.py:150} INFO - [2025-09-02T16:13:02.553+0000] {dag.py:2763} INFO - Creating ORM DAG for example_xcom_args_with_operators
[2025-09-02T16:13:02.553+0000] {logging_mixin.py:150} INFO - [2025-09-02T16:13:02.553+0000] {dag.py:2763} INFO - Creating ORM DAG for example_xcom_args
[2025-09-02T16:13:02.566+0000] {logging_mixin.py:150} INFO - [2025-09-02T16:13:02.565+0000] {dag.py:3508} INFO - Setting next_dagrun for example_xcom_args to None, run_after=None
[2025-09-02T16:13:02.566+0000] {logging_mixin.py:150} INFO - [2025-09-02T16:13:02.566+0000] {dag.py:3508} INFO - Setting next_dagrun for example_xcom_args_with_operators to None, run_after=None
[2025-09-02T16:13:02.593+0000] {processor.py:179} INFO - Processing /home/airflow/.local/lib/python3.7/site-packages/airflow/example_dags/example_xcomargs.py took 0.260 seconds
[2025-09-02T16:13:33.254+0000] {processor.py:157} INFO - Started process (PID=113) to work on /home/airflow/.local/lib/python3.7/site-packages/airflow/example_dags/example_xcomargs.py
[2025-09-02T16:13:33.256+0000] {processor.py:826} INFO - Processing file /home/airflow/.local/lib/python3.7/site-packages/airflow/example_dags/example_xcomargs.py for tasks to queue
[2025-09-02T16:13:33.257+0000] {logging_mixin.py:150} INFO - [2025-09-02T16:13:33.256+0000] {dagbag.py:541} INFO - Filling up the DagBag from /home/airflow/.local/lib/python3.7/site-packages/airflow/example_dags/example_xcomargs.py
[2025-09-02T16:13:33.271+0000] {processor.py:836} INFO - DAG(s) dict_keys(['example_xcom_args', 'example_xcom_args_with_operators']) retrieved from /home/airflow/.local/lib/python3.7/site-packages/airflow/example_dags/example_xcomargs.py
[2025-09-02T16:13:33.306+0000] {logging_mixin.py:150} INFO - [2025-09-02T16:13:33.306+0000] {dag.py:2742} INFO - Sync 2 DAGs
[2025-09-02T16:13:33.341+0000] {logging_mixin.py:150} INFO - [2025-09-02T16:13:33.341+0000] {dag.py:3508} INFO - Setting next_dagrun for example_xcom_args to None, run_after=None
[2025-09-02T16:13:33.348+0000] {logging_mixin.py:150} INFO - [2025-09-02T16:13:33.347+0000] {dag.py:3508} INFO - Setting next_dagrun for example_xcom_args_with_operators to None, run_after=None
[2025-09-02T16:13:33.371+0000] {processor.py:179} INFO - Processing /home/airflow/.local/lib/python3.7/site-packages/airflow/example_dags/example_xcomargs.py took 0.122 seconds
[2025-09-02T16:14:03.601+0000] {processor.py:157} INFO - Started process (PID=167) to work on /home/airflow/.local/lib/python3.7/site-packages/airflow/example_dags/example_xcomargs.py
[2025-09-02T16:14:03.602+0000] {processor.py:826} INFO - Processing file /home/airflow/.local/lib/python3.7/site-packages/airflow/example_dags/example_xcomargs.py for tasks to queue
[2025-09-02T16:14:03.603+0000] {logging_mixin.py:150} INFO - [2025-09-02T16:14:03.602+0000] {dagbag.py:541} INFO - Filling up the DagBag from /home/airflow/.local/lib/python3.7/site-packages/airflow/example_dags/example_xcomargs.py
[2025-09-02T16:14:03.620+0000] {processor.py:836} INFO - DAG(s) dict_keys(['example_xcom_args_with_operators', 'example_xcom_args']) retrieved from /home/airflow/.local/lib/python3.7/site-packages/airflow/example_dags/example_xcomargs.py
[2025-09-02T16:14:03.686+0000] {logging_mixin.py:150} INFO - [2025-09-02T16:14:03.685+0000] {dag.py:2742} INFO - Sync 2 DAGs
[2025-09-02T16:14:03.731+0000] {logging_mixin.py:150} INFO - [2025-09-02T16:14:03.731+0000] {dag.py:3508} INFO - Setting next_dagrun for example_xcom_args to None, run_after=None
[2025-09-02T16:14:03.739+0000] {logging_mixin.py:150} INFO - [2025-09-02T16:14:03.739+0000] {dag.py:3508} INFO - Setting next_dagrun for example_xcom_args_with_operators to None, run_after=None
[2025-09-02T16:14:03.768+0000] {processor.py:179} INFO - Processing /home/airflow/.local/lib/python3.7/site-packages/airflow/example_dags/example_xcomargs.py took 0.173 seconds
[2025-09-02T16:14:34.334+0000] {processor.py:157} INFO - Started process (PID=227) to work on /home/airflow/.local/lib/python3.7/site-packages/airflow/example_dags/example_xcomargs.py
[2025-09-02T16:14:34.335+0000] {processor.py:826} INFO - Processing file /home/airflow/.local/lib/python3.7/site-packages/airflow/example_dags/example_xcomargs.py for tasks to queue
[2025-09-02T16:14:34.337+0000] {logging_mixin.py:150} INFO - [2025-09-02T16:14:34.336+0000] {dagbag.py:541} INFO - Filling up the DagBag from /home/airflow/.local/lib/python3.7/site-packages/airflow/example_dags/example_xcomargs.py
[2025-09-02T16:14:34.348+0000] {processor.py:836} INFO - DAG(s) dict_keys(['example_xcom_args', 'example_xcom_args_with_operators']) retrieved from /home/airflow/.local/lib/python3.7/site-packages/airflow/example_dags/example_xcomargs.py
[2025-09-02T16:14:34.381+0000] {logging_mixin.py:150} INFO - [2025-09-02T16:14:34.381+0000] {dag.py:2742} INFO - Sync 2 DAGs
[2025-09-02T16:14:34.415+0000] {logging_mixin.py:150} INFO - [2025-09-02T16:14:34.415+0000] {dag.py:3508} INFO - Setting next_dagrun for example_xcom_args to None, run_after=None
[2025-09-02T16:14:34.422+0000] {logging_mixin.py:150} INFO - [2025-09-02T16:14:34.421+0000] {dag.py:3508} INFO - Setting next_dagrun for example_xcom_args_with_operators to None, run_after=None
[2025-09-02T16:14:34.446+0000] {processor.py:179} INFO - Processing /home/airflow/.local/lib/python3.7/site-packages/airflow/example_dags/example_xcomargs.py took 0.117 seconds
[2025-09-02T16:15:05.152+0000] {processor.py:157} INFO - Started process (PID=294) to work on /home/airflow/.local/lib/python3.7/site-packages/airflow/example_dags/example_xcomargs.py
[2025-09-02T16:15:05.154+0000] {processor.py:826} INFO - Processing file /home/airflow/.local/lib/python3.7/site-packages/airflow/example_dags/example_xcomargs.py for tasks to queue
[2025-09-02T16:15:05.156+0000] {logging_mixin.py:150} INFO - [2025-09-02T16:15:05.155+0000] {dagbag.py:541} INFO - Filling up the DagBag from /home/airflow/.local/lib/python3.7/site-packages/airflow/example_dags/example_xcomargs.py
[2025-09-02T16:15:05.172+0000] {processor.py:836} INFO - DAG(s) dict_keys(['example_xcom_args', 'example_xcom_args_with_operators']) retrieved from /home/airflow/.local/lib/python3.7/site-packages/airflow/example_dags/example_xcomargs.py
[2025-09-02T16:15:05.215+0000] {logging_mixin.py:150} INFO - [2025-09-02T16:15:05.214+0000] {dag.py:2742} INFO - Sync 2 DAGs
[2025-09-02T16:15:05.256+0000] {logging_mixin.py:150} INFO - [2025-09-02T16:15:05.256+0000] {dag.py:3508} INFO - Setting next_dagrun for example_xcom_args to None, run_after=None
[2025-09-02T16:15:05.267+0000] {logging_mixin.py:150} INFO - [2025-09-02T16:15:05.267+0000] {dag.py:3508} INFO - Setting next_dagrun for example_xcom_args_with_operators to None, run_after=None
[2025-09-02T16:15:05.299+0000] {processor.py:179} INFO - Processing /home/airflow/.local/lib/python3.7/site-packages/airflow/example_dags/example_xcomargs.py took 0.159 seconds
[2025-09-02T16:15:35.883+0000] {processor.py:157} INFO - Started process (PID=354) to work on /home/airflow/.local/lib/python3.7/site-packages/airflow/example_dags/example_xcomargs.py
[2025-09-02T16:15:35.884+0000] {processor.py:826} INFO - Processing file /home/airflow/.local/lib/python3.7/site-packages/airflow/example_dags/example_xcomargs.py for tasks to queue
[2025-09-02T16:15:35.884+0000] {logging_mixin.py:150} INFO - [2025-09-02T16:15:35.884+0000] {dagbag.py:541} INFO - Filling up the DagBag from /home/airflow/.local/lib/python3.7/site-packages/airflow/example_dags/example_xcomargs.py
[2025-09-02T16:15:35.898+0000] {processor.py:836} INFO - DAG(s) dict_keys(['example_xcom_args_with_operators', 'example_xcom_args']) retrieved from /home/airflow/.local/lib/python3.7/site-packages/airflow/example_dags/example_xcomargs.py
[2025-09-02T16:15:35.931+0000] {logging_mixin.py:150} INFO - [2025-09-02T16:15:35.931+0000] {dag.py:2742} INFO - Sync 2 DAGs
[2025-09-02T16:15:35.967+0000] {logging_mixin.py:150} INFO - [2025-09-02T16:15:35.967+0000] {dag.py:3508} INFO - Setting next_dagrun for example_xcom_args to None, run_after=None
[2025-09-02T16:15:35.973+0000] {logging_mixin.py:150} INFO - [2025-09-02T16:15:35.973+0000] {dag.py:3508} INFO - Setting next_dagrun for example_xcom_args_with_operators to None, run_after=None
[2025-09-02T16:15:36.000+0000] {processor.py:179} INFO - Processing /home/airflow/.local/lib/python3.7/site-packages/airflow/example_dags/example_xcomargs.py took 0.121 seconds
[2025-09-02T16:16:06.073+0000] {processor.py:157} INFO - Started process (PID=414) to work on /home/airflow/.local/lib/python3.7/site-packages/airflow/example_dags/example_xcomargs.py
[2025-09-02T16:16:06.074+0000] {processor.py:826} INFO - Processing file /home/airflow/.local/lib/python3.7/site-packages/airflow/example_dags/example_xcomargs.py for tasks to queue
[2025-09-02T16:16:06.075+0000] {logging_mixin.py:150} INFO - [2025-09-02T16:16:06.075+0000] {dagbag.py:541} INFO - Filling up the DagBag from /home/airflow/.local/lib/python3.7/site-packages/airflow/example_dags/example_xcomargs.py
[2025-09-02T16:16:06.088+0000] {processor.py:836} INFO - DAG(s) dict_keys(['example_xcom_args_with_operators', 'example_xcom_args']) retrieved from /home/airflow/.local/lib/python3.7/site-packages/airflow/example_dags/example_xcomargs.py
[2025-09-02T16:16:06.120+0000] {logging_mixin.py:150} INFO - [2025-09-02T16:16:06.120+0000] {dag.py:2742} INFO - Sync 2 DAGs
[2025-09-02T16:16:06.154+0000] {logging_mixin.py:150} INFO - [2025-09-02T16:16:06.154+0000] {dag.py:3508} INFO - Setting next_dagrun for example_xcom_args to None, run_after=None
[2025-09-02T16:16:06.161+0000] {logging_mixin.py:150} INFO - [2025-09-02T16:16:06.160+0000] {dag.py:3508} INFO - Setting next_dagrun for example_xcom_args_with_operators to None, run_after=None
[2025-09-02T16:16:06.187+0000] {processor.py:179} INFO - Processing /home/airflow/.local/lib/python3.7/site-packages/airflow/example_dags/example_xcomargs.py took 0.120 seconds
[2025-09-02T16:16:36.931+0000] {processor.py:157} INFO - Started process (PID=474) to work on /home/airflow/.local/lib/python3.7/site-packages/airflow/example_dags/example_xcomargs.py
[2025-09-02T16:16:36.932+0000] {processor.py:826} INFO - Processing file /home/airflow/.local/lib/python3.7/site-packages/airflow/example_dags/example_xcomargs.py for tasks to queue
[2025-09-02T16:16:36.933+0000] {logging_mixin.py:150} INFO - [2025-09-02T16:16:36.933+0000] {dagbag.py:541} INFO - Filling up the DagBag from /home/airflow/.local/lib/python3.7/site-packages/airflow/example_dags/example_xcomargs.py
[2025-09-02T16:16:36.946+0000] {processor.py:836} INFO - DAG(s) dict_keys(['example_xcom_args', 'example_xcom_args_with_operators']) retrieved from /home/airflow/.local/lib/python3.7/site-packages/airflow/example_dags/example_xcomargs.py
[2025-09-02T16:16:37.004+0000] {logging_mixin.py:150} INFO - [2025-09-02T16:16:37.004+0000] {dag.py:2742} INFO - Sync 2 DAGs
[2025-09-02T16:16:37.061+0000] {logging_mixin.py:150} INFO - [2025-09-02T16:16:37.061+0000] {dag.py:3508} INFO - Setting next_dagrun for example_xcom_args to None, run_after=None
[2025-09-02T16:16:37.071+0000] {logging_mixin.py:150} INFO - [2025-09-02T16:16:37.071+0000] {dag.py:3508} INFO - Setting next_dagrun for example_xcom_args_with_operators to None, run_after=None
[2025-09-02T16:16:37.113+0000] {processor.py:179} INFO - Processing /home/airflow/.local/lib/python3.7/site-packages/airflow/example_dags/example_xcomargs.py took 0.186 seconds
[2025-09-02T16:17:07.251+0000] {processor.py:157} INFO - Started process (PID=534) to work on /home/airflow/.local/lib/python3.7/site-packages/airflow/example_dags/example_xcomargs.py
[2025-09-02T16:17:07.254+0000] {processor.py:826} INFO - Processing file /home/airflow/.local/lib/python3.7/site-packages/airflow/example_dags/example_xcomargs.py for tasks to queue
[2025-09-02T16:17:07.256+0000] {logging_mixin.py:150} INFO - [2025-09-02T16:17:07.255+0000] {dagbag.py:541} INFO - Filling up the DagBag from /home/airflow/.local/lib/python3.7/site-packages/airflow/example_dags/example_xcomargs.py
[2025-09-02T16:17:07.280+0000] {processor.py:836} INFO - DAG(s) dict_keys(['example_xcom_args_with_operators', 'example_xcom_args']) retrieved from /home/airflow/.local/lib/python3.7/site-packages/airflow/example_dags/example_xcomargs.py
[2025-09-02T16:17:07.329+0000] {logging_mixin.py:150} INFO - [2025-09-02T16:17:07.328+0000] {dag.py:2742} INFO - Sync 2 DAGs
[2025-09-02T16:17:07.380+0000] {logging_mixin.py:150} INFO - [2025-09-02T16:17:07.380+0000] {dag.py:3508} INFO - Setting next_dagrun for example_xcom_args to None, run_after=None
[2025-09-02T16:17:07.390+0000] {logging_mixin.py:150} INFO - [2025-09-02T16:17:07.390+0000] {dag.py:3508} INFO - Setting next_dagrun for example_xcom_args_with_operators to None, run_after=None
[2025-09-02T16:17:07.430+0000] {processor.py:179} INFO - Processing /home/airflow/.local/lib/python3.7/site-packages/airflow/example_dags/example_xcomargs.py took 0.190 seconds
[2025-09-02T16:17:37.726+0000] {processor.py:157} INFO - Started process (PID=594) to work on /home/airflow/.local/lib/python3.7/site-packages/airflow/example_dags/example_xcomargs.py
[2025-09-02T16:17:37.727+0000] {processor.py:826} INFO - Processing file /home/airflow/.local/lib/python3.7/site-packages/airflow/example_dags/example_xcomargs.py for tasks to queue
[2025-09-02T16:17:37.728+0000] {logging_mixin.py:150} INFO - [2025-09-02T16:17:37.728+0000] {dagbag.py:541} INFO - Filling up the DagBag from /home/airflow/.local/lib/python3.7/site-packages/airflow/example_dags/example_xcomargs.py
[2025-09-02T16:17:37.740+0000] {processor.py:836} INFO - DAG(s) dict_keys(['example_xcom_args', 'example_xcom_args_with_operators']) retrieved from /home/airflow/.local/lib/python3.7/site-packages/airflow/example_dags/example_xcomargs.py
[2025-09-02T16:17:37.772+0000] {logging_mixin.py:150} INFO - [2025-09-02T16:17:37.772+0000] {dag.py:2742} INFO - Sync 2 DAGs
[2025-09-02T16:17:37.806+0000] {logging_mixin.py:150} INFO - [2025-09-02T16:17:37.806+0000] {dag.py:3508} INFO - Setting next_dagrun for example_xcom_args to None, run_after=None
[2025-09-02T16:17:37.812+0000] {logging_mixin.py:150} INFO - [2025-09-02T16:17:37.812+0000] {dag.py:3508} INFO - Setting next_dagrun for example_xcom_args_with_operators to None, run_after=None
[2025-09-02T16:17:37.834+0000] {processor.py:179} INFO - Processing /home/airflow/.local/lib/python3.7/site-packages/airflow/example_dags/example_xcomargs.py took 0.112 seconds
[2025-09-02T16:18:08.190+0000] {processor.py:157} INFO - Started process (PID=654) to work on /home/airflow/.local/lib/python3.7/site-packages/airflow/example_dags/example_xcomargs.py
[2025-09-02T16:18:08.191+0000] {processor.py:826} INFO - Processing file /home/airflow/.local/lib/python3.7/site-packages/airflow/example_dags/example_xcomargs.py for tasks to queue
[2025-09-02T16:18:08.191+0000] {logging_mixin.py:150} INFO - [2025-09-02T16:18:08.191+0000] {dagbag.py:541} INFO - Filling up the DagBag from /home/airflow/.local/lib/python3.7/site-packages/airflow/example_dags/example_xcomargs.py
[2025-09-02T16:18:08.200+0000] {processor.py:836} INFO - DAG(s) dict_keys(['example_xcom_args', 'example_xcom_args_with_operators']) retrieved from /home/airflow/.local/lib/python3.7/site-packages/airflow/example_dags/example_xcomargs.py
[2025-09-02T16:18:08.235+0000] {logging_mixin.py:150} INFO - [2025-09-02T16:18:08.235+0000] {dag.py:2742} INFO - Sync 2 DAGs
[2025-09-02T16:18:08.260+0000] {logging_mixin.py:150} INFO - [2025-09-02T16:18:08.260+0000] {dag.py:3508} INFO - Setting next_dagrun for example_xcom_args to None, run_after=None
[2025-09-02T16:18:08.265+0000] {logging_mixin.py:150} INFO - [2025-09-02T16:18:08.265+0000] {dag.py:3508} INFO - Setting next_dagrun for example_xcom_args_with_operators to None, run_after=None
[2025-09-02T16:18:08.282+0000] {processor.py:179} INFO - Processing /home/airflow/.local/lib/python3.7/site-packages/airflow/example_dags/example_xcomargs.py took 0.096 seconds
[2025-09-02T16:18:38.547+0000] {processor.py:157} INFO - Started process (PID=714) to work on /home/airflow/.local/lib/python3.7/site-packages/airflow/example_dags/example_xcomargs.py
[2025-09-02T16:18:38.548+0000] {processor.py:826} INFO - Processing file /home/airflow/.local/lib/python3.7/site-packages/airflow/example_dags/example_xcomargs.py for tasks to queue
[2025-09-02T16:18:38.549+0000] {logging_mixin.py:150} INFO - [2025-09-02T16:18:38.549+0000] {dagbag.py:541} INFO - Filling up the DagBag from /home/airflow/.local/lib/python3.7/site-packages/airflow/example_dags/example_xcomargs.py
[2025-09-02T16:18:38.562+0000] {processor.py:836} INFO - DAG(s) dict_keys(['example_xcom_args_with_operators', 'example_xcom_args']) retrieved from /home/airflow/.local/lib/python3.7/site-packages/airflow/example_dags/example_xcomargs.py
[2025-09-02T16:18:38.600+0000] {logging_mixin.py:150} INFO - [2025-09-02T16:18:38.600+0000] {dag.py:2742} INFO - Sync 2 DAGs
[2025-09-02T16:18:38.638+0000] {logging_mixin.py:150} INFO - [2025-09-02T16:18:38.638+0000] {dag.py:3508} INFO - Setting next_dagrun for example_xcom_args to None, run_after=None
[2025-09-02T16:18:38.649+0000] {logging_mixin.py:150} INFO - [2025-09-02T16:18:38.648+0000] {dag.py:3508} INFO - Setting next_dagrun for example_xcom_args_with_operators to None, run_after=None
[2025-09-02T16:18:38.694+0000] {processor.py:179} INFO - Processing /home/airflow/.local/lib/python3.7/site-packages/airflow/example_dags/example_xcomargs.py took 0.153 seconds
[2025-09-02T16:19:09.508+0000] {processor.py:157} INFO - Started process (PID=774) to work on /home/airflow/.local/lib/python3.7/site-packages/airflow/example_dags/example_xcomargs.py
[2025-09-02T16:19:09.511+0000] {processor.py:826} INFO - Processing file /home/airflow/.local/lib/python3.7/site-packages/airflow/example_dags/example_xcomargs.py for tasks to queue
[2025-09-02T16:19:09.512+0000] {logging_mixin.py:150} INFO - [2025-09-02T16:19:09.512+0000] {dagbag.py:541} INFO - Filling up the DagBag from /home/airflow/.local/lib/python3.7/site-packages/airflow/example_dags/example_xcomargs.py
[2025-09-02T16:19:09.529+0000] {processor.py:836} INFO - DAG(s) dict_keys(['example_xcom_args_with_operators', 'example_xcom_args']) retrieved from /home/airflow/.local/lib/python3.7/site-packages/airflow/example_dags/example_xcomargs.py
[2025-09-02T16:19:09.575+0000] {logging_mixin.py:150} INFO - [2025-09-02T16:19:09.574+0000] {dag.py:2742} INFO - Sync 2 DAGs
[2025-09-02T16:19:09.619+0000] {logging_mixin.py:150} INFO - [2025-09-02T16:19:09.619+0000] {dag.py:3508} INFO - Setting next_dagrun for example_xcom_args to None, run_after=None
[2025-09-02T16:19:09.625+0000] {logging_mixin.py:150} INFO - [2025-09-02T16:19:09.625+0000] {dag.py:3508} INFO - Setting next_dagrun for example_xcom_args_with_operators to None, run_after=None
[2025-09-02T16:19:09.652+0000] {processor.py:179} INFO - Processing /home/airflow/.local/lib/python3.7/site-packages/airflow/example_dags/example_xcomargs.py took 0.149 seconds
[2025-09-02T16:19:40.182+0000] {processor.py:157} INFO - Started process (PID=834) to work on /home/airflow/.local/lib/python3.7/site-packages/airflow/example_dags/example_xcomargs.py
[2025-09-02T16:19:40.183+0000] {processor.py:826} INFO - Processing file /home/airflow/.local/lib/python3.7/site-packages/airflow/example_dags/example_xcomargs.py for tasks to queue
[2025-09-02T16:19:40.184+0000] {logging_mixin.py:150} INFO - [2025-09-02T16:19:40.184+0000] {dagbag.py:541} INFO - Filling up the DagBag from /home/airflow/.local/lib/python3.7/site-packages/airflow/example_dags/example_xcomargs.py
[2025-09-02T16:19:40.196+0000] {processor.py:836} INFO - DAG(s) dict_keys(['example_xcom_args_with_operators', 'example_xcom_args']) retrieved from /home/airflow/.local/lib/python3.7/site-packages/airflow/example_dags/example_xcomargs.py
[2025-09-02T16:19:40.232+0000] {logging_mixin.py:150} INFO - [2025-09-02T16:19:40.232+0000] {dag.py:2742} INFO - Sync 2 DAGs
[2025-09-02T16:19:40.269+0000] {logging_mixin.py:150} INFO - [2025-09-02T16:19:40.269+0000] {dag.py:3508} INFO - Setting next_dagrun for example_xcom_args to None, run_after=None
[2025-09-02T16:19:40.276+0000] {logging_mixin.py:150} INFO - [2025-09-02T16:19:40.276+0000] {dag.py:3508} INFO - Setting next_dagrun for example_xcom_args_with_operators to None, run_after=None
[2025-09-02T16:19:40.302+0000] {processor.py:179} INFO - Processing /home/airflow/.local/lib/python3.7/site-packages/airflow/example_dags/example_xcomargs.py took 0.126 seconds
[2025-09-02T16:20:10.912+0000] {processor.py:157} INFO - Started process (PID=894) to work on /home/airflow/.local/lib/python3.7/site-packages/airflow/example_dags/example_xcomargs.py
[2025-09-02T16:20:10.913+0000] {processor.py:826} INFO - Processing file /home/airflow/.local/lib/python3.7/site-packages/airflow/example_dags/example_xcomargs.py for tasks to queue
[2025-09-02T16:20:10.914+0000] {logging_mixin.py:150} INFO - [2025-09-02T16:20:10.913+0000] {dagbag.py:541} INFO - Filling up the DagBag from /home/airflow/.local/lib/python3.7/site-packages/airflow/example_dags/example_xcomargs.py
[2025-09-02T16:20:10.927+0000] {processor.py:836} INFO - DAG(s) dict_keys(['example_xcom_args_with_operators', 'example_xcom_args']) retrieved from /home/airflow/.local/lib/python3.7/site-packages/airflow/example_dags/example_xcomargs.py
[2025-09-02T16:20:10.965+0000] {logging_mixin.py:150} INFO - [2025-09-02T16:20:10.964+0000] {dag.py:2742} INFO - Sync 2 DAGs
[2025-09-02T16:20:11.009+0000] {logging_mixin.py:150} INFO - [2025-09-02T16:20:11.009+0000] {dag.py:3508} INFO - Setting next_dagrun for example_xcom_args to None, run_after=None
[2025-09-02T16:20:11.017+0000] {logging_mixin.py:150} INFO - [2025-09-02T16:20:11.017+0000] {dag.py:3508} INFO - Setting next_dagrun for example_xcom_args_with_operators to None, run_after=None
[2025-09-02T16:20:11.040+0000] {processor.py:179} INFO - Processing /home/airflow/.local/lib/python3.7/site-packages/airflow/example_dags/example_xcomargs.py took 0.134 seconds
[2025-09-02T16:20:41.753+0000] {processor.py:157} INFO - Started process (PID=954) to work on /home/airflow/.local/lib/python3.7/site-packages/airflow/example_dags/example_xcomargs.py
[2025-09-02T16:20:41.754+0000] {processor.py:826} INFO - Processing file /home/airflow/.local/lib/python3.7/site-packages/airflow/example_dags/example_xcomargs.py for tasks to queue
[2025-09-02T16:20:41.755+0000] {logging_mixin.py:150} INFO - [2025-09-02T16:20:41.754+0000] {dagbag.py:541} INFO - Filling up the DagBag from /home/airflow/.local/lib/python3.7/site-packages/airflow/example_dags/example_xcomargs.py
[2025-09-02T16:20:41.768+0000] {processor.py:836} INFO - DAG(s) dict_keys(['example_xcom_args_with_operators', 'example_xcom_args']) retrieved from /home/airflow/.local/lib/python3.7/site-packages/airflow/example_dags/example_xcomargs.py
[2025-09-02T16:20:41.806+0000] {logging_mixin.py:150} INFO - [2025-09-02T16:20:41.806+0000] {dag.py:2742} INFO - Sync 2 DAGs
[2025-09-02T16:20:41.845+0000] {logging_mixin.py:150} INFO - [2025-09-02T16:20:41.844+0000] {dag.py:3508} INFO - Setting next_dagrun for example_xcom_args to None, run_after=None
[2025-09-02T16:20:41.851+0000] {logging_mixin.py:150} INFO - [2025-09-02T16:20:41.851+0000] {dag.py:3508} INFO - Setting next_dagrun for example_xcom_args_with_operators to None, run_after=None
[2025-09-02T16:20:41.885+0000] {processor.py:179} INFO - Processing /home/airflow/.local/lib/python3.7/site-packages/airflow/example_dags/example_xcomargs.py took 0.137 seconds
[2025-09-02T16:21:12.072+0000] {processor.py:157} INFO - Started process (PID=1014) to work on /home/airflow/.local/lib/python3.7/site-packages/airflow/example_dags/example_xcomargs.py
[2025-09-02T16:21:12.073+0000] {processor.py:826} INFO - Processing file /home/airflow/.local/lib/python3.7/site-packages/airflow/example_dags/example_xcomargs.py for tasks to queue
[2025-09-02T16:21:12.075+0000] {logging_mixin.py:150} INFO - [2025-09-02T16:21:12.074+0000] {dagbag.py:541} INFO - Filling up the DagBag from /home/airflow/.local/lib/python3.7/site-packages/airflow/example_dags/example_xcomargs.py
[2025-09-02T16:21:12.091+0000] {processor.py:836} INFO - DAG(s) dict_keys(['example_xcom_args', 'example_xcom_args_with_operators']) retrieved from /home/airflow/.local/lib/python3.7/site-packages/airflow/example_dags/example_xcomargs.py
[2025-09-02T16:21:12.141+0000] {logging_mixin.py:150} INFO - [2025-09-02T16:21:12.140+0000] {dag.py:2742} INFO - Sync 2 DAGs
[2025-09-02T16:21:12.192+0000] {logging_mixin.py:150} INFO - [2025-09-02T16:21:12.192+0000] {dag.py:3508} INFO - Setting next_dagrun for example_xcom_args to None, run_after=None
[2025-09-02T16:21:12.201+0000] {logging_mixin.py:150} INFO - [2025-09-02T16:21:12.201+0000] {dag.py:3508} INFO - Setting next_dagrun for example_xcom_args_with_operators to None, run_after=None
[2025-09-02T16:21:12.239+0000] {processor.py:179} INFO - Processing /home/airflow/.local/lib/python3.7/site-packages/airflow/example_dags/example_xcomargs.py took 0.175 seconds
[2025-09-02T16:21:43.032+0000] {processor.py:157} INFO - Started process (PID=1074) to work on /home/airflow/.local/lib/python3.7/site-packages/airflow/example_dags/example_xcomargs.py
[2025-09-02T16:21:43.034+0000] {processor.py:826} INFO - Processing file /home/airflow/.local/lib/python3.7/site-packages/airflow/example_dags/example_xcomargs.py for tasks to queue
[2025-09-02T16:21:43.035+0000] {logging_mixin.py:150} INFO - [2025-09-02T16:21:43.034+0000] {dagbag.py:541} INFO - Filling up the DagBag from /home/airflow/.local/lib/python3.7/site-packages/airflow/example_dags/example_xcomargs.py
[2025-09-02T16:21:43.052+0000] {processor.py:836} INFO - DAG(s) dict_keys(['example_xcom_args', 'example_xcom_args_with_operators']) retrieved from /home/airflow/.local/lib/python3.7/site-packages/airflow/example_dags/example_xcomargs.py
[2025-09-02T16:21:43.102+0000] {logging_mixin.py:150} INFO - [2025-09-02T16:21:43.102+0000] {dag.py:2742} INFO - Sync 2 DAGs
[2025-09-02T16:21:43.143+0000] {logging_mixin.py:150} INFO - [2025-09-02T16:21:43.143+0000] {dag.py:3508} INFO - Setting next_dagrun for example_xcom_args to None, run_after=None
[2025-09-02T16:21:43.151+0000] {logging_mixin.py:150} INFO - [2025-09-02T16:21:43.150+0000] {dag.py:3508} INFO - Setting next_dagrun for example_xcom_args_with_operators to None, run_after=None
[2025-09-02T16:21:43.176+0000] {processor.py:179} INFO - Processing /home/airflow/.local/lib/python3.7/site-packages/airflow/example_dags/example_xcomargs.py took 0.149 seconds
[2025-09-02T16:22:13.757+0000] {processor.py:157} INFO - Started process (PID=1134) to work on /home/airflow/.local/lib/python3.7/site-packages/airflow/example_dags/example_xcomargs.py
[2025-09-02T16:22:13.759+0000] {processor.py:826} INFO - Processing file /home/airflow/.local/lib/python3.7/site-packages/airflow/example_dags/example_xcomargs.py for tasks to queue
[2025-09-02T16:22:13.761+0000] {logging_mixin.py:150} INFO - [2025-09-02T16:22:13.761+0000] {dagbag.py:541} INFO - Filling up the DagBag from /home/airflow/.local/lib/python3.7/site-packages/airflow/example_dags/example_xcomargs.py
[2025-09-02T16:22:13.774+0000] {processor.py:836} INFO - DAG(s) dict_keys(['example_xcom_args_with_operators', 'example_xcom_args']) retrieved from /home/airflow/.local/lib/python3.7/site-packages/airflow/example_dags/example_xcomargs.py
[2025-09-02T16:22:13.806+0000] {logging_mixin.py:150} INFO - [2025-09-02T16:22:13.806+0000] {dag.py:2742} INFO - Sync 2 DAGs
[2025-09-02T16:22:13.840+0000] {logging_mixin.py:150} INFO - [2025-09-02T16:22:13.839+0000] {dag.py:3508} INFO - Setting next_dagrun for example_xcom_args to None, run_after=None
[2025-09-02T16:22:13.846+0000] {logging_mixin.py:150} INFO - [2025-09-02T16:22:13.846+0000] {dag.py:3508} INFO - Setting next_dagrun for example_xcom_args_with_operators to None, run_after=None
[2025-09-02T16:22:13.868+0000] {processor.py:179} INFO - Processing /home/airflow/.local/lib/python3.7/site-packages/airflow/example_dags/example_xcomargs.py took 0.117 seconds
[2025-09-02T16:22:44.046+0000] {processor.py:157} INFO - Started process (PID=1194) to work on /home/airflow/.local/lib/python3.7/site-packages/airflow/example_dags/example_xcomargs.py
[2025-09-02T16:22:44.048+0000] {processor.py:826} INFO - Processing file /home/airflow/.local/lib/python3.7/site-packages/airflow/example_dags/example_xcomargs.py for tasks to queue
[2025-09-02T16:22:44.049+0000] {logging_mixin.py:150} INFO - [2025-09-02T16:22:44.048+0000] {dagbag.py:541} INFO - Filling up the DagBag from /home/airflow/.local/lib/python3.7/site-packages/airflow/example_dags/example_xcomargs.py
[2025-09-02T16:22:44.061+0000] {processor.py:836} INFO - DAG(s) dict_keys(['example_xcom_args_with_operators', 'example_xcom_args']) retrieved from /home/airflow/.local/lib/python3.7/site-packages/airflow/example_dags/example_xcomargs.py
[2025-09-02T16:22:44.099+0000] {logging_mixin.py:150} INFO - [2025-09-02T16:22:44.099+0000] {dag.py:2742} INFO - Sync 2 DAGs
[2025-09-02T16:22:44.138+0000] {logging_mixin.py:150} INFO - [2025-09-02T16:22:44.138+0000] {dag.py:3508} INFO - Setting next_dagrun for example_xcom_args to None, run_after=None
[2025-09-02T16:22:44.148+0000] {logging_mixin.py:150} INFO - [2025-09-02T16:22:44.147+0000] {dag.py:3508} INFO - Setting next_dagrun for example_xcom_args_with_operators to None, run_after=None
[2025-09-02T16:22:44.178+0000] {processor.py:179} INFO - Processing /home/airflow/.local/lib/python3.7/site-packages/airflow/example_dags/example_xcomargs.py took 0.136 seconds
[2025-09-02T16:23:14.386+0000] {processor.py:157} INFO - Started process (PID=1254) to work on /home/airflow/.local/lib/python3.7/site-packages/airflow/example_dags/example_xcomargs.py
[2025-09-02T16:23:14.387+0000] {processor.py:826} INFO - Processing file /home/airflow/.local/lib/python3.7/site-packages/airflow/example_dags/example_xcomargs.py for tasks to queue
[2025-09-02T16:23:14.388+0000] {logging_mixin.py:150} INFO - [2025-09-02T16:23:14.388+0000] {dagbag.py:541} INFO - Filling up the DagBag from /home/airflow/.local/lib/python3.7/site-packages/airflow/example_dags/example_xcomargs.py
[2025-09-02T16:23:14.402+0000] {processor.py:836} INFO - DAG(s) dict_keys(['example_xcom_args', 'example_xcom_args_with_operators']) retrieved from /home/airflow/.local/lib/python3.7/site-packages/airflow/example_dags/example_xcomargs.py
[2025-09-02T16:23:14.437+0000] {logging_mixin.py:150} INFO - [2025-09-02T16:23:14.437+0000] {dag.py:2742} INFO - Sync 2 DAGs
[2025-09-02T16:23:14.478+0000] {logging_mixin.py:150} INFO - [2025-09-02T16:23:14.478+0000] {dag.py:3508} INFO - Setting next_dagrun for example_xcom_args to None, run_after=None
[2025-09-02T16:23:14.487+0000] {logging_mixin.py:150} INFO - [2025-09-02T16:23:14.486+0000] {dag.py:3508} INFO - Setting next_dagrun for example_xcom_args_with_operators to None, run_after=None
[2025-09-02T16:23:14.512+0000] {processor.py:179} INFO - Processing /home/airflow/.local/lib/python3.7/site-packages/airflow/example_dags/example_xcomargs.py took 0.130 seconds
[2025-09-02T16:23:45.100+0000] {processor.py:157} INFO - Started process (PID=1314) to work on /home/airflow/.local/lib/python3.7/site-packages/airflow/example_dags/example_xcomargs.py
[2025-09-02T16:23:45.102+0000] {processor.py:826} INFO - Processing file /home/airflow/.local/lib/python3.7/site-packages/airflow/example_dags/example_xcomargs.py for tasks to queue
[2025-09-02T16:23:45.103+0000] {logging_mixin.py:150} INFO - [2025-09-02T16:23:45.102+0000] {dagbag.py:541} INFO - Filling up the DagBag from /home/airflow/.local/lib/python3.7/site-packages/airflow/example_dags/example_xcomargs.py
[2025-09-02T16:23:45.114+0000] {processor.py:836} INFO - DAG(s) dict_keys(['example_xcom_args_with_operators', 'example_xcom_args']) retrieved from /home/airflow/.local/lib/python3.7/site-packages/airflow/example_dags/example_xcomargs.py
[2025-09-02T16:23:45.144+0000] {logging_mixin.py:150} INFO - [2025-09-02T16:23:45.144+0000] {dag.py:2742} INFO - Sync 2 DAGs
[2025-09-02T16:23:45.179+0000] {logging_mixin.py:150} INFO - [2025-09-02T16:23:45.179+0000] {dag.py:3508} INFO - Setting next_dagrun for example_xcom_args to None, run_after=None
[2025-09-02T16:23:45.185+0000] {logging_mixin.py:150} INFO - [2025-09-02T16:23:45.185+0000] {dag.py:3508} INFO - Setting next_dagrun for example_xcom_args_with_operators to None, run_after=None
[2025-09-02T16:23:45.207+0000] {processor.py:179} INFO - Processing /home/airflow/.local/lib/python3.7/site-packages/airflow/example_dags/example_xcomargs.py took 0.113 seconds
[2025-09-02T16:24:15.443+0000] {processor.py:157} INFO - Started process (PID=1374) to work on /home/airflow/.local/lib/python3.7/site-packages/airflow/example_dags/example_xcomargs.py
[2025-09-02T16:24:15.444+0000] {processor.py:826} INFO - Processing file /home/airflow/.local/lib/python3.7/site-packages/airflow/example_dags/example_xcomargs.py for tasks to queue
[2025-09-02T16:24:15.446+0000] {logging_mixin.py:150} INFO - [2025-09-02T16:24:15.445+0000] {dagbag.py:541} INFO - Filling up the DagBag from /home/airflow/.local/lib/python3.7/site-packages/airflow/example_dags/example_xcomargs.py
[2025-09-02T16:24:15.480+0000] {processor.py:836} INFO - DAG(s) dict_keys(['example_xcom_args', 'example_xcom_args_with_operators']) retrieved from /home/airflow/.local/lib/python3.7/site-packages/airflow/example_dags/example_xcomargs.py
[2025-09-02T16:24:15.536+0000] {logging_mixin.py:150} INFO - [2025-09-02T16:24:15.536+0000] {dag.py:2742} INFO - Sync 2 DAGs
[2025-09-02T16:24:15.605+0000] {logging_mixin.py:150} INFO - [2025-09-02T16:24:15.605+0000] {dag.py:3508} INFO - Setting next_dagrun for example_xcom_args to None, run_after=None
[2025-09-02T16:24:15.613+0000] {logging_mixin.py:150} INFO - [2025-09-02T16:24:15.613+0000] {dag.py:3508} INFO - Setting next_dagrun for example_xcom_args_with_operators to None, run_after=None
[2025-09-02T16:24:15.638+0000] {processor.py:179} INFO - Processing /home/airflow/.local/lib/python3.7/site-packages/airflow/example_dags/example_xcomargs.py took 0.201 seconds
[2025-09-02T16:26:22.391+0000] {processor.py:157} INFO - Started process (PID=68) to work on /home/airflow/.local/lib/python3.7/site-packages/airflow/example_dags/example_xcomargs.py
[2025-09-02T16:26:22.398+0000] {processor.py:826} INFO - Processing file /home/airflow/.local/lib/python3.7/site-packages/airflow/example_dags/example_xcomargs.py for tasks to queue
[2025-09-02T16:26:22.400+0000] {logging_mixin.py:150} INFO - [2025-09-02T16:26:22.399+0000] {dagbag.py:541} INFO - Filling up the DagBag from /home/airflow/.local/lib/python3.7/site-packages/airflow/example_dags/example_xcomargs.py
[2025-09-02T16:26:22.933+0000] {processor.py:836} INFO - DAG(s) dict_keys(['example_xcom_args', 'example_xcom_args_with_operators']) retrieved from /home/airflow/.local/lib/python3.7/site-packages/airflow/example_dags/example_xcomargs.py
[2025-09-02T16:26:23.075+0000] {logging_mixin.py:150} INFO - [2025-09-02T16:26:23.072+0000] {dag.py:2742} INFO - Sync 2 DAGs
[2025-09-02T16:26:23.163+0000] {logging_mixin.py:150} INFO - [2025-09-02T16:26:23.163+0000] {dag.py:3508} INFO - Setting next_dagrun for example_xcom_args to None, run_after=None
[2025-09-02T16:26:23.181+0000] {logging_mixin.py:150} INFO - [2025-09-02T16:26:23.178+0000] {dag.py:3508} INFO - Setting next_dagrun for example_xcom_args_with_operators to None, run_after=None
[2025-09-02T16:26:23.381+0000] {processor.py:179} INFO - Processing /home/airflow/.local/lib/python3.7/site-packages/airflow/example_dags/example_xcomargs.py took 1.027 seconds
[2025-09-02T16:26:53.444+0000] {processor.py:157} INFO - Started process (PID=133) to work on /home/airflow/.local/lib/python3.7/site-packages/airflow/example_dags/example_xcomargs.py
[2025-09-02T16:26:53.448+0000] {processor.py:826} INFO - Processing file /home/airflow/.local/lib/python3.7/site-packages/airflow/example_dags/example_xcomargs.py for tasks to queue
[2025-09-02T16:26:53.450+0000] {logging_mixin.py:150} INFO - [2025-09-02T16:26:53.449+0000] {dagbag.py:541} INFO - Filling up the DagBag from /home/airflow/.local/lib/python3.7/site-packages/airflow/example_dags/example_xcomargs.py
[2025-09-02T16:26:53.470+0000] {processor.py:836} INFO - DAG(s) dict_keys(['example_xcom_args', 'example_xcom_args_with_operators']) retrieved from /home/airflow/.local/lib/python3.7/site-packages/airflow/example_dags/example_xcomargs.py
[2025-09-02T16:26:53.520+0000] {logging_mixin.py:150} INFO - [2025-09-02T16:26:53.520+0000] {dag.py:2742} INFO - Sync 2 DAGs
[2025-09-02T16:26:53.565+0000] {logging_mixin.py:150} INFO - [2025-09-02T16:26:53.565+0000] {dag.py:3508} INFO - Setting next_dagrun for example_xcom_args to None, run_after=None
[2025-09-02T16:26:53.573+0000] {logging_mixin.py:150} INFO - [2025-09-02T16:26:53.573+0000] {dag.py:3508} INFO - Setting next_dagrun for example_xcom_args_with_operators to None, run_after=None
[2025-09-02T16:26:53.608+0000] {processor.py:179} INFO - Processing /home/airflow/.local/lib/python3.7/site-packages/airflow/example_dags/example_xcomargs.py took 0.169 seconds
[2025-09-02T16:27:23.861+0000] {processor.py:157} INFO - Started process (PID=186) to work on /home/airflow/.local/lib/python3.7/site-packages/airflow/example_dags/example_xcomargs.py
[2025-09-02T16:27:23.865+0000] {processor.py:826} INFO - Processing file /home/airflow/.local/lib/python3.7/site-packages/airflow/example_dags/example_xcomargs.py for tasks to queue
[2025-09-02T16:27:23.867+0000] {logging_mixin.py:150} INFO - [2025-09-02T16:27:23.866+0000] {dagbag.py:541} INFO - Filling up the DagBag from /home/airflow/.local/lib/python3.7/site-packages/airflow/example_dags/example_xcomargs.py
[2025-09-02T16:27:23.910+0000] {processor.py:836} INFO - DAG(s) dict_keys(['example_xcom_args_with_operators', 'example_xcom_args']) retrieved from /home/airflow/.local/lib/python3.7/site-packages/airflow/example_dags/example_xcomargs.py
[2025-09-02T16:27:23.998+0000] {logging_mixin.py:150} INFO - [2025-09-02T16:27:23.998+0000] {dag.py:2742} INFO - Sync 2 DAGs
[2025-09-02T16:27:24.052+0000] {logging_mixin.py:150} INFO - [2025-09-02T16:27:24.052+0000] {dag.py:3508} INFO - Setting next_dagrun for example_xcom_args to None, run_after=None
[2025-09-02T16:27:24.061+0000] {logging_mixin.py:150} INFO - [2025-09-02T16:27:24.061+0000] {dag.py:3508} INFO - Setting next_dagrun for example_xcom_args_with_operators to None, run_after=None
[2025-09-02T16:27:24.094+0000] {processor.py:179} INFO - Processing /home/airflow/.local/lib/python3.7/site-packages/airflow/example_dags/example_xcomargs.py took 0.240 seconds
[2025-09-02T16:27:54.629+0000] {processor.py:157} INFO - Started process (PID=245) to work on /home/airflow/.local/lib/python3.7/site-packages/airflow/example_dags/example_xcomargs.py
[2025-09-02T16:27:54.631+0000] {processor.py:826} INFO - Processing file /home/airflow/.local/lib/python3.7/site-packages/airflow/example_dags/example_xcomargs.py for tasks to queue
[2025-09-02T16:27:54.632+0000] {logging_mixin.py:150} INFO - [2025-09-02T16:27:54.632+0000] {dagbag.py:541} INFO - Filling up the DagBag from /home/airflow/.local/lib/python3.7/site-packages/airflow/example_dags/example_xcomargs.py
[2025-09-02T16:27:54.643+0000] {processor.py:836} INFO - DAG(s) dict_keys(['example_xcom_args', 'example_xcom_args_with_operators']) retrieved from /home/airflow/.local/lib/python3.7/site-packages/airflow/example_dags/example_xcomargs.py
[2025-09-02T16:27:54.676+0000] {logging_mixin.py:150} INFO - [2025-09-02T16:27:54.676+0000] {dag.py:2742} INFO - Sync 2 DAGs
[2025-09-02T16:27:54.710+0000] {logging_mixin.py:150} INFO - [2025-09-02T16:27:54.710+0000] {dag.py:3508} INFO - Setting next_dagrun for example_xcom_args to None, run_after=None
[2025-09-02T16:27:54.718+0000] {logging_mixin.py:150} INFO - [2025-09-02T16:27:54.717+0000] {dag.py:3508} INFO - Setting next_dagrun for example_xcom_args_with_operators to None, run_after=None
[2025-09-02T16:27:54.742+0000] {processor.py:179} INFO - Processing /home/airflow/.local/lib/python3.7/site-packages/airflow/example_dags/example_xcomargs.py took 0.119 seconds
[2025-09-02T16:28:24.960+0000] {processor.py:157} INFO - Started process (PID=305) to work on /home/airflow/.local/lib/python3.7/site-packages/airflow/example_dags/example_xcomargs.py
[2025-09-02T16:28:24.961+0000] {processor.py:826} INFO - Processing file /home/airflow/.local/lib/python3.7/site-packages/airflow/example_dags/example_xcomargs.py for tasks to queue
[2025-09-02T16:28:24.962+0000] {logging_mixin.py:150} INFO - [2025-09-02T16:28:24.962+0000] {dagbag.py:541} INFO - Filling up the DagBag from /home/airflow/.local/lib/python3.7/site-packages/airflow/example_dags/example_xcomargs.py
[2025-09-02T16:28:24.973+0000] {processor.py:836} INFO - DAG(s) dict_keys(['example_xcom_args_with_operators', 'example_xcom_args']) retrieved from /home/airflow/.local/lib/python3.7/site-packages/airflow/example_dags/example_xcomargs.py
[2025-09-02T16:28:25.003+0000] {logging_mixin.py:150} INFO - [2025-09-02T16:28:25.003+0000] {dag.py:2742} INFO - Sync 2 DAGs
[2025-09-02T16:28:25.036+0000] {logging_mixin.py:150} INFO - [2025-09-02T16:28:25.036+0000] {dag.py:3508} INFO - Setting next_dagrun for example_xcom_args to None, run_after=None
[2025-09-02T16:28:25.043+0000] {logging_mixin.py:150} INFO - [2025-09-02T16:28:25.043+0000] {dag.py:3508} INFO - Setting next_dagrun for example_xcom_args_with_operators to None, run_after=None
[2025-09-02T16:28:25.065+0000] {processor.py:179} INFO - Processing /home/airflow/.local/lib/python3.7/site-packages/airflow/example_dags/example_xcomargs.py took 0.110 seconds
[2025-09-02T16:28:55.425+0000] {processor.py:157} INFO - Started process (PID=365) to work on /home/airflow/.local/lib/python3.7/site-packages/airflow/example_dags/example_xcomargs.py
[2025-09-02T16:28:55.426+0000] {processor.py:826} INFO - Processing file /home/airflow/.local/lib/python3.7/site-packages/airflow/example_dags/example_xcomargs.py for tasks to queue
[2025-09-02T16:28:55.428+0000] {logging_mixin.py:150} INFO - [2025-09-02T16:28:55.427+0000] {dagbag.py:541} INFO - Filling up the DagBag from /home/airflow/.local/lib/python3.7/site-packages/airflow/example_dags/example_xcomargs.py
[2025-09-02T16:28:55.439+0000] {processor.py:836} INFO - DAG(s) dict_keys(['example_xcom_args', 'example_xcom_args_with_operators']) retrieved from /home/airflow/.local/lib/python3.7/site-packages/airflow/example_dags/example_xcomargs.py
[2025-09-02T16:28:55.472+0000] {logging_mixin.py:150} INFO - [2025-09-02T16:28:55.471+0000] {dag.py:2742} INFO - Sync 2 DAGs
[2025-09-02T16:28:55.507+0000] {logging_mixin.py:150} INFO - [2025-09-02T16:28:55.507+0000] {dag.py:3508} INFO - Setting next_dagrun for example_xcom_args to None, run_after=None
[2025-09-02T16:28:55.514+0000] {logging_mixin.py:150} INFO - [2025-09-02T16:28:55.513+0000] {dag.py:3508} INFO - Setting next_dagrun for example_xcom_args_with_operators to None, run_after=None
[2025-09-02T16:28:55.538+0000] {processor.py:179} INFO - Processing /home/airflow/.local/lib/python3.7/site-packages/airflow/example_dags/example_xcomargs.py took 0.118 seconds
[2025-09-02T16:29:25.808+0000] {processor.py:157} INFO - Started process (PID=425) to work on /home/airflow/.local/lib/python3.7/site-packages/airflow/example_dags/example_xcomargs.py
[2025-09-02T16:29:25.809+0000] {processor.py:826} INFO - Processing file /home/airflow/.local/lib/python3.7/site-packages/airflow/example_dags/example_xcomargs.py for tasks to queue
[2025-09-02T16:29:25.809+0000] {logging_mixin.py:150} INFO - [2025-09-02T16:29:25.809+0000] {dagbag.py:541} INFO - Filling up the DagBag from /home/airflow/.local/lib/python3.7/site-packages/airflow/example_dags/example_xcomargs.py
[2025-09-02T16:29:25.818+0000] {processor.py:836} INFO - DAG(s) dict_keys(['example_xcom_args', 'example_xcom_args_with_operators']) retrieved from /home/airflow/.local/lib/python3.7/site-packages/airflow/example_dags/example_xcomargs.py
[2025-09-02T16:29:25.846+0000] {logging_mixin.py:150} INFO - [2025-09-02T16:29:25.846+0000] {dag.py:2742} INFO - Sync 2 DAGs
[2025-09-02T16:29:25.872+0000] {logging_mixin.py:150} INFO - [2025-09-02T16:29:25.872+0000] {dag.py:3508} INFO - Setting next_dagrun for example_xcom_args to None, run_after=None
[2025-09-02T16:29:25.878+0000] {logging_mixin.py:150} INFO - [2025-09-02T16:29:25.878+0000] {dag.py:3508} INFO - Setting next_dagrun for example_xcom_args_with_operators to None, run_after=None
[2025-09-02T16:29:25.896+0000] {processor.py:179} INFO - Processing /home/airflow/.local/lib/python3.7/site-packages/airflow/example_dags/example_xcomargs.py took 0.091 seconds
[2025-09-02T16:29:56.395+0000] {processor.py:157} INFO - Started process (PID=486) to work on /home/airflow/.local/lib/python3.7/site-packages/airflow/example_dags/example_xcomargs.py
[2025-09-02T16:29:56.397+0000] {processor.py:826} INFO - Processing file /home/airflow/.local/lib/python3.7/site-packages/airflow/example_dags/example_xcomargs.py for tasks to queue
[2025-09-02T16:29:56.398+0000] {logging_mixin.py:150} INFO - [2025-09-02T16:29:56.398+0000] {dagbag.py:541} INFO - Filling up the DagBag from /home/airflow/.local/lib/python3.7/site-packages/airflow/example_dags/example_xcomargs.py
[2025-09-02T16:29:56.413+0000] {processor.py:836} INFO - DAG(s) dict_keys(['example_xcom_args', 'example_xcom_args_with_operators']) retrieved from /home/airflow/.local/lib/python3.7/site-packages/airflow/example_dags/example_xcomargs.py
[2025-09-02T16:29:56.461+0000] {logging_mixin.py:150} INFO - [2025-09-02T16:29:56.461+0000] {dag.py:2742} INFO - Sync 2 DAGs
[2025-09-02T16:29:56.500+0000] {logging_mixin.py:150} INFO - [2025-09-02T16:29:56.499+0000] {dag.py:3508} INFO - Setting next_dagrun for example_xcom_args to None, run_after=None
[2025-09-02T16:29:56.512+0000] {logging_mixin.py:150} INFO - [2025-09-02T16:29:56.511+0000] {dag.py:3508} INFO - Setting next_dagrun for example_xcom_args_with_operators to None, run_after=None
[2025-09-02T16:29:56.548+0000] {processor.py:179} INFO - Processing /home/airflow/.local/lib/python3.7/site-packages/airflow/example_dags/example_xcomargs.py took 0.158 seconds
[2025-09-02T16:30:26.834+0000] {processor.py:157} INFO - Started process (PID=546) to work on /home/airflow/.local/lib/python3.7/site-packages/airflow/example_dags/example_xcomargs.py
[2025-09-02T16:30:26.835+0000] {processor.py:826} INFO - Processing file /home/airflow/.local/lib/python3.7/site-packages/airflow/example_dags/example_xcomargs.py for tasks to queue
[2025-09-02T16:30:26.836+0000] {logging_mixin.py:150} INFO - [2025-09-02T16:30:26.835+0000] {dagbag.py:541} INFO - Filling up the DagBag from /home/airflow/.local/lib/python3.7/site-packages/airflow/example_dags/example_xcomargs.py
[2025-09-02T16:30:26.861+0000] {processor.py:836} INFO - DAG(s) dict_keys(['example_xcom_args', 'example_xcom_args_with_operators']) retrieved from /home/airflow/.local/lib/python3.7/site-packages/airflow/example_dags/example_xcomargs.py
[2025-09-02T16:30:26.901+0000] {logging_mixin.py:150} INFO - [2025-09-02T16:30:26.901+0000] {dag.py:2742} INFO - Sync 2 DAGs
[2025-09-02T16:30:26.935+0000] {logging_mixin.py:150} INFO - [2025-09-02T16:30:26.935+0000] {dag.py:3508} INFO - Setting next_dagrun for example_xcom_args to None, run_after=None
[2025-09-02T16:30:26.942+0000] {logging_mixin.py:150} INFO - [2025-09-02T16:30:26.942+0000] {dag.py:3508} INFO - Setting next_dagrun for example_xcom_args_with_operators to None, run_after=None
[2025-09-02T16:30:26.965+0000] {processor.py:179} INFO - Processing /home/airflow/.local/lib/python3.7/site-packages/airflow/example_dags/example_xcomargs.py took 0.136 seconds
