[2025-09-02T16:13:08.180+0000] {processor.py:157} INFO - Started process (PID=96) to work on /home/airflow/.local/lib/python3.7/site-packages/airflow/example_dags/example_branch_datetime_operator.py
[2025-09-02T16:13:08.181+0000] {processor.py:826} INFO - Processing file /home/airflow/.local/lib/python3.7/site-packages/airflow/example_dags/example_branch_datetime_operator.py for tasks to queue
[2025-09-02T16:13:08.181+0000] {logging_mixin.py:150} INFO - [2025-09-02T16:13:08.181+0000] {dagbag.py:541} INFO - Filling up the DagBag from /home/airflow/.local/lib/python3.7/site-packages/airflow/example_dags/example_branch_datetime_operator.py
[2025-09-02T16:13:08.189+0000] {processor.py:836} INFO - DAG(s) dict_keys(['example_branch_datetime_operator', 'example_branch_datetime_operator_2', 'example_branch_datetime_operator_3']) retrieved from /home/airflow/.local/lib/python3.7/site-packages/airflow/example_dags/example_branch_datetime_operator.py
[2025-09-02T16:13:08.301+0000] {logging_mixin.py:150} INFO - [2025-09-02T16:13:08.301+0000] {manager.py:504} INFO - Created Permission View: can read on DAG:example_branch_datetime_operator
[2025-09-02T16:13:08.318+0000] {logging_mixin.py:150} INFO - [2025-09-02T16:13:08.318+0000] {manager.py:504} INFO - Created Permission View: can edit on DAG:example_branch_datetime_operator
[2025-09-02T16:13:08.330+0000] {logging_mixin.py:150} INFO - [2025-09-02T16:13:08.330+0000] {manager.py:504} INFO - Created Permission View: can delete on DAG:example_branch_datetime_operator
[2025-09-02T16:13:08.377+0000] {logging_mixin.py:150} INFO - [2025-09-02T16:13:08.376+0000] {manager.py:504} INFO - Created Permission View: can read on DAG:example_branch_datetime_operator_2
[2025-09-02T16:13:08.383+0000] {logging_mixin.py:150} INFO - [2025-09-02T16:13:08.382+0000] {manager.py:504} INFO - Created Permission View: can edit on DAG:example_branch_datetime_operator_2
[2025-09-02T16:13:08.391+0000] {logging_mixin.py:150} INFO - [2025-09-02T16:13:08.391+0000] {manager.py:504} INFO - Created Permission View: can delete on DAG:example_branch_datetime_operator_2
[2025-09-02T16:13:08.416+0000] {logging_mixin.py:150} INFO - [2025-09-02T16:13:08.416+0000] {manager.py:504} INFO - Created Permission View: can read on DAG:example_branch_datetime_operator_3
[2025-09-02T16:13:08.425+0000] {logging_mixin.py:150} INFO - [2025-09-02T16:13:08.425+0000] {manager.py:504} INFO - Created Permission View: can edit on DAG:example_branch_datetime_operator_3
[2025-09-02T16:13:08.433+0000] {logging_mixin.py:150} INFO - [2025-09-02T16:13:08.433+0000] {manager.py:504} INFO - Created Permission View: can delete on DAG:example_branch_datetime_operator_3
[2025-09-02T16:13:08.447+0000] {logging_mixin.py:150} INFO - [2025-09-02T16:13:08.447+0000] {dag.py:2742} INFO - Sync 3 DAGs
[2025-09-02T16:13:08.460+0000] {logging_mixin.py:150} INFO - [2025-09-02T16:13:08.459+0000] {dag.py:2763} INFO - Creating ORM DAG for example_branch_datetime_operator_3
[2025-09-02T16:13:08.461+0000] {logging_mixin.py:150} INFO - [2025-09-02T16:13:08.461+0000] {dag.py:2763} INFO - Creating ORM DAG for example_branch_datetime_operator
[2025-09-02T16:13:08.461+0000] {logging_mixin.py:150} INFO - [2025-09-02T16:13:08.461+0000] {dag.py:2763} INFO - Creating ORM DAG for example_branch_datetime_operator_2
[2025-09-02T16:13:08.474+0000] {logging_mixin.py:150} INFO - [2025-09-02T16:13:08.474+0000] {dag.py:3508} INFO - Setting next_dagrun for example_branch_datetime_operator to 2025-09-01T00:00:00+00:00, run_after=2025-09-02T00:00:00+00:00
[2025-09-02T16:13:08.477+0000] {logging_mixin.py:150} INFO - [2025-09-02T16:13:08.476+0000] {dag.py:3508} INFO - Setting next_dagrun for example_branch_datetime_operator_2 to 2025-09-01T00:00:00+00:00, run_after=2025-09-02T00:00:00+00:00
[2025-09-02T16:13:08.479+0000] {logging_mixin.py:150} INFO - [2025-09-02T16:13:08.478+0000] {dag.py:3508} INFO - Setting next_dagrun for example_branch_datetime_operator_3 to 2025-09-01T00:00:00+00:00, run_after=2025-09-02T00:00:00+00:00
[2025-09-02T16:13:08.502+0000] {processor.py:179} INFO - Processing /home/airflow/.local/lib/python3.7/site-packages/airflow/example_dags/example_branch_datetime_operator.py took 0.325 seconds
[2025-09-02T16:13:38.635+0000] {processor.py:157} INFO - Started process (PID=157) to work on /home/airflow/.local/lib/python3.7/site-packages/airflow/example_dags/example_branch_datetime_operator.py
[2025-09-02T16:13:38.636+0000] {processor.py:826} INFO - Processing file /home/airflow/.local/lib/python3.7/site-packages/airflow/example_dags/example_branch_datetime_operator.py for tasks to queue
[2025-09-02T16:13:38.637+0000] {logging_mixin.py:150} INFO - [2025-09-02T16:13:38.637+0000] {dagbag.py:541} INFO - Filling up the DagBag from /home/airflow/.local/lib/python3.7/site-packages/airflow/example_dags/example_branch_datetime_operator.py
[2025-09-02T16:13:38.651+0000] {processor.py:836} INFO - DAG(s) dict_keys(['example_branch_datetime_operator', 'example_branch_datetime_operator_2', 'example_branch_datetime_operator_3']) retrieved from /home/airflow/.local/lib/python3.7/site-packages/airflow/example_dags/example_branch_datetime_operator.py
[2025-09-02T16:13:38.698+0000] {logging_mixin.py:150} INFO - [2025-09-02T16:13:38.698+0000] {dag.py:2742} INFO - Sync 3 DAGs
[2025-09-02T16:13:38.738+0000] {logging_mixin.py:150} INFO - [2025-09-02T16:13:38.738+0000] {dag.py:3508} INFO - Setting next_dagrun for example_branch_datetime_operator to 2025-09-01T00:00:00+00:00, run_after=2025-09-02T00:00:00+00:00
[2025-09-02T16:13:38.749+0000] {logging_mixin.py:150} INFO - [2025-09-02T16:13:38.749+0000] {dag.py:3508} INFO - Setting next_dagrun for example_branch_datetime_operator_2 to 2025-09-01T00:00:00+00:00, run_after=2025-09-02T00:00:00+00:00
[2025-09-02T16:13:38.753+0000] {logging_mixin.py:150} INFO - [2025-09-02T16:13:38.752+0000] {dag.py:3508} INFO - Setting next_dagrun for example_branch_datetime_operator_3 to 2025-09-01T00:00:00+00:00, run_after=2025-09-02T00:00:00+00:00
[2025-09-02T16:13:38.783+0000] {processor.py:179} INFO - Processing /home/airflow/.local/lib/python3.7/site-packages/airflow/example_dags/example_branch_datetime_operator.py took 0.152 seconds
[2025-09-02T16:14:09.437+0000] {processor.py:157} INFO - Started process (PID=217) to work on /home/airflow/.local/lib/python3.7/site-packages/airflow/example_dags/example_branch_datetime_operator.py
[2025-09-02T16:14:09.438+0000] {processor.py:826} INFO - Processing file /home/airflow/.local/lib/python3.7/site-packages/airflow/example_dags/example_branch_datetime_operator.py for tasks to queue
[2025-09-02T16:14:09.439+0000] {logging_mixin.py:150} INFO - [2025-09-02T16:14:09.439+0000] {dagbag.py:541} INFO - Filling up the DagBag from /home/airflow/.local/lib/python3.7/site-packages/airflow/example_dags/example_branch_datetime_operator.py
[2025-09-02T16:14:09.450+0000] {processor.py:836} INFO - DAG(s) dict_keys(['example_branch_datetime_operator', 'example_branch_datetime_operator_3', 'example_branch_datetime_operator_2']) retrieved from /home/airflow/.local/lib/python3.7/site-packages/airflow/example_dags/example_branch_datetime_operator.py
[2025-09-02T16:14:09.489+0000] {logging_mixin.py:150} INFO - [2025-09-02T16:14:09.489+0000] {dag.py:2742} INFO - Sync 3 DAGs
[2025-09-02T16:14:09.525+0000] {logging_mixin.py:150} INFO - [2025-09-02T16:14:09.525+0000] {dag.py:3508} INFO - Setting next_dagrun for example_branch_datetime_operator to 2025-09-01T00:00:00+00:00, run_after=2025-09-02T00:00:00+00:00
[2025-09-02T16:14:09.534+0000] {logging_mixin.py:150} INFO - [2025-09-02T16:14:09.534+0000] {dag.py:3508} INFO - Setting next_dagrun for example_branch_datetime_operator_2 to 2025-09-01T00:00:00+00:00, run_after=2025-09-02T00:00:00+00:00
[2025-09-02T16:14:09.538+0000] {logging_mixin.py:150} INFO - [2025-09-02T16:14:09.538+0000] {dag.py:3508} INFO - Setting next_dagrun for example_branch_datetime_operator_3 to 2025-09-01T00:00:00+00:00, run_after=2025-09-02T00:00:00+00:00
[2025-09-02T16:14:09.560+0000] {processor.py:179} INFO - Processing /home/airflow/.local/lib/python3.7/site-packages/airflow/example_dags/example_branch_datetime_operator.py took 0.128 seconds
[2025-09-02T16:14:40.137+0000] {processor.py:157} INFO - Started process (PID=277) to work on /home/airflow/.local/lib/python3.7/site-packages/airflow/example_dags/example_branch_datetime_operator.py
[2025-09-02T16:14:40.138+0000] {processor.py:826} INFO - Processing file /home/airflow/.local/lib/python3.7/site-packages/airflow/example_dags/example_branch_datetime_operator.py for tasks to queue
[2025-09-02T16:14:40.138+0000] {logging_mixin.py:150} INFO - [2025-09-02T16:14:40.138+0000] {dagbag.py:541} INFO - Filling up the DagBag from /home/airflow/.local/lib/python3.7/site-packages/airflow/example_dags/example_branch_datetime_operator.py
[2025-09-02T16:14:40.149+0000] {processor.py:836} INFO - DAG(s) dict_keys(['example_branch_datetime_operator', 'example_branch_datetime_operator_3', 'example_branch_datetime_operator_2']) retrieved from /home/airflow/.local/lib/python3.7/site-packages/airflow/example_dags/example_branch_datetime_operator.py
[2025-09-02T16:14:40.185+0000] {logging_mixin.py:150} INFO - [2025-09-02T16:14:40.185+0000] {dag.py:2742} INFO - Sync 3 DAGs
[2025-09-02T16:14:40.221+0000] {logging_mixin.py:150} INFO - [2025-09-02T16:14:40.221+0000] {dag.py:3508} INFO - Setting next_dagrun for example_branch_datetime_operator to 2025-09-01T00:00:00+00:00, run_after=2025-09-02T00:00:00+00:00
[2025-09-02T16:14:40.230+0000] {logging_mixin.py:150} INFO - [2025-09-02T16:14:40.230+0000] {dag.py:3508} INFO - Setting next_dagrun for example_branch_datetime_operator_2 to 2025-09-01T00:00:00+00:00, run_after=2025-09-02T00:00:00+00:00
[2025-09-02T16:14:40.234+0000] {logging_mixin.py:150} INFO - [2025-09-02T16:14:40.234+0000] {dag.py:3508} INFO - Setting next_dagrun for example_branch_datetime_operator_3 to 2025-09-01T00:00:00+00:00, run_after=2025-09-02T00:00:00+00:00
[2025-09-02T16:14:40.257+0000] {processor.py:179} INFO - Processing /home/airflow/.local/lib/python3.7/site-packages/airflow/example_dags/example_branch_datetime_operator.py took 0.124 seconds
[2025-09-02T16:15:11.965+0000] {processor.py:157} INFO - Started process (PID=337) to work on /home/airflow/.local/lib/python3.7/site-packages/airflow/example_dags/example_branch_datetime_operator.py
[2025-09-02T16:15:11.967+0000] {processor.py:826} INFO - Processing file /home/airflow/.local/lib/python3.7/site-packages/airflow/example_dags/example_branch_datetime_operator.py for tasks to queue
[2025-09-02T16:15:11.968+0000] {logging_mixin.py:150} INFO - [2025-09-02T16:15:11.967+0000] {dagbag.py:541} INFO - Filling up the DagBag from /home/airflow/.local/lib/python3.7/site-packages/airflow/example_dags/example_branch_datetime_operator.py
[2025-09-02T16:15:11.993+0000] {processor.py:836} INFO - DAG(s) dict_keys(['example_branch_datetime_operator', 'example_branch_datetime_operator_3', 'example_branch_datetime_operator_2']) retrieved from /home/airflow/.local/lib/python3.7/site-packages/airflow/example_dags/example_branch_datetime_operator.py
[2025-09-02T16:15:12.038+0000] {logging_mixin.py:150} INFO - [2025-09-02T16:15:12.037+0000] {dag.py:2742} INFO - Sync 3 DAGs
[2025-09-02T16:15:12.071+0000] {logging_mixin.py:150} INFO - [2025-09-02T16:15:12.071+0000] {dag.py:3508} INFO - Setting next_dagrun for example_branch_datetime_operator to 2025-09-01T00:00:00+00:00, run_after=2025-09-02T00:00:00+00:00
[2025-09-02T16:15:12.078+0000] {logging_mixin.py:150} INFO - [2025-09-02T16:15:12.077+0000] {dag.py:3508} INFO - Setting next_dagrun for example_branch_datetime_operator_2 to 2025-09-01T00:00:00+00:00, run_after=2025-09-02T00:00:00+00:00
[2025-09-02T16:15:12.081+0000] {logging_mixin.py:150} INFO - [2025-09-02T16:15:12.080+0000] {dag.py:3508} INFO - Setting next_dagrun for example_branch_datetime_operator_3 to 2025-09-01T00:00:00+00:00, run_after=2025-09-02T00:00:00+00:00
[2025-09-02T16:15:12.103+0000] {processor.py:179} INFO - Processing /home/airflow/.local/lib/python3.7/site-packages/airflow/example_dags/example_branch_datetime_operator.py took 0.142 seconds
[2025-09-02T16:15:43.162+0000] {processor.py:157} INFO - Started process (PID=397) to work on /home/airflow/.local/lib/python3.7/site-packages/airflow/example_dags/example_branch_datetime_operator.py
[2025-09-02T16:15:43.163+0000] {processor.py:826} INFO - Processing file /home/airflow/.local/lib/python3.7/site-packages/airflow/example_dags/example_branch_datetime_operator.py for tasks to queue
[2025-09-02T16:15:43.164+0000] {logging_mixin.py:150} INFO - [2025-09-02T16:15:43.164+0000] {dagbag.py:541} INFO - Filling up the DagBag from /home/airflow/.local/lib/python3.7/site-packages/airflow/example_dags/example_branch_datetime_operator.py
[2025-09-02T16:15:43.176+0000] {processor.py:836} INFO - DAG(s) dict_keys(['example_branch_datetime_operator_3', 'example_branch_datetime_operator', 'example_branch_datetime_operator_2']) retrieved from /home/airflow/.local/lib/python3.7/site-packages/airflow/example_dags/example_branch_datetime_operator.py
[2025-09-02T16:15:43.218+0000] {logging_mixin.py:150} INFO - [2025-09-02T16:15:43.218+0000] {dag.py:2742} INFO - Sync 3 DAGs
[2025-09-02T16:15:43.260+0000] {logging_mixin.py:150} INFO - [2025-09-02T16:15:43.259+0000] {dag.py:3508} INFO - Setting next_dagrun for example_branch_datetime_operator to 2025-09-01T00:00:00+00:00, run_after=2025-09-02T00:00:00+00:00
[2025-09-02T16:15:43.273+0000] {logging_mixin.py:150} INFO - [2025-09-02T16:15:43.272+0000] {dag.py:3508} INFO - Setting next_dagrun for example_branch_datetime_operator_2 to 2025-09-01T00:00:00+00:00, run_after=2025-09-02T00:00:00+00:00
[2025-09-02T16:15:43.277+0000] {logging_mixin.py:150} INFO - [2025-09-02T16:15:43.277+0000] {dag.py:3508} INFO - Setting next_dagrun for example_branch_datetime_operator_3 to 2025-09-01T00:00:00+00:00, run_after=2025-09-02T00:00:00+00:00
[2025-09-02T16:15:43.303+0000] {processor.py:179} INFO - Processing /home/airflow/.local/lib/python3.7/site-packages/airflow/example_dags/example_branch_datetime_operator.py took 0.146 seconds
[2025-09-02T16:16:14.111+0000] {processor.py:157} INFO - Started process (PID=457) to work on /home/airflow/.local/lib/python3.7/site-packages/airflow/example_dags/example_branch_datetime_operator.py
[2025-09-02T16:16:14.112+0000] {processor.py:826} INFO - Processing file /home/airflow/.local/lib/python3.7/site-packages/airflow/example_dags/example_branch_datetime_operator.py for tasks to queue
[2025-09-02T16:16:14.113+0000] {logging_mixin.py:150} INFO - [2025-09-02T16:16:14.113+0000] {dagbag.py:541} INFO - Filling up the DagBag from /home/airflow/.local/lib/python3.7/site-packages/airflow/example_dags/example_branch_datetime_operator.py
[2025-09-02T16:16:14.126+0000] {processor.py:836} INFO - DAG(s) dict_keys(['example_branch_datetime_operator', 'example_branch_datetime_operator_2', 'example_branch_datetime_operator_3']) retrieved from /home/airflow/.local/lib/python3.7/site-packages/airflow/example_dags/example_branch_datetime_operator.py
[2025-09-02T16:16:14.169+0000] {logging_mixin.py:150} INFO - [2025-09-02T16:16:14.168+0000] {dag.py:2742} INFO - Sync 3 DAGs
[2025-09-02T16:16:14.205+0000] {logging_mixin.py:150} INFO - [2025-09-02T16:16:14.205+0000] {dag.py:3508} INFO - Setting next_dagrun for example_branch_datetime_operator to 2025-09-01T00:00:00+00:00, run_after=2025-09-02T00:00:00+00:00
[2025-09-02T16:16:14.214+0000] {logging_mixin.py:150} INFO - [2025-09-02T16:16:14.214+0000] {dag.py:3508} INFO - Setting next_dagrun for example_branch_datetime_operator_2 to 2025-09-01T00:00:00+00:00, run_after=2025-09-02T00:00:00+00:00
[2025-09-02T16:16:14.219+0000] {logging_mixin.py:150} INFO - [2025-09-02T16:16:14.218+0000] {dag.py:3508} INFO - Setting next_dagrun for example_branch_datetime_operator_3 to 2025-09-01T00:00:00+00:00, run_after=2025-09-02T00:00:00+00:00
[2025-09-02T16:16:14.241+0000] {processor.py:179} INFO - Processing /home/airflow/.local/lib/python3.7/site-packages/airflow/example_dags/example_branch_datetime_operator.py took 0.135 seconds
[2025-09-02T16:16:45.277+0000] {processor.py:157} INFO - Started process (PID=517) to work on /home/airflow/.local/lib/python3.7/site-packages/airflow/example_dags/example_branch_datetime_operator.py
[2025-09-02T16:16:45.279+0000] {processor.py:826} INFO - Processing file /home/airflow/.local/lib/python3.7/site-packages/airflow/example_dags/example_branch_datetime_operator.py for tasks to queue
[2025-09-02T16:16:45.280+0000] {logging_mixin.py:150} INFO - [2025-09-02T16:16:45.280+0000] {dagbag.py:541} INFO - Filling up the DagBag from /home/airflow/.local/lib/python3.7/site-packages/airflow/example_dags/example_branch_datetime_operator.py
[2025-09-02T16:16:45.292+0000] {processor.py:836} INFO - DAG(s) dict_keys(['example_branch_datetime_operator_2', 'example_branch_datetime_operator_3', 'example_branch_datetime_operator']) retrieved from /home/airflow/.local/lib/python3.7/site-packages/airflow/example_dags/example_branch_datetime_operator.py
[2025-09-02T16:16:45.329+0000] {logging_mixin.py:150} INFO - [2025-09-02T16:16:45.329+0000] {dag.py:2742} INFO - Sync 3 DAGs
[2025-09-02T16:16:45.370+0000] {logging_mixin.py:150} INFO - [2025-09-02T16:16:45.369+0000] {dag.py:3508} INFO - Setting next_dagrun for example_branch_datetime_operator to 2025-09-01T00:00:00+00:00, run_after=2025-09-02T00:00:00+00:00
[2025-09-02T16:16:45.379+0000] {logging_mixin.py:150} INFO - [2025-09-02T16:16:45.379+0000] {dag.py:3508} INFO - Setting next_dagrun for example_branch_datetime_operator_2 to 2025-09-01T00:00:00+00:00, run_after=2025-09-02T00:00:00+00:00
[2025-09-02T16:16:45.383+0000] {logging_mixin.py:150} INFO - [2025-09-02T16:16:45.383+0000] {dag.py:3508} INFO - Setting next_dagrun for example_branch_datetime_operator_3 to 2025-09-01T00:00:00+00:00, run_after=2025-09-02T00:00:00+00:00
[2025-09-02T16:16:45.405+0000] {processor.py:179} INFO - Processing /home/airflow/.local/lib/python3.7/site-packages/airflow/example_dags/example_branch_datetime_operator.py took 0.132 seconds
[2025-09-02T16:17:24.527+0000] {processor.py:157} INFO - Started process (PID=577) to work on /home/airflow/.local/lib/python3.7/site-packages/airflow/example_dags/example_branch_datetime_operator.py
[2025-09-02T16:17:24.529+0000] {processor.py:826} INFO - Processing file /home/airflow/.local/lib/python3.7/site-packages/airflow/example_dags/example_branch_datetime_operator.py for tasks to queue
[2025-09-02T16:17:24.530+0000] {logging_mixin.py:150} INFO - [2025-09-02T16:17:24.530+0000] {dagbag.py:541} INFO - Filling up the DagBag from /home/airflow/.local/lib/python3.7/site-packages/airflow/example_dags/example_branch_datetime_operator.py
[2025-09-02T16:17:24.547+0000] {processor.py:836} INFO - DAG(s) dict_keys(['example_branch_datetime_operator_3', 'example_branch_datetime_operator_2', 'example_branch_datetime_operator']) retrieved from /home/airflow/.local/lib/python3.7/site-packages/airflow/example_dags/example_branch_datetime_operator.py
[2025-09-02T16:17:24.679+0000] {logging_mixin.py:150} INFO - [2025-09-02T16:17:24.679+0000] {dag.py:2742} INFO - Sync 3 DAGs
[2025-09-02T16:17:24.732+0000] {logging_mixin.py:150} INFO - [2025-09-02T16:17:24.732+0000] {dag.py:3508} INFO - Setting next_dagrun for example_branch_datetime_operator to 2025-09-01T00:00:00+00:00, run_after=2025-09-02T00:00:00+00:00
[2025-09-02T16:17:24.742+0000] {logging_mixin.py:150} INFO - [2025-09-02T16:17:24.741+0000] {dag.py:3508} INFO - Setting next_dagrun for example_branch_datetime_operator_2 to 2025-09-01T00:00:00+00:00, run_after=2025-09-02T00:00:00+00:00
[2025-09-02T16:17:24.746+0000] {logging_mixin.py:150} INFO - [2025-09-02T16:17:24.746+0000] {dag.py:3508} INFO - Setting next_dagrun for example_branch_datetime_operator_3 to 2025-09-01T00:00:00+00:00, run_after=2025-09-02T00:00:00+00:00
[2025-09-02T16:17:24.807+0000] {processor.py:179} INFO - Processing /home/airflow/.local/lib/python3.7/site-packages/airflow/example_dags/example_branch_datetime_operator.py took 0.285 seconds
[2025-09-02T16:17:55.581+0000] {processor.py:157} INFO - Started process (PID=637) to work on /home/airflow/.local/lib/python3.7/site-packages/airflow/example_dags/example_branch_datetime_operator.py
[2025-09-02T16:17:55.582+0000] {processor.py:826} INFO - Processing file /home/airflow/.local/lib/python3.7/site-packages/airflow/example_dags/example_branch_datetime_operator.py for tasks to queue
[2025-09-02T16:17:55.582+0000] {logging_mixin.py:150} INFO - [2025-09-02T16:17:55.582+0000] {dagbag.py:541} INFO - Filling up the DagBag from /home/airflow/.local/lib/python3.7/site-packages/airflow/example_dags/example_branch_datetime_operator.py
[2025-09-02T16:17:55.590+0000] {processor.py:836} INFO - DAG(s) dict_keys(['example_branch_datetime_operator_2', 'example_branch_datetime_operator_3', 'example_branch_datetime_operator']) retrieved from /home/airflow/.local/lib/python3.7/site-packages/airflow/example_dags/example_branch_datetime_operator.py
[2025-09-02T16:17:55.619+0000] {logging_mixin.py:150} INFO - [2025-09-02T16:17:55.619+0000] {dag.py:2742} INFO - Sync 3 DAGs
[2025-09-02T16:17:55.645+0000] {logging_mixin.py:150} INFO - [2025-09-02T16:17:55.645+0000] {dag.py:3508} INFO - Setting next_dagrun for example_branch_datetime_operator to 2025-09-01T00:00:00+00:00, run_after=2025-09-02T00:00:00+00:00
[2025-09-02T16:17:55.651+0000] {logging_mixin.py:150} INFO - [2025-09-02T16:17:55.651+0000] {dag.py:3508} INFO - Setting next_dagrun for example_branch_datetime_operator_2 to 2025-09-01T00:00:00+00:00, run_after=2025-09-02T00:00:00+00:00
[2025-09-02T16:17:55.654+0000] {logging_mixin.py:150} INFO - [2025-09-02T16:17:55.654+0000] {dag.py:3508} INFO - Setting next_dagrun for example_branch_datetime_operator_3 to 2025-09-01T00:00:00+00:00, run_after=2025-09-02T00:00:00+00:00
[2025-09-02T16:17:55.676+0000] {processor.py:179} INFO - Processing /home/airflow/.local/lib/python3.7/site-packages/airflow/example_dags/example_branch_datetime_operator.py took 0.101 seconds
[2025-09-02T16:18:25.764+0000] {processor.py:157} INFO - Started process (PID=696) to work on /home/airflow/.local/lib/python3.7/site-packages/airflow/example_dags/example_branch_datetime_operator.py
[2025-09-02T16:18:25.765+0000] {processor.py:826} INFO - Processing file /home/airflow/.local/lib/python3.7/site-packages/airflow/example_dags/example_branch_datetime_operator.py for tasks to queue
[2025-09-02T16:18:25.766+0000] {logging_mixin.py:150} INFO - [2025-09-02T16:18:25.766+0000] {dagbag.py:541} INFO - Filling up the DagBag from /home/airflow/.local/lib/python3.7/site-packages/airflow/example_dags/example_branch_datetime_operator.py
[2025-09-02T16:18:25.776+0000] {processor.py:836} INFO - DAG(s) dict_keys(['example_branch_datetime_operator', 'example_branch_datetime_operator_3', 'example_branch_datetime_operator_2']) retrieved from /home/airflow/.local/lib/python3.7/site-packages/airflow/example_dags/example_branch_datetime_operator.py
[2025-09-02T16:18:25.817+0000] {logging_mixin.py:150} INFO - [2025-09-02T16:18:25.817+0000] {dag.py:2742} INFO - Sync 3 DAGs
[2025-09-02T16:18:25.856+0000] {logging_mixin.py:150} INFO - [2025-09-02T16:18:25.855+0000] {dag.py:3508} INFO - Setting next_dagrun for example_branch_datetime_operator to 2025-09-01T00:00:00+00:00, run_after=2025-09-02T00:00:00+00:00
[2025-09-02T16:18:25.865+0000] {logging_mixin.py:150} INFO - [2025-09-02T16:18:25.864+0000] {dag.py:3508} INFO - Setting next_dagrun for example_branch_datetime_operator_2 to 2025-09-01T00:00:00+00:00, run_after=2025-09-02T00:00:00+00:00
[2025-09-02T16:18:25.869+0000] {logging_mixin.py:150} INFO - [2025-09-02T16:18:25.869+0000] {dag.py:3508} INFO - Setting next_dagrun for example_branch_datetime_operator_3 to 2025-09-01T00:00:00+00:00, run_after=2025-09-02T00:00:00+00:00
[2025-09-02T16:18:25.891+0000] {processor.py:179} INFO - Processing /home/airflow/.local/lib/python3.7/site-packages/airflow/example_dags/example_branch_datetime_operator.py took 0.133 seconds
[2025-09-02T16:18:56.202+0000] {processor.py:157} INFO - Started process (PID=756) to work on /home/airflow/.local/lib/python3.7/site-packages/airflow/example_dags/example_branch_datetime_operator.py
[2025-09-02T16:18:56.203+0000] {processor.py:826} INFO - Processing file /home/airflow/.local/lib/python3.7/site-packages/airflow/example_dags/example_branch_datetime_operator.py for tasks to queue
[2025-09-02T16:18:56.203+0000] {logging_mixin.py:150} INFO - [2025-09-02T16:18:56.203+0000] {dagbag.py:541} INFO - Filling up the DagBag from /home/airflow/.local/lib/python3.7/site-packages/airflow/example_dags/example_branch_datetime_operator.py
[2025-09-02T16:18:56.210+0000] {processor.py:836} INFO - DAG(s) dict_keys(['example_branch_datetime_operator_2', 'example_branch_datetime_operator_3', 'example_branch_datetime_operator']) retrieved from /home/airflow/.local/lib/python3.7/site-packages/airflow/example_dags/example_branch_datetime_operator.py
[2025-09-02T16:18:56.239+0000] {logging_mixin.py:150} INFO - [2025-09-02T16:18:56.239+0000] {dag.py:2742} INFO - Sync 3 DAGs
[2025-09-02T16:18:56.268+0000] {logging_mixin.py:150} INFO - [2025-09-02T16:18:56.268+0000] {dag.py:3508} INFO - Setting next_dagrun for example_branch_datetime_operator to 2025-09-01T00:00:00+00:00, run_after=2025-09-02T00:00:00+00:00
[2025-09-02T16:18:56.275+0000] {logging_mixin.py:150} INFO - [2025-09-02T16:18:56.275+0000] {dag.py:3508} INFO - Setting next_dagrun for example_branch_datetime_operator_2 to 2025-09-01T00:00:00+00:00, run_after=2025-09-02T00:00:00+00:00
[2025-09-02T16:18:56.280+0000] {logging_mixin.py:150} INFO - [2025-09-02T16:18:56.280+0000] {dag.py:3508} INFO - Setting next_dagrun for example_branch_datetime_operator_3 to 2025-09-01T00:00:00+00:00, run_after=2025-09-02T00:00:00+00:00
[2025-09-02T16:18:56.303+0000] {processor.py:179} INFO - Processing /home/airflow/.local/lib/python3.7/site-packages/airflow/example_dags/example_branch_datetime_operator.py took 0.104 seconds
[2025-09-02T16:19:28.182+0000] {processor.py:157} INFO - Started process (PID=816) to work on /home/airflow/.local/lib/python3.7/site-packages/airflow/example_dags/example_branch_datetime_operator.py
[2025-09-02T16:19:28.184+0000] {processor.py:826} INFO - Processing file /home/airflow/.local/lib/python3.7/site-packages/airflow/example_dags/example_branch_datetime_operator.py for tasks to queue
[2025-09-02T16:19:28.185+0000] {logging_mixin.py:150} INFO - [2025-09-02T16:19:28.185+0000] {dagbag.py:541} INFO - Filling up the DagBag from /home/airflow/.local/lib/python3.7/site-packages/airflow/example_dags/example_branch_datetime_operator.py
[2025-09-02T16:19:28.196+0000] {processor.py:836} INFO - DAG(s) dict_keys(['example_branch_datetime_operator', 'example_branch_datetime_operator_2', 'example_branch_datetime_operator_3']) retrieved from /home/airflow/.local/lib/python3.7/site-packages/airflow/example_dags/example_branch_datetime_operator.py
[2025-09-02T16:19:28.234+0000] {logging_mixin.py:150} INFO - [2025-09-02T16:19:28.234+0000] {dag.py:2742} INFO - Sync 3 DAGs
[2025-09-02T16:19:28.271+0000] {logging_mixin.py:150} INFO - [2025-09-02T16:19:28.270+0000] {dag.py:3508} INFO - Setting next_dagrun for example_branch_datetime_operator to 2025-09-01T00:00:00+00:00, run_after=2025-09-02T00:00:00+00:00
[2025-09-02T16:19:28.280+0000] {logging_mixin.py:150} INFO - [2025-09-02T16:19:28.280+0000] {dag.py:3508} INFO - Setting next_dagrun for example_branch_datetime_operator_2 to 2025-09-01T00:00:00+00:00, run_after=2025-09-02T00:00:00+00:00
[2025-09-02T16:19:28.284+0000] {logging_mixin.py:150} INFO - [2025-09-02T16:19:28.284+0000] {dag.py:3508} INFO - Setting next_dagrun for example_branch_datetime_operator_3 to 2025-09-01T00:00:00+00:00, run_after=2025-09-02T00:00:00+00:00
[2025-09-02T16:19:28.305+0000] {processor.py:179} INFO - Processing /home/airflow/.local/lib/python3.7/site-packages/airflow/example_dags/example_branch_datetime_operator.py took 0.128 seconds
[2025-09-02T16:19:59.989+0000] {processor.py:157} INFO - Started process (PID=877) to work on /home/airflow/.local/lib/python3.7/site-packages/airflow/example_dags/example_branch_datetime_operator.py
[2025-09-02T16:19:59.990+0000] {processor.py:826} INFO - Processing file /home/airflow/.local/lib/python3.7/site-packages/airflow/example_dags/example_branch_datetime_operator.py for tasks to queue
[2025-09-02T16:19:59.992+0000] {logging_mixin.py:150} INFO - [2025-09-02T16:19:59.991+0000] {dagbag.py:541} INFO - Filling up the DagBag from /home/airflow/.local/lib/python3.7/site-packages/airflow/example_dags/example_branch_datetime_operator.py
[2025-09-02T16:20:00.007+0000] {processor.py:836} INFO - DAG(s) dict_keys(['example_branch_datetime_operator_2', 'example_branch_datetime_operator', 'example_branch_datetime_operator_3']) retrieved from /home/airflow/.local/lib/python3.7/site-packages/airflow/example_dags/example_branch_datetime_operator.py
[2025-09-02T16:20:00.072+0000] {logging_mixin.py:150} INFO - [2025-09-02T16:20:00.072+0000] {dag.py:2742} INFO - Sync 3 DAGs
[2025-09-02T16:20:00.121+0000] {logging_mixin.py:150} INFO - [2025-09-02T16:20:00.121+0000] {dag.py:3508} INFO - Setting next_dagrun for example_branch_datetime_operator to 2025-09-01T00:00:00+00:00, run_after=2025-09-02T00:00:00+00:00
[2025-09-02T16:20:00.136+0000] {logging_mixin.py:150} INFO - [2025-09-02T16:20:00.135+0000] {dag.py:3508} INFO - Setting next_dagrun for example_branch_datetime_operator_2 to 2025-09-01T00:00:00+00:00, run_after=2025-09-02T00:00:00+00:00
[2025-09-02T16:20:00.143+0000] {logging_mixin.py:150} INFO - [2025-09-02T16:20:00.142+0000] {dag.py:3508} INFO - Setting next_dagrun for example_branch_datetime_operator_3 to 2025-09-01T00:00:00+00:00, run_after=2025-09-02T00:00:00+00:00
[2025-09-02T16:20:00.184+0000] {processor.py:179} INFO - Processing /home/airflow/.local/lib/python3.7/site-packages/airflow/example_dags/example_branch_datetime_operator.py took 0.201 seconds
[2025-09-02T16:20:30.890+0000] {processor.py:157} INFO - Started process (PID=937) to work on /home/airflow/.local/lib/python3.7/site-packages/airflow/example_dags/example_branch_datetime_operator.py
[2025-09-02T16:20:30.891+0000] {processor.py:826} INFO - Processing file /home/airflow/.local/lib/python3.7/site-packages/airflow/example_dags/example_branch_datetime_operator.py for tasks to queue
[2025-09-02T16:20:30.892+0000] {logging_mixin.py:150} INFO - [2025-09-02T16:20:30.892+0000] {dagbag.py:541} INFO - Filling up the DagBag from /home/airflow/.local/lib/python3.7/site-packages/airflow/example_dags/example_branch_datetime_operator.py
[2025-09-02T16:20:30.903+0000] {processor.py:836} INFO - DAG(s) dict_keys(['example_branch_datetime_operator_3', 'example_branch_datetime_operator', 'example_branch_datetime_operator_2']) retrieved from /home/airflow/.local/lib/python3.7/site-packages/airflow/example_dags/example_branch_datetime_operator.py
[2025-09-02T16:20:30.949+0000] {logging_mixin.py:150} INFO - [2025-09-02T16:20:30.948+0000] {dag.py:2742} INFO - Sync 3 DAGs
[2025-09-02T16:20:30.986+0000] {logging_mixin.py:150} INFO - [2025-09-02T16:20:30.986+0000] {dag.py:3508} INFO - Setting next_dagrun for example_branch_datetime_operator to 2025-09-01T00:00:00+00:00, run_after=2025-09-02T00:00:00+00:00
[2025-09-02T16:20:30.996+0000] {logging_mixin.py:150} INFO - [2025-09-02T16:20:30.996+0000] {dag.py:3508} INFO - Setting next_dagrun for example_branch_datetime_operator_2 to 2025-09-01T00:00:00+00:00, run_after=2025-09-02T00:00:00+00:00
[2025-09-02T16:20:31.001+0000] {logging_mixin.py:150} INFO - [2025-09-02T16:20:31.000+0000] {dag.py:3508} INFO - Setting next_dagrun for example_branch_datetime_operator_3 to 2025-09-01T00:00:00+00:00, run_after=2025-09-02T00:00:00+00:00
[2025-09-02T16:20:31.028+0000] {processor.py:179} INFO - Processing /home/airflow/.local/lib/python3.7/site-packages/airflow/example_dags/example_branch_datetime_operator.py took 0.141 seconds
[2025-09-02T16:21:02.239+0000] {processor.py:157} INFO - Started process (PID=997) to work on /home/airflow/.local/lib/python3.7/site-packages/airflow/example_dags/example_branch_datetime_operator.py
[2025-09-02T16:21:02.240+0000] {processor.py:826} INFO - Processing file /home/airflow/.local/lib/python3.7/site-packages/airflow/example_dags/example_branch_datetime_operator.py for tasks to queue
[2025-09-02T16:21:02.241+0000] {logging_mixin.py:150} INFO - [2025-09-02T16:21:02.241+0000] {dagbag.py:541} INFO - Filling up the DagBag from /home/airflow/.local/lib/python3.7/site-packages/airflow/example_dags/example_branch_datetime_operator.py
[2025-09-02T16:21:02.252+0000] {processor.py:836} INFO - DAG(s) dict_keys(['example_branch_datetime_operator_2', 'example_branch_datetime_operator_3', 'example_branch_datetime_operator']) retrieved from /home/airflow/.local/lib/python3.7/site-packages/airflow/example_dags/example_branch_datetime_operator.py
[2025-09-02T16:21:02.296+0000] {logging_mixin.py:150} INFO - [2025-09-02T16:21:02.296+0000] {dag.py:2742} INFO - Sync 3 DAGs
[2025-09-02T16:21:02.332+0000] {logging_mixin.py:150} INFO - [2025-09-02T16:21:02.332+0000] {dag.py:3508} INFO - Setting next_dagrun for example_branch_datetime_operator to 2025-09-01T00:00:00+00:00, run_after=2025-09-02T00:00:00+00:00
[2025-09-02T16:21:02.341+0000] {logging_mixin.py:150} INFO - [2025-09-02T16:21:02.341+0000] {dag.py:3508} INFO - Setting next_dagrun for example_branch_datetime_operator_2 to 2025-09-01T00:00:00+00:00, run_after=2025-09-02T00:00:00+00:00
[2025-09-02T16:21:02.345+0000] {logging_mixin.py:150} INFO - [2025-09-02T16:21:02.345+0000] {dag.py:3508} INFO - Setting next_dagrun for example_branch_datetime_operator_3 to 2025-09-01T00:00:00+00:00, run_after=2025-09-02T00:00:00+00:00
[2025-09-02T16:21:02.368+0000] {processor.py:179} INFO - Processing /home/airflow/.local/lib/python3.7/site-packages/airflow/example_dags/example_branch_datetime_operator.py took 0.135 seconds
[2025-09-02T16:21:33.272+0000] {processor.py:157} INFO - Started process (PID=1057) to work on /home/airflow/.local/lib/python3.7/site-packages/airflow/example_dags/example_branch_datetime_operator.py
[2025-09-02T16:21:33.273+0000] {processor.py:826} INFO - Processing file /home/airflow/.local/lib/python3.7/site-packages/airflow/example_dags/example_branch_datetime_operator.py for tasks to queue
[2025-09-02T16:21:33.275+0000] {logging_mixin.py:150} INFO - [2025-09-02T16:21:33.274+0000] {dagbag.py:541} INFO - Filling up the DagBag from /home/airflow/.local/lib/python3.7/site-packages/airflow/example_dags/example_branch_datetime_operator.py
[2025-09-02T16:21:33.285+0000] {processor.py:836} INFO - DAG(s) dict_keys(['example_branch_datetime_operator_3', 'example_branch_datetime_operator', 'example_branch_datetime_operator_2']) retrieved from /home/airflow/.local/lib/python3.7/site-packages/airflow/example_dags/example_branch_datetime_operator.py
[2025-09-02T16:21:33.322+0000] {logging_mixin.py:150} INFO - [2025-09-02T16:21:33.322+0000] {dag.py:2742} INFO - Sync 3 DAGs
[2025-09-02T16:21:33.360+0000] {logging_mixin.py:150} INFO - [2025-09-02T16:21:33.360+0000] {dag.py:3508} INFO - Setting next_dagrun for example_branch_datetime_operator to 2025-09-01T00:00:00+00:00, run_after=2025-09-02T00:00:00+00:00
[2025-09-02T16:21:33.368+0000] {logging_mixin.py:150} INFO - [2025-09-02T16:21:33.368+0000] {dag.py:3508} INFO - Setting next_dagrun for example_branch_datetime_operator_2 to 2025-09-01T00:00:00+00:00, run_after=2025-09-02T00:00:00+00:00
[2025-09-02T16:21:33.372+0000] {logging_mixin.py:150} INFO - [2025-09-02T16:21:33.371+0000] {dag.py:3508} INFO - Setting next_dagrun for example_branch_datetime_operator_3 to 2025-09-01T00:00:00+00:00, run_after=2025-09-02T00:00:00+00:00
[2025-09-02T16:21:33.394+0000] {processor.py:179} INFO - Processing /home/airflow/.local/lib/python3.7/site-packages/airflow/example_dags/example_branch_datetime_operator.py took 0.128 seconds
[2025-09-02T16:22:04.961+0000] {processor.py:157} INFO - Started process (PID=1117) to work on /home/airflow/.local/lib/python3.7/site-packages/airflow/example_dags/example_branch_datetime_operator.py
[2025-09-02T16:22:04.962+0000] {processor.py:826} INFO - Processing file /home/airflow/.local/lib/python3.7/site-packages/airflow/example_dags/example_branch_datetime_operator.py for tasks to queue
[2025-09-02T16:22:04.963+0000] {logging_mixin.py:150} INFO - [2025-09-02T16:22:04.962+0000] {dagbag.py:541} INFO - Filling up the DagBag from /home/airflow/.local/lib/python3.7/site-packages/airflow/example_dags/example_branch_datetime_operator.py
[2025-09-02T16:22:04.973+0000] {processor.py:836} INFO - DAG(s) dict_keys(['example_branch_datetime_operator', 'example_branch_datetime_operator_2', 'example_branch_datetime_operator_3']) retrieved from /home/airflow/.local/lib/python3.7/site-packages/airflow/example_dags/example_branch_datetime_operator.py
[2025-09-02T16:22:05.015+0000] {logging_mixin.py:150} INFO - [2025-09-02T16:22:05.015+0000] {dag.py:2742} INFO - Sync 3 DAGs
[2025-09-02T16:22:05.054+0000] {logging_mixin.py:150} INFO - [2025-09-02T16:22:05.054+0000] {dag.py:3508} INFO - Setting next_dagrun for example_branch_datetime_operator to 2025-09-01T00:00:00+00:00, run_after=2025-09-02T00:00:00+00:00
[2025-09-02T16:22:05.062+0000] {logging_mixin.py:150} INFO - [2025-09-02T16:22:05.062+0000] {dag.py:3508} INFO - Setting next_dagrun for example_branch_datetime_operator_2 to 2025-09-01T00:00:00+00:00, run_after=2025-09-02T00:00:00+00:00
[2025-09-02T16:22:05.066+0000] {logging_mixin.py:150} INFO - [2025-09-02T16:22:05.066+0000] {dag.py:3508} INFO - Setting next_dagrun for example_branch_datetime_operator_3 to 2025-09-01T00:00:00+00:00, run_after=2025-09-02T00:00:00+00:00
[2025-09-02T16:22:05.089+0000] {processor.py:179} INFO - Processing /home/airflow/.local/lib/python3.7/site-packages/airflow/example_dags/example_branch_datetime_operator.py took 0.132 seconds
[2025-09-02T16:22:36.251+0000] {processor.py:157} INFO - Started process (PID=1177) to work on /home/airflow/.local/lib/python3.7/site-packages/airflow/example_dags/example_branch_datetime_operator.py
[2025-09-02T16:22:36.253+0000] {processor.py:826} INFO - Processing file /home/airflow/.local/lib/python3.7/site-packages/airflow/example_dags/example_branch_datetime_operator.py for tasks to queue
[2025-09-02T16:22:36.254+0000] {logging_mixin.py:150} INFO - [2025-09-02T16:22:36.253+0000] {dagbag.py:541} INFO - Filling up the DagBag from /home/airflow/.local/lib/python3.7/site-packages/airflow/example_dags/example_branch_datetime_operator.py
[2025-09-02T16:22:36.265+0000] {processor.py:836} INFO - DAG(s) dict_keys(['example_branch_datetime_operator_3', 'example_branch_datetime_operator_2', 'example_branch_datetime_operator']) retrieved from /home/airflow/.local/lib/python3.7/site-packages/airflow/example_dags/example_branch_datetime_operator.py
[2025-09-02T16:22:36.308+0000] {logging_mixin.py:150} INFO - [2025-09-02T16:22:36.307+0000] {dag.py:2742} INFO - Sync 3 DAGs
[2025-09-02T16:22:36.351+0000] {logging_mixin.py:150} INFO - [2025-09-02T16:22:36.351+0000] {dag.py:3508} INFO - Setting next_dagrun for example_branch_datetime_operator to 2025-09-01T00:00:00+00:00, run_after=2025-09-02T00:00:00+00:00
[2025-09-02T16:22:36.361+0000] {logging_mixin.py:150} INFO - [2025-09-02T16:22:36.361+0000] {dag.py:3508} INFO - Setting next_dagrun for example_branch_datetime_operator_2 to 2025-09-01T00:00:00+00:00, run_after=2025-09-02T00:00:00+00:00
[2025-09-02T16:22:36.367+0000] {logging_mixin.py:150} INFO - [2025-09-02T16:22:36.366+0000] {dag.py:3508} INFO - Setting next_dagrun for example_branch_datetime_operator_3 to 2025-09-01T00:00:00+00:00, run_after=2025-09-02T00:00:00+00:00
[2025-09-02T16:22:36.396+0000] {processor.py:179} INFO - Processing /home/airflow/.local/lib/python3.7/site-packages/airflow/example_dags/example_branch_datetime_operator.py took 0.150 seconds
[2025-09-02T16:23:07.553+0000] {processor.py:157} INFO - Started process (PID=1243) to work on /home/airflow/.local/lib/python3.7/site-packages/airflow/example_dags/example_branch_datetime_operator.py
[2025-09-02T16:23:07.554+0000] {processor.py:826} INFO - Processing file /home/airflow/.local/lib/python3.7/site-packages/airflow/example_dags/example_branch_datetime_operator.py for tasks to queue
[2025-09-02T16:23:07.556+0000] {logging_mixin.py:150} INFO - [2025-09-02T16:23:07.555+0000] {dagbag.py:541} INFO - Filling up the DagBag from /home/airflow/.local/lib/python3.7/site-packages/airflow/example_dags/example_branch_datetime_operator.py
[2025-09-02T16:23:07.567+0000] {processor.py:836} INFO - DAG(s) dict_keys(['example_branch_datetime_operator', 'example_branch_datetime_operator_2', 'example_branch_datetime_operator_3']) retrieved from /home/airflow/.local/lib/python3.7/site-packages/airflow/example_dags/example_branch_datetime_operator.py
[2025-09-02T16:23:07.607+0000] {logging_mixin.py:150} INFO - [2025-09-02T16:23:07.607+0000] {dag.py:2742} INFO - Sync 3 DAGs
[2025-09-02T16:23:07.648+0000] {logging_mixin.py:150} INFO - [2025-09-02T16:23:07.648+0000] {dag.py:3508} INFO - Setting next_dagrun for example_branch_datetime_operator to 2025-09-01T00:00:00+00:00, run_after=2025-09-02T00:00:00+00:00
[2025-09-02T16:23:07.657+0000] {logging_mixin.py:150} INFO - [2025-09-02T16:23:07.657+0000] {dag.py:3508} INFO - Setting next_dagrun for example_branch_datetime_operator_2 to 2025-09-01T00:00:00+00:00, run_after=2025-09-02T00:00:00+00:00
[2025-09-02T16:23:07.661+0000] {logging_mixin.py:150} INFO - [2025-09-02T16:23:07.661+0000] {dag.py:3508} INFO - Setting next_dagrun for example_branch_datetime_operator_3 to 2025-09-01T00:00:00+00:00, run_after=2025-09-02T00:00:00+00:00
[2025-09-02T16:23:07.685+0000] {processor.py:179} INFO - Processing /home/airflow/.local/lib/python3.7/site-packages/airflow/example_dags/example_branch_datetime_operator.py took 0.138 seconds
[2025-09-02T16:23:38.283+0000] {processor.py:157} INFO - Started process (PID=1303) to work on /home/airflow/.local/lib/python3.7/site-packages/airflow/example_dags/example_branch_datetime_operator.py
[2025-09-02T16:23:38.285+0000] {processor.py:826} INFO - Processing file /home/airflow/.local/lib/python3.7/site-packages/airflow/example_dags/example_branch_datetime_operator.py for tasks to queue
[2025-09-02T16:23:38.286+0000] {logging_mixin.py:150} INFO - [2025-09-02T16:23:38.285+0000] {dagbag.py:541} INFO - Filling up the DagBag from /home/airflow/.local/lib/python3.7/site-packages/airflow/example_dags/example_branch_datetime_operator.py
[2025-09-02T16:23:38.300+0000] {processor.py:836} INFO - DAG(s) dict_keys(['example_branch_datetime_operator', 'example_branch_datetime_operator_3', 'example_branch_datetime_operator_2']) retrieved from /home/airflow/.local/lib/python3.7/site-packages/airflow/example_dags/example_branch_datetime_operator.py
[2025-09-02T16:23:38.343+0000] {logging_mixin.py:150} INFO - [2025-09-02T16:23:38.342+0000] {dag.py:2742} INFO - Sync 3 DAGs
[2025-09-02T16:23:38.379+0000] {logging_mixin.py:150} INFO - [2025-09-02T16:23:38.378+0000] {dag.py:3508} INFO - Setting next_dagrun for example_branch_datetime_operator to 2025-09-01T00:00:00+00:00, run_after=2025-09-02T00:00:00+00:00
[2025-09-02T16:23:38.389+0000] {logging_mixin.py:150} INFO - [2025-09-02T16:23:38.389+0000] {dag.py:3508} INFO - Setting next_dagrun for example_branch_datetime_operator_2 to 2025-09-01T00:00:00+00:00, run_after=2025-09-02T00:00:00+00:00
[2025-09-02T16:23:38.393+0000] {logging_mixin.py:150} INFO - [2025-09-02T16:23:38.393+0000] {dag.py:3508} INFO - Setting next_dagrun for example_branch_datetime_operator_3 to 2025-09-01T00:00:00+00:00, run_after=2025-09-02T00:00:00+00:00
[2025-09-02T16:23:38.415+0000] {processor.py:179} INFO - Processing /home/airflow/.local/lib/python3.7/site-packages/airflow/example_dags/example_branch_datetime_operator.py took 0.136 seconds
[2025-09-02T16:24:09.700+0000] {processor.py:157} INFO - Started process (PID=1364) to work on /home/airflow/.local/lib/python3.7/site-packages/airflow/example_dags/example_branch_datetime_operator.py
[2025-09-02T16:24:09.701+0000] {processor.py:826} INFO - Processing file /home/airflow/.local/lib/python3.7/site-packages/airflow/example_dags/example_branch_datetime_operator.py for tasks to queue
[2025-09-02T16:24:09.702+0000] {logging_mixin.py:150} INFO - [2025-09-02T16:24:09.702+0000] {dagbag.py:541} INFO - Filling up the DagBag from /home/airflow/.local/lib/python3.7/site-packages/airflow/example_dags/example_branch_datetime_operator.py
[2025-09-02T16:24:09.712+0000] {processor.py:836} INFO - DAG(s) dict_keys(['example_branch_datetime_operator_2', 'example_branch_datetime_operator', 'example_branch_datetime_operator_3']) retrieved from /home/airflow/.local/lib/python3.7/site-packages/airflow/example_dags/example_branch_datetime_operator.py
[2025-09-02T16:24:09.756+0000] {logging_mixin.py:150} INFO - [2025-09-02T16:24:09.756+0000] {dag.py:2742} INFO - Sync 3 DAGs
[2025-09-02T16:24:09.792+0000] {logging_mixin.py:150} INFO - [2025-09-02T16:24:09.791+0000] {dag.py:3508} INFO - Setting next_dagrun for example_branch_datetime_operator to 2025-09-01T00:00:00+00:00, run_after=2025-09-02T00:00:00+00:00
[2025-09-02T16:24:09.802+0000] {logging_mixin.py:150} INFO - [2025-09-02T16:24:09.802+0000] {dag.py:3508} INFO - Setting next_dagrun for example_branch_datetime_operator_2 to 2025-09-01T00:00:00+00:00, run_after=2025-09-02T00:00:00+00:00
[2025-09-02T16:24:09.807+0000] {logging_mixin.py:150} INFO - [2025-09-02T16:24:09.806+0000] {dag.py:3508} INFO - Setting next_dagrun for example_branch_datetime_operator_3 to 2025-09-01T00:00:00+00:00, run_after=2025-09-02T00:00:00+00:00
[2025-09-02T16:24:09.831+0000] {processor.py:179} INFO - Processing /home/airflow/.local/lib/python3.7/site-packages/airflow/example_dags/example_branch_datetime_operator.py took 0.135 seconds
[2025-09-02T16:26:42.860+0000] {processor.py:157} INFO - Started process (PID=110) to work on /home/airflow/.local/lib/python3.7/site-packages/airflow/example_dags/example_branch_datetime_operator.py
[2025-09-02T16:26:42.866+0000] {processor.py:826} INFO - Processing file /home/airflow/.local/lib/python3.7/site-packages/airflow/example_dags/example_branch_datetime_operator.py for tasks to queue
[2025-09-02T16:26:42.867+0000] {logging_mixin.py:150} INFO - [2025-09-02T16:26:42.867+0000] {dagbag.py:541} INFO - Filling up the DagBag from /home/airflow/.local/lib/python3.7/site-packages/airflow/example_dags/example_branch_datetime_operator.py
[2025-09-02T16:26:42.924+0000] {processor.py:836} INFO - DAG(s) dict_keys(['example_branch_datetime_operator_3', 'example_branch_datetime_operator_2', 'example_branch_datetime_operator']) retrieved from /home/airflow/.local/lib/python3.7/site-packages/airflow/example_dags/example_branch_datetime_operator.py
[2025-09-02T16:26:43.034+0000] {logging_mixin.py:150} INFO - [2025-09-02T16:26:43.033+0000] {dag.py:2742} INFO - Sync 3 DAGs
[2025-09-02T16:26:43.131+0000] {logging_mixin.py:150} INFO - [2025-09-02T16:26:43.130+0000] {dag.py:3508} INFO - Setting next_dagrun for example_branch_datetime_operator to 2025-09-01T00:00:00+00:00, run_after=2025-09-02T00:00:00+00:00
[2025-09-02T16:26:43.151+0000] {logging_mixin.py:150} INFO - [2025-09-02T16:26:43.150+0000] {dag.py:3508} INFO - Setting next_dagrun for example_branch_datetime_operator_2 to 2025-09-01T00:00:00+00:00, run_after=2025-09-02T00:00:00+00:00
[2025-09-02T16:26:43.166+0000] {logging_mixin.py:150} INFO - [2025-09-02T16:26:43.165+0000] {dag.py:3508} INFO - Setting next_dagrun for example_branch_datetime_operator_3 to 2025-09-01T00:00:00+00:00, run_after=2025-09-02T00:00:00+00:00
[2025-09-02T16:26:43.265+0000] {processor.py:179} INFO - Processing /home/airflow/.local/lib/python3.7/site-packages/airflow/example_dags/example_branch_datetime_operator.py took 0.419 seconds
[2025-09-02T16:27:13.500+0000] {processor.py:157} INFO - Started process (PID=169) to work on /home/airflow/.local/lib/python3.7/site-packages/airflow/example_dags/example_branch_datetime_operator.py
[2025-09-02T16:27:13.501+0000] {processor.py:826} INFO - Processing file /home/airflow/.local/lib/python3.7/site-packages/airflow/example_dags/example_branch_datetime_operator.py for tasks to queue
[2025-09-02T16:27:13.503+0000] {logging_mixin.py:150} INFO - [2025-09-02T16:27:13.503+0000] {dagbag.py:541} INFO - Filling up the DagBag from /home/airflow/.local/lib/python3.7/site-packages/airflow/example_dags/example_branch_datetime_operator.py
[2025-09-02T16:27:13.517+0000] {processor.py:836} INFO - DAG(s) dict_keys(['example_branch_datetime_operator_2', 'example_branch_datetime_operator', 'example_branch_datetime_operator_3']) retrieved from /home/airflow/.local/lib/python3.7/site-packages/airflow/example_dags/example_branch_datetime_operator.py
[2025-09-02T16:27:13.558+0000] {logging_mixin.py:150} INFO - [2025-09-02T16:27:13.557+0000] {dag.py:2742} INFO - Sync 3 DAGs
[2025-09-02T16:27:13.594+0000] {logging_mixin.py:150} INFO - [2025-09-02T16:27:13.594+0000] {dag.py:3508} INFO - Setting next_dagrun for example_branch_datetime_operator to 2025-09-01T00:00:00+00:00, run_after=2025-09-02T00:00:00+00:00
[2025-09-02T16:27:13.603+0000] {logging_mixin.py:150} INFO - [2025-09-02T16:27:13.602+0000] {dag.py:3508} INFO - Setting next_dagrun for example_branch_datetime_operator_2 to 2025-09-01T00:00:00+00:00, run_after=2025-09-02T00:00:00+00:00
[2025-09-02T16:27:13.606+0000] {logging_mixin.py:150} INFO - [2025-09-02T16:27:13.606+0000] {dag.py:3508} INFO - Setting next_dagrun for example_branch_datetime_operator_3 to 2025-09-01T00:00:00+00:00, run_after=2025-09-02T00:00:00+00:00
[2025-09-02T16:27:13.639+0000] {processor.py:179} INFO - Processing /home/airflow/.local/lib/python3.7/site-packages/airflow/example_dags/example_branch_datetime_operator.py took 0.146 seconds
[2025-09-02T16:27:43.863+0000] {processor.py:157} INFO - Started process (PID=229) to work on /home/airflow/.local/lib/python3.7/site-packages/airflow/example_dags/example_branch_datetime_operator.py
[2025-09-02T16:27:43.865+0000] {processor.py:826} INFO - Processing file /home/airflow/.local/lib/python3.7/site-packages/airflow/example_dags/example_branch_datetime_operator.py for tasks to queue
[2025-09-02T16:27:43.866+0000] {logging_mixin.py:150} INFO - [2025-09-02T16:27:43.866+0000] {dagbag.py:541} INFO - Filling up the DagBag from /home/airflow/.local/lib/python3.7/site-packages/airflow/example_dags/example_branch_datetime_operator.py
[2025-09-02T16:27:43.878+0000] {processor.py:836} INFO - DAG(s) dict_keys(['example_branch_datetime_operator_2', 'example_branch_datetime_operator', 'example_branch_datetime_operator_3']) retrieved from /home/airflow/.local/lib/python3.7/site-packages/airflow/example_dags/example_branch_datetime_operator.py
[2025-09-02T16:27:43.923+0000] {logging_mixin.py:150} INFO - [2025-09-02T16:27:43.923+0000] {dag.py:2742} INFO - Sync 3 DAGs
[2025-09-02T16:27:43.964+0000] {logging_mixin.py:150} INFO - [2025-09-02T16:27:43.964+0000] {dag.py:3508} INFO - Setting next_dagrun for example_branch_datetime_operator to 2025-09-01T00:00:00+00:00, run_after=2025-09-02T00:00:00+00:00
[2025-09-02T16:27:43.974+0000] {logging_mixin.py:150} INFO - [2025-09-02T16:27:43.974+0000] {dag.py:3508} INFO - Setting next_dagrun for example_branch_datetime_operator_2 to 2025-09-01T00:00:00+00:00, run_after=2025-09-02T00:00:00+00:00
[2025-09-02T16:27:43.978+0000] {logging_mixin.py:150} INFO - [2025-09-02T16:27:43.978+0000] {dag.py:3508} INFO - Setting next_dagrun for example_branch_datetime_operator_3 to 2025-09-01T00:00:00+00:00, run_after=2025-09-02T00:00:00+00:00
[2025-09-02T16:27:44.007+0000] {processor.py:179} INFO - Processing /home/airflow/.local/lib/python3.7/site-packages/airflow/example_dags/example_branch_datetime_operator.py took 0.150 seconds
[2025-09-02T16:28:14.092+0000] {processor.py:157} INFO - Started process (PID=288) to work on /home/airflow/.local/lib/python3.7/site-packages/airflow/example_dags/example_branch_datetime_operator.py
[2025-09-02T16:28:14.094+0000] {processor.py:826} INFO - Processing file /home/airflow/.local/lib/python3.7/site-packages/airflow/example_dags/example_branch_datetime_operator.py for tasks to queue
[2025-09-02T16:28:14.117+0000] {logging_mixin.py:150} INFO - [2025-09-02T16:28:14.116+0000] {dagbag.py:541} INFO - Filling up the DagBag from /home/airflow/.local/lib/python3.7/site-packages/airflow/example_dags/example_branch_datetime_operator.py
[2025-09-02T16:28:14.131+0000] {processor.py:836} INFO - DAG(s) dict_keys(['example_branch_datetime_operator', 'example_branch_datetime_operator_2', 'example_branch_datetime_operator_3']) retrieved from /home/airflow/.local/lib/python3.7/site-packages/airflow/example_dags/example_branch_datetime_operator.py
[2025-09-02T16:28:14.177+0000] {logging_mixin.py:150} INFO - [2025-09-02T16:28:14.177+0000] {dag.py:2742} INFO - Sync 3 DAGs
[2025-09-02T16:28:14.217+0000] {logging_mixin.py:150} INFO - [2025-09-02T16:28:14.216+0000] {dag.py:3508} INFO - Setting next_dagrun for example_branch_datetime_operator to 2025-09-01T00:00:00+00:00, run_after=2025-09-02T00:00:00+00:00
[2025-09-02T16:28:14.225+0000] {logging_mixin.py:150} INFO - [2025-09-02T16:28:14.225+0000] {dag.py:3508} INFO - Setting next_dagrun for example_branch_datetime_operator_2 to 2025-09-01T00:00:00+00:00, run_after=2025-09-02T00:00:00+00:00
[2025-09-02T16:28:14.233+0000] {logging_mixin.py:150} INFO - [2025-09-02T16:28:14.233+0000] {dag.py:3508} INFO - Setting next_dagrun for example_branch_datetime_operator_3 to 2025-09-01T00:00:00+00:00, run_after=2025-09-02T00:00:00+00:00
[2025-09-02T16:28:14.262+0000] {processor.py:179} INFO - Processing /home/airflow/.local/lib/python3.7/site-packages/airflow/example_dags/example_branch_datetime_operator.py took 0.175 seconds
[2025-09-02T16:28:44.681+0000] {processor.py:157} INFO - Started process (PID=348) to work on /home/airflow/.local/lib/python3.7/site-packages/airflow/example_dags/example_branch_datetime_operator.py
[2025-09-02T16:28:44.682+0000] {processor.py:826} INFO - Processing file /home/airflow/.local/lib/python3.7/site-packages/airflow/example_dags/example_branch_datetime_operator.py for tasks to queue
[2025-09-02T16:28:44.683+0000] {logging_mixin.py:150} INFO - [2025-09-02T16:28:44.683+0000] {dagbag.py:541} INFO - Filling up the DagBag from /home/airflow/.local/lib/python3.7/site-packages/airflow/example_dags/example_branch_datetime_operator.py
[2025-09-02T16:28:44.694+0000] {processor.py:836} INFO - DAG(s) dict_keys(['example_branch_datetime_operator_3', 'example_branch_datetime_operator', 'example_branch_datetime_operator_2']) retrieved from /home/airflow/.local/lib/python3.7/site-packages/airflow/example_dags/example_branch_datetime_operator.py
[2025-09-02T16:28:44.734+0000] {logging_mixin.py:150} INFO - [2025-09-02T16:28:44.734+0000] {dag.py:2742} INFO - Sync 3 DAGs
[2025-09-02T16:28:44.773+0000] {logging_mixin.py:150} INFO - [2025-09-02T16:28:44.773+0000] {dag.py:3508} INFO - Setting next_dagrun for example_branch_datetime_operator to 2025-09-01T00:00:00+00:00, run_after=2025-09-02T00:00:00+00:00
[2025-09-02T16:28:44.783+0000] {logging_mixin.py:150} INFO - [2025-09-02T16:28:44.782+0000] {dag.py:3508} INFO - Setting next_dagrun for example_branch_datetime_operator_2 to 2025-09-01T00:00:00+00:00, run_after=2025-09-02T00:00:00+00:00
[2025-09-02T16:28:44.787+0000] {logging_mixin.py:150} INFO - [2025-09-02T16:28:44.786+0000] {dag.py:3508} INFO - Setting next_dagrun for example_branch_datetime_operator_3 to 2025-09-01T00:00:00+00:00, run_after=2025-09-02T00:00:00+00:00
[2025-09-02T16:28:44.809+0000] {processor.py:179} INFO - Processing /home/airflow/.local/lib/python3.7/site-packages/airflow/example_dags/example_branch_datetime_operator.py took 0.132 seconds
[2025-09-02T16:29:14.929+0000] {processor.py:157} INFO - Started process (PID=408) to work on /home/airflow/.local/lib/python3.7/site-packages/airflow/example_dags/example_branch_datetime_operator.py
[2025-09-02T16:29:14.930+0000] {processor.py:826} INFO - Processing file /home/airflow/.local/lib/python3.7/site-packages/airflow/example_dags/example_branch_datetime_operator.py for tasks to queue
[2025-09-02T16:29:14.933+0000] {logging_mixin.py:150} INFO - [2025-09-02T16:29:14.932+0000] {dagbag.py:541} INFO - Filling up the DagBag from /home/airflow/.local/lib/python3.7/site-packages/airflow/example_dags/example_branch_datetime_operator.py
[2025-09-02T16:29:14.946+0000] {processor.py:836} INFO - DAG(s) dict_keys(['example_branch_datetime_operator', 'example_branch_datetime_operator_3', 'example_branch_datetime_operator_2']) retrieved from /home/airflow/.local/lib/python3.7/site-packages/airflow/example_dags/example_branch_datetime_operator.py
[2025-09-02T16:29:14.992+0000] {logging_mixin.py:150} INFO - [2025-09-02T16:29:14.992+0000] {dag.py:2742} INFO - Sync 3 DAGs
[2025-09-02T16:29:15.042+0000] {logging_mixin.py:150} INFO - [2025-09-02T16:29:15.041+0000] {dag.py:3508} INFO - Setting next_dagrun for example_branch_datetime_operator to 2025-09-01T00:00:00+00:00, run_after=2025-09-02T00:00:00+00:00
[2025-09-02T16:29:15.052+0000] {logging_mixin.py:150} INFO - [2025-09-02T16:29:15.052+0000] {dag.py:3508} INFO - Setting next_dagrun for example_branch_datetime_operator_2 to 2025-09-01T00:00:00+00:00, run_after=2025-09-02T00:00:00+00:00
[2025-09-02T16:29:15.057+0000] {logging_mixin.py:150} INFO - [2025-09-02T16:29:15.057+0000] {dag.py:3508} INFO - Setting next_dagrun for example_branch_datetime_operator_3 to 2025-09-01T00:00:00+00:00, run_after=2025-09-02T00:00:00+00:00
[2025-09-02T16:29:15.086+0000] {processor.py:179} INFO - Processing /home/airflow/.local/lib/python3.7/site-packages/airflow/example_dags/example_branch_datetime_operator.py took 0.164 seconds
[2025-09-02T16:29:45.733+0000] {processor.py:157} INFO - Started process (PID=467) to work on /home/airflow/.local/lib/python3.7/site-packages/airflow/example_dags/example_branch_datetime_operator.py
[2025-09-02T16:29:45.734+0000] {processor.py:826} INFO - Processing file /home/airflow/.local/lib/python3.7/site-packages/airflow/example_dags/example_branch_datetime_operator.py for tasks to queue
[2025-09-02T16:29:45.735+0000] {logging_mixin.py:150} INFO - [2025-09-02T16:29:45.734+0000] {dagbag.py:541} INFO - Filling up the DagBag from /home/airflow/.local/lib/python3.7/site-packages/airflow/example_dags/example_branch_datetime_operator.py
[2025-09-02T16:29:45.745+0000] {processor.py:836} INFO - DAG(s) dict_keys(['example_branch_datetime_operator_3', 'example_branch_datetime_operator', 'example_branch_datetime_operator_2']) retrieved from /home/airflow/.local/lib/python3.7/site-packages/airflow/example_dags/example_branch_datetime_operator.py
[2025-09-02T16:29:45.786+0000] {logging_mixin.py:150} INFO - [2025-09-02T16:29:45.786+0000] {dag.py:2742} INFO - Sync 3 DAGs
[2025-09-02T16:29:45.822+0000] {logging_mixin.py:150} INFO - [2025-09-02T16:29:45.822+0000] {dag.py:3508} INFO - Setting next_dagrun for example_branch_datetime_operator to 2025-09-01T00:00:00+00:00, run_after=2025-09-02T00:00:00+00:00
[2025-09-02T16:29:45.830+0000] {logging_mixin.py:150} INFO - [2025-09-02T16:29:45.830+0000] {dag.py:3508} INFO - Setting next_dagrun for example_branch_datetime_operator_2 to 2025-09-01T00:00:00+00:00, run_after=2025-09-02T00:00:00+00:00
[2025-09-02T16:29:45.835+0000] {logging_mixin.py:150} INFO - [2025-09-02T16:29:45.834+0000] {dag.py:3508} INFO - Setting next_dagrun for example_branch_datetime_operator_3 to 2025-09-01T00:00:00+00:00, run_after=2025-09-02T00:00:00+00:00
[2025-09-02T16:29:45.861+0000] {processor.py:179} INFO - Processing /home/airflow/.local/lib/python3.7/site-packages/airflow/example_dags/example_branch_datetime_operator.py took 0.132 seconds
[2025-09-02T16:30:15.979+0000] {processor.py:157} INFO - Started process (PID=528) to work on /home/airflow/.local/lib/python3.7/site-packages/airflow/example_dags/example_branch_datetime_operator.py
[2025-09-02T16:30:15.980+0000] {processor.py:826} INFO - Processing file /home/airflow/.local/lib/python3.7/site-packages/airflow/example_dags/example_branch_datetime_operator.py for tasks to queue
[2025-09-02T16:30:15.982+0000] {logging_mixin.py:150} INFO - [2025-09-02T16:30:15.981+0000] {dagbag.py:541} INFO - Filling up the DagBag from /home/airflow/.local/lib/python3.7/site-packages/airflow/example_dags/example_branch_datetime_operator.py
[2025-09-02T16:30:15.995+0000] {processor.py:836} INFO - DAG(s) dict_keys(['example_branch_datetime_operator', 'example_branch_datetime_operator_2', 'example_branch_datetime_operator_3']) retrieved from /home/airflow/.local/lib/python3.7/site-packages/airflow/example_dags/example_branch_datetime_operator.py
[2025-09-02T16:30:16.029+0000] {logging_mixin.py:150} INFO - [2025-09-02T16:30:16.028+0000] {dag.py:2742} INFO - Sync 3 DAGs
[2025-09-02T16:30:16.060+0000] {logging_mixin.py:150} INFO - [2025-09-02T16:30:16.059+0000] {dag.py:3508} INFO - Setting next_dagrun for example_branch_datetime_operator to 2025-09-01T00:00:00+00:00, run_after=2025-09-02T00:00:00+00:00
[2025-09-02T16:30:16.066+0000] {logging_mixin.py:150} INFO - [2025-09-02T16:30:16.066+0000] {dag.py:3508} INFO - Setting next_dagrun for example_branch_datetime_operator_2 to 2025-09-01T00:00:00+00:00, run_after=2025-09-02T00:00:00+00:00
[2025-09-02T16:30:16.069+0000] {logging_mixin.py:150} INFO - [2025-09-02T16:30:16.069+0000] {dag.py:3508} INFO - Setting next_dagrun for example_branch_datetime_operator_3 to 2025-09-01T00:00:00+00:00, run_after=2025-09-02T00:00:00+00:00
[2025-09-02T16:30:16.087+0000] {processor.py:179} INFO - Processing /home/airflow/.local/lib/python3.7/site-packages/airflow/example_dags/example_branch_datetime_operator.py took 0.114 seconds
