[2025-09-02T16:13:04.757+0000] {processor.py:157} INFO - Started process (PID=79) to work on /home/airflow/.local/lib/python3.7/site-packages/airflow/example_dags/example_params_ui_tutorial.py
[2025-09-02T16:13:04.758+0000] {processor.py:826} INFO - Processing file /home/airflow/.local/lib/python3.7/site-packages/airflow/example_dags/example_params_ui_tutorial.py for tasks to queue
[2025-09-02T16:13:04.759+0000] {logging_mixin.py:150} INFO - [2025-09-02T16:13:04.758+0000] {dagbag.py:541} INFO - Filling up the DagBag from /home/airflow/.local/lib/python3.7/site-packages/airflow/example_dags/example_params_ui_tutorial.py
[2025-09-02T16:13:04.792+0000] {processor.py:836} INFO - DAG(s) dict_keys(['example_params_ui_tutorial']) retrieved from /home/airflow/.local/lib/python3.7/site-packages/airflow/example_dags/example_params_ui_tutorial.py
[2025-09-02T16:13:04.919+0000] {logging_mixin.py:150} INFO - [2025-09-02T16:13:04.918+0000] {manager.py:504} INFO - Created Permission View: can read on DAG:example_params_ui_tutorial
[2025-09-02T16:13:04.930+0000] {logging_mixin.py:150} INFO - [2025-09-02T16:13:04.929+0000] {manager.py:504} INFO - Created Permission View: can edit on DAG:example_params_ui_tutorial
[2025-09-02T16:13:04.937+0000] {logging_mixin.py:150} INFO - [2025-09-02T16:13:04.936+0000] {manager.py:504} INFO - Created Permission View: can delete on DAG:example_params_ui_tutorial
[2025-09-02T16:13:04.954+0000] {logging_mixin.py:150} INFO - [2025-09-02T16:13:04.953+0000] {dag.py:2742} INFO - Sync 1 DAGs
[2025-09-02T16:13:04.965+0000] {logging_mixin.py:150} INFO - [2025-09-02T16:13:04.965+0000] {dag.py:2763} INFO - Creating ORM DAG for example_params_ui_tutorial
[2025-09-02T16:13:04.978+0000] {logging_mixin.py:150} INFO - [2025-09-02T16:13:04.978+0000] {dag.py:3508} INFO - Setting next_dagrun for example_params_ui_tutorial to None, run_after=None
[2025-09-02T16:13:05.013+0000] {processor.py:179} INFO - Processing /home/airflow/.local/lib/python3.7/site-packages/airflow/example_dags/example_params_ui_tutorial.py took 0.260 seconds
[2025-09-02T16:13:35.619+0000] {processor.py:157} INFO - Started process (PID=139) to work on /home/airflow/.local/lib/python3.7/site-packages/airflow/example_dags/example_params_ui_tutorial.py
[2025-09-02T16:13:35.621+0000] {processor.py:826} INFO - Processing file /home/airflow/.local/lib/python3.7/site-packages/airflow/example_dags/example_params_ui_tutorial.py for tasks to queue
[2025-09-02T16:13:35.622+0000] {logging_mixin.py:150} INFO - [2025-09-02T16:13:35.622+0000] {dagbag.py:541} INFO - Filling up the DagBag from /home/airflow/.local/lib/python3.7/site-packages/airflow/example_dags/example_params_ui_tutorial.py
[2025-09-02T16:13:35.680+0000] {processor.py:836} INFO - DAG(s) dict_keys(['example_params_ui_tutorial']) retrieved from /home/airflow/.local/lib/python3.7/site-packages/airflow/example_dags/example_params_ui_tutorial.py
[2025-09-02T16:13:35.765+0000] {logging_mixin.py:150} INFO - [2025-09-02T16:13:35.764+0000] {dag.py:2742} INFO - Sync 1 DAGs
[2025-09-02T16:13:35.798+0000] {logging_mixin.py:150} INFO - [2025-09-02T16:13:35.798+0000] {dag.py:3508} INFO - Setting next_dagrun for example_params_ui_tutorial to None, run_after=None
[2025-09-02T16:13:35.827+0000] {processor.py:179} INFO - Processing /home/airflow/.local/lib/python3.7/site-packages/airflow/example_dags/example_params_ui_tutorial.py took 0.213 seconds
[2025-09-02T16:14:06.155+0000] {processor.py:157} INFO - Started process (PID=199) to work on /home/airflow/.local/lib/python3.7/site-packages/airflow/example_dags/example_params_ui_tutorial.py
[2025-09-02T16:14:06.156+0000] {processor.py:826} INFO - Processing file /home/airflow/.local/lib/python3.7/site-packages/airflow/example_dags/example_params_ui_tutorial.py for tasks to queue
[2025-09-02T16:14:06.157+0000] {logging_mixin.py:150} INFO - [2025-09-02T16:14:06.157+0000] {dagbag.py:541} INFO - Filling up the DagBag from /home/airflow/.local/lib/python3.7/site-packages/airflow/example_dags/example_params_ui_tutorial.py
[2025-09-02T16:14:06.202+0000] {processor.py:836} INFO - DAG(s) dict_keys(['example_params_ui_tutorial']) retrieved from /home/airflow/.local/lib/python3.7/site-packages/airflow/example_dags/example_params_ui_tutorial.py
[2025-09-02T16:14:06.269+0000] {logging_mixin.py:150} INFO - [2025-09-02T16:14:06.269+0000] {dag.py:2742} INFO - Sync 1 DAGs
[2025-09-02T16:14:06.301+0000] {logging_mixin.py:150} INFO - [2025-09-02T16:14:06.301+0000] {dag.py:3508} INFO - Setting next_dagrun for example_params_ui_tutorial to None, run_after=None
[2025-09-02T16:14:06.326+0000] {processor.py:179} INFO - Processing /home/airflow/.local/lib/python3.7/site-packages/airflow/example_dags/example_params_ui_tutorial.py took 0.177 seconds
[2025-09-02T16:14:37.760+0000] {processor.py:157} INFO - Started process (PID=259) to work on /home/airflow/.local/lib/python3.7/site-packages/airflow/example_dags/example_params_ui_tutorial.py
[2025-09-02T16:14:37.761+0000] {processor.py:826} INFO - Processing file /home/airflow/.local/lib/python3.7/site-packages/airflow/example_dags/example_params_ui_tutorial.py for tasks to queue
[2025-09-02T16:14:37.762+0000] {logging_mixin.py:150} INFO - [2025-09-02T16:14:37.762+0000] {dagbag.py:541} INFO - Filling up the DagBag from /home/airflow/.local/lib/python3.7/site-packages/airflow/example_dags/example_params_ui_tutorial.py
[2025-09-02T16:14:37.840+0000] {processor.py:836} INFO - DAG(s) dict_keys(['example_params_ui_tutorial']) retrieved from /home/airflow/.local/lib/python3.7/site-packages/airflow/example_dags/example_params_ui_tutorial.py
[2025-09-02T16:14:37.989+0000] {logging_mixin.py:150} INFO - [2025-09-02T16:14:37.989+0000] {dag.py:2742} INFO - Sync 1 DAGs
[2025-09-02T16:14:38.035+0000] {logging_mixin.py:150} INFO - [2025-09-02T16:14:38.034+0000] {dag.py:3508} INFO - Setting next_dagrun for example_params_ui_tutorial to None, run_after=None
[2025-09-02T16:14:38.069+0000] {processor.py:179} INFO - Processing /home/airflow/.local/lib/python3.7/site-packages/airflow/example_dags/example_params_ui_tutorial.py took 0.314 seconds
[2025-09-02T16:15:08.355+0000] {processor.py:157} INFO - Started process (PID=319) to work on /home/airflow/.local/lib/python3.7/site-packages/airflow/example_dags/example_params_ui_tutorial.py
[2025-09-02T16:15:08.356+0000] {processor.py:826} INFO - Processing file /home/airflow/.local/lib/python3.7/site-packages/airflow/example_dags/example_params_ui_tutorial.py for tasks to queue
[2025-09-02T16:15:08.357+0000] {logging_mixin.py:150} INFO - [2025-09-02T16:15:08.357+0000] {dagbag.py:541} INFO - Filling up the DagBag from /home/airflow/.local/lib/python3.7/site-packages/airflow/example_dags/example_params_ui_tutorial.py
[2025-09-02T16:15:08.414+0000] {processor.py:836} INFO - DAG(s) dict_keys(['example_params_ui_tutorial']) retrieved from /home/airflow/.local/lib/python3.7/site-packages/airflow/example_dags/example_params_ui_tutorial.py
[2025-09-02T16:15:08.498+0000] {logging_mixin.py:150} INFO - [2025-09-02T16:15:08.497+0000] {dag.py:2742} INFO - Sync 1 DAGs
[2025-09-02T16:15:08.539+0000] {logging_mixin.py:150} INFO - [2025-09-02T16:15:08.538+0000] {dag.py:3508} INFO - Setting next_dagrun for example_params_ui_tutorial to None, run_after=None
[2025-09-02T16:15:08.568+0000] {processor.py:179} INFO - Processing /home/airflow/.local/lib/python3.7/site-packages/airflow/example_dags/example_params_ui_tutorial.py took 0.219 seconds
[2025-09-02T16:15:38.919+0000] {processor.py:157} INFO - Started process (PID=379) to work on /home/airflow/.local/lib/python3.7/site-packages/airflow/example_dags/example_params_ui_tutorial.py
[2025-09-02T16:15:38.921+0000] {processor.py:826} INFO - Processing file /home/airflow/.local/lib/python3.7/site-packages/airflow/example_dags/example_params_ui_tutorial.py for tasks to queue
[2025-09-02T16:15:38.922+0000] {logging_mixin.py:150} INFO - [2025-09-02T16:15:38.921+0000] {dagbag.py:541} INFO - Filling up the DagBag from /home/airflow/.local/lib/python3.7/site-packages/airflow/example_dags/example_params_ui_tutorial.py
[2025-09-02T16:15:38.976+0000] {processor.py:836} INFO - DAG(s) dict_keys(['example_params_ui_tutorial']) retrieved from /home/airflow/.local/lib/python3.7/site-packages/airflow/example_dags/example_params_ui_tutorial.py
[2025-09-02T16:15:39.058+0000] {logging_mixin.py:150} INFO - [2025-09-02T16:15:39.058+0000] {dag.py:2742} INFO - Sync 1 DAGs
[2025-09-02T16:15:39.094+0000] {logging_mixin.py:150} INFO - [2025-09-02T16:15:39.093+0000] {dag.py:3508} INFO - Setting next_dagrun for example_params_ui_tutorial to None, run_after=None
[2025-09-02T16:15:39.124+0000] {processor.py:179} INFO - Processing /home/airflow/.local/lib/python3.7/site-packages/airflow/example_dags/example_params_ui_tutorial.py took 0.210 seconds
[2025-09-02T16:16:09.866+0000] {processor.py:157} INFO - Started process (PID=439) to work on /home/airflow/.local/lib/python3.7/site-packages/airflow/example_dags/example_params_ui_tutorial.py
[2025-09-02T16:16:09.867+0000] {processor.py:826} INFO - Processing file /home/airflow/.local/lib/python3.7/site-packages/airflow/example_dags/example_params_ui_tutorial.py for tasks to queue
[2025-09-02T16:16:09.867+0000] {logging_mixin.py:150} INFO - [2025-09-02T16:16:09.867+0000] {dagbag.py:541} INFO - Filling up the DagBag from /home/airflow/.local/lib/python3.7/site-packages/airflow/example_dags/example_params_ui_tutorial.py
[2025-09-02T16:16:09.918+0000] {processor.py:836} INFO - DAG(s) dict_keys(['example_params_ui_tutorial']) retrieved from /home/airflow/.local/lib/python3.7/site-packages/airflow/example_dags/example_params_ui_tutorial.py
[2025-09-02T16:16:09.998+0000] {logging_mixin.py:150} INFO - [2025-09-02T16:16:09.998+0000] {dag.py:2742} INFO - Sync 1 DAGs
[2025-09-02T16:16:10.035+0000] {logging_mixin.py:150} INFO - [2025-09-02T16:16:10.035+0000] {dag.py:3508} INFO - Setting next_dagrun for example_params_ui_tutorial to None, run_after=None
[2025-09-02T16:16:10.064+0000] {processor.py:179} INFO - Processing /home/airflow/.local/lib/python3.7/site-packages/airflow/example_dags/example_params_ui_tutorial.py took 0.204 seconds
[2025-09-02T16:16:40.569+0000] {processor.py:157} INFO - Started process (PID=498) to work on /home/airflow/.local/lib/python3.7/site-packages/airflow/example_dags/example_params_ui_tutorial.py
[2025-09-02T16:16:40.570+0000] {processor.py:826} INFO - Processing file /home/airflow/.local/lib/python3.7/site-packages/airflow/example_dags/example_params_ui_tutorial.py for tasks to queue
[2025-09-02T16:16:40.571+0000] {logging_mixin.py:150} INFO - [2025-09-02T16:16:40.571+0000] {dagbag.py:541} INFO - Filling up the DagBag from /home/airflow/.local/lib/python3.7/site-packages/airflow/example_dags/example_params_ui_tutorial.py
[2025-09-02T16:16:40.624+0000] {processor.py:836} INFO - DAG(s) dict_keys(['example_params_ui_tutorial']) retrieved from /home/airflow/.local/lib/python3.7/site-packages/airflow/example_dags/example_params_ui_tutorial.py
[2025-09-02T16:16:40.703+0000] {logging_mixin.py:150} INFO - [2025-09-02T16:16:40.702+0000] {dag.py:2742} INFO - Sync 1 DAGs
[2025-09-02T16:16:40.739+0000] {logging_mixin.py:150} INFO - [2025-09-02T16:16:40.739+0000] {dag.py:3508} INFO - Setting next_dagrun for example_params_ui_tutorial to None, run_after=None
[2025-09-02T16:16:40.766+0000] {processor.py:179} INFO - Processing /home/airflow/.local/lib/python3.7/site-packages/airflow/example_dags/example_params_ui_tutorial.py took 0.202 seconds
[2025-09-02T16:17:10.846+0000] {processor.py:157} INFO - Started process (PID=552) to work on /home/airflow/.local/lib/python3.7/site-packages/airflow/example_dags/example_params_ui_tutorial.py
[2025-09-02T16:17:10.848+0000] {processor.py:826} INFO - Processing file /home/airflow/.local/lib/python3.7/site-packages/airflow/example_dags/example_params_ui_tutorial.py for tasks to queue
[2025-09-02T16:17:10.849+0000] {logging_mixin.py:150} INFO - [2025-09-02T16:17:10.848+0000] {dagbag.py:541} INFO - Filling up the DagBag from /home/airflow/.local/lib/python3.7/site-packages/airflow/example_dags/example_params_ui_tutorial.py
[2025-09-02T16:17:10.904+0000] {processor.py:836} INFO - DAG(s) dict_keys(['example_params_ui_tutorial']) retrieved from /home/airflow/.local/lib/python3.7/site-packages/airflow/example_dags/example_params_ui_tutorial.py
[2025-09-02T16:17:10.962+0000] {logging_mixin.py:150} INFO - [2025-09-02T16:17:10.962+0000] {dag.py:2742} INFO - Sync 1 DAGs
[2025-09-02T16:17:10.993+0000] {logging_mixin.py:150} INFO - [2025-09-02T16:17:10.993+0000] {dag.py:3508} INFO - Setting next_dagrun for example_params_ui_tutorial to None, run_after=None
[2025-09-02T16:17:11.028+0000] {processor.py:179} INFO - Processing /home/airflow/.local/lib/python3.7/site-packages/airflow/example_dags/example_params_ui_tutorial.py took 0.189 seconds
[2025-09-02T16:17:41.095+0000] {processor.py:157} INFO - Started process (PID=612) to work on /home/airflow/.local/lib/python3.7/site-packages/airflow/example_dags/example_params_ui_tutorial.py
[2025-09-02T16:17:41.096+0000] {processor.py:826} INFO - Processing file /home/airflow/.local/lib/python3.7/site-packages/airflow/example_dags/example_params_ui_tutorial.py for tasks to queue
[2025-09-02T16:17:41.097+0000] {logging_mixin.py:150} INFO - [2025-09-02T16:17:41.097+0000] {dagbag.py:541} INFO - Filling up the DagBag from /home/airflow/.local/lib/python3.7/site-packages/airflow/example_dags/example_params_ui_tutorial.py
[2025-09-02T16:17:41.153+0000] {processor.py:836} INFO - DAG(s) dict_keys(['example_params_ui_tutorial']) retrieved from /home/airflow/.local/lib/python3.7/site-packages/airflow/example_dags/example_params_ui_tutorial.py
[2025-09-02T16:17:41.231+0000] {logging_mixin.py:150} INFO - [2025-09-02T16:17:41.231+0000] {dag.py:2742} INFO - Sync 1 DAGs
[2025-09-02T16:17:41.266+0000] {logging_mixin.py:150} INFO - [2025-09-02T16:17:41.266+0000] {dag.py:3508} INFO - Setting next_dagrun for example_params_ui_tutorial to None, run_after=None
[2025-09-02T16:17:41.295+0000] {processor.py:179} INFO - Processing /home/airflow/.local/lib/python3.7/site-packages/airflow/example_dags/example_params_ui_tutorial.py took 0.204 seconds
[2025-09-02T16:18:11.511+0000] {processor.py:157} INFO - Started process (PID=672) to work on /home/airflow/.local/lib/python3.7/site-packages/airflow/example_dags/example_params_ui_tutorial.py
[2025-09-02T16:18:11.513+0000] {processor.py:826} INFO - Processing file /home/airflow/.local/lib/python3.7/site-packages/airflow/example_dags/example_params_ui_tutorial.py for tasks to queue
[2025-09-02T16:18:11.514+0000] {logging_mixin.py:150} INFO - [2025-09-02T16:18:11.514+0000] {dagbag.py:541} INFO - Filling up the DagBag from /home/airflow/.local/lib/python3.7/site-packages/airflow/example_dags/example_params_ui_tutorial.py
[2025-09-02T16:18:11.575+0000] {processor.py:836} INFO - DAG(s) dict_keys(['example_params_ui_tutorial']) retrieved from /home/airflow/.local/lib/python3.7/site-packages/airflow/example_dags/example_params_ui_tutorial.py
[2025-09-02T16:18:11.660+0000] {logging_mixin.py:150} INFO - [2025-09-02T16:18:11.660+0000] {dag.py:2742} INFO - Sync 1 DAGs
[2025-09-02T16:18:11.697+0000] {logging_mixin.py:150} INFO - [2025-09-02T16:18:11.696+0000] {dag.py:3508} INFO - Setting next_dagrun for example_params_ui_tutorial to None, run_after=None
[2025-09-02T16:18:11.736+0000] {processor.py:179} INFO - Processing /home/airflow/.local/lib/python3.7/site-packages/airflow/example_dags/example_params_ui_tutorial.py took 0.231 seconds
[2025-09-02T16:18:41.960+0000] {processor.py:157} INFO - Started process (PID=732) to work on /home/airflow/.local/lib/python3.7/site-packages/airflow/example_dags/example_params_ui_tutorial.py
[2025-09-02T16:18:41.962+0000] {processor.py:826} INFO - Processing file /home/airflow/.local/lib/python3.7/site-packages/airflow/example_dags/example_params_ui_tutorial.py for tasks to queue
[2025-09-02T16:18:41.964+0000] {logging_mixin.py:150} INFO - [2025-09-02T16:18:41.963+0000] {dagbag.py:541} INFO - Filling up the DagBag from /home/airflow/.local/lib/python3.7/site-packages/airflow/example_dags/example_params_ui_tutorial.py
[2025-09-02T16:18:42.035+0000] {processor.py:836} INFO - DAG(s) dict_keys(['example_params_ui_tutorial']) retrieved from /home/airflow/.local/lib/python3.7/site-packages/airflow/example_dags/example_params_ui_tutorial.py
[2025-09-02T16:18:42.150+0000] {logging_mixin.py:150} INFO - [2025-09-02T16:18:42.150+0000] {dag.py:2742} INFO - Sync 1 DAGs
[2025-09-02T16:18:42.211+0000] {logging_mixin.py:150} INFO - [2025-09-02T16:18:42.211+0000] {dag.py:3508} INFO - Setting next_dagrun for example_params_ui_tutorial to None, run_after=None
[2025-09-02T16:18:42.263+0000] {processor.py:179} INFO - Processing /home/airflow/.local/lib/python3.7/site-packages/airflow/example_dags/example_params_ui_tutorial.py took 0.308 seconds
[2025-09-02T16:19:12.936+0000] {processor.py:157} INFO - Started process (PID=792) to work on /home/airflow/.local/lib/python3.7/site-packages/airflow/example_dags/example_params_ui_tutorial.py
[2025-09-02T16:19:12.937+0000] {processor.py:826} INFO - Processing file /home/airflow/.local/lib/python3.7/site-packages/airflow/example_dags/example_params_ui_tutorial.py for tasks to queue
[2025-09-02T16:19:12.938+0000] {logging_mixin.py:150} INFO - [2025-09-02T16:19:12.938+0000] {dagbag.py:541} INFO - Filling up the DagBag from /home/airflow/.local/lib/python3.7/site-packages/airflow/example_dags/example_params_ui_tutorial.py
[2025-09-02T16:19:12.980+0000] {processor.py:836} INFO - DAG(s) dict_keys(['example_params_ui_tutorial']) retrieved from /home/airflow/.local/lib/python3.7/site-packages/airflow/example_dags/example_params_ui_tutorial.py
[2025-09-02T16:19:13.053+0000] {logging_mixin.py:150} INFO - [2025-09-02T16:19:13.053+0000] {dag.py:2742} INFO - Sync 1 DAGs
[2025-09-02T16:19:13.086+0000] {logging_mixin.py:150} INFO - [2025-09-02T16:19:13.086+0000] {dag.py:3508} INFO - Setting next_dagrun for example_params_ui_tutorial to None, run_after=None
[2025-09-02T16:19:13.108+0000] {processor.py:179} INFO - Processing /home/airflow/.local/lib/python3.7/site-packages/airflow/example_dags/example_params_ui_tutorial.py took 0.176 seconds
[2025-09-02T16:19:43.564+0000] {processor.py:157} INFO - Started process (PID=852) to work on /home/airflow/.local/lib/python3.7/site-packages/airflow/example_dags/example_params_ui_tutorial.py
[2025-09-02T16:19:43.566+0000] {processor.py:826} INFO - Processing file /home/airflow/.local/lib/python3.7/site-packages/airflow/example_dags/example_params_ui_tutorial.py for tasks to queue
[2025-09-02T16:19:43.567+0000] {logging_mixin.py:150} INFO - [2025-09-02T16:19:43.567+0000] {dagbag.py:541} INFO - Filling up the DagBag from /home/airflow/.local/lib/python3.7/site-packages/airflow/example_dags/example_params_ui_tutorial.py
[2025-09-02T16:19:43.623+0000] {processor.py:836} INFO - DAG(s) dict_keys(['example_params_ui_tutorial']) retrieved from /home/airflow/.local/lib/python3.7/site-packages/airflow/example_dags/example_params_ui_tutorial.py
[2025-09-02T16:19:43.700+0000] {logging_mixin.py:150} INFO - [2025-09-02T16:19:43.700+0000] {dag.py:2742} INFO - Sync 1 DAGs
[2025-09-02T16:19:43.734+0000] {logging_mixin.py:150} INFO - [2025-09-02T16:19:43.733+0000] {dag.py:3508} INFO - Setting next_dagrun for example_params_ui_tutorial to None, run_after=None
[2025-09-02T16:19:43.761+0000] {processor.py:179} INFO - Processing /home/airflow/.local/lib/python3.7/site-packages/airflow/example_dags/example_params_ui_tutorial.py took 0.202 seconds
[2025-09-02T16:20:14.450+0000] {processor.py:157} INFO - Started process (PID=912) to work on /home/airflow/.local/lib/python3.7/site-packages/airflow/example_dags/example_params_ui_tutorial.py
[2025-09-02T16:20:14.452+0000] {processor.py:826} INFO - Processing file /home/airflow/.local/lib/python3.7/site-packages/airflow/example_dags/example_params_ui_tutorial.py for tasks to queue
[2025-09-02T16:20:14.453+0000] {logging_mixin.py:150} INFO - [2025-09-02T16:20:14.452+0000] {dagbag.py:541} INFO - Filling up the DagBag from /home/airflow/.local/lib/python3.7/site-packages/airflow/example_dags/example_params_ui_tutorial.py
[2025-09-02T16:20:14.532+0000] {processor.py:836} INFO - DAG(s) dict_keys(['example_params_ui_tutorial']) retrieved from /home/airflow/.local/lib/python3.7/site-packages/airflow/example_dags/example_params_ui_tutorial.py
[2025-09-02T16:20:14.620+0000] {logging_mixin.py:150} INFO - [2025-09-02T16:20:14.620+0000] {dag.py:2742} INFO - Sync 1 DAGs
[2025-09-02T16:20:14.652+0000] {logging_mixin.py:150} INFO - [2025-09-02T16:20:14.652+0000] {dag.py:3508} INFO - Setting next_dagrun for example_params_ui_tutorial to None, run_after=None
[2025-09-02T16:20:14.684+0000] {processor.py:179} INFO - Processing /home/airflow/.local/lib/python3.7/site-packages/airflow/example_dags/example_params_ui_tutorial.py took 0.239 seconds
[2025-09-02T16:20:45.066+0000] {processor.py:157} INFO - Started process (PID=972) to work on /home/airflow/.local/lib/python3.7/site-packages/airflow/example_dags/example_params_ui_tutorial.py
[2025-09-02T16:20:45.067+0000] {processor.py:826} INFO - Processing file /home/airflow/.local/lib/python3.7/site-packages/airflow/example_dags/example_params_ui_tutorial.py for tasks to queue
[2025-09-02T16:20:45.068+0000] {logging_mixin.py:150} INFO - [2025-09-02T16:20:45.068+0000] {dagbag.py:541} INFO - Filling up the DagBag from /home/airflow/.local/lib/python3.7/site-packages/airflow/example_dags/example_params_ui_tutorial.py
[2025-09-02T16:20:45.118+0000] {processor.py:836} INFO - DAG(s) dict_keys(['example_params_ui_tutorial']) retrieved from /home/airflow/.local/lib/python3.7/site-packages/airflow/example_dags/example_params_ui_tutorial.py
[2025-09-02T16:20:45.198+0000] {logging_mixin.py:150} INFO - [2025-09-02T16:20:45.198+0000] {dag.py:2742} INFO - Sync 1 DAGs
[2025-09-02T16:20:45.233+0000] {logging_mixin.py:150} INFO - [2025-09-02T16:20:45.233+0000] {dag.py:3508} INFO - Setting next_dagrun for example_params_ui_tutorial to None, run_after=None
[2025-09-02T16:20:45.261+0000] {processor.py:179} INFO - Processing /home/airflow/.local/lib/python3.7/site-packages/airflow/example_dags/example_params_ui_tutorial.py took 0.200 seconds
[2025-09-02T16:21:15.644+0000] {processor.py:157} INFO - Started process (PID=1032) to work on /home/airflow/.local/lib/python3.7/site-packages/airflow/example_dags/example_params_ui_tutorial.py
[2025-09-02T16:21:15.645+0000] {processor.py:826} INFO - Processing file /home/airflow/.local/lib/python3.7/site-packages/airflow/example_dags/example_params_ui_tutorial.py for tasks to queue
[2025-09-02T16:21:15.646+0000] {logging_mixin.py:150} INFO - [2025-09-02T16:21:15.646+0000] {dagbag.py:541} INFO - Filling up the DagBag from /home/airflow/.local/lib/python3.7/site-packages/airflow/example_dags/example_params_ui_tutorial.py
[2025-09-02T16:21:15.701+0000] {processor.py:836} INFO - DAG(s) dict_keys(['example_params_ui_tutorial']) retrieved from /home/airflow/.local/lib/python3.7/site-packages/airflow/example_dags/example_params_ui_tutorial.py
[2025-09-02T16:21:15.787+0000] {logging_mixin.py:150} INFO - [2025-09-02T16:21:15.787+0000] {dag.py:2742} INFO - Sync 1 DAGs
[2025-09-02T16:21:15.826+0000] {logging_mixin.py:150} INFO - [2025-09-02T16:21:15.826+0000] {dag.py:3508} INFO - Setting next_dagrun for example_params_ui_tutorial to None, run_after=None
[2025-09-02T16:21:15.856+0000] {processor.py:179} INFO - Processing /home/airflow/.local/lib/python3.7/site-packages/airflow/example_dags/example_params_ui_tutorial.py took 0.218 seconds
[2025-09-02T16:21:46.455+0000] {processor.py:157} INFO - Started process (PID=1092) to work on /home/airflow/.local/lib/python3.7/site-packages/airflow/example_dags/example_params_ui_tutorial.py
[2025-09-02T16:21:46.457+0000] {processor.py:826} INFO - Processing file /home/airflow/.local/lib/python3.7/site-packages/airflow/example_dags/example_params_ui_tutorial.py for tasks to queue
[2025-09-02T16:21:46.458+0000] {logging_mixin.py:150} INFO - [2025-09-02T16:21:46.458+0000] {dagbag.py:541} INFO - Filling up the DagBag from /home/airflow/.local/lib/python3.7/site-packages/airflow/example_dags/example_params_ui_tutorial.py
[2025-09-02T16:21:46.515+0000] {processor.py:836} INFO - DAG(s) dict_keys(['example_params_ui_tutorial']) retrieved from /home/airflow/.local/lib/python3.7/site-packages/airflow/example_dags/example_params_ui_tutorial.py
[2025-09-02T16:21:46.610+0000] {logging_mixin.py:150} INFO - [2025-09-02T16:21:46.609+0000] {dag.py:2742} INFO - Sync 1 DAGs
[2025-09-02T16:21:46.648+0000] {logging_mixin.py:150} INFO - [2025-09-02T16:21:46.647+0000] {dag.py:3508} INFO - Setting next_dagrun for example_params_ui_tutorial to None, run_after=None
[2025-09-02T16:21:46.685+0000] {processor.py:179} INFO - Processing /home/airflow/.local/lib/python3.7/site-packages/airflow/example_dags/example_params_ui_tutorial.py took 0.235 seconds
[2025-09-02T16:22:17.086+0000] {processor.py:157} INFO - Started process (PID=1152) to work on /home/airflow/.local/lib/python3.7/site-packages/airflow/example_dags/example_params_ui_tutorial.py
[2025-09-02T16:22:17.088+0000] {processor.py:826} INFO - Processing file /home/airflow/.local/lib/python3.7/site-packages/airflow/example_dags/example_params_ui_tutorial.py for tasks to queue
[2025-09-02T16:22:17.089+0000] {logging_mixin.py:150} INFO - [2025-09-02T16:22:17.088+0000] {dagbag.py:541} INFO - Filling up the DagBag from /home/airflow/.local/lib/python3.7/site-packages/airflow/example_dags/example_params_ui_tutorial.py
[2025-09-02T16:22:17.143+0000] {processor.py:836} INFO - DAG(s) dict_keys(['example_params_ui_tutorial']) retrieved from /home/airflow/.local/lib/python3.7/site-packages/airflow/example_dags/example_params_ui_tutorial.py
[2025-09-02T16:22:17.228+0000] {logging_mixin.py:150} INFO - [2025-09-02T16:22:17.227+0000] {dag.py:2742} INFO - Sync 1 DAGs
[2025-09-02T16:22:17.264+0000] {logging_mixin.py:150} INFO - [2025-09-02T16:22:17.264+0000] {dag.py:3508} INFO - Setting next_dagrun for example_params_ui_tutorial to None, run_after=None
[2025-09-02T16:22:17.299+0000] {processor.py:179} INFO - Processing /home/airflow/.local/lib/python3.7/site-packages/airflow/example_dags/example_params_ui_tutorial.py took 0.219 seconds
[2025-09-02T16:22:47.561+0000] {processor.py:157} INFO - Started process (PID=1212) to work on /home/airflow/.local/lib/python3.7/site-packages/airflow/example_dags/example_params_ui_tutorial.py
[2025-09-02T16:22:47.563+0000] {processor.py:826} INFO - Processing file /home/airflow/.local/lib/python3.7/site-packages/airflow/example_dags/example_params_ui_tutorial.py for tasks to queue
[2025-09-02T16:22:47.564+0000] {logging_mixin.py:150} INFO - [2025-09-02T16:22:47.563+0000] {dagbag.py:541} INFO - Filling up the DagBag from /home/airflow/.local/lib/python3.7/site-packages/airflow/example_dags/example_params_ui_tutorial.py
[2025-09-02T16:22:47.623+0000] {processor.py:836} INFO - DAG(s) dict_keys(['example_params_ui_tutorial']) retrieved from /home/airflow/.local/lib/python3.7/site-packages/airflow/example_dags/example_params_ui_tutorial.py
[2025-09-02T16:22:47.705+0000] {logging_mixin.py:150} INFO - [2025-09-02T16:22:47.705+0000] {dag.py:2742} INFO - Sync 1 DAGs
[2025-09-02T16:22:47.743+0000] {logging_mixin.py:150} INFO - [2025-09-02T16:22:47.743+0000] {dag.py:3508} INFO - Setting next_dagrun for example_params_ui_tutorial to None, run_after=None
[2025-09-02T16:22:47.783+0000] {processor.py:179} INFO - Processing /home/airflow/.local/lib/python3.7/site-packages/airflow/example_dags/example_params_ui_tutorial.py took 0.227 seconds
[2025-09-02T16:23:17.901+0000] {processor.py:157} INFO - Started process (PID=1272) to work on /home/airflow/.local/lib/python3.7/site-packages/airflow/example_dags/example_params_ui_tutorial.py
[2025-09-02T16:23:17.903+0000] {processor.py:826} INFO - Processing file /home/airflow/.local/lib/python3.7/site-packages/airflow/example_dags/example_params_ui_tutorial.py for tasks to queue
[2025-09-02T16:23:17.904+0000] {logging_mixin.py:150} INFO - [2025-09-02T16:23:17.904+0000] {dagbag.py:541} INFO - Filling up the DagBag from /home/airflow/.local/lib/python3.7/site-packages/airflow/example_dags/example_params_ui_tutorial.py
[2025-09-02T16:23:17.970+0000] {processor.py:836} INFO - DAG(s) dict_keys(['example_params_ui_tutorial']) retrieved from /home/airflow/.local/lib/python3.7/site-packages/airflow/example_dags/example_params_ui_tutorial.py
[2025-09-02T16:23:18.075+0000] {logging_mixin.py:150} INFO - [2025-09-02T16:23:18.074+0000] {dag.py:2742} INFO - Sync 1 DAGs
[2025-09-02T16:23:18.135+0000] {logging_mixin.py:150} INFO - [2025-09-02T16:23:18.134+0000] {dag.py:3508} INFO - Setting next_dagrun for example_params_ui_tutorial to None, run_after=None
[2025-09-02T16:23:18.184+0000] {processor.py:179} INFO - Processing /home/airflow/.local/lib/python3.7/site-packages/airflow/example_dags/example_params_ui_tutorial.py took 0.291 seconds
[2025-09-02T16:23:48.460+0000] {processor.py:157} INFO - Started process (PID=1332) to work on /home/airflow/.local/lib/python3.7/site-packages/airflow/example_dags/example_params_ui_tutorial.py
[2025-09-02T16:23:48.462+0000] {processor.py:826} INFO - Processing file /home/airflow/.local/lib/python3.7/site-packages/airflow/example_dags/example_params_ui_tutorial.py for tasks to queue
[2025-09-02T16:23:48.463+0000] {logging_mixin.py:150} INFO - [2025-09-02T16:23:48.462+0000] {dagbag.py:541} INFO - Filling up the DagBag from /home/airflow/.local/lib/python3.7/site-packages/airflow/example_dags/example_params_ui_tutorial.py
[2025-09-02T16:23:48.520+0000] {processor.py:836} INFO - DAG(s) dict_keys(['example_params_ui_tutorial']) retrieved from /home/airflow/.local/lib/python3.7/site-packages/airflow/example_dags/example_params_ui_tutorial.py
[2025-09-02T16:23:48.601+0000] {logging_mixin.py:150} INFO - [2025-09-02T16:23:48.600+0000] {dag.py:2742} INFO - Sync 1 DAGs
[2025-09-02T16:23:48.634+0000] {logging_mixin.py:150} INFO - [2025-09-02T16:23:48.634+0000] {dag.py:3508} INFO - Setting next_dagrun for example_params_ui_tutorial to None, run_after=None
[2025-09-02T16:23:48.660+0000] {processor.py:179} INFO - Processing /home/airflow/.local/lib/python3.7/site-packages/airflow/example_dags/example_params_ui_tutorial.py took 0.205 seconds
[2025-09-02T16:24:19.037+0000] {processor.py:157} INFO - Started process (PID=1392) to work on /home/airflow/.local/lib/python3.7/site-packages/airflow/example_dags/example_params_ui_tutorial.py
[2025-09-02T16:24:19.039+0000] {processor.py:826} INFO - Processing file /home/airflow/.local/lib/python3.7/site-packages/airflow/example_dags/example_params_ui_tutorial.py for tasks to queue
[2025-09-02T16:24:19.045+0000] {logging_mixin.py:150} INFO - [2025-09-02T16:24:19.044+0000] {dagbag.py:541} INFO - Filling up the DagBag from /home/airflow/.local/lib/python3.7/site-packages/airflow/example_dags/example_params_ui_tutorial.py
[2025-09-02T16:24:19.212+0000] {processor.py:836} INFO - DAG(s) dict_keys(['example_params_ui_tutorial']) retrieved from /home/airflow/.local/lib/python3.7/site-packages/airflow/example_dags/example_params_ui_tutorial.py
[2025-09-02T16:24:19.345+0000] {logging_mixin.py:150} INFO - [2025-09-02T16:24:19.345+0000] {dag.py:2742} INFO - Sync 1 DAGs
[2025-09-02T16:24:19.386+0000] {logging_mixin.py:150} INFO - [2025-09-02T16:24:19.386+0000] {dag.py:3508} INFO - Setting next_dagrun for example_params_ui_tutorial to None, run_after=None
[2025-09-02T16:24:19.420+0000] {processor.py:179} INFO - Processing /home/airflow/.local/lib/python3.7/site-packages/airflow/example_dags/example_params_ui_tutorial.py took 0.396 seconds
[2025-09-02T16:26:33.277+0000] {processor.py:157} INFO - Started process (PID=93) to work on /home/airflow/.local/lib/python3.7/site-packages/airflow/example_dags/example_params_ui_tutorial.py
[2025-09-02T16:26:33.285+0000] {processor.py:826} INFO - Processing file /home/airflow/.local/lib/python3.7/site-packages/airflow/example_dags/example_params_ui_tutorial.py for tasks to queue
[2025-09-02T16:26:33.290+0000] {logging_mixin.py:150} INFO - [2025-09-02T16:26:33.288+0000] {dagbag.py:541} INFO - Filling up the DagBag from /home/airflow/.local/lib/python3.7/site-packages/airflow/example_dags/example_params_ui_tutorial.py
[2025-09-02T16:26:33.479+0000] {processor.py:836} INFO - DAG(s) dict_keys(['example_params_ui_tutorial']) retrieved from /home/airflow/.local/lib/python3.7/site-packages/airflow/example_dags/example_params_ui_tutorial.py
[2025-09-02T16:26:34.027+0000] {logging_mixin.py:150} INFO - [2025-09-02T16:26:34.027+0000] {dag.py:2742} INFO - Sync 1 DAGs
[2025-09-02T16:26:34.290+0000] {logging_mixin.py:150} INFO - [2025-09-02T16:26:34.290+0000] {dag.py:3508} INFO - Setting next_dagrun for example_params_ui_tutorial to None, run_after=None
[2025-09-02T16:26:34.403+0000] {processor.py:179} INFO - Processing /home/airflow/.local/lib/python3.7/site-packages/airflow/example_dags/example_params_ui_tutorial.py took 1.133 seconds
[2025-09-02T16:27:04.732+0000] {processor.py:157} INFO - Started process (PID=152) to work on /home/airflow/.local/lib/python3.7/site-packages/airflow/example_dags/example_params_ui_tutorial.py
[2025-09-02T16:27:04.734+0000] {processor.py:826} INFO - Processing file /home/airflow/.local/lib/python3.7/site-packages/airflow/example_dags/example_params_ui_tutorial.py for tasks to queue
[2025-09-02T16:27:04.735+0000] {logging_mixin.py:150} INFO - [2025-09-02T16:27:04.735+0000] {dagbag.py:541} INFO - Filling up the DagBag from /home/airflow/.local/lib/python3.7/site-packages/airflow/example_dags/example_params_ui_tutorial.py
[2025-09-02T16:27:04.776+0000] {processor.py:836} INFO - DAG(s) dict_keys(['example_params_ui_tutorial']) retrieved from /home/airflow/.local/lib/python3.7/site-packages/airflow/example_dags/example_params_ui_tutorial.py
[2025-09-02T16:27:04.839+0000] {logging_mixin.py:150} INFO - [2025-09-02T16:27:04.839+0000] {dag.py:2742} INFO - Sync 1 DAGs
[2025-09-02T16:27:04.870+0000] {logging_mixin.py:150} INFO - [2025-09-02T16:27:04.869+0000] {dag.py:3508} INFO - Setting next_dagrun for example_params_ui_tutorial to None, run_after=None
[2025-09-02T16:27:04.895+0000] {processor.py:179} INFO - Processing /home/airflow/.local/lib/python3.7/site-packages/airflow/example_dags/example_params_ui_tutorial.py took 0.167 seconds
[2025-09-02T16:27:35.375+0000] {processor.py:157} INFO - Started process (PID=212) to work on /home/airflow/.local/lib/python3.7/site-packages/airflow/example_dags/example_params_ui_tutorial.py
[2025-09-02T16:27:35.375+0000] {processor.py:826} INFO - Processing file /home/airflow/.local/lib/python3.7/site-packages/airflow/example_dags/example_params_ui_tutorial.py for tasks to queue
[2025-09-02T16:27:35.376+0000] {logging_mixin.py:150} INFO - [2025-09-02T16:27:35.376+0000] {dagbag.py:541} INFO - Filling up the DagBag from /home/airflow/.local/lib/python3.7/site-packages/airflow/example_dags/example_params_ui_tutorial.py
[2025-09-02T16:27:35.426+0000] {processor.py:836} INFO - DAG(s) dict_keys(['example_params_ui_tutorial']) retrieved from /home/airflow/.local/lib/python3.7/site-packages/airflow/example_dags/example_params_ui_tutorial.py
[2025-09-02T16:27:35.505+0000] {logging_mixin.py:150} INFO - [2025-09-02T16:27:35.504+0000] {dag.py:2742} INFO - Sync 1 DAGs
[2025-09-02T16:27:35.539+0000] {logging_mixin.py:150} INFO - [2025-09-02T16:27:35.538+0000] {dag.py:3508} INFO - Setting next_dagrun for example_params_ui_tutorial to None, run_after=None
[2025-09-02T16:27:35.569+0000] {processor.py:179} INFO - Processing /home/airflow/.local/lib/python3.7/site-packages/airflow/example_dags/example_params_ui_tutorial.py took 0.198 seconds
[2025-09-02T16:28:06.033+0000] {processor.py:157} INFO - Started process (PID=271) to work on /home/airflow/.local/lib/python3.7/site-packages/airflow/example_dags/example_params_ui_tutorial.py
[2025-09-02T16:28:06.034+0000] {processor.py:826} INFO - Processing file /home/airflow/.local/lib/python3.7/site-packages/airflow/example_dags/example_params_ui_tutorial.py for tasks to queue
[2025-09-02T16:28:06.035+0000] {logging_mixin.py:150} INFO - [2025-09-02T16:28:06.035+0000] {dagbag.py:541} INFO - Filling up the DagBag from /home/airflow/.local/lib/python3.7/site-packages/airflow/example_dags/example_params_ui_tutorial.py
[2025-09-02T16:28:06.086+0000] {processor.py:836} INFO - DAG(s) dict_keys(['example_params_ui_tutorial']) retrieved from /home/airflow/.local/lib/python3.7/site-packages/airflow/example_dags/example_params_ui_tutorial.py
[2025-09-02T16:28:06.166+0000] {logging_mixin.py:150} INFO - [2025-09-02T16:28:06.166+0000] {dag.py:2742} INFO - Sync 1 DAGs
[2025-09-02T16:28:06.200+0000] {logging_mixin.py:150} INFO - [2025-09-02T16:28:06.200+0000] {dag.py:3508} INFO - Setting next_dagrun for example_params_ui_tutorial to None, run_after=None
[2025-09-02T16:28:06.228+0000] {processor.py:179} INFO - Processing /home/airflow/.local/lib/python3.7/site-packages/airflow/example_dags/example_params_ui_tutorial.py took 0.201 seconds
[2025-09-02T16:28:36.362+0000] {processor.py:157} INFO - Started process (PID=331) to work on /home/airflow/.local/lib/python3.7/site-packages/airflow/example_dags/example_params_ui_tutorial.py
[2025-09-02T16:28:36.364+0000] {processor.py:826} INFO - Processing file /home/airflow/.local/lib/python3.7/site-packages/airflow/example_dags/example_params_ui_tutorial.py for tasks to queue
[2025-09-02T16:28:36.365+0000] {logging_mixin.py:150} INFO - [2025-09-02T16:28:36.365+0000] {dagbag.py:541} INFO - Filling up the DagBag from /home/airflow/.local/lib/python3.7/site-packages/airflow/example_dags/example_params_ui_tutorial.py
[2025-09-02T16:28:36.419+0000] {processor.py:836} INFO - DAG(s) dict_keys(['example_params_ui_tutorial']) retrieved from /home/airflow/.local/lib/python3.7/site-packages/airflow/example_dags/example_params_ui_tutorial.py
[2025-09-02T16:28:36.502+0000] {logging_mixin.py:150} INFO - [2025-09-02T16:28:36.501+0000] {dag.py:2742} INFO - Sync 1 DAGs
[2025-09-02T16:28:36.538+0000] {logging_mixin.py:150} INFO - [2025-09-02T16:28:36.538+0000] {dag.py:3508} INFO - Setting next_dagrun for example_params_ui_tutorial to None, run_after=None
[2025-09-02T16:28:36.569+0000] {processor.py:179} INFO - Processing /home/airflow/.local/lib/python3.7/site-packages/airflow/example_dags/example_params_ui_tutorial.py took 0.213 seconds
[2025-09-02T16:29:07.047+0000] {processor.py:157} INFO - Started process (PID=391) to work on /home/airflow/.local/lib/python3.7/site-packages/airflow/example_dags/example_params_ui_tutorial.py
[2025-09-02T16:29:07.048+0000] {processor.py:826} INFO - Processing file /home/airflow/.local/lib/python3.7/site-packages/airflow/example_dags/example_params_ui_tutorial.py for tasks to queue
[2025-09-02T16:29:07.050+0000] {logging_mixin.py:150} INFO - [2025-09-02T16:29:07.049+0000] {dagbag.py:541} INFO - Filling up the DagBag from /home/airflow/.local/lib/python3.7/site-packages/airflow/example_dags/example_params_ui_tutorial.py
[2025-09-02T16:29:07.103+0000] {processor.py:836} INFO - DAG(s) dict_keys(['example_params_ui_tutorial']) retrieved from /home/airflow/.local/lib/python3.7/site-packages/airflow/example_dags/example_params_ui_tutorial.py
[2025-09-02T16:29:07.187+0000] {logging_mixin.py:150} INFO - [2025-09-02T16:29:07.187+0000] {dag.py:2742} INFO - Sync 1 DAGs
[2025-09-02T16:29:07.223+0000] {logging_mixin.py:150} INFO - [2025-09-02T16:29:07.223+0000] {dag.py:3508} INFO - Setting next_dagrun for example_params_ui_tutorial to None, run_after=None
[2025-09-02T16:29:07.268+0000] {processor.py:179} INFO - Processing /home/airflow/.local/lib/python3.7/site-packages/airflow/example_dags/example_params_ui_tutorial.py took 0.227 seconds
[2025-09-02T16:29:37.406+0000] {processor.py:157} INFO - Started process (PID=451) to work on /home/airflow/.local/lib/python3.7/site-packages/airflow/example_dags/example_params_ui_tutorial.py
[2025-09-02T16:29:37.407+0000] {processor.py:826} INFO - Processing file /home/airflow/.local/lib/python3.7/site-packages/airflow/example_dags/example_params_ui_tutorial.py for tasks to queue
[2025-09-02T16:29:37.409+0000] {logging_mixin.py:150} INFO - [2025-09-02T16:29:37.408+0000] {dagbag.py:541} INFO - Filling up the DagBag from /home/airflow/.local/lib/python3.7/site-packages/airflow/example_dags/example_params_ui_tutorial.py
[2025-09-02T16:29:37.463+0000] {processor.py:836} INFO - DAG(s) dict_keys(['example_params_ui_tutorial']) retrieved from /home/airflow/.local/lib/python3.7/site-packages/airflow/example_dags/example_params_ui_tutorial.py
[2025-09-02T16:29:37.545+0000] {logging_mixin.py:150} INFO - [2025-09-02T16:29:37.545+0000] {dag.py:2742} INFO - Sync 1 DAGs
[2025-09-02T16:29:37.582+0000] {logging_mixin.py:150} INFO - [2025-09-02T16:29:37.581+0000] {dag.py:3508} INFO - Setting next_dagrun for example_params_ui_tutorial to None, run_after=None
[2025-09-02T16:29:37.614+0000] {processor.py:179} INFO - Processing /home/airflow/.local/lib/python3.7/site-packages/airflow/example_dags/example_params_ui_tutorial.py took 0.214 seconds
[2025-09-02T16:30:08.191+0000] {processor.py:157} INFO - Started process (PID=512) to work on /home/airflow/.local/lib/python3.7/site-packages/airflow/example_dags/example_params_ui_tutorial.py
[2025-09-02T16:30:08.193+0000] {processor.py:826} INFO - Processing file /home/airflow/.local/lib/python3.7/site-packages/airflow/example_dags/example_params_ui_tutorial.py for tasks to queue
[2025-09-02T16:30:08.195+0000] {logging_mixin.py:150} INFO - [2025-09-02T16:30:08.194+0000] {dagbag.py:541} INFO - Filling up the DagBag from /home/airflow/.local/lib/python3.7/site-packages/airflow/example_dags/example_params_ui_tutorial.py
[2025-09-02T16:30:08.271+0000] {processor.py:836} INFO - DAG(s) dict_keys(['example_params_ui_tutorial']) retrieved from /home/airflow/.local/lib/python3.7/site-packages/airflow/example_dags/example_params_ui_tutorial.py
[2025-09-02T16:30:08.438+0000] {logging_mixin.py:150} INFO - [2025-09-02T16:30:08.438+0000] {dag.py:2742} INFO - Sync 1 DAGs
[2025-09-02T16:30:08.477+0000] {logging_mixin.py:150} INFO - [2025-09-02T16:30:08.476+0000] {dag.py:3508} INFO - Setting next_dagrun for example_params_ui_tutorial to None, run_after=None
[2025-09-02T16:30:08.518+0000] {processor.py:179} INFO - Processing /home/airflow/.local/lib/python3.7/site-packages/airflow/example_dags/example_params_ui_tutorial.py took 0.333 seconds
[2025-09-02T16:30:38.670+0000] {processor.py:157} INFO - Started process (PID=572) to work on /home/airflow/.local/lib/python3.7/site-packages/airflow/example_dags/example_params_ui_tutorial.py
[2025-09-02T16:30:38.671+0000] {processor.py:826} INFO - Processing file /home/airflow/.local/lib/python3.7/site-packages/airflow/example_dags/example_params_ui_tutorial.py for tasks to queue
[2025-09-02T16:30:38.672+0000] {logging_mixin.py:150} INFO - [2025-09-02T16:30:38.672+0000] {dagbag.py:541} INFO - Filling up the DagBag from /home/airflow/.local/lib/python3.7/site-packages/airflow/example_dags/example_params_ui_tutorial.py
[2025-09-02T16:30:38.721+0000] {processor.py:836} INFO - DAG(s) dict_keys(['example_params_ui_tutorial']) retrieved from /home/airflow/.local/lib/python3.7/site-packages/airflow/example_dags/example_params_ui_tutorial.py
