[2025-09-02T16:13:06.314+0000] {processor.py:157} INFO - Started process (PID=85) to work on /home/airflow/.local/lib/python3.7/site-packages/airflow/example_dags/example_latest_only_with_trigger.py
[2025-09-02T16:13:06.315+0000] {processor.py:826} INFO - Processing file /home/airflow/.local/lib/python3.7/site-packages/airflow/example_dags/example_latest_only_with_trigger.py for tasks to queue
[2025-09-02T16:13:06.315+0000] {logging_mixin.py:150} INFO - [2025-09-02T16:13:06.315+0000] {dagbag.py:541} INFO - Filling up the DagBag from /home/airflow/.local/lib/python3.7/site-packages/airflow/example_dags/example_latest_only_with_trigger.py
[2025-09-02T16:13:06.322+0000] {processor.py:836} INFO - DAG(s) dict_keys(['latest_only_with_trigger']) retrieved from /home/airflow/.local/lib/python3.7/site-packages/airflow/example_dags/example_latest_only_with_trigger.py
[2025-09-02T16:13:06.436+0000] {logging_mixin.py:150} INFO - [2025-09-02T16:13:06.435+0000] {manager.py:504} INFO - Created Permission View: can read on DAG:latest_only_with_trigger
[2025-09-02T16:13:06.447+0000] {logging_mixin.py:150} INFO - [2025-09-02T16:13:06.447+0000] {manager.py:504} INFO - Created Permission View: can edit on DAG:latest_only_with_trigger
[2025-09-02T16:13:06.457+0000] {logging_mixin.py:150} INFO - [2025-09-02T16:13:06.456+0000] {manager.py:504} INFO - Created Permission View: can delete on DAG:latest_only_with_trigger
[2025-09-02T16:13:06.475+0000] {logging_mixin.py:150} INFO - [2025-09-02T16:13:06.474+0000] {dag.py:2742} INFO - Sync 1 DAGs
[2025-09-02T16:13:06.486+0000] {logging_mixin.py:150} INFO - [2025-09-02T16:13:06.486+0000] {dag.py:2763} INFO - Creating ORM DAG for latest_only_with_trigger
[2025-09-02T16:13:06.497+0000] {logging_mixin.py:150} INFO - [2025-09-02T16:13:06.497+0000] {dag.py:3508} INFO - Setting next_dagrun for latest_only_with_trigger to 2025-09-02T12:13:06.497400+00:00, run_after=2025-09-02T16:13:06.497400+00:00
[2025-09-02T16:13:06.537+0000] {processor.py:179} INFO - Processing /home/airflow/.local/lib/python3.7/site-packages/airflow/example_dags/example_latest_only_with_trigger.py took 0.228 seconds
[2025-09-02T16:13:37.343+0000] {processor.py:157} INFO - Started process (PID=146) to work on /home/airflow/.local/lib/python3.7/site-packages/airflow/example_dags/example_latest_only_with_trigger.py
[2025-09-02T16:13:37.344+0000] {processor.py:826} INFO - Processing file /home/airflow/.local/lib/python3.7/site-packages/airflow/example_dags/example_latest_only_with_trigger.py for tasks to queue
[2025-09-02T16:13:37.345+0000] {logging_mixin.py:150} INFO - [2025-09-02T16:13:37.345+0000] {dagbag.py:541} INFO - Filling up the DagBag from /home/airflow/.local/lib/python3.7/site-packages/airflow/example_dags/example_latest_only_with_trigger.py
[2025-09-02T16:13:37.353+0000] {processor.py:836} INFO - DAG(s) dict_keys(['latest_only_with_trigger']) retrieved from /home/airflow/.local/lib/python3.7/site-packages/airflow/example_dags/example_latest_only_with_trigger.py
[2025-09-02T16:13:37.389+0000] {logging_mixin.py:150} INFO - [2025-09-02T16:13:37.388+0000] {dag.py:2742} INFO - Sync 1 DAGs
[2025-09-02T16:13:37.434+0000] {logging_mixin.py:150} INFO - [2025-09-02T16:13:37.433+0000] {dag.py:3508} INFO - Setting next_dagrun for latest_only_with_trigger to 2025-09-02T12:13:37.433559+00:00, run_after=2025-09-02T16:13:37.433559+00:00
[2025-09-02T16:13:37.466+0000] {processor.py:179} INFO - Processing /home/airflow/.local/lib/python3.7/site-packages/airflow/example_dags/example_latest_only_with_trigger.py took 0.127 seconds
[2025-09-02T16:14:07.703+0000] {processor.py:157} INFO - Started process (PID=205) to work on /home/airflow/.local/lib/python3.7/site-packages/airflow/example_dags/example_latest_only_with_trigger.py
[2025-09-02T16:14:07.704+0000] {processor.py:826} INFO - Processing file /home/airflow/.local/lib/python3.7/site-packages/airflow/example_dags/example_latest_only_with_trigger.py for tasks to queue
[2025-09-02T16:14:07.705+0000] {logging_mixin.py:150} INFO - [2025-09-02T16:14:07.705+0000] {dagbag.py:541} INFO - Filling up the DagBag from /home/airflow/.local/lib/python3.7/site-packages/airflow/example_dags/example_latest_only_with_trigger.py
[2025-09-02T16:14:07.713+0000] {processor.py:836} INFO - DAG(s) dict_keys(['latest_only_with_trigger']) retrieved from /home/airflow/.local/lib/python3.7/site-packages/airflow/example_dags/example_latest_only_with_trigger.py
[2025-09-02T16:14:07.740+0000] {logging_mixin.py:150} INFO - [2025-09-02T16:14:07.740+0000] {dag.py:2742} INFO - Sync 1 DAGs
[2025-09-02T16:14:07.774+0000] {logging_mixin.py:150} INFO - [2025-09-02T16:14:07.773+0000] {dag.py:3508} INFO - Setting next_dagrun for latest_only_with_trigger to 2025-09-02T12:14:07.773614+00:00, run_after=2025-09-02T16:14:07.773614+00:00
[2025-09-02T16:14:07.800+0000] {processor.py:179} INFO - Processing /home/airflow/.local/lib/python3.7/site-packages/airflow/example_dags/example_latest_only_with_trigger.py took 0.102 seconds
[2025-09-02T16:14:38.378+0000] {processor.py:157} INFO - Started process (PID=265) to work on /home/airflow/.local/lib/python3.7/site-packages/airflow/example_dags/example_latest_only_with_trigger.py
[2025-09-02T16:14:38.379+0000] {processor.py:826} INFO - Processing file /home/airflow/.local/lib/python3.7/site-packages/airflow/example_dags/example_latest_only_with_trigger.py for tasks to queue
[2025-09-02T16:14:38.380+0000] {logging_mixin.py:150} INFO - [2025-09-02T16:14:38.380+0000] {dagbag.py:541} INFO - Filling up the DagBag from /home/airflow/.local/lib/python3.7/site-packages/airflow/example_dags/example_latest_only_with_trigger.py
[2025-09-02T16:14:38.388+0000] {processor.py:836} INFO - DAG(s) dict_keys(['latest_only_with_trigger']) retrieved from /home/airflow/.local/lib/python3.7/site-packages/airflow/example_dags/example_latest_only_with_trigger.py
[2025-09-02T16:14:38.422+0000] {logging_mixin.py:150} INFO - [2025-09-02T16:14:38.421+0000] {dag.py:2742} INFO - Sync 1 DAGs
[2025-09-02T16:14:38.460+0000] {logging_mixin.py:150} INFO - [2025-09-02T16:14:38.459+0000] {dag.py:3508} INFO - Setting next_dagrun for latest_only_with_trigger to 2025-09-02T12:14:38.459621+00:00, run_after=2025-09-02T16:14:38.459621+00:00
[2025-09-02T16:14:38.493+0000] {processor.py:179} INFO - Processing /home/airflow/.local/lib/python3.7/site-packages/airflow/example_dags/example_latest_only_with_trigger.py took 0.119 seconds
[2025-09-02T16:15:08.909+0000] {processor.py:157} INFO - Started process (PID=325) to work on /home/airflow/.local/lib/python3.7/site-packages/airflow/example_dags/example_latest_only_with_trigger.py
[2025-09-02T16:15:08.910+0000] {processor.py:826} INFO - Processing file /home/airflow/.local/lib/python3.7/site-packages/airflow/example_dags/example_latest_only_with_trigger.py for tasks to queue
[2025-09-02T16:15:08.911+0000] {logging_mixin.py:150} INFO - [2025-09-02T16:15:08.911+0000] {dagbag.py:541} INFO - Filling up the DagBag from /home/airflow/.local/lib/python3.7/site-packages/airflow/example_dags/example_latest_only_with_trigger.py
[2025-09-02T16:15:08.919+0000] {processor.py:836} INFO - DAG(s) dict_keys(['latest_only_with_trigger']) retrieved from /home/airflow/.local/lib/python3.7/site-packages/airflow/example_dags/example_latest_only_with_trigger.py
[2025-09-02T16:15:08.951+0000] {logging_mixin.py:150} INFO - [2025-09-02T16:15:08.951+0000] {dag.py:2742} INFO - Sync 1 DAGs
[2025-09-02T16:15:08.987+0000] {logging_mixin.py:150} INFO - [2025-09-02T16:15:08.986+0000] {dag.py:3508} INFO - Setting next_dagrun for latest_only_with_trigger to 2025-09-02T12:15:08.986699+00:00, run_after=2025-09-02T16:15:08.986699+00:00
[2025-09-02T16:15:09.015+0000] {processor.py:179} INFO - Processing /home/airflow/.local/lib/python3.7/site-packages/airflow/example_dags/example_latest_only_with_trigger.py took 0.110 seconds
[2025-09-02T16:15:39.425+0000] {processor.py:157} INFO - Started process (PID=385) to work on /home/airflow/.local/lib/python3.7/site-packages/airflow/example_dags/example_latest_only_with_trigger.py
[2025-09-02T16:15:39.426+0000] {processor.py:826} INFO - Processing file /home/airflow/.local/lib/python3.7/site-packages/airflow/example_dags/example_latest_only_with_trigger.py for tasks to queue
[2025-09-02T16:15:39.426+0000] {logging_mixin.py:150} INFO - [2025-09-02T16:15:39.426+0000] {dagbag.py:541} INFO - Filling up the DagBag from /home/airflow/.local/lib/python3.7/site-packages/airflow/example_dags/example_latest_only_with_trigger.py
[2025-09-02T16:15:39.434+0000] {processor.py:836} INFO - DAG(s) dict_keys(['latest_only_with_trigger']) retrieved from /home/airflow/.local/lib/python3.7/site-packages/airflow/example_dags/example_latest_only_with_trigger.py
[2025-09-02T16:15:39.465+0000] {logging_mixin.py:150} INFO - [2025-09-02T16:15:39.464+0000] {dag.py:2742} INFO - Sync 1 DAGs
[2025-09-02T16:15:39.498+0000] {logging_mixin.py:150} INFO - [2025-09-02T16:15:39.498+0000] {dag.py:3508} INFO - Setting next_dagrun for latest_only_with_trigger to 2025-09-02T12:15:39.497845+00:00, run_after=2025-09-02T16:15:39.497845+00:00
[2025-09-02T16:15:39.524+0000] {processor.py:179} INFO - Processing /home/airflow/.local/lib/python3.7/site-packages/airflow/example_dags/example_latest_only_with_trigger.py took 0.104 seconds
[2025-09-02T16:16:10.541+0000] {processor.py:157} INFO - Started process (PID=445) to work on /home/airflow/.local/lib/python3.7/site-packages/airflow/example_dags/example_latest_only_with_trigger.py
[2025-09-02T16:16:10.542+0000] {processor.py:826} INFO - Processing file /home/airflow/.local/lib/python3.7/site-packages/airflow/example_dags/example_latest_only_with_trigger.py for tasks to queue
[2025-09-02T16:16:10.543+0000] {logging_mixin.py:150} INFO - [2025-09-02T16:16:10.543+0000] {dagbag.py:541} INFO - Filling up the DagBag from /home/airflow/.local/lib/python3.7/site-packages/airflow/example_dags/example_latest_only_with_trigger.py
[2025-09-02T16:16:10.554+0000] {processor.py:836} INFO - DAG(s) dict_keys(['latest_only_with_trigger']) retrieved from /home/airflow/.local/lib/python3.7/site-packages/airflow/example_dags/example_latest_only_with_trigger.py
[2025-09-02T16:16:10.591+0000] {logging_mixin.py:150} INFO - [2025-09-02T16:16:10.591+0000] {dag.py:2742} INFO - Sync 1 DAGs
[2025-09-02T16:16:10.635+0000] {logging_mixin.py:150} INFO - [2025-09-02T16:16:10.634+0000] {dag.py:3508} INFO - Setting next_dagrun for latest_only_with_trigger to 2025-09-02T12:16:10.634417+00:00, run_after=2025-09-02T16:16:10.634417+00:00
[2025-09-02T16:16:10.672+0000] {processor.py:179} INFO - Processing /home/airflow/.local/lib/python3.7/site-packages/airflow/example_dags/example_latest_only_with_trigger.py took 0.135 seconds
[2025-09-02T16:16:41.396+0000] {processor.py:157} INFO - Started process (PID=505) to work on /home/airflow/.local/lib/python3.7/site-packages/airflow/example_dags/example_latest_only_with_trigger.py
[2025-09-02T16:16:41.397+0000] {processor.py:826} INFO - Processing file /home/airflow/.local/lib/python3.7/site-packages/airflow/example_dags/example_latest_only_with_trigger.py for tasks to queue
[2025-09-02T16:16:41.398+0000] {logging_mixin.py:150} INFO - [2025-09-02T16:16:41.398+0000] {dagbag.py:541} INFO - Filling up the DagBag from /home/airflow/.local/lib/python3.7/site-packages/airflow/example_dags/example_latest_only_with_trigger.py
[2025-09-02T16:16:41.405+0000] {processor.py:836} INFO - DAG(s) dict_keys(['latest_only_with_trigger']) retrieved from /home/airflow/.local/lib/python3.7/site-packages/airflow/example_dags/example_latest_only_with_trigger.py
[2025-09-02T16:16:41.433+0000] {logging_mixin.py:150} INFO - [2025-09-02T16:16:41.432+0000] {dag.py:2742} INFO - Sync 1 DAGs
[2025-09-02T16:16:41.467+0000] {logging_mixin.py:150} INFO - [2025-09-02T16:16:41.467+0000] {dag.py:3508} INFO - Setting next_dagrun for latest_only_with_trigger to 2025-09-02T12:16:41.467178+00:00, run_after=2025-09-02T16:16:41.467178+00:00
[2025-09-02T16:16:41.499+0000] {processor.py:179} INFO - Processing /home/airflow/.local/lib/python3.7/site-packages/airflow/example_dags/example_latest_only_with_trigger.py took 0.107 seconds
[2025-09-02T16:17:12.132+0000] {processor.py:157} INFO - Started process (PID=564) to work on /home/airflow/.local/lib/python3.7/site-packages/airflow/example_dags/example_latest_only_with_trigger.py
[2025-09-02T16:17:12.136+0000] {processor.py:826} INFO - Processing file /home/airflow/.local/lib/python3.7/site-packages/airflow/example_dags/example_latest_only_with_trigger.py for tasks to queue
[2025-09-02T16:17:12.138+0000] {logging_mixin.py:150} INFO - [2025-09-02T16:17:12.137+0000] {dagbag.py:541} INFO - Filling up the DagBag from /home/airflow/.local/lib/python3.7/site-packages/airflow/example_dags/example_latest_only_with_trigger.py
[2025-09-02T16:17:12.150+0000] {processor.py:836} INFO - DAG(s) dict_keys(['latest_only_with_trigger']) retrieved from /home/airflow/.local/lib/python3.7/site-packages/airflow/example_dags/example_latest_only_with_trigger.py
[2025-09-02T16:17:12.207+0000] {logging_mixin.py:150} INFO - [2025-09-02T16:17:12.207+0000] {dag.py:2742} INFO - Sync 1 DAGs
[2025-09-02T16:17:12.251+0000] {logging_mixin.py:150} INFO - [2025-09-02T16:17:12.251+0000] {dag.py:3508} INFO - Setting next_dagrun for latest_only_with_trigger to 2025-09-02T12:17:12.249095+00:00, run_after=2025-09-02T16:17:12.249095+00:00
[2025-09-02T16:17:12.303+0000] {processor.py:179} INFO - Processing /home/airflow/.local/lib/python3.7/site-packages/airflow/example_dags/example_latest_only_with_trigger.py took 0.181 seconds
[2025-09-02T16:17:42.757+0000] {processor.py:157} INFO - Started process (PID=618) to work on /home/airflow/.local/lib/python3.7/site-packages/airflow/example_dags/example_latest_only_with_trigger.py
[2025-09-02T16:17:42.758+0000] {processor.py:826} INFO - Processing file /home/airflow/.local/lib/python3.7/site-packages/airflow/example_dags/example_latest_only_with_trigger.py for tasks to queue
[2025-09-02T16:17:42.759+0000] {logging_mixin.py:150} INFO - [2025-09-02T16:17:42.759+0000] {dagbag.py:541} INFO - Filling up the DagBag from /home/airflow/.local/lib/python3.7/site-packages/airflow/example_dags/example_latest_only_with_trigger.py
[2025-09-02T16:17:42.767+0000] {processor.py:836} INFO - DAG(s) dict_keys(['latest_only_with_trigger']) retrieved from /home/airflow/.local/lib/python3.7/site-packages/airflow/example_dags/example_latest_only_with_trigger.py
[2025-09-02T16:17:42.798+0000] {logging_mixin.py:150} INFO - [2025-09-02T16:17:42.798+0000] {dag.py:2742} INFO - Sync 1 DAGs
[2025-09-02T16:17:42.832+0000] {logging_mixin.py:150} INFO - [2025-09-02T16:17:42.832+0000] {dag.py:3508} INFO - Setting next_dagrun for latest_only_with_trigger to 2025-09-02T12:17:42.831747+00:00, run_after=2025-09-02T16:17:42.831747+00:00
[2025-09-02T16:17:42.858+0000] {processor.py:179} INFO - Processing /home/airflow/.local/lib/python3.7/site-packages/airflow/example_dags/example_latest_only_with_trigger.py took 0.106 seconds
[2025-09-02T16:18:13.092+0000] {processor.py:157} INFO - Started process (PID=678) to work on /home/airflow/.local/lib/python3.7/site-packages/airflow/example_dags/example_latest_only_with_trigger.py
[2025-09-02T16:18:13.093+0000] {processor.py:826} INFO - Processing file /home/airflow/.local/lib/python3.7/site-packages/airflow/example_dags/example_latest_only_with_trigger.py for tasks to queue
[2025-09-02T16:18:13.094+0000] {logging_mixin.py:150} INFO - [2025-09-02T16:18:13.094+0000] {dagbag.py:541} INFO - Filling up the DagBag from /home/airflow/.local/lib/python3.7/site-packages/airflow/example_dags/example_latest_only_with_trigger.py
[2025-09-02T16:18:13.104+0000] {processor.py:836} INFO - DAG(s) dict_keys(['latest_only_with_trigger']) retrieved from /home/airflow/.local/lib/python3.7/site-packages/airflow/example_dags/example_latest_only_with_trigger.py
[2025-09-02T16:18:13.136+0000] {logging_mixin.py:150} INFO - [2025-09-02T16:18:13.135+0000] {dag.py:2742} INFO - Sync 1 DAGs
[2025-09-02T16:18:13.170+0000] {logging_mixin.py:150} INFO - [2025-09-02T16:18:13.170+0000] {dag.py:3508} INFO - Setting next_dagrun for latest_only_with_trigger to 2025-09-02T12:18:13.170047+00:00, run_after=2025-09-02T16:18:13.170047+00:00
[2025-09-02T16:18:13.198+0000] {processor.py:179} INFO - Processing /home/airflow/.local/lib/python3.7/site-packages/airflow/example_dags/example_latest_only_with_trigger.py took 0.110 seconds
[2025-09-02T16:18:43.806+0000] {processor.py:157} INFO - Started process (PID=738) to work on /home/airflow/.local/lib/python3.7/site-packages/airflow/example_dags/example_latest_only_with_trigger.py
[2025-09-02T16:18:43.807+0000] {processor.py:826} INFO - Processing file /home/airflow/.local/lib/python3.7/site-packages/airflow/example_dags/example_latest_only_with_trigger.py for tasks to queue
[2025-09-02T16:18:43.808+0000] {logging_mixin.py:150} INFO - [2025-09-02T16:18:43.808+0000] {dagbag.py:541} INFO - Filling up the DagBag from /home/airflow/.local/lib/python3.7/site-packages/airflow/example_dags/example_latest_only_with_trigger.py
[2025-09-02T16:18:43.815+0000] {processor.py:836} INFO - DAG(s) dict_keys(['latest_only_with_trigger']) retrieved from /home/airflow/.local/lib/python3.7/site-packages/airflow/example_dags/example_latest_only_with_trigger.py
[2025-09-02T16:18:43.843+0000] {logging_mixin.py:150} INFO - [2025-09-02T16:18:43.843+0000] {dag.py:2742} INFO - Sync 1 DAGs
[2025-09-02T16:18:43.876+0000] {logging_mixin.py:150} INFO - [2025-09-02T16:18:43.876+0000] {dag.py:3508} INFO - Setting next_dagrun for latest_only_with_trigger to 2025-09-02T12:18:43.876182+00:00, run_after=2025-09-02T16:18:43.876182+00:00
[2025-09-02T16:18:43.910+0000] {processor.py:179} INFO - Processing /home/airflow/.local/lib/python3.7/site-packages/airflow/example_dags/example_latest_only_with_trigger.py took 0.107 seconds
[2025-09-02T16:19:14.378+0000] {processor.py:157} INFO - Started process (PID=798) to work on /home/airflow/.local/lib/python3.7/site-packages/airflow/example_dags/example_latest_only_with_trigger.py
[2025-09-02T16:19:14.379+0000] {processor.py:826} INFO - Processing file /home/airflow/.local/lib/python3.7/site-packages/airflow/example_dags/example_latest_only_with_trigger.py for tasks to queue
[2025-09-02T16:19:14.380+0000] {logging_mixin.py:150} INFO - [2025-09-02T16:19:14.380+0000] {dagbag.py:541} INFO - Filling up the DagBag from /home/airflow/.local/lib/python3.7/site-packages/airflow/example_dags/example_latest_only_with_trigger.py
[2025-09-02T16:19:14.388+0000] {processor.py:836} INFO - DAG(s) dict_keys(['latest_only_with_trigger']) retrieved from /home/airflow/.local/lib/python3.7/site-packages/airflow/example_dags/example_latest_only_with_trigger.py
[2025-09-02T16:19:14.415+0000] {logging_mixin.py:150} INFO - [2025-09-02T16:19:14.415+0000] {dag.py:2742} INFO - Sync 1 DAGs
[2025-09-02T16:19:14.439+0000] {logging_mixin.py:150} INFO - [2025-09-02T16:19:14.439+0000] {dag.py:3508} INFO - Setting next_dagrun for latest_only_with_trigger to 2025-09-02T12:19:14.439522+00:00, run_after=2025-09-02T16:19:14.439522+00:00
[2025-09-02T16:19:14.459+0000] {processor.py:179} INFO - Processing /home/airflow/.local/lib/python3.7/site-packages/airflow/example_dags/example_latest_only_with_trigger.py took 0.085 seconds
[2025-09-02T16:19:45.098+0000] {processor.py:157} INFO - Started process (PID=858) to work on /home/airflow/.local/lib/python3.7/site-packages/airflow/example_dags/example_latest_only_with_trigger.py
[2025-09-02T16:19:45.099+0000] {processor.py:826} INFO - Processing file /home/airflow/.local/lib/python3.7/site-packages/airflow/example_dags/example_latest_only_with_trigger.py for tasks to queue
[2025-09-02T16:19:45.100+0000] {logging_mixin.py:150} INFO - [2025-09-02T16:19:45.100+0000] {dagbag.py:541} INFO - Filling up the DagBag from /home/airflow/.local/lib/python3.7/site-packages/airflow/example_dags/example_latest_only_with_trigger.py
[2025-09-02T16:19:45.108+0000] {processor.py:836} INFO - DAG(s) dict_keys(['latest_only_with_trigger']) retrieved from /home/airflow/.local/lib/python3.7/site-packages/airflow/example_dags/example_latest_only_with_trigger.py
[2025-09-02T16:19:45.137+0000] {logging_mixin.py:150} INFO - [2025-09-02T16:19:45.137+0000] {dag.py:2742} INFO - Sync 1 DAGs
[2025-09-02T16:19:45.171+0000] {logging_mixin.py:150} INFO - [2025-09-02T16:19:45.171+0000] {dag.py:3508} INFO - Setting next_dagrun for latest_only_with_trigger to 2025-09-02T12:19:45.170804+00:00, run_after=2025-09-02T16:19:45.170804+00:00
[2025-09-02T16:19:45.198+0000] {processor.py:179} INFO - Processing /home/airflow/.local/lib/python3.7/site-packages/airflow/example_dags/example_latest_only_with_trigger.py took 0.104 seconds
[2025-09-02T16:20:16.032+0000] {processor.py:157} INFO - Started process (PID=918) to work on /home/airflow/.local/lib/python3.7/site-packages/airflow/example_dags/example_latest_only_with_trigger.py
[2025-09-02T16:20:16.033+0000] {processor.py:826} INFO - Processing file /home/airflow/.local/lib/python3.7/site-packages/airflow/example_dags/example_latest_only_with_trigger.py for tasks to queue
[2025-09-02T16:20:16.034+0000] {logging_mixin.py:150} INFO - [2025-09-02T16:20:16.033+0000] {dagbag.py:541} INFO - Filling up the DagBag from /home/airflow/.local/lib/python3.7/site-packages/airflow/example_dags/example_latest_only_with_trigger.py
[2025-09-02T16:20:16.043+0000] {processor.py:836} INFO - DAG(s) dict_keys(['latest_only_with_trigger']) retrieved from /home/airflow/.local/lib/python3.7/site-packages/airflow/example_dags/example_latest_only_with_trigger.py
[2025-09-02T16:20:16.074+0000] {logging_mixin.py:150} INFO - [2025-09-02T16:20:16.074+0000] {dag.py:2742} INFO - Sync 1 DAGs
[2025-09-02T16:20:16.113+0000] {logging_mixin.py:150} INFO - [2025-09-02T16:20:16.113+0000] {dag.py:3508} INFO - Setting next_dagrun for latest_only_with_trigger to 2025-09-02T12:20:16.112689+00:00, run_after=2025-09-02T16:20:16.112689+00:00
[2025-09-02T16:20:16.142+0000] {processor.py:179} INFO - Processing /home/airflow/.local/lib/python3.7/site-packages/airflow/example_dags/example_latest_only_with_trigger.py took 0.115 seconds
[2025-09-02T16:20:46.793+0000] {processor.py:157} INFO - Started process (PID=978) to work on /home/airflow/.local/lib/python3.7/site-packages/airflow/example_dags/example_latest_only_with_trigger.py
[2025-09-02T16:20:46.794+0000] {processor.py:826} INFO - Processing file /home/airflow/.local/lib/python3.7/site-packages/airflow/example_dags/example_latest_only_with_trigger.py for tasks to queue
[2025-09-02T16:20:46.795+0000] {logging_mixin.py:150} INFO - [2025-09-02T16:20:46.794+0000] {dagbag.py:541} INFO - Filling up the DagBag from /home/airflow/.local/lib/python3.7/site-packages/airflow/example_dags/example_latest_only_with_trigger.py
[2025-09-02T16:20:46.804+0000] {processor.py:836} INFO - DAG(s) dict_keys(['latest_only_with_trigger']) retrieved from /home/airflow/.local/lib/python3.7/site-packages/airflow/example_dags/example_latest_only_with_trigger.py
[2025-09-02T16:20:46.839+0000] {logging_mixin.py:150} INFO - [2025-09-02T16:20:46.839+0000] {dag.py:2742} INFO - Sync 1 DAGs
[2025-09-02T16:20:46.876+0000] {logging_mixin.py:150} INFO - [2025-09-02T16:20:46.876+0000] {dag.py:3508} INFO - Setting next_dagrun for latest_only_with_trigger to 2025-09-02T12:20:46.875985+00:00, run_after=2025-09-02T16:20:46.875985+00:00
[2025-09-02T16:20:46.932+0000] {processor.py:179} INFO - Processing /home/airflow/.local/lib/python3.7/site-packages/airflow/example_dags/example_latest_only_with_trigger.py took 0.144 seconds
[2025-09-02T16:21:17.365+0000] {processor.py:157} INFO - Started process (PID=1038) to work on /home/airflow/.local/lib/python3.7/site-packages/airflow/example_dags/example_latest_only_with_trigger.py
[2025-09-02T16:21:17.368+0000] {processor.py:826} INFO - Processing file /home/airflow/.local/lib/python3.7/site-packages/airflow/example_dags/example_latest_only_with_trigger.py for tasks to queue
[2025-09-02T16:21:17.370+0000] {logging_mixin.py:150} INFO - [2025-09-02T16:21:17.369+0000] {dagbag.py:541} INFO - Filling up the DagBag from /home/airflow/.local/lib/python3.7/site-packages/airflow/example_dags/example_latest_only_with_trigger.py
[2025-09-02T16:21:17.391+0000] {processor.py:836} INFO - DAG(s) dict_keys(['latest_only_with_trigger']) retrieved from /home/airflow/.local/lib/python3.7/site-packages/airflow/example_dags/example_latest_only_with_trigger.py
[2025-09-02T16:21:17.442+0000] {logging_mixin.py:150} INFO - [2025-09-02T16:21:17.441+0000] {dag.py:2742} INFO - Sync 1 DAGs
[2025-09-02T16:21:17.481+0000] {logging_mixin.py:150} INFO - [2025-09-02T16:21:17.480+0000] {dag.py:3508} INFO - Setting next_dagrun for latest_only_with_trigger to 2025-09-02T12:21:17.480430+00:00, run_after=2025-09-02T16:21:17.480430+00:00
[2025-09-02T16:21:17.511+0000] {processor.py:179} INFO - Processing /home/airflow/.local/lib/python3.7/site-packages/airflow/example_dags/example_latest_only_with_trigger.py took 0.161 seconds
[2025-09-02T16:21:48.118+0000] {processor.py:157} INFO - Started process (PID=1098) to work on /home/airflow/.local/lib/python3.7/site-packages/airflow/example_dags/example_latest_only_with_trigger.py
[2025-09-02T16:21:48.120+0000] {processor.py:826} INFO - Processing file /home/airflow/.local/lib/python3.7/site-packages/airflow/example_dags/example_latest_only_with_trigger.py for tasks to queue
[2025-09-02T16:21:48.121+0000] {logging_mixin.py:150} INFO - [2025-09-02T16:21:48.121+0000] {dagbag.py:541} INFO - Filling up the DagBag from /home/airflow/.local/lib/python3.7/site-packages/airflow/example_dags/example_latest_only_with_trigger.py
[2025-09-02T16:21:48.136+0000] {processor.py:836} INFO - DAG(s) dict_keys(['latest_only_with_trigger']) retrieved from /home/airflow/.local/lib/python3.7/site-packages/airflow/example_dags/example_latest_only_with_trigger.py
[2025-09-02T16:21:48.208+0000] {logging_mixin.py:150} INFO - [2025-09-02T16:21:48.208+0000] {dag.py:2742} INFO - Sync 1 DAGs
[2025-09-02T16:21:48.263+0000] {logging_mixin.py:150} INFO - [2025-09-02T16:21:48.262+0000] {dag.py:3508} INFO - Setting next_dagrun for latest_only_with_trigger to 2025-09-02T12:21:48.262114+00:00, run_after=2025-09-02T16:21:48.262114+00:00
[2025-09-02T16:21:48.325+0000] {processor.py:179} INFO - Processing /home/airflow/.local/lib/python3.7/site-packages/airflow/example_dags/example_latest_only_with_trigger.py took 0.214 seconds
[2025-09-02T16:22:18.771+0000] {processor.py:157} INFO - Started process (PID=1158) to work on /home/airflow/.local/lib/python3.7/site-packages/airflow/example_dags/example_latest_only_with_trigger.py
[2025-09-02T16:22:18.772+0000] {processor.py:826} INFO - Processing file /home/airflow/.local/lib/python3.7/site-packages/airflow/example_dags/example_latest_only_with_trigger.py for tasks to queue
[2025-09-02T16:22:18.773+0000] {logging_mixin.py:150} INFO - [2025-09-02T16:22:18.773+0000] {dagbag.py:541} INFO - Filling up the DagBag from /home/airflow/.local/lib/python3.7/site-packages/airflow/example_dags/example_latest_only_with_trigger.py
[2025-09-02T16:22:18.780+0000] {processor.py:836} INFO - DAG(s) dict_keys(['latest_only_with_trigger']) retrieved from /home/airflow/.local/lib/python3.7/site-packages/airflow/example_dags/example_latest_only_with_trigger.py
[2025-09-02T16:22:18.809+0000] {logging_mixin.py:150} INFO - [2025-09-02T16:22:18.809+0000] {dag.py:2742} INFO - Sync 1 DAGs
[2025-09-02T16:22:18.842+0000] {logging_mixin.py:150} INFO - [2025-09-02T16:22:18.841+0000] {dag.py:3508} INFO - Setting next_dagrun for latest_only_with_trigger to 2025-09-02T12:22:18.841704+00:00, run_after=2025-09-02T16:22:18.841704+00:00
[2025-09-02T16:22:18.867+0000] {processor.py:179} INFO - Processing /home/airflow/.local/lib/python3.7/site-packages/airflow/example_dags/example_latest_only_with_trigger.py took 0.100 seconds
[2025-09-02T16:22:49.348+0000] {processor.py:157} INFO - Started process (PID=1218) to work on /home/airflow/.local/lib/python3.7/site-packages/airflow/example_dags/example_latest_only_with_trigger.py
[2025-09-02T16:22:49.350+0000] {processor.py:826} INFO - Processing file /home/airflow/.local/lib/python3.7/site-packages/airflow/example_dags/example_latest_only_with_trigger.py for tasks to queue
[2025-09-02T16:22:49.351+0000] {logging_mixin.py:150} INFO - [2025-09-02T16:22:49.350+0000] {dagbag.py:541} INFO - Filling up the DagBag from /home/airflow/.local/lib/python3.7/site-packages/airflow/example_dags/example_latest_only_with_trigger.py
[2025-09-02T16:22:49.360+0000] {processor.py:836} INFO - DAG(s) dict_keys(['latest_only_with_trigger']) retrieved from /home/airflow/.local/lib/python3.7/site-packages/airflow/example_dags/example_latest_only_with_trigger.py
[2025-09-02T16:22:49.394+0000] {logging_mixin.py:150} INFO - [2025-09-02T16:22:49.393+0000] {dag.py:2742} INFO - Sync 1 DAGs
[2025-09-02T16:22:49.436+0000] {logging_mixin.py:150} INFO - [2025-09-02T16:22:49.436+0000] {dag.py:3508} INFO - Setting next_dagrun for latest_only_with_trigger to 2025-09-02T12:22:49.436279+00:00, run_after=2025-09-02T16:22:49.436279+00:00
[2025-09-02T16:22:49.468+0000] {processor.py:179} INFO - Processing /home/airflow/.local/lib/python3.7/site-packages/airflow/example_dags/example_latest_only_with_trigger.py took 0.125 seconds
[2025-09-02T16:23:19.749+0000] {processor.py:157} INFO - Started process (PID=1278) to work on /home/airflow/.local/lib/python3.7/site-packages/airflow/example_dags/example_latest_only_with_trigger.py
[2025-09-02T16:23:19.750+0000] {processor.py:826} INFO - Processing file /home/airflow/.local/lib/python3.7/site-packages/airflow/example_dags/example_latest_only_with_trigger.py for tasks to queue
[2025-09-02T16:23:19.751+0000] {logging_mixin.py:150} INFO - [2025-09-02T16:23:19.751+0000] {dagbag.py:541} INFO - Filling up the DagBag from /home/airflow/.local/lib/python3.7/site-packages/airflow/example_dags/example_latest_only_with_trigger.py
[2025-09-02T16:23:19.761+0000] {processor.py:836} INFO - DAG(s) dict_keys(['latest_only_with_trigger']) retrieved from /home/airflow/.local/lib/python3.7/site-packages/airflow/example_dags/example_latest_only_with_trigger.py
[2025-09-02T16:23:19.794+0000] {logging_mixin.py:150} INFO - [2025-09-02T16:23:19.793+0000] {dag.py:2742} INFO - Sync 1 DAGs
[2025-09-02T16:23:19.827+0000] {logging_mixin.py:150} INFO - [2025-09-02T16:23:19.827+0000] {dag.py:3508} INFO - Setting next_dagrun for latest_only_with_trigger to 2025-09-02T12:23:19.826839+00:00, run_after=2025-09-02T16:23:19.826839+00:00
[2025-09-02T16:23:19.852+0000] {processor.py:179} INFO - Processing /home/airflow/.local/lib/python3.7/site-packages/airflow/example_dags/example_latest_only_with_trigger.py took 0.108 seconds
[2025-09-02T16:23:50.177+0000] {processor.py:157} INFO - Started process (PID=1338) to work on /home/airflow/.local/lib/python3.7/site-packages/airflow/example_dags/example_latest_only_with_trigger.py
[2025-09-02T16:23:50.178+0000] {processor.py:826} INFO - Processing file /home/airflow/.local/lib/python3.7/site-packages/airflow/example_dags/example_latest_only_with_trigger.py for tasks to queue
[2025-09-02T16:23:50.179+0000] {logging_mixin.py:150} INFO - [2025-09-02T16:23:50.179+0000] {dagbag.py:541} INFO - Filling up the DagBag from /home/airflow/.local/lib/python3.7/site-packages/airflow/example_dags/example_latest_only_with_trigger.py
[2025-09-02T16:23:50.189+0000] {processor.py:836} INFO - DAG(s) dict_keys(['latest_only_with_trigger']) retrieved from /home/airflow/.local/lib/python3.7/site-packages/airflow/example_dags/example_latest_only_with_trigger.py
[2025-09-02T16:23:50.223+0000] {logging_mixin.py:150} INFO - [2025-09-02T16:23:50.223+0000] {dag.py:2742} INFO - Sync 1 DAGs
[2025-09-02T16:23:50.260+0000] {logging_mixin.py:150} INFO - [2025-09-02T16:23:50.260+0000] {dag.py:3508} INFO - Setting next_dagrun for latest_only_with_trigger to 2025-09-02T12:23:50.260054+00:00, run_after=2025-09-02T16:23:50.260054+00:00
[2025-09-02T16:23:50.295+0000] {processor.py:179} INFO - Processing /home/airflow/.local/lib/python3.7/site-packages/airflow/example_dags/example_latest_only_with_trigger.py took 0.127 seconds
[2025-09-02T16:24:20.788+0000] {processor.py:157} INFO - Started process (PID=1398) to work on /home/airflow/.local/lib/python3.7/site-packages/airflow/example_dags/example_latest_only_with_trigger.py
[2025-09-02T16:24:20.789+0000] {processor.py:826} INFO - Processing file /home/airflow/.local/lib/python3.7/site-packages/airflow/example_dags/example_latest_only_with_trigger.py for tasks to queue
[2025-09-02T16:24:20.791+0000] {logging_mixin.py:150} INFO - [2025-09-02T16:24:20.790+0000] {dagbag.py:541} INFO - Filling up the DagBag from /home/airflow/.local/lib/python3.7/site-packages/airflow/example_dags/example_latest_only_with_trigger.py
[2025-09-02T16:24:20.803+0000] {processor.py:836} INFO - DAG(s) dict_keys(['latest_only_with_trigger']) retrieved from /home/airflow/.local/lib/python3.7/site-packages/airflow/example_dags/example_latest_only_with_trigger.py
[2025-09-02T16:24:20.859+0000] {logging_mixin.py:150} INFO - [2025-09-02T16:24:20.858+0000] {dag.py:2742} INFO - Sync 1 DAGs
[2025-09-02T16:24:20.917+0000] {logging_mixin.py:150} INFO - [2025-09-02T16:24:20.917+0000] {dag.py:3508} INFO - Setting next_dagrun for latest_only_with_trigger to 2025-09-02T12:24:20.916898+00:00, run_after=2025-09-02T16:24:20.916898+00:00
[2025-09-02T16:24:20.975+0000] {processor.py:179} INFO - Processing /home/airflow/.local/lib/python3.7/site-packages/airflow/example_dags/example_latest_only_with_trigger.py took 0.195 seconds
[2025-09-02T16:26:37.085+0000] {processor.py:157} INFO - Started process (PID=99) to work on /home/airflow/.local/lib/python3.7/site-packages/airflow/example_dags/example_latest_only_with_trigger.py
[2025-09-02T16:26:37.091+0000] {processor.py:826} INFO - Processing file /home/airflow/.local/lib/python3.7/site-packages/airflow/example_dags/example_latest_only_with_trigger.py for tasks to queue
[2025-09-02T16:26:37.093+0000] {logging_mixin.py:150} INFO - [2025-09-02T16:26:37.092+0000] {dagbag.py:541} INFO - Filling up the DagBag from /home/airflow/.local/lib/python3.7/site-packages/airflow/example_dags/example_latest_only_with_trigger.py
[2025-09-02T16:26:37.125+0000] {processor.py:836} INFO - DAG(s) dict_keys(['latest_only_with_trigger']) retrieved from /home/airflow/.local/lib/python3.7/site-packages/airflow/example_dags/example_latest_only_with_trigger.py
[2025-09-02T16:26:37.201+0000] {logging_mixin.py:150} INFO - [2025-09-02T16:26:37.201+0000] {dag.py:2742} INFO - Sync 1 DAGs
[2025-09-02T16:26:37.246+0000] {logging_mixin.py:150} INFO - [2025-09-02T16:26:37.246+0000] {dag.py:3508} INFO - Setting next_dagrun for latest_only_with_trigger to 2025-09-02T12:26:37.245927+00:00, run_after=2025-09-02T16:26:37.245927+00:00
[2025-09-02T16:26:37.281+0000] {processor.py:179} INFO - Processing /home/airflow/.local/lib/python3.7/site-packages/airflow/example_dags/example_latest_only_with_trigger.py took 0.208 seconds
[2025-09-02T16:27:07.511+0000] {processor.py:157} INFO - Started process (PID=159) to work on /home/airflow/.local/lib/python3.7/site-packages/airflow/example_dags/example_latest_only_with_trigger.py
[2025-09-02T16:27:07.513+0000] {processor.py:826} INFO - Processing file /home/airflow/.local/lib/python3.7/site-packages/airflow/example_dags/example_latest_only_with_trigger.py for tasks to queue
[2025-09-02T16:27:07.514+0000] {logging_mixin.py:150} INFO - [2025-09-02T16:27:07.514+0000] {dagbag.py:541} INFO - Filling up the DagBag from /home/airflow/.local/lib/python3.7/site-packages/airflow/example_dags/example_latest_only_with_trigger.py
[2025-09-02T16:27:07.527+0000] {processor.py:836} INFO - DAG(s) dict_keys(['latest_only_with_trigger']) retrieved from /home/airflow/.local/lib/python3.7/site-packages/airflow/example_dags/example_latest_only_with_trigger.py
[2025-09-02T16:27:07.574+0000] {logging_mixin.py:150} INFO - [2025-09-02T16:27:07.573+0000] {dag.py:2742} INFO - Sync 1 DAGs
[2025-09-02T16:27:07.617+0000] {logging_mixin.py:150} INFO - [2025-09-02T16:27:07.617+0000] {dag.py:3508} INFO - Setting next_dagrun for latest_only_with_trigger to 2025-09-02T12:27:07.616868+00:00, run_after=2025-09-02T16:27:07.616868+00:00
[2025-09-02T16:27:07.656+0000] {processor.py:179} INFO - Processing /home/airflow/.local/lib/python3.7/site-packages/airflow/example_dags/example_latest_only_with_trigger.py took 0.152 seconds
[2025-09-02T16:27:38.034+0000] {processor.py:157} INFO - Started process (PID=219) to work on /home/airflow/.local/lib/python3.7/site-packages/airflow/example_dags/example_latest_only_with_trigger.py
[2025-09-02T16:27:38.035+0000] {processor.py:826} INFO - Processing file /home/airflow/.local/lib/python3.7/site-packages/airflow/example_dags/example_latest_only_with_trigger.py for tasks to queue
[2025-09-02T16:27:38.037+0000] {logging_mixin.py:150} INFO - [2025-09-02T16:27:38.037+0000] {dagbag.py:541} INFO - Filling up the DagBag from /home/airflow/.local/lib/python3.7/site-packages/airflow/example_dags/example_latest_only_with_trigger.py
[2025-09-02T16:27:38.047+0000] {processor.py:836} INFO - DAG(s) dict_keys(['latest_only_with_trigger']) retrieved from /home/airflow/.local/lib/python3.7/site-packages/airflow/example_dags/example_latest_only_with_trigger.py
[2025-09-02T16:27:38.088+0000] {logging_mixin.py:150} INFO - [2025-09-02T16:27:38.088+0000] {dag.py:2742} INFO - Sync 1 DAGs
[2025-09-02T16:27:38.156+0000] {logging_mixin.py:150} INFO - [2025-09-02T16:27:38.155+0000] {dag.py:3508} INFO - Setting next_dagrun for latest_only_with_trigger to 2025-09-02T12:27:38.154944+00:00, run_after=2025-09-02T16:27:38.154944+00:00
[2025-09-02T16:27:38.208+0000] {processor.py:179} INFO - Processing /home/airflow/.local/lib/python3.7/site-packages/airflow/example_dags/example_latest_only_with_trigger.py took 0.179 seconds
[2025-09-02T16:28:08.452+0000] {processor.py:157} INFO - Started process (PID=277) to work on /home/airflow/.local/lib/python3.7/site-packages/airflow/example_dags/example_latest_only_with_trigger.py
[2025-09-02T16:28:08.453+0000] {processor.py:826} INFO - Processing file /home/airflow/.local/lib/python3.7/site-packages/airflow/example_dags/example_latest_only_with_trigger.py for tasks to queue
[2025-09-02T16:28:08.455+0000] {logging_mixin.py:150} INFO - [2025-09-02T16:28:08.454+0000] {dagbag.py:541} INFO - Filling up the DagBag from /home/airflow/.local/lib/python3.7/site-packages/airflow/example_dags/example_latest_only_with_trigger.py
[2025-09-02T16:28:08.465+0000] {processor.py:836} INFO - DAG(s) dict_keys(['latest_only_with_trigger']) retrieved from /home/airflow/.local/lib/python3.7/site-packages/airflow/example_dags/example_latest_only_with_trigger.py
[2025-09-02T16:28:08.495+0000] {logging_mixin.py:150} INFO - [2025-09-02T16:28:08.495+0000] {dag.py:2742} INFO - Sync 1 DAGs
[2025-09-02T16:28:08.528+0000] {logging_mixin.py:150} INFO - [2025-09-02T16:28:08.528+0000] {dag.py:3508} INFO - Setting next_dagrun for latest_only_with_trigger to 2025-09-02T12:28:08.528242+00:00, run_after=2025-09-02T16:28:08.528242+00:00
[2025-09-02T16:28:08.558+0000] {processor.py:179} INFO - Processing /home/airflow/.local/lib/python3.7/site-packages/airflow/example_dags/example_latest_only_with_trigger.py took 0.112 seconds
[2025-09-02T16:28:38.857+0000] {processor.py:157} INFO - Started process (PID=337) to work on /home/airflow/.local/lib/python3.7/site-packages/airflow/example_dags/example_latest_only_with_trigger.py
[2025-09-02T16:28:38.859+0000] {processor.py:826} INFO - Processing file /home/airflow/.local/lib/python3.7/site-packages/airflow/example_dags/example_latest_only_with_trigger.py for tasks to queue
[2025-09-02T16:28:38.860+0000] {logging_mixin.py:150} INFO - [2025-09-02T16:28:38.859+0000] {dagbag.py:541} INFO - Filling up the DagBag from /home/airflow/.local/lib/python3.7/site-packages/airflow/example_dags/example_latest_only_with_trigger.py
[2025-09-02T16:28:38.868+0000] {processor.py:836} INFO - DAG(s) dict_keys(['latest_only_with_trigger']) retrieved from /home/airflow/.local/lib/python3.7/site-packages/airflow/example_dags/example_latest_only_with_trigger.py
[2025-09-02T16:28:38.901+0000] {logging_mixin.py:150} INFO - [2025-09-02T16:28:38.900+0000] {dag.py:2742} INFO - Sync 1 DAGs
[2025-09-02T16:28:38.937+0000] {logging_mixin.py:150} INFO - [2025-09-02T16:28:38.937+0000] {dag.py:3508} INFO - Setting next_dagrun for latest_only_with_trigger to 2025-09-02T12:28:38.937198+00:00, run_after=2025-09-02T16:28:38.937198+00:00
[2025-09-02T16:28:38.970+0000] {processor.py:179} INFO - Processing /home/airflow/.local/lib/python3.7/site-packages/airflow/example_dags/example_latest_only_with_trigger.py took 0.117 seconds
[2025-09-02T16:29:09.477+0000] {processor.py:157} INFO - Started process (PID=397) to work on /home/airflow/.local/lib/python3.7/site-packages/airflow/example_dags/example_latest_only_with_trigger.py
[2025-09-02T16:29:09.478+0000] {processor.py:826} INFO - Processing file /home/airflow/.local/lib/python3.7/site-packages/airflow/example_dags/example_latest_only_with_trigger.py for tasks to queue
[2025-09-02T16:29:09.479+0000] {logging_mixin.py:150} INFO - [2025-09-02T16:29:09.478+0000] {dagbag.py:541} INFO - Filling up the DagBag from /home/airflow/.local/lib/python3.7/site-packages/airflow/example_dags/example_latest_only_with_trigger.py
[2025-09-02T16:29:09.487+0000] {processor.py:836} INFO - DAG(s) dict_keys(['latest_only_with_trigger']) retrieved from /home/airflow/.local/lib/python3.7/site-packages/airflow/example_dags/example_latest_only_with_trigger.py
[2025-09-02T16:29:09.520+0000] {logging_mixin.py:150} INFO - [2025-09-02T16:29:09.520+0000] {dag.py:2742} INFO - Sync 1 DAGs
[2025-09-02T16:29:09.555+0000] {logging_mixin.py:150} INFO - [2025-09-02T16:29:09.555+0000] {dag.py:3508} INFO - Setting next_dagrun for latest_only_with_trigger to 2025-09-02T12:29:09.555218+00:00, run_after=2025-09-02T16:29:09.555218+00:00
[2025-09-02T16:29:09.580+0000] {processor.py:179} INFO - Processing /home/airflow/.local/lib/python3.7/site-packages/airflow/example_dags/example_latest_only_with_trigger.py took 0.108 seconds
[2025-09-02T16:29:39.883+0000] {processor.py:157} INFO - Started process (PID=457) to work on /home/airflow/.local/lib/python3.7/site-packages/airflow/example_dags/example_latest_only_with_trigger.py
[2025-09-02T16:29:39.885+0000] {processor.py:826} INFO - Processing file /home/airflow/.local/lib/python3.7/site-packages/airflow/example_dags/example_latest_only_with_trigger.py for tasks to queue
[2025-09-02T16:29:39.887+0000] {logging_mixin.py:150} INFO - [2025-09-02T16:29:39.887+0000] {dagbag.py:541} INFO - Filling up the DagBag from /home/airflow/.local/lib/python3.7/site-packages/airflow/example_dags/example_latest_only_with_trigger.py
[2025-09-02T16:29:39.901+0000] {processor.py:836} INFO - DAG(s) dict_keys(['latest_only_with_trigger']) retrieved from /home/airflow/.local/lib/python3.7/site-packages/airflow/example_dags/example_latest_only_with_trigger.py
[2025-09-02T16:29:39.933+0000] {logging_mixin.py:150} INFO - [2025-09-02T16:29:39.933+0000] {dag.py:2742} INFO - Sync 1 DAGs
[2025-09-02T16:29:39.970+0000] {logging_mixin.py:150} INFO - [2025-09-02T16:29:39.970+0000] {dag.py:3508} INFO - Setting next_dagrun for latest_only_with_trigger to 2025-09-02T12:29:39.969756+00:00, run_after=2025-09-02T16:29:39.969756+00:00
[2025-09-02T16:29:40.000+0000] {processor.py:179} INFO - Processing /home/airflow/.local/lib/python3.7/site-packages/airflow/example_dags/example_latest_only_with_trigger.py took 0.123 seconds
[2025-09-02T16:30:11.592+0000] {processor.py:157} INFO - Started process (PID=518) to work on /home/airflow/.local/lib/python3.7/site-packages/airflow/example_dags/example_latest_only_with_trigger.py
[2025-09-02T16:30:11.594+0000] {processor.py:826} INFO - Processing file /home/airflow/.local/lib/python3.7/site-packages/airflow/example_dags/example_latest_only_with_trigger.py for tasks to queue
[2025-09-02T16:30:11.595+0000] {logging_mixin.py:150} INFO - [2025-09-02T16:30:11.595+0000] {dagbag.py:541} INFO - Filling up the DagBag from /home/airflow/.local/lib/python3.7/site-packages/airflow/example_dags/example_latest_only_with_trigger.py
[2025-09-02T16:30:11.604+0000] {processor.py:836} INFO - DAG(s) dict_keys(['latest_only_with_trigger']) retrieved from /home/airflow/.local/lib/python3.7/site-packages/airflow/example_dags/example_latest_only_with_trigger.py
[2025-09-02T16:30:11.668+0000] {logging_mixin.py:150} INFO - [2025-09-02T16:30:11.667+0000] {dag.py:2742} INFO - Sync 1 DAGs
[2025-09-02T16:30:11.701+0000] {logging_mixin.py:150} INFO - [2025-09-02T16:30:11.701+0000] {dag.py:3508} INFO - Setting next_dagrun for latest_only_with_trigger to 2025-09-02T12:30:11.698962+00:00, run_after=2025-09-02T16:30:11.698962+00:00
[2025-09-02T16:30:11.732+0000] {processor.py:179} INFO - Processing /home/airflow/.local/lib/python3.7/site-packages/airflow/example_dags/example_latest_only_with_trigger.py took 0.145 seconds
