[2025-09-02T16:13:01.858+0000] {processor.py:157} INFO - Started process (PID=51) to work on /home/airflow/.local/lib/python3.7/site-packages/airflow/example_dags/example_xcom.py
[2025-09-02T16:13:01.859+0000] {processor.py:826} INFO - Processing file /home/airflow/.local/lib/python3.7/site-packages/airflow/example_dags/example_xcom.py for tasks to queue
[2025-09-02T16:13:01.860+0000] {logging_mixin.py:150} INFO - [2025-09-02T16:13:01.859+0000] {dagbag.py:541} INFO - Filling up the DagBag from /home/airflow/.local/lib/python3.7/site-packages/airflow/example_dags/example_xcom.py
[2025-09-02T16:13:01.868+0000] {processor.py:836} INFO - DAG(s) dict_keys(['example_xcom']) retrieved from /home/airflow/.local/lib/python3.7/site-packages/airflow/example_dags/example_xcom.py
[2025-09-02T16:13:01.971+0000] {logging_mixin.py:150} INFO - [2025-09-02T16:13:01.971+0000] {manager.py:504} INFO - Created Permission View: can read on DAG:example_xcom
[2025-09-02T16:13:01.982+0000] {logging_mixin.py:150} INFO - [2025-09-02T16:13:01.982+0000] {manager.py:504} INFO - Created Permission View: can edit on DAG:example_xcom
[2025-09-02T16:13:01.993+0000] {logging_mixin.py:150} INFO - [2025-09-02T16:13:01.993+0000] {manager.py:504} INFO - Created Permission View: can delete on DAG:example_xcom
[2025-09-02T16:13:02.010+0000] {logging_mixin.py:150} INFO - [2025-09-02T16:13:02.010+0000] {dag.py:2742} INFO - Sync 1 DAGs
[2025-09-02T16:13:02.022+0000] {logging_mixin.py:150} INFO - [2025-09-02T16:13:02.022+0000] {dag.py:2763} INFO - Creating ORM DAG for example_xcom
[2025-09-02T16:13:02.037+0000] {logging_mixin.py:150} INFO - [2025-09-02T16:13:02.037+0000] {dag.py:3508} INFO - Setting next_dagrun for example_xcom to 2021-01-01T00:00:00+00:00, run_after=2021-01-01T00:00:00+00:00
[2025-09-02T16:13:02.057+0000] {processor.py:179} INFO - Processing /home/airflow/.local/lib/python3.7/site-packages/airflow/example_dags/example_xcom.py took 0.203 seconds
[2025-09-02T16:13:32.950+0000] {processor.py:157} INFO - Started process (PID=105) to work on /home/airflow/.local/lib/python3.7/site-packages/airflow/example_dags/example_xcom.py
[2025-09-02T16:13:32.952+0000] {processor.py:826} INFO - Processing file /home/airflow/.local/lib/python3.7/site-packages/airflow/example_dags/example_xcom.py for tasks to queue
[2025-09-02T16:13:32.953+0000] {logging_mixin.py:150} INFO - [2025-09-02T16:13:32.952+0000] {dagbag.py:541} INFO - Filling up the DagBag from /home/airflow/.local/lib/python3.7/site-packages/airflow/example_dags/example_xcom.py
[2025-09-02T16:13:32.964+0000] {processor.py:836} INFO - DAG(s) dict_keys(['example_xcom']) retrieved from /home/airflow/.local/lib/python3.7/site-packages/airflow/example_dags/example_xcom.py
[2025-09-02T16:13:32.997+0000] {logging_mixin.py:150} INFO - [2025-09-02T16:13:32.997+0000] {dag.py:2742} INFO - Sync 1 DAGs
[2025-09-02T16:13:33.036+0000] {logging_mixin.py:150} INFO - [2025-09-02T16:13:33.035+0000] {dag.py:3508} INFO - Setting next_dagrun for example_xcom to 2021-01-01T00:00:00+00:00, run_after=2021-01-01T00:00:00+00:00
[2025-09-02T16:13:33.063+0000] {processor.py:179} INFO - Processing /home/airflow/.local/lib/python3.7/site-packages/airflow/example_dags/example_xcom.py took 0.119 seconds
[2025-09-02T16:14:03.365+0000] {processor.py:157} INFO - Started process (PID=165) to work on /home/airflow/.local/lib/python3.7/site-packages/airflow/example_dags/example_xcom.py
[2025-09-02T16:14:03.367+0000] {processor.py:826} INFO - Processing file /home/airflow/.local/lib/python3.7/site-packages/airflow/example_dags/example_xcom.py for tasks to queue
[2025-09-02T16:14:03.368+0000] {logging_mixin.py:150} INFO - [2025-09-02T16:14:03.368+0000] {dagbag.py:541} INFO - Filling up the DagBag from /home/airflow/.local/lib/python3.7/site-packages/airflow/example_dags/example_xcom.py
[2025-09-02T16:14:03.379+0000] {processor.py:836} INFO - DAG(s) dict_keys(['example_xcom']) retrieved from /home/airflow/.local/lib/python3.7/site-packages/airflow/example_dags/example_xcom.py
[2025-09-02T16:14:03.425+0000] {logging_mixin.py:150} INFO - [2025-09-02T16:14:03.424+0000] {dag.py:2742} INFO - Sync 1 DAGs
[2025-09-02T16:14:03.469+0000] {logging_mixin.py:150} INFO - [2025-09-02T16:14:03.468+0000] {dag.py:3508} INFO - Setting next_dagrun for example_xcom to 2021-01-01T00:00:00+00:00, run_after=2021-01-01T00:00:00+00:00
[2025-09-02T16:14:03.510+0000] {processor.py:179} INFO - Processing /home/airflow/.local/lib/python3.7/site-packages/airflow/example_dags/example_xcom.py took 0.150 seconds
[2025-09-02T16:14:34.191+0000] {processor.py:157} INFO - Started process (PID=225) to work on /home/airflow/.local/lib/python3.7/site-packages/airflow/example_dags/example_xcom.py
[2025-09-02T16:14:34.192+0000] {processor.py:826} INFO - Processing file /home/airflow/.local/lib/python3.7/site-packages/airflow/example_dags/example_xcom.py for tasks to queue
[2025-09-02T16:14:34.193+0000] {logging_mixin.py:150} INFO - [2025-09-02T16:14:34.193+0000] {dagbag.py:541} INFO - Filling up the DagBag from /home/airflow/.local/lib/python3.7/site-packages/airflow/example_dags/example_xcom.py
[2025-09-02T16:14:34.203+0000] {processor.py:836} INFO - DAG(s) dict_keys(['example_xcom']) retrieved from /home/airflow/.local/lib/python3.7/site-packages/airflow/example_dags/example_xcom.py
[2025-09-02T16:14:34.240+0000] {logging_mixin.py:150} INFO - [2025-09-02T16:14:34.240+0000] {dag.py:2742} INFO - Sync 1 DAGs
[2025-09-02T16:14:34.275+0000] {logging_mixin.py:150} INFO - [2025-09-02T16:14:34.275+0000] {dag.py:3508} INFO - Setting next_dagrun for example_xcom to 2021-01-01T00:00:00+00:00, run_after=2021-01-01T00:00:00+00:00
[2025-09-02T16:14:34.306+0000] {processor.py:179} INFO - Processing /home/airflow/.local/lib/python3.7/site-packages/airflow/example_dags/example_xcom.py took 0.120 seconds
[2025-09-02T16:15:04.932+0000] {processor.py:157} INFO - Started process (PID=292) to work on /home/airflow/.local/lib/python3.7/site-packages/airflow/example_dags/example_xcom.py
[2025-09-02T16:15:04.936+0000] {processor.py:826} INFO - Processing file /home/airflow/.local/lib/python3.7/site-packages/airflow/example_dags/example_xcom.py for tasks to queue
[2025-09-02T16:15:04.939+0000] {logging_mixin.py:150} INFO - [2025-09-02T16:15:04.938+0000] {dagbag.py:541} INFO - Filling up the DagBag from /home/airflow/.local/lib/python3.7/site-packages/airflow/example_dags/example_xcom.py
[2025-09-02T16:15:04.959+0000] {processor.py:836} INFO - DAG(s) dict_keys(['example_xcom']) retrieved from /home/airflow/.local/lib/python3.7/site-packages/airflow/example_dags/example_xcom.py
[2025-09-02T16:15:05.008+0000] {logging_mixin.py:150} INFO - [2025-09-02T16:15:05.008+0000] {dag.py:2742} INFO - Sync 1 DAGs
[2025-09-02T16:15:05.057+0000] {logging_mixin.py:150} INFO - [2025-09-02T16:15:05.056+0000] {dag.py:3508} INFO - Setting next_dagrun for example_xcom to 2021-01-01T00:00:00+00:00, run_after=2021-01-01T00:00:00+00:00
[2025-09-02T16:15:05.102+0000] {processor.py:179} INFO - Processing /home/airflow/.local/lib/python3.7/site-packages/airflow/example_dags/example_xcom.py took 0.177 seconds
[2025-09-02T16:15:35.741+0000] {processor.py:157} INFO - Started process (PID=352) to work on /home/airflow/.local/lib/python3.7/site-packages/airflow/example_dags/example_xcom.py
[2025-09-02T16:15:35.743+0000] {processor.py:826} INFO - Processing file /home/airflow/.local/lib/python3.7/site-packages/airflow/example_dags/example_xcom.py for tasks to queue
[2025-09-02T16:15:35.745+0000] {logging_mixin.py:150} INFO - [2025-09-02T16:15:35.744+0000] {dagbag.py:541} INFO - Filling up the DagBag from /home/airflow/.local/lib/python3.7/site-packages/airflow/example_dags/example_xcom.py
[2025-09-02T16:15:35.758+0000] {processor.py:836} INFO - DAG(s) dict_keys(['example_xcom']) retrieved from /home/airflow/.local/lib/python3.7/site-packages/airflow/example_dags/example_xcom.py
[2025-09-02T16:15:35.792+0000] {logging_mixin.py:150} INFO - [2025-09-02T16:15:35.792+0000] {dag.py:2742} INFO - Sync 1 DAGs
[2025-09-02T16:15:35.827+0000] {logging_mixin.py:150} INFO - [2025-09-02T16:15:35.827+0000] {dag.py:3508} INFO - Setting next_dagrun for example_xcom to 2021-01-01T00:00:00+00:00, run_after=2021-01-01T00:00:00+00:00
[2025-09-02T16:15:35.855+0000] {processor.py:179} INFO - Processing /home/airflow/.local/lib/python3.7/site-packages/airflow/example_dags/example_xcom.py took 0.121 seconds
[2025-09-02T16:16:05.903+0000] {processor.py:157} INFO - Started process (PID=412) to work on /home/airflow/.local/lib/python3.7/site-packages/airflow/example_dags/example_xcom.py
[2025-09-02T16:16:05.905+0000] {processor.py:826} INFO - Processing file /home/airflow/.local/lib/python3.7/site-packages/airflow/example_dags/example_xcom.py for tasks to queue
[2025-09-02T16:16:05.907+0000] {logging_mixin.py:150} INFO - [2025-09-02T16:16:05.906+0000] {dagbag.py:541} INFO - Filling up the DagBag from /home/airflow/.local/lib/python3.7/site-packages/airflow/example_dags/example_xcom.py
[2025-09-02T16:16:05.919+0000] {processor.py:836} INFO - DAG(s) dict_keys(['example_xcom']) retrieved from /home/airflow/.local/lib/python3.7/site-packages/airflow/example_dags/example_xcom.py
[2025-09-02T16:16:05.958+0000] {logging_mixin.py:150} INFO - [2025-09-02T16:16:05.958+0000] {dag.py:2742} INFO - Sync 1 DAGs
[2025-09-02T16:16:06.002+0000] {logging_mixin.py:150} INFO - [2025-09-02T16:16:06.002+0000] {dag.py:3508} INFO - Setting next_dagrun for example_xcom to 2021-01-01T00:00:00+00:00, run_after=2021-01-01T00:00:00+00:00
[2025-09-02T16:16:06.038+0000] {processor.py:179} INFO - Processing /home/airflow/.local/lib/python3.7/site-packages/airflow/example_dags/example_xcom.py took 0.142 seconds
[2025-09-02T16:16:36.761+0000] {processor.py:157} INFO - Started process (PID=472) to work on /home/airflow/.local/lib/python3.7/site-packages/airflow/example_dags/example_xcom.py
[2025-09-02T16:16:36.763+0000] {processor.py:826} INFO - Processing file /home/airflow/.local/lib/python3.7/site-packages/airflow/example_dags/example_xcom.py for tasks to queue
[2025-09-02T16:16:36.765+0000] {logging_mixin.py:150} INFO - [2025-09-02T16:16:36.764+0000] {dagbag.py:541} INFO - Filling up the DagBag from /home/airflow/.local/lib/python3.7/site-packages/airflow/example_dags/example_xcom.py
[2025-09-02T16:16:36.778+0000] {processor.py:836} INFO - DAG(s) dict_keys(['example_xcom']) retrieved from /home/airflow/.local/lib/python3.7/site-packages/airflow/example_dags/example_xcom.py
[2025-09-02T16:16:36.827+0000] {logging_mixin.py:150} INFO - [2025-09-02T16:16:36.827+0000] {dag.py:2742} INFO - Sync 1 DAGs
[2025-09-02T16:16:36.869+0000] {logging_mixin.py:150} INFO - [2025-09-02T16:16:36.869+0000] {dag.py:3508} INFO - Setting next_dagrun for example_xcom to 2021-01-01T00:00:00+00:00, run_after=2021-01-01T00:00:00+00:00
[2025-09-02T16:16:36.901+0000] {processor.py:179} INFO - Processing /home/airflow/.local/lib/python3.7/site-packages/airflow/example_dags/example_xcom.py took 0.146 seconds
[2025-09-02T16:17:07.000+0000] {processor.py:157} INFO - Started process (PID=532) to work on /home/airflow/.local/lib/python3.7/site-packages/airflow/example_dags/example_xcom.py
[2025-09-02T16:17:07.003+0000] {processor.py:826} INFO - Processing file /home/airflow/.local/lib/python3.7/site-packages/airflow/example_dags/example_xcom.py for tasks to queue
[2025-09-02T16:17:07.005+0000] {logging_mixin.py:150} INFO - [2025-09-02T16:17:07.005+0000] {dagbag.py:541} INFO - Filling up the DagBag from /home/airflow/.local/lib/python3.7/site-packages/airflow/example_dags/example_xcom.py
[2025-09-02T16:17:07.024+0000] {processor.py:836} INFO - DAG(s) dict_keys(['example_xcom']) retrieved from /home/airflow/.local/lib/python3.7/site-packages/airflow/example_dags/example_xcom.py
[2025-09-02T16:17:07.082+0000] {logging_mixin.py:150} INFO - [2025-09-02T16:17:07.081+0000] {dag.py:2742} INFO - Sync 1 DAGs
[2025-09-02T16:17:07.130+0000] {logging_mixin.py:150} INFO - [2025-09-02T16:17:07.129+0000] {dag.py:3508} INFO - Setting next_dagrun for example_xcom to 2021-01-01T00:00:00+00:00, run_after=2021-01-01T00:00:00+00:00
[2025-09-02T16:17:07.175+0000] {processor.py:179} INFO - Processing /home/airflow/.local/lib/python3.7/site-packages/airflow/example_dags/example_xcom.py took 0.181 seconds
[2025-09-02T16:17:37.581+0000] {processor.py:157} INFO - Started process (PID=592) to work on /home/airflow/.local/lib/python3.7/site-packages/airflow/example_dags/example_xcom.py
[2025-09-02T16:17:37.583+0000] {processor.py:826} INFO - Processing file /home/airflow/.local/lib/python3.7/site-packages/airflow/example_dags/example_xcom.py for tasks to queue
[2025-09-02T16:17:37.585+0000] {logging_mixin.py:150} INFO - [2025-09-02T16:17:37.584+0000] {dagbag.py:541} INFO - Filling up the DagBag from /home/airflow/.local/lib/python3.7/site-packages/airflow/example_dags/example_xcom.py
[2025-09-02T16:17:37.597+0000] {processor.py:836} INFO - DAG(s) dict_keys(['example_xcom']) retrieved from /home/airflow/.local/lib/python3.7/site-packages/airflow/example_dags/example_xcom.py
[2025-09-02T16:17:37.631+0000] {logging_mixin.py:150} INFO - [2025-09-02T16:17:37.631+0000] {dag.py:2742} INFO - Sync 1 DAGs
[2025-09-02T16:17:37.668+0000] {logging_mixin.py:150} INFO - [2025-09-02T16:17:37.667+0000] {dag.py:3508} INFO - Setting next_dagrun for example_xcom to 2021-01-01T00:00:00+00:00, run_after=2021-01-01T00:00:00+00:00
[2025-09-02T16:17:37.698+0000] {processor.py:179} INFO - Processing /home/airflow/.local/lib/python3.7/site-packages/airflow/example_dags/example_xcom.py took 0.122 seconds
[2025-09-02T16:18:08.082+0000] {processor.py:157} INFO - Started process (PID=652) to work on /home/airflow/.local/lib/python3.7/site-packages/airflow/example_dags/example_xcom.py
[2025-09-02T16:18:08.083+0000] {processor.py:826} INFO - Processing file /home/airflow/.local/lib/python3.7/site-packages/airflow/example_dags/example_xcom.py for tasks to queue
[2025-09-02T16:18:08.083+0000] {logging_mixin.py:150} INFO - [2025-09-02T16:18:08.083+0000] {dagbag.py:541} INFO - Filling up the DagBag from /home/airflow/.local/lib/python3.7/site-packages/airflow/example_dags/example_xcom.py
[2025-09-02T16:18:08.090+0000] {processor.py:836} INFO - DAG(s) dict_keys(['example_xcom']) retrieved from /home/airflow/.local/lib/python3.7/site-packages/airflow/example_dags/example_xcom.py
[2025-09-02T16:18:08.114+0000] {logging_mixin.py:150} INFO - [2025-09-02T16:18:08.113+0000] {dag.py:2742} INFO - Sync 1 DAGs
[2025-09-02T16:18:08.141+0000] {logging_mixin.py:150} INFO - [2025-09-02T16:18:08.140+0000] {dag.py:3508} INFO - Setting next_dagrun for example_xcom to 2021-01-01T00:00:00+00:00, run_after=2021-01-01T00:00:00+00:00
[2025-09-02T16:18:08.162+0000] {processor.py:179} INFO - Processing /home/airflow/.local/lib/python3.7/site-packages/airflow/example_dags/example_xcom.py took 0.083 seconds
[2025-09-02T16:18:38.364+0000] {processor.py:157} INFO - Started process (PID=712) to work on /home/airflow/.local/lib/python3.7/site-packages/airflow/example_dags/example_xcom.py
[2025-09-02T16:18:38.366+0000] {processor.py:826} INFO - Processing file /home/airflow/.local/lib/python3.7/site-packages/airflow/example_dags/example_xcom.py for tasks to queue
[2025-09-02T16:18:38.367+0000] {logging_mixin.py:150} INFO - [2025-09-02T16:18:38.367+0000] {dagbag.py:541} INFO - Filling up the DagBag from /home/airflow/.local/lib/python3.7/site-packages/airflow/example_dags/example_xcom.py
[2025-09-02T16:18:38.379+0000] {processor.py:836} INFO - DAG(s) dict_keys(['example_xcom']) retrieved from /home/airflow/.local/lib/python3.7/site-packages/airflow/example_dags/example_xcom.py
[2025-09-02T16:18:38.425+0000] {logging_mixin.py:150} INFO - [2025-09-02T16:18:38.425+0000] {dag.py:2742} INFO - Sync 1 DAGs
[2025-09-02T16:18:38.467+0000] {logging_mixin.py:150} INFO - [2025-09-02T16:18:38.467+0000] {dag.py:3508} INFO - Setting next_dagrun for example_xcom to 2021-01-01T00:00:00+00:00, run_after=2021-01-01T00:00:00+00:00
[2025-09-02T16:18:38.504+0000] {processor.py:179} INFO - Processing /home/airflow/.local/lib/python3.7/site-packages/airflow/example_dags/example_xcom.py took 0.145 seconds
[2025-09-02T16:19:09.259+0000] {processor.py:157} INFO - Started process (PID=772) to work on /home/airflow/.local/lib/python3.7/site-packages/airflow/example_dags/example_xcom.py
[2025-09-02T16:19:09.262+0000] {processor.py:826} INFO - Processing file /home/airflow/.local/lib/python3.7/site-packages/airflow/example_dags/example_xcom.py for tasks to queue
[2025-09-02T16:19:09.263+0000] {logging_mixin.py:150} INFO - [2025-09-02T16:19:09.262+0000] {dagbag.py:541} INFO - Filling up the DagBag from /home/airflow/.local/lib/python3.7/site-packages/airflow/example_dags/example_xcom.py
[2025-09-02T16:19:09.276+0000] {processor.py:836} INFO - DAG(s) dict_keys(['example_xcom']) retrieved from /home/airflow/.local/lib/python3.7/site-packages/airflow/example_dags/example_xcom.py
[2025-09-02T16:19:09.325+0000] {logging_mixin.py:150} INFO - [2025-09-02T16:19:09.324+0000] {dag.py:2742} INFO - Sync 1 DAGs
[2025-09-02T16:19:09.383+0000] {logging_mixin.py:150} INFO - [2025-09-02T16:19:09.383+0000] {dag.py:3508} INFO - Setting next_dagrun for example_xcom to 2021-01-01T00:00:00+00:00, run_after=2021-01-01T00:00:00+00:00
[2025-09-02T16:19:09.460+0000] {processor.py:179} INFO - Processing /home/airflow/.local/lib/python3.7/site-packages/airflow/example_dags/example_xcom.py took 0.207 seconds
[2025-09-02T16:19:40.021+0000] {processor.py:157} INFO - Started process (PID=832) to work on /home/airflow/.local/lib/python3.7/site-packages/airflow/example_dags/example_xcom.py
[2025-09-02T16:19:40.022+0000] {processor.py:826} INFO - Processing file /home/airflow/.local/lib/python3.7/site-packages/airflow/example_dags/example_xcom.py for tasks to queue
[2025-09-02T16:19:40.023+0000] {logging_mixin.py:150} INFO - [2025-09-02T16:19:40.023+0000] {dagbag.py:541} INFO - Filling up the DagBag from /home/airflow/.local/lib/python3.7/site-packages/airflow/example_dags/example_xcom.py
[2025-09-02T16:19:40.036+0000] {processor.py:836} INFO - DAG(s) dict_keys(['example_xcom']) retrieved from /home/airflow/.local/lib/python3.7/site-packages/airflow/example_dags/example_xcom.py
[2025-09-02T16:19:40.078+0000] {logging_mixin.py:150} INFO - [2025-09-02T16:19:40.077+0000] {dag.py:2742} INFO - Sync 1 DAGs
[2025-09-02T16:19:40.119+0000] {logging_mixin.py:150} INFO - [2025-09-02T16:19:40.118+0000] {dag.py:3508} INFO - Setting next_dagrun for example_xcom to 2021-01-01T00:00:00+00:00, run_after=2021-01-01T00:00:00+00:00
[2025-09-02T16:19:40.152+0000] {processor.py:179} INFO - Processing /home/airflow/.local/lib/python3.7/site-packages/airflow/example_dags/example_xcom.py took 0.135 seconds
[2025-09-02T16:20:10.743+0000] {processor.py:157} INFO - Started process (PID=892) to work on /home/airflow/.local/lib/python3.7/site-packages/airflow/example_dags/example_xcom.py
[2025-09-02T16:20:10.745+0000] {processor.py:826} INFO - Processing file /home/airflow/.local/lib/python3.7/site-packages/airflow/example_dags/example_xcom.py for tasks to queue
[2025-09-02T16:20:10.746+0000] {logging_mixin.py:150} INFO - [2025-09-02T16:20:10.745+0000] {dagbag.py:541} INFO - Filling up the DagBag from /home/airflow/.local/lib/python3.7/site-packages/airflow/example_dags/example_xcom.py
[2025-09-02T16:20:10.760+0000] {processor.py:836} INFO - DAG(s) dict_keys(['example_xcom']) retrieved from /home/airflow/.local/lib/python3.7/site-packages/airflow/example_dags/example_xcom.py
[2025-09-02T16:20:10.798+0000] {logging_mixin.py:150} INFO - [2025-09-02T16:20:10.798+0000] {dag.py:2742} INFO - Sync 1 DAGs
[2025-09-02T16:20:10.837+0000] {logging_mixin.py:150} INFO - [2025-09-02T16:20:10.837+0000] {dag.py:3508} INFO - Setting next_dagrun for example_xcom to 2021-01-01T00:00:00+00:00, run_after=2021-01-01T00:00:00+00:00
[2025-09-02T16:20:10.876+0000] {processor.py:179} INFO - Processing /home/airflow/.local/lib/python3.7/site-packages/airflow/example_dags/example_xcom.py took 0.138 seconds
[2025-09-02T16:20:41.584+0000] {processor.py:157} INFO - Started process (PID=952) to work on /home/airflow/.local/lib/python3.7/site-packages/airflow/example_dags/example_xcom.py
[2025-09-02T16:20:41.586+0000] {processor.py:826} INFO - Processing file /home/airflow/.local/lib/python3.7/site-packages/airflow/example_dags/example_xcom.py for tasks to queue
[2025-09-02T16:20:41.588+0000] {logging_mixin.py:150} INFO - [2025-09-02T16:20:41.587+0000] {dagbag.py:541} INFO - Filling up the DagBag from /home/airflow/.local/lib/python3.7/site-packages/airflow/example_dags/example_xcom.py
[2025-09-02T16:20:41.602+0000] {processor.py:836} INFO - DAG(s) dict_keys(['example_xcom']) retrieved from /home/airflow/.local/lib/python3.7/site-packages/airflow/example_dags/example_xcom.py
[2025-09-02T16:20:41.640+0000] {logging_mixin.py:150} INFO - [2025-09-02T16:20:41.640+0000] {dag.py:2742} INFO - Sync 1 DAGs
[2025-09-02T16:20:41.678+0000] {logging_mixin.py:150} INFO - [2025-09-02T16:20:41.677+0000] {dag.py:3508} INFO - Setting next_dagrun for example_xcom to 2021-01-01T00:00:00+00:00, run_after=2021-01-01T00:00:00+00:00
[2025-09-02T16:20:41.711+0000] {processor.py:179} INFO - Processing /home/airflow/.local/lib/python3.7/site-packages/airflow/example_dags/example_xcom.py took 0.133 seconds
[2025-09-02T16:21:11.879+0000] {processor.py:157} INFO - Started process (PID=1012) to work on /home/airflow/.local/lib/python3.7/site-packages/airflow/example_dags/example_xcom.py
[2025-09-02T16:21:11.881+0000] {processor.py:826} INFO - Processing file /home/airflow/.local/lib/python3.7/site-packages/airflow/example_dags/example_xcom.py for tasks to queue
[2025-09-02T16:21:11.883+0000] {logging_mixin.py:150} INFO - [2025-09-02T16:21:11.882+0000] {dagbag.py:541} INFO - Filling up the DagBag from /home/airflow/.local/lib/python3.7/site-packages/airflow/example_dags/example_xcom.py
[2025-09-02T16:21:11.896+0000] {processor.py:836} INFO - DAG(s) dict_keys(['example_xcom']) retrieved from /home/airflow/.local/lib/python3.7/site-packages/airflow/example_dags/example_xcom.py
[2025-09-02T16:21:11.936+0000] {logging_mixin.py:150} INFO - [2025-09-02T16:21:11.935+0000] {dag.py:2742} INFO - Sync 1 DAGs
[2025-09-02T16:21:11.977+0000] {logging_mixin.py:150} INFO - [2025-09-02T16:21:11.977+0000] {dag.py:3508} INFO - Setting next_dagrun for example_xcom to 2021-01-01T00:00:00+00:00, run_after=2021-01-01T00:00:00+00:00
[2025-09-02T16:21:12.025+0000] {processor.py:179} INFO - Processing /home/airflow/.local/lib/python3.7/site-packages/airflow/example_dags/example_xcom.py took 0.152 seconds
[2025-09-02T16:21:42.849+0000] {processor.py:157} INFO - Started process (PID=1072) to work on /home/airflow/.local/lib/python3.7/site-packages/airflow/example_dags/example_xcom.py
[2025-09-02T16:21:42.851+0000] {processor.py:826} INFO - Processing file /home/airflow/.local/lib/python3.7/site-packages/airflow/example_dags/example_xcom.py for tasks to queue
[2025-09-02T16:21:42.852+0000] {logging_mixin.py:150} INFO - [2025-09-02T16:21:42.852+0000] {dagbag.py:541} INFO - Filling up the DagBag from /home/airflow/.local/lib/python3.7/site-packages/airflow/example_dags/example_xcom.py
[2025-09-02T16:21:42.864+0000] {processor.py:836} INFO - DAG(s) dict_keys(['example_xcom']) retrieved from /home/airflow/.local/lib/python3.7/site-packages/airflow/example_dags/example_xcom.py
[2025-09-02T16:21:42.900+0000] {logging_mixin.py:150} INFO - [2025-09-02T16:21:42.900+0000] {dag.py:2742} INFO - Sync 1 DAGs
[2025-09-02T16:21:42.938+0000] {logging_mixin.py:150} INFO - [2025-09-02T16:21:42.938+0000] {dag.py:3508} INFO - Setting next_dagrun for example_xcom to 2021-01-01T00:00:00+00:00, run_after=2021-01-01T00:00:00+00:00
[2025-09-02T16:21:42.993+0000] {processor.py:179} INFO - Processing /home/airflow/.local/lib/python3.7/site-packages/airflow/example_dags/example_xcom.py took 0.149 seconds
[2025-09-02T16:22:13.589+0000] {processor.py:157} INFO - Started process (PID=1132) to work on /home/airflow/.local/lib/python3.7/site-packages/airflow/example_dags/example_xcom.py
[2025-09-02T16:22:13.592+0000] {processor.py:826} INFO - Processing file /home/airflow/.local/lib/python3.7/site-packages/airflow/example_dags/example_xcom.py for tasks to queue
[2025-09-02T16:22:13.594+0000] {logging_mixin.py:150} INFO - [2025-09-02T16:22:13.593+0000] {dagbag.py:541} INFO - Filling up the DagBag from /home/airflow/.local/lib/python3.7/site-packages/airflow/example_dags/example_xcom.py
[2025-09-02T16:22:13.611+0000] {processor.py:836} INFO - DAG(s) dict_keys(['example_xcom']) retrieved from /home/airflow/.local/lib/python3.7/site-packages/airflow/example_dags/example_xcom.py
[2025-09-02T16:22:13.658+0000] {logging_mixin.py:150} INFO - [2025-09-02T16:22:13.658+0000] {dag.py:2742} INFO - Sync 1 DAGs
[2025-09-02T16:22:13.697+0000] {logging_mixin.py:150} INFO - [2025-09-02T16:22:13.697+0000] {dag.py:3508} INFO - Setting next_dagrun for example_xcom to 2021-01-01T00:00:00+00:00, run_after=2021-01-01T00:00:00+00:00
[2025-09-02T16:22:13.728+0000] {processor.py:179} INFO - Processing /home/airflow/.local/lib/python3.7/site-packages/airflow/example_dags/example_xcom.py took 0.147 seconds
[2025-09-02T16:22:43.877+0000] {processor.py:157} INFO - Started process (PID=1192) to work on /home/airflow/.local/lib/python3.7/site-packages/airflow/example_dags/example_xcom.py
[2025-09-02T16:22:43.879+0000] {processor.py:826} INFO - Processing file /home/airflow/.local/lib/python3.7/site-packages/airflow/example_dags/example_xcom.py for tasks to queue
[2025-09-02T16:22:43.881+0000] {logging_mixin.py:150} INFO - [2025-09-02T16:22:43.880+0000] {dagbag.py:541} INFO - Filling up the DagBag from /home/airflow/.local/lib/python3.7/site-packages/airflow/example_dags/example_xcom.py
[2025-09-02T16:22:43.893+0000] {processor.py:836} INFO - DAG(s) dict_keys(['example_xcom']) retrieved from /home/airflow/.local/lib/python3.7/site-packages/airflow/example_dags/example_xcom.py
[2025-09-02T16:22:43.931+0000] {logging_mixin.py:150} INFO - [2025-09-02T16:22:43.930+0000] {dag.py:2742} INFO - Sync 1 DAGs
[2025-09-02T16:22:43.970+0000] {logging_mixin.py:150} INFO - [2025-09-02T16:22:43.970+0000] {dag.py:3508} INFO - Setting next_dagrun for example_xcom to 2021-01-01T00:00:00+00:00, run_after=2021-01-01T00:00:00+00:00
[2025-09-02T16:22:44.015+0000] {processor.py:179} INFO - Processing /home/airflow/.local/lib/python3.7/site-packages/airflow/example_dags/example_xcom.py took 0.142 seconds
[2025-09-02T16:23:14.222+0000] {processor.py:157} INFO - Started process (PID=1252) to work on /home/airflow/.local/lib/python3.7/site-packages/airflow/example_dags/example_xcom.py
[2025-09-02T16:23:14.223+0000] {processor.py:826} INFO - Processing file /home/airflow/.local/lib/python3.7/site-packages/airflow/example_dags/example_xcom.py for tasks to queue
[2025-09-02T16:23:14.225+0000] {logging_mixin.py:150} INFO - [2025-09-02T16:23:14.224+0000] {dagbag.py:541} INFO - Filling up the DagBag from /home/airflow/.local/lib/python3.7/site-packages/airflow/example_dags/example_xcom.py
[2025-09-02T16:23:14.237+0000] {processor.py:836} INFO - DAG(s) dict_keys(['example_xcom']) retrieved from /home/airflow/.local/lib/python3.7/site-packages/airflow/example_dags/example_xcom.py
[2025-09-02T16:23:14.277+0000] {logging_mixin.py:150} INFO - [2025-09-02T16:23:14.276+0000] {dag.py:2742} INFO - Sync 1 DAGs
[2025-09-02T16:23:14.314+0000] {logging_mixin.py:150} INFO - [2025-09-02T16:23:14.314+0000] {dag.py:3508} INFO - Setting next_dagrun for example_xcom to 2021-01-01T00:00:00+00:00, run_after=2021-01-01T00:00:00+00:00
[2025-09-02T16:23:14.354+0000] {processor.py:179} INFO - Processing /home/airflow/.local/lib/python3.7/site-packages/airflow/example_dags/example_xcom.py took 0.138 seconds
[2025-09-02T16:23:44.951+0000] {processor.py:157} INFO - Started process (PID=1312) to work on /home/airflow/.local/lib/python3.7/site-packages/airflow/example_dags/example_xcom.py
[2025-09-02T16:23:44.954+0000] {processor.py:826} INFO - Processing file /home/airflow/.local/lib/python3.7/site-packages/airflow/example_dags/example_xcom.py for tasks to queue
[2025-09-02T16:23:44.956+0000] {logging_mixin.py:150} INFO - [2025-09-02T16:23:44.955+0000] {dagbag.py:541} INFO - Filling up the DagBag from /home/airflow/.local/lib/python3.7/site-packages/airflow/example_dags/example_xcom.py
[2025-09-02T16:23:44.970+0000] {processor.py:836} INFO - DAG(s) dict_keys(['example_xcom']) retrieved from /home/airflow/.local/lib/python3.7/site-packages/airflow/example_dags/example_xcom.py
[2025-09-02T16:23:45.006+0000] {logging_mixin.py:150} INFO - [2025-09-02T16:23:45.005+0000] {dag.py:2742} INFO - Sync 1 DAGs
[2025-09-02T16:23:45.041+0000] {logging_mixin.py:150} INFO - [2025-09-02T16:23:45.041+0000] {dag.py:3508} INFO - Setting next_dagrun for example_xcom to 2021-01-01T00:00:00+00:00, run_after=2021-01-01T00:00:00+00:00
[2025-09-02T16:23:45.069+0000] {processor.py:179} INFO - Processing /home/airflow/.local/lib/python3.7/site-packages/airflow/example_dags/example_xcom.py took 0.123 seconds
[2025-09-02T16:24:15.191+0000] {processor.py:157} INFO - Started process (PID=1372) to work on /home/airflow/.local/lib/python3.7/site-packages/airflow/example_dags/example_xcom.py
[2025-09-02T16:24:15.194+0000] {processor.py:826} INFO - Processing file /home/airflow/.local/lib/python3.7/site-packages/airflow/example_dags/example_xcom.py for tasks to queue
[2025-09-02T16:24:15.196+0000] {logging_mixin.py:150} INFO - [2025-09-02T16:24:15.196+0000] {dagbag.py:541} INFO - Filling up the DagBag from /home/airflow/.local/lib/python3.7/site-packages/airflow/example_dags/example_xcom.py
[2025-09-02T16:24:15.209+0000] {processor.py:836} INFO - DAG(s) dict_keys(['example_xcom']) retrieved from /home/airflow/.local/lib/python3.7/site-packages/airflow/example_dags/example_xcom.py
[2025-09-02T16:24:15.252+0000] {logging_mixin.py:150} INFO - [2025-09-02T16:24:15.252+0000] {dag.py:2742} INFO - Sync 1 DAGs
[2025-09-02T16:24:15.293+0000] {logging_mixin.py:150} INFO - [2025-09-02T16:24:15.293+0000] {dag.py:3508} INFO - Setting next_dagrun for example_xcom to 2021-01-01T00:00:00+00:00, run_after=2021-01-01T00:00:00+00:00
[2025-09-02T16:24:15.388+0000] {processor.py:179} INFO - Processing /home/airflow/.local/lib/python3.7/site-packages/airflow/example_dags/example_xcom.py took 0.211 seconds
[2025-09-02T16:26:21.176+0000] {processor.py:157} INFO - Started process (PID=66) to work on /home/airflow/.local/lib/python3.7/site-packages/airflow/example_dags/example_xcom.py
[2025-09-02T16:26:21.177+0000] {processor.py:826} INFO - Processing file /home/airflow/.local/lib/python3.7/site-packages/airflow/example_dags/example_xcom.py for tasks to queue
[2025-09-02T16:26:21.178+0000] {logging_mixin.py:150} INFO - [2025-09-02T16:26:21.178+0000] {dagbag.py:541} INFO - Filling up the DagBag from /home/airflow/.local/lib/python3.7/site-packages/airflow/example_dags/example_xcom.py
[2025-09-02T16:26:21.246+0000] {processor.py:836} INFO - DAG(s) dict_keys(['example_xcom']) retrieved from /home/airflow/.local/lib/python3.7/site-packages/airflow/example_dags/example_xcom.py
[2025-09-02T16:26:21.540+0000] {logging_mixin.py:150} INFO - [2025-09-02T16:26:21.540+0000] {dag.py:2742} INFO - Sync 1 DAGs
[2025-09-02T16:26:21.878+0000] {logging_mixin.py:150} INFO - [2025-09-02T16:26:21.877+0000] {dag.py:3508} INFO - Setting next_dagrun for example_xcom to 2021-01-01T00:00:00+00:00, run_after=2021-01-01T00:00:00+00:00
[2025-09-02T16:26:22.067+0000] {processor.py:179} INFO - Processing /home/airflow/.local/lib/python3.7/site-packages/airflow/example_dags/example_xcom.py took 0.895 seconds
[2025-09-02T16:26:52.228+0000] {processor.py:157} INFO - Started process (PID=119) to work on /home/airflow/.local/lib/python3.7/site-packages/airflow/example_dags/example_xcom.py
[2025-09-02T16:26:52.229+0000] {processor.py:826} INFO - Processing file /home/airflow/.local/lib/python3.7/site-packages/airflow/example_dags/example_xcom.py for tasks to queue
[2025-09-02T16:26:52.230+0000] {logging_mixin.py:150} INFO - [2025-09-02T16:26:52.230+0000] {dagbag.py:541} INFO - Filling up the DagBag from /home/airflow/.local/lib/python3.7/site-packages/airflow/example_dags/example_xcom.py
[2025-09-02T16:26:52.247+0000] {processor.py:836} INFO - DAG(s) dict_keys(['example_xcom']) retrieved from /home/airflow/.local/lib/python3.7/site-packages/airflow/example_dags/example_xcom.py
[2025-09-02T16:26:52.290+0000] {logging_mixin.py:150} INFO - [2025-09-02T16:26:52.290+0000] {dag.py:2742} INFO - Sync 1 DAGs
[2025-09-02T16:26:52.331+0000] {logging_mixin.py:150} INFO - [2025-09-02T16:26:52.330+0000] {dag.py:3508} INFO - Setting next_dagrun for example_xcom to 2021-01-01T00:00:00+00:00, run_after=2021-01-01T00:00:00+00:00
[2025-09-02T16:26:52.395+0000] {processor.py:179} INFO - Processing /home/airflow/.local/lib/python3.7/site-packages/airflow/example_dags/example_xcom.py took 0.172 seconds
[2025-09-02T16:27:22.577+0000] {processor.py:157} INFO - Started process (PID=178) to work on /home/airflow/.local/lib/python3.7/site-packages/airflow/example_dags/example_xcom.py
[2025-09-02T16:27:22.579+0000] {processor.py:826} INFO - Processing file /home/airflow/.local/lib/python3.7/site-packages/airflow/example_dags/example_xcom.py for tasks to queue
[2025-09-02T16:27:22.581+0000] {logging_mixin.py:150} INFO - [2025-09-02T16:27:22.580+0000] {dagbag.py:541} INFO - Filling up the DagBag from /home/airflow/.local/lib/python3.7/site-packages/airflow/example_dags/example_xcom.py
[2025-09-02T16:27:22.596+0000] {processor.py:836} INFO - DAG(s) dict_keys(['example_xcom']) retrieved from /home/airflow/.local/lib/python3.7/site-packages/airflow/example_dags/example_xcom.py
[2025-09-02T16:27:22.724+0000] {logging_mixin.py:150} INFO - [2025-09-02T16:27:22.723+0000] {dag.py:2742} INFO - Sync 1 DAGs
[2025-09-02T16:27:22.773+0000] {logging_mixin.py:150} INFO - [2025-09-02T16:27:22.773+0000] {dag.py:3508} INFO - Setting next_dagrun for example_xcom to 2021-01-01T00:00:00+00:00, run_after=2021-01-01T00:00:00+00:00
[2025-09-02T16:27:22.811+0000] {processor.py:179} INFO - Processing /home/airflow/.local/lib/python3.7/site-packages/airflow/example_dags/example_xcom.py took 0.245 seconds
[2025-09-02T16:27:53.613+0000] {processor.py:157} INFO - Started process (PID=244) to work on /home/airflow/.local/lib/python3.7/site-packages/airflow/example_dags/example_xcom.py
[2025-09-02T16:27:53.614+0000] {processor.py:826} INFO - Processing file /home/airflow/.local/lib/python3.7/site-packages/airflow/example_dags/example_xcom.py for tasks to queue
[2025-09-02T16:27:53.615+0000] {logging_mixin.py:150} INFO - [2025-09-02T16:27:53.615+0000] {dagbag.py:541} INFO - Filling up the DagBag from /home/airflow/.local/lib/python3.7/site-packages/airflow/example_dags/example_xcom.py
[2025-09-02T16:27:53.624+0000] {processor.py:836} INFO - DAG(s) dict_keys(['example_xcom']) retrieved from /home/airflow/.local/lib/python3.7/site-packages/airflow/example_dags/example_xcom.py
[2025-09-02T16:27:53.656+0000] {logging_mixin.py:150} INFO - [2025-09-02T16:27:53.655+0000] {dag.py:2742} INFO - Sync 1 DAGs
[2025-09-02T16:27:53.690+0000] {logging_mixin.py:150} INFO - [2025-09-02T16:27:53.690+0000] {dag.py:3508} INFO - Setting next_dagrun for example_xcom to 2021-01-01T00:00:00+00:00, run_after=2021-01-01T00:00:00+00:00
[2025-09-02T16:27:53.722+0000] {processor.py:179} INFO - Processing /home/airflow/.local/lib/python3.7/site-packages/airflow/example_dags/example_xcom.py took 0.112 seconds
[2025-09-02T16:28:23.918+0000] {processor.py:157} INFO - Started process (PID=304) to work on /home/airflow/.local/lib/python3.7/site-packages/airflow/example_dags/example_xcom.py
[2025-09-02T16:28:23.920+0000] {processor.py:826} INFO - Processing file /home/airflow/.local/lib/python3.7/site-packages/airflow/example_dags/example_xcom.py for tasks to queue
[2025-09-02T16:28:23.922+0000] {logging_mixin.py:150} INFO - [2025-09-02T16:28:23.922+0000] {dagbag.py:541} INFO - Filling up the DagBag from /home/airflow/.local/lib/python3.7/site-packages/airflow/example_dags/example_xcom.py
[2025-09-02T16:28:23.935+0000] {processor.py:836} INFO - DAG(s) dict_keys(['example_xcom']) retrieved from /home/airflow/.local/lib/python3.7/site-packages/airflow/example_dags/example_xcom.py
[2025-09-02T16:28:23.973+0000] {logging_mixin.py:150} INFO - [2025-09-02T16:28:23.973+0000] {dag.py:2742} INFO - Sync 1 DAGs
[2025-09-02T16:28:24.010+0000] {logging_mixin.py:150} INFO - [2025-09-02T16:28:24.010+0000] {dag.py:3508} INFO - Setting next_dagrun for example_xcom to 2021-01-01T00:00:00+00:00, run_after=2021-01-01T00:00:00+00:00
[2025-09-02T16:28:24.040+0000] {processor.py:179} INFO - Processing /home/airflow/.local/lib/python3.7/site-packages/airflow/example_dags/example_xcom.py took 0.128 seconds
[2025-09-02T16:28:54.366+0000] {processor.py:157} INFO - Started process (PID=364) to work on /home/airflow/.local/lib/python3.7/site-packages/airflow/example_dags/example_xcom.py
[2025-09-02T16:28:54.367+0000] {processor.py:826} INFO - Processing file /home/airflow/.local/lib/python3.7/site-packages/airflow/example_dags/example_xcom.py for tasks to queue
[2025-09-02T16:28:54.368+0000] {logging_mixin.py:150} INFO - [2025-09-02T16:28:54.368+0000] {dagbag.py:541} INFO - Filling up the DagBag from /home/airflow/.local/lib/python3.7/site-packages/airflow/example_dags/example_xcom.py
[2025-09-02T16:28:54.382+0000] {processor.py:836} INFO - DAG(s) dict_keys(['example_xcom']) retrieved from /home/airflow/.local/lib/python3.7/site-packages/airflow/example_dags/example_xcom.py
[2025-09-02T16:28:54.426+0000] {logging_mixin.py:150} INFO - [2025-09-02T16:28:54.426+0000] {dag.py:2742} INFO - Sync 1 DAGs
[2025-09-02T16:28:54.471+0000] {logging_mixin.py:150} INFO - [2025-09-02T16:28:54.470+0000] {dag.py:3508} INFO - Setting next_dagrun for example_xcom to 2021-01-01T00:00:00+00:00, run_after=2021-01-01T00:00:00+00:00
[2025-09-02T16:28:54.509+0000] {processor.py:179} INFO - Processing /home/airflow/.local/lib/python3.7/site-packages/airflow/example_dags/example_xcom.py took 0.149 seconds
[2025-09-02T16:29:24.761+0000] {processor.py:157} INFO - Started process (PID=424) to work on /home/airflow/.local/lib/python3.7/site-packages/airflow/example_dags/example_xcom.py
[2025-09-02T16:29:24.762+0000] {processor.py:826} INFO - Processing file /home/airflow/.local/lib/python3.7/site-packages/airflow/example_dags/example_xcom.py for tasks to queue
[2025-09-02T16:29:24.764+0000] {logging_mixin.py:150} INFO - [2025-09-02T16:29:24.763+0000] {dagbag.py:541} INFO - Filling up the DagBag from /home/airflow/.local/lib/python3.7/site-packages/airflow/example_dags/example_xcom.py
[2025-09-02T16:29:24.775+0000] {processor.py:836} INFO - DAG(s) dict_keys(['example_xcom']) retrieved from /home/airflow/.local/lib/python3.7/site-packages/airflow/example_dags/example_xcom.py
[2025-09-02T16:29:24.805+0000] {logging_mixin.py:150} INFO - [2025-09-02T16:29:24.805+0000] {dag.py:2742} INFO - Sync 1 DAGs
[2025-09-02T16:29:24.832+0000] {logging_mixin.py:150} INFO - [2025-09-02T16:29:24.831+0000] {dag.py:3508} INFO - Setting next_dagrun for example_xcom to 2021-01-01T00:00:00+00:00, run_after=2021-01-01T00:00:00+00:00
[2025-09-02T16:29:24.864+0000] {processor.py:179} INFO - Processing /home/airflow/.local/lib/python3.7/site-packages/airflow/example_dags/example_xcom.py took 0.108 seconds
[2025-09-02T16:29:55.274+0000] {processor.py:157} INFO - Started process (PID=485) to work on /home/airflow/.local/lib/python3.7/site-packages/airflow/example_dags/example_xcom.py
[2025-09-02T16:29:55.275+0000] {processor.py:826} INFO - Processing file /home/airflow/.local/lib/python3.7/site-packages/airflow/example_dags/example_xcom.py for tasks to queue
[2025-09-02T16:29:55.277+0000] {logging_mixin.py:150} INFO - [2025-09-02T16:29:55.276+0000] {dagbag.py:541} INFO - Filling up the DagBag from /home/airflow/.local/lib/python3.7/site-packages/airflow/example_dags/example_xcom.py
[2025-09-02T16:29:55.301+0000] {processor.py:836} INFO - DAG(s) dict_keys(['example_xcom']) retrieved from /home/airflow/.local/lib/python3.7/site-packages/airflow/example_dags/example_xcom.py
[2025-09-02T16:29:55.351+0000] {logging_mixin.py:150} INFO - [2025-09-02T16:29:55.350+0000] {dag.py:2742} INFO - Sync 1 DAGs
[2025-09-02T16:29:55.389+0000] {logging_mixin.py:150} INFO - [2025-09-02T16:29:55.389+0000] {dag.py:3508} INFO - Setting next_dagrun for example_xcom to 2021-01-01T00:00:00+00:00, run_after=2021-01-01T00:00:00+00:00
[2025-09-02T16:29:55.428+0000] {processor.py:179} INFO - Processing /home/airflow/.local/lib/python3.7/site-packages/airflow/example_dags/example_xcom.py took 0.162 seconds
[2025-09-02T16:30:25.789+0000] {processor.py:157} INFO - Started process (PID=545) to work on /home/airflow/.local/lib/python3.7/site-packages/airflow/example_dags/example_xcom.py
[2025-09-02T16:30:25.791+0000] {processor.py:826} INFO - Processing file /home/airflow/.local/lib/python3.7/site-packages/airflow/example_dags/example_xcom.py for tasks to queue
[2025-09-02T16:30:25.793+0000] {logging_mixin.py:150} INFO - [2025-09-02T16:30:25.792+0000] {dagbag.py:541} INFO - Filling up the DagBag from /home/airflow/.local/lib/python3.7/site-packages/airflow/example_dags/example_xcom.py
[2025-09-02T16:30:25.807+0000] {processor.py:836} INFO - DAG(s) dict_keys(['example_xcom']) retrieved from /home/airflow/.local/lib/python3.7/site-packages/airflow/example_dags/example_xcom.py
[2025-09-02T16:30:25.847+0000] {logging_mixin.py:150} INFO - [2025-09-02T16:30:25.847+0000] {dag.py:2742} INFO - Sync 1 DAGs
[2025-09-02T16:30:25.882+0000] {logging_mixin.py:150} INFO - [2025-09-02T16:30:25.881+0000] {dag.py:3508} INFO - Setting next_dagrun for example_xcom to 2021-01-01T00:00:00+00:00, run_after=2021-01-01T00:00:00+00:00
[2025-09-02T16:30:25.920+0000] {processor.py:179} INFO - Processing /home/airflow/.local/lib/python3.7/site-packages/airflow/example_dags/example_xcom.py took 0.137 seconds
