[2025-09-02T16:13:05.554+0000] {processor.py:157} INFO - Started process (PID=82) to work on /home/airflow/.local/lib/python3.7/site-packages/airflow/example_dags/example_dynamic_task_mapping.py
[2025-09-02T16:13:05.555+0000] {processor.py:826} INFO - Processing file /home/airflow/.local/lib/python3.7/site-packages/airflow/example_dags/example_dynamic_task_mapping.py for tasks to queue
[2025-09-02T16:13:05.556+0000] {logging_mixin.py:150} INFO - [2025-09-02T16:13:05.555+0000] {dagbag.py:541} INFO - Filling up the DagBag from /home/airflow/.local/lib/python3.7/site-packages/airflow/example_dags/example_dynamic_task_mapping.py
[2025-09-02T16:13:05.566+0000] {processor.py:836} INFO - DAG(s) dict_keys(['example_dynamic_task_mapping']) retrieved from /home/airflow/.local/lib/python3.7/site-packages/airflow/example_dags/example_dynamic_task_mapping.py
[2025-09-02T16:13:05.726+0000] {logging_mixin.py:150} INFO - [2025-09-02T16:13:05.725+0000] {manager.py:504} INFO - Created Permission View: can read on DAG:example_dynamic_task_mapping
[2025-09-02T16:13:05.742+0000] {logging_mixin.py:150} INFO - [2025-09-02T16:13:05.742+0000] {manager.py:504} INFO - Created Permission View: can edit on DAG:example_dynamic_task_mapping
[2025-09-02T16:13:05.756+0000] {logging_mixin.py:150} INFO - [2025-09-02T16:13:05.756+0000] {manager.py:504} INFO - Created Permission View: can delete on DAG:example_dynamic_task_mapping
[2025-09-02T16:13:05.782+0000] {logging_mixin.py:150} INFO - [2025-09-02T16:13:05.781+0000] {dag.py:2742} INFO - Sync 1 DAGs
[2025-09-02T16:13:05.797+0000] {logging_mixin.py:150} INFO - [2025-09-02T16:13:05.797+0000] {dag.py:2763} INFO - Creating ORM DAG for example_dynamic_task_mapping
[2025-09-02T16:13:05.809+0000] {logging_mixin.py:150} INFO - [2025-09-02T16:13:05.809+0000] {dag.py:3508} INFO - Setting next_dagrun for example_dynamic_task_mapping to 2022-03-04T00:00:00+00:00, run_after=2022-03-05T00:00:00+00:00
[2025-09-02T16:13:05.832+0000] {processor.py:179} INFO - Processing /home/airflow/.local/lib/python3.7/site-packages/airflow/example_dags/example_dynamic_task_mapping.py took 0.282 seconds
[2025-09-02T16:13:36.001+0000] {processor.py:157} INFO - Started process (PID=142) to work on /home/airflow/.local/lib/python3.7/site-packages/airflow/example_dags/example_dynamic_task_mapping.py
[2025-09-02T16:13:36.003+0000] {processor.py:826} INFO - Processing file /home/airflow/.local/lib/python3.7/site-packages/airflow/example_dags/example_dynamic_task_mapping.py for tasks to queue
[2025-09-02T16:13:36.006+0000] {logging_mixin.py:150} INFO - [2025-09-02T16:13:36.005+0000] {dagbag.py:541} INFO - Filling up the DagBag from /home/airflow/.local/lib/python3.7/site-packages/airflow/example_dags/example_dynamic_task_mapping.py
[2025-09-02T16:13:36.015+0000] {processor.py:836} INFO - DAG(s) dict_keys(['example_dynamic_task_mapping']) retrieved from /home/airflow/.local/lib/python3.7/site-packages/airflow/example_dags/example_dynamic_task_mapping.py
[2025-09-02T16:13:36.046+0000] {logging_mixin.py:150} INFO - [2025-09-02T16:13:36.045+0000] {dag.py:2742} INFO - Sync 1 DAGs
[2025-09-02T16:13:36.080+0000] {logging_mixin.py:150} INFO - [2025-09-02T16:13:36.080+0000] {dag.py:3508} INFO - Setting next_dagrun for example_dynamic_task_mapping to 2022-03-04T00:00:00+00:00, run_after=2022-03-05T00:00:00+00:00
[2025-09-02T16:13:36.106+0000] {processor.py:179} INFO - Processing /home/airflow/.local/lib/python3.7/site-packages/airflow/example_dags/example_dynamic_task_mapping.py took 0.115 seconds
[2025-09-02T16:14:06.459+0000] {processor.py:157} INFO - Started process (PID=202) to work on /home/airflow/.local/lib/python3.7/site-packages/airflow/example_dags/example_dynamic_task_mapping.py
[2025-09-02T16:14:06.460+0000] {processor.py:826} INFO - Processing file /home/airflow/.local/lib/python3.7/site-packages/airflow/example_dags/example_dynamic_task_mapping.py for tasks to queue
[2025-09-02T16:14:06.461+0000] {logging_mixin.py:150} INFO - [2025-09-02T16:14:06.461+0000] {dagbag.py:541} INFO - Filling up the DagBag from /home/airflow/.local/lib/python3.7/site-packages/airflow/example_dags/example_dynamic_task_mapping.py
[2025-09-02T16:14:06.468+0000] {processor.py:836} INFO - DAG(s) dict_keys(['example_dynamic_task_mapping']) retrieved from /home/airflow/.local/lib/python3.7/site-packages/airflow/example_dags/example_dynamic_task_mapping.py
[2025-09-02T16:14:06.493+0000] {logging_mixin.py:150} INFO - [2025-09-02T16:14:06.493+0000] {dag.py:2742} INFO - Sync 1 DAGs
[2025-09-02T16:14:06.519+0000] {logging_mixin.py:150} INFO - [2025-09-02T16:14:06.518+0000] {dag.py:3508} INFO - Setting next_dagrun for example_dynamic_task_mapping to 2022-03-04T00:00:00+00:00, run_after=2022-03-05T00:00:00+00:00
[2025-09-02T16:14:06.539+0000] {processor.py:179} INFO - Processing /home/airflow/.local/lib/python3.7/site-packages/airflow/example_dags/example_dynamic_task_mapping.py took 0.085 seconds
[2025-09-02T16:14:38.160+0000] {processor.py:157} INFO - Started process (PID=262) to work on /home/airflow/.local/lib/python3.7/site-packages/airflow/example_dags/example_dynamic_task_mapping.py
[2025-09-02T16:14:38.161+0000] {processor.py:826} INFO - Processing file /home/airflow/.local/lib/python3.7/site-packages/airflow/example_dags/example_dynamic_task_mapping.py for tasks to queue
[2025-09-02T16:14:38.162+0000] {logging_mixin.py:150} INFO - [2025-09-02T16:14:38.162+0000] {dagbag.py:541} INFO - Filling up the DagBag from /home/airflow/.local/lib/python3.7/site-packages/airflow/example_dags/example_dynamic_task_mapping.py
[2025-09-02T16:14:38.171+0000] {processor.py:836} INFO - DAG(s) dict_keys(['example_dynamic_task_mapping']) retrieved from /home/airflow/.local/lib/python3.7/site-packages/airflow/example_dags/example_dynamic_task_mapping.py
[2025-09-02T16:14:38.198+0000] {logging_mixin.py:150} INFO - [2025-09-02T16:14:38.197+0000] {dag.py:2742} INFO - Sync 1 DAGs
[2025-09-02T16:14:38.232+0000] {logging_mixin.py:150} INFO - [2025-09-02T16:14:38.232+0000] {dag.py:3508} INFO - Setting next_dagrun for example_dynamic_task_mapping to 2022-03-04T00:00:00+00:00, run_after=2022-03-05T00:00:00+00:00
[2025-09-02T16:14:38.259+0000] {processor.py:179} INFO - Processing /home/airflow/.local/lib/python3.7/site-packages/airflow/example_dags/example_dynamic_task_mapping.py took 0.104 seconds
[2025-09-02T16:15:08.695+0000] {processor.py:157} INFO - Started process (PID=322) to work on /home/airflow/.local/lib/python3.7/site-packages/airflow/example_dags/example_dynamic_task_mapping.py
[2025-09-02T16:15:08.696+0000] {processor.py:826} INFO - Processing file /home/airflow/.local/lib/python3.7/site-packages/airflow/example_dags/example_dynamic_task_mapping.py for tasks to queue
[2025-09-02T16:15:08.697+0000] {logging_mixin.py:150} INFO - [2025-09-02T16:15:08.697+0000] {dagbag.py:541} INFO - Filling up the DagBag from /home/airflow/.local/lib/python3.7/site-packages/airflow/example_dags/example_dynamic_task_mapping.py
[2025-09-02T16:15:08.707+0000] {processor.py:836} INFO - DAG(s) dict_keys(['example_dynamic_task_mapping']) retrieved from /home/airflow/.local/lib/python3.7/site-packages/airflow/example_dags/example_dynamic_task_mapping.py
[2025-09-02T16:15:08.742+0000] {logging_mixin.py:150} INFO - [2025-09-02T16:15:08.741+0000] {dag.py:2742} INFO - Sync 1 DAGs
[2025-09-02T16:15:08.780+0000] {logging_mixin.py:150} INFO - [2025-09-02T16:15:08.780+0000] {dag.py:3508} INFO - Setting next_dagrun for example_dynamic_task_mapping to 2022-03-04T00:00:00+00:00, run_after=2022-03-05T00:00:00+00:00
[2025-09-02T16:15:08.811+0000] {processor.py:179} INFO - Processing /home/airflow/.local/lib/python3.7/site-packages/airflow/example_dags/example_dynamic_task_mapping.py took 0.121 seconds
[2025-09-02T16:15:39.196+0000] {processor.py:157} INFO - Started process (PID=382) to work on /home/airflow/.local/lib/python3.7/site-packages/airflow/example_dags/example_dynamic_task_mapping.py
[2025-09-02T16:15:39.197+0000] {processor.py:826} INFO - Processing file /home/airflow/.local/lib/python3.7/site-packages/airflow/example_dags/example_dynamic_task_mapping.py for tasks to queue
[2025-09-02T16:15:39.198+0000] {logging_mixin.py:150} INFO - [2025-09-02T16:15:39.197+0000] {dagbag.py:541} INFO - Filling up the DagBag from /home/airflow/.local/lib/python3.7/site-packages/airflow/example_dags/example_dynamic_task_mapping.py
[2025-09-02T16:15:39.207+0000] {processor.py:836} INFO - DAG(s) dict_keys(['example_dynamic_task_mapping']) retrieved from /home/airflow/.local/lib/python3.7/site-packages/airflow/example_dags/example_dynamic_task_mapping.py
[2025-09-02T16:15:39.234+0000] {logging_mixin.py:150} INFO - [2025-09-02T16:15:39.234+0000] {dag.py:2742} INFO - Sync 1 DAGs
[2025-09-02T16:15:39.269+0000] {logging_mixin.py:150} INFO - [2025-09-02T16:15:39.269+0000] {dag.py:3508} INFO - Setting next_dagrun for example_dynamic_task_mapping to 2022-03-04T00:00:00+00:00, run_after=2022-03-05T00:00:00+00:00
[2025-09-02T16:15:39.297+0000] {processor.py:179} INFO - Processing /home/airflow/.local/lib/python3.7/site-packages/airflow/example_dags/example_dynamic_task_mapping.py took 0.105 seconds
[2025-09-02T16:16:10.239+0000] {processor.py:157} INFO - Started process (PID=442) to work on /home/airflow/.local/lib/python3.7/site-packages/airflow/example_dags/example_dynamic_task_mapping.py
[2025-09-02T16:16:10.239+0000] {processor.py:826} INFO - Processing file /home/airflow/.local/lib/python3.7/site-packages/airflow/example_dags/example_dynamic_task_mapping.py for tasks to queue
[2025-09-02T16:16:10.240+0000] {logging_mixin.py:150} INFO - [2025-09-02T16:16:10.240+0000] {dagbag.py:541} INFO - Filling up the DagBag from /home/airflow/.local/lib/python3.7/site-packages/airflow/example_dags/example_dynamic_task_mapping.py
[2025-09-02T16:16:10.251+0000] {processor.py:836} INFO - DAG(s) dict_keys(['example_dynamic_task_mapping']) retrieved from /home/airflow/.local/lib/python3.7/site-packages/airflow/example_dags/example_dynamic_task_mapping.py
[2025-09-02T16:16:10.285+0000] {logging_mixin.py:150} INFO - [2025-09-02T16:16:10.285+0000] {dag.py:2742} INFO - Sync 1 DAGs
[2025-09-02T16:16:10.322+0000] {logging_mixin.py:150} INFO - [2025-09-02T16:16:10.322+0000] {dag.py:3508} INFO - Setting next_dagrun for example_dynamic_task_mapping to 2022-03-04T00:00:00+00:00, run_after=2022-03-05T00:00:00+00:00
[2025-09-02T16:16:10.358+0000] {processor.py:179} INFO - Processing /home/airflow/.local/lib/python3.7/site-packages/airflow/example_dags/example_dynamic_task_mapping.py took 0.123 seconds
[2025-09-02T16:16:41.107+0000] {processor.py:157} INFO - Started process (PID=502) to work on /home/airflow/.local/lib/python3.7/site-packages/airflow/example_dags/example_dynamic_task_mapping.py
[2025-09-02T16:16:41.108+0000] {processor.py:826} INFO - Processing file /home/airflow/.local/lib/python3.7/site-packages/airflow/example_dags/example_dynamic_task_mapping.py for tasks to queue
[2025-09-02T16:16:41.110+0000] {logging_mixin.py:150} INFO - [2025-09-02T16:16:41.109+0000] {dagbag.py:541} INFO - Filling up the DagBag from /home/airflow/.local/lib/python3.7/site-packages/airflow/example_dags/example_dynamic_task_mapping.py
[2025-09-02T16:16:41.118+0000] {processor.py:836} INFO - DAG(s) dict_keys(['example_dynamic_task_mapping']) retrieved from /home/airflow/.local/lib/python3.7/site-packages/airflow/example_dags/example_dynamic_task_mapping.py
[2025-09-02T16:16:41.147+0000] {logging_mixin.py:150} INFO - [2025-09-02T16:16:41.147+0000] {dag.py:2742} INFO - Sync 1 DAGs
[2025-09-02T16:16:41.186+0000] {logging_mixin.py:150} INFO - [2025-09-02T16:16:41.186+0000] {dag.py:3508} INFO - Setting next_dagrun for example_dynamic_task_mapping to 2022-03-04T00:00:00+00:00, run_after=2022-03-05T00:00:00+00:00
[2025-09-02T16:16:41.226+0000] {processor.py:179} INFO - Processing /home/airflow/.local/lib/python3.7/site-packages/airflow/example_dags/example_dynamic_task_mapping.py took 0.124 seconds
[2025-09-02T16:17:11.468+0000] {processor.py:157} INFO - Started process (PID=556) to work on /home/airflow/.local/lib/python3.7/site-packages/airflow/example_dags/example_dynamic_task_mapping.py
[2025-09-02T16:17:11.469+0000] {processor.py:826} INFO - Processing file /home/airflow/.local/lib/python3.7/site-packages/airflow/example_dags/example_dynamic_task_mapping.py for tasks to queue
[2025-09-02T16:17:11.470+0000] {logging_mixin.py:150} INFO - [2025-09-02T16:17:11.470+0000] {dagbag.py:541} INFO - Filling up the DagBag from /home/airflow/.local/lib/python3.7/site-packages/airflow/example_dags/example_dynamic_task_mapping.py
[2025-09-02T16:17:11.482+0000] {processor.py:836} INFO - DAG(s) dict_keys(['example_dynamic_task_mapping']) retrieved from /home/airflow/.local/lib/python3.7/site-packages/airflow/example_dags/example_dynamic_task_mapping.py
[2025-09-02T16:17:11.526+0000] {logging_mixin.py:150} INFO - [2025-09-02T16:17:11.526+0000] {dag.py:2742} INFO - Sync 1 DAGs
[2025-09-02T16:17:11.584+0000] {logging_mixin.py:150} INFO - [2025-09-02T16:17:11.584+0000] {dag.py:3508} INFO - Setting next_dagrun for example_dynamic_task_mapping to 2022-03-04T00:00:00+00:00, run_after=2022-03-05T00:00:00+00:00
[2025-09-02T16:17:11.638+0000] {processor.py:179} INFO - Processing /home/airflow/.local/lib/python3.7/site-packages/airflow/example_dags/example_dynamic_task_mapping.py took 0.177 seconds
[2025-09-02T16:17:42.471+0000] {processor.py:157} INFO - Started process (PID=615) to work on /home/airflow/.local/lib/python3.7/site-packages/airflow/example_dags/example_dynamic_task_mapping.py
[2025-09-02T16:17:42.472+0000] {processor.py:826} INFO - Processing file /home/airflow/.local/lib/python3.7/site-packages/airflow/example_dags/example_dynamic_task_mapping.py for tasks to queue
[2025-09-02T16:17:42.473+0000] {logging_mixin.py:150} INFO - [2025-09-02T16:17:42.473+0000] {dagbag.py:541} INFO - Filling up the DagBag from /home/airflow/.local/lib/python3.7/site-packages/airflow/example_dags/example_dynamic_task_mapping.py
[2025-09-02T16:17:42.482+0000] {processor.py:836} INFO - DAG(s) dict_keys(['example_dynamic_task_mapping']) retrieved from /home/airflow/.local/lib/python3.7/site-packages/airflow/example_dags/example_dynamic_task_mapping.py
[2025-09-02T16:17:42.522+0000] {logging_mixin.py:150} INFO - [2025-09-02T16:17:42.521+0000] {dag.py:2742} INFO - Sync 1 DAGs
[2025-09-02T16:17:42.556+0000] {logging_mixin.py:150} INFO - [2025-09-02T16:17:42.555+0000] {dag.py:3508} INFO - Setting next_dagrun for example_dynamic_task_mapping to 2022-03-04T00:00:00+00:00, run_after=2022-03-05T00:00:00+00:00
[2025-09-02T16:17:42.591+0000] {processor.py:179} INFO - Processing /home/airflow/.local/lib/python3.7/site-packages/airflow/example_dags/example_dynamic_task_mapping.py took 0.124 seconds
[2025-09-02T16:18:12.941+0000] {processor.py:157} INFO - Started process (PID=675) to work on /home/airflow/.local/lib/python3.7/site-packages/airflow/example_dags/example_dynamic_task_mapping.py
[2025-09-02T16:18:12.942+0000] {processor.py:826} INFO - Processing file /home/airflow/.local/lib/python3.7/site-packages/airflow/example_dags/example_dynamic_task_mapping.py for tasks to queue
[2025-09-02T16:18:12.943+0000] {logging_mixin.py:150} INFO - [2025-09-02T16:18:12.943+0000] {dagbag.py:541} INFO - Filling up the DagBag from /home/airflow/.local/lib/python3.7/site-packages/airflow/example_dags/example_dynamic_task_mapping.py
[2025-09-02T16:18:12.955+0000] {processor.py:836} INFO - DAG(s) dict_keys(['example_dynamic_task_mapping']) retrieved from /home/airflow/.local/lib/python3.7/site-packages/airflow/example_dags/example_dynamic_task_mapping.py
[2025-09-02T16:18:12.989+0000] {logging_mixin.py:150} INFO - [2025-09-02T16:18:12.988+0000] {dag.py:2742} INFO - Sync 1 DAGs
[2025-09-02T16:18:13.027+0000] {logging_mixin.py:150} INFO - [2025-09-02T16:18:13.027+0000] {dag.py:3508} INFO - Setting next_dagrun for example_dynamic_task_mapping to 2022-03-04T00:00:00+00:00, run_after=2022-03-05T00:00:00+00:00
[2025-09-02T16:18:13.053+0000] {processor.py:179} INFO - Processing /home/airflow/.local/lib/python3.7/site-packages/airflow/example_dags/example_dynamic_task_mapping.py took 0.120 seconds
[2025-09-02T16:18:43.495+0000] {processor.py:157} INFO - Started process (PID=735) to work on /home/airflow/.local/lib/python3.7/site-packages/airflow/example_dags/example_dynamic_task_mapping.py
[2025-09-02T16:18:43.496+0000] {processor.py:826} INFO - Processing file /home/airflow/.local/lib/python3.7/site-packages/airflow/example_dags/example_dynamic_task_mapping.py for tasks to queue
[2025-09-02T16:18:43.498+0000] {logging_mixin.py:150} INFO - [2025-09-02T16:18:43.497+0000] {dagbag.py:541} INFO - Filling up the DagBag from /home/airflow/.local/lib/python3.7/site-packages/airflow/example_dags/example_dynamic_task_mapping.py
[2025-09-02T16:18:43.510+0000] {processor.py:836} INFO - DAG(s) dict_keys(['example_dynamic_task_mapping']) retrieved from /home/airflow/.local/lib/python3.7/site-packages/airflow/example_dags/example_dynamic_task_mapping.py
[2025-09-02T16:18:43.544+0000] {logging_mixin.py:150} INFO - [2025-09-02T16:18:43.544+0000] {dag.py:2742} INFO - Sync 1 DAGs
[2025-09-02T16:18:43.583+0000] {logging_mixin.py:150} INFO - [2025-09-02T16:18:43.582+0000] {dag.py:3508} INFO - Setting next_dagrun for example_dynamic_task_mapping to 2022-03-04T00:00:00+00:00, run_after=2022-03-05T00:00:00+00:00
[2025-09-02T16:18:43.620+0000] {processor.py:179} INFO - Processing /home/airflow/.local/lib/python3.7/site-packages/airflow/example_dags/example_dynamic_task_mapping.py took 0.129 seconds
[2025-09-02T16:19:14.238+0000] {processor.py:157} INFO - Started process (PID=795) to work on /home/airflow/.local/lib/python3.7/site-packages/airflow/example_dags/example_dynamic_task_mapping.py
[2025-09-02T16:19:14.238+0000] {processor.py:826} INFO - Processing file /home/airflow/.local/lib/python3.7/site-packages/airflow/example_dags/example_dynamic_task_mapping.py for tasks to queue
[2025-09-02T16:19:14.239+0000] {logging_mixin.py:150} INFO - [2025-09-02T16:19:14.239+0000] {dagbag.py:541} INFO - Filling up the DagBag from /home/airflow/.local/lib/python3.7/site-packages/airflow/example_dags/example_dynamic_task_mapping.py
[2025-09-02T16:19:14.248+0000] {processor.py:836} INFO - DAG(s) dict_keys(['example_dynamic_task_mapping']) retrieved from /home/airflow/.local/lib/python3.7/site-packages/airflow/example_dags/example_dynamic_task_mapping.py
[2025-09-02T16:19:14.274+0000] {logging_mixin.py:150} INFO - [2025-09-02T16:19:14.274+0000] {dag.py:2742} INFO - Sync 1 DAGs
[2025-09-02T16:19:14.303+0000] {logging_mixin.py:150} INFO - [2025-09-02T16:19:14.303+0000] {dag.py:3508} INFO - Setting next_dagrun for example_dynamic_task_mapping to 2022-03-04T00:00:00+00:00, run_after=2022-03-05T00:00:00+00:00
[2025-09-02T16:19:14.329+0000] {processor.py:179} INFO - Processing /home/airflow/.local/lib/python3.7/site-packages/airflow/example_dags/example_dynamic_task_mapping.py took 0.095 seconds
[2025-09-02T16:19:44.931+0000] {processor.py:157} INFO - Started process (PID=855) to work on /home/airflow/.local/lib/python3.7/site-packages/airflow/example_dags/example_dynamic_task_mapping.py
[2025-09-02T16:19:44.933+0000] {processor.py:826} INFO - Processing file /home/airflow/.local/lib/python3.7/site-packages/airflow/example_dags/example_dynamic_task_mapping.py for tasks to queue
[2025-09-02T16:19:44.934+0000] {logging_mixin.py:150} INFO - [2025-09-02T16:19:44.933+0000] {dagbag.py:541} INFO - Filling up the DagBag from /home/airflow/.local/lib/python3.7/site-packages/airflow/example_dags/example_dynamic_task_mapping.py
[2025-09-02T16:19:44.949+0000] {processor.py:836} INFO - DAG(s) dict_keys(['example_dynamic_task_mapping']) retrieved from /home/airflow/.local/lib/python3.7/site-packages/airflow/example_dags/example_dynamic_task_mapping.py
[2025-09-02T16:19:44.985+0000] {logging_mixin.py:150} INFO - [2025-09-02T16:19:44.985+0000] {dag.py:2742} INFO - Sync 1 DAGs
[2025-09-02T16:19:45.021+0000] {logging_mixin.py:150} INFO - [2025-09-02T16:19:45.021+0000] {dag.py:3508} INFO - Setting next_dagrun for example_dynamic_task_mapping to 2022-03-04T00:00:00+00:00, run_after=2022-03-05T00:00:00+00:00
[2025-09-02T16:19:45.047+0000] {processor.py:179} INFO - Processing /home/airflow/.local/lib/python3.7/site-packages/airflow/example_dags/example_dynamic_task_mapping.py took 0.122 seconds
[2025-09-02T16:20:15.873+0000] {processor.py:157} INFO - Started process (PID=915) to work on /home/airflow/.local/lib/python3.7/site-packages/airflow/example_dags/example_dynamic_task_mapping.py
[2025-09-02T16:20:15.874+0000] {processor.py:826} INFO - Processing file /home/airflow/.local/lib/python3.7/site-packages/airflow/example_dags/example_dynamic_task_mapping.py for tasks to queue
[2025-09-02T16:20:15.875+0000] {logging_mixin.py:150} INFO - [2025-09-02T16:20:15.874+0000] {dagbag.py:541} INFO - Filling up the DagBag from /home/airflow/.local/lib/python3.7/site-packages/airflow/example_dags/example_dynamic_task_mapping.py
[2025-09-02T16:20:15.884+0000] {processor.py:836} INFO - DAG(s) dict_keys(['example_dynamic_task_mapping']) retrieved from /home/airflow/.local/lib/python3.7/site-packages/airflow/example_dags/example_dynamic_task_mapping.py
[2025-09-02T16:20:15.917+0000] {logging_mixin.py:150} INFO - [2025-09-02T16:20:15.917+0000] {dag.py:2742} INFO - Sync 1 DAGs
[2025-09-02T16:20:15.954+0000] {logging_mixin.py:150} INFO - [2025-09-02T16:20:15.954+0000] {dag.py:3508} INFO - Setting next_dagrun for example_dynamic_task_mapping to 2022-03-04T00:00:00+00:00, run_after=2022-03-05T00:00:00+00:00
[2025-09-02T16:20:15.982+0000] {processor.py:179} INFO - Processing /home/airflow/.local/lib/python3.7/site-packages/airflow/example_dags/example_dynamic_task_mapping.py took 0.114 seconds
[2025-09-02T16:20:46.439+0000] {processor.py:157} INFO - Started process (PID=975) to work on /home/airflow/.local/lib/python3.7/site-packages/airflow/example_dags/example_dynamic_task_mapping.py
[2025-09-02T16:20:46.441+0000] {processor.py:826} INFO - Processing file /home/airflow/.local/lib/python3.7/site-packages/airflow/example_dags/example_dynamic_task_mapping.py for tasks to queue
[2025-09-02T16:20:46.443+0000] {logging_mixin.py:150} INFO - [2025-09-02T16:20:46.442+0000] {dagbag.py:541} INFO - Filling up the DagBag from /home/airflow/.local/lib/python3.7/site-packages/airflow/example_dags/example_dynamic_task_mapping.py
[2025-09-02T16:20:46.461+0000] {processor.py:836} INFO - DAG(s) dict_keys(['example_dynamic_task_mapping']) retrieved from /home/airflow/.local/lib/python3.7/site-packages/airflow/example_dags/example_dynamic_task_mapping.py
[2025-09-02T16:20:46.504+0000] {logging_mixin.py:150} INFO - [2025-09-02T16:20:46.503+0000] {dag.py:2742} INFO - Sync 1 DAGs
[2025-09-02T16:20:46.544+0000] {logging_mixin.py:150} INFO - [2025-09-02T16:20:46.544+0000] {dag.py:3508} INFO - Setting next_dagrun for example_dynamic_task_mapping to 2022-03-04T00:00:00+00:00, run_after=2022-03-05T00:00:00+00:00
[2025-09-02T16:20:46.579+0000] {processor.py:179} INFO - Processing /home/airflow/.local/lib/python3.7/site-packages/airflow/example_dags/example_dynamic_task_mapping.py took 0.147 seconds
[2025-09-02T16:21:17.079+0000] {processor.py:157} INFO - Started process (PID=1035) to work on /home/airflow/.local/lib/python3.7/site-packages/airflow/example_dags/example_dynamic_task_mapping.py
[2025-09-02T16:21:17.081+0000] {processor.py:826} INFO - Processing file /home/airflow/.local/lib/python3.7/site-packages/airflow/example_dags/example_dynamic_task_mapping.py for tasks to queue
[2025-09-02T16:21:17.082+0000] {logging_mixin.py:150} INFO - [2025-09-02T16:21:17.082+0000] {dagbag.py:541} INFO - Filling up the DagBag from /home/airflow/.local/lib/python3.7/site-packages/airflow/example_dags/example_dynamic_task_mapping.py
[2025-09-02T16:21:17.097+0000] {processor.py:836} INFO - DAG(s) dict_keys(['example_dynamic_task_mapping']) retrieved from /home/airflow/.local/lib/python3.7/site-packages/airflow/example_dags/example_dynamic_task_mapping.py
[2025-09-02T16:21:17.152+0000] {logging_mixin.py:150} INFO - [2025-09-02T16:21:17.152+0000] {dag.py:2742} INFO - Sync 1 DAGs
[2025-09-02T16:21:17.218+0000] {logging_mixin.py:150} INFO - [2025-09-02T16:21:17.218+0000] {dag.py:3508} INFO - Setting next_dagrun for example_dynamic_task_mapping to 2022-03-04T00:00:00+00:00, run_after=2022-03-05T00:00:00+00:00
[2025-09-02T16:21:17.276+0000] {processor.py:179} INFO - Processing /home/airflow/.local/lib/python3.7/site-packages/airflow/example_dags/example_dynamic_task_mapping.py took 0.202 seconds
[2025-09-02T16:21:47.893+0000] {processor.py:157} INFO - Started process (PID=1095) to work on /home/airflow/.local/lib/python3.7/site-packages/airflow/example_dags/example_dynamic_task_mapping.py
[2025-09-02T16:21:47.895+0000] {processor.py:826} INFO - Processing file /home/airflow/.local/lib/python3.7/site-packages/airflow/example_dags/example_dynamic_task_mapping.py for tasks to queue
[2025-09-02T16:21:47.897+0000] {logging_mixin.py:150} INFO - [2025-09-02T16:21:47.896+0000] {dagbag.py:541} INFO - Filling up the DagBag from /home/airflow/.local/lib/python3.7/site-packages/airflow/example_dags/example_dynamic_task_mapping.py
[2025-09-02T16:21:47.909+0000] {processor.py:836} INFO - DAG(s) dict_keys(['example_dynamic_task_mapping']) retrieved from /home/airflow/.local/lib/python3.7/site-packages/airflow/example_dags/example_dynamic_task_mapping.py
[2025-09-02T16:21:47.943+0000] {logging_mixin.py:150} INFO - [2025-09-02T16:21:47.943+0000] {dag.py:2742} INFO - Sync 1 DAGs
[2025-09-02T16:21:47.984+0000] {logging_mixin.py:150} INFO - [2025-09-02T16:21:47.983+0000] {dag.py:3508} INFO - Setting next_dagrun for example_dynamic_task_mapping to 2022-03-04T00:00:00+00:00, run_after=2022-03-05T00:00:00+00:00
[2025-09-02T16:21:48.033+0000] {processor.py:179} INFO - Processing /home/airflow/.local/lib/python3.7/site-packages/airflow/example_dags/example_dynamic_task_mapping.py took 0.145 seconds
[2025-09-02T16:22:18.484+0000] {processor.py:157} INFO - Started process (PID=1155) to work on /home/airflow/.local/lib/python3.7/site-packages/airflow/example_dags/example_dynamic_task_mapping.py
[2025-09-02T16:22:18.486+0000] {processor.py:826} INFO - Processing file /home/airflow/.local/lib/python3.7/site-packages/airflow/example_dags/example_dynamic_task_mapping.py for tasks to queue
[2025-09-02T16:22:18.490+0000] {logging_mixin.py:150} INFO - [2025-09-02T16:22:18.490+0000] {dagbag.py:541} INFO - Filling up the DagBag from /home/airflow/.local/lib/python3.7/site-packages/airflow/example_dags/example_dynamic_task_mapping.py
[2025-09-02T16:22:18.510+0000] {processor.py:836} INFO - DAG(s) dict_keys(['example_dynamic_task_mapping']) retrieved from /home/airflow/.local/lib/python3.7/site-packages/airflow/example_dags/example_dynamic_task_mapping.py
[2025-09-02T16:22:18.539+0000] {logging_mixin.py:150} INFO - [2025-09-02T16:22:18.539+0000] {dag.py:2742} INFO - Sync 1 DAGs
[2025-09-02T16:22:18.574+0000] {logging_mixin.py:150} INFO - [2025-09-02T16:22:18.573+0000] {dag.py:3508} INFO - Setting next_dagrun for example_dynamic_task_mapping to 2022-03-04T00:00:00+00:00, run_after=2022-03-05T00:00:00+00:00
[2025-09-02T16:22:18.599+0000] {processor.py:179} INFO - Processing /home/airflow/.local/lib/python3.7/site-packages/airflow/example_dags/example_dynamic_task_mapping.py took 0.119 seconds
[2025-09-02T16:22:49.004+0000] {processor.py:157} INFO - Started process (PID=1215) to work on /home/airflow/.local/lib/python3.7/site-packages/airflow/example_dags/example_dynamic_task_mapping.py
[2025-09-02T16:22:49.006+0000] {processor.py:826} INFO - Processing file /home/airflow/.local/lib/python3.7/site-packages/airflow/example_dags/example_dynamic_task_mapping.py for tasks to queue
[2025-09-02T16:22:49.008+0000] {logging_mixin.py:150} INFO - [2025-09-02T16:22:49.007+0000] {dagbag.py:541} INFO - Filling up the DagBag from /home/airflow/.local/lib/python3.7/site-packages/airflow/example_dags/example_dynamic_task_mapping.py
[2025-09-02T16:22:49.026+0000] {processor.py:836} INFO - DAG(s) dict_keys(['example_dynamic_task_mapping']) retrieved from /home/airflow/.local/lib/python3.7/site-packages/airflow/example_dags/example_dynamic_task_mapping.py
[2025-09-02T16:22:49.069+0000] {logging_mixin.py:150} INFO - [2025-09-02T16:22:49.068+0000] {dag.py:2742} INFO - Sync 1 DAGs
[2025-09-02T16:22:49.112+0000] {logging_mixin.py:150} INFO - [2025-09-02T16:22:49.111+0000] {dag.py:3508} INFO - Setting next_dagrun for example_dynamic_task_mapping to 2022-03-04T00:00:00+00:00, run_after=2022-03-05T00:00:00+00:00
[2025-09-02T16:22:49.144+0000] {processor.py:179} INFO - Processing /home/airflow/.local/lib/python3.7/site-packages/airflow/example_dags/example_dynamic_task_mapping.py took 0.148 seconds
[2025-09-02T16:23:19.423+0000] {processor.py:157} INFO - Started process (PID=1275) to work on /home/airflow/.local/lib/python3.7/site-packages/airflow/example_dags/example_dynamic_task_mapping.py
[2025-09-02T16:23:19.426+0000] {processor.py:826} INFO - Processing file /home/airflow/.local/lib/python3.7/site-packages/airflow/example_dags/example_dynamic_task_mapping.py for tasks to queue
[2025-09-02T16:23:19.428+0000] {logging_mixin.py:150} INFO - [2025-09-02T16:23:19.428+0000] {dagbag.py:541} INFO - Filling up the DagBag from /home/airflow/.local/lib/python3.7/site-packages/airflow/example_dags/example_dynamic_task_mapping.py
[2025-09-02T16:23:19.441+0000] {processor.py:836} INFO - DAG(s) dict_keys(['example_dynamic_task_mapping']) retrieved from /home/airflow/.local/lib/python3.7/site-packages/airflow/example_dags/example_dynamic_task_mapping.py
[2025-09-02T16:23:19.477+0000] {logging_mixin.py:150} INFO - [2025-09-02T16:23:19.476+0000] {dag.py:2742} INFO - Sync 1 DAGs
[2025-09-02T16:23:19.516+0000] {logging_mixin.py:150} INFO - [2025-09-02T16:23:19.516+0000] {dag.py:3508} INFO - Setting next_dagrun for example_dynamic_task_mapping to 2022-03-04T00:00:00+00:00, run_after=2022-03-05T00:00:00+00:00
[2025-09-02T16:23:19.548+0000] {processor.py:179} INFO - Processing /home/airflow/.local/lib/python3.7/site-packages/airflow/example_dags/example_dynamic_task_mapping.py took 0.135 seconds
[2025-09-02T16:23:49.841+0000] {processor.py:157} INFO - Started process (PID=1335) to work on /home/airflow/.local/lib/python3.7/site-packages/airflow/example_dags/example_dynamic_task_mapping.py
[2025-09-02T16:23:49.843+0000] {processor.py:826} INFO - Processing file /home/airflow/.local/lib/python3.7/site-packages/airflow/example_dags/example_dynamic_task_mapping.py for tasks to queue
[2025-09-02T16:23:49.844+0000] {logging_mixin.py:150} INFO - [2025-09-02T16:23:49.844+0000] {dagbag.py:541} INFO - Filling up the DagBag from /home/airflow/.local/lib/python3.7/site-packages/airflow/example_dags/example_dynamic_task_mapping.py
[2025-09-02T16:23:49.854+0000] {processor.py:836} INFO - DAG(s) dict_keys(['example_dynamic_task_mapping']) retrieved from /home/airflow/.local/lib/python3.7/site-packages/airflow/example_dags/example_dynamic_task_mapping.py
[2025-09-02T16:23:49.890+0000] {logging_mixin.py:150} INFO - [2025-09-02T16:23:49.889+0000] {dag.py:2742} INFO - Sync 1 DAGs
[2025-09-02T16:23:49.933+0000] {logging_mixin.py:150} INFO - [2025-09-02T16:23:49.932+0000] {dag.py:3508} INFO - Setting next_dagrun for example_dynamic_task_mapping to 2022-03-04T00:00:00+00:00, run_after=2022-03-05T00:00:00+00:00
[2025-09-02T16:23:49.965+0000] {processor.py:179} INFO - Processing /home/airflow/.local/lib/python3.7/site-packages/airflow/example_dags/example_dynamic_task_mapping.py took 0.130 seconds
[2025-09-02T16:24:20.481+0000] {processor.py:157} INFO - Started process (PID=1395) to work on /home/airflow/.local/lib/python3.7/site-packages/airflow/example_dags/example_dynamic_task_mapping.py
[2025-09-02T16:24:20.488+0000] {processor.py:826} INFO - Processing file /home/airflow/.local/lib/python3.7/site-packages/airflow/example_dags/example_dynamic_task_mapping.py for tasks to queue
[2025-09-02T16:24:20.490+0000] {logging_mixin.py:150} INFO - [2025-09-02T16:24:20.490+0000] {dagbag.py:541} INFO - Filling up the DagBag from /home/airflow/.local/lib/python3.7/site-packages/airflow/example_dags/example_dynamic_task_mapping.py
[2025-09-02T16:24:20.517+0000] {processor.py:836} INFO - DAG(s) dict_keys(['example_dynamic_task_mapping']) retrieved from /home/airflow/.local/lib/python3.7/site-packages/airflow/example_dags/example_dynamic_task_mapping.py
[2025-09-02T16:24:20.597+0000] {logging_mixin.py:150} INFO - [2025-09-02T16:24:20.596+0000] {dag.py:2742} INFO - Sync 1 DAGs
[2025-09-02T16:24:20.645+0000] {logging_mixin.py:150} INFO - [2025-09-02T16:24:20.645+0000] {dag.py:3508} INFO - Setting next_dagrun for example_dynamic_task_mapping to 2022-03-04T00:00:00+00:00, run_after=2022-03-05T00:00:00+00:00
[2025-09-02T16:24:20.686+0000] {processor.py:179} INFO - Processing /home/airflow/.local/lib/python3.7/site-packages/airflow/example_dags/example_dynamic_task_mapping.py took 0.218 seconds
[2025-09-02T16:26:35.614+0000] {processor.py:157} INFO - Started process (PID=96) to work on /home/airflow/.local/lib/python3.7/site-packages/airflow/example_dags/example_dynamic_task_mapping.py
[2025-09-02T16:26:35.631+0000] {processor.py:826} INFO - Processing file /home/airflow/.local/lib/python3.7/site-packages/airflow/example_dags/example_dynamic_task_mapping.py for tasks to queue
[2025-09-02T16:26:35.633+0000] {logging_mixin.py:150} INFO - [2025-09-02T16:26:35.632+0000] {dagbag.py:541} INFO - Filling up the DagBag from /home/airflow/.local/lib/python3.7/site-packages/airflow/example_dags/example_dynamic_task_mapping.py
[2025-09-02T16:26:35.681+0000] {processor.py:836} INFO - DAG(s) dict_keys(['example_dynamic_task_mapping']) retrieved from /home/airflow/.local/lib/python3.7/site-packages/airflow/example_dags/example_dynamic_task_mapping.py
[2025-09-02T16:26:35.946+0000] {logging_mixin.py:150} INFO - [2025-09-02T16:26:35.946+0000] {dag.py:2742} INFO - Sync 1 DAGs
[2025-09-02T16:26:35.998+0000] {logging_mixin.py:150} INFO - [2025-09-02T16:26:35.998+0000] {dag.py:3508} INFO - Setting next_dagrun for example_dynamic_task_mapping to 2022-03-04T00:00:00+00:00, run_after=2022-03-05T00:00:00+00:00
[2025-09-02T16:26:36.049+0000] {processor.py:179} INFO - Processing /home/airflow/.local/lib/python3.7/site-packages/airflow/example_dags/example_dynamic_task_mapping.py took 0.463 seconds
[2025-09-02T16:27:06.211+0000] {processor.py:157} INFO - Started process (PID=156) to work on /home/airflow/.local/lib/python3.7/site-packages/airflow/example_dags/example_dynamic_task_mapping.py
[2025-09-02T16:27:06.212+0000] {processor.py:826} INFO - Processing file /home/airflow/.local/lib/python3.7/site-packages/airflow/example_dags/example_dynamic_task_mapping.py for tasks to queue
[2025-09-02T16:27:06.213+0000] {logging_mixin.py:150} INFO - [2025-09-02T16:27:06.213+0000] {dagbag.py:541} INFO - Filling up the DagBag from /home/airflow/.local/lib/python3.7/site-packages/airflow/example_dags/example_dynamic_task_mapping.py
[2025-09-02T16:27:06.225+0000] {processor.py:836} INFO - DAG(s) dict_keys(['example_dynamic_task_mapping']) retrieved from /home/airflow/.local/lib/python3.7/site-packages/airflow/example_dags/example_dynamic_task_mapping.py
[2025-09-02T16:27:06.281+0000] {logging_mixin.py:150} INFO - [2025-09-02T16:27:06.280+0000] {dag.py:2742} INFO - Sync 1 DAGs
[2025-09-02T16:27:06.326+0000] {logging_mixin.py:150} INFO - [2025-09-02T16:27:06.325+0000] {dag.py:3508} INFO - Setting next_dagrun for example_dynamic_task_mapping to 2022-03-04T00:00:00+00:00, run_after=2022-03-05T00:00:00+00:00
[2025-09-02T16:27:06.484+0000] {processor.py:179} INFO - Processing /home/airflow/.local/lib/python3.7/site-packages/airflow/example_dags/example_dynamic_task_mapping.py took 0.279 seconds
[2025-09-02T16:27:36.680+0000] {processor.py:157} INFO - Started process (PID=215) to work on /home/airflow/.local/lib/python3.7/site-packages/airflow/example_dags/example_dynamic_task_mapping.py
[2025-09-02T16:27:36.682+0000] {processor.py:826} INFO - Processing file /home/airflow/.local/lib/python3.7/site-packages/airflow/example_dags/example_dynamic_task_mapping.py for tasks to queue
[2025-09-02T16:27:36.683+0000] {logging_mixin.py:150} INFO - [2025-09-02T16:27:36.683+0000] {dagbag.py:541} INFO - Filling up the DagBag from /home/airflow/.local/lib/python3.7/site-packages/airflow/example_dags/example_dynamic_task_mapping.py
[2025-09-02T16:27:36.692+0000] {processor.py:836} INFO - DAG(s) dict_keys(['example_dynamic_task_mapping']) retrieved from /home/airflow/.local/lib/python3.7/site-packages/airflow/example_dags/example_dynamic_task_mapping.py
[2025-09-02T16:27:36.724+0000] {logging_mixin.py:150} INFO - [2025-09-02T16:27:36.724+0000] {dag.py:2742} INFO - Sync 1 DAGs
[2025-09-02T16:27:36.762+0000] {logging_mixin.py:150} INFO - [2025-09-02T16:27:36.762+0000] {dag.py:3508} INFO - Setting next_dagrun for example_dynamic_task_mapping to 2022-03-04T00:00:00+00:00, run_after=2022-03-05T00:00:00+00:00
[2025-09-02T16:27:36.795+0000] {processor.py:179} INFO - Processing /home/airflow/.local/lib/python3.7/site-packages/airflow/example_dags/example_dynamic_task_mapping.py took 0.119 seconds
[2025-09-02T16:28:07.279+0000] {processor.py:157} INFO - Started process (PID=274) to work on /home/airflow/.local/lib/python3.7/site-packages/airflow/example_dags/example_dynamic_task_mapping.py
[2025-09-02T16:28:07.280+0000] {processor.py:826} INFO - Processing file /home/airflow/.local/lib/python3.7/site-packages/airflow/example_dags/example_dynamic_task_mapping.py for tasks to queue
[2025-09-02T16:28:07.281+0000] {logging_mixin.py:150} INFO - [2025-09-02T16:28:07.281+0000] {dagbag.py:541} INFO - Filling up the DagBag from /home/airflow/.local/lib/python3.7/site-packages/airflow/example_dags/example_dynamic_task_mapping.py
[2025-09-02T16:28:07.289+0000] {processor.py:836} INFO - DAG(s) dict_keys(['example_dynamic_task_mapping']) retrieved from /home/airflow/.local/lib/python3.7/site-packages/airflow/example_dags/example_dynamic_task_mapping.py
[2025-09-02T16:28:07.314+0000] {logging_mixin.py:150} INFO - [2025-09-02T16:28:07.313+0000] {dag.py:2742} INFO - Sync 1 DAGs
[2025-09-02T16:28:07.355+0000] {logging_mixin.py:150} INFO - [2025-09-02T16:28:07.355+0000] {dag.py:3508} INFO - Setting next_dagrun for example_dynamic_task_mapping to 2022-03-04T00:00:00+00:00, run_after=2022-03-05T00:00:00+00:00
[2025-09-02T16:28:07.389+0000] {processor.py:179} INFO - Processing /home/airflow/.local/lib/python3.7/site-packages/airflow/example_dags/example_dynamic_task_mapping.py took 0.114 seconds
[2025-09-02T16:28:37.655+0000] {processor.py:157} INFO - Started process (PID=334) to work on /home/airflow/.local/lib/python3.7/site-packages/airflow/example_dags/example_dynamic_task_mapping.py
[2025-09-02T16:28:37.656+0000] {processor.py:826} INFO - Processing file /home/airflow/.local/lib/python3.7/site-packages/airflow/example_dags/example_dynamic_task_mapping.py for tasks to queue
[2025-09-02T16:28:37.657+0000] {logging_mixin.py:150} INFO - [2025-09-02T16:28:37.657+0000] {dagbag.py:541} INFO - Filling up the DagBag from /home/airflow/.local/lib/python3.7/site-packages/airflow/example_dags/example_dynamic_task_mapping.py
[2025-09-02T16:28:37.667+0000] {processor.py:836} INFO - DAG(s) dict_keys(['example_dynamic_task_mapping']) retrieved from /home/airflow/.local/lib/python3.7/site-packages/airflow/example_dags/example_dynamic_task_mapping.py
[2025-09-02T16:28:37.698+0000] {logging_mixin.py:150} INFO - [2025-09-02T16:28:37.697+0000] {dag.py:2742} INFO - Sync 1 DAGs
[2025-09-02T16:28:37.734+0000] {logging_mixin.py:150} INFO - [2025-09-02T16:28:37.734+0000] {dag.py:3508} INFO - Setting next_dagrun for example_dynamic_task_mapping to 2022-03-04T00:00:00+00:00, run_after=2022-03-05T00:00:00+00:00
[2025-09-02T16:28:37.767+0000] {processor.py:179} INFO - Processing /home/airflow/.local/lib/python3.7/site-packages/airflow/example_dags/example_dynamic_task_mapping.py took 0.117 seconds
[2025-09-02T16:29:08.320+0000] {processor.py:157} INFO - Started process (PID=394) to work on /home/airflow/.local/lib/python3.7/site-packages/airflow/example_dags/example_dynamic_task_mapping.py
[2025-09-02T16:29:08.322+0000] {processor.py:826} INFO - Processing file /home/airflow/.local/lib/python3.7/site-packages/airflow/example_dags/example_dynamic_task_mapping.py for tasks to queue
[2025-09-02T16:29:08.322+0000] {logging_mixin.py:150} INFO - [2025-09-02T16:29:08.322+0000] {dagbag.py:541} INFO - Filling up the DagBag from /home/airflow/.local/lib/python3.7/site-packages/airflow/example_dags/example_dynamic_task_mapping.py
[2025-09-02T16:29:08.332+0000] {processor.py:836} INFO - DAG(s) dict_keys(['example_dynamic_task_mapping']) retrieved from /home/airflow/.local/lib/python3.7/site-packages/airflow/example_dags/example_dynamic_task_mapping.py
[2025-09-02T16:29:08.367+0000] {logging_mixin.py:150} INFO - [2025-09-02T16:29:08.366+0000] {dag.py:2742} INFO - Sync 1 DAGs
[2025-09-02T16:29:08.408+0000] {logging_mixin.py:150} INFO - [2025-09-02T16:29:08.407+0000] {dag.py:3508} INFO - Setting next_dagrun for example_dynamic_task_mapping to 2022-03-04T00:00:00+00:00, run_after=2022-03-05T00:00:00+00:00
[2025-09-02T16:29:08.435+0000] {processor.py:179} INFO - Processing /home/airflow/.local/lib/python3.7/site-packages/airflow/example_dags/example_dynamic_task_mapping.py took 0.119 seconds
[2025-09-02T16:29:38.688+0000] {processor.py:157} INFO - Started process (PID=454) to work on /home/airflow/.local/lib/python3.7/site-packages/airflow/example_dags/example_dynamic_task_mapping.py
[2025-09-02T16:29:38.689+0000] {processor.py:826} INFO - Processing file /home/airflow/.local/lib/python3.7/site-packages/airflow/example_dags/example_dynamic_task_mapping.py for tasks to queue
[2025-09-02T16:29:38.691+0000] {logging_mixin.py:150} INFO - [2025-09-02T16:29:38.690+0000] {dagbag.py:541} INFO - Filling up the DagBag from /home/airflow/.local/lib/python3.7/site-packages/airflow/example_dags/example_dynamic_task_mapping.py
[2025-09-02T16:29:38.700+0000] {processor.py:836} INFO - DAG(s) dict_keys(['example_dynamic_task_mapping']) retrieved from /home/airflow/.local/lib/python3.7/site-packages/airflow/example_dags/example_dynamic_task_mapping.py
[2025-09-02T16:29:38.730+0000] {logging_mixin.py:150} INFO - [2025-09-02T16:29:38.729+0000] {dag.py:2742} INFO - Sync 1 DAGs
[2025-09-02T16:29:38.770+0000] {logging_mixin.py:150} INFO - [2025-09-02T16:29:38.770+0000] {dag.py:3508} INFO - Setting next_dagrun for example_dynamic_task_mapping to 2022-03-04T00:00:00+00:00, run_after=2022-03-05T00:00:00+00:00
[2025-09-02T16:29:38.800+0000] {processor.py:179} INFO - Processing /home/airflow/.local/lib/python3.7/site-packages/airflow/example_dags/example_dynamic_task_mapping.py took 0.119 seconds
[2025-09-02T16:30:10.334+0000] {processor.py:157} INFO - Started process (PID=515) to work on /home/airflow/.local/lib/python3.7/site-packages/airflow/example_dags/example_dynamic_task_mapping.py
[2025-09-02T16:30:10.337+0000] {processor.py:826} INFO - Processing file /home/airflow/.local/lib/python3.7/site-packages/airflow/example_dags/example_dynamic_task_mapping.py for tasks to queue
[2025-09-02T16:30:10.338+0000] {logging_mixin.py:150} INFO - [2025-09-02T16:30:10.338+0000] {dagbag.py:541} INFO - Filling up the DagBag from /home/airflow/.local/lib/python3.7/site-packages/airflow/example_dags/example_dynamic_task_mapping.py
[2025-09-02T16:30:10.350+0000] {processor.py:836} INFO - DAG(s) dict_keys(['example_dynamic_task_mapping']) retrieved from /home/airflow/.local/lib/python3.7/site-packages/airflow/example_dags/example_dynamic_task_mapping.py
[2025-09-02T16:30:11.031+0000] {logging_mixin.py:150} INFO - [2025-09-02T16:30:10.999+0000] {dag.py:2742} INFO - Sync 1 DAGs
[2025-09-02T16:30:11.082+0000] {logging_mixin.py:150} INFO - [2025-09-02T16:30:11.082+0000] {dag.py:3508} INFO - Setting next_dagrun for example_dynamic_task_mapping to 2022-03-04T00:00:00+00:00, run_after=2022-03-05T00:00:00+00:00
[2025-09-02T16:30:11.155+0000] {processor.py:179} INFO - Processing /home/airflow/.local/lib/python3.7/site-packages/airflow/example_dags/example_dynamic_task_mapping.py took 0.827 seconds
