[2025-09-02T16:13:03.944+0000] {processor.py:157} INFO - Started process (PID=66) to work on /home/airflow/.local/lib/python3.7/site-packages/airflow/example_dags/example_skip_dag.py
[2025-09-02T16:13:03.945+0000] {processor.py:826} INFO - Processing file /home/airflow/.local/lib/python3.7/site-packages/airflow/example_dags/example_skip_dag.py for tasks to queue
[2025-09-02T16:13:03.946+0000] {logging_mixin.py:150} INFO - [2025-09-02T16:13:03.946+0000] {dagbag.py:541} INFO - Filling up the DagBag from /home/airflow/.local/lib/python3.7/site-packages/airflow/example_dags/example_skip_dag.py
[2025-09-02T16:13:03.954+0000] {processor.py:836} INFO - DAG(s) dict_keys(['example_skip_dag']) retrieved from /home/airflow/.local/lib/python3.7/site-packages/airflow/example_dags/example_skip_dag.py
[2025-09-02T16:13:04.060+0000] {logging_mixin.py:150} INFO - [2025-09-02T16:13:04.060+0000] {manager.py:504} INFO - Created Permission View: can read on DAG:example_skip_dag
[2025-09-02T16:13:04.075+0000] {logging_mixin.py:150} INFO - [2025-09-02T16:13:04.075+0000] {manager.py:504} INFO - Created Permission View: can edit on DAG:example_skip_dag
[2025-09-02T16:13:04.083+0000] {logging_mixin.py:150} INFO - [2025-09-02T16:13:04.083+0000] {manager.py:504} INFO - Created Permission View: can delete on DAG:example_skip_dag
[2025-09-02T16:13:04.100+0000] {logging_mixin.py:150} INFO - [2025-09-02T16:13:04.100+0000] {dag.py:2742} INFO - Sync 1 DAGs
[2025-09-02T16:13:04.117+0000] {logging_mixin.py:150} INFO - [2025-09-02T16:13:04.117+0000] {dag.py:2763} INFO - Creating ORM DAG for example_skip_dag
[2025-09-02T16:13:04.129+0000] {logging_mixin.py:150} INFO - [2025-09-02T16:13:04.129+0000] {dag.py:3508} INFO - Setting next_dagrun for example_skip_dag to 2025-09-01T16:13:04.129010+00:00, run_after=2025-09-02T16:13:04.129010+00:00
[2025-09-02T16:13:04.155+0000] {processor.py:179} INFO - Processing /home/airflow/.local/lib/python3.7/site-packages/airflow/example_dags/example_skip_dag.py took 0.214 seconds
[2025-09-02T16:13:34.312+0000] {processor.py:157} INFO - Started process (PID=134) to work on /home/airflow/.local/lib/python3.7/site-packages/airflow/example_dags/example_skip_dag.py
[2025-09-02T16:13:34.313+0000] {processor.py:826} INFO - Processing file /home/airflow/.local/lib/python3.7/site-packages/airflow/example_dags/example_skip_dag.py for tasks to queue
[2025-09-02T16:13:34.314+0000] {logging_mixin.py:150} INFO - [2025-09-02T16:13:34.313+0000] {dagbag.py:541} INFO - Filling up the DagBag from /home/airflow/.local/lib/python3.7/site-packages/airflow/example_dags/example_skip_dag.py
[2025-09-02T16:13:34.322+0000] {processor.py:836} INFO - DAG(s) dict_keys(['example_skip_dag']) retrieved from /home/airflow/.local/lib/python3.7/site-packages/airflow/example_dags/example_skip_dag.py
[2025-09-02T16:13:34.354+0000] {logging_mixin.py:150} INFO - [2025-09-02T16:13:34.354+0000] {dag.py:2742} INFO - Sync 1 DAGs
[2025-09-02T16:13:34.389+0000] {logging_mixin.py:150} INFO - [2025-09-02T16:13:34.389+0000] {dag.py:3508} INFO - Setting next_dagrun for example_skip_dag to 2025-09-01T16:13:34.389138+00:00, run_after=2025-09-02T16:13:34.389138+00:00
[2025-09-02T16:13:34.418+0000] {processor.py:179} INFO - Processing /home/airflow/.local/lib/python3.7/site-packages/airflow/example_dags/example_skip_dag.py took 0.113 seconds
[2025-09-02T16:14:05.843+0000] {processor.py:157} INFO - Started process (PID=194) to work on /home/airflow/.local/lib/python3.7/site-packages/airflow/example_dags/example_skip_dag.py
[2025-09-02T16:14:05.843+0000] {processor.py:826} INFO - Processing file /home/airflow/.local/lib/python3.7/site-packages/airflow/example_dags/example_skip_dag.py for tasks to queue
[2025-09-02T16:14:05.844+0000] {logging_mixin.py:150} INFO - [2025-09-02T16:14:05.844+0000] {dagbag.py:541} INFO - Filling up the DagBag from /home/airflow/.local/lib/python3.7/site-packages/airflow/example_dags/example_skip_dag.py
[2025-09-02T16:14:05.852+0000] {processor.py:836} INFO - DAG(s) dict_keys(['example_skip_dag']) retrieved from /home/airflow/.local/lib/python3.7/site-packages/airflow/example_dags/example_skip_dag.py
[2025-09-02T16:14:05.881+0000] {logging_mixin.py:150} INFO - [2025-09-02T16:14:05.881+0000] {dag.py:2742} INFO - Sync 1 DAGs
[2025-09-02T16:14:05.914+0000] {logging_mixin.py:150} INFO - [2025-09-02T16:14:05.914+0000] {dag.py:3508} INFO - Setting next_dagrun for example_skip_dag to 2025-09-01T16:14:05.913770+00:00, run_after=2025-09-02T16:14:05.913770+00:00
[2025-09-02T16:14:05.939+0000] {processor.py:179} INFO - Processing /home/airflow/.local/lib/python3.7/site-packages/airflow/example_dags/example_skip_dag.py took 0.101 seconds
[2025-09-02T16:14:37.345+0000] {processor.py:157} INFO - Started process (PID=254) to work on /home/airflow/.local/lib/python3.7/site-packages/airflow/example_dags/example_skip_dag.py
[2025-09-02T16:14:37.346+0000] {processor.py:826} INFO - Processing file /home/airflow/.local/lib/python3.7/site-packages/airflow/example_dags/example_skip_dag.py for tasks to queue
[2025-09-02T16:14:37.347+0000] {logging_mixin.py:150} INFO - [2025-09-02T16:14:37.346+0000] {dagbag.py:541} INFO - Filling up the DagBag from /home/airflow/.local/lib/python3.7/site-packages/airflow/example_dags/example_skip_dag.py
[2025-09-02T16:14:37.357+0000] {processor.py:836} INFO - DAG(s) dict_keys(['example_skip_dag']) retrieved from /home/airflow/.local/lib/python3.7/site-packages/airflow/example_dags/example_skip_dag.py
[2025-09-02T16:14:37.404+0000] {logging_mixin.py:150} INFO - [2025-09-02T16:14:37.404+0000] {dag.py:2742} INFO - Sync 1 DAGs
[2025-09-02T16:14:37.440+0000] {logging_mixin.py:150} INFO - [2025-09-02T16:14:37.440+0000] {dag.py:3508} INFO - Setting next_dagrun for example_skip_dag to 2025-09-01T16:14:37.440041+00:00, run_after=2025-09-02T16:14:37.440041+00:00
[2025-09-02T16:14:37.471+0000] {processor.py:179} INFO - Processing /home/airflow/.local/lib/python3.7/site-packages/airflow/example_dags/example_skip_dag.py took 0.132 seconds
[2025-09-02T16:15:07.988+0000] {processor.py:157} INFO - Started process (PID=314) to work on /home/airflow/.local/lib/python3.7/site-packages/airflow/example_dags/example_skip_dag.py
[2025-09-02T16:15:07.989+0000] {processor.py:826} INFO - Processing file /home/airflow/.local/lib/python3.7/site-packages/airflow/example_dags/example_skip_dag.py for tasks to queue
[2025-09-02T16:15:07.990+0000] {logging_mixin.py:150} INFO - [2025-09-02T16:15:07.989+0000] {dagbag.py:541} INFO - Filling up the DagBag from /home/airflow/.local/lib/python3.7/site-packages/airflow/example_dags/example_skip_dag.py
[2025-09-02T16:15:07.998+0000] {processor.py:836} INFO - DAG(s) dict_keys(['example_skip_dag']) retrieved from /home/airflow/.local/lib/python3.7/site-packages/airflow/example_dags/example_skip_dag.py
[2025-09-02T16:15:08.034+0000] {logging_mixin.py:150} INFO - [2025-09-02T16:15:08.034+0000] {dag.py:2742} INFO - Sync 1 DAGs
[2025-09-02T16:15:08.076+0000] {logging_mixin.py:150} INFO - [2025-09-02T16:15:08.076+0000] {dag.py:3508} INFO - Setting next_dagrun for example_skip_dag to 2025-09-01T16:15:08.075947+00:00, run_after=2025-09-02T16:15:08.075947+00:00
[2025-09-02T16:15:08.104+0000] {processor.py:179} INFO - Processing /home/airflow/.local/lib/python3.7/site-packages/airflow/example_dags/example_skip_dag.py took 0.121 seconds
[2025-09-02T16:15:38.318+0000] {processor.py:157} INFO - Started process (PID=373) to work on /home/airflow/.local/lib/python3.7/site-packages/airflow/example_dags/example_skip_dag.py
[2025-09-02T16:15:38.319+0000] {processor.py:826} INFO - Processing file /home/airflow/.local/lib/python3.7/site-packages/airflow/example_dags/example_skip_dag.py for tasks to queue
[2025-09-02T16:15:38.320+0000] {logging_mixin.py:150} INFO - [2025-09-02T16:15:38.320+0000] {dagbag.py:541} INFO - Filling up the DagBag from /home/airflow/.local/lib/python3.7/site-packages/airflow/example_dags/example_skip_dag.py
[2025-09-02T16:15:38.329+0000] {processor.py:836} INFO - DAG(s) dict_keys(['example_skip_dag']) retrieved from /home/airflow/.local/lib/python3.7/site-packages/airflow/example_dags/example_skip_dag.py
[2025-09-02T16:15:38.359+0000] {logging_mixin.py:150} INFO - [2025-09-02T16:15:38.359+0000] {dag.py:2742} INFO - Sync 1 DAGs
[2025-09-02T16:15:38.393+0000] {logging_mixin.py:150} INFO - [2025-09-02T16:15:38.393+0000] {dag.py:3508} INFO - Setting next_dagrun for example_skip_dag to 2025-09-01T16:15:38.393433+00:00, run_after=2025-09-02T16:15:38.393433+00:00
[2025-09-02T16:15:38.422+0000] {processor.py:179} INFO - Processing /home/airflow/.local/lib/python3.7/site-packages/airflow/example_dags/example_skip_dag.py took 0.108 seconds
[2025-09-02T16:16:08.525+0000] {processor.py:157} INFO - Started process (PID=427) to work on /home/airflow/.local/lib/python3.7/site-packages/airflow/example_dags/example_skip_dag.py
[2025-09-02T16:16:08.526+0000] {processor.py:826} INFO - Processing file /home/airflow/.local/lib/python3.7/site-packages/airflow/example_dags/example_skip_dag.py for tasks to queue
[2025-09-02T16:16:08.527+0000] {logging_mixin.py:150} INFO - [2025-09-02T16:16:08.526+0000] {dagbag.py:541} INFO - Filling up the DagBag from /home/airflow/.local/lib/python3.7/site-packages/airflow/example_dags/example_skip_dag.py
[2025-09-02T16:16:08.535+0000] {processor.py:836} INFO - DAG(s) dict_keys(['example_skip_dag']) retrieved from /home/airflow/.local/lib/python3.7/site-packages/airflow/example_dags/example_skip_dag.py
[2025-09-02T16:16:08.564+0000] {logging_mixin.py:150} INFO - [2025-09-02T16:16:08.564+0000] {dag.py:2742} INFO - Sync 1 DAGs
[2025-09-02T16:16:08.597+0000] {logging_mixin.py:150} INFO - [2025-09-02T16:16:08.597+0000] {dag.py:3508} INFO - Setting next_dagrun for example_skip_dag to 2025-09-01T16:16:08.597423+00:00, run_after=2025-09-02T16:16:08.597423+00:00
[2025-09-02T16:16:08.623+0000] {processor.py:179} INFO - Processing /home/airflow/.local/lib/python3.7/site-packages/airflow/example_dags/example_skip_dag.py took 0.101 seconds
[2025-09-02T16:16:39.094+0000] {processor.py:157} INFO - Started process (PID=487) to work on /home/airflow/.local/lib/python3.7/site-packages/airflow/example_dags/example_skip_dag.py
[2025-09-02T16:16:39.095+0000] {processor.py:826} INFO - Processing file /home/airflow/.local/lib/python3.7/site-packages/airflow/example_dags/example_skip_dag.py for tasks to queue
[2025-09-02T16:16:39.096+0000] {logging_mixin.py:150} INFO - [2025-09-02T16:16:39.096+0000] {dagbag.py:541} INFO - Filling up the DagBag from /home/airflow/.local/lib/python3.7/site-packages/airflow/example_dags/example_skip_dag.py
[2025-09-02T16:16:39.106+0000] {processor.py:836} INFO - DAG(s) dict_keys(['example_skip_dag']) retrieved from /home/airflow/.local/lib/python3.7/site-packages/airflow/example_dags/example_skip_dag.py
[2025-09-02T16:16:39.140+0000] {logging_mixin.py:150} INFO - [2025-09-02T16:16:39.139+0000] {dag.py:2742} INFO - Sync 1 DAGs
[2025-09-02T16:16:39.181+0000] {logging_mixin.py:150} INFO - [2025-09-02T16:16:39.181+0000] {dag.py:3508} INFO - Setting next_dagrun for example_skip_dag to 2025-09-01T16:16:39.181351+00:00, run_after=2025-09-02T16:16:39.181351+00:00
[2025-09-02T16:16:39.213+0000] {processor.py:179} INFO - Processing /home/airflow/.local/lib/python3.7/site-packages/airflow/example_dags/example_skip_dag.py took 0.124 seconds
[2025-09-02T16:17:09.445+0000] {processor.py:157} INFO - Started process (PID=547) to work on /home/airflow/.local/lib/python3.7/site-packages/airflow/example_dags/example_skip_dag.py
[2025-09-02T16:17:09.447+0000] {processor.py:826} INFO - Processing file /home/airflow/.local/lib/python3.7/site-packages/airflow/example_dags/example_skip_dag.py for tasks to queue
[2025-09-02T16:17:09.449+0000] {logging_mixin.py:150} INFO - [2025-09-02T16:17:09.448+0000] {dagbag.py:541} INFO - Filling up the DagBag from /home/airflow/.local/lib/python3.7/site-packages/airflow/example_dags/example_skip_dag.py
[2025-09-02T16:17:09.460+0000] {processor.py:836} INFO - DAG(s) dict_keys(['example_skip_dag']) retrieved from /home/airflow/.local/lib/python3.7/site-packages/airflow/example_dags/example_skip_dag.py
[2025-09-02T16:17:09.495+0000] {logging_mixin.py:150} INFO - [2025-09-02T16:17:09.494+0000] {dag.py:2742} INFO - Sync 1 DAGs
[2025-09-02T16:17:09.533+0000] {logging_mixin.py:150} INFO - [2025-09-02T16:17:09.532+0000] {dag.py:3508} INFO - Setting next_dagrun for example_skip_dag to 2025-09-01T16:17:09.531373+00:00, run_after=2025-09-02T16:17:09.531373+00:00
[2025-09-02T16:17:09.569+0000] {processor.py:179} INFO - Processing /home/airflow/.local/lib/python3.7/site-packages/airflow/example_dags/example_skip_dag.py took 0.129 seconds
[2025-09-02T16:17:39.788+0000] {processor.py:157} INFO - Started process (PID=607) to work on /home/airflow/.local/lib/python3.7/site-packages/airflow/example_dags/example_skip_dag.py
[2025-09-02T16:17:39.789+0000] {processor.py:826} INFO - Processing file /home/airflow/.local/lib/python3.7/site-packages/airflow/example_dags/example_skip_dag.py for tasks to queue
[2025-09-02T16:17:39.790+0000] {logging_mixin.py:150} INFO - [2025-09-02T16:17:39.790+0000] {dagbag.py:541} INFO - Filling up the DagBag from /home/airflow/.local/lib/python3.7/site-packages/airflow/example_dags/example_skip_dag.py
[2025-09-02T16:17:39.798+0000] {processor.py:836} INFO - DAG(s) dict_keys(['example_skip_dag']) retrieved from /home/airflow/.local/lib/python3.7/site-packages/airflow/example_dags/example_skip_dag.py
[2025-09-02T16:17:39.828+0000] {logging_mixin.py:150} INFO - [2025-09-02T16:17:39.828+0000] {dag.py:2742} INFO - Sync 1 DAGs
[2025-09-02T16:17:39.864+0000] {logging_mixin.py:150} INFO - [2025-09-02T16:17:39.863+0000] {dag.py:3508} INFO - Setting next_dagrun for example_skip_dag to 2025-09-01T16:17:39.863494+00:00, run_after=2025-09-02T16:17:39.863494+00:00
[2025-09-02T16:17:39.892+0000] {processor.py:179} INFO - Processing /home/airflow/.local/lib/python3.7/site-packages/airflow/example_dags/example_skip_dag.py took 0.108 seconds
[2025-09-02T16:18:10.202+0000] {processor.py:157} INFO - Started process (PID=667) to work on /home/airflow/.local/lib/python3.7/site-packages/airflow/example_dags/example_skip_dag.py
[2025-09-02T16:18:10.203+0000] {processor.py:826} INFO - Processing file /home/airflow/.local/lib/python3.7/site-packages/airflow/example_dags/example_skip_dag.py for tasks to queue
[2025-09-02T16:18:10.204+0000] {logging_mixin.py:150} INFO - [2025-09-02T16:18:10.204+0000] {dagbag.py:541} INFO - Filling up the DagBag from /home/airflow/.local/lib/python3.7/site-packages/airflow/example_dags/example_skip_dag.py
[2025-09-02T16:18:10.212+0000] {processor.py:836} INFO - DAG(s) dict_keys(['example_skip_dag']) retrieved from /home/airflow/.local/lib/python3.7/site-packages/airflow/example_dags/example_skip_dag.py
[2025-09-02T16:18:10.241+0000] {logging_mixin.py:150} INFO - [2025-09-02T16:18:10.241+0000] {dag.py:2742} INFO - Sync 1 DAGs
[2025-09-02T16:18:10.279+0000] {logging_mixin.py:150} INFO - [2025-09-02T16:18:10.278+0000] {dag.py:3508} INFO - Setting next_dagrun for example_skip_dag to 2025-09-01T16:18:10.278536+00:00, run_after=2025-09-02T16:18:10.278536+00:00
[2025-09-02T16:18:10.308+0000] {processor.py:179} INFO - Processing /home/airflow/.local/lib/python3.7/site-packages/airflow/example_dags/example_skip_dag.py took 0.112 seconds
[2025-09-02T16:18:40.710+0000] {processor.py:157} INFO - Started process (PID=727) to work on /home/airflow/.local/lib/python3.7/site-packages/airflow/example_dags/example_skip_dag.py
[2025-09-02T16:18:40.711+0000] {processor.py:826} INFO - Processing file /home/airflow/.local/lib/python3.7/site-packages/airflow/example_dags/example_skip_dag.py for tasks to queue
[2025-09-02T16:18:40.712+0000] {logging_mixin.py:150} INFO - [2025-09-02T16:18:40.712+0000] {dagbag.py:541} INFO - Filling up the DagBag from /home/airflow/.local/lib/python3.7/site-packages/airflow/example_dags/example_skip_dag.py
[2025-09-02T16:18:40.720+0000] {processor.py:836} INFO - DAG(s) dict_keys(['example_skip_dag']) retrieved from /home/airflow/.local/lib/python3.7/site-packages/airflow/example_dags/example_skip_dag.py
[2025-09-02T16:18:40.749+0000] {logging_mixin.py:150} INFO - [2025-09-02T16:18:40.749+0000] {dag.py:2742} INFO - Sync 1 DAGs
[2025-09-02T16:18:40.785+0000] {logging_mixin.py:150} INFO - [2025-09-02T16:18:40.784+0000] {dag.py:3508} INFO - Setting next_dagrun for example_skip_dag to 2025-09-01T16:18:40.784433+00:00, run_after=2025-09-02T16:18:40.784433+00:00
[2025-09-02T16:18:40.819+0000] {processor.py:179} INFO - Processing /home/airflow/.local/lib/python3.7/site-packages/airflow/example_dags/example_skip_dag.py took 0.113 seconds
[2025-09-02T16:19:11.675+0000] {processor.py:157} INFO - Started process (PID=787) to work on /home/airflow/.local/lib/python3.7/site-packages/airflow/example_dags/example_skip_dag.py
[2025-09-02T16:19:11.677+0000] {processor.py:826} INFO - Processing file /home/airflow/.local/lib/python3.7/site-packages/airflow/example_dags/example_skip_dag.py for tasks to queue
[2025-09-02T16:19:11.678+0000] {logging_mixin.py:150} INFO - [2025-09-02T16:19:11.678+0000] {dagbag.py:541} INFO - Filling up the DagBag from /home/airflow/.local/lib/python3.7/site-packages/airflow/example_dags/example_skip_dag.py
[2025-09-02T16:19:11.689+0000] {processor.py:836} INFO - DAG(s) dict_keys(['example_skip_dag']) retrieved from /home/airflow/.local/lib/python3.7/site-packages/airflow/example_dags/example_skip_dag.py
[2025-09-02T16:19:11.725+0000] {logging_mixin.py:150} INFO - [2025-09-02T16:19:11.725+0000] {dag.py:2742} INFO - Sync 1 DAGs
[2025-09-02T16:19:11.755+0000] {logging_mixin.py:150} INFO - [2025-09-02T16:19:11.754+0000] {dag.py:3508} INFO - Setting next_dagrun for example_skip_dag to 2025-09-01T16:19:11.754502+00:00, run_after=2025-09-02T16:19:11.754502+00:00
[2025-09-02T16:19:11.788+0000] {processor.py:179} INFO - Processing /home/airflow/.local/lib/python3.7/site-packages/airflow/example_dags/example_skip_dag.py took 0.117 seconds
[2025-09-02T16:19:42.185+0000] {processor.py:157} INFO - Started process (PID=847) to work on /home/airflow/.local/lib/python3.7/site-packages/airflow/example_dags/example_skip_dag.py
[2025-09-02T16:19:42.187+0000] {processor.py:826} INFO - Processing file /home/airflow/.local/lib/python3.7/site-packages/airflow/example_dags/example_skip_dag.py for tasks to queue
[2025-09-02T16:19:42.189+0000] {logging_mixin.py:150} INFO - [2025-09-02T16:19:42.188+0000] {dagbag.py:541} INFO - Filling up the DagBag from /home/airflow/.local/lib/python3.7/site-packages/airflow/example_dags/example_skip_dag.py
[2025-09-02T16:19:42.231+0000] {processor.py:836} INFO - DAG(s) dict_keys(['example_skip_dag']) retrieved from /home/airflow/.local/lib/python3.7/site-packages/airflow/example_dags/example_skip_dag.py
[2025-09-02T16:19:42.326+0000] {logging_mixin.py:150} INFO - [2025-09-02T16:19:42.326+0000] {dag.py:2742} INFO - Sync 1 DAGs
[2025-09-02T16:19:42.373+0000] {logging_mixin.py:150} INFO - [2025-09-02T16:19:42.372+0000] {dag.py:3508} INFO - Setting next_dagrun for example_skip_dag to 2025-09-01T16:19:42.372620+00:00, run_after=2025-09-02T16:19:42.372620+00:00
[2025-09-02T16:19:42.406+0000] {processor.py:179} INFO - Processing /home/airflow/.local/lib/python3.7/site-packages/airflow/example_dags/example_skip_dag.py took 0.228 seconds
[2025-09-02T16:20:13.222+0000] {processor.py:157} INFO - Started process (PID=907) to work on /home/airflow/.local/lib/python3.7/site-packages/airflow/example_dags/example_skip_dag.py
[2025-09-02T16:20:13.223+0000] {processor.py:826} INFO - Processing file /home/airflow/.local/lib/python3.7/site-packages/airflow/example_dags/example_skip_dag.py for tasks to queue
[2025-09-02T16:20:13.224+0000] {logging_mixin.py:150} INFO - [2025-09-02T16:20:13.224+0000] {dagbag.py:541} INFO - Filling up the DagBag from /home/airflow/.local/lib/python3.7/site-packages/airflow/example_dags/example_skip_dag.py
[2025-09-02T16:20:13.234+0000] {processor.py:836} INFO - DAG(s) dict_keys(['example_skip_dag']) retrieved from /home/airflow/.local/lib/python3.7/site-packages/airflow/example_dags/example_skip_dag.py
[2025-09-02T16:20:13.266+0000] {logging_mixin.py:150} INFO - [2025-09-02T16:20:13.266+0000] {dag.py:2742} INFO - Sync 1 DAGs
[2025-09-02T16:20:13.302+0000] {logging_mixin.py:150} INFO - [2025-09-02T16:20:13.302+0000] {dag.py:3508} INFO - Setting next_dagrun for example_skip_dag to 2025-09-01T16:20:13.301949+00:00, run_after=2025-09-02T16:20:13.301949+00:00
[2025-09-02T16:20:13.339+0000] {processor.py:179} INFO - Processing /home/airflow/.local/lib/python3.7/site-packages/airflow/example_dags/example_skip_dag.py took 0.121 seconds
[2025-09-02T16:20:43.853+0000] {processor.py:157} INFO - Started process (PID=967) to work on /home/airflow/.local/lib/python3.7/site-packages/airflow/example_dags/example_skip_dag.py
[2025-09-02T16:20:43.854+0000] {processor.py:826} INFO - Processing file /home/airflow/.local/lib/python3.7/site-packages/airflow/example_dags/example_skip_dag.py for tasks to queue
[2025-09-02T16:20:43.855+0000] {logging_mixin.py:150} INFO - [2025-09-02T16:20:43.855+0000] {dagbag.py:541} INFO - Filling up the DagBag from /home/airflow/.local/lib/python3.7/site-packages/airflow/example_dags/example_skip_dag.py
[2025-09-02T16:20:43.864+0000] {processor.py:836} INFO - DAG(s) dict_keys(['example_skip_dag']) retrieved from /home/airflow/.local/lib/python3.7/site-packages/airflow/example_dags/example_skip_dag.py
[2025-09-02T16:20:43.893+0000] {logging_mixin.py:150} INFO - [2025-09-02T16:20:43.892+0000] {dag.py:2742} INFO - Sync 1 DAGs
[2025-09-02T16:20:43.927+0000] {logging_mixin.py:150} INFO - [2025-09-02T16:20:43.927+0000] {dag.py:3508} INFO - Setting next_dagrun for example_skip_dag to 2025-09-01T16:20:43.927002+00:00, run_after=2025-09-02T16:20:43.927002+00:00
[2025-09-02T16:20:43.962+0000] {processor.py:179} INFO - Processing /home/airflow/.local/lib/python3.7/site-packages/airflow/example_dags/example_skip_dag.py took 0.113 seconds
[2025-09-02T16:21:14.400+0000] {processor.py:157} INFO - Started process (PID=1027) to work on /home/airflow/.local/lib/python3.7/site-packages/airflow/example_dags/example_skip_dag.py
[2025-09-02T16:21:14.402+0000] {processor.py:826} INFO - Processing file /home/airflow/.local/lib/python3.7/site-packages/airflow/example_dags/example_skip_dag.py for tasks to queue
[2025-09-02T16:21:14.403+0000] {logging_mixin.py:150} INFO - [2025-09-02T16:21:14.403+0000] {dagbag.py:541} INFO - Filling up the DagBag from /home/airflow/.local/lib/python3.7/site-packages/airflow/example_dags/example_skip_dag.py
[2025-09-02T16:21:14.413+0000] {processor.py:836} INFO - DAG(s) dict_keys(['example_skip_dag']) retrieved from /home/airflow/.local/lib/python3.7/site-packages/airflow/example_dags/example_skip_dag.py
[2025-09-02T16:21:14.442+0000] {logging_mixin.py:150} INFO - [2025-09-02T16:21:14.442+0000] {dag.py:2742} INFO - Sync 1 DAGs
[2025-09-02T16:21:14.477+0000] {logging_mixin.py:150} INFO - [2025-09-02T16:21:14.477+0000] {dag.py:3508} INFO - Setting next_dagrun for example_skip_dag to 2025-09-01T16:21:14.477052+00:00, run_after=2025-09-02T16:21:14.477052+00:00
[2025-09-02T16:21:14.505+0000] {processor.py:179} INFO - Processing /home/airflow/.local/lib/python3.7/site-packages/airflow/example_dags/example_skip_dag.py took 0.110 seconds
[2025-09-02T16:21:45.245+0000] {processor.py:157} INFO - Started process (PID=1087) to work on /home/airflow/.local/lib/python3.7/site-packages/airflow/example_dags/example_skip_dag.py
[2025-09-02T16:21:45.247+0000] {processor.py:826} INFO - Processing file /home/airflow/.local/lib/python3.7/site-packages/airflow/example_dags/example_skip_dag.py for tasks to queue
[2025-09-02T16:21:45.248+0000] {logging_mixin.py:150} INFO - [2025-09-02T16:21:45.247+0000] {dagbag.py:541} INFO - Filling up the DagBag from /home/airflow/.local/lib/python3.7/site-packages/airflow/example_dags/example_skip_dag.py
[2025-09-02T16:21:45.257+0000] {processor.py:836} INFO - DAG(s) dict_keys(['example_skip_dag']) retrieved from /home/airflow/.local/lib/python3.7/site-packages/airflow/example_dags/example_skip_dag.py
[2025-09-02T16:21:45.288+0000] {logging_mixin.py:150} INFO - [2025-09-02T16:21:45.287+0000] {dag.py:2742} INFO - Sync 1 DAGs
[2025-09-02T16:21:45.322+0000] {logging_mixin.py:150} INFO - [2025-09-02T16:21:45.322+0000] {dag.py:3508} INFO - Setting next_dagrun for example_skip_dag to 2025-09-01T16:21:45.321885+00:00, run_after=2025-09-02T16:21:45.321885+00:00
[2025-09-02T16:21:45.349+0000] {processor.py:179} INFO - Processing /home/airflow/.local/lib/python3.7/site-packages/airflow/example_dags/example_skip_dag.py took 0.108 seconds
[2025-09-02T16:22:15.864+0000] {processor.py:157} INFO - Started process (PID=1147) to work on /home/airflow/.local/lib/python3.7/site-packages/airflow/example_dags/example_skip_dag.py
[2025-09-02T16:22:15.865+0000] {processor.py:826} INFO - Processing file /home/airflow/.local/lib/python3.7/site-packages/airflow/example_dags/example_skip_dag.py for tasks to queue
[2025-09-02T16:22:15.866+0000] {logging_mixin.py:150} INFO - [2025-09-02T16:22:15.865+0000] {dagbag.py:541} INFO - Filling up the DagBag from /home/airflow/.local/lib/python3.7/site-packages/airflow/example_dags/example_skip_dag.py
[2025-09-02T16:22:15.875+0000] {processor.py:836} INFO - DAG(s) dict_keys(['example_skip_dag']) retrieved from /home/airflow/.local/lib/python3.7/site-packages/airflow/example_dags/example_skip_dag.py
[2025-09-02T16:22:15.907+0000] {logging_mixin.py:150} INFO - [2025-09-02T16:22:15.906+0000] {dag.py:2742} INFO - Sync 1 DAGs
[2025-09-02T16:22:15.944+0000] {logging_mixin.py:150} INFO - [2025-09-02T16:22:15.944+0000] {dag.py:3508} INFO - Setting next_dagrun for example_skip_dag to 2025-09-01T16:22:15.944123+00:00, run_after=2025-09-02T16:22:15.944123+00:00
[2025-09-02T16:22:15.973+0000] {processor.py:179} INFO - Processing /home/airflow/.local/lib/python3.7/site-packages/airflow/example_dags/example_skip_dag.py took 0.114 seconds
[2025-09-02T16:22:46.306+0000] {processor.py:157} INFO - Started process (PID=1207) to work on /home/airflow/.local/lib/python3.7/site-packages/airflow/example_dags/example_skip_dag.py
[2025-09-02T16:22:46.308+0000] {processor.py:826} INFO - Processing file /home/airflow/.local/lib/python3.7/site-packages/airflow/example_dags/example_skip_dag.py for tasks to queue
[2025-09-02T16:22:46.309+0000] {logging_mixin.py:150} INFO - [2025-09-02T16:22:46.309+0000] {dagbag.py:541} INFO - Filling up the DagBag from /home/airflow/.local/lib/python3.7/site-packages/airflow/example_dags/example_skip_dag.py
[2025-09-02T16:22:46.320+0000] {processor.py:836} INFO - DAG(s) dict_keys(['example_skip_dag']) retrieved from /home/airflow/.local/lib/python3.7/site-packages/airflow/example_dags/example_skip_dag.py
[2025-09-02T16:22:46.358+0000] {logging_mixin.py:150} INFO - [2025-09-02T16:22:46.357+0000] {dag.py:2742} INFO - Sync 1 DAGs
[2025-09-02T16:22:46.398+0000] {logging_mixin.py:150} INFO - [2025-09-02T16:22:46.397+0000] {dag.py:3508} INFO - Setting next_dagrun for example_skip_dag to 2025-09-01T16:22:46.397529+00:00, run_after=2025-09-02T16:22:46.397529+00:00
[2025-09-02T16:22:46.438+0000] {processor.py:179} INFO - Processing /home/airflow/.local/lib/python3.7/site-packages/airflow/example_dags/example_skip_dag.py took 0.137 seconds
[2025-09-02T16:23:16.641+0000] {processor.py:157} INFO - Started process (PID=1267) to work on /home/airflow/.local/lib/python3.7/site-packages/airflow/example_dags/example_skip_dag.py
[2025-09-02T16:23:16.641+0000] {processor.py:826} INFO - Processing file /home/airflow/.local/lib/python3.7/site-packages/airflow/example_dags/example_skip_dag.py for tasks to queue
[2025-09-02T16:23:16.642+0000] {logging_mixin.py:150} INFO - [2025-09-02T16:23:16.642+0000] {dagbag.py:541} INFO - Filling up the DagBag from /home/airflow/.local/lib/python3.7/site-packages/airflow/example_dags/example_skip_dag.py
[2025-09-02T16:23:16.651+0000] {processor.py:836} INFO - DAG(s) dict_keys(['example_skip_dag']) retrieved from /home/airflow/.local/lib/python3.7/site-packages/airflow/example_dags/example_skip_dag.py
[2025-09-02T16:23:16.681+0000] {logging_mixin.py:150} INFO - [2025-09-02T16:23:16.681+0000] {dag.py:2742} INFO - Sync 1 DAGs
[2025-09-02T16:23:16.716+0000] {logging_mixin.py:150} INFO - [2025-09-02T16:23:16.715+0000] {dag.py:3508} INFO - Setting next_dagrun for example_skip_dag to 2025-09-01T16:23:16.715688+00:00, run_after=2025-09-02T16:23:16.715688+00:00
[2025-09-02T16:23:16.746+0000] {processor.py:179} INFO - Processing /home/airflow/.local/lib/python3.7/site-packages/airflow/example_dags/example_skip_dag.py took 0.109 seconds
[2025-09-02T16:23:47.253+0000] {processor.py:157} INFO - Started process (PID=1327) to work on /home/airflow/.local/lib/python3.7/site-packages/airflow/example_dags/example_skip_dag.py
[2025-09-02T16:23:47.255+0000] {processor.py:826} INFO - Processing file /home/airflow/.local/lib/python3.7/site-packages/airflow/example_dags/example_skip_dag.py for tasks to queue
[2025-09-02T16:23:47.255+0000] {logging_mixin.py:150} INFO - [2025-09-02T16:23:47.255+0000] {dagbag.py:541} INFO - Filling up the DagBag from /home/airflow/.local/lib/python3.7/site-packages/airflow/example_dags/example_skip_dag.py
[2025-09-02T16:23:47.264+0000] {processor.py:836} INFO - DAG(s) dict_keys(['example_skip_dag']) retrieved from /home/airflow/.local/lib/python3.7/site-packages/airflow/example_dags/example_skip_dag.py
[2025-09-02T16:23:47.295+0000] {logging_mixin.py:150} INFO - [2025-09-02T16:23:47.294+0000] {dag.py:2742} INFO - Sync 1 DAGs
[2025-09-02T16:23:47.329+0000] {logging_mixin.py:150} INFO - [2025-09-02T16:23:47.328+0000] {dag.py:3508} INFO - Setting next_dagrun for example_skip_dag to 2025-09-01T16:23:47.328530+00:00, run_after=2025-09-02T16:23:47.328530+00:00
[2025-09-02T16:23:47.359+0000] {processor.py:179} INFO - Processing /home/airflow/.local/lib/python3.7/site-packages/airflow/example_dags/example_skip_dag.py took 0.109 seconds
[2025-09-02T16:24:18.456+0000] {processor.py:157} INFO - Started process (PID=1387) to work on /home/airflow/.local/lib/python3.7/site-packages/airflow/example_dags/example_skip_dag.py
[2025-09-02T16:24:18.459+0000] {processor.py:826} INFO - Processing file /home/airflow/.local/lib/python3.7/site-packages/airflow/example_dags/example_skip_dag.py for tasks to queue
[2025-09-02T16:24:18.462+0000] {logging_mixin.py:150} INFO - [2025-09-02T16:24:18.461+0000] {dagbag.py:541} INFO - Filling up the DagBag from /home/airflow/.local/lib/python3.7/site-packages/airflow/example_dags/example_skip_dag.py
[2025-09-02T16:24:18.477+0000] {processor.py:836} INFO - DAG(s) dict_keys(['example_skip_dag']) retrieved from /home/airflow/.local/lib/python3.7/site-packages/airflow/example_dags/example_skip_dag.py
[2025-09-02T16:24:18.525+0000] {logging_mixin.py:150} INFO - [2025-09-02T16:24:18.524+0000] {dag.py:2742} INFO - Sync 1 DAGs
[2025-09-02T16:24:18.574+0000] {logging_mixin.py:150} INFO - [2025-09-02T16:24:18.573+0000] {dag.py:3508} INFO - Setting next_dagrun for example_skip_dag to 2025-09-01T16:24:18.573601+00:00, run_after=2025-09-02T16:24:18.573601+00:00
[2025-09-02T16:24:18.685+0000] {processor.py:179} INFO - Processing /home/airflow/.local/lib/python3.7/site-packages/airflow/example_dags/example_skip_dag.py took 0.245 seconds
[2025-09-02T16:26:29.941+0000] {processor.py:157} INFO - Started process (PID=87) to work on /home/airflow/.local/lib/python3.7/site-packages/airflow/example_dags/example_skip_dag.py
[2025-09-02T16:26:29.944+0000] {processor.py:826} INFO - Processing file /home/airflow/.local/lib/python3.7/site-packages/airflow/example_dags/example_skip_dag.py for tasks to queue
[2025-09-02T16:26:29.949+0000] {logging_mixin.py:150} INFO - [2025-09-02T16:26:29.948+0000] {dagbag.py:541} INFO - Filling up the DagBag from /home/airflow/.local/lib/python3.7/site-packages/airflow/example_dags/example_skip_dag.py
[2025-09-02T16:26:30.025+0000] {processor.py:836} INFO - DAG(s) dict_keys(['example_skip_dag']) retrieved from /home/airflow/.local/lib/python3.7/site-packages/airflow/example_dags/example_skip_dag.py
[2025-09-02T16:26:30.253+0000] {logging_mixin.py:150} INFO - [2025-09-02T16:26:30.252+0000] {dag.py:2742} INFO - Sync 1 DAGs
[2025-09-02T16:26:30.488+0000] {logging_mixin.py:150} INFO - [2025-09-02T16:26:30.487+0000] {dag.py:3508} INFO - Setting next_dagrun for example_skip_dag to 2025-09-01T16:26:30.487490+00:00, run_after=2025-09-02T16:26:30.487490+00:00
[2025-09-02T16:26:30.596+0000] {processor.py:179} INFO - Processing /home/airflow/.local/lib/python3.7/site-packages/airflow/example_dags/example_skip_dag.py took 0.662 seconds
[2025-09-02T16:27:01.281+0000] {processor.py:157} INFO - Started process (PID=147) to work on /home/airflow/.local/lib/python3.7/site-packages/airflow/example_dags/example_skip_dag.py
[2025-09-02T16:27:01.283+0000] {processor.py:826} INFO - Processing file /home/airflow/.local/lib/python3.7/site-packages/airflow/example_dags/example_skip_dag.py for tasks to queue
[2025-09-02T16:27:01.284+0000] {logging_mixin.py:150} INFO - [2025-09-02T16:27:01.283+0000] {dagbag.py:541} INFO - Filling up the DagBag from /home/airflow/.local/lib/python3.7/site-packages/airflow/example_dags/example_skip_dag.py
[2025-09-02T16:27:01.297+0000] {processor.py:836} INFO - DAG(s) dict_keys(['example_skip_dag']) retrieved from /home/airflow/.local/lib/python3.7/site-packages/airflow/example_dags/example_skip_dag.py
[2025-09-02T16:27:01.334+0000] {logging_mixin.py:150} INFO - [2025-09-02T16:27:01.334+0000] {dag.py:2742} INFO - Sync 1 DAGs
[2025-09-02T16:27:01.372+0000] {logging_mixin.py:150} INFO - [2025-09-02T16:27:01.372+0000] {dag.py:3508} INFO - Setting next_dagrun for example_skip_dag to 2025-09-01T16:27:01.372054+00:00, run_after=2025-09-02T16:27:01.372054+00:00
[2025-09-02T16:27:01.431+0000] {processor.py:179} INFO - Processing /home/airflow/.local/lib/python3.7/site-packages/airflow/example_dags/example_skip_dag.py took 0.155 seconds
[2025-09-02T16:27:32.001+0000] {processor.py:157} INFO - Started process (PID=207) to work on /home/airflow/.local/lib/python3.7/site-packages/airflow/example_dags/example_skip_dag.py
[2025-09-02T16:27:32.004+0000] {processor.py:826} INFO - Processing file /home/airflow/.local/lib/python3.7/site-packages/airflow/example_dags/example_skip_dag.py for tasks to queue
[2025-09-02T16:27:32.005+0000] {logging_mixin.py:150} INFO - [2025-09-02T16:27:32.005+0000] {dagbag.py:541} INFO - Filling up the DagBag from /home/airflow/.local/lib/python3.7/site-packages/airflow/example_dags/example_skip_dag.py
[2025-09-02T16:27:32.016+0000] {processor.py:836} INFO - DAG(s) dict_keys(['example_skip_dag']) retrieved from /home/airflow/.local/lib/python3.7/site-packages/airflow/example_dags/example_skip_dag.py
[2025-09-02T16:27:32.047+0000] {logging_mixin.py:150} INFO - [2025-09-02T16:27:32.047+0000] {dag.py:2742} INFO - Sync 1 DAGs
[2025-09-02T16:27:32.083+0000] {logging_mixin.py:150} INFO - [2025-09-02T16:27:32.082+0000] {dag.py:3508} INFO - Setting next_dagrun for example_skip_dag to 2025-09-01T16:27:32.082251+00:00, run_after=2025-09-02T16:27:32.082251+00:00
[2025-09-02T16:27:32.112+0000] {processor.py:179} INFO - Processing /home/airflow/.local/lib/python3.7/site-packages/airflow/example_dags/example_skip_dag.py took 0.116 seconds
[2025-09-02T16:28:02.696+0000] {processor.py:157} INFO - Started process (PID=266) to work on /home/airflow/.local/lib/python3.7/site-packages/airflow/example_dags/example_skip_dag.py
[2025-09-02T16:28:02.697+0000] {processor.py:826} INFO - Processing file /home/airflow/.local/lib/python3.7/site-packages/airflow/example_dags/example_skip_dag.py for tasks to queue
[2025-09-02T16:28:02.699+0000] {logging_mixin.py:150} INFO - [2025-09-02T16:28:02.698+0000] {dagbag.py:541} INFO - Filling up the DagBag from /home/airflow/.local/lib/python3.7/site-packages/airflow/example_dags/example_skip_dag.py
[2025-09-02T16:28:02.708+0000] {processor.py:836} INFO - DAG(s) dict_keys(['example_skip_dag']) retrieved from /home/airflow/.local/lib/python3.7/site-packages/airflow/example_dags/example_skip_dag.py
[2025-09-02T16:28:02.743+0000] {logging_mixin.py:150} INFO - [2025-09-02T16:28:02.743+0000] {dag.py:2742} INFO - Sync 1 DAGs
[2025-09-02T16:28:02.781+0000] {logging_mixin.py:150} INFO - [2025-09-02T16:28:02.781+0000] {dag.py:3508} INFO - Setting next_dagrun for example_skip_dag to 2025-09-01T16:28:02.781076+00:00, run_after=2025-09-02T16:28:02.781076+00:00
[2025-09-02T16:28:02.816+0000] {processor.py:179} INFO - Processing /home/airflow/.local/lib/python3.7/site-packages/airflow/example_dags/example_skip_dag.py took 0.124 seconds
[2025-09-02T16:28:32.991+0000] {processor.py:157} INFO - Started process (PID=326) to work on /home/airflow/.local/lib/python3.7/site-packages/airflow/example_dags/example_skip_dag.py
[2025-09-02T16:28:32.992+0000] {processor.py:826} INFO - Processing file /home/airflow/.local/lib/python3.7/site-packages/airflow/example_dags/example_skip_dag.py for tasks to queue
[2025-09-02T16:28:32.993+0000] {logging_mixin.py:150} INFO - [2025-09-02T16:28:32.993+0000] {dagbag.py:541} INFO - Filling up the DagBag from /home/airflow/.local/lib/python3.7/site-packages/airflow/example_dags/example_skip_dag.py
[2025-09-02T16:28:33.006+0000] {processor.py:836} INFO - DAG(s) dict_keys(['example_skip_dag']) retrieved from /home/airflow/.local/lib/python3.7/site-packages/airflow/example_dags/example_skip_dag.py
[2025-09-02T16:28:33.045+0000] {logging_mixin.py:150} INFO - [2025-09-02T16:28:33.045+0000] {dag.py:2742} INFO - Sync 1 DAGs
[2025-09-02T16:28:33.083+0000] {logging_mixin.py:150} INFO - [2025-09-02T16:28:33.083+0000] {dag.py:3508} INFO - Setting next_dagrun for example_skip_dag to 2025-09-01T16:28:33.082950+00:00, run_after=2025-09-02T16:28:33.082950+00:00
[2025-09-02T16:28:33.116+0000] {processor.py:179} INFO - Processing /home/airflow/.local/lib/python3.7/site-packages/airflow/example_dags/example_skip_dag.py took 0.132 seconds
[2025-09-02T16:29:03.652+0000] {processor.py:157} INFO - Started process (PID=386) to work on /home/airflow/.local/lib/python3.7/site-packages/airflow/example_dags/example_skip_dag.py
[2025-09-02T16:29:03.653+0000] {processor.py:826} INFO - Processing file /home/airflow/.local/lib/python3.7/site-packages/airflow/example_dags/example_skip_dag.py for tasks to queue
[2025-09-02T16:29:03.654+0000] {logging_mixin.py:150} INFO - [2025-09-02T16:29:03.653+0000] {dagbag.py:541} INFO - Filling up the DagBag from /home/airflow/.local/lib/python3.7/site-packages/airflow/example_dags/example_skip_dag.py
[2025-09-02T16:29:03.664+0000] {processor.py:836} INFO - DAG(s) dict_keys(['example_skip_dag']) retrieved from /home/airflow/.local/lib/python3.7/site-packages/airflow/example_dags/example_skip_dag.py
[2025-09-02T16:29:03.703+0000] {logging_mixin.py:150} INFO - [2025-09-02T16:29:03.702+0000] {dag.py:2742} INFO - Sync 1 DAGs
[2025-09-02T16:29:03.742+0000] {logging_mixin.py:150} INFO - [2025-09-02T16:29:03.741+0000] {dag.py:3508} INFO - Setting next_dagrun for example_skip_dag to 2025-09-01T16:29:03.741504+00:00, run_after=2025-09-02T16:29:03.741504+00:00
[2025-09-02T16:29:03.771+0000] {processor.py:179} INFO - Processing /home/airflow/.local/lib/python3.7/site-packages/airflow/example_dags/example_skip_dag.py took 0.124 seconds
[2025-09-02T16:29:34.004+0000] {processor.py:157} INFO - Started process (PID=446) to work on /home/airflow/.local/lib/python3.7/site-packages/airflow/example_dags/example_skip_dag.py
[2025-09-02T16:29:34.006+0000] {processor.py:826} INFO - Processing file /home/airflow/.local/lib/python3.7/site-packages/airflow/example_dags/example_skip_dag.py for tasks to queue
[2025-09-02T16:29:34.007+0000] {logging_mixin.py:150} INFO - [2025-09-02T16:29:34.006+0000] {dagbag.py:541} INFO - Filling up the DagBag from /home/airflow/.local/lib/python3.7/site-packages/airflow/example_dags/example_skip_dag.py
[2025-09-02T16:29:34.019+0000] {processor.py:836} INFO - DAG(s) dict_keys(['example_skip_dag']) retrieved from /home/airflow/.local/lib/python3.7/site-packages/airflow/example_dags/example_skip_dag.py
[2025-09-02T16:29:34.076+0000] {logging_mixin.py:150} INFO - [2025-09-02T16:29:34.075+0000] {dag.py:2742} INFO - Sync 1 DAGs
[2025-09-02T16:29:34.115+0000] {logging_mixin.py:150} INFO - [2025-09-02T16:29:34.114+0000] {dag.py:3508} INFO - Setting next_dagrun for example_skip_dag to 2025-09-01T16:29:34.114382+00:00, run_after=2025-09-02T16:29:34.114382+00:00
[2025-09-02T16:29:34.149+0000] {processor.py:179} INFO - Processing /home/airflow/.local/lib/python3.7/site-packages/airflow/example_dags/example_skip_dag.py took 0.150 seconds
[2025-09-02T16:30:04.738+0000] {processor.py:157} INFO - Started process (PID=507) to work on /home/airflow/.local/lib/python3.7/site-packages/airflow/example_dags/example_skip_dag.py
[2025-09-02T16:30:04.740+0000] {processor.py:826} INFO - Processing file /home/airflow/.local/lib/python3.7/site-packages/airflow/example_dags/example_skip_dag.py for tasks to queue
[2025-09-02T16:30:04.741+0000] {logging_mixin.py:150} INFO - [2025-09-02T16:30:04.741+0000] {dagbag.py:541} INFO - Filling up the DagBag from /home/airflow/.local/lib/python3.7/site-packages/airflow/example_dags/example_skip_dag.py
[2025-09-02T16:30:04.751+0000] {processor.py:836} INFO - DAG(s) dict_keys(['example_skip_dag']) retrieved from /home/airflow/.local/lib/python3.7/site-packages/airflow/example_dags/example_skip_dag.py
[2025-09-02T16:30:04.883+0000] {logging_mixin.py:150} INFO - [2025-09-02T16:30:04.883+0000] {dag.py:2742} INFO - Sync 1 DAGs
[2025-09-02T16:30:04.928+0000] {logging_mixin.py:150} INFO - [2025-09-02T16:30:04.927+0000] {dag.py:3508} INFO - Setting next_dagrun for example_skip_dag to 2025-09-01T16:30:04.920791+00:00, run_after=2025-09-02T16:30:04.920791+00:00
[2025-09-02T16:30:04.966+0000] {processor.py:179} INFO - Processing /home/airflow/.local/lib/python3.7/site-packages/airflow/example_dags/example_skip_dag.py took 0.233 seconds
[2025-09-02T16:30:35.827+0000] {processor.py:157} INFO - Started process (PID=560) to work on /home/airflow/.local/lib/python3.7/site-packages/airflow/example_dags/example_skip_dag.py
[2025-09-02T16:30:35.828+0000] {processor.py:826} INFO - Processing file /home/airflow/.local/lib/python3.7/site-packages/airflow/example_dags/example_skip_dag.py for tasks to queue
[2025-09-02T16:30:35.829+0000] {logging_mixin.py:150} INFO - [2025-09-02T16:30:35.829+0000] {dagbag.py:541} INFO - Filling up the DagBag from /home/airflow/.local/lib/python3.7/site-packages/airflow/example_dags/example_skip_dag.py
[2025-09-02T16:30:35.837+0000] {processor.py:836} INFO - DAG(s) dict_keys(['example_skip_dag']) retrieved from /home/airflow/.local/lib/python3.7/site-packages/airflow/example_dags/example_skip_dag.py
[2025-09-02T16:30:35.868+0000] {logging_mixin.py:150} INFO - [2025-09-02T16:30:35.868+0000] {dag.py:2742} INFO - Sync 1 DAGs
[2025-09-02T16:30:35.902+0000] {logging_mixin.py:150} INFO - [2025-09-02T16:30:35.901+0000] {dag.py:3508} INFO - Setting next_dagrun for example_skip_dag to 2025-09-01T16:30:35.900994+00:00, run_after=2025-09-02T16:30:35.900994+00:00
[2025-09-02T16:30:35.949+0000] {processor.py:179} INFO - Processing /home/airflow/.local/lib/python3.7/site-packages/airflow/example_dags/example_skip_dag.py took 0.125 seconds
