[2025-09-02T16:13:06.153+0000] {processor.py:157} INFO - Started process (PID=84) to work on /home/airflow/.local/lib/python3.7/site-packages/airflow/example_dags/example_external_task_marker_dag.py
[2025-09-02T16:13:06.153+0000] {processor.py:826} INFO - Processing file /home/airflow/.local/lib/python3.7/site-packages/airflow/example_dags/example_external_task_marker_dag.py for tasks to queue
[2025-09-02T16:13:06.154+0000] {logging_mixin.py:150} INFO - [2025-09-02T16:13:06.154+0000] {dagbag.py:541} INFO - Filling up the DagBag from /home/airflow/.local/lib/python3.7/site-packages/airflow/example_dags/example_external_task_marker_dag.py
[2025-09-02T16:13:06.163+0000] {processor.py:836} INFO - DAG(s) dict_keys(['example_external_task_marker_parent', 'example_external_task_marker_child']) retrieved from /home/airflow/.local/lib/python3.7/site-packages/airflow/example_dags/example_external_task_marker_dag.py
[2025-09-02T16:13:06.291+0000] {logging_mixin.py:150} INFO - [2025-09-02T16:13:06.291+0000] {manager.py:504} INFO - Created Permission View: can read on DAG:example_external_task_marker_parent
[2025-09-02T16:13:06.305+0000] {logging_mixin.py:150} INFO - [2025-09-02T16:13:06.305+0000] {manager.py:504} INFO - Created Permission View: can edit on DAG:example_external_task_marker_parent
[2025-09-02T16:13:06.315+0000] {logging_mixin.py:150} INFO - [2025-09-02T16:13:06.315+0000] {manager.py:504} INFO - Created Permission View: can delete on DAG:example_external_task_marker_parent
[2025-09-02T16:13:06.354+0000] {logging_mixin.py:150} INFO - [2025-09-02T16:13:06.354+0000] {manager.py:504} INFO - Created Permission View: can read on DAG:example_external_task_marker_child
[2025-09-02T16:13:06.362+0000] {logging_mixin.py:150} INFO - [2025-09-02T16:13:06.362+0000] {manager.py:504} INFO - Created Permission View: can edit on DAG:example_external_task_marker_child
[2025-09-02T16:13:06.371+0000] {logging_mixin.py:150} INFO - [2025-09-02T16:13:06.371+0000] {manager.py:504} INFO - Created Permission View: can delete on DAG:example_external_task_marker_child
[2025-09-02T16:13:06.380+0000] {logging_mixin.py:150} INFO - [2025-09-02T16:13:06.379+0000] {dag.py:2742} INFO - Sync 2 DAGs
[2025-09-02T16:13:06.392+0000] {logging_mixin.py:150} INFO - [2025-09-02T16:13:06.392+0000] {dag.py:2763} INFO - Creating ORM DAG for example_external_task_marker_child
[2025-09-02T16:13:06.393+0000] {logging_mixin.py:150} INFO - [2025-09-02T16:13:06.392+0000] {dag.py:2763} INFO - Creating ORM DAG for example_external_task_marker_parent
[2025-09-02T16:13:06.406+0000] {logging_mixin.py:150} INFO - [2025-09-02T16:13:06.406+0000] {dag.py:3508} INFO - Setting next_dagrun for example_external_task_marker_child to None, run_after=None
[2025-09-02T16:13:06.407+0000] {logging_mixin.py:150} INFO - [2025-09-02T16:13:06.407+0000] {dag.py:3508} INFO - Setting next_dagrun for example_external_task_marker_parent to None, run_after=None
[2025-09-02T16:13:06.428+0000] {processor.py:179} INFO - Processing /home/airflow/.local/lib/python3.7/site-packages/airflow/example_dags/example_external_task_marker_dag.py took 0.284 seconds
[2025-09-02T16:13:37.201+0000] {processor.py:157} INFO - Started process (PID=145) to work on /home/airflow/.local/lib/python3.7/site-packages/airflow/example_dags/example_external_task_marker_dag.py
[2025-09-02T16:13:37.202+0000] {processor.py:826} INFO - Processing file /home/airflow/.local/lib/python3.7/site-packages/airflow/example_dags/example_external_task_marker_dag.py for tasks to queue
[2025-09-02T16:13:37.203+0000] {logging_mixin.py:150} INFO - [2025-09-02T16:13:37.203+0000] {dagbag.py:541} INFO - Filling up the DagBag from /home/airflow/.local/lib/python3.7/site-packages/airflow/example_dags/example_external_task_marker_dag.py
[2025-09-02T16:13:37.211+0000] {processor.py:836} INFO - DAG(s) dict_keys(['example_external_task_marker_parent', 'example_external_task_marker_child']) retrieved from /home/airflow/.local/lib/python3.7/site-packages/airflow/example_dags/example_external_task_marker_dag.py
[2025-09-02T16:13:37.244+0000] {logging_mixin.py:150} INFO - [2025-09-02T16:13:37.244+0000] {dag.py:2742} INFO - Sync 2 DAGs
[2025-09-02T16:13:37.278+0000] {logging_mixin.py:150} INFO - [2025-09-02T16:13:37.278+0000] {dag.py:3508} INFO - Setting next_dagrun for example_external_task_marker_child to None, run_after=None
[2025-09-02T16:13:37.285+0000] {logging_mixin.py:150} INFO - [2025-09-02T16:13:37.285+0000] {dag.py:3508} INFO - Setting next_dagrun for example_external_task_marker_parent to None, run_after=None
[2025-09-02T16:13:37.312+0000] {processor.py:179} INFO - Processing /home/airflow/.local/lib/python3.7/site-packages/airflow/example_dags/example_external_task_marker_dag.py took 0.115 seconds
[2025-09-02T16:14:07.582+0000] {processor.py:157} INFO - Started process (PID=204) to work on /home/airflow/.local/lib/python3.7/site-packages/airflow/example_dags/example_external_task_marker_dag.py
[2025-09-02T16:14:07.583+0000] {processor.py:826} INFO - Processing file /home/airflow/.local/lib/python3.7/site-packages/airflow/example_dags/example_external_task_marker_dag.py for tasks to queue
[2025-09-02T16:14:07.584+0000] {logging_mixin.py:150} INFO - [2025-09-02T16:14:07.584+0000] {dagbag.py:541} INFO - Filling up the DagBag from /home/airflow/.local/lib/python3.7/site-packages/airflow/example_dags/example_external_task_marker_dag.py
[2025-09-02T16:14:07.592+0000] {processor.py:836} INFO - DAG(s) dict_keys(['example_external_task_marker_child', 'example_external_task_marker_parent']) retrieved from /home/airflow/.local/lib/python3.7/site-packages/airflow/example_dags/example_external_task_marker_dag.py
[2025-09-02T16:14:07.624+0000] {logging_mixin.py:150} INFO - [2025-09-02T16:14:07.623+0000] {dag.py:2742} INFO - Sync 2 DAGs
[2025-09-02T16:14:07.658+0000] {logging_mixin.py:150} INFO - [2025-09-02T16:14:07.658+0000] {dag.py:3508} INFO - Setting next_dagrun for example_external_task_marker_child to None, run_after=None
[2025-09-02T16:14:07.665+0000] {logging_mixin.py:150} INFO - [2025-09-02T16:14:07.664+0000] {dag.py:3508} INFO - Setting next_dagrun for example_external_task_marker_parent to None, run_after=None
[2025-09-02T16:14:07.686+0000] {processor.py:179} INFO - Processing /home/airflow/.local/lib/python3.7/site-packages/airflow/example_dags/example_external_task_marker_dag.py took 0.108 seconds
[2025-09-02T16:14:38.289+0000] {processor.py:157} INFO - Started process (PID=264) to work on /home/airflow/.local/lib/python3.7/site-packages/airflow/example_dags/example_external_task_marker_dag.py
[2025-09-02T16:14:38.290+0000] {processor.py:826} INFO - Processing file /home/airflow/.local/lib/python3.7/site-packages/airflow/example_dags/example_external_task_marker_dag.py for tasks to queue
[2025-09-02T16:14:38.291+0000] {logging_mixin.py:150} INFO - [2025-09-02T16:14:38.291+0000] {dagbag.py:541} INFO - Filling up the DagBag from /home/airflow/.local/lib/python3.7/site-packages/airflow/example_dags/example_external_task_marker_dag.py
[2025-09-02T16:14:38.299+0000] {processor.py:836} INFO - DAG(s) dict_keys(['example_external_task_marker_parent', 'example_external_task_marker_child']) retrieved from /home/airflow/.local/lib/python3.7/site-packages/airflow/example_dags/example_external_task_marker_dag.py
[2025-09-02T16:14:38.333+0000] {logging_mixin.py:150} INFO - [2025-09-02T16:14:38.333+0000] {dag.py:2742} INFO - Sync 2 DAGs
[2025-09-02T16:14:38.368+0000] {logging_mixin.py:150} INFO - [2025-09-02T16:14:38.368+0000] {dag.py:3508} INFO - Setting next_dagrun for example_external_task_marker_child to None, run_after=None
[2025-09-02T16:14:38.376+0000] {logging_mixin.py:150} INFO - [2025-09-02T16:14:38.375+0000] {dag.py:3508} INFO - Setting next_dagrun for example_external_task_marker_parent to None, run_after=None
[2025-09-02T16:14:38.401+0000] {processor.py:179} INFO - Processing /home/airflow/.local/lib/python3.7/site-packages/airflow/example_dags/example_external_task_marker_dag.py took 0.116 seconds
[2025-09-02T16:15:08.844+0000] {processor.py:157} INFO - Started process (PID=324) to work on /home/airflow/.local/lib/python3.7/site-packages/airflow/example_dags/example_external_task_marker_dag.py
[2025-09-02T16:15:08.845+0000] {processor.py:826} INFO - Processing file /home/airflow/.local/lib/python3.7/site-packages/airflow/example_dags/example_external_task_marker_dag.py for tasks to queue
[2025-09-02T16:15:08.846+0000] {logging_mixin.py:150} INFO - [2025-09-02T16:15:08.846+0000] {dagbag.py:541} INFO - Filling up the DagBag from /home/airflow/.local/lib/python3.7/site-packages/airflow/example_dags/example_external_task_marker_dag.py
[2025-09-02T16:15:08.855+0000] {processor.py:836} INFO - DAG(s) dict_keys(['example_external_task_marker_parent', 'example_external_task_marker_child']) retrieved from /home/airflow/.local/lib/python3.7/site-packages/airflow/example_dags/example_external_task_marker_dag.py
[2025-09-02T16:15:08.892+0000] {logging_mixin.py:150} INFO - [2025-09-02T16:15:08.892+0000] {dag.py:2742} INFO - Sync 2 DAGs
[2025-09-02T16:15:08.930+0000] {logging_mixin.py:150} INFO - [2025-09-02T16:15:08.930+0000] {dag.py:3508} INFO - Setting next_dagrun for example_external_task_marker_child to None, run_after=None
[2025-09-02T16:15:08.938+0000] {logging_mixin.py:150} INFO - [2025-09-02T16:15:08.937+0000] {dag.py:3508} INFO - Setting next_dagrun for example_external_task_marker_parent to None, run_after=None
[2025-09-02T16:15:08.962+0000] {processor.py:179} INFO - Processing /home/airflow/.local/lib/python3.7/site-packages/airflow/example_dags/example_external_task_marker_dag.py took 0.122 seconds
[2025-09-02T16:15:39.325+0000] {processor.py:157} INFO - Started process (PID=384) to work on /home/airflow/.local/lib/python3.7/site-packages/airflow/example_dags/example_external_task_marker_dag.py
[2025-09-02T16:15:39.326+0000] {processor.py:826} INFO - Processing file /home/airflow/.local/lib/python3.7/site-packages/airflow/example_dags/example_external_task_marker_dag.py for tasks to queue
[2025-09-02T16:15:39.327+0000] {logging_mixin.py:150} INFO - [2025-09-02T16:15:39.326+0000] {dagbag.py:541} INFO - Filling up the DagBag from /home/airflow/.local/lib/python3.7/site-packages/airflow/example_dags/example_external_task_marker_dag.py
[2025-09-02T16:15:39.335+0000] {processor.py:836} INFO - DAG(s) dict_keys(['example_external_task_marker_parent', 'example_external_task_marker_child']) retrieved from /home/airflow/.local/lib/python3.7/site-packages/airflow/example_dags/example_external_task_marker_dag.py
[2025-09-02T16:15:39.373+0000] {logging_mixin.py:150} INFO - [2025-09-02T16:15:39.373+0000] {dag.py:2742} INFO - Sync 2 DAGs
[2025-09-02T16:15:39.408+0000] {logging_mixin.py:150} INFO - [2025-09-02T16:15:39.408+0000] {dag.py:3508} INFO - Setting next_dagrun for example_external_task_marker_child to None, run_after=None
[2025-09-02T16:15:39.414+0000] {logging_mixin.py:150} INFO - [2025-09-02T16:15:39.414+0000] {dag.py:3508} INFO - Setting next_dagrun for example_external_task_marker_parent to None, run_after=None
[2025-09-02T16:15:39.439+0000] {processor.py:179} INFO - Processing /home/airflow/.local/lib/python3.7/site-packages/airflow/example_dags/example_external_task_marker_dag.py took 0.118 seconds
[2025-09-02T16:16:10.533+0000] {processor.py:157} INFO - Started process (PID=444) to work on /home/airflow/.local/lib/python3.7/site-packages/airflow/example_dags/example_external_task_marker_dag.py
[2025-09-02T16:16:10.534+0000] {processor.py:826} INFO - Processing file /home/airflow/.local/lib/python3.7/site-packages/airflow/example_dags/example_external_task_marker_dag.py for tasks to queue
[2025-09-02T16:16:10.535+0000] {logging_mixin.py:150} INFO - [2025-09-02T16:16:10.535+0000] {dagbag.py:541} INFO - Filling up the DagBag from /home/airflow/.local/lib/python3.7/site-packages/airflow/example_dags/example_external_task_marker_dag.py
[2025-09-02T16:16:10.545+0000] {processor.py:836} INFO - DAG(s) dict_keys(['example_external_task_marker_child', 'example_external_task_marker_parent']) retrieved from /home/airflow/.local/lib/python3.7/site-packages/airflow/example_dags/example_external_task_marker_dag.py
[2025-09-02T16:16:10.591+0000] {logging_mixin.py:150} INFO - [2025-09-02T16:16:10.590+0000] {dag.py:2742} INFO - Sync 2 DAGs
[2025-09-02T16:16:10.634+0000] {logging_mixin.py:150} INFO - [2025-09-02T16:16:10.634+0000] {dag.py:3508} INFO - Setting next_dagrun for example_external_task_marker_child to None, run_after=None
[2025-09-02T16:16:10.642+0000] {logging_mixin.py:150} INFO - [2025-09-02T16:16:10.641+0000] {dag.py:3508} INFO - Setting next_dagrun for example_external_task_marker_parent to None, run_after=None
[2025-09-02T16:16:10.671+0000] {processor.py:179} INFO - Processing /home/airflow/.local/lib/python3.7/site-packages/airflow/example_dags/example_external_task_marker_dag.py took 0.146 seconds
[2025-09-02T16:16:41.305+0000] {processor.py:157} INFO - Started process (PID=504) to work on /home/airflow/.local/lib/python3.7/site-packages/airflow/example_dags/example_external_task_marker_dag.py
[2025-09-02T16:16:41.306+0000] {processor.py:826} INFO - Processing file /home/airflow/.local/lib/python3.7/site-packages/airflow/example_dags/example_external_task_marker_dag.py for tasks to queue
[2025-09-02T16:16:41.307+0000] {logging_mixin.py:150} INFO - [2025-09-02T16:16:41.306+0000] {dagbag.py:541} INFO - Filling up the DagBag from /home/airflow/.local/lib/python3.7/site-packages/airflow/example_dags/example_external_task_marker_dag.py
[2025-09-02T16:16:41.315+0000] {processor.py:836} INFO - DAG(s) dict_keys(['example_external_task_marker_child', 'example_external_task_marker_parent']) retrieved from /home/airflow/.local/lib/python3.7/site-packages/airflow/example_dags/example_external_task_marker_dag.py
[2025-09-02T16:16:41.354+0000] {logging_mixin.py:150} INFO - [2025-09-02T16:16:41.354+0000] {dag.py:2742} INFO - Sync 2 DAGs
[2025-09-02T16:16:41.388+0000] {logging_mixin.py:150} INFO - [2025-09-02T16:16:41.388+0000] {dag.py:3508} INFO - Setting next_dagrun for example_external_task_marker_child to None, run_after=None
[2025-09-02T16:16:41.395+0000] {logging_mixin.py:150} INFO - [2025-09-02T16:16:41.394+0000] {dag.py:3508} INFO - Setting next_dagrun for example_external_task_marker_parent to None, run_after=None
[2025-09-02T16:16:41.418+0000] {processor.py:179} INFO - Processing /home/airflow/.local/lib/python3.7/site-packages/airflow/example_dags/example_external_task_marker_dag.py took 0.117 seconds
[2025-09-02T16:17:11.894+0000] {processor.py:157} INFO - Started process (PID=563) to work on /home/airflow/.local/lib/python3.7/site-packages/airflow/example_dags/example_external_task_marker_dag.py
[2025-09-02T16:17:11.897+0000] {processor.py:826} INFO - Processing file /home/airflow/.local/lib/python3.7/site-packages/airflow/example_dags/example_external_task_marker_dag.py for tasks to queue
[2025-09-02T16:17:11.901+0000] {logging_mixin.py:150} INFO - [2025-09-02T16:17:11.899+0000] {dagbag.py:541} INFO - Filling up the DagBag from /home/airflow/.local/lib/python3.7/site-packages/airflow/example_dags/example_external_task_marker_dag.py
[2025-09-02T16:17:11.915+0000] {processor.py:836} INFO - DAG(s) dict_keys(['example_external_task_marker_parent', 'example_external_task_marker_child']) retrieved from /home/airflow/.local/lib/python3.7/site-packages/airflow/example_dags/example_external_task_marker_dag.py
[2025-09-02T16:17:11.974+0000] {logging_mixin.py:150} INFO - [2025-09-02T16:17:11.973+0000] {dag.py:2742} INFO - Sync 2 DAGs
[2025-09-02T16:17:12.027+0000] {logging_mixin.py:150} INFO - [2025-09-02T16:17:12.026+0000] {dag.py:3508} INFO - Setting next_dagrun for example_external_task_marker_child to None, run_after=None
[2025-09-02T16:17:12.035+0000] {logging_mixin.py:150} INFO - [2025-09-02T16:17:12.034+0000] {dag.py:3508} INFO - Setting next_dagrun for example_external_task_marker_parent to None, run_after=None
[2025-09-02T16:17:12.071+0000] {processor.py:179} INFO - Processing /home/airflow/.local/lib/python3.7/site-packages/airflow/example_dags/example_external_task_marker_dag.py took 0.183 seconds
[2025-09-02T16:17:42.616+0000] {processor.py:157} INFO - Started process (PID=617) to work on /home/airflow/.local/lib/python3.7/site-packages/airflow/example_dags/example_external_task_marker_dag.py
[2025-09-02T16:17:42.617+0000] {processor.py:826} INFO - Processing file /home/airflow/.local/lib/python3.7/site-packages/airflow/example_dags/example_external_task_marker_dag.py for tasks to queue
[2025-09-02T16:17:42.617+0000] {logging_mixin.py:150} INFO - [2025-09-02T16:17:42.617+0000] {dagbag.py:541} INFO - Filling up the DagBag from /home/airflow/.local/lib/python3.7/site-packages/airflow/example_dags/example_external_task_marker_dag.py
[2025-09-02T16:17:42.625+0000] {processor.py:836} INFO - DAG(s) dict_keys(['example_external_task_marker_parent', 'example_external_task_marker_child']) retrieved from /home/airflow/.local/lib/python3.7/site-packages/airflow/example_dags/example_external_task_marker_dag.py
[2025-09-02T16:17:42.662+0000] {logging_mixin.py:150} INFO - [2025-09-02T16:17:42.662+0000] {dag.py:2742} INFO - Sync 2 DAGs
[2025-09-02T16:17:42.697+0000] {logging_mixin.py:150} INFO - [2025-09-02T16:17:42.696+0000] {dag.py:3508} INFO - Setting next_dagrun for example_external_task_marker_child to None, run_after=None
[2025-09-02T16:17:42.703+0000] {logging_mixin.py:150} INFO - [2025-09-02T16:17:42.703+0000] {dag.py:3508} INFO - Setting next_dagrun for example_external_task_marker_parent to None, run_after=None
[2025-09-02T16:17:42.727+0000] {processor.py:179} INFO - Processing /home/airflow/.local/lib/python3.7/site-packages/airflow/example_dags/example_external_task_marker_dag.py took 0.116 seconds
[2025-09-02T16:18:13.078+0000] {processor.py:157} INFO - Started process (PID=677) to work on /home/airflow/.local/lib/python3.7/site-packages/airflow/example_dags/example_external_task_marker_dag.py
[2025-09-02T16:18:13.079+0000] {processor.py:826} INFO - Processing file /home/airflow/.local/lib/python3.7/site-packages/airflow/example_dags/example_external_task_marker_dag.py for tasks to queue
[2025-09-02T16:18:13.080+0000] {logging_mixin.py:150} INFO - [2025-09-02T16:18:13.080+0000] {dagbag.py:541} INFO - Filling up the DagBag from /home/airflow/.local/lib/python3.7/site-packages/airflow/example_dags/example_external_task_marker_dag.py
[2025-09-02T16:18:13.087+0000] {processor.py:836} INFO - DAG(s) dict_keys(['example_external_task_marker_child', 'example_external_task_marker_parent']) retrieved from /home/airflow/.local/lib/python3.7/site-packages/airflow/example_dags/example_external_task_marker_dag.py
[2025-09-02T16:18:13.125+0000] {logging_mixin.py:150} INFO - [2025-09-02T16:18:13.124+0000] {dag.py:2742} INFO - Sync 2 DAGs
[2025-09-02T16:18:13.160+0000] {logging_mixin.py:150} INFO - [2025-09-02T16:18:13.160+0000] {dag.py:3508} INFO - Setting next_dagrun for example_external_task_marker_child to None, run_after=None
[2025-09-02T16:18:13.167+0000] {logging_mixin.py:150} INFO - [2025-09-02T16:18:13.166+0000] {dag.py:3508} INFO - Setting next_dagrun for example_external_task_marker_parent to None, run_after=None
[2025-09-02T16:18:13.190+0000] {processor.py:179} INFO - Processing /home/airflow/.local/lib/python3.7/site-packages/airflow/example_dags/example_external_task_marker_dag.py took 0.115 seconds
[2025-09-02T16:18:43.658+0000] {processor.py:157} INFO - Started process (PID=737) to work on /home/airflow/.local/lib/python3.7/site-packages/airflow/example_dags/example_external_task_marker_dag.py
[2025-09-02T16:18:43.659+0000] {processor.py:826} INFO - Processing file /home/airflow/.local/lib/python3.7/site-packages/airflow/example_dags/example_external_task_marker_dag.py for tasks to queue
[2025-09-02T16:18:43.661+0000] {logging_mixin.py:150} INFO - [2025-09-02T16:18:43.660+0000] {dagbag.py:541} INFO - Filling up the DagBag from /home/airflow/.local/lib/python3.7/site-packages/airflow/example_dags/example_external_task_marker_dag.py
[2025-09-02T16:18:43.670+0000] {processor.py:836} INFO - DAG(s) dict_keys(['example_external_task_marker_parent', 'example_external_task_marker_child']) retrieved from /home/airflow/.local/lib/python3.7/site-packages/airflow/example_dags/example_external_task_marker_dag.py
[2025-09-02T16:18:43.712+0000] {logging_mixin.py:150} INFO - [2025-09-02T16:18:43.712+0000] {dag.py:2742} INFO - Sync 2 DAGs
[2025-09-02T16:18:43.750+0000] {logging_mixin.py:150} INFO - [2025-09-02T16:18:43.750+0000] {dag.py:3508} INFO - Setting next_dagrun for example_external_task_marker_child to None, run_after=None
[2025-09-02T16:18:43.757+0000] {logging_mixin.py:150} INFO - [2025-09-02T16:18:43.757+0000] {dag.py:3508} INFO - Setting next_dagrun for example_external_task_marker_parent to None, run_after=None
[2025-09-02T16:18:43.779+0000] {processor.py:179} INFO - Processing /home/airflow/.local/lib/python3.7/site-packages/airflow/example_dags/example_external_task_marker_dag.py took 0.127 seconds
[2025-09-02T16:19:14.357+0000] {processor.py:157} INFO - Started process (PID=797) to work on /home/airflow/.local/lib/python3.7/site-packages/airflow/example_dags/example_external_task_marker_dag.py
[2025-09-02T16:19:14.358+0000] {processor.py:826} INFO - Processing file /home/airflow/.local/lib/python3.7/site-packages/airflow/example_dags/example_external_task_marker_dag.py for tasks to queue
[2025-09-02T16:19:14.358+0000] {logging_mixin.py:150} INFO - [2025-09-02T16:19:14.358+0000] {dagbag.py:541} INFO - Filling up the DagBag from /home/airflow/.local/lib/python3.7/site-packages/airflow/example_dags/example_external_task_marker_dag.py
[2025-09-02T16:19:14.366+0000] {processor.py:836} INFO - DAG(s) dict_keys(['example_external_task_marker_parent', 'example_external_task_marker_child']) retrieved from /home/airflow/.local/lib/python3.7/site-packages/airflow/example_dags/example_external_task_marker_dag.py
[2025-09-02T16:19:14.397+0000] {logging_mixin.py:150} INFO - [2025-09-02T16:19:14.397+0000] {dag.py:2742} INFO - Sync 2 DAGs
[2025-09-02T16:19:14.424+0000] {logging_mixin.py:150} INFO - [2025-09-02T16:19:14.424+0000] {dag.py:3508} INFO - Setting next_dagrun for example_external_task_marker_child to None, run_after=None
[2025-09-02T16:19:14.428+0000] {logging_mixin.py:150} INFO - [2025-09-02T16:19:14.428+0000] {dag.py:3508} INFO - Setting next_dagrun for example_external_task_marker_parent to None, run_after=None
[2025-09-02T16:19:14.442+0000] {processor.py:179} INFO - Processing /home/airflow/.local/lib/python3.7/site-packages/airflow/example_dags/example_external_task_marker_dag.py took 0.089 seconds
[2025-09-02T16:19:45.076+0000] {processor.py:157} INFO - Started process (PID=857) to work on /home/airflow/.local/lib/python3.7/site-packages/airflow/example_dags/example_external_task_marker_dag.py
[2025-09-02T16:19:45.077+0000] {processor.py:826} INFO - Processing file /home/airflow/.local/lib/python3.7/site-packages/airflow/example_dags/example_external_task_marker_dag.py for tasks to queue
[2025-09-02T16:19:45.080+0000] {logging_mixin.py:150} INFO - [2025-09-02T16:19:45.079+0000] {dagbag.py:541} INFO - Filling up the DagBag from /home/airflow/.local/lib/python3.7/site-packages/airflow/example_dags/example_external_task_marker_dag.py
[2025-09-02T16:19:45.093+0000] {processor.py:836} INFO - DAG(s) dict_keys(['example_external_task_marker_parent', 'example_external_task_marker_child']) retrieved from /home/airflow/.local/lib/python3.7/site-packages/airflow/example_dags/example_external_task_marker_dag.py
[2025-09-02T16:19:45.130+0000] {logging_mixin.py:150} INFO - [2025-09-02T16:19:45.130+0000] {dag.py:2742} INFO - Sync 2 DAGs
[2025-09-02T16:19:45.164+0000] {logging_mixin.py:150} INFO - [2025-09-02T16:19:45.164+0000] {dag.py:3508} INFO - Setting next_dagrun for example_external_task_marker_child to None, run_after=None
[2025-09-02T16:19:45.171+0000] {logging_mixin.py:150} INFO - [2025-09-02T16:19:45.171+0000] {dag.py:3508} INFO - Setting next_dagrun for example_external_task_marker_parent to None, run_after=None
[2025-09-02T16:19:45.196+0000] {processor.py:179} INFO - Processing /home/airflow/.local/lib/python3.7/site-packages/airflow/example_dags/example_external_task_marker_dag.py took 0.125 seconds
[2025-09-02T16:20:16.015+0000] {processor.py:157} INFO - Started process (PID=917) to work on /home/airflow/.local/lib/python3.7/site-packages/airflow/example_dags/example_external_task_marker_dag.py
[2025-09-02T16:20:16.016+0000] {processor.py:826} INFO - Processing file /home/airflow/.local/lib/python3.7/site-packages/airflow/example_dags/example_external_task_marker_dag.py for tasks to queue
[2025-09-02T16:20:16.017+0000] {logging_mixin.py:150} INFO - [2025-09-02T16:20:16.017+0000] {dagbag.py:541} INFO - Filling up the DagBag from /home/airflow/.local/lib/python3.7/site-packages/airflow/example_dags/example_external_task_marker_dag.py
[2025-09-02T16:20:16.027+0000] {processor.py:836} INFO - DAG(s) dict_keys(['example_external_task_marker_parent', 'example_external_task_marker_child']) retrieved from /home/airflow/.local/lib/python3.7/site-packages/airflow/example_dags/example_external_task_marker_dag.py
[2025-09-02T16:20:16.066+0000] {logging_mixin.py:150} INFO - [2025-09-02T16:20:16.066+0000] {dag.py:2742} INFO - Sync 2 DAGs
[2025-09-02T16:20:16.107+0000] {logging_mixin.py:150} INFO - [2025-09-02T16:20:16.106+0000] {dag.py:3508} INFO - Setting next_dagrun for example_external_task_marker_child to None, run_after=None
[2025-09-02T16:20:16.114+0000] {logging_mixin.py:150} INFO - [2025-09-02T16:20:16.114+0000] {dag.py:3508} INFO - Setting next_dagrun for example_external_task_marker_parent to None, run_after=None
[2025-09-02T16:20:16.139+0000] {processor.py:179} INFO - Processing /home/airflow/.local/lib/python3.7/site-packages/airflow/example_dags/example_external_task_marker_dag.py took 0.128 seconds
[2025-09-02T16:20:46.623+0000] {processor.py:157} INFO - Started process (PID=977) to work on /home/airflow/.local/lib/python3.7/site-packages/airflow/example_dags/example_external_task_marker_dag.py
[2025-09-02T16:20:46.624+0000] {processor.py:826} INFO - Processing file /home/airflow/.local/lib/python3.7/site-packages/airflow/example_dags/example_external_task_marker_dag.py for tasks to queue
[2025-09-02T16:20:46.625+0000] {logging_mixin.py:150} INFO - [2025-09-02T16:20:46.625+0000] {dagbag.py:541} INFO - Filling up the DagBag from /home/airflow/.local/lib/python3.7/site-packages/airflow/example_dags/example_external_task_marker_dag.py
[2025-09-02T16:20:46.636+0000] {processor.py:836} INFO - DAG(s) dict_keys(['example_external_task_marker_child', 'example_external_task_marker_parent']) retrieved from /home/airflow/.local/lib/python3.7/site-packages/airflow/example_dags/example_external_task_marker_dag.py
[2025-09-02T16:20:46.678+0000] {logging_mixin.py:150} INFO - [2025-09-02T16:20:46.677+0000] {dag.py:2742} INFO - Sync 2 DAGs
[2025-09-02T16:20:46.715+0000] {logging_mixin.py:150} INFO - [2025-09-02T16:20:46.715+0000] {dag.py:3508} INFO - Setting next_dagrun for example_external_task_marker_child to None, run_after=None
[2025-09-02T16:20:46.722+0000] {logging_mixin.py:150} INFO - [2025-09-02T16:20:46.722+0000] {dag.py:3508} INFO - Setting next_dagrun for example_external_task_marker_parent to None, run_after=None
[2025-09-02T16:20:46.757+0000] {processor.py:179} INFO - Processing /home/airflow/.local/lib/python3.7/site-packages/airflow/example_dags/example_external_task_marker_dag.py took 0.139 seconds
[2025-09-02T16:21:17.332+0000] {processor.py:157} INFO - Started process (PID=1037) to work on /home/airflow/.local/lib/python3.7/site-packages/airflow/example_dags/example_external_task_marker_dag.py
[2025-09-02T16:21:17.333+0000] {processor.py:826} INFO - Processing file /home/airflow/.local/lib/python3.7/site-packages/airflow/example_dags/example_external_task_marker_dag.py for tasks to queue
[2025-09-02T16:21:17.335+0000] {logging_mixin.py:150} INFO - [2025-09-02T16:21:17.334+0000] {dagbag.py:541} INFO - Filling up the DagBag from /home/airflow/.local/lib/python3.7/site-packages/airflow/example_dags/example_external_task_marker_dag.py
[2025-09-02T16:21:17.349+0000] {processor.py:836} INFO - DAG(s) dict_keys(['example_external_task_marker_parent', 'example_external_task_marker_child']) retrieved from /home/airflow/.local/lib/python3.7/site-packages/airflow/example_dags/example_external_task_marker_dag.py
[2025-09-02T16:21:17.417+0000] {logging_mixin.py:150} INFO - [2025-09-02T16:21:17.417+0000] {dag.py:2742} INFO - Sync 2 DAGs
[2025-09-02T16:21:17.462+0000] {logging_mixin.py:150} INFO - [2025-09-02T16:21:17.461+0000] {dag.py:3508} INFO - Setting next_dagrun for example_external_task_marker_child to None, run_after=None
[2025-09-02T16:21:17.470+0000] {logging_mixin.py:150} INFO - [2025-09-02T16:21:17.469+0000] {dag.py:3508} INFO - Setting next_dagrun for example_external_task_marker_parent to None, run_after=None
[2025-09-02T16:21:17.495+0000] {processor.py:179} INFO - Processing /home/airflow/.local/lib/python3.7/site-packages/airflow/example_dags/example_external_task_marker_dag.py took 0.170 seconds
[2025-09-02T16:21:48.088+0000] {processor.py:157} INFO - Started process (PID=1097) to work on /home/airflow/.local/lib/python3.7/site-packages/airflow/example_dags/example_external_task_marker_dag.py
[2025-09-02T16:21:48.092+0000] {processor.py:826} INFO - Processing file /home/airflow/.local/lib/python3.7/site-packages/airflow/example_dags/example_external_task_marker_dag.py for tasks to queue
[2025-09-02T16:21:48.093+0000] {logging_mixin.py:150} INFO - [2025-09-02T16:21:48.093+0000] {dagbag.py:541} INFO - Filling up the DagBag from /home/airflow/.local/lib/python3.7/site-packages/airflow/example_dags/example_external_task_marker_dag.py
[2025-09-02T16:21:48.104+0000] {processor.py:836} INFO - DAG(s) dict_keys(['example_external_task_marker_child', 'example_external_task_marker_parent']) retrieved from /home/airflow/.local/lib/python3.7/site-packages/airflow/example_dags/example_external_task_marker_dag.py
[2025-09-02T16:21:48.164+0000] {logging_mixin.py:150} INFO - [2025-09-02T16:21:48.163+0000] {dag.py:2742} INFO - Sync 2 DAGs
[2025-09-02T16:21:48.227+0000] {logging_mixin.py:150} INFO - [2025-09-02T16:21:48.227+0000] {dag.py:3508} INFO - Setting next_dagrun for example_external_task_marker_child to None, run_after=None
[2025-09-02T16:21:48.242+0000] {logging_mixin.py:150} INFO - [2025-09-02T16:21:48.241+0000] {dag.py:3508} INFO - Setting next_dagrun for example_external_task_marker_parent to None, run_after=None
[2025-09-02T16:21:48.285+0000] {processor.py:179} INFO - Processing /home/airflow/.local/lib/python3.7/site-packages/airflow/example_dags/example_external_task_marker_dag.py took 0.207 seconds
[2025-09-02T16:22:18.634+0000] {processor.py:157} INFO - Started process (PID=1157) to work on /home/airflow/.local/lib/python3.7/site-packages/airflow/example_dags/example_external_task_marker_dag.py
[2025-09-02T16:22:18.636+0000] {processor.py:826} INFO - Processing file /home/airflow/.local/lib/python3.7/site-packages/airflow/example_dags/example_external_task_marker_dag.py for tasks to queue
[2025-09-02T16:22:18.637+0000] {logging_mixin.py:150} INFO - [2025-09-02T16:22:18.636+0000] {dagbag.py:541} INFO - Filling up the DagBag from /home/airflow/.local/lib/python3.7/site-packages/airflow/example_dags/example_external_task_marker_dag.py
[2025-09-02T16:22:18.645+0000] {processor.py:836} INFO - DAG(s) dict_keys(['example_external_task_marker_parent', 'example_external_task_marker_child']) retrieved from /home/airflow/.local/lib/python3.7/site-packages/airflow/example_dags/example_external_task_marker_dag.py
[2025-09-02T16:22:18.679+0000] {logging_mixin.py:150} INFO - [2025-09-02T16:22:18.678+0000] {dag.py:2742} INFO - Sync 2 DAGs
[2025-09-02T16:22:18.713+0000] {logging_mixin.py:150} INFO - [2025-09-02T16:22:18.713+0000] {dag.py:3508} INFO - Setting next_dagrun for example_external_task_marker_child to None, run_after=None
[2025-09-02T16:22:18.720+0000] {logging_mixin.py:150} INFO - [2025-09-02T16:22:18.719+0000] {dag.py:3508} INFO - Setting next_dagrun for example_external_task_marker_parent to None, run_after=None
[2025-09-02T16:22:18.744+0000] {processor.py:179} INFO - Processing /home/airflow/.local/lib/python3.7/site-packages/airflow/example_dags/example_external_task_marker_dag.py took 0.114 seconds
[2025-09-02T16:22:49.175+0000] {processor.py:157} INFO - Started process (PID=1217) to work on /home/airflow/.local/lib/python3.7/site-packages/airflow/example_dags/example_external_task_marker_dag.py
[2025-09-02T16:22:49.177+0000] {processor.py:826} INFO - Processing file /home/airflow/.local/lib/python3.7/site-packages/airflow/example_dags/example_external_task_marker_dag.py for tasks to queue
[2025-09-02T16:22:49.178+0000] {logging_mixin.py:150} INFO - [2025-09-02T16:22:49.178+0000] {dagbag.py:541} INFO - Filling up the DagBag from /home/airflow/.local/lib/python3.7/site-packages/airflow/example_dags/example_external_task_marker_dag.py
[2025-09-02T16:22:49.188+0000] {processor.py:836} INFO - DAG(s) dict_keys(['example_external_task_marker_parent', 'example_external_task_marker_child']) retrieved from /home/airflow/.local/lib/python3.7/site-packages/airflow/example_dags/example_external_task_marker_dag.py
[2025-09-02T16:22:49.226+0000] {logging_mixin.py:150} INFO - [2025-09-02T16:22:49.226+0000] {dag.py:2742} INFO - Sync 2 DAGs
[2025-09-02T16:22:49.268+0000] {logging_mixin.py:150} INFO - [2025-09-02T16:22:49.267+0000] {dag.py:3508} INFO - Setting next_dagrun for example_external_task_marker_child to None, run_after=None
[2025-09-02T16:22:49.277+0000] {logging_mixin.py:150} INFO - [2025-09-02T16:22:49.276+0000] {dag.py:3508} INFO - Setting next_dagrun for example_external_task_marker_parent to None, run_after=None
[2025-09-02T16:22:49.313+0000] {processor.py:179} INFO - Processing /home/airflow/.local/lib/python3.7/site-packages/airflow/example_dags/example_external_task_marker_dag.py took 0.143 seconds
[2025-09-02T16:23:19.587+0000] {processor.py:157} INFO - Started process (PID=1277) to work on /home/airflow/.local/lib/python3.7/site-packages/airflow/example_dags/example_external_task_marker_dag.py
[2025-09-02T16:23:19.588+0000] {processor.py:826} INFO - Processing file /home/airflow/.local/lib/python3.7/site-packages/airflow/example_dags/example_external_task_marker_dag.py for tasks to queue
[2025-09-02T16:23:19.589+0000] {logging_mixin.py:150} INFO - [2025-09-02T16:23:19.589+0000] {dagbag.py:541} INFO - Filling up the DagBag from /home/airflow/.local/lib/python3.7/site-packages/airflow/example_dags/example_external_task_marker_dag.py
[2025-09-02T16:23:19.599+0000] {processor.py:836} INFO - DAG(s) dict_keys(['example_external_task_marker_child', 'example_external_task_marker_parent']) retrieved from /home/airflow/.local/lib/python3.7/site-packages/airflow/example_dags/example_external_task_marker_dag.py
[2025-09-02T16:23:19.638+0000] {logging_mixin.py:150} INFO - [2025-09-02T16:23:19.638+0000] {dag.py:2742} INFO - Sync 2 DAGs
[2025-09-02T16:23:19.674+0000] {logging_mixin.py:150} INFO - [2025-09-02T16:23:19.674+0000] {dag.py:3508} INFO - Setting next_dagrun for example_external_task_marker_child to None, run_after=None
[2025-09-02T16:23:19.681+0000] {logging_mixin.py:150} INFO - [2025-09-02T16:23:19.681+0000] {dag.py:3508} INFO - Setting next_dagrun for example_external_task_marker_parent to None, run_after=None
[2025-09-02T16:23:19.709+0000] {processor.py:179} INFO - Processing /home/airflow/.local/lib/python3.7/site-packages/airflow/example_dags/example_external_task_marker_dag.py took 0.127 seconds
[2025-09-02T16:23:49.999+0000] {processor.py:157} INFO - Started process (PID=1337) to work on /home/airflow/.local/lib/python3.7/site-packages/airflow/example_dags/example_external_task_marker_dag.py
[2025-09-02T16:23:50.000+0000] {processor.py:826} INFO - Processing file /home/airflow/.local/lib/python3.7/site-packages/airflow/example_dags/example_external_task_marker_dag.py for tasks to queue
[2025-09-02T16:23:50.001+0000] {logging_mixin.py:150} INFO - [2025-09-02T16:23:50.001+0000] {dagbag.py:541} INFO - Filling up the DagBag from /home/airflow/.local/lib/python3.7/site-packages/airflow/example_dags/example_external_task_marker_dag.py
[2025-09-02T16:23:50.012+0000] {processor.py:836} INFO - DAG(s) dict_keys(['example_external_task_marker_parent', 'example_external_task_marker_child']) retrieved from /home/airflow/.local/lib/python3.7/site-packages/airflow/example_dags/example_external_task_marker_dag.py
[2025-09-02T16:23:50.058+0000] {logging_mixin.py:150} INFO - [2025-09-02T16:23:50.058+0000] {dag.py:2742} INFO - Sync 2 DAGs
[2025-09-02T16:23:50.098+0000] {logging_mixin.py:150} INFO - [2025-09-02T16:23:50.098+0000] {dag.py:3508} INFO - Setting next_dagrun for example_external_task_marker_child to None, run_after=None
[2025-09-02T16:23:50.105+0000] {logging_mixin.py:150} INFO - [2025-09-02T16:23:50.105+0000] {dag.py:3508} INFO - Setting next_dagrun for example_external_task_marker_parent to None, run_after=None
[2025-09-02T16:23:50.134+0000] {processor.py:179} INFO - Processing /home/airflow/.local/lib/python3.7/site-packages/airflow/example_dags/example_external_task_marker_dag.py took 0.140 seconds
[2025-09-02T16:24:20.751+0000] {processor.py:157} INFO - Started process (PID=1397) to work on /home/airflow/.local/lib/python3.7/site-packages/airflow/example_dags/example_external_task_marker_dag.py
[2025-09-02T16:24:20.753+0000] {processor.py:826} INFO - Processing file /home/airflow/.local/lib/python3.7/site-packages/airflow/example_dags/example_external_task_marker_dag.py for tasks to queue
[2025-09-02T16:24:20.754+0000] {logging_mixin.py:150} INFO - [2025-09-02T16:24:20.753+0000] {dagbag.py:541} INFO - Filling up the DagBag from /home/airflow/.local/lib/python3.7/site-packages/airflow/example_dags/example_external_task_marker_dag.py
[2025-09-02T16:24:20.768+0000] {processor.py:836} INFO - DAG(s) dict_keys(['example_external_task_marker_child', 'example_external_task_marker_parent']) retrieved from /home/airflow/.local/lib/python3.7/site-packages/airflow/example_dags/example_external_task_marker_dag.py
[2025-09-02T16:24:20.880+0000] {logging_mixin.py:150} INFO - [2025-09-02T16:24:20.879+0000] {dag.py:2742} INFO - Sync 2 DAGs
[2025-09-02T16:24:20.995+0000] {logging_mixin.py:150} INFO - [2025-09-02T16:24:20.995+0000] {dag.py:3508} INFO - Setting next_dagrun for example_external_task_marker_child to None, run_after=None
[2025-09-02T16:24:21.014+0000] {logging_mixin.py:150} INFO - [2025-09-02T16:24:21.014+0000] {dag.py:3508} INFO - Setting next_dagrun for example_external_task_marker_parent to None, run_after=None
[2025-09-02T16:24:21.065+0000] {processor.py:179} INFO - Processing /home/airflow/.local/lib/python3.7/site-packages/airflow/example_dags/example_external_task_marker_dag.py took 0.323 seconds
[2025-09-02T16:26:36.378+0000] {processor.py:157} INFO - Started process (PID=98) to work on /home/airflow/.local/lib/python3.7/site-packages/airflow/example_dags/example_external_task_marker_dag.py
[2025-09-02T16:26:36.379+0000] {processor.py:826} INFO - Processing file /home/airflow/.local/lib/python3.7/site-packages/airflow/example_dags/example_external_task_marker_dag.py for tasks to queue
[2025-09-02T16:26:36.380+0000] {logging_mixin.py:150} INFO - [2025-09-02T16:26:36.380+0000] {dagbag.py:541} INFO - Filling up the DagBag from /home/airflow/.local/lib/python3.7/site-packages/airflow/example_dags/example_external_task_marker_dag.py
[2025-09-02T16:26:36.390+0000] {processor.py:836} INFO - DAG(s) dict_keys(['example_external_task_marker_child', 'example_external_task_marker_parent']) retrieved from /home/airflow/.local/lib/python3.7/site-packages/airflow/example_dags/example_external_task_marker_dag.py
[2025-09-02T16:26:36.495+0000] {logging_mixin.py:150} INFO - [2025-09-02T16:26:36.492+0000] {dag.py:2742} INFO - Sync 2 DAGs
[2025-09-02T16:26:37.142+0000] {logging_mixin.py:150} INFO - [2025-09-02T16:26:37.142+0000] {dag.py:3508} INFO - Setting next_dagrun for example_external_task_marker_child to None, run_after=None
[2025-09-02T16:26:37.171+0000] {logging_mixin.py:150} INFO - [2025-09-02T16:26:37.169+0000] {dag.py:3508} INFO - Setting next_dagrun for example_external_task_marker_parent to None, run_after=None
[2025-09-02T16:26:37.245+0000] {processor.py:179} INFO - Processing /home/airflow/.local/lib/python3.7/site-packages/airflow/example_dags/example_external_task_marker_dag.py took 0.874 seconds
[2025-09-02T16:27:07.487+0000] {processor.py:157} INFO - Started process (PID=158) to work on /home/airflow/.local/lib/python3.7/site-packages/airflow/example_dags/example_external_task_marker_dag.py
[2025-09-02T16:27:07.489+0000] {processor.py:826} INFO - Processing file /home/airflow/.local/lib/python3.7/site-packages/airflow/example_dags/example_external_task_marker_dag.py for tasks to queue
[2025-09-02T16:27:07.491+0000] {logging_mixin.py:150} INFO - [2025-09-02T16:27:07.490+0000] {dagbag.py:541} INFO - Filling up the DagBag from /home/airflow/.local/lib/python3.7/site-packages/airflow/example_dags/example_external_task_marker_dag.py
[2025-09-02T16:27:07.504+0000] {processor.py:836} INFO - DAG(s) dict_keys(['example_external_task_marker_parent', 'example_external_task_marker_child']) retrieved from /home/airflow/.local/lib/python3.7/site-packages/airflow/example_dags/example_external_task_marker_dag.py
[2025-09-02T16:27:07.563+0000] {logging_mixin.py:150} INFO - [2025-09-02T16:27:07.562+0000] {dag.py:2742} INFO - Sync 2 DAGs
[2025-09-02T16:27:07.607+0000] {logging_mixin.py:150} INFO - [2025-09-02T16:27:07.607+0000] {dag.py:3508} INFO - Setting next_dagrun for example_external_task_marker_child to None, run_after=None
[2025-09-02T16:27:07.617+0000] {logging_mixin.py:150} INFO - [2025-09-02T16:27:07.616+0000] {dag.py:3508} INFO - Setting next_dagrun for example_external_task_marker_parent to None, run_after=None
[2025-09-02T16:27:07.651+0000] {processor.py:179} INFO - Processing /home/airflow/.local/lib/python3.7/site-packages/airflow/example_dags/example_external_task_marker_dag.py took 0.171 seconds
[2025-09-02T16:27:37.847+0000] {processor.py:157} INFO - Started process (PID=218) to work on /home/airflow/.local/lib/python3.7/site-packages/airflow/example_dags/example_external_task_marker_dag.py
[2025-09-02T16:27:37.849+0000] {processor.py:826} INFO - Processing file /home/airflow/.local/lib/python3.7/site-packages/airflow/example_dags/example_external_task_marker_dag.py for tasks to queue
[2025-09-02T16:27:37.851+0000] {logging_mixin.py:150} INFO - [2025-09-02T16:27:37.850+0000] {dagbag.py:541} INFO - Filling up the DagBag from /home/airflow/.local/lib/python3.7/site-packages/airflow/example_dags/example_external_task_marker_dag.py
[2025-09-02T16:27:37.861+0000] {processor.py:836} INFO - DAG(s) dict_keys(['example_external_task_marker_parent', 'example_external_task_marker_child']) retrieved from /home/airflow/.local/lib/python3.7/site-packages/airflow/example_dags/example_external_task_marker_dag.py
[2025-09-02T16:27:37.900+0000] {logging_mixin.py:150} INFO - [2025-09-02T16:27:37.899+0000] {dag.py:2742} INFO - Sync 2 DAGs
[2025-09-02T16:27:37.940+0000] {logging_mixin.py:150} INFO - [2025-09-02T16:27:37.940+0000] {dag.py:3508} INFO - Setting next_dagrun for example_external_task_marker_child to None, run_after=None
[2025-09-02T16:27:37.949+0000] {logging_mixin.py:150} INFO - [2025-09-02T16:27:37.949+0000] {dag.py:3508} INFO - Setting next_dagrun for example_external_task_marker_parent to None, run_after=None
[2025-09-02T16:27:37.990+0000] {processor.py:179} INFO - Processing /home/airflow/.local/lib/python3.7/site-packages/airflow/example_dags/example_external_task_marker_dag.py took 0.148 seconds
[2025-09-02T16:28:08.320+0000] {processor.py:157} INFO - Started process (PID=276) to work on /home/airflow/.local/lib/python3.7/site-packages/airflow/example_dags/example_external_task_marker_dag.py
[2025-09-02T16:28:08.321+0000] {processor.py:826} INFO - Processing file /home/airflow/.local/lib/python3.7/site-packages/airflow/example_dags/example_external_task_marker_dag.py for tasks to queue
[2025-09-02T16:28:08.322+0000] {logging_mixin.py:150} INFO - [2025-09-02T16:28:08.322+0000] {dagbag.py:541} INFO - Filling up the DagBag from /home/airflow/.local/lib/python3.7/site-packages/airflow/example_dags/example_external_task_marker_dag.py
[2025-09-02T16:28:08.330+0000] {processor.py:836} INFO - DAG(s) dict_keys(['example_external_task_marker_parent', 'example_external_task_marker_child']) retrieved from /home/airflow/.local/lib/python3.7/site-packages/airflow/example_dags/example_external_task_marker_dag.py
[2025-09-02T16:28:08.367+0000] {logging_mixin.py:150} INFO - [2025-09-02T16:28:08.367+0000] {dag.py:2742} INFO - Sync 2 DAGs
[2025-09-02T16:28:08.397+0000] {logging_mixin.py:150} INFO - [2025-09-02T16:28:08.397+0000] {dag.py:3508} INFO - Setting next_dagrun for example_external_task_marker_child to None, run_after=None
[2025-09-02T16:28:08.402+0000] {logging_mixin.py:150} INFO - [2025-09-02T16:28:08.402+0000] {dag.py:3508} INFO - Setting next_dagrun for example_external_task_marker_parent to None, run_after=None
[2025-09-02T16:28:08.424+0000] {processor.py:179} INFO - Processing /home/airflow/.local/lib/python3.7/site-packages/airflow/example_dags/example_external_task_marker_dag.py took 0.109 seconds
[2025-09-02T16:28:38.701+0000] {processor.py:157} INFO - Started process (PID=336) to work on /home/airflow/.local/lib/python3.7/site-packages/airflow/example_dags/example_external_task_marker_dag.py
[2025-09-02T16:28:38.703+0000] {processor.py:826} INFO - Processing file /home/airflow/.local/lib/python3.7/site-packages/airflow/example_dags/example_external_task_marker_dag.py for tasks to queue
[2025-09-02T16:28:38.704+0000] {logging_mixin.py:150} INFO - [2025-09-02T16:28:38.703+0000] {dagbag.py:541} INFO - Filling up the DagBag from /home/airflow/.local/lib/python3.7/site-packages/airflow/example_dags/example_external_task_marker_dag.py
[2025-09-02T16:28:38.716+0000] {processor.py:836} INFO - DAG(s) dict_keys(['example_external_task_marker_parent', 'example_external_task_marker_child']) retrieved from /home/airflow/.local/lib/python3.7/site-packages/airflow/example_dags/example_external_task_marker_dag.py
[2025-09-02T16:28:38.765+0000] {logging_mixin.py:150} INFO - [2025-09-02T16:28:38.765+0000] {dag.py:2742} INFO - Sync 2 DAGs
[2025-09-02T16:28:38.806+0000] {logging_mixin.py:150} INFO - [2025-09-02T16:28:38.805+0000] {dag.py:3508} INFO - Setting next_dagrun for example_external_task_marker_child to None, run_after=None
[2025-09-02T16:28:38.815+0000] {logging_mixin.py:150} INFO - [2025-09-02T16:28:38.815+0000] {dag.py:3508} INFO - Setting next_dagrun for example_external_task_marker_parent to None, run_after=None
[2025-09-02T16:28:38.843+0000] {processor.py:179} INFO - Processing /home/airflow/.local/lib/python3.7/site-packages/airflow/example_dags/example_external_task_marker_dag.py took 0.148 seconds
[2025-09-02T16:29:09.350+0000] {processor.py:157} INFO - Started process (PID=396) to work on /home/airflow/.local/lib/python3.7/site-packages/airflow/example_dags/example_external_task_marker_dag.py
[2025-09-02T16:29:09.351+0000] {processor.py:826} INFO - Processing file /home/airflow/.local/lib/python3.7/site-packages/airflow/example_dags/example_external_task_marker_dag.py for tasks to queue
[2025-09-02T16:29:09.352+0000] {logging_mixin.py:150} INFO - [2025-09-02T16:29:09.352+0000] {dagbag.py:541} INFO - Filling up the DagBag from /home/airflow/.local/lib/python3.7/site-packages/airflow/example_dags/example_external_task_marker_dag.py
[2025-09-02T16:29:09.362+0000] {processor.py:836} INFO - DAG(s) dict_keys(['example_external_task_marker_child', 'example_external_task_marker_parent']) retrieved from /home/airflow/.local/lib/python3.7/site-packages/airflow/example_dags/example_external_task_marker_dag.py
[2025-09-02T16:29:09.403+0000] {logging_mixin.py:150} INFO - [2025-09-02T16:29:09.402+0000] {dag.py:2742} INFO - Sync 2 DAGs
[2025-09-02T16:29:09.440+0000] {logging_mixin.py:150} INFO - [2025-09-02T16:29:09.439+0000] {dag.py:3508} INFO - Setting next_dagrun for example_external_task_marker_child to None, run_after=None
[2025-09-02T16:29:09.449+0000] {logging_mixin.py:150} INFO - [2025-09-02T16:29:09.449+0000] {dag.py:3508} INFO - Setting next_dagrun for example_external_task_marker_parent to None, run_after=None
[2025-09-02T16:29:09.474+0000] {processor.py:179} INFO - Processing /home/airflow/.local/lib/python3.7/site-packages/airflow/example_dags/example_external_task_marker_dag.py took 0.130 seconds
[2025-09-02T16:29:39.727+0000] {processor.py:157} INFO - Started process (PID=456) to work on /home/airflow/.local/lib/python3.7/site-packages/airflow/example_dags/example_external_task_marker_dag.py
[2025-09-02T16:29:39.729+0000] {processor.py:826} INFO - Processing file /home/airflow/.local/lib/python3.7/site-packages/airflow/example_dags/example_external_task_marker_dag.py for tasks to queue
[2025-09-02T16:29:39.731+0000] {logging_mixin.py:150} INFO - [2025-09-02T16:29:39.730+0000] {dagbag.py:541} INFO - Filling up the DagBag from /home/airflow/.local/lib/python3.7/site-packages/airflow/example_dags/example_external_task_marker_dag.py
[2025-09-02T16:29:39.744+0000] {processor.py:836} INFO - DAG(s) dict_keys(['example_external_task_marker_child', 'example_external_task_marker_parent']) retrieved from /home/airflow/.local/lib/python3.7/site-packages/airflow/example_dags/example_external_task_marker_dag.py
[2025-09-02T16:29:39.787+0000] {logging_mixin.py:150} INFO - [2025-09-02T16:29:39.787+0000] {dag.py:2742} INFO - Sync 2 DAGs
[2025-09-02T16:29:39.831+0000] {logging_mixin.py:150} INFO - [2025-09-02T16:29:39.830+0000] {dag.py:3508} INFO - Setting next_dagrun for example_external_task_marker_child to None, run_after=None
[2025-09-02T16:29:39.839+0000] {logging_mixin.py:150} INFO - [2025-09-02T16:29:39.839+0000] {dag.py:3508} INFO - Setting next_dagrun for example_external_task_marker_parent to None, run_after=None
[2025-09-02T16:29:39.873+0000] {processor.py:179} INFO - Processing /home/airflow/.local/lib/python3.7/site-packages/airflow/example_dags/example_external_task_marker_dag.py took 0.151 seconds
[2025-09-02T16:30:11.208+0000] {processor.py:157} INFO - Started process (PID=517) to work on /home/airflow/.local/lib/python3.7/site-packages/airflow/example_dags/example_external_task_marker_dag.py
[2025-09-02T16:30:11.213+0000] {processor.py:826} INFO - Processing file /home/airflow/.local/lib/python3.7/site-packages/airflow/example_dags/example_external_task_marker_dag.py for tasks to queue
[2025-09-02T16:30:11.216+0000] {logging_mixin.py:150} INFO - [2025-09-02T16:30:11.213+0000] {dagbag.py:541} INFO - Filling up the DagBag from /home/airflow/.local/lib/python3.7/site-packages/airflow/example_dags/example_external_task_marker_dag.py
[2025-09-02T16:30:11.233+0000] {processor.py:836} INFO - DAG(s) dict_keys(['example_external_task_marker_parent', 'example_external_task_marker_child']) retrieved from /home/airflow/.local/lib/python3.7/site-packages/airflow/example_dags/example_external_task_marker_dag.py
[2025-09-02T16:30:11.598+0000] {logging_mixin.py:150} INFO - [2025-09-02T16:30:11.598+0000] {dag.py:2742} INFO - Sync 2 DAGs
[2025-09-02T16:30:11.633+0000] {logging_mixin.py:150} INFO - [2025-09-02T16:30:11.633+0000] {dag.py:3508} INFO - Setting next_dagrun for example_external_task_marker_child to None, run_after=None
[2025-09-02T16:30:11.640+0000] {logging_mixin.py:150} INFO - [2025-09-02T16:30:11.640+0000] {dag.py:3508} INFO - Setting next_dagrun for example_external_task_marker_parent to None, run_after=None
[2025-09-02T16:30:11.670+0000] {processor.py:179} INFO - Processing /home/airflow/.local/lib/python3.7/site-packages/airflow/example_dags/example_external_task_marker_dag.py took 0.471 seconds
