[2025-09-02T16:13:07.957+0000] {processor.py:157} INFO - Started process (PID=94) to work on /home/airflow/.local/lib/python3.7/site-packages/airflow/example_dags/example_complex.py
[2025-09-02T16:13:07.958+0000] {processor.py:826} INFO - Processing file /home/airflow/.local/lib/python3.7/site-packages/airflow/example_dags/example_complex.py for tasks to queue
[2025-09-02T16:13:07.959+0000] {logging_mixin.py:150} INFO - [2025-09-02T16:13:07.958+0000] {dagbag.py:541} INFO - Filling up the DagBag from /home/airflow/.local/lib/python3.7/site-packages/airflow/example_dags/example_complex.py
[2025-09-02T16:13:07.970+0000] {processor.py:836} INFO - DAG(s) dict_keys(['example_complex']) retrieved from /home/airflow/.local/lib/python3.7/site-packages/airflow/example_dags/example_complex.py
[2025-09-02T16:13:08.074+0000] {logging_mixin.py:150} INFO - [2025-09-02T16:13:08.074+0000] {manager.py:504} INFO - Created Permission View: can read on DAG:example_complex
[2025-09-02T16:13:08.085+0000] {logging_mixin.py:150} INFO - [2025-09-02T16:13:08.084+0000] {manager.py:504} INFO - Created Permission View: can edit on DAG:example_complex
[2025-09-02T16:13:08.093+0000] {logging_mixin.py:150} INFO - [2025-09-02T16:13:08.092+0000] {manager.py:504} INFO - Created Permission View: can delete on DAG:example_complex
[2025-09-02T16:13:08.110+0000] {logging_mixin.py:150} INFO - [2025-09-02T16:13:08.110+0000] {dag.py:2742} INFO - Sync 1 DAGs
[2025-09-02T16:13:08.121+0000] {logging_mixin.py:150} INFO - [2025-09-02T16:13:08.121+0000] {dag.py:2763} INFO - Creating ORM DAG for example_complex
[2025-09-02T16:13:08.133+0000] {logging_mixin.py:150} INFO - [2025-09-02T16:13:08.133+0000] {dag.py:3508} INFO - Setting next_dagrun for example_complex to None, run_after=None
[2025-09-02T16:13:08.153+0000] {processor.py:179} INFO - Processing /home/airflow/.local/lib/python3.7/site-packages/airflow/example_dags/example_complex.py took 0.199 seconds
[2025-09-02T16:13:38.463+0000] {processor.py:157} INFO - Started process (PID=155) to work on /home/airflow/.local/lib/python3.7/site-packages/airflow/example_dags/example_complex.py
[2025-09-02T16:13:38.464+0000] {processor.py:826} INFO - Processing file /home/airflow/.local/lib/python3.7/site-packages/airflow/example_dags/example_complex.py for tasks to queue
[2025-09-02T16:13:38.465+0000] {logging_mixin.py:150} INFO - [2025-09-02T16:13:38.465+0000] {dagbag.py:541} INFO - Filling up the DagBag from /home/airflow/.local/lib/python3.7/site-packages/airflow/example_dags/example_complex.py
[2025-09-02T16:13:38.480+0000] {processor.py:836} INFO - DAG(s) dict_keys(['example_complex']) retrieved from /home/airflow/.local/lib/python3.7/site-packages/airflow/example_dags/example_complex.py
[2025-09-02T16:13:38.531+0000] {logging_mixin.py:150} INFO - [2025-09-02T16:13:38.530+0000] {dag.py:2742} INFO - Sync 1 DAGs
[2025-09-02T16:13:38.567+0000] {logging_mixin.py:150} INFO - [2025-09-02T16:13:38.566+0000] {dag.py:3508} INFO - Setting next_dagrun for example_complex to None, run_after=None
[2025-09-02T16:13:38.598+0000] {processor.py:179} INFO - Processing /home/airflow/.local/lib/python3.7/site-packages/airflow/example_dags/example_complex.py took 0.140 seconds
[2025-09-02T16:14:09.282+0000] {processor.py:157} INFO - Started process (PID=215) to work on /home/airflow/.local/lib/python3.7/site-packages/airflow/example_dags/example_complex.py
[2025-09-02T16:14:09.283+0000] {processor.py:826} INFO - Processing file /home/airflow/.local/lib/python3.7/site-packages/airflow/example_dags/example_complex.py for tasks to queue
[2025-09-02T16:14:09.285+0000] {logging_mixin.py:150} INFO - [2025-09-02T16:14:09.284+0000] {dagbag.py:541} INFO - Filling up the DagBag from /home/airflow/.local/lib/python3.7/site-packages/airflow/example_dags/example_complex.py
[2025-09-02T16:14:09.301+0000] {processor.py:836} INFO - DAG(s) dict_keys(['example_complex']) retrieved from /home/airflow/.local/lib/python3.7/site-packages/airflow/example_dags/example_complex.py
[2025-09-02T16:14:09.343+0000] {logging_mixin.py:150} INFO - [2025-09-02T16:14:09.342+0000] {dag.py:2742} INFO - Sync 1 DAGs
[2025-09-02T16:14:09.377+0000] {logging_mixin.py:150} INFO - [2025-09-02T16:14:09.377+0000] {dag.py:3508} INFO - Setting next_dagrun for example_complex to None, run_after=None
[2025-09-02T16:14:09.403+0000] {processor.py:179} INFO - Processing /home/airflow/.local/lib/python3.7/site-packages/airflow/example_dags/example_complex.py took 0.126 seconds
[2025-09-02T16:14:39.984+0000] {processor.py:157} INFO - Started process (PID=275) to work on /home/airflow/.local/lib/python3.7/site-packages/airflow/example_dags/example_complex.py
[2025-09-02T16:14:39.985+0000] {processor.py:826} INFO - Processing file /home/airflow/.local/lib/python3.7/site-packages/airflow/example_dags/example_complex.py for tasks to queue
[2025-09-02T16:14:39.986+0000] {logging_mixin.py:150} INFO - [2025-09-02T16:14:39.986+0000] {dagbag.py:541} INFO - Filling up the DagBag from /home/airflow/.local/lib/python3.7/site-packages/airflow/example_dags/example_complex.py
[2025-09-02T16:14:40.003+0000] {processor.py:836} INFO - DAG(s) dict_keys(['example_complex']) retrieved from /home/airflow/.local/lib/python3.7/site-packages/airflow/example_dags/example_complex.py
[2025-09-02T16:14:40.044+0000] {logging_mixin.py:150} INFO - [2025-09-02T16:14:40.044+0000] {dag.py:2742} INFO - Sync 1 DAGs
[2025-09-02T16:14:40.078+0000] {logging_mixin.py:150} INFO - [2025-09-02T16:14:40.078+0000] {dag.py:3508} INFO - Setting next_dagrun for example_complex to None, run_after=None
[2025-09-02T16:14:40.108+0000] {processor.py:179} INFO - Processing /home/airflow/.local/lib/python3.7/site-packages/airflow/example_dags/example_complex.py took 0.127 seconds
[2025-09-02T16:15:11.797+0000] {processor.py:157} INFO - Started process (PID=335) to work on /home/airflow/.local/lib/python3.7/site-packages/airflow/example_dags/example_complex.py
[2025-09-02T16:15:11.798+0000] {processor.py:826} INFO - Processing file /home/airflow/.local/lib/python3.7/site-packages/airflow/example_dags/example_complex.py for tasks to queue
[2025-09-02T16:15:11.799+0000] {logging_mixin.py:150} INFO - [2025-09-02T16:15:11.799+0000] {dagbag.py:541} INFO - Filling up the DagBag from /home/airflow/.local/lib/python3.7/site-packages/airflow/example_dags/example_complex.py
[2025-09-02T16:15:11.813+0000] {processor.py:836} INFO - DAG(s) dict_keys(['example_complex']) retrieved from /home/airflow/.local/lib/python3.7/site-packages/airflow/example_dags/example_complex.py
[2025-09-02T16:15:11.860+0000] {logging_mixin.py:150} INFO - [2025-09-02T16:15:11.860+0000] {dag.py:2742} INFO - Sync 1 DAGs
[2025-09-02T16:15:11.893+0000] {logging_mixin.py:150} INFO - [2025-09-02T16:15:11.893+0000] {dag.py:3508} INFO - Setting next_dagrun for example_complex to None, run_after=None
[2025-09-02T16:15:11.931+0000] {processor.py:179} INFO - Processing /home/airflow/.local/lib/python3.7/site-packages/airflow/example_dags/example_complex.py took 0.139 seconds
[2025-09-02T16:15:42.965+0000] {processor.py:157} INFO - Started process (PID=395) to work on /home/airflow/.local/lib/python3.7/site-packages/airflow/example_dags/example_complex.py
[2025-09-02T16:15:42.967+0000] {processor.py:826} INFO - Processing file /home/airflow/.local/lib/python3.7/site-packages/airflow/example_dags/example_complex.py for tasks to queue
[2025-09-02T16:15:42.968+0000] {logging_mixin.py:150} INFO - [2025-09-02T16:15:42.968+0000] {dagbag.py:541} INFO - Filling up the DagBag from /home/airflow/.local/lib/python3.7/site-packages/airflow/example_dags/example_complex.py
[2025-09-02T16:15:42.988+0000] {processor.py:836} INFO - DAG(s) dict_keys(['example_complex']) retrieved from /home/airflow/.local/lib/python3.7/site-packages/airflow/example_dags/example_complex.py
[2025-09-02T16:15:43.046+0000] {logging_mixin.py:150} INFO - [2025-09-02T16:15:43.045+0000] {dag.py:2742} INFO - Sync 1 DAGs
[2025-09-02T16:15:43.090+0000] {logging_mixin.py:150} INFO - [2025-09-02T16:15:43.090+0000] {dag.py:3508} INFO - Setting next_dagrun for example_complex to None, run_after=None
[2025-09-02T16:15:43.131+0000] {processor.py:179} INFO - Processing /home/airflow/.local/lib/python3.7/site-packages/airflow/example_dags/example_complex.py took 0.171 seconds
[2025-09-02T16:16:13.949+0000] {processor.py:157} INFO - Started process (PID=455) to work on /home/airflow/.local/lib/python3.7/site-packages/airflow/example_dags/example_complex.py
[2025-09-02T16:16:13.949+0000] {processor.py:826} INFO - Processing file /home/airflow/.local/lib/python3.7/site-packages/airflow/example_dags/example_complex.py for tasks to queue
[2025-09-02T16:16:13.950+0000] {logging_mixin.py:150} INFO - [2025-09-02T16:16:13.950+0000] {dagbag.py:541} INFO - Filling up the DagBag from /home/airflow/.local/lib/python3.7/site-packages/airflow/example_dags/example_complex.py
[2025-09-02T16:16:13.966+0000] {processor.py:836} INFO - DAG(s) dict_keys(['example_complex']) retrieved from /home/airflow/.local/lib/python3.7/site-packages/airflow/example_dags/example_complex.py
[2025-09-02T16:16:14.009+0000] {logging_mixin.py:150} INFO - [2025-09-02T16:16:14.008+0000] {dag.py:2742} INFO - Sync 1 DAGs
[2025-09-02T16:16:14.044+0000] {logging_mixin.py:150} INFO - [2025-09-02T16:16:14.044+0000] {dag.py:3508} INFO - Setting next_dagrun for example_complex to None, run_after=None
[2025-09-02T16:16:14.077+0000] {processor.py:179} INFO - Processing /home/airflow/.local/lib/python3.7/site-packages/airflow/example_dags/example_complex.py took 0.133 seconds
[2025-09-02T16:16:45.104+0000] {processor.py:157} INFO - Started process (PID=515) to work on /home/airflow/.local/lib/python3.7/site-packages/airflow/example_dags/example_complex.py
[2025-09-02T16:16:45.105+0000] {processor.py:826} INFO - Processing file /home/airflow/.local/lib/python3.7/site-packages/airflow/example_dags/example_complex.py for tasks to queue
[2025-09-02T16:16:45.105+0000] {logging_mixin.py:150} INFO - [2025-09-02T16:16:45.105+0000] {dagbag.py:541} INFO - Filling up the DagBag from /home/airflow/.local/lib/python3.7/site-packages/airflow/example_dags/example_complex.py
[2025-09-02T16:16:45.122+0000] {processor.py:836} INFO - DAG(s) dict_keys(['example_complex']) retrieved from /home/airflow/.local/lib/python3.7/site-packages/airflow/example_dags/example_complex.py
[2025-09-02T16:16:45.163+0000] {logging_mixin.py:150} INFO - [2025-09-02T16:16:45.163+0000] {dag.py:2742} INFO - Sync 1 DAGs
[2025-09-02T16:16:45.198+0000] {logging_mixin.py:150} INFO - [2025-09-02T16:16:45.198+0000] {dag.py:3508} INFO - Setting next_dagrun for example_complex to None, run_after=None
[2025-09-02T16:16:45.240+0000] {processor.py:179} INFO - Processing /home/airflow/.local/lib/python3.7/site-packages/airflow/example_dags/example_complex.py took 0.141 seconds
[2025-09-02T16:17:24.278+0000] {processor.py:157} INFO - Started process (PID=575) to work on /home/airflow/.local/lib/python3.7/site-packages/airflow/example_dags/example_complex.py
[2025-09-02T16:17:24.284+0000] {processor.py:826} INFO - Processing file /home/airflow/.local/lib/python3.7/site-packages/airflow/example_dags/example_complex.py for tasks to queue
[2025-09-02T16:17:24.287+0000] {logging_mixin.py:150} INFO - [2025-09-02T16:17:24.286+0000] {dagbag.py:541} INFO - Filling up the DagBag from /home/airflow/.local/lib/python3.7/site-packages/airflow/example_dags/example_complex.py
[2025-09-02T16:17:24.314+0000] {processor.py:836} INFO - DAG(s) dict_keys(['example_complex']) retrieved from /home/airflow/.local/lib/python3.7/site-packages/airflow/example_dags/example_complex.py
[2025-09-02T16:17:24.402+0000] {logging_mixin.py:150} INFO - [2025-09-02T16:17:24.401+0000] {dag.py:2742} INFO - Sync 1 DAGs
[2025-09-02T16:17:24.446+0000] {logging_mixin.py:150} INFO - [2025-09-02T16:17:24.446+0000] {dag.py:3508} INFO - Setting next_dagrun for example_complex to None, run_after=None
[2025-09-02T16:17:24.492+0000] {processor.py:179} INFO - Processing /home/airflow/.local/lib/python3.7/site-packages/airflow/example_dags/example_complex.py took 0.232 seconds
[2025-09-02T16:17:54.554+0000] {processor.py:157} INFO - Started process (PID=635) to work on /home/airflow/.local/lib/python3.7/site-packages/airflow/example_dags/example_complex.py
[2025-09-02T16:17:54.555+0000] {processor.py:826} INFO - Processing file /home/airflow/.local/lib/python3.7/site-packages/airflow/example_dags/example_complex.py for tasks to queue
[2025-09-02T16:17:54.556+0000] {logging_mixin.py:150} INFO - [2025-09-02T16:17:54.556+0000] {dagbag.py:541} INFO - Filling up the DagBag from /home/airflow/.local/lib/python3.7/site-packages/airflow/example_dags/example_complex.py
[2025-09-02T16:17:54.568+0000] {processor.py:836} INFO - DAG(s) dict_keys(['example_complex']) retrieved from /home/airflow/.local/lib/python3.7/site-packages/airflow/example_dags/example_complex.py
[2025-09-02T16:17:54.597+0000] {logging_mixin.py:150} INFO - [2025-09-02T16:17:54.597+0000] {dag.py:2742} INFO - Sync 1 DAGs
[2025-09-02T16:17:54.624+0000] {logging_mixin.py:150} INFO - [2025-09-02T16:17:54.624+0000] {dag.py:3508} INFO - Setting next_dagrun for example_complex to None, run_after=None
[2025-09-02T16:17:54.644+0000] {processor.py:179} INFO - Processing /home/airflow/.local/lib/python3.7/site-packages/airflow/example_dags/example_complex.py took 0.096 seconds
[2025-09-02T16:18:25.616+0000] {processor.py:157} INFO - Started process (PID=695) to work on /home/airflow/.local/lib/python3.7/site-packages/airflow/example_dags/example_complex.py
[2025-09-02T16:18:25.616+0000] {processor.py:826} INFO - Processing file /home/airflow/.local/lib/python3.7/site-packages/airflow/example_dags/example_complex.py for tasks to queue
[2025-09-02T16:18:25.617+0000] {logging_mixin.py:150} INFO - [2025-09-02T16:18:25.617+0000] {dagbag.py:541} INFO - Filling up the DagBag from /home/airflow/.local/lib/python3.7/site-packages/airflow/example_dags/example_complex.py
[2025-09-02T16:18:25.633+0000] {processor.py:836} INFO - DAG(s) dict_keys(['example_complex']) retrieved from /home/airflow/.local/lib/python3.7/site-packages/airflow/example_dags/example_complex.py
[2025-09-02T16:18:25.673+0000] {logging_mixin.py:150} INFO - [2025-09-02T16:18:25.673+0000] {dag.py:2742} INFO - Sync 1 DAGs
[2025-09-02T16:18:25.708+0000] {logging_mixin.py:150} INFO - [2025-09-02T16:18:25.708+0000] {dag.py:3508} INFO - Setting next_dagrun for example_complex to None, run_after=None
[2025-09-02T16:18:25.734+0000] {processor.py:179} INFO - Processing /home/airflow/.local/lib/python3.7/site-packages/airflow/example_dags/example_complex.py took 0.122 seconds
[2025-09-02T16:18:56.171+0000] {processor.py:157} INFO - Started process (PID=755) to work on /home/airflow/.local/lib/python3.7/site-packages/airflow/example_dags/example_complex.py
[2025-09-02T16:18:56.172+0000] {processor.py:826} INFO - Processing file /home/airflow/.local/lib/python3.7/site-packages/airflow/example_dags/example_complex.py for tasks to queue
[2025-09-02T16:18:56.173+0000] {logging_mixin.py:150} INFO - [2025-09-02T16:18:56.172+0000] {dagbag.py:541} INFO - Filling up the DagBag from /home/airflow/.local/lib/python3.7/site-packages/airflow/example_dags/example_complex.py
[2025-09-02T16:18:56.185+0000] {processor.py:836} INFO - DAG(s) dict_keys(['example_complex']) retrieved from /home/airflow/.local/lib/python3.7/site-packages/airflow/example_dags/example_complex.py
[2025-09-02T16:18:56.217+0000] {logging_mixin.py:150} INFO - [2025-09-02T16:18:56.216+0000] {dag.py:2742} INFO - Sync 1 DAGs
[2025-09-02T16:18:56.240+0000] {logging_mixin.py:150} INFO - [2025-09-02T16:18:56.240+0000] {dag.py:3508} INFO - Setting next_dagrun for example_complex to None, run_after=None
[2025-09-02T16:18:56.259+0000] {processor.py:179} INFO - Processing /home/airflow/.local/lib/python3.7/site-packages/airflow/example_dags/example_complex.py took 0.091 seconds
[2025-09-02T16:19:28.095+0000] {processor.py:157} INFO - Started process (PID=815) to work on /home/airflow/.local/lib/python3.7/site-packages/airflow/example_dags/example_complex.py
[2025-09-02T16:19:28.096+0000] {processor.py:826} INFO - Processing file /home/airflow/.local/lib/python3.7/site-packages/airflow/example_dags/example_complex.py for tasks to queue
[2025-09-02T16:19:28.097+0000] {logging_mixin.py:150} INFO - [2025-09-02T16:19:28.097+0000] {dagbag.py:541} INFO - Filling up the DagBag from /home/airflow/.local/lib/python3.7/site-packages/airflow/example_dags/example_complex.py
[2025-09-02T16:19:28.114+0000] {processor.py:836} INFO - DAG(s) dict_keys(['example_complex']) retrieved from /home/airflow/.local/lib/python3.7/site-packages/airflow/example_dags/example_complex.py
[2025-09-02T16:19:28.158+0000] {logging_mixin.py:150} INFO - [2025-09-02T16:19:28.158+0000] {dag.py:2742} INFO - Sync 1 DAGs
[2025-09-02T16:19:28.193+0000] {logging_mixin.py:150} INFO - [2025-09-02T16:19:28.192+0000] {dag.py:3508} INFO - Setting next_dagrun for example_complex to None, run_after=None
[2025-09-02T16:19:28.219+0000] {processor.py:179} INFO - Processing /home/airflow/.local/lib/python3.7/site-packages/airflow/example_dags/example_complex.py took 0.129 seconds
[2025-09-02T16:19:59.806+0000] {processor.py:157} INFO - Started process (PID=875) to work on /home/airflow/.local/lib/python3.7/site-packages/airflow/example_dags/example_complex.py
[2025-09-02T16:19:59.807+0000] {processor.py:826} INFO - Processing file /home/airflow/.local/lib/python3.7/site-packages/airflow/example_dags/example_complex.py for tasks to queue
[2025-09-02T16:19:59.808+0000] {logging_mixin.py:150} INFO - [2025-09-02T16:19:59.807+0000] {dagbag.py:541} INFO - Filling up the DagBag from /home/airflow/.local/lib/python3.7/site-packages/airflow/example_dags/example_complex.py
[2025-09-02T16:19:59.827+0000] {processor.py:836} INFO - DAG(s) dict_keys(['example_complex']) retrieved from /home/airflow/.local/lib/python3.7/site-packages/airflow/example_dags/example_complex.py
[2025-09-02T16:19:59.879+0000] {logging_mixin.py:150} INFO - [2025-09-02T16:19:59.878+0000] {dag.py:2742} INFO - Sync 1 DAGs
[2025-09-02T16:19:59.918+0000] {logging_mixin.py:150} INFO - [2025-09-02T16:19:59.918+0000] {dag.py:3508} INFO - Setting next_dagrun for example_complex to None, run_after=None
[2025-09-02T16:19:59.950+0000] {processor.py:179} INFO - Processing /home/airflow/.local/lib/python3.7/site-packages/airflow/example_dags/example_complex.py took 0.149 seconds
[2025-09-02T16:20:30.734+0000] {processor.py:157} INFO - Started process (PID=935) to work on /home/airflow/.local/lib/python3.7/site-packages/airflow/example_dags/example_complex.py
[2025-09-02T16:20:30.735+0000] {processor.py:826} INFO - Processing file /home/airflow/.local/lib/python3.7/site-packages/airflow/example_dags/example_complex.py for tasks to queue
[2025-09-02T16:20:30.737+0000] {logging_mixin.py:150} INFO - [2025-09-02T16:20:30.736+0000] {dagbag.py:541} INFO - Filling up the DagBag from /home/airflow/.local/lib/python3.7/site-packages/airflow/example_dags/example_complex.py
[2025-09-02T16:20:30.753+0000] {processor.py:836} INFO - DAG(s) dict_keys(['example_complex']) retrieved from /home/airflow/.local/lib/python3.7/site-packages/airflow/example_dags/example_complex.py
[2025-09-02T16:20:30.799+0000] {logging_mixin.py:150} INFO - [2025-09-02T16:20:30.799+0000] {dag.py:2742} INFO - Sync 1 DAGs
[2025-09-02T16:20:30.833+0000] {logging_mixin.py:150} INFO - [2025-09-02T16:20:30.833+0000] {dag.py:3508} INFO - Setting next_dagrun for example_complex to None, run_after=None
[2025-09-02T16:20:30.860+0000] {processor.py:179} INFO - Processing /home/airflow/.local/lib/python3.7/site-packages/airflow/example_dags/example_complex.py took 0.130 seconds
[2025-09-02T16:21:02.078+0000] {processor.py:157} INFO - Started process (PID=995) to work on /home/airflow/.local/lib/python3.7/site-packages/airflow/example_dags/example_complex.py
[2025-09-02T16:21:02.079+0000] {processor.py:826} INFO - Processing file /home/airflow/.local/lib/python3.7/site-packages/airflow/example_dags/example_complex.py for tasks to queue
[2025-09-02T16:21:02.080+0000] {logging_mixin.py:150} INFO - [2025-09-02T16:21:02.079+0000] {dagbag.py:541} INFO - Filling up the DagBag from /home/airflow/.local/lib/python3.7/site-packages/airflow/example_dags/example_complex.py
[2025-09-02T16:21:02.095+0000] {processor.py:836} INFO - DAG(s) dict_keys(['example_complex']) retrieved from /home/airflow/.local/lib/python3.7/site-packages/airflow/example_dags/example_complex.py
[2025-09-02T16:21:02.143+0000] {logging_mixin.py:150} INFO - [2025-09-02T16:21:02.143+0000] {dag.py:2742} INFO - Sync 1 DAGs
[2025-09-02T16:21:02.179+0000] {logging_mixin.py:150} INFO - [2025-09-02T16:21:02.178+0000] {dag.py:3508} INFO - Setting next_dagrun for example_complex to None, run_after=None
[2025-09-02T16:21:02.206+0000] {processor.py:179} INFO - Processing /home/airflow/.local/lib/python3.7/site-packages/airflow/example_dags/example_complex.py took 0.132 seconds
[2025-09-02T16:21:33.109+0000] {processor.py:157} INFO - Started process (PID=1055) to work on /home/airflow/.local/lib/python3.7/site-packages/airflow/example_dags/example_complex.py
[2025-09-02T16:21:33.111+0000] {processor.py:826} INFO - Processing file /home/airflow/.local/lib/python3.7/site-packages/airflow/example_dags/example_complex.py for tasks to queue
[2025-09-02T16:21:33.112+0000] {logging_mixin.py:150} INFO - [2025-09-02T16:21:33.112+0000] {dagbag.py:541} INFO - Filling up the DagBag from /home/airflow/.local/lib/python3.7/site-packages/airflow/example_dags/example_complex.py
[2025-09-02T16:21:33.130+0000] {processor.py:836} INFO - DAG(s) dict_keys(['example_complex']) retrieved from /home/airflow/.local/lib/python3.7/site-packages/airflow/example_dags/example_complex.py
[2025-09-02T16:21:33.174+0000] {logging_mixin.py:150} INFO - [2025-09-02T16:21:33.174+0000] {dag.py:2742} INFO - Sync 1 DAGs
[2025-09-02T16:21:33.208+0000] {logging_mixin.py:150} INFO - [2025-09-02T16:21:33.208+0000] {dag.py:3508} INFO - Setting next_dagrun for example_complex to None, run_after=None
[2025-09-02T16:21:33.235+0000] {processor.py:179} INFO - Processing /home/airflow/.local/lib/python3.7/site-packages/airflow/example_dags/example_complex.py took 0.131 seconds
[2025-09-02T16:22:04.808+0000] {processor.py:157} INFO - Started process (PID=1115) to work on /home/airflow/.local/lib/python3.7/site-packages/airflow/example_dags/example_complex.py
[2025-09-02T16:22:04.809+0000] {processor.py:826} INFO - Processing file /home/airflow/.local/lib/python3.7/site-packages/airflow/example_dags/example_complex.py for tasks to queue
[2025-09-02T16:22:04.810+0000] {logging_mixin.py:150} INFO - [2025-09-02T16:22:04.809+0000] {dagbag.py:541} INFO - Filling up the DagBag from /home/airflow/.local/lib/python3.7/site-packages/airflow/example_dags/example_complex.py
[2025-09-02T16:22:04.825+0000] {processor.py:836} INFO - DAG(s) dict_keys(['example_complex']) retrieved from /home/airflow/.local/lib/python3.7/site-packages/airflow/example_dags/example_complex.py
[2025-09-02T16:22:04.869+0000] {logging_mixin.py:150} INFO - [2025-09-02T16:22:04.869+0000] {dag.py:2742} INFO - Sync 1 DAGs
[2025-09-02T16:22:04.906+0000] {logging_mixin.py:150} INFO - [2025-09-02T16:22:04.906+0000] {dag.py:3508} INFO - Setting next_dagrun for example_complex to None, run_after=None
[2025-09-02T16:22:04.933+0000] {processor.py:179} INFO - Processing /home/airflow/.local/lib/python3.7/site-packages/airflow/example_dags/example_complex.py took 0.129 seconds
[2025-09-02T16:22:36.048+0000] {processor.py:157} INFO - Started process (PID=1175) to work on /home/airflow/.local/lib/python3.7/site-packages/airflow/example_dags/example_complex.py
[2025-09-02T16:22:36.050+0000] {processor.py:826} INFO - Processing file /home/airflow/.local/lib/python3.7/site-packages/airflow/example_dags/example_complex.py for tasks to queue
[2025-09-02T16:22:36.052+0000] {logging_mixin.py:150} INFO - [2025-09-02T16:22:36.051+0000] {dagbag.py:541} INFO - Filling up the DagBag from /home/airflow/.local/lib/python3.7/site-packages/airflow/example_dags/example_complex.py
[2025-09-02T16:22:36.072+0000] {processor.py:836} INFO - DAG(s) dict_keys(['example_complex']) retrieved from /home/airflow/.local/lib/python3.7/site-packages/airflow/example_dags/example_complex.py
[2025-09-02T16:22:36.124+0000] {logging_mixin.py:150} INFO - [2025-09-02T16:22:36.124+0000] {dag.py:2742} INFO - Sync 1 DAGs
[2025-09-02T16:22:36.168+0000] {logging_mixin.py:150} INFO - [2025-09-02T16:22:36.167+0000] {dag.py:3508} INFO - Setting next_dagrun for example_complex to None, run_after=None
[2025-09-02T16:22:36.213+0000] {processor.py:179} INFO - Processing /home/airflow/.local/lib/python3.7/site-packages/airflow/example_dags/example_complex.py took 0.177 seconds
[2025-09-02T16:23:07.544+0000] {processor.py:157} INFO - Started process (PID=1242) to work on /home/airflow/.local/lib/python3.7/site-packages/airflow/example_dags/example_complex.py
[2025-09-02T16:23:07.546+0000] {processor.py:826} INFO - Processing file /home/airflow/.local/lib/python3.7/site-packages/airflow/example_dags/example_complex.py for tasks to queue
[2025-09-02T16:23:07.547+0000] {logging_mixin.py:150} INFO - [2025-09-02T16:23:07.546+0000] {dagbag.py:541} INFO - Filling up the DagBag from /home/airflow/.local/lib/python3.7/site-packages/airflow/example_dags/example_complex.py
[2025-09-02T16:23:07.563+0000] {processor.py:836} INFO - DAG(s) dict_keys(['example_complex']) retrieved from /home/airflow/.local/lib/python3.7/site-packages/airflow/example_dags/example_complex.py
[2025-09-02T16:23:07.608+0000] {logging_mixin.py:150} INFO - [2025-09-02T16:23:07.607+0000] {dag.py:2742} INFO - Sync 1 DAGs
[2025-09-02T16:23:07.643+0000] {logging_mixin.py:150} INFO - [2025-09-02T16:23:07.642+0000] {dag.py:3508} INFO - Setting next_dagrun for example_complex to None, run_after=None
[2025-09-02T16:23:07.674+0000] {processor.py:179} INFO - Processing /home/airflow/.local/lib/python3.7/site-packages/airflow/example_dags/example_complex.py took 0.135 seconds
[2025-09-02T16:23:38.260+0000] {processor.py:157} INFO - Started process (PID=1302) to work on /home/airflow/.local/lib/python3.7/site-packages/airflow/example_dags/example_complex.py
[2025-09-02T16:23:38.262+0000] {processor.py:826} INFO - Processing file /home/airflow/.local/lib/python3.7/site-packages/airflow/example_dags/example_complex.py for tasks to queue
[2025-09-02T16:23:38.263+0000] {logging_mixin.py:150} INFO - [2025-09-02T16:23:38.262+0000] {dagbag.py:541} INFO - Filling up the DagBag from /home/airflow/.local/lib/python3.7/site-packages/airflow/example_dags/example_complex.py
[2025-09-02T16:23:38.279+0000] {processor.py:836} INFO - DAG(s) dict_keys(['example_complex']) retrieved from /home/airflow/.local/lib/python3.7/site-packages/airflow/example_dags/example_complex.py
[2025-09-02T16:23:38.325+0000] {logging_mixin.py:150} INFO - [2025-09-02T16:23:38.325+0000] {dag.py:2742} INFO - Sync 1 DAGs
[2025-09-02T16:23:38.360+0000] {logging_mixin.py:150} INFO - [2025-09-02T16:23:38.359+0000] {dag.py:3508} INFO - Setting next_dagrun for example_complex to None, run_after=None
[2025-09-02T16:23:38.387+0000] {processor.py:179} INFO - Processing /home/airflow/.local/lib/python3.7/site-packages/airflow/example_dags/example_complex.py took 0.130 seconds
[2025-09-02T16:24:09.528+0000] {processor.py:157} INFO - Started process (PID=1362) to work on /home/airflow/.local/lib/python3.7/site-packages/airflow/example_dags/example_complex.py
[2025-09-02T16:24:09.529+0000] {processor.py:826} INFO - Processing file /home/airflow/.local/lib/python3.7/site-packages/airflow/example_dags/example_complex.py for tasks to queue
[2025-09-02T16:24:09.530+0000] {logging_mixin.py:150} INFO - [2025-09-02T16:24:09.529+0000] {dagbag.py:541} INFO - Filling up the DagBag from /home/airflow/.local/lib/python3.7/site-packages/airflow/example_dags/example_complex.py
[2025-09-02T16:24:09.546+0000] {processor.py:836} INFO - DAG(s) dict_keys(['example_complex']) retrieved from /home/airflow/.local/lib/python3.7/site-packages/airflow/example_dags/example_complex.py
[2025-09-02T16:24:09.588+0000] {logging_mixin.py:150} INFO - [2025-09-02T16:24:09.588+0000] {dag.py:2742} INFO - Sync 1 DAGs
[2025-09-02T16:24:09.626+0000] {logging_mixin.py:150} INFO - [2025-09-02T16:24:09.626+0000] {dag.py:3508} INFO - Setting next_dagrun for example_complex to None, run_after=None
[2025-09-02T16:24:09.672+0000] {processor.py:179} INFO - Processing /home/airflow/.local/lib/python3.7/site-packages/airflow/example_dags/example_complex.py took 0.148 seconds
[2025-09-02T16:26:42.154+0000] {processor.py:157} INFO - Started process (PID=108) to work on /home/airflow/.local/lib/python3.7/site-packages/airflow/example_dags/example_complex.py
[2025-09-02T16:26:42.161+0000] {processor.py:826} INFO - Processing file /home/airflow/.local/lib/python3.7/site-packages/airflow/example_dags/example_complex.py for tasks to queue
[2025-09-02T16:26:42.164+0000] {logging_mixin.py:150} INFO - [2025-09-02T16:26:42.163+0000] {dagbag.py:541} INFO - Filling up the DagBag from /home/airflow/.local/lib/python3.7/site-packages/airflow/example_dags/example_complex.py
[2025-09-02T16:26:42.197+0000] {processor.py:836} INFO - DAG(s) dict_keys(['example_complex']) retrieved from /home/airflow/.local/lib/python3.7/site-packages/airflow/example_dags/example_complex.py
[2025-09-02T16:26:42.477+0000] {logging_mixin.py:150} INFO - [2025-09-02T16:26:42.474+0000] {dag.py:2742} INFO - Sync 1 DAGs
[2025-09-02T16:26:42.605+0000] {logging_mixin.py:150} INFO - [2025-09-02T16:26:42.601+0000] {dag.py:3508} INFO - Setting next_dagrun for example_complex to None, run_after=None
[2025-09-02T16:26:42.708+0000] {processor.py:179} INFO - Processing /home/airflow/.local/lib/python3.7/site-packages/airflow/example_dags/example_complex.py took 0.607 seconds
[2025-09-02T16:27:13.336+0000] {processor.py:157} INFO - Started process (PID=168) to work on /home/airflow/.local/lib/python3.7/site-packages/airflow/example_dags/example_complex.py
[2025-09-02T16:27:13.338+0000] {processor.py:826} INFO - Processing file /home/airflow/.local/lib/python3.7/site-packages/airflow/example_dags/example_complex.py for tasks to queue
[2025-09-02T16:27:13.339+0000] {logging_mixin.py:150} INFO - [2025-09-02T16:27:13.338+0000] {dagbag.py:541} INFO - Filling up the DagBag from /home/airflow/.local/lib/python3.7/site-packages/airflow/example_dags/example_complex.py
[2025-09-02T16:27:13.360+0000] {processor.py:836} INFO - DAG(s) dict_keys(['example_complex']) retrieved from /home/airflow/.local/lib/python3.7/site-packages/airflow/example_dags/example_complex.py
[2025-09-02T16:27:13.414+0000] {logging_mixin.py:150} INFO - [2025-09-02T16:27:13.413+0000] {dag.py:2742} INFO - Sync 1 DAGs
[2025-09-02T16:27:13.449+0000] {logging_mixin.py:150} INFO - [2025-09-02T16:27:13.449+0000] {dag.py:3508} INFO - Setting next_dagrun for example_complex to None, run_after=None
[2025-09-02T16:27:13.478+0000] {processor.py:179} INFO - Processing /home/airflow/.local/lib/python3.7/site-packages/airflow/example_dags/example_complex.py took 0.147 seconds
[2025-09-02T16:27:43.690+0000] {processor.py:157} INFO - Started process (PID=228) to work on /home/airflow/.local/lib/python3.7/site-packages/airflow/example_dags/example_complex.py
[2025-09-02T16:27:43.692+0000] {processor.py:826} INFO - Processing file /home/airflow/.local/lib/python3.7/site-packages/airflow/example_dags/example_complex.py for tasks to queue
[2025-09-02T16:27:43.694+0000] {logging_mixin.py:150} INFO - [2025-09-02T16:27:43.693+0000] {dagbag.py:541} INFO - Filling up the DagBag from /home/airflow/.local/lib/python3.7/site-packages/airflow/example_dags/example_complex.py
[2025-09-02T16:27:43.714+0000] {processor.py:836} INFO - DAG(s) dict_keys(['example_complex']) retrieved from /home/airflow/.local/lib/python3.7/site-packages/airflow/example_dags/example_complex.py
[2025-09-02T16:27:43.762+0000] {logging_mixin.py:150} INFO - [2025-09-02T16:27:43.762+0000] {dag.py:2742} INFO - Sync 1 DAGs
[2025-09-02T16:27:43.799+0000] {logging_mixin.py:150} INFO - [2025-09-02T16:27:43.798+0000] {dag.py:3508} INFO - Setting next_dagrun for example_complex to None, run_after=None
[2025-09-02T16:27:43.831+0000] {processor.py:179} INFO - Processing /home/airflow/.local/lib/python3.7/site-packages/airflow/example_dags/example_complex.py took 0.148 seconds
[2025-09-02T16:28:13.956+0000] {processor.py:157} INFO - Started process (PID=287) to work on /home/airflow/.local/lib/python3.7/site-packages/airflow/example_dags/example_complex.py
[2025-09-02T16:28:13.958+0000] {processor.py:826} INFO - Processing file /home/airflow/.local/lib/python3.7/site-packages/airflow/example_dags/example_complex.py for tasks to queue
[2025-09-02T16:28:13.959+0000] {logging_mixin.py:150} INFO - [2025-09-02T16:28:13.959+0000] {dagbag.py:541} INFO - Filling up the DagBag from /home/airflow/.local/lib/python3.7/site-packages/airflow/example_dags/example_complex.py
[2025-09-02T16:28:13.978+0000] {processor.py:836} INFO - DAG(s) dict_keys(['example_complex']) retrieved from /home/airflow/.local/lib/python3.7/site-packages/airflow/example_dags/example_complex.py
[2025-09-02T16:28:14.026+0000] {logging_mixin.py:150} INFO - [2025-09-02T16:28:14.026+0000] {dag.py:2742} INFO - Sync 1 DAGs
[2025-09-02T16:28:14.069+0000] {logging_mixin.py:150} INFO - [2025-09-02T16:28:14.068+0000] {dag.py:3508} INFO - Setting next_dagrun for example_complex to None, run_after=None
[2025-09-02T16:28:14.102+0000] {processor.py:179} INFO - Processing /home/airflow/.local/lib/python3.7/site-packages/airflow/example_dags/example_complex.py took 0.153 seconds
[2025-09-02T16:28:44.523+0000] {processor.py:157} INFO - Started process (PID=347) to work on /home/airflow/.local/lib/python3.7/site-packages/airflow/example_dags/example_complex.py
[2025-09-02T16:28:44.525+0000] {processor.py:826} INFO - Processing file /home/airflow/.local/lib/python3.7/site-packages/airflow/example_dags/example_complex.py for tasks to queue
[2025-09-02T16:28:44.526+0000] {logging_mixin.py:150} INFO - [2025-09-02T16:28:44.525+0000] {dagbag.py:541} INFO - Filling up the DagBag from /home/airflow/.local/lib/python3.7/site-packages/airflow/example_dags/example_complex.py
[2025-09-02T16:28:44.542+0000] {processor.py:836} INFO - DAG(s) dict_keys(['example_complex']) retrieved from /home/airflow/.local/lib/python3.7/site-packages/airflow/example_dags/example_complex.py
[2025-09-02T16:28:44.585+0000] {logging_mixin.py:150} INFO - [2025-09-02T16:28:44.585+0000] {dag.py:2742} INFO - Sync 1 DAGs
[2025-09-02T16:28:44.621+0000] {logging_mixin.py:150} INFO - [2025-09-02T16:28:44.620+0000] {dag.py:3508} INFO - Setting next_dagrun for example_complex to None, run_after=None
[2025-09-02T16:28:44.656+0000] {processor.py:179} INFO - Processing /home/airflow/.local/lib/python3.7/site-packages/airflow/example_dags/example_complex.py took 0.139 seconds
[2025-09-02T16:29:14.732+0000] {processor.py:157} INFO - Started process (PID=406) to work on /home/airflow/.local/lib/python3.7/site-packages/airflow/example_dags/example_complex.py
[2025-09-02T16:29:14.733+0000] {processor.py:826} INFO - Processing file /home/airflow/.local/lib/python3.7/site-packages/airflow/example_dags/example_complex.py for tasks to queue
[2025-09-02T16:29:14.734+0000] {logging_mixin.py:150} INFO - [2025-09-02T16:29:14.734+0000] {dagbag.py:541} INFO - Filling up the DagBag from /home/airflow/.local/lib/python3.7/site-packages/airflow/example_dags/example_complex.py
[2025-09-02T16:29:14.753+0000] {processor.py:836} INFO - DAG(s) dict_keys(['example_complex']) retrieved from /home/airflow/.local/lib/python3.7/site-packages/airflow/example_dags/example_complex.py
[2025-09-02T16:29:14.798+0000] {logging_mixin.py:150} INFO - [2025-09-02T16:29:14.798+0000] {dag.py:2742} INFO - Sync 1 DAGs
[2025-09-02T16:29:14.835+0000] {logging_mixin.py:150} INFO - [2025-09-02T16:29:14.835+0000] {dag.py:3508} INFO - Setting next_dagrun for example_complex to None, run_after=None
[2025-09-02T16:29:14.872+0000] {processor.py:179} INFO - Processing /home/airflow/.local/lib/python3.7/site-packages/airflow/example_dags/example_complex.py took 0.146 seconds
[2025-09-02T16:29:45.583+0000] {processor.py:157} INFO - Started process (PID=466) to work on /home/airflow/.local/lib/python3.7/site-packages/airflow/example_dags/example_complex.py
[2025-09-02T16:29:45.584+0000] {processor.py:826} INFO - Processing file /home/airflow/.local/lib/python3.7/site-packages/airflow/example_dags/example_complex.py for tasks to queue
[2025-09-02T16:29:45.585+0000] {logging_mixin.py:150} INFO - [2025-09-02T16:29:45.585+0000] {dagbag.py:541} INFO - Filling up the DagBag from /home/airflow/.local/lib/python3.7/site-packages/airflow/example_dags/example_complex.py
[2025-09-02T16:29:45.603+0000] {processor.py:836} INFO - DAG(s) dict_keys(['example_complex']) retrieved from /home/airflow/.local/lib/python3.7/site-packages/airflow/example_dags/example_complex.py
[2025-09-02T16:29:45.643+0000] {logging_mixin.py:150} INFO - [2025-09-02T16:29:45.643+0000] {dag.py:2742} INFO - Sync 1 DAGs
[2025-09-02T16:29:45.675+0000] {logging_mixin.py:150} INFO - [2025-09-02T16:29:45.675+0000] {dag.py:3508} INFO - Setting next_dagrun for example_complex to None, run_after=None
[2025-09-02T16:29:45.707+0000] {processor.py:179} INFO - Processing /home/airflow/.local/lib/python3.7/site-packages/airflow/example_dags/example_complex.py took 0.128 seconds
[2025-09-02T16:30:15.887+0000] {processor.py:157} INFO - Started process (PID=527) to work on /home/airflow/.local/lib/python3.7/site-packages/airflow/example_dags/example_complex.py
[2025-09-02T16:30:15.888+0000] {processor.py:826} INFO - Processing file /home/airflow/.local/lib/python3.7/site-packages/airflow/example_dags/example_complex.py for tasks to queue
[2025-09-02T16:30:15.890+0000] {logging_mixin.py:150} INFO - [2025-09-02T16:30:15.889+0000] {dagbag.py:541} INFO - Filling up the DagBag from /home/airflow/.local/lib/python3.7/site-packages/airflow/example_dags/example_complex.py
[2025-09-02T16:30:15.906+0000] {processor.py:836} INFO - DAG(s) dict_keys(['example_complex']) retrieved from /home/airflow/.local/lib/python3.7/site-packages/airflow/example_dags/example_complex.py
[2025-09-02T16:30:15.949+0000] {logging_mixin.py:150} INFO - [2025-09-02T16:30:15.949+0000] {dag.py:2742} INFO - Sync 1 DAGs
[2025-09-02T16:30:15.980+0000] {logging_mixin.py:150} INFO - [2025-09-02T16:30:15.979+0000] {dag.py:3508} INFO - Setting next_dagrun for example_complex to None, run_after=None
[2025-09-02T16:30:16.007+0000] {processor.py:179} INFO - Processing /home/airflow/.local/lib/python3.7/site-packages/airflow/example_dags/example_complex.py took 0.127 seconds
