[2025-09-02T16:13:03.275+0000] {processor.py:157} INFO - Started process (PID=60) to work on /home/airflow/.local/lib/python3.7/site-packages/airflow/example_dags/example_task_group_decorator.py
[2025-09-02T16:13:03.276+0000] {processor.py:826} INFO - Processing file /home/airflow/.local/lib/python3.7/site-packages/airflow/example_dags/example_task_group_decorator.py for tasks to queue
[2025-09-02T16:13:03.277+0000] {logging_mixin.py:150} INFO - [2025-09-02T16:13:03.277+0000] {dagbag.py:541} INFO - Filling up the DagBag from /home/airflow/.local/lib/python3.7/site-packages/airflow/example_dags/example_task_group_decorator.py
[2025-09-02T16:13:03.290+0000] {processor.py:836} INFO - DAG(s) dict_keys(['example_task_group_decorator']) retrieved from /home/airflow/.local/lib/python3.7/site-packages/airflow/example_dags/example_task_group_decorator.py
[2025-09-02T16:13:03.389+0000] {logging_mixin.py:150} INFO - [2025-09-02T16:13:03.388+0000] {manager.py:504} INFO - Created Permission View: can read on DAG:example_task_group_decorator
[2025-09-02T16:13:03.400+0000] {logging_mixin.py:150} INFO - [2025-09-02T16:13:03.400+0000] {manager.py:504} INFO - Created Permission View: can edit on DAG:example_task_group_decorator
[2025-09-02T16:13:03.408+0000] {logging_mixin.py:150} INFO - [2025-09-02T16:13:03.408+0000] {manager.py:504} INFO - Created Permission View: can delete on DAG:example_task_group_decorator
[2025-09-02T16:13:03.425+0000] {logging_mixin.py:150} INFO - [2025-09-02T16:13:03.425+0000] {dag.py:2742} INFO - Sync 1 DAGs
[2025-09-02T16:13:03.439+0000] {logging_mixin.py:150} INFO - [2025-09-02T16:13:03.438+0000] {dag.py:2763} INFO - Creating ORM DAG for example_task_group_decorator
[2025-09-02T16:13:03.450+0000] {logging_mixin.py:150} INFO - [2025-09-02T16:13:03.450+0000] {dag.py:3508} INFO - Setting next_dagrun for example_task_group_decorator to 2025-09-01T16:13:03.449978+00:00, run_after=2025-09-02T16:13:03.449978+00:00
[2025-09-02T16:13:03.470+0000] {processor.py:179} INFO - Processing /home/airflow/.local/lib/python3.7/site-packages/airflow/example_dags/example_task_group_decorator.py took 0.197 seconds
[2025-09-02T16:13:33.927+0000] {processor.py:157} INFO - Started process (PID=120) to work on /home/airflow/.local/lib/python3.7/site-packages/airflow/example_dags/example_task_group_decorator.py
[2025-09-02T16:13:33.928+0000] {processor.py:826} INFO - Processing file /home/airflow/.local/lib/python3.7/site-packages/airflow/example_dags/example_task_group_decorator.py for tasks to queue
[2025-09-02T16:13:33.930+0000] {logging_mixin.py:150} INFO - [2025-09-02T16:13:33.929+0000] {dagbag.py:541} INFO - Filling up the DagBag from /home/airflow/.local/lib/python3.7/site-packages/airflow/example_dags/example_task_group_decorator.py
[2025-09-02T16:13:33.951+0000] {processor.py:836} INFO - DAG(s) dict_keys(['example_task_group_decorator']) retrieved from /home/airflow/.local/lib/python3.7/site-packages/airflow/example_dags/example_task_group_decorator.py
[2025-09-02T16:13:33.994+0000] {logging_mixin.py:150} INFO - [2025-09-02T16:13:33.994+0000] {dag.py:2742} INFO - Sync 1 DAGs
[2025-09-02T16:13:34.030+0000] {logging_mixin.py:150} INFO - [2025-09-02T16:13:34.030+0000] {dag.py:3508} INFO - Setting next_dagrun for example_task_group_decorator to 2025-09-01T16:13:34.030099+00:00, run_after=2025-09-02T16:13:34.030099+00:00
[2025-09-02T16:13:34.056+0000] {processor.py:179} INFO - Processing /home/airflow/.local/lib/python3.7/site-packages/airflow/example_dags/example_task_group_decorator.py took 0.135 seconds
[2025-09-02T16:14:05.399+0000] {processor.py:157} INFO - Started process (PID=188) to work on /home/airflow/.local/lib/python3.7/site-packages/airflow/example_dags/example_task_group_decorator.py
[2025-09-02T16:14:05.400+0000] {processor.py:826} INFO - Processing file /home/airflow/.local/lib/python3.7/site-packages/airflow/example_dags/example_task_group_decorator.py for tasks to queue
[2025-09-02T16:14:05.401+0000] {logging_mixin.py:150} INFO - [2025-09-02T16:14:05.401+0000] {dagbag.py:541} INFO - Filling up the DagBag from /home/airflow/.local/lib/python3.7/site-packages/airflow/example_dags/example_task_group_decorator.py
[2025-09-02T16:14:05.421+0000] {processor.py:836} INFO - DAG(s) dict_keys(['example_task_group_decorator']) retrieved from /home/airflow/.local/lib/python3.7/site-packages/airflow/example_dags/example_task_group_decorator.py
[2025-09-02T16:14:05.457+0000] {logging_mixin.py:150} INFO - [2025-09-02T16:14:05.457+0000] {dag.py:2742} INFO - Sync 1 DAGs
[2025-09-02T16:14:05.492+0000] {logging_mixin.py:150} INFO - [2025-09-02T16:14:05.492+0000] {dag.py:3508} INFO - Setting next_dagrun for example_task_group_decorator to 2025-09-01T16:14:05.491923+00:00, run_after=2025-09-02T16:14:05.491923+00:00
[2025-09-02T16:14:05.519+0000] {processor.py:179} INFO - Processing /home/airflow/.local/lib/python3.7/site-packages/airflow/example_dags/example_task_group_decorator.py took 0.124 seconds
[2025-09-02T16:14:36.529+0000] {processor.py:157} INFO - Started process (PID=248) to work on /home/airflow/.local/lib/python3.7/site-packages/airflow/example_dags/example_task_group_decorator.py
[2025-09-02T16:14:36.530+0000] {processor.py:826} INFO - Processing file /home/airflow/.local/lib/python3.7/site-packages/airflow/example_dags/example_task_group_decorator.py for tasks to queue
[2025-09-02T16:14:36.531+0000] {logging_mixin.py:150} INFO - [2025-09-02T16:14:36.531+0000] {dagbag.py:541} INFO - Filling up the DagBag from /home/airflow/.local/lib/python3.7/site-packages/airflow/example_dags/example_task_group_decorator.py
[2025-09-02T16:14:36.553+0000] {processor.py:836} INFO - DAG(s) dict_keys(['example_task_group_decorator']) retrieved from /home/airflow/.local/lib/python3.7/site-packages/airflow/example_dags/example_task_group_decorator.py
[2025-09-02T16:14:36.600+0000] {logging_mixin.py:150} INFO - [2025-09-02T16:14:36.600+0000] {dag.py:2742} INFO - Sync 1 DAGs
[2025-09-02T16:14:36.637+0000] {logging_mixin.py:150} INFO - [2025-09-02T16:14:36.637+0000] {dag.py:3508} INFO - Setting next_dagrun for example_task_group_decorator to 2025-09-01T16:14:36.637387+00:00, run_after=2025-09-02T16:14:36.637387+00:00
[2025-09-02T16:14:36.670+0000] {processor.py:179} INFO - Processing /home/airflow/.local/lib/python3.7/site-packages/airflow/example_dags/example_task_group_decorator.py took 0.145 seconds
[2025-09-02T16:15:06.771+0000] {processor.py:157} INFO - Started process (PID=301) to work on /home/airflow/.local/lib/python3.7/site-packages/airflow/example_dags/example_task_group_decorator.py
[2025-09-02T16:15:06.773+0000] {processor.py:826} INFO - Processing file /home/airflow/.local/lib/python3.7/site-packages/airflow/example_dags/example_task_group_decorator.py for tasks to queue
[2025-09-02T16:15:06.774+0000] {logging_mixin.py:150} INFO - [2025-09-02T16:15:06.774+0000] {dagbag.py:541} INFO - Filling up the DagBag from /home/airflow/.local/lib/python3.7/site-packages/airflow/example_dags/example_task_group_decorator.py
[2025-09-02T16:15:06.796+0000] {processor.py:836} INFO - DAG(s) dict_keys(['example_task_group_decorator']) retrieved from /home/airflow/.local/lib/python3.7/site-packages/airflow/example_dags/example_task_group_decorator.py
[2025-09-02T16:15:06.831+0000] {logging_mixin.py:150} INFO - [2025-09-02T16:15:06.830+0000] {dag.py:2742} INFO - Sync 1 DAGs
[2025-09-02T16:15:06.864+0000] {logging_mixin.py:150} INFO - [2025-09-02T16:15:06.864+0000] {dag.py:3508} INFO - Setting next_dagrun for example_task_group_decorator to 2025-09-01T16:15:06.864036+00:00, run_after=2025-09-02T16:15:06.864036+00:00
[2025-09-02T16:15:06.902+0000] {processor.py:179} INFO - Processing /home/airflow/.local/lib/python3.7/site-packages/airflow/example_dags/example_task_group_decorator.py took 0.136 seconds
[2025-09-02T16:15:37.613+0000] {processor.py:157} INFO - Started process (PID=361) to work on /home/airflow/.local/lib/python3.7/site-packages/airflow/example_dags/example_task_group_decorator.py
[2025-09-02T16:15:37.614+0000] {processor.py:826} INFO - Processing file /home/airflow/.local/lib/python3.7/site-packages/airflow/example_dags/example_task_group_decorator.py for tasks to queue
[2025-09-02T16:15:37.616+0000] {logging_mixin.py:150} INFO - [2025-09-02T16:15:37.615+0000] {dagbag.py:541} INFO - Filling up the DagBag from /home/airflow/.local/lib/python3.7/site-packages/airflow/example_dags/example_task_group_decorator.py
[2025-09-02T16:15:37.637+0000] {processor.py:836} INFO - DAG(s) dict_keys(['example_task_group_decorator']) retrieved from /home/airflow/.local/lib/python3.7/site-packages/airflow/example_dags/example_task_group_decorator.py
[2025-09-02T16:15:37.676+0000] {logging_mixin.py:150} INFO - [2025-09-02T16:15:37.676+0000] {dag.py:2742} INFO - Sync 1 DAGs
[2025-09-02T16:15:37.715+0000] {logging_mixin.py:150} INFO - [2025-09-02T16:15:37.714+0000] {dag.py:3508} INFO - Setting next_dagrun for example_task_group_decorator to 2025-09-01T16:15:37.714459+00:00, run_after=2025-09-02T16:15:37.714459+00:00
[2025-09-02T16:15:37.745+0000] {processor.py:179} INFO - Processing /home/airflow/.local/lib/python3.7/site-packages/airflow/example_dags/example_task_group_decorator.py took 0.137 seconds
[2025-09-02T16:16:07.889+0000] {processor.py:157} INFO - Started process (PID=421) to work on /home/airflow/.local/lib/python3.7/site-packages/airflow/example_dags/example_task_group_decorator.py
[2025-09-02T16:16:07.890+0000] {processor.py:826} INFO - Processing file /home/airflow/.local/lib/python3.7/site-packages/airflow/example_dags/example_task_group_decorator.py for tasks to queue
[2025-09-02T16:16:07.891+0000] {logging_mixin.py:150} INFO - [2025-09-02T16:16:07.890+0000] {dagbag.py:541} INFO - Filling up the DagBag from /home/airflow/.local/lib/python3.7/site-packages/airflow/example_dags/example_task_group_decorator.py
[2025-09-02T16:16:07.917+0000] {processor.py:836} INFO - DAG(s) dict_keys(['example_task_group_decorator']) retrieved from /home/airflow/.local/lib/python3.7/site-packages/airflow/example_dags/example_task_group_decorator.py
[2025-09-02T16:16:07.963+0000] {logging_mixin.py:150} INFO - [2025-09-02T16:16:07.963+0000] {dag.py:2742} INFO - Sync 1 DAGs
[2025-09-02T16:16:08.003+0000] {logging_mixin.py:150} INFO - [2025-09-02T16:16:08.003+0000] {dag.py:3508} INFO - Setting next_dagrun for example_task_group_decorator to 2025-09-01T16:16:08.002830+00:00, run_after=2025-09-02T16:16:08.002830+00:00
[2025-09-02T16:16:08.034+0000] {processor.py:179} INFO - Processing /home/airflow/.local/lib/python3.7/site-packages/airflow/example_dags/example_task_group_decorator.py took 0.150 seconds
[2025-09-02T16:16:38.636+0000] {processor.py:157} INFO - Started process (PID=481) to work on /home/airflow/.local/lib/python3.7/site-packages/airflow/example_dags/example_task_group_decorator.py
[2025-09-02T16:16:38.637+0000] {processor.py:826} INFO - Processing file /home/airflow/.local/lib/python3.7/site-packages/airflow/example_dags/example_task_group_decorator.py for tasks to queue
[2025-09-02T16:16:38.637+0000] {logging_mixin.py:150} INFO - [2025-09-02T16:16:38.637+0000] {dagbag.py:541} INFO - Filling up the DagBag from /home/airflow/.local/lib/python3.7/site-packages/airflow/example_dags/example_task_group_decorator.py
[2025-09-02T16:16:38.656+0000] {processor.py:836} INFO - DAG(s) dict_keys(['example_task_group_decorator']) retrieved from /home/airflow/.local/lib/python3.7/site-packages/airflow/example_dags/example_task_group_decorator.py
[2025-09-02T16:16:38.692+0000] {logging_mixin.py:150} INFO - [2025-09-02T16:16:38.692+0000] {dag.py:2742} INFO - Sync 1 DAGs
[2025-09-02T16:16:38.731+0000] {logging_mixin.py:150} INFO - [2025-09-02T16:16:38.730+0000] {dag.py:3508} INFO - Setting next_dagrun for example_task_group_decorator to 2025-09-01T16:16:38.730549+00:00, run_after=2025-09-02T16:16:38.730549+00:00
[2025-09-02T16:16:38.759+0000] {processor.py:179} INFO - Processing /home/airflow/.local/lib/python3.7/site-packages/airflow/example_dags/example_task_group_decorator.py took 0.128 seconds
[2025-09-02T16:17:08.890+0000] {processor.py:157} INFO - Started process (PID=541) to work on /home/airflow/.local/lib/python3.7/site-packages/airflow/example_dags/example_task_group_decorator.py
[2025-09-02T16:17:08.891+0000] {processor.py:826} INFO - Processing file /home/airflow/.local/lib/python3.7/site-packages/airflow/example_dags/example_task_group_decorator.py for tasks to queue
[2025-09-02T16:17:08.893+0000] {logging_mixin.py:150} INFO - [2025-09-02T16:17:08.893+0000] {dagbag.py:541} INFO - Filling up the DagBag from /home/airflow/.local/lib/python3.7/site-packages/airflow/example_dags/example_task_group_decorator.py
[2025-09-02T16:17:08.921+0000] {processor.py:836} INFO - DAG(s) dict_keys(['example_task_group_decorator']) retrieved from /home/airflow/.local/lib/python3.7/site-packages/airflow/example_dags/example_task_group_decorator.py
[2025-09-02T16:17:08.966+0000] {logging_mixin.py:150} INFO - [2025-09-02T16:17:08.966+0000] {dag.py:2742} INFO - Sync 1 DAGs
[2025-09-02T16:17:09.015+0000] {logging_mixin.py:150} INFO - [2025-09-02T16:17:09.014+0000] {dag.py:3508} INFO - Setting next_dagrun for example_task_group_decorator to 2025-09-01T16:17:09.014418+00:00, run_after=2025-09-02T16:17:09.014418+00:00
[2025-09-02T16:17:09.055+0000] {processor.py:179} INFO - Processing /home/airflow/.local/lib/python3.7/site-packages/airflow/example_dags/example_task_group_decorator.py took 0.172 seconds
[2025-09-02T16:17:39.302+0000] {processor.py:157} INFO - Started process (PID=601) to work on /home/airflow/.local/lib/python3.7/site-packages/airflow/example_dags/example_task_group_decorator.py
[2025-09-02T16:17:39.303+0000] {processor.py:826} INFO - Processing file /home/airflow/.local/lib/python3.7/site-packages/airflow/example_dags/example_task_group_decorator.py for tasks to queue
[2025-09-02T16:17:39.304+0000] {logging_mixin.py:150} INFO - [2025-09-02T16:17:39.303+0000] {dagbag.py:541} INFO - Filling up the DagBag from /home/airflow/.local/lib/python3.7/site-packages/airflow/example_dags/example_task_group_decorator.py
[2025-09-02T16:17:39.335+0000] {processor.py:836} INFO - DAG(s) dict_keys(['example_task_group_decorator']) retrieved from /home/airflow/.local/lib/python3.7/site-packages/airflow/example_dags/example_task_group_decorator.py
[2025-09-02T16:17:39.370+0000] {logging_mixin.py:150} INFO - [2025-09-02T16:17:39.369+0000] {dag.py:2742} INFO - Sync 1 DAGs
[2025-09-02T16:17:39.404+0000] {logging_mixin.py:150} INFO - [2025-09-02T16:17:39.403+0000] {dag.py:3508} INFO - Setting next_dagrun for example_task_group_decorator to 2025-09-01T16:17:39.403485+00:00, run_after=2025-09-02T16:17:39.403485+00:00
[2025-09-02T16:17:39.440+0000] {processor.py:179} INFO - Processing /home/airflow/.local/lib/python3.7/site-packages/airflow/example_dags/example_task_group_decorator.py took 0.143 seconds
[2025-09-02T16:18:09.732+0000] {processor.py:157} INFO - Started process (PID=661) to work on /home/airflow/.local/lib/python3.7/site-packages/airflow/example_dags/example_task_group_decorator.py
[2025-09-02T16:18:09.733+0000] {processor.py:826} INFO - Processing file /home/airflow/.local/lib/python3.7/site-packages/airflow/example_dags/example_task_group_decorator.py for tasks to queue
[2025-09-02T16:18:09.734+0000] {logging_mixin.py:150} INFO - [2025-09-02T16:18:09.734+0000] {dagbag.py:541} INFO - Filling up the DagBag from /home/airflow/.local/lib/python3.7/site-packages/airflow/example_dags/example_task_group_decorator.py
[2025-09-02T16:18:09.753+0000] {processor.py:836} INFO - DAG(s) dict_keys(['example_task_group_decorator']) retrieved from /home/airflow/.local/lib/python3.7/site-packages/airflow/example_dags/example_task_group_decorator.py
[2025-09-02T16:18:09.787+0000] {logging_mixin.py:150} INFO - [2025-09-02T16:18:09.787+0000] {dag.py:2742} INFO - Sync 1 DAGs
[2025-09-02T16:18:09.822+0000] {logging_mixin.py:150} INFO - [2025-09-02T16:18:09.822+0000] {dag.py:3508} INFO - Setting next_dagrun for example_task_group_decorator to 2025-09-01T16:18:09.821773+00:00, run_after=2025-09-02T16:18:09.821773+00:00
[2025-09-02T16:18:09.853+0000] {processor.py:179} INFO - Processing /home/airflow/.local/lib/python3.7/site-packages/airflow/example_dags/example_task_group_decorator.py took 0.126 seconds
[2025-09-02T16:18:40.222+0000] {processor.py:157} INFO - Started process (PID=721) to work on /home/airflow/.local/lib/python3.7/site-packages/airflow/example_dags/example_task_group_decorator.py
[2025-09-02T16:18:40.224+0000] {processor.py:826} INFO - Processing file /home/airflow/.local/lib/python3.7/site-packages/airflow/example_dags/example_task_group_decorator.py for tasks to queue
[2025-09-02T16:18:40.225+0000] {logging_mixin.py:150} INFO - [2025-09-02T16:18:40.225+0000] {dagbag.py:541} INFO - Filling up the DagBag from /home/airflow/.local/lib/python3.7/site-packages/airflow/example_dags/example_task_group_decorator.py
[2025-09-02T16:18:40.254+0000] {processor.py:836} INFO - DAG(s) dict_keys(['example_task_group_decorator']) retrieved from /home/airflow/.local/lib/python3.7/site-packages/airflow/example_dags/example_task_group_decorator.py
[2025-09-02T16:18:40.289+0000] {logging_mixin.py:150} INFO - [2025-09-02T16:18:40.289+0000] {dag.py:2742} INFO - Sync 1 DAGs
[2025-09-02T16:18:40.322+0000] {logging_mixin.py:150} INFO - [2025-09-02T16:18:40.322+0000] {dag.py:3508} INFO - Setting next_dagrun for example_task_group_decorator to 2025-09-01T16:18:40.321944+00:00, run_after=2025-09-02T16:18:40.321944+00:00
[2025-09-02T16:18:40.348+0000] {processor.py:179} INFO - Processing /home/airflow/.local/lib/python3.7/site-packages/airflow/example_dags/example_task_group_decorator.py took 0.133 seconds
[2025-09-02T16:19:11.105+0000] {processor.py:157} INFO - Started process (PID=781) to work on /home/airflow/.local/lib/python3.7/site-packages/airflow/example_dags/example_task_group_decorator.py
[2025-09-02T16:19:11.108+0000] {processor.py:826} INFO - Processing file /home/airflow/.local/lib/python3.7/site-packages/airflow/example_dags/example_task_group_decorator.py for tasks to queue
[2025-09-02T16:19:11.109+0000] {logging_mixin.py:150} INFO - [2025-09-02T16:19:11.109+0000] {dagbag.py:541} INFO - Filling up the DagBag from /home/airflow/.local/lib/python3.7/site-packages/airflow/example_dags/example_task_group_decorator.py
[2025-09-02T16:19:11.134+0000] {processor.py:836} INFO - DAG(s) dict_keys(['example_task_group_decorator']) retrieved from /home/airflow/.local/lib/python3.7/site-packages/airflow/example_dags/example_task_group_decorator.py
[2025-09-02T16:19:11.172+0000] {logging_mixin.py:150} INFO - [2025-09-02T16:19:11.171+0000] {dag.py:2742} INFO - Sync 1 DAGs
[2025-09-02T16:19:11.212+0000] {logging_mixin.py:150} INFO - [2025-09-02T16:19:11.212+0000] {dag.py:3508} INFO - Setting next_dagrun for example_task_group_decorator to 2025-09-01T16:19:11.211694+00:00, run_after=2025-09-02T16:19:11.211694+00:00
[2025-09-02T16:19:11.267+0000] {processor.py:179} INFO - Processing /home/airflow/.local/lib/python3.7/site-packages/airflow/example_dags/example_task_group_decorator.py took 0.171 seconds
[2025-09-02T16:19:41.767+0000] {processor.py:157} INFO - Started process (PID=841) to work on /home/airflow/.local/lib/python3.7/site-packages/airflow/example_dags/example_task_group_decorator.py
[2025-09-02T16:19:41.768+0000] {processor.py:826} INFO - Processing file /home/airflow/.local/lib/python3.7/site-packages/airflow/example_dags/example_task_group_decorator.py for tasks to queue
[2025-09-02T16:19:41.769+0000] {logging_mixin.py:150} INFO - [2025-09-02T16:19:41.768+0000] {dagbag.py:541} INFO - Filling up the DagBag from /home/airflow/.local/lib/python3.7/site-packages/airflow/example_dags/example_task_group_decorator.py
[2025-09-02T16:19:41.789+0000] {processor.py:836} INFO - DAG(s) dict_keys(['example_task_group_decorator']) retrieved from /home/airflow/.local/lib/python3.7/site-packages/airflow/example_dags/example_task_group_decorator.py
[2025-09-02T16:19:41.824+0000] {logging_mixin.py:150} INFO - [2025-09-02T16:19:41.824+0000] {dag.py:2742} INFO - Sync 1 DAGs
[2025-09-02T16:19:41.861+0000] {logging_mixin.py:150} INFO - [2025-09-02T16:19:41.860+0000] {dag.py:3508} INFO - Setting next_dagrun for example_task_group_decorator to 2025-09-01T16:19:41.860571+00:00, run_after=2025-09-02T16:19:41.860571+00:00
[2025-09-02T16:19:41.888+0000] {processor.py:179} INFO - Processing /home/airflow/.local/lib/python3.7/site-packages/airflow/example_dags/example_task_group_decorator.py took 0.125 seconds
[2025-09-02T16:20:12.707+0000] {processor.py:157} INFO - Started process (PID=901) to work on /home/airflow/.local/lib/python3.7/site-packages/airflow/example_dags/example_task_group_decorator.py
[2025-09-02T16:20:12.709+0000] {processor.py:826} INFO - Processing file /home/airflow/.local/lib/python3.7/site-packages/airflow/example_dags/example_task_group_decorator.py for tasks to queue
[2025-09-02T16:20:12.710+0000] {logging_mixin.py:150} INFO - [2025-09-02T16:20:12.710+0000] {dagbag.py:541} INFO - Filling up the DagBag from /home/airflow/.local/lib/python3.7/site-packages/airflow/example_dags/example_task_group_decorator.py
[2025-09-02T16:20:12.754+0000] {processor.py:836} INFO - DAG(s) dict_keys(['example_task_group_decorator']) retrieved from /home/airflow/.local/lib/python3.7/site-packages/airflow/example_dags/example_task_group_decorator.py
[2025-09-02T16:20:12.793+0000] {logging_mixin.py:150} INFO - [2025-09-02T16:20:12.793+0000] {dag.py:2742} INFO - Sync 1 DAGs
[2025-09-02T16:20:12.826+0000] {logging_mixin.py:150} INFO - [2025-09-02T16:20:12.826+0000] {dag.py:3508} INFO - Setting next_dagrun for example_task_group_decorator to 2025-09-01T16:20:12.825655+00:00, run_after=2025-09-02T16:20:12.825655+00:00
[2025-09-02T16:20:12.853+0000] {processor.py:179} INFO - Processing /home/airflow/.local/lib/python3.7/site-packages/airflow/example_dags/example_task_group_decorator.py took 0.150 seconds
[2025-09-02T16:20:43.422+0000] {processor.py:157} INFO - Started process (PID=961) to work on /home/airflow/.local/lib/python3.7/site-packages/airflow/example_dags/example_task_group_decorator.py
[2025-09-02T16:20:43.422+0000] {processor.py:826} INFO - Processing file /home/airflow/.local/lib/python3.7/site-packages/airflow/example_dags/example_task_group_decorator.py for tasks to queue
[2025-09-02T16:20:43.423+0000] {logging_mixin.py:150} INFO - [2025-09-02T16:20:43.423+0000] {dagbag.py:541} INFO - Filling up the DagBag from /home/airflow/.local/lib/python3.7/site-packages/airflow/example_dags/example_task_group_decorator.py
[2025-09-02T16:20:43.448+0000] {processor.py:836} INFO - DAG(s) dict_keys(['example_task_group_decorator']) retrieved from /home/airflow/.local/lib/python3.7/site-packages/airflow/example_dags/example_task_group_decorator.py
[2025-09-02T16:20:43.484+0000] {logging_mixin.py:150} INFO - [2025-09-02T16:20:43.483+0000] {dag.py:2742} INFO - Sync 1 DAGs
[2025-09-02T16:20:43.519+0000] {logging_mixin.py:150} INFO - [2025-09-02T16:20:43.519+0000] {dag.py:3508} INFO - Setting next_dagrun for example_task_group_decorator to 2025-09-01T16:20:43.518979+00:00, run_after=2025-09-02T16:20:43.518979+00:00
[2025-09-02T16:20:43.548+0000] {processor.py:179} INFO - Processing /home/airflow/.local/lib/python3.7/site-packages/airflow/example_dags/example_task_group_decorator.py took 0.131 seconds
[2025-09-02T16:21:13.831+0000] {processor.py:157} INFO - Started process (PID=1021) to work on /home/airflow/.local/lib/python3.7/site-packages/airflow/example_dags/example_task_group_decorator.py
[2025-09-02T16:21:13.833+0000] {processor.py:826} INFO - Processing file /home/airflow/.local/lib/python3.7/site-packages/airflow/example_dags/example_task_group_decorator.py for tasks to queue
[2025-09-02T16:21:13.834+0000] {logging_mixin.py:150} INFO - [2025-09-02T16:21:13.834+0000] {dagbag.py:541} INFO - Filling up the DagBag from /home/airflow/.local/lib/python3.7/site-packages/airflow/example_dags/example_task_group_decorator.py
[2025-09-02T16:21:13.856+0000] {processor.py:836} INFO - DAG(s) dict_keys(['example_task_group_decorator']) retrieved from /home/airflow/.local/lib/python3.7/site-packages/airflow/example_dags/example_task_group_decorator.py
[2025-09-02T16:21:13.897+0000] {logging_mixin.py:150} INFO - [2025-09-02T16:21:13.896+0000] {dag.py:2742} INFO - Sync 1 DAGs
[2025-09-02T16:21:13.934+0000] {logging_mixin.py:150} INFO - [2025-09-02T16:21:13.934+0000] {dag.py:3508} INFO - Setting next_dagrun for example_task_group_decorator to 2025-09-01T16:21:13.934131+00:00, run_after=2025-09-02T16:21:13.934131+00:00
[2025-09-02T16:21:13.978+0000] {processor.py:179} INFO - Processing /home/airflow/.local/lib/python3.7/site-packages/airflow/example_dags/example_task_group_decorator.py took 0.151 seconds
[2025-09-02T16:21:44.753+0000] {processor.py:157} INFO - Started process (PID=1081) to work on /home/airflow/.local/lib/python3.7/site-packages/airflow/example_dags/example_task_group_decorator.py
[2025-09-02T16:21:44.754+0000] {processor.py:826} INFO - Processing file /home/airflow/.local/lib/python3.7/site-packages/airflow/example_dags/example_task_group_decorator.py for tasks to queue
[2025-09-02T16:21:44.756+0000] {logging_mixin.py:150} INFO - [2025-09-02T16:21:44.755+0000] {dagbag.py:541} INFO - Filling up the DagBag from /home/airflow/.local/lib/python3.7/site-packages/airflow/example_dags/example_task_group_decorator.py
[2025-09-02T16:21:44.779+0000] {processor.py:836} INFO - DAG(s) dict_keys(['example_task_group_decorator']) retrieved from /home/airflow/.local/lib/python3.7/site-packages/airflow/example_dags/example_task_group_decorator.py
[2025-09-02T16:21:44.827+0000] {logging_mixin.py:150} INFO - [2025-09-02T16:21:44.827+0000] {dag.py:2742} INFO - Sync 1 DAGs
[2025-09-02T16:21:44.866+0000] {logging_mixin.py:150} INFO - [2025-09-02T16:21:44.866+0000] {dag.py:3508} INFO - Setting next_dagrun for example_task_group_decorator to 2025-09-01T16:21:44.865907+00:00, run_after=2025-09-02T16:21:44.865907+00:00
[2025-09-02T16:21:44.900+0000] {processor.py:179} INFO - Processing /home/airflow/.local/lib/python3.7/site-packages/airflow/example_dags/example_task_group_decorator.py took 0.153 seconds
[2025-09-02T16:22:15.426+0000] {processor.py:157} INFO - Started process (PID=1141) to work on /home/airflow/.local/lib/python3.7/site-packages/airflow/example_dags/example_task_group_decorator.py
[2025-09-02T16:22:15.427+0000] {processor.py:826} INFO - Processing file /home/airflow/.local/lib/python3.7/site-packages/airflow/example_dags/example_task_group_decorator.py for tasks to queue
[2025-09-02T16:22:15.428+0000] {logging_mixin.py:150} INFO - [2025-09-02T16:22:15.428+0000] {dagbag.py:541} INFO - Filling up the DagBag from /home/airflow/.local/lib/python3.7/site-packages/airflow/example_dags/example_task_group_decorator.py
[2025-09-02T16:22:15.448+0000] {processor.py:836} INFO - DAG(s) dict_keys(['example_task_group_decorator']) retrieved from /home/airflow/.local/lib/python3.7/site-packages/airflow/example_dags/example_task_group_decorator.py
[2025-09-02T16:22:15.486+0000] {logging_mixin.py:150} INFO - [2025-09-02T16:22:15.486+0000] {dag.py:2742} INFO - Sync 1 DAGs
[2025-09-02T16:22:15.521+0000] {logging_mixin.py:150} INFO - [2025-09-02T16:22:15.520+0000] {dag.py:3508} INFO - Setting next_dagrun for example_task_group_decorator to 2025-09-01T16:22:15.520416+00:00, run_after=2025-09-02T16:22:15.520416+00:00
[2025-09-02T16:22:15.547+0000] {processor.py:179} INFO - Processing /home/airflow/.local/lib/python3.7/site-packages/airflow/example_dags/example_task_group_decorator.py took 0.125 seconds
[2025-09-02T16:22:45.763+0000] {processor.py:157} INFO - Started process (PID=1201) to work on /home/airflow/.local/lib/python3.7/site-packages/airflow/example_dags/example_task_group_decorator.py
[2025-09-02T16:22:45.765+0000] {processor.py:826} INFO - Processing file /home/airflow/.local/lib/python3.7/site-packages/airflow/example_dags/example_task_group_decorator.py for tasks to queue
[2025-09-02T16:22:45.766+0000] {logging_mixin.py:150} INFO - [2025-09-02T16:22:45.765+0000] {dagbag.py:541} INFO - Filling up the DagBag from /home/airflow/.local/lib/python3.7/site-packages/airflow/example_dags/example_task_group_decorator.py
[2025-09-02T16:22:45.790+0000] {processor.py:836} INFO - DAG(s) dict_keys(['example_task_group_decorator']) retrieved from /home/airflow/.local/lib/python3.7/site-packages/airflow/example_dags/example_task_group_decorator.py
[2025-09-02T16:22:45.840+0000] {logging_mixin.py:150} INFO - [2025-09-02T16:22:45.840+0000] {dag.py:2742} INFO - Sync 1 DAGs
[2025-09-02T16:22:45.879+0000] {logging_mixin.py:150} INFO - [2025-09-02T16:22:45.879+0000] {dag.py:3508} INFO - Setting next_dagrun for example_task_group_decorator to 2025-09-01T16:22:45.878815+00:00, run_after=2025-09-02T16:22:45.878815+00:00
[2025-09-02T16:22:45.913+0000] {processor.py:179} INFO - Processing /home/airflow/.local/lib/python3.7/site-packages/airflow/example_dags/example_task_group_decorator.py took 0.156 seconds
[2025-09-02T16:23:16.110+0000] {processor.py:157} INFO - Started process (PID=1261) to work on /home/airflow/.local/lib/python3.7/site-packages/airflow/example_dags/example_task_group_decorator.py
[2025-09-02T16:23:16.111+0000] {processor.py:826} INFO - Processing file /home/airflow/.local/lib/python3.7/site-packages/airflow/example_dags/example_task_group_decorator.py for tasks to queue
[2025-09-02T16:23:16.112+0000] {logging_mixin.py:150} INFO - [2025-09-02T16:23:16.112+0000] {dagbag.py:541} INFO - Filling up the DagBag from /home/airflow/.local/lib/python3.7/site-packages/airflow/example_dags/example_task_group_decorator.py
[2025-09-02T16:23:16.141+0000] {processor.py:836} INFO - DAG(s) dict_keys(['example_task_group_decorator']) retrieved from /home/airflow/.local/lib/python3.7/site-packages/airflow/example_dags/example_task_group_decorator.py
[2025-09-02T16:23:16.187+0000] {logging_mixin.py:150} INFO - [2025-09-02T16:23:16.186+0000] {dag.py:2742} INFO - Sync 1 DAGs
[2025-09-02T16:23:16.225+0000] {logging_mixin.py:150} INFO - [2025-09-02T16:23:16.224+0000] {dag.py:3508} INFO - Setting next_dagrun for example_task_group_decorator to 2025-09-01T16:23:16.224619+00:00, run_after=2025-09-02T16:23:16.224619+00:00
[2025-09-02T16:23:16.257+0000] {processor.py:179} INFO - Processing /home/airflow/.local/lib/python3.7/site-packages/airflow/example_dags/example_task_group_decorator.py took 0.153 seconds
[2025-09-02T16:23:46.782+0000] {processor.py:157} INFO - Started process (PID=1321) to work on /home/airflow/.local/lib/python3.7/site-packages/airflow/example_dags/example_task_group_decorator.py
[2025-09-02T16:23:46.784+0000] {processor.py:826} INFO - Processing file /home/airflow/.local/lib/python3.7/site-packages/airflow/example_dags/example_task_group_decorator.py for tasks to queue
[2025-09-02T16:23:46.786+0000] {logging_mixin.py:150} INFO - [2025-09-02T16:23:46.785+0000] {dagbag.py:541} INFO - Filling up the DagBag from /home/airflow/.local/lib/python3.7/site-packages/airflow/example_dags/example_task_group_decorator.py
[2025-09-02T16:23:46.811+0000] {processor.py:836} INFO - DAG(s) dict_keys(['example_task_group_decorator']) retrieved from /home/airflow/.local/lib/python3.7/site-packages/airflow/example_dags/example_task_group_decorator.py
[2025-09-02T16:23:46.850+0000] {logging_mixin.py:150} INFO - [2025-09-02T16:23:46.849+0000] {dag.py:2742} INFO - Sync 1 DAGs
[2025-09-02T16:23:46.890+0000] {logging_mixin.py:150} INFO - [2025-09-02T16:23:46.890+0000] {dag.py:3508} INFO - Setting next_dagrun for example_task_group_decorator to 2025-09-01T16:23:46.890132+00:00, run_after=2025-09-02T16:23:46.890132+00:00
[2025-09-02T16:23:46.936+0000] {processor.py:179} INFO - Processing /home/airflow/.local/lib/python3.7/site-packages/airflow/example_dags/example_task_group_decorator.py took 0.159 seconds
[2025-09-02T16:24:17.266+0000] {processor.py:157} INFO - Started process (PID=1381) to work on /home/airflow/.local/lib/python3.7/site-packages/airflow/example_dags/example_task_group_decorator.py
[2025-09-02T16:24:17.267+0000] {processor.py:826} INFO - Processing file /home/airflow/.local/lib/python3.7/site-packages/airflow/example_dags/example_task_group_decorator.py for tasks to queue
[2025-09-02T16:24:17.268+0000] {logging_mixin.py:150} INFO - [2025-09-02T16:24:17.268+0000] {dagbag.py:541} INFO - Filling up the DagBag from /home/airflow/.local/lib/python3.7/site-packages/airflow/example_dags/example_task_group_decorator.py
[2025-09-02T16:24:17.303+0000] {processor.py:836} INFO - DAG(s) dict_keys(['example_task_group_decorator']) retrieved from /home/airflow/.local/lib/python3.7/site-packages/airflow/example_dags/example_task_group_decorator.py
[2025-09-02T16:24:17.370+0000] {logging_mixin.py:150} INFO - [2025-09-02T16:24:17.370+0000] {dag.py:2742} INFO - Sync 1 DAGs
[2025-09-02T16:24:17.422+0000] {logging_mixin.py:150} INFO - [2025-09-02T16:24:17.422+0000] {dag.py:3508} INFO - Setting next_dagrun for example_task_group_decorator to 2025-09-01T16:24:17.421591+00:00, run_after=2025-09-02T16:24:17.421591+00:00
[2025-09-02T16:24:17.472+0000] {processor.py:179} INFO - Processing /home/airflow/.local/lib/python3.7/site-packages/airflow/example_dags/example_task_group_decorator.py took 0.212 seconds
[2025-09-02T16:26:26.949+0000] {processor.py:157} INFO - Started process (PID=81) to work on /home/airflow/.local/lib/python3.7/site-packages/airflow/example_dags/example_task_group_decorator.py
[2025-09-02T16:26:26.957+0000] {processor.py:826} INFO - Processing file /home/airflow/.local/lib/python3.7/site-packages/airflow/example_dags/example_task_group_decorator.py for tasks to queue
[2025-09-02T16:26:26.958+0000] {logging_mixin.py:150} INFO - [2025-09-02T16:26:26.958+0000] {dagbag.py:541} INFO - Filling up the DagBag from /home/airflow/.local/lib/python3.7/site-packages/airflow/example_dags/example_task_group_decorator.py
[2025-09-02T16:26:27.148+0000] {processor.py:836} INFO - DAG(s) dict_keys(['example_task_group_decorator']) retrieved from /home/airflow/.local/lib/python3.7/site-packages/airflow/example_dags/example_task_group_decorator.py
[2025-09-02T16:26:27.809+0000] {logging_mixin.py:150} INFO - [2025-09-02T16:26:27.808+0000] {dag.py:2742} INFO - Sync 1 DAGs
[2025-09-02T16:26:28.042+0000] {logging_mixin.py:150} INFO - [2025-09-02T16:26:28.033+0000] {dag.py:3508} INFO - Setting next_dagrun for example_task_group_decorator to 2025-09-01T16:26:28.032555+00:00, run_after=2025-09-02T16:26:28.032555+00:00
[2025-09-02T16:26:28.272+0000] {processor.py:179} INFO - Processing /home/airflow/.local/lib/python3.7/site-packages/airflow/example_dags/example_task_group_decorator.py took 1.346 seconds
[2025-09-02T16:26:58.882+0000] {processor.py:157} INFO - Started process (PID=141) to work on /home/airflow/.local/lib/python3.7/site-packages/airflow/example_dags/example_task_group_decorator.py
[2025-09-02T16:26:58.883+0000] {processor.py:826} INFO - Processing file /home/airflow/.local/lib/python3.7/site-packages/airflow/example_dags/example_task_group_decorator.py for tasks to queue
[2025-09-02T16:26:58.884+0000] {logging_mixin.py:150} INFO - [2025-09-02T16:26:58.884+0000] {dagbag.py:541} INFO - Filling up the DagBag from /home/airflow/.local/lib/python3.7/site-packages/airflow/example_dags/example_task_group_decorator.py
[2025-09-02T16:26:58.905+0000] {processor.py:836} INFO - DAG(s) dict_keys(['example_task_group_decorator']) retrieved from /home/airflow/.local/lib/python3.7/site-packages/airflow/example_dags/example_task_group_decorator.py
[2025-09-02T16:26:58.939+0000] {logging_mixin.py:150} INFO - [2025-09-02T16:26:58.939+0000] {dag.py:2742} INFO - Sync 1 DAGs
[2025-09-02T16:26:58.973+0000] {logging_mixin.py:150} INFO - [2025-09-02T16:26:58.972+0000] {dag.py:3508} INFO - Setting next_dagrun for example_task_group_decorator to 2025-09-01T16:26:58.972463+00:00, run_after=2025-09-02T16:26:58.972463+00:00
[2025-09-02T16:26:59.011+0000] {processor.py:179} INFO - Processing /home/airflow/.local/lib/python3.7/site-packages/airflow/example_dags/example_task_group_decorator.py took 0.133 seconds
[2025-09-02T16:27:29.667+0000] {processor.py:157} INFO - Started process (PID=201) to work on /home/airflow/.local/lib/python3.7/site-packages/airflow/example_dags/example_task_group_decorator.py
[2025-09-02T16:27:29.669+0000] {processor.py:826} INFO - Processing file /home/airflow/.local/lib/python3.7/site-packages/airflow/example_dags/example_task_group_decorator.py for tasks to queue
[2025-09-02T16:27:29.671+0000] {logging_mixin.py:150} INFO - [2025-09-02T16:27:29.670+0000] {dagbag.py:541} INFO - Filling up the DagBag from /home/airflow/.local/lib/python3.7/site-packages/airflow/example_dags/example_task_group_decorator.py
[2025-09-02T16:27:29.711+0000] {processor.py:836} INFO - DAG(s) dict_keys(['example_task_group_decorator']) retrieved from /home/airflow/.local/lib/python3.7/site-packages/airflow/example_dags/example_task_group_decorator.py
[2025-09-02T16:27:29.750+0000] {logging_mixin.py:150} INFO - [2025-09-02T16:27:29.749+0000] {dag.py:2742} INFO - Sync 1 DAGs
[2025-09-02T16:27:29.775+0000] {logging_mixin.py:150} INFO - [2025-09-02T16:27:29.775+0000] {dag.py:3508} INFO - Setting next_dagrun for example_task_group_decorator to 2025-09-01T16:27:29.775161+00:00, run_after=2025-09-02T16:27:29.775161+00:00
[2025-09-02T16:27:29.795+0000] {processor.py:179} INFO - Processing /home/airflow/.local/lib/python3.7/site-packages/airflow/example_dags/example_task_group_decorator.py took 0.134 seconds
[2025-09-02T16:28:00.324+0000] {processor.py:157} INFO - Started process (PID=260) to work on /home/airflow/.local/lib/python3.7/site-packages/airflow/example_dags/example_task_group_decorator.py
[2025-09-02T16:28:00.326+0000] {processor.py:826} INFO - Processing file /home/airflow/.local/lib/python3.7/site-packages/airflow/example_dags/example_task_group_decorator.py for tasks to queue
[2025-09-02T16:28:00.329+0000] {logging_mixin.py:150} INFO - [2025-09-02T16:28:00.328+0000] {dagbag.py:541} INFO - Filling up the DagBag from /home/airflow/.local/lib/python3.7/site-packages/airflow/example_dags/example_task_group_decorator.py
[2025-09-02T16:28:00.372+0000] {processor.py:836} INFO - DAG(s) dict_keys(['example_task_group_decorator']) retrieved from /home/airflow/.local/lib/python3.7/site-packages/airflow/example_dags/example_task_group_decorator.py
[2025-09-02T16:28:00.414+0000] {logging_mixin.py:150} INFO - [2025-09-02T16:28:00.413+0000] {dag.py:2742} INFO - Sync 1 DAGs
[2025-09-02T16:28:00.452+0000] {logging_mixin.py:150} INFO - [2025-09-02T16:28:00.451+0000] {dag.py:3508} INFO - Setting next_dagrun for example_task_group_decorator to 2025-09-01T16:28:00.451454+00:00, run_after=2025-09-02T16:28:00.451454+00:00
[2025-09-02T16:28:00.479+0000] {processor.py:179} INFO - Processing /home/airflow/.local/lib/python3.7/site-packages/airflow/example_dags/example_task_group_decorator.py took 0.160 seconds
[2025-09-02T16:28:30.536+0000] {processor.py:157} INFO - Started process (PID=320) to work on /home/airflow/.local/lib/python3.7/site-packages/airflow/example_dags/example_task_group_decorator.py
[2025-09-02T16:28:30.538+0000] {processor.py:826} INFO - Processing file /home/airflow/.local/lib/python3.7/site-packages/airflow/example_dags/example_task_group_decorator.py for tasks to queue
[2025-09-02T16:28:30.539+0000] {logging_mixin.py:150} INFO - [2025-09-02T16:28:30.539+0000] {dagbag.py:541} INFO - Filling up the DagBag from /home/airflow/.local/lib/python3.7/site-packages/airflow/example_dags/example_task_group_decorator.py
[2025-09-02T16:28:30.562+0000] {processor.py:836} INFO - DAG(s) dict_keys(['example_task_group_decorator']) retrieved from /home/airflow/.local/lib/python3.7/site-packages/airflow/example_dags/example_task_group_decorator.py
[2025-09-02T16:28:30.600+0000] {logging_mixin.py:150} INFO - [2025-09-02T16:28:30.600+0000] {dag.py:2742} INFO - Sync 1 DAGs
[2025-09-02T16:28:30.637+0000] {logging_mixin.py:150} INFO - [2025-09-02T16:28:30.636+0000] {dag.py:3508} INFO - Setting next_dagrun for example_task_group_decorator to 2025-09-01T16:28:30.636603+00:00, run_after=2025-09-02T16:28:30.636603+00:00
[2025-09-02T16:28:30.668+0000] {processor.py:179} INFO - Processing /home/airflow/.local/lib/python3.7/site-packages/airflow/example_dags/example_task_group_decorator.py took 0.139 seconds
[2025-09-02T16:29:01.234+0000] {processor.py:157} INFO - Started process (PID=380) to work on /home/airflow/.local/lib/python3.7/site-packages/airflow/example_dags/example_task_group_decorator.py
[2025-09-02T16:29:01.236+0000] {processor.py:826} INFO - Processing file /home/airflow/.local/lib/python3.7/site-packages/airflow/example_dags/example_task_group_decorator.py for tasks to queue
[2025-09-02T16:29:01.238+0000] {logging_mixin.py:150} INFO - [2025-09-02T16:29:01.237+0000] {dagbag.py:541} INFO - Filling up the DagBag from /home/airflow/.local/lib/python3.7/site-packages/airflow/example_dags/example_task_group_decorator.py
[2025-09-02T16:29:01.261+0000] {processor.py:836} INFO - DAG(s) dict_keys(['example_task_group_decorator']) retrieved from /home/airflow/.local/lib/python3.7/site-packages/airflow/example_dags/example_task_group_decorator.py
[2025-09-02T16:29:01.301+0000] {logging_mixin.py:150} INFO - [2025-09-02T16:29:01.301+0000] {dag.py:2742} INFO - Sync 1 DAGs
[2025-09-02T16:29:01.340+0000] {logging_mixin.py:150} INFO - [2025-09-02T16:29:01.339+0000] {dag.py:3508} INFO - Setting next_dagrun for example_task_group_decorator to 2025-09-01T16:29:01.339525+00:00, run_after=2025-09-02T16:29:01.339525+00:00
[2025-09-02T16:29:01.375+0000] {processor.py:179} INFO - Processing /home/airflow/.local/lib/python3.7/site-packages/airflow/example_dags/example_task_group_decorator.py took 0.147 seconds
[2025-09-02T16:29:31.435+0000] {processor.py:157} INFO - Started process (PID=434) to work on /home/airflow/.local/lib/python3.7/site-packages/airflow/example_dags/example_task_group_decorator.py
[2025-09-02T16:29:31.436+0000] {processor.py:826} INFO - Processing file /home/airflow/.local/lib/python3.7/site-packages/airflow/example_dags/example_task_group_decorator.py for tasks to queue
[2025-09-02T16:29:31.437+0000] {logging_mixin.py:150} INFO - [2025-09-02T16:29:31.436+0000] {dagbag.py:541} INFO - Filling up the DagBag from /home/airflow/.local/lib/python3.7/site-packages/airflow/example_dags/example_task_group_decorator.py
[2025-09-02T16:29:31.460+0000] {processor.py:836} INFO - DAG(s) dict_keys(['example_task_group_decorator']) retrieved from /home/airflow/.local/lib/python3.7/site-packages/airflow/example_dags/example_task_group_decorator.py
[2025-09-02T16:29:31.498+0000] {logging_mixin.py:150} INFO - [2025-09-02T16:29:31.498+0000] {dag.py:2742} INFO - Sync 1 DAGs
[2025-09-02T16:29:31.541+0000] {logging_mixin.py:150} INFO - [2025-09-02T16:29:31.541+0000] {dag.py:3508} INFO - Setting next_dagrun for example_task_group_decorator to 2025-09-01T16:29:31.541059+00:00, run_after=2025-09-02T16:29:31.541059+00:00
[2025-09-02T16:29:31.579+0000] {processor.py:179} INFO - Processing /home/airflow/.local/lib/python3.7/site-packages/airflow/example_dags/example_task_group_decorator.py took 0.149 seconds
[2025-09-02T16:30:02.302+0000] {processor.py:157} INFO - Started process (PID=494) to work on /home/airflow/.local/lib/python3.7/site-packages/airflow/example_dags/example_task_group_decorator.py
[2025-09-02T16:30:02.305+0000] {processor.py:826} INFO - Processing file /home/airflow/.local/lib/python3.7/site-packages/airflow/example_dags/example_task_group_decorator.py for tasks to queue
[2025-09-02T16:30:02.328+0000] {logging_mixin.py:150} INFO - [2025-09-02T16:30:02.306+0000] {dagbag.py:541} INFO - Filling up the DagBag from /home/airflow/.local/lib/python3.7/site-packages/airflow/example_dags/example_task_group_decorator.py
[2025-09-02T16:30:02.363+0000] {processor.py:836} INFO - DAG(s) dict_keys(['example_task_group_decorator']) retrieved from /home/airflow/.local/lib/python3.7/site-packages/airflow/example_dags/example_task_group_decorator.py
[2025-09-02T16:30:02.526+0000] {logging_mixin.py:150} INFO - [2025-09-02T16:30:02.526+0000] {dag.py:2742} INFO - Sync 1 DAGs
[2025-09-02T16:30:02.666+0000] {logging_mixin.py:150} INFO - [2025-09-02T16:30:02.666+0000] {dag.py:3508} INFO - Setting next_dagrun for example_task_group_decorator to 2025-09-01T16:30:02.662580+00:00, run_after=2025-09-02T16:30:02.662580+00:00
[2025-09-02T16:30:02.696+0000] {processor.py:179} INFO - Processing /home/airflow/.local/lib/python3.7/site-packages/airflow/example_dags/example_task_group_decorator.py took 0.403 seconds
[2025-09-02T16:30:33.485+0000] {processor.py:157} INFO - Started process (PID=554) to work on /home/airflow/.local/lib/python3.7/site-packages/airflow/example_dags/example_task_group_decorator.py
[2025-09-02T16:30:33.487+0000] {processor.py:826} INFO - Processing file /home/airflow/.local/lib/python3.7/site-packages/airflow/example_dags/example_task_group_decorator.py for tasks to queue
[2025-09-02T16:30:33.488+0000] {logging_mixin.py:150} INFO - [2025-09-02T16:30:33.488+0000] {dagbag.py:541} INFO - Filling up the DagBag from /home/airflow/.local/lib/python3.7/site-packages/airflow/example_dags/example_task_group_decorator.py
[2025-09-02T16:30:33.504+0000] {processor.py:836} INFO - DAG(s) dict_keys(['example_task_group_decorator']) retrieved from /home/airflow/.local/lib/python3.7/site-packages/airflow/example_dags/example_task_group_decorator.py
[2025-09-02T16:30:33.536+0000] {logging_mixin.py:150} INFO - [2025-09-02T16:30:33.535+0000] {dag.py:2742} INFO - Sync 1 DAGs
[2025-09-02T16:30:33.566+0000] {logging_mixin.py:150} INFO - [2025-09-02T16:30:33.566+0000] {dag.py:3508} INFO - Setting next_dagrun for example_task_group_decorator to 2025-09-01T16:30:33.566330+00:00, run_after=2025-09-02T16:30:33.566330+00:00
[2025-09-02T16:30:33.592+0000] {processor.py:179} INFO - Processing /home/airflow/.local/lib/python3.7/site-packages/airflow/example_dags/example_task_group_decorator.py took 0.110 seconds
