[2025-09-02T16:13:07.492+0000] {processor.py:157} INFO - Started process (PID=90) to work on /home/airflow/.local/lib/python3.7/site-packages/airflow/example_dags/example_branch_python_dop_operator_3.py
[2025-09-02T16:13:07.493+0000] {processor.py:826} INFO - Processing file /home/airflow/.local/lib/python3.7/site-packages/airflow/example_dags/example_branch_python_dop_operator_3.py for tasks to queue
[2025-09-02T16:13:07.494+0000] {logging_mixin.py:150} INFO - [2025-09-02T16:13:07.494+0000] {dagbag.py:541} INFO - Filling up the DagBag from /home/airflow/.local/lib/python3.7/site-packages/airflow/example_dags/example_branch_python_dop_operator_3.py
[2025-09-02T16:13:07.503+0000] {processor.py:836} INFO - DAG(s) dict_keys(['example_branch_dop_operator_v3']) retrieved from /home/airflow/.local/lib/python3.7/site-packages/airflow/example_dags/example_branch_python_dop_operator_3.py
[2025-09-02T16:13:07.605+0000] {logging_mixin.py:150} INFO - [2025-09-02T16:13:07.605+0000] {manager.py:504} INFO - Created Permission View: can read on DAG:example_branch_dop_operator_v3
[2025-09-02T16:13:07.616+0000] {logging_mixin.py:150} INFO - [2025-09-02T16:13:07.616+0000] {manager.py:504} INFO - Created Permission View: can edit on DAG:example_branch_dop_operator_v3
[2025-09-02T16:13:07.625+0000] {logging_mixin.py:150} INFO - [2025-09-02T16:13:07.625+0000] {manager.py:504} INFO - Created Permission View: can delete on DAG:example_branch_dop_operator_v3
[2025-09-02T16:13:07.644+0000] {logging_mixin.py:150} INFO - [2025-09-02T16:13:07.643+0000] {dag.py:2742} INFO - Sync 1 DAGs
[2025-09-02T16:13:07.655+0000] {logging_mixin.py:150} INFO - [2025-09-02T16:13:07.655+0000] {dag.py:2763} INFO - Creating ORM DAG for example_branch_dop_operator_v3
[2025-09-02T16:13:07.671+0000] {logging_mixin.py:150} INFO - [2025-09-02T16:13:07.671+0000] {dag.py:3508} INFO - Setting next_dagrun for example_branch_dop_operator_v3 to 2025-09-02T16:12:00+00:00, run_after=2025-09-02T16:13:00+00:00
[2025-09-02T16:13:07.691+0000] {processor.py:179} INFO - Processing /home/airflow/.local/lib/python3.7/site-packages/airflow/example_dags/example_branch_python_dop_operator_3.py took 0.203 seconds
[2025-09-02T16:13:38.186+0000] {processor.py:157} INFO - Started process (PID=151) to work on /home/airflow/.local/lib/python3.7/site-packages/airflow/example_dags/example_branch_python_dop_operator_3.py
[2025-09-02T16:13:38.187+0000] {processor.py:826} INFO - Processing file /home/airflow/.local/lib/python3.7/site-packages/airflow/example_dags/example_branch_python_dop_operator_3.py for tasks to queue
[2025-09-02T16:13:38.189+0000] {logging_mixin.py:150} INFO - [2025-09-02T16:13:38.188+0000] {dagbag.py:541} INFO - Filling up the DagBag from /home/airflow/.local/lib/python3.7/site-packages/airflow/example_dags/example_branch_python_dop_operator_3.py
[2025-09-02T16:13:38.199+0000] {processor.py:836} INFO - DAG(s) dict_keys(['example_branch_dop_operator_v3']) retrieved from /home/airflow/.local/lib/python3.7/site-packages/airflow/example_dags/example_branch_python_dop_operator_3.py
[2025-09-02T16:13:38.228+0000] {logging_mixin.py:150} INFO - [2025-09-02T16:13:38.228+0000] {dag.py:2742} INFO - Sync 1 DAGs
[2025-09-02T16:13:38.268+0000] {logging_mixin.py:150} INFO - [2025-09-02T16:13:38.267+0000] {dag.py:3508} INFO - Setting next_dagrun for example_branch_dop_operator_v3 to 2025-09-02T16:12:00+00:00, run_after=2025-09-02T16:13:00+00:00
[2025-09-02T16:13:38.295+0000] {processor.py:179} INFO - Processing /home/airflow/.local/lib/python3.7/site-packages/airflow/example_dags/example_branch_python_dop_operator_3.py took 0.114 seconds
[2025-09-02T16:14:08.997+0000] {processor.py:157} INFO - Started process (PID=211) to work on /home/airflow/.local/lib/python3.7/site-packages/airflow/example_dags/example_branch_python_dop_operator_3.py
[2025-09-02T16:14:08.998+0000] {processor.py:826} INFO - Processing file /home/airflow/.local/lib/python3.7/site-packages/airflow/example_dags/example_branch_python_dop_operator_3.py for tasks to queue
[2025-09-02T16:14:08.999+0000] {logging_mixin.py:150} INFO - [2025-09-02T16:14:08.999+0000] {dagbag.py:541} INFO - Filling up the DagBag from /home/airflow/.local/lib/python3.7/site-packages/airflow/example_dags/example_branch_python_dop_operator_3.py
[2025-09-02T16:14:09.011+0000] {processor.py:836} INFO - DAG(s) dict_keys(['example_branch_dop_operator_v3']) retrieved from /home/airflow/.local/lib/python3.7/site-packages/airflow/example_dags/example_branch_python_dop_operator_3.py
[2025-09-02T16:14:09.042+0000] {logging_mixin.py:150} INFO - [2025-09-02T16:14:09.041+0000] {dag.py:2742} INFO - Sync 1 DAGs
[2025-09-02T16:14:09.082+0000] {logging_mixin.py:150} INFO - [2025-09-02T16:14:09.082+0000] {dag.py:3508} INFO - Setting next_dagrun for example_branch_dop_operator_v3 to 2025-09-02T16:13:00+00:00, run_after=2025-09-02T16:14:00+00:00
[2025-09-02T16:14:09.110+0000] {processor.py:179} INFO - Processing /home/airflow/.local/lib/python3.7/site-packages/airflow/example_dags/example_branch_python_dop_operator_3.py took 0.118 seconds
[2025-09-02T16:14:39.710+0000] {processor.py:157} INFO - Started process (PID=271) to work on /home/airflow/.local/lib/python3.7/site-packages/airflow/example_dags/example_branch_python_dop_operator_3.py
[2025-09-02T16:14:39.711+0000] {processor.py:826} INFO - Processing file /home/airflow/.local/lib/python3.7/site-packages/airflow/example_dags/example_branch_python_dop_operator_3.py for tasks to queue
[2025-09-02T16:14:39.712+0000] {logging_mixin.py:150} INFO - [2025-09-02T16:14:39.712+0000] {dagbag.py:541} INFO - Filling up the DagBag from /home/airflow/.local/lib/python3.7/site-packages/airflow/example_dags/example_branch_python_dop_operator_3.py
[2025-09-02T16:14:39.722+0000] {processor.py:836} INFO - DAG(s) dict_keys(['example_branch_dop_operator_v3']) retrieved from /home/airflow/.local/lib/python3.7/site-packages/airflow/example_dags/example_branch_python_dop_operator_3.py
[2025-09-02T16:14:39.750+0000] {logging_mixin.py:150} INFO - [2025-09-02T16:14:39.749+0000] {dag.py:2742} INFO - Sync 1 DAGs
[2025-09-02T16:14:39.791+0000] {logging_mixin.py:150} INFO - [2025-09-02T16:14:39.791+0000] {dag.py:3508} INFO - Setting next_dagrun for example_branch_dop_operator_v3 to 2025-09-02T16:13:00+00:00, run_after=2025-09-02T16:14:00+00:00
[2025-09-02T16:14:39.819+0000] {processor.py:179} INFO - Processing /home/airflow/.local/lib/python3.7/site-packages/airflow/example_dags/example_branch_python_dop_operator_3.py took 0.113 seconds
[2025-09-02T16:15:11.516+0000] {processor.py:157} INFO - Started process (PID=331) to work on /home/airflow/.local/lib/python3.7/site-packages/airflow/example_dags/example_branch_python_dop_operator_3.py
[2025-09-02T16:15:11.517+0000] {processor.py:826} INFO - Processing file /home/airflow/.local/lib/python3.7/site-packages/airflow/example_dags/example_branch_python_dop_operator_3.py for tasks to queue
[2025-09-02T16:15:11.518+0000] {logging_mixin.py:150} INFO - [2025-09-02T16:15:11.518+0000] {dagbag.py:541} INFO - Filling up the DagBag from /home/airflow/.local/lib/python3.7/site-packages/airflow/example_dags/example_branch_python_dop_operator_3.py
[2025-09-02T16:15:11.525+0000] {processor.py:836} INFO - DAG(s) dict_keys(['example_branch_dop_operator_v3']) retrieved from /home/airflow/.local/lib/python3.7/site-packages/airflow/example_dags/example_branch_python_dop_operator_3.py
[2025-09-02T16:15:11.554+0000] {logging_mixin.py:150} INFO - [2025-09-02T16:15:11.554+0000] {dag.py:2742} INFO - Sync 1 DAGs
[2025-09-02T16:15:11.590+0000] {logging_mixin.py:150} INFO - [2025-09-02T16:15:11.590+0000] {dag.py:3508} INFO - Setting next_dagrun for example_branch_dop_operator_v3 to 2025-09-02T16:14:00+00:00, run_after=2025-09-02T16:15:00+00:00
[2025-09-02T16:15:11.620+0000] {processor.py:179} INFO - Processing /home/airflow/.local/lib/python3.7/site-packages/airflow/example_dags/example_branch_python_dop_operator_3.py took 0.108 seconds
[2025-09-02T16:15:42.657+0000] {processor.py:157} INFO - Started process (PID=391) to work on /home/airflow/.local/lib/python3.7/site-packages/airflow/example_dags/example_branch_python_dop_operator_3.py
[2025-09-02T16:15:42.659+0000] {processor.py:826} INFO - Processing file /home/airflow/.local/lib/python3.7/site-packages/airflow/example_dags/example_branch_python_dop_operator_3.py for tasks to queue
[2025-09-02T16:15:42.660+0000] {logging_mixin.py:150} INFO - [2025-09-02T16:15:42.660+0000] {dagbag.py:541} INFO - Filling up the DagBag from /home/airflow/.local/lib/python3.7/site-packages/airflow/example_dags/example_branch_python_dop_operator_3.py
[2025-09-02T16:15:42.670+0000] {processor.py:836} INFO - DAG(s) dict_keys(['example_branch_dop_operator_v3']) retrieved from /home/airflow/.local/lib/python3.7/site-packages/airflow/example_dags/example_branch_python_dop_operator_3.py
[2025-09-02T16:15:42.702+0000] {logging_mixin.py:150} INFO - [2025-09-02T16:15:42.701+0000] {dag.py:2742} INFO - Sync 1 DAGs
[2025-09-02T16:15:42.745+0000] {logging_mixin.py:150} INFO - [2025-09-02T16:15:42.745+0000] {dag.py:3508} INFO - Setting next_dagrun for example_branch_dop_operator_v3 to 2025-09-02T16:14:00+00:00, run_after=2025-09-02T16:15:00+00:00
[2025-09-02T16:15:42.775+0000] {processor.py:179} INFO - Processing /home/airflow/.local/lib/python3.7/site-packages/airflow/example_dags/example_branch_python_dop_operator_3.py took 0.123 seconds
[2025-09-02T16:16:13.683+0000] {processor.py:157} INFO - Started process (PID=451) to work on /home/airflow/.local/lib/python3.7/site-packages/airflow/example_dags/example_branch_python_dop_operator_3.py
[2025-09-02T16:16:13.684+0000] {processor.py:826} INFO - Processing file /home/airflow/.local/lib/python3.7/site-packages/airflow/example_dags/example_branch_python_dop_operator_3.py for tasks to queue
[2025-09-02T16:16:13.685+0000] {logging_mixin.py:150} INFO - [2025-09-02T16:16:13.685+0000] {dagbag.py:541} INFO - Filling up the DagBag from /home/airflow/.local/lib/python3.7/site-packages/airflow/example_dags/example_branch_python_dop_operator_3.py
[2025-09-02T16:16:13.695+0000] {processor.py:836} INFO - DAG(s) dict_keys(['example_branch_dop_operator_v3']) retrieved from /home/airflow/.local/lib/python3.7/site-packages/airflow/example_dags/example_branch_python_dop_operator_3.py
[2025-09-02T16:16:13.723+0000] {logging_mixin.py:150} INFO - [2025-09-02T16:16:13.722+0000] {dag.py:2742} INFO - Sync 1 DAGs
[2025-09-02T16:16:13.763+0000] {logging_mixin.py:150} INFO - [2025-09-02T16:16:13.762+0000] {dag.py:3508} INFO - Setting next_dagrun for example_branch_dop_operator_v3 to 2025-09-02T16:15:00+00:00, run_after=2025-09-02T16:16:00+00:00
[2025-09-02T16:16:13.790+0000] {processor.py:179} INFO - Processing /home/airflow/.local/lib/python3.7/site-packages/airflow/example_dags/example_branch_python_dop_operator_3.py took 0.111 seconds
[2025-09-02T16:16:44.684+0000] {processor.py:157} INFO - Started process (PID=511) to work on /home/airflow/.local/lib/python3.7/site-packages/airflow/example_dags/example_branch_python_dop_operator_3.py
[2025-09-02T16:16:44.685+0000] {processor.py:826} INFO - Processing file /home/airflow/.local/lib/python3.7/site-packages/airflow/example_dags/example_branch_python_dop_operator_3.py for tasks to queue
[2025-09-02T16:16:44.686+0000] {logging_mixin.py:150} INFO - [2025-09-02T16:16:44.686+0000] {dagbag.py:541} INFO - Filling up the DagBag from /home/airflow/.local/lib/python3.7/site-packages/airflow/example_dags/example_branch_python_dop_operator_3.py
[2025-09-02T16:16:44.696+0000] {processor.py:836} INFO - DAG(s) dict_keys(['example_branch_dop_operator_v3']) retrieved from /home/airflow/.local/lib/python3.7/site-packages/airflow/example_dags/example_branch_python_dop_operator_3.py
[2025-09-02T16:16:44.724+0000] {logging_mixin.py:150} INFO - [2025-09-02T16:16:44.724+0000] {dag.py:2742} INFO - Sync 1 DAGs
[2025-09-02T16:16:44.767+0000] {logging_mixin.py:150} INFO - [2025-09-02T16:16:44.767+0000] {dag.py:3508} INFO - Setting next_dagrun for example_branch_dop_operator_v3 to 2025-09-02T16:15:00+00:00, run_after=2025-09-02T16:16:00+00:00
[2025-09-02T16:16:44.795+0000] {processor.py:179} INFO - Processing /home/airflow/.local/lib/python3.7/site-packages/airflow/example_dags/example_branch_python_dop_operator_3.py took 0.116 seconds
[2025-09-02T16:17:23.382+0000] {processor.py:157} INFO - Started process (PID=571) to work on /home/airflow/.local/lib/python3.7/site-packages/airflow/example_dags/example_branch_python_dop_operator_3.py
[2025-09-02T16:17:23.385+0000] {processor.py:826} INFO - Processing file /home/airflow/.local/lib/python3.7/site-packages/airflow/example_dags/example_branch_python_dop_operator_3.py for tasks to queue
[2025-09-02T16:17:23.386+0000] {logging_mixin.py:150} INFO - [2025-09-02T16:17:23.386+0000] {dagbag.py:541} INFO - Filling up the DagBag from /home/airflow/.local/lib/python3.7/site-packages/airflow/example_dags/example_branch_python_dop_operator_3.py
[2025-09-02T16:17:23.408+0000] {processor.py:836} INFO - DAG(s) dict_keys(['example_branch_dop_operator_v3']) retrieved from /home/airflow/.local/lib/python3.7/site-packages/airflow/example_dags/example_branch_python_dop_operator_3.py
[2025-09-02T16:17:23.468+0000] {logging_mixin.py:150} INFO - [2025-09-02T16:17:23.468+0000] {dag.py:2742} INFO - Sync 1 DAGs
[2025-09-02T16:17:23.609+0000] {logging_mixin.py:150} INFO - [2025-09-02T16:17:23.608+0000] {dag.py:3508} INFO - Setting next_dagrun for example_branch_dop_operator_v3 to 2025-09-02T16:16:00+00:00, run_after=2025-09-02T16:17:00+00:00
[2025-09-02T16:17:23.704+0000] {processor.py:179} INFO - Processing /home/airflow/.local/lib/python3.7/site-packages/airflow/example_dags/example_branch_python_dop_operator_3.py took 0.327 seconds
[2025-09-02T16:17:54.075+0000] {processor.py:157} INFO - Started process (PID=631) to work on /home/airflow/.local/lib/python3.7/site-packages/airflow/example_dags/example_branch_python_dop_operator_3.py
[2025-09-02T16:17:54.076+0000] {processor.py:826} INFO - Processing file /home/airflow/.local/lib/python3.7/site-packages/airflow/example_dags/example_branch_python_dop_operator_3.py for tasks to queue
[2025-09-02T16:17:54.077+0000] {logging_mixin.py:150} INFO - [2025-09-02T16:17:54.077+0000] {dagbag.py:541} INFO - Filling up the DagBag from /home/airflow/.local/lib/python3.7/site-packages/airflow/example_dags/example_branch_python_dop_operator_3.py
[2025-09-02T16:17:54.087+0000] {processor.py:836} INFO - DAG(s) dict_keys(['example_branch_dop_operator_v3']) retrieved from /home/airflow/.local/lib/python3.7/site-packages/airflow/example_dags/example_branch_python_dop_operator_3.py
[2025-09-02T16:17:54.118+0000] {logging_mixin.py:150} INFO - [2025-09-02T16:17:54.118+0000] {dag.py:2742} INFO - Sync 1 DAGs
[2025-09-02T16:17:54.158+0000] {logging_mixin.py:150} INFO - [2025-09-02T16:17:54.157+0000] {dag.py:3508} INFO - Setting next_dagrun for example_branch_dop_operator_v3 to 2025-09-02T16:16:00+00:00, run_after=2025-09-02T16:17:00+00:00
[2025-09-02T16:17:54.194+0000] {processor.py:179} INFO - Processing /home/airflow/.local/lib/python3.7/site-packages/airflow/example_dags/example_branch_python_dop_operator_3.py took 0.123 seconds
[2025-09-02T16:18:25.341+0000] {processor.py:157} INFO - Started process (PID=691) to work on /home/airflow/.local/lib/python3.7/site-packages/airflow/example_dags/example_branch_python_dop_operator_3.py
[2025-09-02T16:18:25.342+0000] {processor.py:826} INFO - Processing file /home/airflow/.local/lib/python3.7/site-packages/airflow/example_dags/example_branch_python_dop_operator_3.py for tasks to queue
[2025-09-02T16:18:25.343+0000] {logging_mixin.py:150} INFO - [2025-09-02T16:18:25.343+0000] {dagbag.py:541} INFO - Filling up the DagBag from /home/airflow/.local/lib/python3.7/site-packages/airflow/example_dags/example_branch_python_dop_operator_3.py
[2025-09-02T16:18:25.353+0000] {processor.py:836} INFO - DAG(s) dict_keys(['example_branch_dop_operator_v3']) retrieved from /home/airflow/.local/lib/python3.7/site-packages/airflow/example_dags/example_branch_python_dop_operator_3.py
[2025-09-02T16:18:25.381+0000] {logging_mixin.py:150} INFO - [2025-09-02T16:18:25.380+0000] {dag.py:2742} INFO - Sync 1 DAGs
[2025-09-02T16:18:25.421+0000] {logging_mixin.py:150} INFO - [2025-09-02T16:18:25.421+0000] {dag.py:3508} INFO - Setting next_dagrun for example_branch_dop_operator_v3 to 2025-09-02T16:17:00+00:00, run_after=2025-09-02T16:18:00+00:00
[2025-09-02T16:18:25.455+0000] {processor.py:179} INFO - Processing /home/airflow/.local/lib/python3.7/site-packages/airflow/example_dags/example_branch_python_dop_operator_3.py took 0.119 seconds
[2025-09-02T16:18:55.955+0000] {processor.py:157} INFO - Started process (PID=751) to work on /home/airflow/.local/lib/python3.7/site-packages/airflow/example_dags/example_branch_python_dop_operator_3.py
[2025-09-02T16:18:55.956+0000] {processor.py:826} INFO - Processing file /home/airflow/.local/lib/python3.7/site-packages/airflow/example_dags/example_branch_python_dop_operator_3.py for tasks to queue
[2025-09-02T16:18:55.957+0000] {logging_mixin.py:150} INFO - [2025-09-02T16:18:55.956+0000] {dagbag.py:541} INFO - Filling up the DagBag from /home/airflow/.local/lib/python3.7/site-packages/airflow/example_dags/example_branch_python_dop_operator_3.py
[2025-09-02T16:18:55.965+0000] {processor.py:836} INFO - DAG(s) dict_keys(['example_branch_dop_operator_v3']) retrieved from /home/airflow/.local/lib/python3.7/site-packages/airflow/example_dags/example_branch_python_dop_operator_3.py
[2025-09-02T16:18:55.990+0000] {logging_mixin.py:150} INFO - [2025-09-02T16:18:55.989+0000] {dag.py:2742} INFO - Sync 1 DAGs
[2025-09-02T16:18:56.019+0000] {logging_mixin.py:150} INFO - [2025-09-02T16:18:56.018+0000] {dag.py:3508} INFO - Setting next_dagrun for example_branch_dop_operator_v3 to 2025-09-02T16:17:00+00:00, run_after=2025-09-02T16:18:00+00:00
[2025-09-02T16:18:56.038+0000] {processor.py:179} INFO - Processing /home/airflow/.local/lib/python3.7/site-packages/airflow/example_dags/example_branch_python_dop_operator_3.py took 0.087 seconds
[2025-09-02T16:19:27.744+0000] {processor.py:157} INFO - Started process (PID=811) to work on /home/airflow/.local/lib/python3.7/site-packages/airflow/example_dags/example_branch_python_dop_operator_3.py
[2025-09-02T16:19:27.746+0000] {processor.py:826} INFO - Processing file /home/airflow/.local/lib/python3.7/site-packages/airflow/example_dags/example_branch_python_dop_operator_3.py for tasks to queue
[2025-09-02T16:19:27.747+0000] {logging_mixin.py:150} INFO - [2025-09-02T16:19:27.746+0000] {dagbag.py:541} INFO - Filling up the DagBag from /home/airflow/.local/lib/python3.7/site-packages/airflow/example_dags/example_branch_python_dop_operator_3.py
[2025-09-02T16:19:27.758+0000] {processor.py:836} INFO - DAG(s) dict_keys(['example_branch_dop_operator_v3']) retrieved from /home/airflow/.local/lib/python3.7/site-packages/airflow/example_dags/example_branch_python_dop_operator_3.py
[2025-09-02T16:19:27.792+0000] {logging_mixin.py:150} INFO - [2025-09-02T16:19:27.792+0000] {dag.py:2742} INFO - Sync 1 DAGs
[2025-09-02T16:19:27.842+0000] {logging_mixin.py:150} INFO - [2025-09-02T16:19:27.842+0000] {dag.py:3508} INFO - Setting next_dagrun for example_branch_dop_operator_v3 to 2025-09-02T16:18:00+00:00, run_after=2025-09-02T16:19:00+00:00
[2025-09-02T16:19:27.888+0000] {processor.py:179} INFO - Processing /home/airflow/.local/lib/python3.7/site-packages/airflow/example_dags/example_branch_python_dop_operator_3.py took 0.150 seconds
[2025-09-02T16:19:59.479+0000] {processor.py:157} INFO - Started process (PID=871) to work on /home/airflow/.local/lib/python3.7/site-packages/airflow/example_dags/example_branch_python_dop_operator_3.py
[2025-09-02T16:19:59.480+0000] {processor.py:826} INFO - Processing file /home/airflow/.local/lib/python3.7/site-packages/airflow/example_dags/example_branch_python_dop_operator_3.py for tasks to queue
[2025-09-02T16:19:59.481+0000] {logging_mixin.py:150} INFO - [2025-09-02T16:19:59.481+0000] {dagbag.py:541} INFO - Filling up the DagBag from /home/airflow/.local/lib/python3.7/site-packages/airflow/example_dags/example_branch_python_dop_operator_3.py
[2025-09-02T16:19:59.497+0000] {processor.py:836} INFO - DAG(s) dict_keys(['example_branch_dop_operator_v3']) retrieved from /home/airflow/.local/lib/python3.7/site-packages/airflow/example_dags/example_branch_python_dop_operator_3.py
[2025-09-02T16:19:59.533+0000] {logging_mixin.py:150} INFO - [2025-09-02T16:19:59.533+0000] {dag.py:2742} INFO - Sync 1 DAGs
[2025-09-02T16:19:59.578+0000] {logging_mixin.py:150} INFO - [2025-09-02T16:19:59.578+0000] {dag.py:3508} INFO - Setting next_dagrun for example_branch_dop_operator_v3 to 2025-09-02T16:18:00+00:00, run_after=2025-09-02T16:19:00+00:00
[2025-09-02T16:19:59.608+0000] {processor.py:179} INFO - Processing /home/airflow/.local/lib/python3.7/site-packages/airflow/example_dags/example_branch_python_dop_operator_3.py took 0.134 seconds
[2025-09-02T16:20:30.415+0000] {processor.py:157} INFO - Started process (PID=931) to work on /home/airflow/.local/lib/python3.7/site-packages/airflow/example_dags/example_branch_python_dop_operator_3.py
[2025-09-02T16:20:30.416+0000] {processor.py:826} INFO - Processing file /home/airflow/.local/lib/python3.7/site-packages/airflow/example_dags/example_branch_python_dop_operator_3.py for tasks to queue
[2025-09-02T16:20:30.417+0000] {logging_mixin.py:150} INFO - [2025-09-02T16:20:30.417+0000] {dagbag.py:541} INFO - Filling up the DagBag from /home/airflow/.local/lib/python3.7/site-packages/airflow/example_dags/example_branch_python_dop_operator_3.py
[2025-09-02T16:20:30.431+0000] {processor.py:836} INFO - DAG(s) dict_keys(['example_branch_dop_operator_v3']) retrieved from /home/airflow/.local/lib/python3.7/site-packages/airflow/example_dags/example_branch_python_dop_operator_3.py
[2025-09-02T16:20:30.478+0000] {logging_mixin.py:150} INFO - [2025-09-02T16:20:30.477+0000] {dag.py:2742} INFO - Sync 1 DAGs
[2025-09-02T16:20:30.524+0000] {logging_mixin.py:150} INFO - [2025-09-02T16:20:30.523+0000] {dag.py:3508} INFO - Setting next_dagrun for example_branch_dop_operator_v3 to 2025-09-02T16:19:00+00:00, run_after=2025-09-02T16:20:00+00:00
[2025-09-02T16:20:30.552+0000] {processor.py:179} INFO - Processing /home/airflow/.local/lib/python3.7/site-packages/airflow/example_dags/example_branch_python_dop_operator_3.py took 0.142 seconds
[2025-09-02T16:21:01.772+0000] {processor.py:157} INFO - Started process (PID=991) to work on /home/airflow/.local/lib/python3.7/site-packages/airflow/example_dags/example_branch_python_dop_operator_3.py
[2025-09-02T16:21:01.773+0000] {processor.py:826} INFO - Processing file /home/airflow/.local/lib/python3.7/site-packages/airflow/example_dags/example_branch_python_dop_operator_3.py for tasks to queue
[2025-09-02T16:21:01.774+0000] {logging_mixin.py:150} INFO - [2025-09-02T16:21:01.774+0000] {dagbag.py:541} INFO - Filling up the DagBag from /home/airflow/.local/lib/python3.7/site-packages/airflow/example_dags/example_branch_python_dop_operator_3.py
[2025-09-02T16:21:01.784+0000] {processor.py:836} INFO - DAG(s) dict_keys(['example_branch_dop_operator_v3']) retrieved from /home/airflow/.local/lib/python3.7/site-packages/airflow/example_dags/example_branch_python_dop_operator_3.py
[2025-09-02T16:21:01.817+0000] {logging_mixin.py:150} INFO - [2025-09-02T16:21:01.817+0000] {dag.py:2742} INFO - Sync 1 DAGs
[2025-09-02T16:21:01.862+0000] {logging_mixin.py:150} INFO - [2025-09-02T16:21:01.861+0000] {dag.py:3508} INFO - Setting next_dagrun for example_branch_dop_operator_v3 to 2025-09-02T16:20:00+00:00, run_after=2025-09-02T16:21:00+00:00
[2025-09-02T16:21:01.905+0000] {processor.py:179} INFO - Processing /home/airflow/.local/lib/python3.7/site-packages/airflow/example_dags/example_branch_python_dop_operator_3.py took 0.139 seconds
[2025-09-02T16:21:32.821+0000] {processor.py:157} INFO - Started process (PID=1051) to work on /home/airflow/.local/lib/python3.7/site-packages/airflow/example_dags/example_branch_python_dop_operator_3.py
[2025-09-02T16:21:32.822+0000] {processor.py:826} INFO - Processing file /home/airflow/.local/lib/python3.7/site-packages/airflow/example_dags/example_branch_python_dop_operator_3.py for tasks to queue
[2025-09-02T16:21:32.823+0000] {logging_mixin.py:150} INFO - [2025-09-02T16:21:32.823+0000] {dagbag.py:541} INFO - Filling up the DagBag from /home/airflow/.local/lib/python3.7/site-packages/airflow/example_dags/example_branch_python_dop_operator_3.py
[2025-09-02T16:21:32.835+0000] {processor.py:836} INFO - DAG(s) dict_keys(['example_branch_dop_operator_v3']) retrieved from /home/airflow/.local/lib/python3.7/site-packages/airflow/example_dags/example_branch_python_dop_operator_3.py
[2025-09-02T16:21:32.865+0000] {logging_mixin.py:150} INFO - [2025-09-02T16:21:32.865+0000] {dag.py:2742} INFO - Sync 1 DAGs
[2025-09-02T16:21:32.906+0000] {logging_mixin.py:150} INFO - [2025-09-02T16:21:32.905+0000] {dag.py:3508} INFO - Setting next_dagrun for example_branch_dop_operator_v3 to 2025-09-02T16:20:00+00:00, run_after=2025-09-02T16:21:00+00:00
[2025-09-02T16:21:32.935+0000] {processor.py:179} INFO - Processing /home/airflow/.local/lib/python3.7/site-packages/airflow/example_dags/example_branch_python_dop_operator_3.py took 0.118 seconds
[2025-09-02T16:22:04.524+0000] {processor.py:157} INFO - Started process (PID=1111) to work on /home/airflow/.local/lib/python3.7/site-packages/airflow/example_dags/example_branch_python_dop_operator_3.py
[2025-09-02T16:22:04.525+0000] {processor.py:826} INFO - Processing file /home/airflow/.local/lib/python3.7/site-packages/airflow/example_dags/example_branch_python_dop_operator_3.py for tasks to queue
[2025-09-02T16:22:04.526+0000] {logging_mixin.py:150} INFO - [2025-09-02T16:22:04.526+0000] {dagbag.py:541} INFO - Filling up the DagBag from /home/airflow/.local/lib/python3.7/site-packages/airflow/example_dags/example_branch_python_dop_operator_3.py
[2025-09-02T16:22:04.535+0000] {processor.py:836} INFO - DAG(s) dict_keys(['example_branch_dop_operator_v3']) retrieved from /home/airflow/.local/lib/python3.7/site-packages/airflow/example_dags/example_branch_python_dop_operator_3.py
[2025-09-02T16:22:04.568+0000] {logging_mixin.py:150} INFO - [2025-09-02T16:22:04.567+0000] {dag.py:2742} INFO - Sync 1 DAGs
[2025-09-02T16:22:04.608+0000] {logging_mixin.py:150} INFO - [2025-09-02T16:22:04.608+0000] {dag.py:3508} INFO - Setting next_dagrun for example_branch_dop_operator_v3 to 2025-09-02T16:21:00+00:00, run_after=2025-09-02T16:22:00+00:00
[2025-09-02T16:22:04.636+0000] {processor.py:179} INFO - Processing /home/airflow/.local/lib/python3.7/site-packages/airflow/example_dags/example_branch_python_dop_operator_3.py took 0.115 seconds
[2025-09-02T16:22:35.734+0000] {processor.py:157} INFO - Started process (PID=1171) to work on /home/airflow/.local/lib/python3.7/site-packages/airflow/example_dags/example_branch_python_dop_operator_3.py
[2025-09-02T16:22:35.735+0000] {processor.py:826} INFO - Processing file /home/airflow/.local/lib/python3.7/site-packages/airflow/example_dags/example_branch_python_dop_operator_3.py for tasks to queue
[2025-09-02T16:22:35.736+0000] {logging_mixin.py:150} INFO - [2025-09-02T16:22:35.736+0000] {dagbag.py:541} INFO - Filling up the DagBag from /home/airflow/.local/lib/python3.7/site-packages/airflow/example_dags/example_branch_python_dop_operator_3.py
[2025-09-02T16:22:35.748+0000] {processor.py:836} INFO - DAG(s) dict_keys(['example_branch_dop_operator_v3']) retrieved from /home/airflow/.local/lib/python3.7/site-packages/airflow/example_dags/example_branch_python_dop_operator_3.py
[2025-09-02T16:22:35.777+0000] {logging_mixin.py:150} INFO - [2025-09-02T16:22:35.777+0000] {dag.py:2742} INFO - Sync 1 DAGs
[2025-09-02T16:22:35.818+0000] {logging_mixin.py:150} INFO - [2025-09-02T16:22:35.818+0000] {dag.py:3508} INFO - Setting next_dagrun for example_branch_dop_operator_v3 to 2025-09-02T16:21:00+00:00, run_after=2025-09-02T16:22:00+00:00
[2025-09-02T16:22:35.846+0000] {processor.py:179} INFO - Processing /home/airflow/.local/lib/python3.7/site-packages/airflow/example_dags/example_branch_python_dop_operator_3.py took 0.119 seconds
[2025-09-02T16:23:07.106+0000] {processor.py:157} INFO - Started process (PID=1238) to work on /home/airflow/.local/lib/python3.7/site-packages/airflow/example_dags/example_branch_python_dop_operator_3.py
[2025-09-02T16:23:07.107+0000] {processor.py:826} INFO - Processing file /home/airflow/.local/lib/python3.7/site-packages/airflow/example_dags/example_branch_python_dop_operator_3.py for tasks to queue
[2025-09-02T16:23:07.108+0000] {logging_mixin.py:150} INFO - [2025-09-02T16:23:07.107+0000] {dagbag.py:541} INFO - Filling up the DagBag from /home/airflow/.local/lib/python3.7/site-packages/airflow/example_dags/example_branch_python_dop_operator_3.py
[2025-09-02T16:23:07.118+0000] {processor.py:836} INFO - DAG(s) dict_keys(['example_branch_dop_operator_v3']) retrieved from /home/airflow/.local/lib/python3.7/site-packages/airflow/example_dags/example_branch_python_dop_operator_3.py
[2025-09-02T16:23:07.148+0000] {logging_mixin.py:150} INFO - [2025-09-02T16:23:07.147+0000] {dag.py:2742} INFO - Sync 1 DAGs
[2025-09-02T16:23:07.195+0000] {logging_mixin.py:150} INFO - [2025-09-02T16:23:07.195+0000] {dag.py:3508} INFO - Setting next_dagrun for example_branch_dop_operator_v3 to 2025-09-02T16:22:00+00:00, run_after=2025-09-02T16:23:00+00:00
[2025-09-02T16:23:07.224+0000] {processor.py:179} INFO - Processing /home/airflow/.local/lib/python3.7/site-packages/airflow/example_dags/example_branch_python_dop_operator_3.py took 0.122 seconds
[2025-09-02T16:23:37.977+0000] {processor.py:157} INFO - Started process (PID=1298) to work on /home/airflow/.local/lib/python3.7/site-packages/airflow/example_dags/example_branch_python_dop_operator_3.py
[2025-09-02T16:23:37.978+0000] {processor.py:826} INFO - Processing file /home/airflow/.local/lib/python3.7/site-packages/airflow/example_dags/example_branch_python_dop_operator_3.py for tasks to queue
[2025-09-02T16:23:37.979+0000] {logging_mixin.py:150} INFO - [2025-09-02T16:23:37.979+0000] {dagbag.py:541} INFO - Filling up the DagBag from /home/airflow/.local/lib/python3.7/site-packages/airflow/example_dags/example_branch_python_dop_operator_3.py
[2025-09-02T16:23:37.989+0000] {processor.py:836} INFO - DAG(s) dict_keys(['example_branch_dop_operator_v3']) retrieved from /home/airflow/.local/lib/python3.7/site-packages/airflow/example_dags/example_branch_python_dop_operator_3.py
[2025-09-02T16:23:38.021+0000] {logging_mixin.py:150} INFO - [2025-09-02T16:23:38.021+0000] {dag.py:2742} INFO - Sync 1 DAGs
[2025-09-02T16:23:38.062+0000] {logging_mixin.py:150} INFO - [2025-09-02T16:23:38.062+0000] {dag.py:3508} INFO - Setting next_dagrun for example_branch_dop_operator_v3 to 2025-09-02T16:22:00+00:00, run_after=2025-09-02T16:23:00+00:00
[2025-09-02T16:23:38.091+0000] {processor.py:179} INFO - Processing /home/airflow/.local/lib/python3.7/site-packages/airflow/example_dags/example_branch_python_dop_operator_3.py took 0.119 seconds
[2025-09-02T16:24:09.234+0000] {processor.py:157} INFO - Started process (PID=1358) to work on /home/airflow/.local/lib/python3.7/site-packages/airflow/example_dags/example_branch_python_dop_operator_3.py
[2025-09-02T16:24:09.235+0000] {processor.py:826} INFO - Processing file /home/airflow/.local/lib/python3.7/site-packages/airflow/example_dags/example_branch_python_dop_operator_3.py for tasks to queue
[2025-09-02T16:24:09.236+0000] {logging_mixin.py:150} INFO - [2025-09-02T16:24:09.236+0000] {dagbag.py:541} INFO - Filling up the DagBag from /home/airflow/.local/lib/python3.7/site-packages/airflow/example_dags/example_branch_python_dop_operator_3.py
[2025-09-02T16:24:09.251+0000] {processor.py:836} INFO - DAG(s) dict_keys(['example_branch_dop_operator_v3']) retrieved from /home/airflow/.local/lib/python3.7/site-packages/airflow/example_dags/example_branch_python_dop_operator_3.py
[2025-09-02T16:24:09.294+0000] {logging_mixin.py:150} INFO - [2025-09-02T16:24:09.294+0000] {dag.py:2742} INFO - Sync 1 DAGs
[2025-09-02T16:24:09.335+0000] {logging_mixin.py:150} INFO - [2025-09-02T16:24:09.335+0000] {dag.py:3508} INFO - Setting next_dagrun for example_branch_dop_operator_v3 to 2025-09-02T16:23:00+00:00, run_after=2025-09-02T16:24:00+00:00
[2025-09-02T16:24:09.361+0000] {processor.py:179} INFO - Processing /home/airflow/.local/lib/python3.7/site-packages/airflow/example_dags/example_branch_python_dop_operator_3.py took 0.132 seconds
[2025-09-02T16:26:39.667+0000] {processor.py:157} INFO - Started process (PID=104) to work on /home/airflow/.local/lib/python3.7/site-packages/airflow/example_dags/example_branch_python_dop_operator_3.py
[2025-09-02T16:26:39.671+0000] {processor.py:826} INFO - Processing file /home/airflow/.local/lib/python3.7/site-packages/airflow/example_dags/example_branch_python_dop_operator_3.py for tasks to queue
[2025-09-02T16:26:39.674+0000] {logging_mixin.py:150} INFO - [2025-09-02T16:26:39.673+0000] {dagbag.py:541} INFO - Filling up the DagBag from /home/airflow/.local/lib/python3.7/site-packages/airflow/example_dags/example_branch_python_dop_operator_3.py
[2025-09-02T16:26:39.727+0000] {processor.py:836} INFO - DAG(s) dict_keys(['example_branch_dop_operator_v3']) retrieved from /home/airflow/.local/lib/python3.7/site-packages/airflow/example_dags/example_branch_python_dop_operator_3.py
[2025-09-02T16:26:40.226+0000] {logging_mixin.py:150} INFO - [2025-09-02T16:26:40.222+0000] {dag.py:2742} INFO - Sync 1 DAGs
[2025-09-02T16:26:40.644+0000] {logging_mixin.py:150} INFO - [2025-09-02T16:26:40.642+0000] {dag.py:3508} INFO - Setting next_dagrun for example_branch_dop_operator_v3 to 2025-09-02T16:25:00+00:00, run_after=2025-09-02T16:26:00+00:00
[2025-09-02T16:26:40.824+0000] {processor.py:179} INFO - Processing /home/airflow/.local/lib/python3.7/site-packages/airflow/example_dags/example_branch_python_dop_operator_3.py took 1.162 seconds
[2025-09-02T16:27:10.970+0000] {processor.py:157} INFO - Started process (PID=163) to work on /home/airflow/.local/lib/python3.7/site-packages/airflow/example_dags/example_branch_python_dop_operator_3.py
[2025-09-02T16:27:10.971+0000] {processor.py:826} INFO - Processing file /home/airflow/.local/lib/python3.7/site-packages/airflow/example_dags/example_branch_python_dop_operator_3.py for tasks to queue
[2025-09-02T16:27:10.971+0000] {logging_mixin.py:150} INFO - [2025-09-02T16:27:10.971+0000] {dagbag.py:541} INFO - Filling up the DagBag from /home/airflow/.local/lib/python3.7/site-packages/airflow/example_dags/example_branch_python_dop_operator_3.py
[2025-09-02T16:27:10.980+0000] {processor.py:836} INFO - DAG(s) dict_keys(['example_branch_dop_operator_v3']) retrieved from /home/airflow/.local/lib/python3.7/site-packages/airflow/example_dags/example_branch_python_dop_operator_3.py
[2025-09-02T16:27:11.031+0000] {logging_mixin.py:150} INFO - [2025-09-02T16:27:11.030+0000] {dag.py:2742} INFO - Sync 1 DAGs
[2025-09-02T16:27:11.090+0000] {logging_mixin.py:150} INFO - [2025-09-02T16:27:11.090+0000] {dag.py:3508} INFO - Setting next_dagrun for example_branch_dop_operator_v3 to 2025-09-02T16:26:00+00:00, run_after=2025-09-02T16:27:00+00:00
[2025-09-02T16:27:11.135+0000] {processor.py:179} INFO - Processing /home/airflow/.local/lib/python3.7/site-packages/airflow/example_dags/example_branch_python_dop_operator_3.py took 0.169 seconds
[2025-09-02T16:27:41.247+0000] {processor.py:157} INFO - Started process (PID=223) to work on /home/airflow/.local/lib/python3.7/site-packages/airflow/example_dags/example_branch_python_dop_operator_3.py
[2025-09-02T16:27:41.249+0000] {processor.py:826} INFO - Processing file /home/airflow/.local/lib/python3.7/site-packages/airflow/example_dags/example_branch_python_dop_operator_3.py for tasks to queue
[2025-09-02T16:27:41.250+0000] {logging_mixin.py:150} INFO - [2025-09-02T16:27:41.250+0000] {dagbag.py:541} INFO - Filling up the DagBag from /home/airflow/.local/lib/python3.7/site-packages/airflow/example_dags/example_branch_python_dop_operator_3.py
[2025-09-02T16:27:41.259+0000] {processor.py:836} INFO - DAG(s) dict_keys(['example_branch_dop_operator_v3']) retrieved from /home/airflow/.local/lib/python3.7/site-packages/airflow/example_dags/example_branch_python_dop_operator_3.py
[2025-09-02T16:27:41.282+0000] {logging_mixin.py:150} INFO - [2025-09-02T16:27:41.281+0000] {dag.py:2742} INFO - Sync 1 DAGs
[2025-09-02T16:27:41.311+0000] {logging_mixin.py:150} INFO - [2025-09-02T16:27:41.311+0000] {dag.py:3508} INFO - Setting next_dagrun for example_branch_dop_operator_v3 to 2025-09-02T16:26:00+00:00, run_after=2025-09-02T16:27:00+00:00
[2025-09-02T16:27:41.334+0000] {processor.py:179} INFO - Processing /home/airflow/.local/lib/python3.7/site-packages/airflow/example_dags/example_branch_python_dop_operator_3.py took 0.092 seconds
[2025-09-02T16:28:11.895+0000] {processor.py:157} INFO - Started process (PID=282) to work on /home/airflow/.local/lib/python3.7/site-packages/airflow/example_dags/example_branch_python_dop_operator_3.py
[2025-09-02T16:28:11.896+0000] {processor.py:826} INFO - Processing file /home/airflow/.local/lib/python3.7/site-packages/airflow/example_dags/example_branch_python_dop_operator_3.py for tasks to queue
[2025-09-02T16:28:11.898+0000] {logging_mixin.py:150} INFO - [2025-09-02T16:28:11.897+0000] {dagbag.py:541} INFO - Filling up the DagBag from /home/airflow/.local/lib/python3.7/site-packages/airflow/example_dags/example_branch_python_dop_operator_3.py
[2025-09-02T16:28:11.915+0000] {processor.py:836} INFO - DAG(s) dict_keys(['example_branch_dop_operator_v3']) retrieved from /home/airflow/.local/lib/python3.7/site-packages/airflow/example_dags/example_branch_python_dop_operator_3.py
[2025-09-02T16:28:11.972+0000] {logging_mixin.py:150} INFO - [2025-09-02T16:28:11.972+0000] {dag.py:2742} INFO - Sync 1 DAGs
[2025-09-02T16:28:12.030+0000] {logging_mixin.py:150} INFO - [2025-09-02T16:28:12.030+0000] {dag.py:3508} INFO - Setting next_dagrun for example_branch_dop_operator_v3 to 2025-09-02T16:27:00+00:00, run_after=2025-09-02T16:28:00+00:00
[2025-09-02T16:28:12.075+0000] {processor.py:179} INFO - Processing /home/airflow/.local/lib/python3.7/site-packages/airflow/example_dags/example_branch_python_dop_operator_3.py took 0.187 seconds
[2025-09-02T16:28:42.205+0000] {processor.py:157} INFO - Started process (PID=342) to work on /home/airflow/.local/lib/python3.7/site-packages/airflow/example_dags/example_branch_python_dop_operator_3.py
[2025-09-02T16:28:42.206+0000] {processor.py:826} INFO - Processing file /home/airflow/.local/lib/python3.7/site-packages/airflow/example_dags/example_branch_python_dop_operator_3.py for tasks to queue
[2025-09-02T16:28:42.207+0000] {logging_mixin.py:150} INFO - [2025-09-02T16:28:42.207+0000] {dagbag.py:541} INFO - Filling up the DagBag from /home/airflow/.local/lib/python3.7/site-packages/airflow/example_dags/example_branch_python_dop_operator_3.py
[2025-09-02T16:28:42.217+0000] {processor.py:836} INFO - DAG(s) dict_keys(['example_branch_dop_operator_v3']) retrieved from /home/airflow/.local/lib/python3.7/site-packages/airflow/example_dags/example_branch_python_dop_operator_3.py
[2025-09-02T16:28:42.246+0000] {logging_mixin.py:150} INFO - [2025-09-02T16:28:42.246+0000] {dag.py:2742} INFO - Sync 1 DAGs
[2025-09-02T16:28:42.292+0000] {logging_mixin.py:150} INFO - [2025-09-02T16:28:42.291+0000] {dag.py:3508} INFO - Setting next_dagrun for example_branch_dop_operator_v3 to 2025-09-02T16:27:00+00:00, run_after=2025-09-02T16:28:00+00:00
[2025-09-02T16:28:42.320+0000] {processor.py:179} INFO - Processing /home/airflow/.local/lib/python3.7/site-packages/airflow/example_dags/example_branch_python_dop_operator_3.py took 0.120 seconds
[2025-09-02T16:29:12.395+0000] {processor.py:157} INFO - Started process (PID=402) to work on /home/airflow/.local/lib/python3.7/site-packages/airflow/example_dags/example_branch_python_dop_operator_3.py
[2025-09-02T16:29:12.396+0000] {processor.py:826} INFO - Processing file /home/airflow/.local/lib/python3.7/site-packages/airflow/example_dags/example_branch_python_dop_operator_3.py for tasks to queue
[2025-09-02T16:29:12.397+0000] {logging_mixin.py:150} INFO - [2025-09-02T16:29:12.396+0000] {dagbag.py:541} INFO - Filling up the DagBag from /home/airflow/.local/lib/python3.7/site-packages/airflow/example_dags/example_branch_python_dop_operator_3.py
[2025-09-02T16:29:12.408+0000] {processor.py:836} INFO - DAG(s) dict_keys(['example_branch_dop_operator_v3']) retrieved from /home/airflow/.local/lib/python3.7/site-packages/airflow/example_dags/example_branch_python_dop_operator_3.py
[2025-09-02T16:29:12.443+0000] {logging_mixin.py:150} INFO - [2025-09-02T16:29:12.442+0000] {dag.py:2742} INFO - Sync 1 DAGs
[2025-09-02T16:29:12.485+0000] {logging_mixin.py:150} INFO - [2025-09-02T16:29:12.485+0000] {dag.py:3508} INFO - Setting next_dagrun for example_branch_dop_operator_v3 to 2025-09-02T16:28:00+00:00, run_after=2025-09-02T16:29:00+00:00
[2025-09-02T16:29:12.518+0000] {processor.py:179} INFO - Processing /home/airflow/.local/lib/python3.7/site-packages/airflow/example_dags/example_branch_python_dop_operator_3.py took 0.128 seconds
[2025-09-02T16:29:43.277+0000] {processor.py:157} INFO - Started process (PID=462) to work on /home/airflow/.local/lib/python3.7/site-packages/airflow/example_dags/example_branch_python_dop_operator_3.py
[2025-09-02T16:29:43.279+0000] {processor.py:826} INFO - Processing file /home/airflow/.local/lib/python3.7/site-packages/airflow/example_dags/example_branch_python_dop_operator_3.py for tasks to queue
[2025-09-02T16:29:43.282+0000] {logging_mixin.py:150} INFO - [2025-09-02T16:29:43.281+0000] {dagbag.py:541} INFO - Filling up the DagBag from /home/airflow/.local/lib/python3.7/site-packages/airflow/example_dags/example_branch_python_dop_operator_3.py
[2025-09-02T16:29:43.302+0000] {processor.py:836} INFO - DAG(s) dict_keys(['example_branch_dop_operator_v3']) retrieved from /home/airflow/.local/lib/python3.7/site-packages/airflow/example_dags/example_branch_python_dop_operator_3.py
[2025-09-02T16:29:43.347+0000] {logging_mixin.py:150} INFO - [2025-09-02T16:29:43.347+0000] {dag.py:2742} INFO - Sync 1 DAGs
[2025-09-02T16:29:43.410+0000] {logging_mixin.py:150} INFO - [2025-09-02T16:29:43.410+0000] {dag.py:3508} INFO - Setting next_dagrun for example_branch_dop_operator_v3 to 2025-09-02T16:28:00+00:00, run_after=2025-09-02T16:29:00+00:00
[2025-09-02T16:29:43.457+0000] {processor.py:179} INFO - Processing /home/airflow/.local/lib/python3.7/site-packages/airflow/example_dags/example_branch_python_dop_operator_3.py took 0.196 seconds
[2025-09-02T16:30:13.530+0000] {processor.py:157} INFO - Started process (PID=522) to work on /home/airflow/.local/lib/python3.7/site-packages/airflow/example_dags/example_branch_python_dop_operator_3.py
[2025-09-02T16:30:13.532+0000] {processor.py:826} INFO - Processing file /home/airflow/.local/lib/python3.7/site-packages/airflow/example_dags/example_branch_python_dop_operator_3.py for tasks to queue
[2025-09-02T16:30:13.534+0000] {logging_mixin.py:150} INFO - [2025-09-02T16:30:13.533+0000] {dagbag.py:541} INFO - Filling up the DagBag from /home/airflow/.local/lib/python3.7/site-packages/airflow/example_dags/example_branch_python_dop_operator_3.py
[2025-09-02T16:30:13.558+0000] {processor.py:836} INFO - DAG(s) dict_keys(['example_branch_dop_operator_v3']) retrieved from /home/airflow/.local/lib/python3.7/site-packages/airflow/example_dags/example_branch_python_dop_operator_3.py
[2025-09-02T16:30:13.674+0000] {logging_mixin.py:150} INFO - [2025-09-02T16:30:13.674+0000] {dag.py:2742} INFO - Sync 1 DAGs
[2025-09-02T16:30:13.744+0000] {logging_mixin.py:150} INFO - [2025-09-02T16:30:13.744+0000] {dag.py:3508} INFO - Setting next_dagrun for example_branch_dop_operator_v3 to 2025-09-02T16:29:00+00:00, run_after=2025-09-02T16:30:00+00:00
[2025-09-02T16:30:13.789+0000] {processor.py:179} INFO - Processing /home/airflow/.local/lib/python3.7/site-packages/airflow/example_dags/example_branch_python_dop_operator_3.py took 0.265 seconds
