[2025-09-02T16:13:07.635+0000] {processor.py:157} INFO - Started process (PID=91) to work on /home/airflow/.local/lib/python3.7/site-packages/airflow/example_dags/example_branch_operator_decorator.py
[2025-09-02T16:13:07.636+0000] {processor.py:826} INFO - Processing file /home/airflow/.local/lib/python3.7/site-packages/airflow/example_dags/example_branch_operator_decorator.py for tasks to queue
[2025-09-02T16:13:07.637+0000] {logging_mixin.py:150} INFO - [2025-09-02T16:13:07.637+0000] {dagbag.py:541} INFO - Filling up the DagBag from /home/airflow/.local/lib/python3.7/site-packages/airflow/example_dags/example_branch_operator_decorator.py
[2025-09-02T16:13:07.646+0000] {processor.py:836} INFO - DAG(s) dict_keys(['example_branch_python_operator_decorator']) retrieved from /home/airflow/.local/lib/python3.7/site-packages/airflow/example_dags/example_branch_operator_decorator.py
[2025-09-02T16:13:07.745+0000] {logging_mixin.py:150} INFO - [2025-09-02T16:13:07.744+0000] {manager.py:504} INFO - Created Permission View: can read on DAG:example_branch_python_operator_decorator
[2025-09-02T16:13:07.756+0000] {logging_mixin.py:150} INFO - [2025-09-02T16:13:07.756+0000] {manager.py:504} INFO - Created Permission View: can edit on DAG:example_branch_python_operator_decorator
[2025-09-02T16:13:07.763+0000] {logging_mixin.py:150} INFO - [2025-09-02T16:13:07.763+0000] {manager.py:504} INFO - Created Permission View: can delete on DAG:example_branch_python_operator_decorator
[2025-09-02T16:13:07.777+0000] {logging_mixin.py:150} INFO - [2025-09-02T16:13:07.777+0000] {dag.py:2742} INFO - Sync 1 DAGs
[2025-09-02T16:13:07.789+0000] {logging_mixin.py:150} INFO - [2025-09-02T16:13:07.788+0000] {dag.py:2763} INFO - Creating ORM DAG for example_branch_python_operator_decorator
[2025-09-02T16:13:07.800+0000] {logging_mixin.py:150} INFO - [2025-09-02T16:13:07.800+0000] {dag.py:3508} INFO - Setting next_dagrun for example_branch_python_operator_decorator to 2025-09-01T00:00:00+00:00, run_after=2025-09-02T00:00:00+00:00
[2025-09-02T16:13:07.819+0000] {processor.py:179} INFO - Processing /home/airflow/.local/lib/python3.7/site-packages/airflow/example_dags/example_branch_operator_decorator.py took 0.187 seconds
[2025-09-02T16:13:38.195+0000] {processor.py:157} INFO - Started process (PID=152) to work on /home/airflow/.local/lib/python3.7/site-packages/airflow/example_dags/example_branch_operator_decorator.py
[2025-09-02T16:13:38.196+0000] {processor.py:826} INFO - Processing file /home/airflow/.local/lib/python3.7/site-packages/airflow/example_dags/example_branch_operator_decorator.py for tasks to queue
[2025-09-02T16:13:38.197+0000] {logging_mixin.py:150} INFO - [2025-09-02T16:13:38.197+0000] {dagbag.py:541} INFO - Filling up the DagBag from /home/airflow/.local/lib/python3.7/site-packages/airflow/example_dags/example_branch_operator_decorator.py
[2025-09-02T16:13:38.208+0000] {processor.py:836} INFO - DAG(s) dict_keys(['example_branch_python_operator_decorator']) retrieved from /home/airflow/.local/lib/python3.7/site-packages/airflow/example_dags/example_branch_operator_decorator.py
[2025-09-02T16:13:38.238+0000] {logging_mixin.py:150} INFO - [2025-09-02T16:13:38.238+0000] {dag.py:2742} INFO - Sync 1 DAGs
[2025-09-02T16:13:38.274+0000] {logging_mixin.py:150} INFO - [2025-09-02T16:13:38.274+0000] {dag.py:3508} INFO - Setting next_dagrun for example_branch_python_operator_decorator to 2025-09-01T00:00:00+00:00, run_after=2025-09-02T00:00:00+00:00
[2025-09-02T16:13:38.302+0000] {processor.py:179} INFO - Processing /home/airflow/.local/lib/python3.7/site-packages/airflow/example_dags/example_branch_operator_decorator.py took 0.110 seconds
[2025-09-02T16:14:09.113+0000] {processor.py:157} INFO - Started process (PID=212) to work on /home/airflow/.local/lib/python3.7/site-packages/airflow/example_dags/example_branch_operator_decorator.py
[2025-09-02T16:14:09.114+0000] {processor.py:826} INFO - Processing file /home/airflow/.local/lib/python3.7/site-packages/airflow/example_dags/example_branch_operator_decorator.py for tasks to queue
[2025-09-02T16:14:09.115+0000] {logging_mixin.py:150} INFO - [2025-09-02T16:14:09.115+0000] {dagbag.py:541} INFO - Filling up the DagBag from /home/airflow/.local/lib/python3.7/site-packages/airflow/example_dags/example_branch_operator_decorator.py
[2025-09-02T16:14:09.127+0000] {processor.py:836} INFO - DAG(s) dict_keys(['example_branch_python_operator_decorator']) retrieved from /home/airflow/.local/lib/python3.7/site-packages/airflow/example_dags/example_branch_operator_decorator.py
[2025-09-02T16:14:09.160+0000] {logging_mixin.py:150} INFO - [2025-09-02T16:14:09.159+0000] {dag.py:2742} INFO - Sync 1 DAGs
[2025-09-02T16:14:09.197+0000] {logging_mixin.py:150} INFO - [2025-09-02T16:14:09.197+0000] {dag.py:3508} INFO - Setting next_dagrun for example_branch_python_operator_decorator to 2025-09-01T00:00:00+00:00, run_after=2025-09-02T00:00:00+00:00
[2025-09-02T16:14:09.225+0000] {processor.py:179} INFO - Processing /home/airflow/.local/lib/python3.7/site-packages/airflow/example_dags/example_branch_operator_decorator.py took 0.115 seconds
[2025-09-02T16:14:39.801+0000] {processor.py:157} INFO - Started process (PID=272) to work on /home/airflow/.local/lib/python3.7/site-packages/airflow/example_dags/example_branch_operator_decorator.py
[2025-09-02T16:14:39.802+0000] {processor.py:826} INFO - Processing file /home/airflow/.local/lib/python3.7/site-packages/airflow/example_dags/example_branch_operator_decorator.py for tasks to queue
[2025-09-02T16:14:39.803+0000] {logging_mixin.py:150} INFO - [2025-09-02T16:14:39.803+0000] {dagbag.py:541} INFO - Filling up the DagBag from /home/airflow/.local/lib/python3.7/site-packages/airflow/example_dags/example_branch_operator_decorator.py
[2025-09-02T16:14:39.816+0000] {processor.py:836} INFO - DAG(s) dict_keys(['example_branch_python_operator_decorator']) retrieved from /home/airflow/.local/lib/python3.7/site-packages/airflow/example_dags/example_branch_operator_decorator.py
[2025-09-02T16:14:39.849+0000] {logging_mixin.py:150} INFO - [2025-09-02T16:14:39.849+0000] {dag.py:2742} INFO - Sync 1 DAGs
[2025-09-02T16:14:39.886+0000] {logging_mixin.py:150} INFO - [2025-09-02T16:14:39.886+0000] {dag.py:3508} INFO - Setting next_dagrun for example_branch_python_operator_decorator to 2025-09-01T00:00:00+00:00, run_after=2025-09-02T00:00:00+00:00
[2025-09-02T16:14:39.914+0000] {processor.py:179} INFO - Processing /home/airflow/.local/lib/python3.7/site-packages/airflow/example_dags/example_branch_operator_decorator.py took 0.118 seconds
[2025-09-02T16:15:11.646+0000] {processor.py:157} INFO - Started process (PID=332) to work on /home/airflow/.local/lib/python3.7/site-packages/airflow/example_dags/example_branch_operator_decorator.py
[2025-09-02T16:15:11.647+0000] {processor.py:826} INFO - Processing file /home/airflow/.local/lib/python3.7/site-packages/airflow/example_dags/example_branch_operator_decorator.py for tasks to queue
[2025-09-02T16:15:11.648+0000] {logging_mixin.py:150} INFO - [2025-09-02T16:15:11.648+0000] {dagbag.py:541} INFO - Filling up the DagBag from /home/airflow/.local/lib/python3.7/site-packages/airflow/example_dags/example_branch_operator_decorator.py
[2025-09-02T16:15:11.659+0000] {processor.py:836} INFO - DAG(s) dict_keys(['example_branch_python_operator_decorator']) retrieved from /home/airflow/.local/lib/python3.7/site-packages/airflow/example_dags/example_branch_operator_decorator.py
[2025-09-02T16:15:11.688+0000] {logging_mixin.py:150} INFO - [2025-09-02T16:15:11.688+0000] {dag.py:2742} INFO - Sync 1 DAGs
[2025-09-02T16:15:11.718+0000] {logging_mixin.py:150} INFO - [2025-09-02T16:15:11.718+0000] {dag.py:3508} INFO - Setting next_dagrun for example_branch_python_operator_decorator to 2025-09-01T00:00:00+00:00, run_after=2025-09-02T00:00:00+00:00
[2025-09-02T16:15:11.742+0000] {processor.py:179} INFO - Processing /home/airflow/.local/lib/python3.7/site-packages/airflow/example_dags/example_branch_operator_decorator.py took 0.100 seconds
[2025-09-02T16:15:42.679+0000] {processor.py:157} INFO - Started process (PID=392) to work on /home/airflow/.local/lib/python3.7/site-packages/airflow/example_dags/example_branch_operator_decorator.py
[2025-09-02T16:15:42.680+0000] {processor.py:826} INFO - Processing file /home/airflow/.local/lib/python3.7/site-packages/airflow/example_dags/example_branch_operator_decorator.py for tasks to queue
[2025-09-02T16:15:42.681+0000] {logging_mixin.py:150} INFO - [2025-09-02T16:15:42.681+0000] {dagbag.py:541} INFO - Filling up the DagBag from /home/airflow/.local/lib/python3.7/site-packages/airflow/example_dags/example_branch_operator_decorator.py
[2025-09-02T16:15:42.695+0000] {processor.py:836} INFO - DAG(s) dict_keys(['example_branch_python_operator_decorator']) retrieved from /home/airflow/.local/lib/python3.7/site-packages/airflow/example_dags/example_branch_operator_decorator.py
[2025-09-02T16:15:42.730+0000] {logging_mixin.py:150} INFO - [2025-09-02T16:15:42.730+0000] {dag.py:2742} INFO - Sync 1 DAGs
[2025-09-02T16:15:42.771+0000] {logging_mixin.py:150} INFO - [2025-09-02T16:15:42.771+0000] {dag.py:3508} INFO - Setting next_dagrun for example_branch_python_operator_decorator to 2025-09-01T00:00:00+00:00, run_after=2025-09-02T00:00:00+00:00
[2025-09-02T16:15:42.803+0000] {processor.py:179} INFO - Processing /home/airflow/.local/lib/python3.7/site-packages/airflow/example_dags/example_branch_operator_decorator.py took 0.129 seconds
[2025-09-02T16:16:13.707+0000] {processor.py:157} INFO - Started process (PID=452) to work on /home/airflow/.local/lib/python3.7/site-packages/airflow/example_dags/example_branch_operator_decorator.py
[2025-09-02T16:16:13.708+0000] {processor.py:826} INFO - Processing file /home/airflow/.local/lib/python3.7/site-packages/airflow/example_dags/example_branch_operator_decorator.py for tasks to queue
[2025-09-02T16:16:13.709+0000] {logging_mixin.py:150} INFO - [2025-09-02T16:16:13.709+0000] {dagbag.py:541} INFO - Filling up the DagBag from /home/airflow/.local/lib/python3.7/site-packages/airflow/example_dags/example_branch_operator_decorator.py
[2025-09-02T16:16:13.721+0000] {processor.py:836} INFO - DAG(s) dict_keys(['example_branch_python_operator_decorator']) retrieved from /home/airflow/.local/lib/python3.7/site-packages/airflow/example_dags/example_branch_operator_decorator.py
[2025-09-02T16:16:13.751+0000] {logging_mixin.py:150} INFO - [2025-09-02T16:16:13.751+0000] {dag.py:2742} INFO - Sync 1 DAGs
[2025-09-02T16:16:13.786+0000] {logging_mixin.py:150} INFO - [2025-09-02T16:16:13.786+0000] {dag.py:3508} INFO - Setting next_dagrun for example_branch_python_operator_decorator to 2025-09-01T00:00:00+00:00, run_after=2025-09-02T00:00:00+00:00
[2025-09-02T16:16:13.812+0000] {processor.py:179} INFO - Processing /home/airflow/.local/lib/python3.7/site-packages/airflow/example_dags/example_branch_operator_decorator.py took 0.109 seconds
[2025-09-02T16:16:44.823+0000] {processor.py:157} INFO - Started process (PID=512) to work on /home/airflow/.local/lib/python3.7/site-packages/airflow/example_dags/example_branch_operator_decorator.py
[2025-09-02T16:16:44.825+0000] {processor.py:826} INFO - Processing file /home/airflow/.local/lib/python3.7/site-packages/airflow/example_dags/example_branch_operator_decorator.py for tasks to queue
[2025-09-02T16:16:44.825+0000] {logging_mixin.py:150} INFO - [2025-09-02T16:16:44.825+0000] {dagbag.py:541} INFO - Filling up the DagBag from /home/airflow/.local/lib/python3.7/site-packages/airflow/example_dags/example_branch_operator_decorator.py
[2025-09-02T16:16:44.838+0000] {processor.py:836} INFO - DAG(s) dict_keys(['example_branch_python_operator_decorator']) retrieved from /home/airflow/.local/lib/python3.7/site-packages/airflow/example_dags/example_branch_operator_decorator.py
[2025-09-02T16:16:44.872+0000] {logging_mixin.py:150} INFO - [2025-09-02T16:16:44.872+0000] {dag.py:2742} INFO - Sync 1 DAGs
[2025-09-02T16:16:44.910+0000] {logging_mixin.py:150} INFO - [2025-09-02T16:16:44.910+0000] {dag.py:3508} INFO - Setting next_dagrun for example_branch_python_operator_decorator to 2025-09-01T00:00:00+00:00, run_after=2025-09-02T00:00:00+00:00
[2025-09-02T16:16:44.938+0000] {processor.py:179} INFO - Processing /home/airflow/.local/lib/python3.7/site-packages/airflow/example_dags/example_branch_operator_decorator.py took 0.118 seconds
[2025-09-02T16:17:23.550+0000] {processor.py:157} INFO - Started process (PID=572) to work on /home/airflow/.local/lib/python3.7/site-packages/airflow/example_dags/example_branch_operator_decorator.py
[2025-09-02T16:17:23.552+0000] {processor.py:826} INFO - Processing file /home/airflow/.local/lib/python3.7/site-packages/airflow/example_dags/example_branch_operator_decorator.py for tasks to queue
[2025-09-02T16:17:23.554+0000] {logging_mixin.py:150} INFO - [2025-09-02T16:17:23.553+0000] {dagbag.py:541} INFO - Filling up the DagBag from /home/airflow/.local/lib/python3.7/site-packages/airflow/example_dags/example_branch_operator_decorator.py
[2025-09-02T16:17:23.577+0000] {processor.py:836} INFO - DAG(s) dict_keys(['example_branch_python_operator_decorator']) retrieved from /home/airflow/.local/lib/python3.7/site-packages/airflow/example_dags/example_branch_operator_decorator.py
[2025-09-02T16:17:23.702+0000] {logging_mixin.py:150} INFO - [2025-09-02T16:17:23.702+0000] {dag.py:2742} INFO - Sync 1 DAGs
[2025-09-02T16:17:23.822+0000] {logging_mixin.py:150} INFO - [2025-09-02T16:17:23.821+0000] {dag.py:3508} INFO - Setting next_dagrun for example_branch_python_operator_decorator to 2025-09-01T00:00:00+00:00, run_after=2025-09-02T00:00:00+00:00
[2025-09-02T16:17:23.900+0000] {processor.py:179} INFO - Processing /home/airflow/.local/lib/python3.7/site-packages/airflow/example_dags/example_branch_operator_decorator.py took 0.355 seconds
[2025-09-02T16:17:54.221+0000] {processor.py:157} INFO - Started process (PID=632) to work on /home/airflow/.local/lib/python3.7/site-packages/airflow/example_dags/example_branch_operator_decorator.py
[2025-09-02T16:17:54.222+0000] {processor.py:826} INFO - Processing file /home/airflow/.local/lib/python3.7/site-packages/airflow/example_dags/example_branch_operator_decorator.py for tasks to queue
[2025-09-02T16:17:54.222+0000] {logging_mixin.py:150} INFO - [2025-09-02T16:17:54.222+0000] {dagbag.py:541} INFO - Filling up the DagBag from /home/airflow/.local/lib/python3.7/site-packages/airflow/example_dags/example_branch_operator_decorator.py
[2025-09-02T16:17:54.231+0000] {processor.py:836} INFO - DAG(s) dict_keys(['example_branch_python_operator_decorator']) retrieved from /home/airflow/.local/lib/python3.7/site-packages/airflow/example_dags/example_branch_operator_decorator.py
[2025-09-02T16:17:54.254+0000] {logging_mixin.py:150} INFO - [2025-09-02T16:17:54.253+0000] {dag.py:2742} INFO - Sync 1 DAGs
[2025-09-02T16:17:54.279+0000] {logging_mixin.py:150} INFO - [2025-09-02T16:17:54.279+0000] {dag.py:3508} INFO - Setting next_dagrun for example_branch_python_operator_decorator to 2025-09-01T00:00:00+00:00, run_after=2025-09-02T00:00:00+00:00
[2025-09-02T16:17:54.300+0000] {processor.py:179} INFO - Processing /home/airflow/.local/lib/python3.7/site-packages/airflow/example_dags/example_branch_operator_decorator.py took 0.084 seconds
[2025-09-02T16:18:25.361+0000] {processor.py:157} INFO - Started process (PID=692) to work on /home/airflow/.local/lib/python3.7/site-packages/airflow/example_dags/example_branch_operator_decorator.py
[2025-09-02T16:18:25.361+0000] {processor.py:826} INFO - Processing file /home/airflow/.local/lib/python3.7/site-packages/airflow/example_dags/example_branch_operator_decorator.py for tasks to queue
[2025-09-02T16:18:25.362+0000] {logging_mixin.py:150} INFO - [2025-09-02T16:18:25.362+0000] {dagbag.py:541} INFO - Filling up the DagBag from /home/airflow/.local/lib/python3.7/site-packages/airflow/example_dags/example_branch_operator_decorator.py
[2025-09-02T16:18:25.374+0000] {processor.py:836} INFO - DAG(s) dict_keys(['example_branch_python_operator_decorator']) retrieved from /home/airflow/.local/lib/python3.7/site-packages/airflow/example_dags/example_branch_operator_decorator.py
[2025-09-02T16:18:25.406+0000] {logging_mixin.py:150} INFO - [2025-09-02T16:18:25.406+0000] {dag.py:2742} INFO - Sync 1 DAGs
[2025-09-02T16:18:25.446+0000] {logging_mixin.py:150} INFO - [2025-09-02T16:18:25.446+0000] {dag.py:3508} INFO - Setting next_dagrun for example_branch_python_operator_decorator to 2025-09-01T00:00:00+00:00, run_after=2025-09-02T00:00:00+00:00
[2025-09-02T16:18:25.475+0000] {processor.py:179} INFO - Processing /home/airflow/.local/lib/python3.7/site-packages/airflow/example_dags/example_branch_operator_decorator.py took 0.119 seconds
[2025-09-02T16:18:55.989+0000] {processor.py:157} INFO - Started process (PID=752) to work on /home/airflow/.local/lib/python3.7/site-packages/airflow/example_dags/example_branch_operator_decorator.py
[2025-09-02T16:18:55.990+0000] {processor.py:826} INFO - Processing file /home/airflow/.local/lib/python3.7/site-packages/airflow/example_dags/example_branch_operator_decorator.py for tasks to queue
[2025-09-02T16:18:55.991+0000] {logging_mixin.py:150} INFO - [2025-09-02T16:18:55.991+0000] {dagbag.py:541} INFO - Filling up the DagBag from /home/airflow/.local/lib/python3.7/site-packages/airflow/example_dags/example_branch_operator_decorator.py
[2025-09-02T16:18:56.000+0000] {processor.py:836} INFO - DAG(s) dict_keys(['example_branch_python_operator_decorator']) retrieved from /home/airflow/.local/lib/python3.7/site-packages/airflow/example_dags/example_branch_operator_decorator.py
[2025-09-02T16:18:56.024+0000] {logging_mixin.py:150} INFO - [2025-09-02T16:18:56.024+0000] {dag.py:2742} INFO - Sync 1 DAGs
[2025-09-02T16:18:56.051+0000] {logging_mixin.py:150} INFO - [2025-09-02T16:18:56.051+0000] {dag.py:3508} INFO - Setting next_dagrun for example_branch_python_operator_decorator to 2025-09-01T00:00:00+00:00, run_after=2025-09-02T00:00:00+00:00
[2025-09-02T16:18:56.073+0000] {processor.py:179} INFO - Processing /home/airflow/.local/lib/python3.7/site-packages/airflow/example_dags/example_branch_operator_decorator.py took 0.087 seconds
[2025-09-02T16:19:27.861+0000] {processor.py:157} INFO - Started process (PID=812) to work on /home/airflow/.local/lib/python3.7/site-packages/airflow/example_dags/example_branch_operator_decorator.py
[2025-09-02T16:19:27.863+0000] {processor.py:826} INFO - Processing file /home/airflow/.local/lib/python3.7/site-packages/airflow/example_dags/example_branch_operator_decorator.py for tasks to queue
[2025-09-02T16:19:27.865+0000] {logging_mixin.py:150} INFO - [2025-09-02T16:19:27.864+0000] {dagbag.py:541} INFO - Filling up the DagBag from /home/airflow/.local/lib/python3.7/site-packages/airflow/example_dags/example_branch_operator_decorator.py
[2025-09-02T16:19:27.883+0000] {processor.py:836} INFO - DAG(s) dict_keys(['example_branch_python_operator_decorator']) retrieved from /home/airflow/.local/lib/python3.7/site-packages/airflow/example_dags/example_branch_operator_decorator.py
[2025-09-02T16:19:27.920+0000] {logging_mixin.py:150} INFO - [2025-09-02T16:19:27.919+0000] {dag.py:2742} INFO - Sync 1 DAGs
[2025-09-02T16:19:27.961+0000] {logging_mixin.py:150} INFO - [2025-09-02T16:19:27.961+0000] {dag.py:3508} INFO - Setting next_dagrun for example_branch_python_operator_decorator to 2025-09-01T00:00:00+00:00, run_after=2025-09-02T00:00:00+00:00
[2025-09-02T16:19:27.999+0000] {processor.py:179} INFO - Processing /home/airflow/.local/lib/python3.7/site-packages/airflow/example_dags/example_branch_operator_decorator.py took 0.144 seconds
[2025-09-02T16:19:59.548+0000] {processor.py:157} INFO - Started process (PID=872) to work on /home/airflow/.local/lib/python3.7/site-packages/airflow/example_dags/example_branch_operator_decorator.py
[2025-09-02T16:19:59.550+0000] {processor.py:826} INFO - Processing file /home/airflow/.local/lib/python3.7/site-packages/airflow/example_dags/example_branch_operator_decorator.py for tasks to queue
[2025-09-02T16:19:59.551+0000] {logging_mixin.py:150} INFO - [2025-09-02T16:19:59.551+0000] {dagbag.py:541} INFO - Filling up the DagBag from /home/airflow/.local/lib/python3.7/site-packages/airflow/example_dags/example_branch_operator_decorator.py
[2025-09-02T16:19:59.569+0000] {processor.py:836} INFO - DAG(s) dict_keys(['example_branch_python_operator_decorator']) retrieved from /home/airflow/.local/lib/python3.7/site-packages/airflow/example_dags/example_branch_operator_decorator.py
[2025-09-02T16:19:59.609+0000] {logging_mixin.py:150} INFO - [2025-09-02T16:19:59.608+0000] {dag.py:2742} INFO - Sync 1 DAGs
[2025-09-02T16:19:59.651+0000] {logging_mixin.py:150} INFO - [2025-09-02T16:19:59.650+0000] {dag.py:3508} INFO - Setting next_dagrun for example_branch_python_operator_decorator to 2025-09-01T00:00:00+00:00, run_after=2025-09-02T00:00:00+00:00
[2025-09-02T16:19:59.683+0000] {processor.py:179} INFO - Processing /home/airflow/.local/lib/python3.7/site-packages/airflow/example_dags/example_branch_operator_decorator.py took 0.141 seconds
[2025-09-02T16:20:30.547+0000] {processor.py:157} INFO - Started process (PID=932) to work on /home/airflow/.local/lib/python3.7/site-packages/airflow/example_dags/example_branch_operator_decorator.py
[2025-09-02T16:20:30.548+0000] {processor.py:826} INFO - Processing file /home/airflow/.local/lib/python3.7/site-packages/airflow/example_dags/example_branch_operator_decorator.py for tasks to queue
[2025-09-02T16:20:30.549+0000] {logging_mixin.py:150} INFO - [2025-09-02T16:20:30.548+0000] {dagbag.py:541} INFO - Filling up the DagBag from /home/airflow/.local/lib/python3.7/site-packages/airflow/example_dags/example_branch_operator_decorator.py
[2025-09-02T16:20:30.561+0000] {processor.py:836} INFO - DAG(s) dict_keys(['example_branch_python_operator_decorator']) retrieved from /home/airflow/.local/lib/python3.7/site-packages/airflow/example_dags/example_branch_operator_decorator.py
[2025-09-02T16:20:30.597+0000] {logging_mixin.py:150} INFO - [2025-09-02T16:20:30.597+0000] {dag.py:2742} INFO - Sync 1 DAGs
[2025-09-02T16:20:30.642+0000] {logging_mixin.py:150} INFO - [2025-09-02T16:20:30.642+0000] {dag.py:3508} INFO - Setting next_dagrun for example_branch_python_operator_decorator to 2025-09-01T00:00:00+00:00, run_after=2025-09-02T00:00:00+00:00
[2025-09-02T16:20:30.669+0000] {processor.py:179} INFO - Processing /home/airflow/.local/lib/python3.7/site-packages/airflow/example_dags/example_branch_operator_decorator.py took 0.126 seconds
[2025-09-02T16:21:01.860+0000] {processor.py:157} INFO - Started process (PID=992) to work on /home/airflow/.local/lib/python3.7/site-packages/airflow/example_dags/example_branch_operator_decorator.py
[2025-09-02T16:21:01.862+0000] {processor.py:826} INFO - Processing file /home/airflow/.local/lib/python3.7/site-packages/airflow/example_dags/example_branch_operator_decorator.py for tasks to queue
[2025-09-02T16:21:01.863+0000] {logging_mixin.py:150} INFO - [2025-09-02T16:21:01.862+0000] {dagbag.py:541} INFO - Filling up the DagBag from /home/airflow/.local/lib/python3.7/site-packages/airflow/example_dags/example_branch_operator_decorator.py
[2025-09-02T16:21:01.878+0000] {processor.py:836} INFO - DAG(s) dict_keys(['example_branch_python_operator_decorator']) retrieved from /home/airflow/.local/lib/python3.7/site-packages/airflow/example_dags/example_branch_operator_decorator.py
[2025-09-02T16:21:01.923+0000] {logging_mixin.py:150} INFO - [2025-09-02T16:21:01.923+0000] {dag.py:2742} INFO - Sync 1 DAGs
[2025-09-02T16:21:01.966+0000] {logging_mixin.py:150} INFO - [2025-09-02T16:21:01.966+0000] {dag.py:3508} INFO - Setting next_dagrun for example_branch_python_operator_decorator to 2025-09-01T00:00:00+00:00, run_after=2025-09-02T00:00:00+00:00
[2025-09-02T16:21:01.995+0000] {processor.py:179} INFO - Processing /home/airflow/.local/lib/python3.7/site-packages/airflow/example_dags/example_branch_operator_decorator.py took 0.140 seconds
[2025-09-02T16:21:32.875+0000] {processor.py:157} INFO - Started process (PID=1052) to work on /home/airflow/.local/lib/python3.7/site-packages/airflow/example_dags/example_branch_operator_decorator.py
[2025-09-02T16:21:32.876+0000] {processor.py:826} INFO - Processing file /home/airflow/.local/lib/python3.7/site-packages/airflow/example_dags/example_branch_operator_decorator.py for tasks to queue
[2025-09-02T16:21:32.877+0000] {logging_mixin.py:150} INFO - [2025-09-02T16:21:32.876+0000] {dagbag.py:541} INFO - Filling up the DagBag from /home/airflow/.local/lib/python3.7/site-packages/airflow/example_dags/example_branch_operator_decorator.py
[2025-09-02T16:21:32.888+0000] {processor.py:836} INFO - DAG(s) dict_keys(['example_branch_python_operator_decorator']) retrieved from /home/airflow/.local/lib/python3.7/site-packages/airflow/example_dags/example_branch_operator_decorator.py
[2025-09-02T16:21:32.922+0000] {logging_mixin.py:150} INFO - [2025-09-02T16:21:32.921+0000] {dag.py:2742} INFO - Sync 1 DAGs
[2025-09-02T16:21:32.967+0000] {logging_mixin.py:150} INFO - [2025-09-02T16:21:32.966+0000] {dag.py:3508} INFO - Setting next_dagrun for example_branch_python_operator_decorator to 2025-09-01T00:00:00+00:00, run_after=2025-09-02T00:00:00+00:00
[2025-09-02T16:21:32.995+0000] {processor.py:179} INFO - Processing /home/airflow/.local/lib/python3.7/site-packages/airflow/example_dags/example_branch_operator_decorator.py took 0.124 seconds
[2025-09-02T16:22:04.545+0000] {processor.py:157} INFO - Started process (PID=1112) to work on /home/airflow/.local/lib/python3.7/site-packages/airflow/example_dags/example_branch_operator_decorator.py
[2025-09-02T16:22:04.546+0000] {processor.py:826} INFO - Processing file /home/airflow/.local/lib/python3.7/site-packages/airflow/example_dags/example_branch_operator_decorator.py for tasks to queue
[2025-09-02T16:22:04.547+0000] {logging_mixin.py:150} INFO - [2025-09-02T16:22:04.547+0000] {dagbag.py:541} INFO - Filling up the DagBag from /home/airflow/.local/lib/python3.7/site-packages/airflow/example_dags/example_branch_operator_decorator.py
[2025-09-02T16:22:04.560+0000] {processor.py:836} INFO - DAG(s) dict_keys(['example_branch_python_operator_decorator']) retrieved from /home/airflow/.local/lib/python3.7/site-packages/airflow/example_dags/example_branch_operator_decorator.py
[2025-09-02T16:22:04.595+0000] {logging_mixin.py:150} INFO - [2025-09-02T16:22:04.594+0000] {dag.py:2742} INFO - Sync 1 DAGs
[2025-09-02T16:22:04.631+0000] {logging_mixin.py:150} INFO - [2025-09-02T16:22:04.631+0000] {dag.py:3508} INFO - Setting next_dagrun for example_branch_python_operator_decorator to 2025-09-01T00:00:00+00:00, run_after=2025-09-02T00:00:00+00:00
[2025-09-02T16:22:04.660+0000] {processor.py:179} INFO - Processing /home/airflow/.local/lib/python3.7/site-packages/airflow/example_dags/example_branch_operator_decorator.py took 0.119 seconds
[2025-09-02T16:22:35.805+0000] {processor.py:157} INFO - Started process (PID=1172) to work on /home/airflow/.local/lib/python3.7/site-packages/airflow/example_dags/example_branch_operator_decorator.py
[2025-09-02T16:22:35.806+0000] {processor.py:826} INFO - Processing file /home/airflow/.local/lib/python3.7/site-packages/airflow/example_dags/example_branch_operator_decorator.py for tasks to queue
[2025-09-02T16:22:35.807+0000] {logging_mixin.py:150} INFO - [2025-09-02T16:22:35.807+0000] {dagbag.py:541} INFO - Filling up the DagBag from /home/airflow/.local/lib/python3.7/site-packages/airflow/example_dags/example_branch_operator_decorator.py
[2025-09-02T16:22:35.819+0000] {processor.py:836} INFO - DAG(s) dict_keys(['example_branch_python_operator_decorator']) retrieved from /home/airflow/.local/lib/python3.7/site-packages/airflow/example_dags/example_branch_operator_decorator.py
[2025-09-02T16:22:35.856+0000] {logging_mixin.py:150} INFO - [2025-09-02T16:22:35.856+0000] {dag.py:2742} INFO - Sync 1 DAGs
[2025-09-02T16:22:35.897+0000] {logging_mixin.py:150} INFO - [2025-09-02T16:22:35.897+0000] {dag.py:3508} INFO - Setting next_dagrun for example_branch_python_operator_decorator to 2025-09-01T00:00:00+00:00, run_after=2025-09-02T00:00:00+00:00
[2025-09-02T16:22:35.927+0000] {processor.py:179} INFO - Processing /home/airflow/.local/lib/python3.7/site-packages/airflow/example_dags/example_branch_operator_decorator.py took 0.126 seconds
[2025-09-02T16:23:07.254+0000] {processor.py:157} INFO - Started process (PID=1239) to work on /home/airflow/.local/lib/python3.7/site-packages/airflow/example_dags/example_branch_operator_decorator.py
[2025-09-02T16:23:07.255+0000] {processor.py:826} INFO - Processing file /home/airflow/.local/lib/python3.7/site-packages/airflow/example_dags/example_branch_operator_decorator.py for tasks to queue
[2025-09-02T16:23:07.256+0000] {logging_mixin.py:150} INFO - [2025-09-02T16:23:07.256+0000] {dagbag.py:541} INFO - Filling up the DagBag from /home/airflow/.local/lib/python3.7/site-packages/airflow/example_dags/example_branch_operator_decorator.py
[2025-09-02T16:23:07.269+0000] {processor.py:836} INFO - DAG(s) dict_keys(['example_branch_python_operator_decorator']) retrieved from /home/airflow/.local/lib/python3.7/site-packages/airflow/example_dags/example_branch_operator_decorator.py
[2025-09-02T16:23:07.304+0000] {logging_mixin.py:150} INFO - [2025-09-02T16:23:07.304+0000] {dag.py:2742} INFO - Sync 1 DAGs
[2025-09-02T16:23:07.344+0000] {logging_mixin.py:150} INFO - [2025-09-02T16:23:07.344+0000] {dag.py:3508} INFO - Setting next_dagrun for example_branch_python_operator_decorator to 2025-09-01T00:00:00+00:00, run_after=2025-09-02T00:00:00+00:00
[2025-09-02T16:23:07.374+0000] {processor.py:179} INFO - Processing /home/airflow/.local/lib/python3.7/site-packages/airflow/example_dags/example_branch_operator_decorator.py took 0.126 seconds
[2025-09-02T16:23:37.992+0000] {processor.py:157} INFO - Started process (PID=1299) to work on /home/airflow/.local/lib/python3.7/site-packages/airflow/example_dags/example_branch_operator_decorator.py
[2025-09-02T16:23:37.995+0000] {processor.py:826} INFO - Processing file /home/airflow/.local/lib/python3.7/site-packages/airflow/example_dags/example_branch_operator_decorator.py for tasks to queue
[2025-09-02T16:23:37.996+0000] {logging_mixin.py:150} INFO - [2025-09-02T16:23:37.996+0000] {dagbag.py:541} INFO - Filling up the DagBag from /home/airflow/.local/lib/python3.7/site-packages/airflow/example_dags/example_branch_operator_decorator.py
[2025-09-02T16:23:38.010+0000] {processor.py:836} INFO - DAG(s) dict_keys(['example_branch_python_operator_decorator']) retrieved from /home/airflow/.local/lib/python3.7/site-packages/airflow/example_dags/example_branch_operator_decorator.py
[2025-09-02T16:23:38.043+0000] {logging_mixin.py:150} INFO - [2025-09-02T16:23:38.042+0000] {dag.py:2742} INFO - Sync 1 DAGs
[2025-09-02T16:23:38.078+0000] {logging_mixin.py:150} INFO - [2025-09-02T16:23:38.078+0000] {dag.py:3508} INFO - Setting next_dagrun for example_branch_python_operator_decorator to 2025-09-01T00:00:00+00:00, run_after=2025-09-02T00:00:00+00:00
[2025-09-02T16:23:38.106+0000] {processor.py:179} INFO - Processing /home/airflow/.local/lib/python3.7/site-packages/airflow/example_dags/example_branch_operator_decorator.py took 0.118 seconds
[2025-09-02T16:24:09.273+0000] {processor.py:157} INFO - Started process (PID=1359) to work on /home/airflow/.local/lib/python3.7/site-packages/airflow/example_dags/example_branch_operator_decorator.py
[2025-09-02T16:24:09.274+0000] {processor.py:826} INFO - Processing file /home/airflow/.local/lib/python3.7/site-packages/airflow/example_dags/example_branch_operator_decorator.py for tasks to queue
[2025-09-02T16:24:09.275+0000] {logging_mixin.py:150} INFO - [2025-09-02T16:24:09.274+0000] {dagbag.py:541} INFO - Filling up the DagBag from /home/airflow/.local/lib/python3.7/site-packages/airflow/example_dags/example_branch_operator_decorator.py
[2025-09-02T16:24:09.292+0000] {processor.py:836} INFO - DAG(s) dict_keys(['example_branch_python_operator_decorator']) retrieved from /home/airflow/.local/lib/python3.7/site-packages/airflow/example_dags/example_branch_operator_decorator.py
[2025-09-02T16:24:09.326+0000] {logging_mixin.py:150} INFO - [2025-09-02T16:24:09.325+0000] {dag.py:2742} INFO - Sync 1 DAGs
[2025-09-02T16:24:09.360+0000] {logging_mixin.py:150} INFO - [2025-09-02T16:24:09.360+0000] {dag.py:3508} INFO - Setting next_dagrun for example_branch_python_operator_decorator to 2025-09-01T00:00:00+00:00, run_after=2025-09-02T00:00:00+00:00
[2025-09-02T16:24:09.387+0000] {processor.py:179} INFO - Processing /home/airflow/.local/lib/python3.7/site-packages/airflow/example_dags/example_branch_operator_decorator.py took 0.119 seconds
[2025-09-02T16:26:41.231+0000] {processor.py:157} INFO - Started process (PID=105) to work on /home/airflow/.local/lib/python3.7/site-packages/airflow/example_dags/example_branch_operator_decorator.py
[2025-09-02T16:26:41.245+0000] {processor.py:826} INFO - Processing file /home/airflow/.local/lib/python3.7/site-packages/airflow/example_dags/example_branch_operator_decorator.py for tasks to queue
[2025-09-02T16:26:41.251+0000] {logging_mixin.py:150} INFO - [2025-09-02T16:26:41.249+0000] {dagbag.py:541} INFO - Filling up the DagBag from /home/airflow/.local/lib/python3.7/site-packages/airflow/example_dags/example_branch_operator_decorator.py
[2025-09-02T16:26:41.317+0000] {processor.py:836} INFO - DAG(s) dict_keys(['example_branch_python_operator_decorator']) retrieved from /home/airflow/.local/lib/python3.7/site-packages/airflow/example_dags/example_branch_operator_decorator.py
[2025-09-02T16:26:41.451+0000] {logging_mixin.py:150} INFO - [2025-09-02T16:26:41.451+0000] {dag.py:2742} INFO - Sync 1 DAGs
[2025-09-02T16:26:41.558+0000] {logging_mixin.py:150} INFO - [2025-09-02T16:26:41.558+0000] {dag.py:3508} INFO - Setting next_dagrun for example_branch_python_operator_decorator to 2025-09-01T00:00:00+00:00, run_after=2025-09-02T00:00:00+00:00
[2025-09-02T16:26:41.680+0000] {processor.py:179} INFO - Processing /home/airflow/.local/lib/python3.7/site-packages/airflow/example_dags/example_branch_operator_decorator.py took 0.626 seconds
[2025-09-02T16:27:12.068+0000] {processor.py:157} INFO - Started process (PID=165) to work on /home/airflow/.local/lib/python3.7/site-packages/airflow/example_dags/example_branch_operator_decorator.py
[2025-09-02T16:27:12.071+0000] {processor.py:826} INFO - Processing file /home/airflow/.local/lib/python3.7/site-packages/airflow/example_dags/example_branch_operator_decorator.py for tasks to queue
[2025-09-02T16:27:12.072+0000] {logging_mixin.py:150} INFO - [2025-09-02T16:27:12.071+0000] {dagbag.py:541} INFO - Filling up the DagBag from /home/airflow/.local/lib/python3.7/site-packages/airflow/example_dags/example_branch_operator_decorator.py
[2025-09-02T16:27:12.095+0000] {processor.py:836} INFO - DAG(s) dict_keys(['example_branch_python_operator_decorator']) retrieved from /home/airflow/.local/lib/python3.7/site-packages/airflow/example_dags/example_branch_operator_decorator.py
[2025-09-02T16:27:12.149+0000] {logging_mixin.py:150} INFO - [2025-09-02T16:27:12.148+0000] {dag.py:2742} INFO - Sync 1 DAGs
[2025-09-02T16:27:12.221+0000] {logging_mixin.py:150} INFO - [2025-09-02T16:27:12.221+0000] {dag.py:3508} INFO - Setting next_dagrun for example_branch_python_operator_decorator to 2025-09-01T00:00:00+00:00, run_after=2025-09-02T00:00:00+00:00
[2025-09-02T16:27:12.276+0000] {processor.py:179} INFO - Processing /home/airflow/.local/lib/python3.7/site-packages/airflow/example_dags/example_branch_operator_decorator.py took 0.215 seconds
[2025-09-02T16:27:42.369+0000] {processor.py:157} INFO - Started process (PID=225) to work on /home/airflow/.local/lib/python3.7/site-packages/airflow/example_dags/example_branch_operator_decorator.py
[2025-09-02T16:27:42.370+0000] {processor.py:826} INFO - Processing file /home/airflow/.local/lib/python3.7/site-packages/airflow/example_dags/example_branch_operator_decorator.py for tasks to queue
[2025-09-02T16:27:42.371+0000] {logging_mixin.py:150} INFO - [2025-09-02T16:27:42.371+0000] {dagbag.py:541} INFO - Filling up the DagBag from /home/airflow/.local/lib/python3.7/site-packages/airflow/example_dags/example_branch_operator_decorator.py
[2025-09-02T16:27:42.382+0000] {processor.py:836} INFO - DAG(s) dict_keys(['example_branch_python_operator_decorator']) retrieved from /home/airflow/.local/lib/python3.7/site-packages/airflow/example_dags/example_branch_operator_decorator.py
[2025-09-02T16:27:42.418+0000] {logging_mixin.py:150} INFO - [2025-09-02T16:27:42.418+0000] {dag.py:2742} INFO - Sync 1 DAGs
[2025-09-02T16:27:42.451+0000] {logging_mixin.py:150} INFO - [2025-09-02T16:27:42.451+0000] {dag.py:3508} INFO - Setting next_dagrun for example_branch_python_operator_decorator to 2025-09-01T00:00:00+00:00, run_after=2025-09-02T00:00:00+00:00
[2025-09-02T16:27:42.480+0000] {processor.py:179} INFO - Processing /home/airflow/.local/lib/python3.7/site-packages/airflow/example_dags/example_branch_operator_decorator.py took 0.115 seconds
[2025-09-02T16:28:13.041+0000] {processor.py:157} INFO - Started process (PID=284) to work on /home/airflow/.local/lib/python3.7/site-packages/airflow/example_dags/example_branch_operator_decorator.py
[2025-09-02T16:28:13.043+0000] {processor.py:826} INFO - Processing file /home/airflow/.local/lib/python3.7/site-packages/airflow/example_dags/example_branch_operator_decorator.py for tasks to queue
[2025-09-02T16:28:13.045+0000] {logging_mixin.py:150} INFO - [2025-09-02T16:28:13.045+0000] {dagbag.py:541} INFO - Filling up the DagBag from /home/airflow/.local/lib/python3.7/site-packages/airflow/example_dags/example_branch_operator_decorator.py
[2025-09-02T16:28:13.060+0000] {processor.py:836} INFO - DAG(s) dict_keys(['example_branch_python_operator_decorator']) retrieved from /home/airflow/.local/lib/python3.7/site-packages/airflow/example_dags/example_branch_operator_decorator.py
[2025-09-02T16:28:13.103+0000] {logging_mixin.py:150} INFO - [2025-09-02T16:28:13.102+0000] {dag.py:2742} INFO - Sync 1 DAGs
[2025-09-02T16:28:13.141+0000] {logging_mixin.py:150} INFO - [2025-09-02T16:28:13.141+0000] {dag.py:3508} INFO - Setting next_dagrun for example_branch_python_operator_decorator to 2025-09-01T00:00:00+00:00, run_after=2025-09-02T00:00:00+00:00
[2025-09-02T16:28:13.176+0000] {processor.py:179} INFO - Processing /home/airflow/.local/lib/python3.7/site-packages/airflow/example_dags/example_branch_operator_decorator.py took 0.142 seconds
[2025-09-02T16:28:43.220+0000] {processor.py:157} INFO - Started process (PID=343) to work on /home/airflow/.local/lib/python3.7/site-packages/airflow/example_dags/example_branch_operator_decorator.py
[2025-09-02T16:28:43.221+0000] {processor.py:826} INFO - Processing file /home/airflow/.local/lib/python3.7/site-packages/airflow/example_dags/example_branch_operator_decorator.py for tasks to queue
[2025-09-02T16:28:43.223+0000] {logging_mixin.py:150} INFO - [2025-09-02T16:28:43.222+0000] {dagbag.py:541} INFO - Filling up the DagBag from /home/airflow/.local/lib/python3.7/site-packages/airflow/example_dags/example_branch_operator_decorator.py
[2025-09-02T16:28:43.235+0000] {processor.py:836} INFO - DAG(s) dict_keys(['example_branch_python_operator_decorator']) retrieved from /home/airflow/.local/lib/python3.7/site-packages/airflow/example_dags/example_branch_operator_decorator.py
[2025-09-02T16:28:43.266+0000] {logging_mixin.py:150} INFO - [2025-09-02T16:28:43.266+0000] {dag.py:2742} INFO - Sync 1 DAGs
[2025-09-02T16:28:43.303+0000] {logging_mixin.py:150} INFO - [2025-09-02T16:28:43.303+0000] {dag.py:3508} INFO - Setting next_dagrun for example_branch_python_operator_decorator to 2025-09-01T00:00:00+00:00, run_after=2025-09-02T00:00:00+00:00
[2025-09-02T16:28:43.331+0000] {processor.py:179} INFO - Processing /home/airflow/.local/lib/python3.7/site-packages/airflow/example_dags/example_branch_operator_decorator.py took 0.115 seconds
[2025-09-02T16:29:13.411+0000] {processor.py:157} INFO - Started process (PID=403) to work on /home/airflow/.local/lib/python3.7/site-packages/airflow/example_dags/example_branch_operator_decorator.py
[2025-09-02T16:29:13.412+0000] {processor.py:826} INFO - Processing file /home/airflow/.local/lib/python3.7/site-packages/airflow/example_dags/example_branch_operator_decorator.py for tasks to queue
[2025-09-02T16:29:13.413+0000] {logging_mixin.py:150} INFO - [2025-09-02T16:29:13.412+0000] {dagbag.py:541} INFO - Filling up the DagBag from /home/airflow/.local/lib/python3.7/site-packages/airflow/example_dags/example_branch_operator_decorator.py
[2025-09-02T16:29:13.426+0000] {processor.py:836} INFO - DAG(s) dict_keys(['example_branch_python_operator_decorator']) retrieved from /home/airflow/.local/lib/python3.7/site-packages/airflow/example_dags/example_branch_operator_decorator.py
[2025-09-02T16:29:13.462+0000] {logging_mixin.py:150} INFO - [2025-09-02T16:29:13.462+0000] {dag.py:2742} INFO - Sync 1 DAGs
[2025-09-02T16:29:13.500+0000] {logging_mixin.py:150} INFO - [2025-09-02T16:29:13.500+0000] {dag.py:3508} INFO - Setting next_dagrun for example_branch_python_operator_decorator to 2025-09-01T00:00:00+00:00, run_after=2025-09-02T00:00:00+00:00
[2025-09-02T16:29:13.537+0000] {processor.py:179} INFO - Processing /home/airflow/.local/lib/python3.7/site-packages/airflow/example_dags/example_branch_operator_decorator.py took 0.133 seconds
[2025-09-02T16:29:44.320+0000] {processor.py:157} INFO - Started process (PID=463) to work on /home/airflow/.local/lib/python3.7/site-packages/airflow/example_dags/example_branch_operator_decorator.py
[2025-09-02T16:29:44.323+0000] {processor.py:826} INFO - Processing file /home/airflow/.local/lib/python3.7/site-packages/airflow/example_dags/example_branch_operator_decorator.py for tasks to queue
[2025-09-02T16:29:44.324+0000] {logging_mixin.py:150} INFO - [2025-09-02T16:29:44.324+0000] {dagbag.py:541} INFO - Filling up the DagBag from /home/airflow/.local/lib/python3.7/site-packages/airflow/example_dags/example_branch_operator_decorator.py
[2025-09-02T16:29:44.347+0000] {processor.py:836} INFO - DAG(s) dict_keys(['example_branch_python_operator_decorator']) retrieved from /home/airflow/.local/lib/python3.7/site-packages/airflow/example_dags/example_branch_operator_decorator.py
[2025-09-02T16:29:44.404+0000] {logging_mixin.py:150} INFO - [2025-09-02T16:29:44.404+0000] {dag.py:2742} INFO - Sync 1 DAGs
[2025-09-02T16:29:44.442+0000] {logging_mixin.py:150} INFO - [2025-09-02T16:29:44.442+0000] {dag.py:3508} INFO - Setting next_dagrun for example_branch_python_operator_decorator to 2025-09-01T00:00:00+00:00, run_after=2025-09-02T00:00:00+00:00
[2025-09-02T16:29:44.478+0000] {processor.py:179} INFO - Processing /home/airflow/.local/lib/python3.7/site-packages/airflow/example_dags/example_branch_operator_decorator.py took 0.164 seconds
[2025-09-02T16:30:14.556+0000] {processor.py:157} INFO - Started process (PID=524) to work on /home/airflow/.local/lib/python3.7/site-packages/airflow/example_dags/example_branch_operator_decorator.py
[2025-09-02T16:30:14.558+0000] {processor.py:826} INFO - Processing file /home/airflow/.local/lib/python3.7/site-packages/airflow/example_dags/example_branch_operator_decorator.py for tasks to queue
[2025-09-02T16:30:14.560+0000] {logging_mixin.py:150} INFO - [2025-09-02T16:30:14.559+0000] {dagbag.py:541} INFO - Filling up the DagBag from /home/airflow/.local/lib/python3.7/site-packages/airflow/example_dags/example_branch_operator_decorator.py
[2025-09-02T16:30:14.575+0000] {processor.py:836} INFO - DAG(s) dict_keys(['example_branch_python_operator_decorator']) retrieved from /home/airflow/.local/lib/python3.7/site-packages/airflow/example_dags/example_branch_operator_decorator.py
[2025-09-02T16:30:14.634+0000] {logging_mixin.py:150} INFO - [2025-09-02T16:30:14.633+0000] {dag.py:2742} INFO - Sync 1 DAGs
[2025-09-02T16:30:14.672+0000] {logging_mixin.py:150} INFO - [2025-09-02T16:30:14.672+0000] {dag.py:3508} INFO - Setting next_dagrun for example_branch_python_operator_decorator to 2025-09-01T00:00:00+00:00, run_after=2025-09-02T00:00:00+00:00
[2025-09-02T16:30:14.711+0000] {processor.py:179} INFO - Processing /home/airflow/.local/lib/python3.7/site-packages/airflow/example_dags/example_branch_operator_decorator.py took 0.160 seconds
