[2025-09-02T16:13:08.322+0000] {processor.py:157} INFO - Started process (PID=97) to work on /home/airflow/.local/lib/python3.7/site-packages/airflow/example_dags/example_bash_operator.py
[2025-09-02T16:13:08.323+0000] {processor.py:826} INFO - Processing file /home/airflow/.local/lib/python3.7/site-packages/airflow/example_dags/example_bash_operator.py for tasks to queue
[2025-09-02T16:13:08.325+0000] {logging_mixin.py:150} INFO - [2025-09-02T16:13:08.325+0000] {dagbag.py:541} INFO - Filling up the DagBag from /home/airflow/.local/lib/python3.7/site-packages/airflow/example_dags/example_bash_operator.py
[2025-09-02T16:13:08.344+0000] {processor.py:836} INFO - DAG(s) dict_keys(['example_bash_operator']) retrieved from /home/airflow/.local/lib/python3.7/site-packages/airflow/example_dags/example_bash_operator.py
[2025-09-02T16:13:08.477+0000] {logging_mixin.py:150} INFO - [2025-09-02T16:13:08.476+0000] {manager.py:504} INFO - Created Permission View: can read on DAG:example_bash_operator
[2025-09-02T16:13:08.490+0000] {logging_mixin.py:150} INFO - [2025-09-02T16:13:08.489+0000] {manager.py:504} INFO - Created Permission View: can edit on DAG:example_bash_operator
[2025-09-02T16:13:08.499+0000] {logging_mixin.py:150} INFO - [2025-09-02T16:13:08.499+0000] {manager.py:504} INFO - Created Permission View: can delete on DAG:example_bash_operator
[2025-09-02T16:13:08.518+0000] {logging_mixin.py:150} INFO - [2025-09-02T16:13:08.518+0000] {dag.py:2742} INFO - Sync 1 DAGs
[2025-09-02T16:13:08.530+0000] {logging_mixin.py:150} INFO - [2025-09-02T16:13:08.530+0000] {dag.py:2763} INFO - Creating ORM DAG for example_bash_operator
[2025-09-02T16:13:08.544+0000] {logging_mixin.py:150} INFO - [2025-09-02T16:13:08.544+0000] {dag.py:3508} INFO - Setting next_dagrun for example_bash_operator to 2025-09-01T00:00:00+00:00, run_after=2025-09-02T00:00:00+00:00
[2025-09-02T16:13:08.566+0000] {processor.py:179} INFO - Processing /home/airflow/.local/lib/python3.7/site-packages/airflow/example_dags/example_bash_operator.py took 0.247 seconds
[2025-09-02T16:13:38.828+0000] {processor.py:157} INFO - Started process (PID=158) to work on /home/airflow/.local/lib/python3.7/site-packages/airflow/example_dags/example_bash_operator.py
[2025-09-02T16:13:38.829+0000] {processor.py:826} INFO - Processing file /home/airflow/.local/lib/python3.7/site-packages/airflow/example_dags/example_bash_operator.py for tasks to queue
[2025-09-02T16:13:38.830+0000] {logging_mixin.py:150} INFO - [2025-09-02T16:13:38.829+0000] {dagbag.py:541} INFO - Filling up the DagBag from /home/airflow/.local/lib/python3.7/site-packages/airflow/example_dags/example_bash_operator.py
[2025-09-02T16:13:38.852+0000] {processor.py:836} INFO - DAG(s) dict_keys(['example_bash_operator']) retrieved from /home/airflow/.local/lib/python3.7/site-packages/airflow/example_dags/example_bash_operator.py
[2025-09-02T16:13:38.907+0000] {logging_mixin.py:150} INFO - [2025-09-02T16:13:38.907+0000] {dag.py:2742} INFO - Sync 1 DAGs
[2025-09-02T16:13:38.958+0000] {logging_mixin.py:150} INFO - [2025-09-02T16:13:38.957+0000] {dag.py:3508} INFO - Setting next_dagrun for example_bash_operator to 2025-09-01T00:00:00+00:00, run_after=2025-09-02T00:00:00+00:00
[2025-09-02T16:13:39.010+0000] {processor.py:179} INFO - Processing /home/airflow/.local/lib/python3.7/site-packages/airflow/example_dags/example_bash_operator.py took 0.186 seconds
[2025-09-02T16:14:09.585+0000] {processor.py:157} INFO - Started process (PID=218) to work on /home/airflow/.local/lib/python3.7/site-packages/airflow/example_dags/example_bash_operator.py
[2025-09-02T16:14:09.586+0000] {processor.py:826} INFO - Processing file /home/airflow/.local/lib/python3.7/site-packages/airflow/example_dags/example_bash_operator.py for tasks to queue
[2025-09-02T16:14:09.587+0000] {logging_mixin.py:150} INFO - [2025-09-02T16:14:09.587+0000] {dagbag.py:541} INFO - Filling up the DagBag from /home/airflow/.local/lib/python3.7/site-packages/airflow/example_dags/example_bash_operator.py
[2025-09-02T16:14:09.603+0000] {processor.py:836} INFO - DAG(s) dict_keys(['example_bash_operator']) retrieved from /home/airflow/.local/lib/python3.7/site-packages/airflow/example_dags/example_bash_operator.py
[2025-09-02T16:14:09.648+0000] {logging_mixin.py:150} INFO - [2025-09-02T16:14:09.648+0000] {dag.py:2742} INFO - Sync 1 DAGs
[2025-09-02T16:14:09.684+0000] {logging_mixin.py:150} INFO - [2025-09-02T16:14:09.684+0000] {dag.py:3508} INFO - Setting next_dagrun for example_bash_operator to 2025-09-01T00:00:00+00:00, run_after=2025-09-02T00:00:00+00:00
[2025-09-02T16:14:09.712+0000] {processor.py:179} INFO - Processing /home/airflow/.local/lib/python3.7/site-packages/airflow/example_dags/example_bash_operator.py took 0.131 seconds
[2025-09-02T16:14:40.284+0000] {processor.py:157} INFO - Started process (PID=278) to work on /home/airflow/.local/lib/python3.7/site-packages/airflow/example_dags/example_bash_operator.py
[2025-09-02T16:14:40.285+0000] {processor.py:826} INFO - Processing file /home/airflow/.local/lib/python3.7/site-packages/airflow/example_dags/example_bash_operator.py for tasks to queue
[2025-09-02T16:14:40.286+0000] {logging_mixin.py:150} INFO - [2025-09-02T16:14:40.286+0000] {dagbag.py:541} INFO - Filling up the DagBag from /home/airflow/.local/lib/python3.7/site-packages/airflow/example_dags/example_bash_operator.py
[2025-09-02T16:14:40.301+0000] {processor.py:836} INFO - DAG(s) dict_keys(['example_bash_operator']) retrieved from /home/airflow/.local/lib/python3.7/site-packages/airflow/example_dags/example_bash_operator.py
[2025-09-02T16:14:40.345+0000] {logging_mixin.py:150} INFO - [2025-09-02T16:14:40.345+0000] {dag.py:2742} INFO - Sync 1 DAGs
[2025-09-02T16:14:40.380+0000] {logging_mixin.py:150} INFO - [2025-09-02T16:14:40.380+0000] {dag.py:3508} INFO - Setting next_dagrun for example_bash_operator to 2025-09-01T00:00:00+00:00, run_after=2025-09-02T00:00:00+00:00
[2025-09-02T16:14:40.405+0000] {processor.py:179} INFO - Processing /home/airflow/.local/lib/python3.7/site-packages/airflow/example_dags/example_bash_operator.py took 0.125 seconds
[2025-09-02T16:15:12.129+0000] {processor.py:157} INFO - Started process (PID=338) to work on /home/airflow/.local/lib/python3.7/site-packages/airflow/example_dags/example_bash_operator.py
[2025-09-02T16:15:12.130+0000] {processor.py:826} INFO - Processing file /home/airflow/.local/lib/python3.7/site-packages/airflow/example_dags/example_bash_operator.py for tasks to queue
[2025-09-02T16:15:12.131+0000] {logging_mixin.py:150} INFO - [2025-09-02T16:15:12.131+0000] {dagbag.py:541} INFO - Filling up the DagBag from /home/airflow/.local/lib/python3.7/site-packages/airflow/example_dags/example_bash_operator.py
[2025-09-02T16:15:12.145+0000] {processor.py:836} INFO - DAG(s) dict_keys(['example_bash_operator']) retrieved from /home/airflow/.local/lib/python3.7/site-packages/airflow/example_dags/example_bash_operator.py
[2025-09-02T16:15:12.181+0000] {logging_mixin.py:150} INFO - [2025-09-02T16:15:12.180+0000] {dag.py:2742} INFO - Sync 1 DAGs
[2025-09-02T16:15:12.213+0000] {logging_mixin.py:150} INFO - [2025-09-02T16:15:12.213+0000] {dag.py:3508} INFO - Setting next_dagrun for example_bash_operator to 2025-09-01T00:00:00+00:00, run_after=2025-09-02T00:00:00+00:00
[2025-09-02T16:15:12.237+0000] {processor.py:179} INFO - Processing /home/airflow/.local/lib/python3.7/site-packages/airflow/example_dags/example_bash_operator.py took 0.111 seconds
[2025-09-02T16:15:43.332+0000] {processor.py:157} INFO - Started process (PID=398) to work on /home/airflow/.local/lib/python3.7/site-packages/airflow/example_dags/example_bash_operator.py
[2025-09-02T16:15:43.333+0000] {processor.py:826} INFO - Processing file /home/airflow/.local/lib/python3.7/site-packages/airflow/example_dags/example_bash_operator.py for tasks to queue
[2025-09-02T16:15:43.334+0000] {logging_mixin.py:150} INFO - [2025-09-02T16:15:43.333+0000] {dagbag.py:541} INFO - Filling up the DagBag from /home/airflow/.local/lib/python3.7/site-packages/airflow/example_dags/example_bash_operator.py
[2025-09-02T16:15:43.352+0000] {processor.py:836} INFO - DAG(s) dict_keys(['example_bash_operator']) retrieved from /home/airflow/.local/lib/python3.7/site-packages/airflow/example_dags/example_bash_operator.py
[2025-09-02T16:15:43.418+0000] {logging_mixin.py:150} INFO - [2025-09-02T16:15:43.418+0000] {dag.py:2742} INFO - Sync 1 DAGs
[2025-09-02T16:15:43.459+0000] {logging_mixin.py:150} INFO - [2025-09-02T16:15:43.458+0000] {dag.py:3508} INFO - Setting next_dagrun for example_bash_operator to 2025-09-01T00:00:00+00:00, run_after=2025-09-02T00:00:00+00:00
[2025-09-02T16:15:43.490+0000] {processor.py:179} INFO - Processing /home/airflow/.local/lib/python3.7/site-packages/airflow/example_dags/example_bash_operator.py took 0.163 seconds
[2025-09-02T16:16:14.266+0000] {processor.py:157} INFO - Started process (PID=458) to work on /home/airflow/.local/lib/python3.7/site-packages/airflow/example_dags/example_bash_operator.py
[2025-09-02T16:16:14.267+0000] {processor.py:826} INFO - Processing file /home/airflow/.local/lib/python3.7/site-packages/airflow/example_dags/example_bash_operator.py for tasks to queue
[2025-09-02T16:16:14.268+0000] {logging_mixin.py:150} INFO - [2025-09-02T16:16:14.267+0000] {dagbag.py:541} INFO - Filling up the DagBag from /home/airflow/.local/lib/python3.7/site-packages/airflow/example_dags/example_bash_operator.py
[2025-09-02T16:16:14.283+0000] {processor.py:836} INFO - DAG(s) dict_keys(['example_bash_operator']) retrieved from /home/airflow/.local/lib/python3.7/site-packages/airflow/example_dags/example_bash_operator.py
[2025-09-02T16:16:14.327+0000] {logging_mixin.py:150} INFO - [2025-09-02T16:16:14.326+0000] {dag.py:2742} INFO - Sync 1 DAGs
[2025-09-02T16:16:14.363+0000] {logging_mixin.py:150} INFO - [2025-09-02T16:16:14.363+0000] {dag.py:3508} INFO - Setting next_dagrun for example_bash_operator to 2025-09-01T00:00:00+00:00, run_after=2025-09-02T00:00:00+00:00
[2025-09-02T16:16:14.394+0000] {processor.py:179} INFO - Processing /home/airflow/.local/lib/python3.7/site-packages/airflow/example_dags/example_bash_operator.py took 0.132 seconds
[2025-09-02T16:16:45.434+0000] {processor.py:157} INFO - Started process (PID=518) to work on /home/airflow/.local/lib/python3.7/site-packages/airflow/example_dags/example_bash_operator.py
[2025-09-02T16:16:45.435+0000] {processor.py:826} INFO - Processing file /home/airflow/.local/lib/python3.7/site-packages/airflow/example_dags/example_bash_operator.py for tasks to queue
[2025-09-02T16:16:45.436+0000] {logging_mixin.py:150} INFO - [2025-09-02T16:16:45.435+0000] {dagbag.py:541} INFO - Filling up the DagBag from /home/airflow/.local/lib/python3.7/site-packages/airflow/example_dags/example_bash_operator.py
[2025-09-02T16:16:45.451+0000] {processor.py:836} INFO - DAG(s) dict_keys(['example_bash_operator']) retrieved from /home/airflow/.local/lib/python3.7/site-packages/airflow/example_dags/example_bash_operator.py
[2025-09-02T16:16:45.498+0000] {logging_mixin.py:150} INFO - [2025-09-02T16:16:45.498+0000] {dag.py:2742} INFO - Sync 1 DAGs
[2025-09-02T16:16:45.534+0000] {logging_mixin.py:150} INFO - [2025-09-02T16:16:45.534+0000] {dag.py:3508} INFO - Setting next_dagrun for example_bash_operator to 2025-09-01T00:00:00+00:00, run_after=2025-09-02T00:00:00+00:00
[2025-09-02T16:16:45.561+0000] {processor.py:179} INFO - Processing /home/airflow/.local/lib/python3.7/site-packages/airflow/example_dags/example_bash_operator.py took 0.131 seconds
[2025-09-02T16:17:24.889+0000] {processor.py:157} INFO - Started process (PID=578) to work on /home/airflow/.local/lib/python3.7/site-packages/airflow/example_dags/example_bash_operator.py
[2025-09-02T16:17:24.892+0000] {processor.py:826} INFO - Processing file /home/airflow/.local/lib/python3.7/site-packages/airflow/example_dags/example_bash_operator.py for tasks to queue
[2025-09-02T16:17:24.893+0000] {logging_mixin.py:150} INFO - [2025-09-02T16:17:24.893+0000] {dagbag.py:541} INFO - Filling up the DagBag from /home/airflow/.local/lib/python3.7/site-packages/airflow/example_dags/example_bash_operator.py
[2025-09-02T16:17:24.915+0000] {processor.py:836} INFO - DAG(s) dict_keys(['example_bash_operator']) retrieved from /home/airflow/.local/lib/python3.7/site-packages/airflow/example_dags/example_bash_operator.py
[2025-09-02T16:17:25.048+0000] {logging_mixin.py:150} INFO - [2025-09-02T16:17:25.047+0000] {dag.py:2742} INFO - Sync 1 DAGs
[2025-09-02T16:17:25.116+0000] {logging_mixin.py:150} INFO - [2025-09-02T16:17:25.115+0000] {dag.py:3508} INFO - Setting next_dagrun for example_bash_operator to 2025-09-01T00:00:00+00:00, run_after=2025-09-02T00:00:00+00:00
[2025-09-02T16:17:25.158+0000] {processor.py:179} INFO - Processing /home/airflow/.local/lib/python3.7/site-packages/airflow/example_dags/example_bash_operator.py took 0.294 seconds
[2025-09-02T16:17:55.702+0000] {processor.py:157} INFO - Started process (PID=638) to work on /home/airflow/.local/lib/python3.7/site-packages/airflow/example_dags/example_bash_operator.py
[2025-09-02T16:17:55.703+0000] {processor.py:826} INFO - Processing file /home/airflow/.local/lib/python3.7/site-packages/airflow/example_dags/example_bash_operator.py for tasks to queue
[2025-09-02T16:17:55.703+0000] {logging_mixin.py:150} INFO - [2025-09-02T16:17:55.703+0000] {dagbag.py:541} INFO - Filling up the DagBag from /home/airflow/.local/lib/python3.7/site-packages/airflow/example_dags/example_bash_operator.py
[2025-09-02T16:17:55.714+0000] {processor.py:836} INFO - DAG(s) dict_keys(['example_bash_operator']) retrieved from /home/airflow/.local/lib/python3.7/site-packages/airflow/example_dags/example_bash_operator.py
[2025-09-02T16:17:55.746+0000] {logging_mixin.py:150} INFO - [2025-09-02T16:17:55.746+0000] {dag.py:2742} INFO - Sync 1 DAGs
[2025-09-02T16:17:55.771+0000] {logging_mixin.py:150} INFO - [2025-09-02T16:17:55.771+0000] {dag.py:3508} INFO - Setting next_dagrun for example_bash_operator to 2025-09-01T00:00:00+00:00, run_after=2025-09-02T00:00:00+00:00
[2025-09-02T16:17:55.792+0000] {processor.py:179} INFO - Processing /home/airflow/.local/lib/python3.7/site-packages/airflow/example_dags/example_bash_operator.py took 0.093 seconds
[2025-09-02T16:18:25.933+0000] {processor.py:157} INFO - Started process (PID=698) to work on /home/airflow/.local/lib/python3.7/site-packages/airflow/example_dags/example_bash_operator.py
[2025-09-02T16:18:25.935+0000] {processor.py:826} INFO - Processing file /home/airflow/.local/lib/python3.7/site-packages/airflow/example_dags/example_bash_operator.py for tasks to queue
[2025-09-02T16:18:25.936+0000] {logging_mixin.py:150} INFO - [2025-09-02T16:18:25.935+0000] {dagbag.py:541} INFO - Filling up the DagBag from /home/airflow/.local/lib/python3.7/site-packages/airflow/example_dags/example_bash_operator.py
[2025-09-02T16:18:25.951+0000] {processor.py:836} INFO - DAG(s) dict_keys(['example_bash_operator']) retrieved from /home/airflow/.local/lib/python3.7/site-packages/airflow/example_dags/example_bash_operator.py
[2025-09-02T16:18:25.999+0000] {logging_mixin.py:150} INFO - [2025-09-02T16:18:25.999+0000] {dag.py:2742} INFO - Sync 1 DAGs
[2025-09-02T16:18:26.034+0000] {logging_mixin.py:150} INFO - [2025-09-02T16:18:26.034+0000] {dag.py:3508} INFO - Setting next_dagrun for example_bash_operator to 2025-09-01T00:00:00+00:00, run_after=2025-09-02T00:00:00+00:00
[2025-09-02T16:18:26.059+0000] {processor.py:179} INFO - Processing /home/airflow/.local/lib/python3.7/site-packages/airflow/example_dags/example_bash_operator.py took 0.132 seconds
[2025-09-02T16:18:56.334+0000] {processor.py:157} INFO - Started process (PID=758) to work on /home/airflow/.local/lib/python3.7/site-packages/airflow/example_dags/example_bash_operator.py
[2025-09-02T16:18:56.335+0000] {processor.py:826} INFO - Processing file /home/airflow/.local/lib/python3.7/site-packages/airflow/example_dags/example_bash_operator.py for tasks to queue
[2025-09-02T16:18:56.335+0000] {logging_mixin.py:150} INFO - [2025-09-02T16:18:56.335+0000] {dagbag.py:541} INFO - Filling up the DagBag from /home/airflow/.local/lib/python3.7/site-packages/airflow/example_dags/example_bash_operator.py
[2025-09-02T16:18:56.346+0000] {processor.py:836} INFO - DAG(s) dict_keys(['example_bash_operator']) retrieved from /home/airflow/.local/lib/python3.7/site-packages/airflow/example_dags/example_bash_operator.py
[2025-09-02T16:18:56.379+0000] {logging_mixin.py:150} INFO - [2025-09-02T16:18:56.378+0000] {dag.py:2742} INFO - Sync 1 DAGs
[2025-09-02T16:18:56.408+0000] {logging_mixin.py:150} INFO - [2025-09-02T16:18:56.408+0000] {dag.py:3508} INFO - Setting next_dagrun for example_bash_operator to 2025-09-01T00:00:00+00:00, run_after=2025-09-02T00:00:00+00:00
[2025-09-02T16:18:56.432+0000] {processor.py:179} INFO - Processing /home/airflow/.local/lib/python3.7/site-packages/airflow/example_dags/example_bash_operator.py took 0.101 seconds
[2025-09-02T16:19:28.247+0000] {processor.py:157} INFO - Started process (PID=817) to work on /home/airflow/.local/lib/python3.7/site-packages/airflow/example_dags/example_bash_operator.py
[2025-09-02T16:19:28.248+0000] {processor.py:826} INFO - Processing file /home/airflow/.local/lib/python3.7/site-packages/airflow/example_dags/example_bash_operator.py for tasks to queue
[2025-09-02T16:19:28.249+0000] {logging_mixin.py:150} INFO - [2025-09-02T16:19:28.249+0000] {dagbag.py:541} INFO - Filling up the DagBag from /home/airflow/.local/lib/python3.7/site-packages/airflow/example_dags/example_bash_operator.py
[2025-09-02T16:19:28.264+0000] {processor.py:836} INFO - DAG(s) dict_keys(['example_bash_operator']) retrieved from /home/airflow/.local/lib/python3.7/site-packages/airflow/example_dags/example_bash_operator.py
[2025-09-02T16:19:28.310+0000] {logging_mixin.py:150} INFO - [2025-09-02T16:19:28.310+0000] {dag.py:2742} INFO - Sync 1 DAGs
[2025-09-02T16:19:28.348+0000] {logging_mixin.py:150} INFO - [2025-09-02T16:19:28.348+0000] {dag.py:3508} INFO - Setting next_dagrun for example_bash_operator to 2025-09-01T00:00:00+00:00, run_after=2025-09-02T00:00:00+00:00
[2025-09-02T16:19:28.376+0000] {processor.py:179} INFO - Processing /home/airflow/.local/lib/python3.7/site-packages/airflow/example_dags/example_bash_operator.py took 0.132 seconds
[2025-09-02T16:20:00.223+0000] {processor.py:157} INFO - Started process (PID=878) to work on /home/airflow/.local/lib/python3.7/site-packages/airflow/example_dags/example_bash_operator.py
[2025-09-02T16:20:00.224+0000] {processor.py:826} INFO - Processing file /home/airflow/.local/lib/python3.7/site-packages/airflow/example_dags/example_bash_operator.py for tasks to queue
[2025-09-02T16:20:00.225+0000] {logging_mixin.py:150} INFO - [2025-09-02T16:20:00.225+0000] {dagbag.py:541} INFO - Filling up the DagBag from /home/airflow/.local/lib/python3.7/site-packages/airflow/example_dags/example_bash_operator.py
[2025-09-02T16:20:00.247+0000] {processor.py:836} INFO - DAG(s) dict_keys(['example_bash_operator']) retrieved from /home/airflow/.local/lib/python3.7/site-packages/airflow/example_dags/example_bash_operator.py
[2025-09-02T16:20:00.301+0000] {logging_mixin.py:150} INFO - [2025-09-02T16:20:00.300+0000] {dag.py:2742} INFO - Sync 1 DAGs
[2025-09-02T16:20:00.339+0000] {logging_mixin.py:150} INFO - [2025-09-02T16:20:00.338+0000] {dag.py:3508} INFO - Setting next_dagrun for example_bash_operator to 2025-09-01T00:00:00+00:00, run_after=2025-09-02T00:00:00+00:00
[2025-09-02T16:20:00.366+0000] {processor.py:179} INFO - Processing /home/airflow/.local/lib/python3.7/site-packages/airflow/example_dags/example_bash_operator.py took 0.148 seconds
[2025-09-02T16:20:31.059+0000] {processor.py:157} INFO - Started process (PID=938) to work on /home/airflow/.local/lib/python3.7/site-packages/airflow/example_dags/example_bash_operator.py
[2025-09-02T16:20:31.060+0000] {processor.py:826} INFO - Processing file /home/airflow/.local/lib/python3.7/site-packages/airflow/example_dags/example_bash_operator.py for tasks to queue
[2025-09-02T16:20:31.061+0000] {logging_mixin.py:150} INFO - [2025-09-02T16:20:31.060+0000] {dagbag.py:541} INFO - Filling up the DagBag from /home/airflow/.local/lib/python3.7/site-packages/airflow/example_dags/example_bash_operator.py
[2025-09-02T16:20:31.076+0000] {processor.py:836} INFO - DAG(s) dict_keys(['example_bash_operator']) retrieved from /home/airflow/.local/lib/python3.7/site-packages/airflow/example_dags/example_bash_operator.py
[2025-09-02T16:20:31.122+0000] {logging_mixin.py:150} INFO - [2025-09-02T16:20:31.122+0000] {dag.py:2742} INFO - Sync 1 DAGs
[2025-09-02T16:20:31.157+0000] {logging_mixin.py:150} INFO - [2025-09-02T16:20:31.157+0000] {dag.py:3508} INFO - Setting next_dagrun for example_bash_operator to 2025-09-01T00:00:00+00:00, run_after=2025-09-02T00:00:00+00:00
[2025-09-02T16:20:31.188+0000] {processor.py:179} INFO - Processing /home/airflow/.local/lib/python3.7/site-packages/airflow/example_dags/example_bash_operator.py took 0.133 seconds
[2025-09-02T16:21:02.393+0000] {processor.py:157} INFO - Started process (PID=998) to work on /home/airflow/.local/lib/python3.7/site-packages/airflow/example_dags/example_bash_operator.py
[2025-09-02T16:21:02.394+0000] {processor.py:826} INFO - Processing file /home/airflow/.local/lib/python3.7/site-packages/airflow/example_dags/example_bash_operator.py for tasks to queue
[2025-09-02T16:21:02.395+0000] {logging_mixin.py:150} INFO - [2025-09-02T16:21:02.395+0000] {dagbag.py:541} INFO - Filling up the DagBag from /home/airflow/.local/lib/python3.7/site-packages/airflow/example_dags/example_bash_operator.py
[2025-09-02T16:21:02.413+0000] {processor.py:836} INFO - DAG(s) dict_keys(['example_bash_operator']) retrieved from /home/airflow/.local/lib/python3.7/site-packages/airflow/example_dags/example_bash_operator.py
[2025-09-02T16:21:02.466+0000] {logging_mixin.py:150} INFO - [2025-09-02T16:21:02.466+0000] {dag.py:2742} INFO - Sync 1 DAGs
[2025-09-02T16:21:02.503+0000] {logging_mixin.py:150} INFO - [2025-09-02T16:21:02.503+0000] {dag.py:3508} INFO - Setting next_dagrun for example_bash_operator to 2025-09-01T00:00:00+00:00, run_after=2025-09-02T00:00:00+00:00
[2025-09-02T16:21:02.531+0000] {processor.py:179} INFO - Processing /home/airflow/.local/lib/python3.7/site-packages/airflow/example_dags/example_bash_operator.py took 0.142 seconds
[2025-09-02T16:21:33.429+0000] {processor.py:157} INFO - Started process (PID=1058) to work on /home/airflow/.local/lib/python3.7/site-packages/airflow/example_dags/example_bash_operator.py
[2025-09-02T16:21:33.430+0000] {processor.py:826} INFO - Processing file /home/airflow/.local/lib/python3.7/site-packages/airflow/example_dags/example_bash_operator.py for tasks to queue
[2025-09-02T16:21:33.431+0000] {logging_mixin.py:150} INFO - [2025-09-02T16:21:33.431+0000] {dagbag.py:541} INFO - Filling up the DagBag from /home/airflow/.local/lib/python3.7/site-packages/airflow/example_dags/example_bash_operator.py
[2025-09-02T16:21:33.448+0000] {processor.py:836} INFO - DAG(s) dict_keys(['example_bash_operator']) retrieved from /home/airflow/.local/lib/python3.7/site-packages/airflow/example_dags/example_bash_operator.py
[2025-09-02T16:21:33.490+0000] {logging_mixin.py:150} INFO - [2025-09-02T16:21:33.490+0000] {dag.py:2742} INFO - Sync 1 DAGs
[2025-09-02T16:21:33.525+0000] {logging_mixin.py:150} INFO - [2025-09-02T16:21:33.524+0000] {dag.py:3508} INFO - Setting next_dagrun for example_bash_operator to 2025-09-01T00:00:00+00:00, run_after=2025-09-02T00:00:00+00:00
[2025-09-02T16:21:33.551+0000] {processor.py:179} INFO - Processing /home/airflow/.local/lib/python3.7/site-packages/airflow/example_dags/example_bash_operator.py took 0.128 seconds
[2025-09-02T16:22:05.119+0000] {processor.py:157} INFO - Started process (PID=1118) to work on /home/airflow/.local/lib/python3.7/site-packages/airflow/example_dags/example_bash_operator.py
[2025-09-02T16:22:05.121+0000] {processor.py:826} INFO - Processing file /home/airflow/.local/lib/python3.7/site-packages/airflow/example_dags/example_bash_operator.py for tasks to queue
[2025-09-02T16:22:05.122+0000] {logging_mixin.py:150} INFO - [2025-09-02T16:22:05.122+0000] {dagbag.py:541} INFO - Filling up the DagBag from /home/airflow/.local/lib/python3.7/site-packages/airflow/example_dags/example_bash_operator.py
[2025-09-02T16:22:05.139+0000] {processor.py:836} INFO - DAG(s) dict_keys(['example_bash_operator']) retrieved from /home/airflow/.local/lib/python3.7/site-packages/airflow/example_dags/example_bash_operator.py
[2025-09-02T16:22:05.182+0000] {logging_mixin.py:150} INFO - [2025-09-02T16:22:05.182+0000] {dag.py:2742} INFO - Sync 1 DAGs
[2025-09-02T16:22:05.219+0000] {logging_mixin.py:150} INFO - [2025-09-02T16:22:05.218+0000] {dag.py:3508} INFO - Setting next_dagrun for example_bash_operator to 2025-09-01T00:00:00+00:00, run_after=2025-09-02T00:00:00+00:00
[2025-09-02T16:22:05.246+0000] {processor.py:179} INFO - Processing /home/airflow/.local/lib/python3.7/site-packages/airflow/example_dags/example_bash_operator.py took 0.132 seconds
[2025-09-02T16:22:36.432+0000] {processor.py:157} INFO - Started process (PID=1178) to work on /home/airflow/.local/lib/python3.7/site-packages/airflow/example_dags/example_bash_operator.py
[2025-09-02T16:22:36.435+0000] {processor.py:826} INFO - Processing file /home/airflow/.local/lib/python3.7/site-packages/airflow/example_dags/example_bash_operator.py for tasks to queue
[2025-09-02T16:22:36.437+0000] {logging_mixin.py:150} INFO - [2025-09-02T16:22:36.436+0000] {dagbag.py:541} INFO - Filling up the DagBag from /home/airflow/.local/lib/python3.7/site-packages/airflow/example_dags/example_bash_operator.py
[2025-09-02T16:22:36.455+0000] {processor.py:836} INFO - DAG(s) dict_keys(['example_bash_operator']) retrieved from /home/airflow/.local/lib/python3.7/site-packages/airflow/example_dags/example_bash_operator.py
[2025-09-02T16:22:36.511+0000] {logging_mixin.py:150} INFO - [2025-09-02T16:22:36.511+0000] {dag.py:2742} INFO - Sync 1 DAGs
[2025-09-02T16:22:36.550+0000] {logging_mixin.py:150} INFO - [2025-09-02T16:22:36.550+0000] {dag.py:3508} INFO - Setting next_dagrun for example_bash_operator to 2025-09-01T00:00:00+00:00, run_after=2025-09-02T00:00:00+00:00
[2025-09-02T16:22:36.583+0000] {processor.py:179} INFO - Processing /home/airflow/.local/lib/python3.7/site-packages/airflow/example_dags/example_bash_operator.py took 0.155 seconds
[2025-09-02T16:23:07.996+0000] {processor.py:157} INFO - Started process (PID=1245) to work on /home/airflow/.local/lib/python3.7/site-packages/airflow/example_dags/example_bash_operator.py
[2025-09-02T16:23:07.997+0000] {processor.py:826} INFO - Processing file /home/airflow/.local/lib/python3.7/site-packages/airflow/example_dags/example_bash_operator.py for tasks to queue
[2025-09-02T16:23:07.998+0000] {logging_mixin.py:150} INFO - [2025-09-02T16:23:07.998+0000] {dagbag.py:541} INFO - Filling up the DagBag from /home/airflow/.local/lib/python3.7/site-packages/airflow/example_dags/example_bash_operator.py
[2025-09-02T16:23:08.013+0000] {processor.py:836} INFO - DAG(s) dict_keys(['example_bash_operator']) retrieved from /home/airflow/.local/lib/python3.7/site-packages/airflow/example_dags/example_bash_operator.py
[2025-09-02T16:23:08.061+0000] {logging_mixin.py:150} INFO - [2025-09-02T16:23:08.061+0000] {dag.py:2742} INFO - Sync 1 DAGs
[2025-09-02T16:23:08.102+0000] {logging_mixin.py:150} INFO - [2025-09-02T16:23:08.102+0000] {dag.py:3508} INFO - Setting next_dagrun for example_bash_operator to 2025-09-01T00:00:00+00:00, run_after=2025-09-02T00:00:00+00:00
[2025-09-02T16:23:08.130+0000] {processor.py:179} INFO - Processing /home/airflow/.local/lib/python3.7/site-packages/airflow/example_dags/example_bash_operator.py took 0.138 seconds
[2025-09-02T16:23:38.451+0000] {processor.py:157} INFO - Started process (PID=1305) to work on /home/airflow/.local/lib/python3.7/site-packages/airflow/example_dags/example_bash_operator.py
[2025-09-02T16:23:38.453+0000] {processor.py:826} INFO - Processing file /home/airflow/.local/lib/python3.7/site-packages/airflow/example_dags/example_bash_operator.py for tasks to queue
[2025-09-02T16:23:38.454+0000] {logging_mixin.py:150} INFO - [2025-09-02T16:23:38.454+0000] {dagbag.py:541} INFO - Filling up the DagBag from /home/airflow/.local/lib/python3.7/site-packages/airflow/example_dags/example_bash_operator.py
[2025-09-02T16:23:38.472+0000] {processor.py:836} INFO - DAG(s) dict_keys(['example_bash_operator']) retrieved from /home/airflow/.local/lib/python3.7/site-packages/airflow/example_dags/example_bash_operator.py
[2025-09-02T16:23:38.518+0000] {logging_mixin.py:150} INFO - [2025-09-02T16:23:38.518+0000] {dag.py:2742} INFO - Sync 1 DAGs
[2025-09-02T16:23:38.555+0000] {logging_mixin.py:150} INFO - [2025-09-02T16:23:38.555+0000] {dag.py:3508} INFO - Setting next_dagrun for example_bash_operator to 2025-09-01T00:00:00+00:00, run_after=2025-09-02T00:00:00+00:00
[2025-09-02T16:23:38.582+0000] {processor.py:179} INFO - Processing /home/airflow/.local/lib/python3.7/site-packages/airflow/example_dags/example_bash_operator.py took 0.138 seconds
[2025-09-02T16:24:09.858+0000] {processor.py:157} INFO - Started process (PID=1365) to work on /home/airflow/.local/lib/python3.7/site-packages/airflow/example_dags/example_bash_operator.py
[2025-09-02T16:24:09.858+0000] {processor.py:826} INFO - Processing file /home/airflow/.local/lib/python3.7/site-packages/airflow/example_dags/example_bash_operator.py for tasks to queue
[2025-09-02T16:24:09.859+0000] {logging_mixin.py:150} INFO - [2025-09-02T16:24:09.859+0000] {dagbag.py:541} INFO - Filling up the DagBag from /home/airflow/.local/lib/python3.7/site-packages/airflow/example_dags/example_bash_operator.py
[2025-09-02T16:24:09.874+0000] {processor.py:836} INFO - DAG(s) dict_keys(['example_bash_operator']) retrieved from /home/airflow/.local/lib/python3.7/site-packages/airflow/example_dags/example_bash_operator.py
[2025-09-02T16:24:09.922+0000] {logging_mixin.py:150} INFO - [2025-09-02T16:24:09.922+0000] {dag.py:2742} INFO - Sync 1 DAGs
[2025-09-02T16:24:09.956+0000] {logging_mixin.py:150} INFO - [2025-09-02T16:24:09.956+0000] {dag.py:3508} INFO - Setting next_dagrun for example_bash_operator to 2025-09-01T00:00:00+00:00, run_after=2025-09-02T00:00:00+00:00
[2025-09-02T16:24:09.993+0000] {processor.py:179} INFO - Processing /home/airflow/.local/lib/python3.7/site-packages/airflow/example_dags/example_bash_operator.py took 0.139 seconds
[2025-09-02T16:26:43.340+0000] {processor.py:157} INFO - Started process (PID=111) to work on /home/airflow/.local/lib/python3.7/site-packages/airflow/example_dags/example_bash_operator.py
[2025-09-02T16:26:43.343+0000] {processor.py:826} INFO - Processing file /home/airflow/.local/lib/python3.7/site-packages/airflow/example_dags/example_bash_operator.py for tasks to queue
[2025-09-02T16:26:43.344+0000] {logging_mixin.py:150} INFO - [2025-09-02T16:26:43.344+0000] {dagbag.py:541} INFO - Filling up the DagBag from /home/airflow/.local/lib/python3.7/site-packages/airflow/example_dags/example_bash_operator.py
[2025-09-02T16:26:43.370+0000] {processor.py:836} INFO - DAG(s) dict_keys(['example_bash_operator']) retrieved from /home/airflow/.local/lib/python3.7/site-packages/airflow/example_dags/example_bash_operator.py
[2025-09-02T16:26:43.505+0000] {logging_mixin.py:150} INFO - [2025-09-02T16:26:43.504+0000] {dag.py:2742} INFO - Sync 1 DAGs
[2025-09-02T16:26:43.575+0000] {logging_mixin.py:150} INFO - [2025-09-02T16:26:43.575+0000] {dag.py:3508} INFO - Setting next_dagrun for example_bash_operator to 2025-09-01T00:00:00+00:00, run_after=2025-09-02T00:00:00+00:00
[2025-09-02T16:26:43.643+0000] {processor.py:179} INFO - Processing /home/airflow/.local/lib/python3.7/site-packages/airflow/example_dags/example_bash_operator.py took 0.311 seconds
[2025-09-02T16:27:14.073+0000] {processor.py:157} INFO - Started process (PID=171) to work on /home/airflow/.local/lib/python3.7/site-packages/airflow/example_dags/example_bash_operator.py
[2025-09-02T16:27:14.074+0000] {processor.py:826} INFO - Processing file /home/airflow/.local/lib/python3.7/site-packages/airflow/example_dags/example_bash_operator.py for tasks to queue
[2025-09-02T16:27:14.076+0000] {logging_mixin.py:150} INFO - [2025-09-02T16:27:14.075+0000] {dagbag.py:541} INFO - Filling up the DagBag from /home/airflow/.local/lib/python3.7/site-packages/airflow/example_dags/example_bash_operator.py
[2025-09-02T16:27:14.094+0000] {processor.py:836} INFO - DAG(s) dict_keys(['example_bash_operator']) retrieved from /home/airflow/.local/lib/python3.7/site-packages/airflow/example_dags/example_bash_operator.py
[2025-09-02T16:27:14.152+0000] {logging_mixin.py:150} INFO - [2025-09-02T16:27:14.152+0000] {dag.py:2742} INFO - Sync 1 DAGs
[2025-09-02T16:27:14.201+0000] {logging_mixin.py:150} INFO - [2025-09-02T16:27:14.200+0000] {dag.py:3508} INFO - Setting next_dagrun for example_bash_operator to 2025-09-01T00:00:00+00:00, run_after=2025-09-02T00:00:00+00:00
[2025-09-02T16:27:14.248+0000] {processor.py:179} INFO - Processing /home/airflow/.local/lib/python3.7/site-packages/airflow/example_dags/example_bash_operator.py took 0.182 seconds
[2025-09-02T16:27:44.891+0000] {processor.py:157} INFO - Started process (PID=231) to work on /home/airflow/.local/lib/python3.7/site-packages/airflow/example_dags/example_bash_operator.py
[2025-09-02T16:27:44.893+0000] {processor.py:826} INFO - Processing file /home/airflow/.local/lib/python3.7/site-packages/airflow/example_dags/example_bash_operator.py for tasks to queue
[2025-09-02T16:27:44.894+0000] {logging_mixin.py:150} INFO - [2025-09-02T16:27:44.893+0000] {dagbag.py:541} INFO - Filling up the DagBag from /home/airflow/.local/lib/python3.7/site-packages/airflow/example_dags/example_bash_operator.py
[2025-09-02T16:27:44.912+0000] {processor.py:836} INFO - DAG(s) dict_keys(['example_bash_operator']) retrieved from /home/airflow/.local/lib/python3.7/site-packages/airflow/example_dags/example_bash_operator.py
[2025-09-02T16:27:44.963+0000] {logging_mixin.py:150} INFO - [2025-09-02T16:27:44.962+0000] {dag.py:2742} INFO - Sync 1 DAGs
[2025-09-02T16:27:45.002+0000] {logging_mixin.py:150} INFO - [2025-09-02T16:27:45.002+0000] {dag.py:3508} INFO - Setting next_dagrun for example_bash_operator to 2025-09-01T00:00:00+00:00, run_after=2025-09-02T00:00:00+00:00
[2025-09-02T16:27:45.046+0000] {processor.py:179} INFO - Processing /home/airflow/.local/lib/python3.7/site-packages/airflow/example_dags/example_bash_operator.py took 0.161 seconds
[2025-09-02T16:28:15.145+0000] {processor.py:157} INFO - Started process (PID=289) to work on /home/airflow/.local/lib/python3.7/site-packages/airflow/example_dags/example_bash_operator.py
[2025-09-02T16:28:15.146+0000] {processor.py:826} INFO - Processing file /home/airflow/.local/lib/python3.7/site-packages/airflow/example_dags/example_bash_operator.py for tasks to queue
[2025-09-02T16:28:15.147+0000] {logging_mixin.py:150} INFO - [2025-09-02T16:28:15.146+0000] {dagbag.py:541} INFO - Filling up the DagBag from /home/airflow/.local/lib/python3.7/site-packages/airflow/example_dags/example_bash_operator.py
[2025-09-02T16:28:15.159+0000] {processor.py:836} INFO - DAG(s) dict_keys(['example_bash_operator']) retrieved from /home/airflow/.local/lib/python3.7/site-packages/airflow/example_dags/example_bash_operator.py
[2025-09-02T16:28:15.195+0000] {logging_mixin.py:150} INFO - [2025-09-02T16:28:15.194+0000] {dag.py:2742} INFO - Sync 1 DAGs
[2025-09-02T16:28:15.222+0000] {logging_mixin.py:150} INFO - [2025-09-02T16:28:15.222+0000] {dag.py:3508} INFO - Setting next_dagrun for example_bash_operator to 2025-09-01T00:00:00+00:00, run_after=2025-09-02T00:00:00+00:00
[2025-09-02T16:28:15.245+0000] {processor.py:179} INFO - Processing /home/airflow/.local/lib/python3.7/site-packages/airflow/example_dags/example_bash_operator.py took 0.104 seconds
[2025-09-02T16:28:45.835+0000] {processor.py:157} INFO - Started process (PID=350) to work on /home/airflow/.local/lib/python3.7/site-packages/airflow/example_dags/example_bash_operator.py
[2025-09-02T16:28:45.837+0000] {processor.py:826} INFO - Processing file /home/airflow/.local/lib/python3.7/site-packages/airflow/example_dags/example_bash_operator.py for tasks to queue
[2025-09-02T16:28:45.838+0000] {logging_mixin.py:150} INFO - [2025-09-02T16:28:45.838+0000] {dagbag.py:541} INFO - Filling up the DagBag from /home/airflow/.local/lib/python3.7/site-packages/airflow/example_dags/example_bash_operator.py
[2025-09-02T16:28:45.857+0000] {processor.py:836} INFO - DAG(s) dict_keys(['example_bash_operator']) retrieved from /home/airflow/.local/lib/python3.7/site-packages/airflow/example_dags/example_bash_operator.py
[2025-09-02T16:28:45.918+0000] {logging_mixin.py:150} INFO - [2025-09-02T16:28:45.918+0000] {dag.py:2742} INFO - Sync 1 DAGs
[2025-09-02T16:28:45.958+0000] {logging_mixin.py:150} INFO - [2025-09-02T16:28:45.958+0000] {dag.py:3508} INFO - Setting next_dagrun for example_bash_operator to 2025-09-01T00:00:00+00:00, run_after=2025-09-02T00:00:00+00:00
[2025-09-02T16:28:45.989+0000] {processor.py:179} INFO - Processing /home/airflow/.local/lib/python3.7/site-packages/airflow/example_dags/example_bash_operator.py took 0.165 seconds
[2025-09-02T16:29:16.128+0000] {processor.py:157} INFO - Started process (PID=409) to work on /home/airflow/.local/lib/python3.7/site-packages/airflow/example_dags/example_bash_operator.py
[2025-09-02T16:29:16.130+0000] {processor.py:826} INFO - Processing file /home/airflow/.local/lib/python3.7/site-packages/airflow/example_dags/example_bash_operator.py for tasks to queue
[2025-09-02T16:29:16.131+0000] {logging_mixin.py:150} INFO - [2025-09-02T16:29:16.130+0000] {dagbag.py:541} INFO - Filling up the DagBag from /home/airflow/.local/lib/python3.7/site-packages/airflow/example_dags/example_bash_operator.py
[2025-09-02T16:29:16.146+0000] {processor.py:836} INFO - DAG(s) dict_keys(['example_bash_operator']) retrieved from /home/airflow/.local/lib/python3.7/site-packages/airflow/example_dags/example_bash_operator.py
[2025-09-02T16:29:16.204+0000] {logging_mixin.py:150} INFO - [2025-09-02T16:29:16.204+0000] {dag.py:2742} INFO - Sync 1 DAGs
[2025-09-02T16:29:16.254+0000] {logging_mixin.py:150} INFO - [2025-09-02T16:29:16.254+0000] {dag.py:3508} INFO - Setting next_dagrun for example_bash_operator to 2025-09-01T00:00:00+00:00, run_after=2025-09-02T00:00:00+00:00
[2025-09-02T16:29:16.299+0000] {processor.py:179} INFO - Processing /home/airflow/.local/lib/python3.7/site-packages/airflow/example_dags/example_bash_operator.py took 0.176 seconds
[2025-09-02T16:29:46.595+0000] {processor.py:157} INFO - Started process (PID=469) to work on /home/airflow/.local/lib/python3.7/site-packages/airflow/example_dags/example_bash_operator.py
[2025-09-02T16:29:46.596+0000] {processor.py:826} INFO - Processing file /home/airflow/.local/lib/python3.7/site-packages/airflow/example_dags/example_bash_operator.py for tasks to queue
[2025-09-02T16:29:46.597+0000] {logging_mixin.py:150} INFO - [2025-09-02T16:29:46.597+0000] {dagbag.py:541} INFO - Filling up the DagBag from /home/airflow/.local/lib/python3.7/site-packages/airflow/example_dags/example_bash_operator.py
[2025-09-02T16:29:46.615+0000] {processor.py:836} INFO - DAG(s) dict_keys(['example_bash_operator']) retrieved from /home/airflow/.local/lib/python3.7/site-packages/airflow/example_dags/example_bash_operator.py
[2025-09-02T16:29:46.659+0000] {logging_mixin.py:150} INFO - [2025-09-02T16:29:46.659+0000] {dag.py:2742} INFO - Sync 1 DAGs
[2025-09-02T16:29:46.695+0000] {logging_mixin.py:150} INFO - [2025-09-02T16:29:46.695+0000] {dag.py:3508} INFO - Setting next_dagrun for example_bash_operator to 2025-09-01T00:00:00+00:00, run_after=2025-09-02T00:00:00+00:00
[2025-09-02T16:29:46.732+0000] {processor.py:179} INFO - Processing /home/airflow/.local/lib/python3.7/site-packages/airflow/example_dags/example_bash_operator.py took 0.142 seconds
[2025-09-02T16:30:17.062+0000] {processor.py:157} INFO - Started process (PID=530) to work on /home/airflow/.local/lib/python3.7/site-packages/airflow/example_dags/example_bash_operator.py
[2025-09-02T16:30:17.063+0000] {processor.py:826} INFO - Processing file /home/airflow/.local/lib/python3.7/site-packages/airflow/example_dags/example_bash_operator.py for tasks to queue
[2025-09-02T16:30:17.064+0000] {logging_mixin.py:150} INFO - [2025-09-02T16:30:17.064+0000] {dagbag.py:541} INFO - Filling up the DagBag from /home/airflow/.local/lib/python3.7/site-packages/airflow/example_dags/example_bash_operator.py
[2025-09-02T16:30:17.080+0000] {processor.py:836} INFO - DAG(s) dict_keys(['example_bash_operator']) retrieved from /home/airflow/.local/lib/python3.7/site-packages/airflow/example_dags/example_bash_operator.py
[2025-09-02T16:30:17.122+0000] {logging_mixin.py:150} INFO - [2025-09-02T16:30:17.121+0000] {dag.py:2742} INFO - Sync 1 DAGs
[2025-09-02T16:30:17.153+0000] {logging_mixin.py:150} INFO - [2025-09-02T16:30:17.153+0000] {dag.py:3508} INFO - Setting next_dagrun for example_bash_operator to 2025-09-01T00:00:00+00:00, run_after=2025-09-02T00:00:00+00:00
[2025-09-02T16:30:17.176+0000] {processor.py:179} INFO - Processing /home/airflow/.local/lib/python3.7/site-packages/airflow/example_dags/example_bash_operator.py took 0.119 seconds
