[2025-09-02T16:13:03.062+0000] {processor.py:157} INFO - Started process (PID=58) to work on /home/airflow/.local/lib/python3.7/site-packages/airflow/example_dags/example_trigger_controller_dag.py
[2025-09-02T16:13:03.063+0000] {processor.py:826} INFO - Processing file /home/airflow/.local/lib/python3.7/site-packages/airflow/example_dags/example_trigger_controller_dag.py for tasks to queue
[2025-09-02T16:13:03.063+0000] {logging_mixin.py:150} INFO - [2025-09-02T16:13:03.063+0000] {dagbag.py:541} INFO - Filling up the DagBag from /home/airflow/.local/lib/python3.7/site-packages/airflow/example_dags/example_trigger_controller_dag.py
[2025-09-02T16:13:03.068+0000] {processor.py:836} INFO - DAG(s) dict_keys(['example_trigger_controller_dag']) retrieved from /home/airflow/.local/lib/python3.7/site-packages/airflow/example_dags/example_trigger_controller_dag.py
[2025-09-02T16:13:03.171+0000] {logging_mixin.py:150} INFO - [2025-09-02T16:13:03.171+0000] {manager.py:504} INFO - Created Permission View: can read on DAG:example_trigger_controller_dag
[2025-09-02T16:13:03.182+0000] {logging_mixin.py:150} INFO - [2025-09-02T16:13:03.182+0000] {manager.py:504} INFO - Created Permission View: can edit on DAG:example_trigger_controller_dag
[2025-09-02T16:13:03.189+0000] {logging_mixin.py:150} INFO - [2025-09-02T16:13:03.189+0000] {manager.py:504} INFO - Created Permission View: can delete on DAG:example_trigger_controller_dag
[2025-09-02T16:13:03.205+0000] {logging_mixin.py:150} INFO - [2025-09-02T16:13:03.205+0000] {dag.py:2742} INFO - Sync 1 DAGs
[2025-09-02T16:13:03.216+0000] {logging_mixin.py:150} INFO - [2025-09-02T16:13:03.216+0000] {dag.py:2763} INFO - Creating ORM DAG for example_trigger_controller_dag
[2025-09-02T16:13:03.230+0000] {logging_mixin.py:150} INFO - [2025-09-02T16:13:03.230+0000] {dag.py:3508} INFO - Setting next_dagrun for example_trigger_controller_dag to 2021-01-01T00:00:00+00:00, run_after=2021-01-01T00:00:00+00:00
[2025-09-02T16:13:03.248+0000] {processor.py:179} INFO - Processing /home/airflow/.local/lib/python3.7/site-packages/airflow/example_dags/example_trigger_controller_dag.py took 0.190 seconds
[2025-09-02T16:13:33.803+0000] {processor.py:157} INFO - Started process (PID=118) to work on /home/airflow/.local/lib/python3.7/site-packages/airflow/example_dags/example_trigger_controller_dag.py
[2025-09-02T16:13:33.804+0000] {processor.py:826} INFO - Processing file /home/airflow/.local/lib/python3.7/site-packages/airflow/example_dags/example_trigger_controller_dag.py for tasks to queue
[2025-09-02T16:13:33.805+0000] {logging_mixin.py:150} INFO - [2025-09-02T16:13:33.805+0000] {dagbag.py:541} INFO - Filling up the DagBag from /home/airflow/.local/lib/python3.7/site-packages/airflow/example_dags/example_trigger_controller_dag.py
[2025-09-02T16:13:33.812+0000] {processor.py:836} INFO - DAG(s) dict_keys(['example_trigger_controller_dag']) retrieved from /home/airflow/.local/lib/python3.7/site-packages/airflow/example_dags/example_trigger_controller_dag.py
[2025-09-02T16:13:33.841+0000] {logging_mixin.py:150} INFO - [2025-09-02T16:13:33.840+0000] {dag.py:2742} INFO - Sync 1 DAGs
[2025-09-02T16:13:33.874+0000] {logging_mixin.py:150} INFO - [2025-09-02T16:13:33.873+0000] {dag.py:3508} INFO - Setting next_dagrun for example_trigger_controller_dag to 2021-01-01T00:00:00+00:00, run_after=2021-01-01T00:00:00+00:00
[2025-09-02T16:13:33.899+0000] {processor.py:179} INFO - Processing /home/airflow/.local/lib/python3.7/site-packages/airflow/example_dags/example_trigger_controller_dag.py took 0.102 seconds
[2025-09-02T16:14:05.159+0000] {processor.py:157} INFO - Started process (PID=186) to work on /home/airflow/.local/lib/python3.7/site-packages/airflow/example_dags/example_trigger_controller_dag.py
[2025-09-02T16:14:05.161+0000] {processor.py:826} INFO - Processing file /home/airflow/.local/lib/python3.7/site-packages/airflow/example_dags/example_trigger_controller_dag.py for tasks to queue
[2025-09-02T16:14:05.162+0000] {logging_mixin.py:150} INFO - [2025-09-02T16:14:05.162+0000] {dagbag.py:541} INFO - Filling up the DagBag from /home/airflow/.local/lib/python3.7/site-packages/airflow/example_dags/example_trigger_controller_dag.py
[2025-09-02T16:14:05.167+0000] {processor.py:836} INFO - DAG(s) dict_keys(['example_trigger_controller_dag']) retrieved from /home/airflow/.local/lib/python3.7/site-packages/airflow/example_dags/example_trigger_controller_dag.py
[2025-09-02T16:14:05.207+0000] {logging_mixin.py:150} INFO - [2025-09-02T16:14:05.207+0000] {dag.py:2742} INFO - Sync 1 DAGs
[2025-09-02T16:14:05.241+0000] {logging_mixin.py:150} INFO - [2025-09-02T16:14:05.241+0000] {dag.py:3508} INFO - Setting next_dagrun for example_trigger_controller_dag to 2021-01-01T00:00:00+00:00, run_after=2021-01-01T00:00:00+00:00
[2025-09-02T16:14:05.268+0000] {processor.py:179} INFO - Processing /home/airflow/.local/lib/python3.7/site-packages/airflow/example_dags/example_trigger_controller_dag.py took 0.114 seconds
[2025-09-02T16:14:36.170+0000] {processor.py:157} INFO - Started process (PID=246) to work on /home/airflow/.local/lib/python3.7/site-packages/airflow/example_dags/example_trigger_controller_dag.py
[2025-09-02T16:14:36.171+0000] {processor.py:826} INFO - Processing file /home/airflow/.local/lib/python3.7/site-packages/airflow/example_dags/example_trigger_controller_dag.py for tasks to queue
[2025-09-02T16:14:36.172+0000] {logging_mixin.py:150} INFO - [2025-09-02T16:14:36.172+0000] {dagbag.py:541} INFO - Filling up the DagBag from /home/airflow/.local/lib/python3.7/site-packages/airflow/example_dags/example_trigger_controller_dag.py
[2025-09-02T16:14:36.179+0000] {processor.py:836} INFO - DAG(s) dict_keys(['example_trigger_controller_dag']) retrieved from /home/airflow/.local/lib/python3.7/site-packages/airflow/example_dags/example_trigger_controller_dag.py
[2025-09-02T16:14:36.231+0000] {logging_mixin.py:150} INFO - [2025-09-02T16:14:36.231+0000] {dag.py:2742} INFO - Sync 1 DAGs
[2025-09-02T16:14:36.268+0000] {logging_mixin.py:150} INFO - [2025-09-02T16:14:36.268+0000] {dag.py:3508} INFO - Setting next_dagrun for example_trigger_controller_dag to 2021-01-01T00:00:00+00:00, run_after=2021-01-01T00:00:00+00:00
[2025-09-02T16:14:36.299+0000] {processor.py:179} INFO - Processing /home/airflow/.local/lib/python3.7/site-packages/airflow/example_dags/example_trigger_controller_dag.py took 0.133 seconds
[2025-09-02T16:15:06.633+0000] {processor.py:157} INFO - Started process (PID=299) to work on /home/airflow/.local/lib/python3.7/site-packages/airflow/example_dags/example_trigger_controller_dag.py
[2025-09-02T16:15:06.634+0000] {processor.py:826} INFO - Processing file /home/airflow/.local/lib/python3.7/site-packages/airflow/example_dags/example_trigger_controller_dag.py for tasks to queue
[2025-09-02T16:15:06.635+0000] {logging_mixin.py:150} INFO - [2025-09-02T16:15:06.635+0000] {dagbag.py:541} INFO - Filling up the DagBag from /home/airflow/.local/lib/python3.7/site-packages/airflow/example_dags/example_trigger_controller_dag.py
[2025-09-02T16:15:06.640+0000] {processor.py:836} INFO - DAG(s) dict_keys(['example_trigger_controller_dag']) retrieved from /home/airflow/.local/lib/python3.7/site-packages/airflow/example_dags/example_trigger_controller_dag.py
[2025-09-02T16:15:06.669+0000] {logging_mixin.py:150} INFO - [2025-09-02T16:15:06.669+0000] {dag.py:2742} INFO - Sync 1 DAGs
[2025-09-02T16:15:06.702+0000] {logging_mixin.py:150} INFO - [2025-09-02T16:15:06.701+0000] {dag.py:3508} INFO - Setting next_dagrun for example_trigger_controller_dag to 2021-01-01T00:00:00+00:00, run_after=2021-01-01T00:00:00+00:00
[2025-09-02T16:15:06.729+0000] {processor.py:179} INFO - Processing /home/airflow/.local/lib/python3.7/site-packages/airflow/example_dags/example_trigger_controller_dag.py took 0.099 seconds
[2025-09-02T16:15:37.442+0000] {processor.py:157} INFO - Started process (PID=359) to work on /home/airflow/.local/lib/python3.7/site-packages/airflow/example_dags/example_trigger_controller_dag.py
[2025-09-02T16:15:37.444+0000] {processor.py:826} INFO - Processing file /home/airflow/.local/lib/python3.7/site-packages/airflow/example_dags/example_trigger_controller_dag.py for tasks to queue
[2025-09-02T16:15:37.446+0000] {logging_mixin.py:150} INFO - [2025-09-02T16:15:37.445+0000] {dagbag.py:541} INFO - Filling up the DagBag from /home/airflow/.local/lib/python3.7/site-packages/airflow/example_dags/example_trigger_controller_dag.py
[2025-09-02T16:15:37.453+0000] {processor.py:836} INFO - DAG(s) dict_keys(['example_trigger_controller_dag']) retrieved from /home/airflow/.local/lib/python3.7/site-packages/airflow/example_dags/example_trigger_controller_dag.py
[2025-09-02T16:15:37.497+0000] {logging_mixin.py:150} INFO - [2025-09-02T16:15:37.497+0000] {dag.py:2742} INFO - Sync 1 DAGs
[2025-09-02T16:15:37.543+0000] {logging_mixin.py:150} INFO - [2025-09-02T16:15:37.543+0000] {dag.py:3508} INFO - Setting next_dagrun for example_trigger_controller_dag to 2021-01-01T00:00:00+00:00, run_after=2021-01-01T00:00:00+00:00
[2025-09-02T16:15:37.576+0000] {processor.py:179} INFO - Processing /home/airflow/.local/lib/python3.7/site-packages/airflow/example_dags/example_trigger_controller_dag.py took 0.140 seconds
[2025-09-02T16:16:07.728+0000] {processor.py:157} INFO - Started process (PID=419) to work on /home/airflow/.local/lib/python3.7/site-packages/airflow/example_dags/example_trigger_controller_dag.py
[2025-09-02T16:16:07.730+0000] {processor.py:826} INFO - Processing file /home/airflow/.local/lib/python3.7/site-packages/airflow/example_dags/example_trigger_controller_dag.py for tasks to queue
[2025-09-02T16:16:07.732+0000] {logging_mixin.py:150} INFO - [2025-09-02T16:16:07.731+0000] {dagbag.py:541} INFO - Filling up the DagBag from /home/airflow/.local/lib/python3.7/site-packages/airflow/example_dags/example_trigger_controller_dag.py
[2025-09-02T16:16:07.739+0000] {processor.py:836} INFO - DAG(s) dict_keys(['example_trigger_controller_dag']) retrieved from /home/airflow/.local/lib/python3.7/site-packages/airflow/example_dags/example_trigger_controller_dag.py
[2025-09-02T16:16:07.779+0000] {logging_mixin.py:150} INFO - [2025-09-02T16:16:07.778+0000] {dag.py:2742} INFO - Sync 1 DAGs
[2025-09-02T16:16:07.818+0000] {logging_mixin.py:150} INFO - [2025-09-02T16:16:07.818+0000] {dag.py:3508} INFO - Setting next_dagrun for example_trigger_controller_dag to 2021-01-01T00:00:00+00:00, run_after=2021-01-01T00:00:00+00:00
[2025-09-02T16:16:07.852+0000] {processor.py:179} INFO - Processing /home/airflow/.local/lib/python3.7/site-packages/airflow/example_dags/example_trigger_controller_dag.py took 0.129 seconds
[2025-09-02T16:16:38.498+0000] {processor.py:157} INFO - Started process (PID=479) to work on /home/airflow/.local/lib/python3.7/site-packages/airflow/example_dags/example_trigger_controller_dag.py
[2025-09-02T16:16:38.503+0000] {processor.py:826} INFO - Processing file /home/airflow/.local/lib/python3.7/site-packages/airflow/example_dags/example_trigger_controller_dag.py for tasks to queue
[2025-09-02T16:16:38.504+0000] {logging_mixin.py:150} INFO - [2025-09-02T16:16:38.503+0000] {dagbag.py:541} INFO - Filling up the DagBag from /home/airflow/.local/lib/python3.7/site-packages/airflow/example_dags/example_trigger_controller_dag.py
[2025-09-02T16:16:38.511+0000] {processor.py:836} INFO - DAG(s) dict_keys(['example_trigger_controller_dag']) retrieved from /home/airflow/.local/lib/python3.7/site-packages/airflow/example_dags/example_trigger_controller_dag.py
[2025-09-02T16:16:38.546+0000] {logging_mixin.py:150} INFO - [2025-09-02T16:16:38.546+0000] {dag.py:2742} INFO - Sync 1 DAGs
[2025-09-02T16:16:38.582+0000] {logging_mixin.py:150} INFO - [2025-09-02T16:16:38.582+0000] {dag.py:3508} INFO - Setting next_dagrun for example_trigger_controller_dag to 2021-01-01T00:00:00+00:00, run_after=2021-01-01T00:00:00+00:00
[2025-09-02T16:16:38.609+0000] {processor.py:179} INFO - Processing /home/airflow/.local/lib/python3.7/site-packages/airflow/example_dags/example_trigger_controller_dag.py took 0.118 seconds
[2025-09-02T16:17:08.681+0000] {processor.py:157} INFO - Started process (PID=539) to work on /home/airflow/.local/lib/python3.7/site-packages/airflow/example_dags/example_trigger_controller_dag.py
[2025-09-02T16:17:08.682+0000] {processor.py:826} INFO - Processing file /home/airflow/.local/lib/python3.7/site-packages/airflow/example_dags/example_trigger_controller_dag.py for tasks to queue
[2025-09-02T16:17:08.687+0000] {logging_mixin.py:150} INFO - [2025-09-02T16:17:08.684+0000] {dagbag.py:541} INFO - Filling up the DagBag from /home/airflow/.local/lib/python3.7/site-packages/airflow/example_dags/example_trigger_controller_dag.py
[2025-09-02T16:17:08.694+0000] {processor.py:836} INFO - DAG(s) dict_keys(['example_trigger_controller_dag']) retrieved from /home/airflow/.local/lib/python3.7/site-packages/airflow/example_dags/example_trigger_controller_dag.py
[2025-09-02T16:17:08.733+0000] {logging_mixin.py:150} INFO - [2025-09-02T16:17:08.732+0000] {dag.py:2742} INFO - Sync 1 DAGs
[2025-09-02T16:17:08.782+0000] {logging_mixin.py:150} INFO - [2025-09-02T16:17:08.782+0000] {dag.py:3508} INFO - Setting next_dagrun for example_trigger_controller_dag to 2021-01-01T00:00:00+00:00, run_after=2021-01-01T00:00:00+00:00
[2025-09-02T16:17:08.820+0000] {processor.py:179} INFO - Processing /home/airflow/.local/lib/python3.7/site-packages/airflow/example_dags/example_trigger_controller_dag.py took 0.147 seconds
[2025-09-02T16:17:39.015+0000] {processor.py:157} INFO - Started process (PID=598) to work on /home/airflow/.local/lib/python3.7/site-packages/airflow/example_dags/example_trigger_controller_dag.py
[2025-09-02T16:17:39.016+0000] {processor.py:826} INFO - Processing file /home/airflow/.local/lib/python3.7/site-packages/airflow/example_dags/example_trigger_controller_dag.py for tasks to queue
[2025-09-02T16:17:39.017+0000] {logging_mixin.py:150} INFO - [2025-09-02T16:17:39.017+0000] {dagbag.py:541} INFO - Filling up the DagBag from /home/airflow/.local/lib/python3.7/site-packages/airflow/example_dags/example_trigger_controller_dag.py
[2025-09-02T16:17:39.022+0000] {processor.py:836} INFO - DAG(s) dict_keys(['example_trigger_controller_dag']) retrieved from /home/airflow/.local/lib/python3.7/site-packages/airflow/example_dags/example_trigger_controller_dag.py
[2025-09-02T16:17:39.055+0000] {logging_mixin.py:150} INFO - [2025-09-02T16:17:39.054+0000] {dag.py:2742} INFO - Sync 1 DAGs
[2025-09-02T16:17:39.089+0000] {logging_mixin.py:150} INFO - [2025-09-02T16:17:39.089+0000] {dag.py:3508} INFO - Setting next_dagrun for example_trigger_controller_dag to 2021-01-01T00:00:00+00:00, run_after=2021-01-01T00:00:00+00:00
[2025-09-02T16:17:39.122+0000] {processor.py:179} INFO - Processing /home/airflow/.local/lib/python3.7/site-packages/airflow/example_dags/example_trigger_controller_dag.py took 0.111 seconds
[2025-09-02T16:18:09.466+0000] {processor.py:157} INFO - Started process (PID=658) to work on /home/airflow/.local/lib/python3.7/site-packages/airflow/example_dags/example_trigger_controller_dag.py
[2025-09-02T16:18:09.467+0000] {processor.py:826} INFO - Processing file /home/airflow/.local/lib/python3.7/site-packages/airflow/example_dags/example_trigger_controller_dag.py for tasks to queue
[2025-09-02T16:18:09.468+0000] {logging_mixin.py:150} INFO - [2025-09-02T16:18:09.467+0000] {dagbag.py:541} INFO - Filling up the DagBag from /home/airflow/.local/lib/python3.7/site-packages/airflow/example_dags/example_trigger_controller_dag.py
[2025-09-02T16:18:09.472+0000] {processor.py:836} INFO - DAG(s) dict_keys(['example_trigger_controller_dag']) retrieved from /home/airflow/.local/lib/python3.7/site-packages/airflow/example_dags/example_trigger_controller_dag.py
[2025-09-02T16:18:09.500+0000] {logging_mixin.py:150} INFO - [2025-09-02T16:18:09.499+0000] {dag.py:2742} INFO - Sync 1 DAGs
[2025-09-02T16:18:09.535+0000] {logging_mixin.py:150} INFO - [2025-09-02T16:18:09.534+0000] {dag.py:3508} INFO - Setting next_dagrun for example_trigger_controller_dag to 2021-01-01T00:00:00+00:00, run_after=2021-01-01T00:00:00+00:00
[2025-09-02T16:18:09.562+0000] {processor.py:179} INFO - Processing /home/airflow/.local/lib/python3.7/site-packages/airflow/example_dags/example_trigger_controller_dag.py took 0.100 seconds
[2025-09-02T16:18:39.905+0000] {processor.py:157} INFO - Started process (PID=718) to work on /home/airflow/.local/lib/python3.7/site-packages/airflow/example_dags/example_trigger_controller_dag.py
[2025-09-02T16:18:39.906+0000] {processor.py:826} INFO - Processing file /home/airflow/.local/lib/python3.7/site-packages/airflow/example_dags/example_trigger_controller_dag.py for tasks to queue
[2025-09-02T16:18:39.907+0000] {logging_mixin.py:150} INFO - [2025-09-02T16:18:39.907+0000] {dagbag.py:541} INFO - Filling up the DagBag from /home/airflow/.local/lib/python3.7/site-packages/airflow/example_dags/example_trigger_controller_dag.py
[2025-09-02T16:18:39.913+0000] {processor.py:836} INFO - DAG(s) dict_keys(['example_trigger_controller_dag']) retrieved from /home/airflow/.local/lib/python3.7/site-packages/airflow/example_dags/example_trigger_controller_dag.py
[2025-09-02T16:18:39.946+0000] {logging_mixin.py:150} INFO - [2025-09-02T16:18:39.945+0000] {dag.py:2742} INFO - Sync 1 DAGs
[2025-09-02T16:18:39.988+0000] {logging_mixin.py:150} INFO - [2025-09-02T16:18:39.988+0000] {dag.py:3508} INFO - Setting next_dagrun for example_trigger_controller_dag to 2021-01-01T00:00:00+00:00, run_after=2021-01-01T00:00:00+00:00
[2025-09-02T16:18:40.019+0000] {processor.py:179} INFO - Processing /home/airflow/.local/lib/python3.7/site-packages/airflow/example_dags/example_trigger_controller_dag.py took 0.119 seconds
[2025-09-02T16:19:10.901+0000] {processor.py:157} INFO - Started process (PID=779) to work on /home/airflow/.local/lib/python3.7/site-packages/airflow/example_dags/example_trigger_controller_dag.py
[2025-09-02T16:19:10.902+0000] {processor.py:826} INFO - Processing file /home/airflow/.local/lib/python3.7/site-packages/airflow/example_dags/example_trigger_controller_dag.py for tasks to queue
[2025-09-02T16:19:10.903+0000] {logging_mixin.py:150} INFO - [2025-09-02T16:19:10.903+0000] {dagbag.py:541} INFO - Filling up the DagBag from /home/airflow/.local/lib/python3.7/site-packages/airflow/example_dags/example_trigger_controller_dag.py
[2025-09-02T16:19:10.916+0000] {processor.py:836} INFO - DAG(s) dict_keys(['example_trigger_controller_dag']) retrieved from /home/airflow/.local/lib/python3.7/site-packages/airflow/example_dags/example_trigger_controller_dag.py
[2025-09-02T16:19:10.954+0000] {logging_mixin.py:150} INFO - [2025-09-02T16:19:10.954+0000] {dag.py:2742} INFO - Sync 1 DAGs
[2025-09-02T16:19:10.995+0000] {logging_mixin.py:150} INFO - [2025-09-02T16:19:10.995+0000] {dag.py:3508} INFO - Setting next_dagrun for example_trigger_controller_dag to 2021-01-01T00:00:00+00:00, run_after=2021-01-01T00:00:00+00:00
[2025-09-02T16:19:11.040+0000] {processor.py:179} INFO - Processing /home/airflow/.local/lib/python3.7/site-packages/airflow/example_dags/example_trigger_controller_dag.py took 0.149 seconds
[2025-09-02T16:19:41.638+0000] {processor.py:157} INFO - Started process (PID=839) to work on /home/airflow/.local/lib/python3.7/site-packages/airflow/example_dags/example_trigger_controller_dag.py
[2025-09-02T16:19:41.639+0000] {processor.py:826} INFO - Processing file /home/airflow/.local/lib/python3.7/site-packages/airflow/example_dags/example_trigger_controller_dag.py for tasks to queue
[2025-09-02T16:19:41.640+0000] {logging_mixin.py:150} INFO - [2025-09-02T16:19:41.640+0000] {dagbag.py:541} INFO - Filling up the DagBag from /home/airflow/.local/lib/python3.7/site-packages/airflow/example_dags/example_trigger_controller_dag.py
[2025-09-02T16:19:41.646+0000] {processor.py:836} INFO - DAG(s) dict_keys(['example_trigger_controller_dag']) retrieved from /home/airflow/.local/lib/python3.7/site-packages/airflow/example_dags/example_trigger_controller_dag.py
[2025-09-02T16:19:41.674+0000] {logging_mixin.py:150} INFO - [2025-09-02T16:19:41.674+0000] {dag.py:2742} INFO - Sync 1 DAGs
[2025-09-02T16:19:41.711+0000] {logging_mixin.py:150} INFO - [2025-09-02T16:19:41.711+0000] {dag.py:3508} INFO - Setting next_dagrun for example_trigger_controller_dag to 2021-01-01T00:00:00+00:00, run_after=2021-01-01T00:00:00+00:00
[2025-09-02T16:19:41.739+0000] {processor.py:179} INFO - Processing /home/airflow/.local/lib/python3.7/site-packages/airflow/example_dags/example_trigger_controller_dag.py took 0.104 seconds
[2025-09-02T16:20:12.555+0000] {processor.py:157} INFO - Started process (PID=899) to work on /home/airflow/.local/lib/python3.7/site-packages/airflow/example_dags/example_trigger_controller_dag.py
[2025-09-02T16:20:12.556+0000] {processor.py:826} INFO - Processing file /home/airflow/.local/lib/python3.7/site-packages/airflow/example_dags/example_trigger_controller_dag.py for tasks to queue
[2025-09-02T16:20:12.557+0000] {logging_mixin.py:150} INFO - [2025-09-02T16:20:12.557+0000] {dagbag.py:541} INFO - Filling up the DagBag from /home/airflow/.local/lib/python3.7/site-packages/airflow/example_dags/example_trigger_controller_dag.py
[2025-09-02T16:20:12.564+0000] {processor.py:836} INFO - DAG(s) dict_keys(['example_trigger_controller_dag']) retrieved from /home/airflow/.local/lib/python3.7/site-packages/airflow/example_dags/example_trigger_controller_dag.py
[2025-09-02T16:20:12.605+0000] {logging_mixin.py:150} INFO - [2025-09-02T16:20:12.605+0000] {dag.py:2742} INFO - Sync 1 DAGs
[2025-09-02T16:20:12.644+0000] {logging_mixin.py:150} INFO - [2025-09-02T16:20:12.643+0000] {dag.py:3508} INFO - Setting next_dagrun for example_trigger_controller_dag to 2021-01-01T00:00:00+00:00, run_after=2021-01-01T00:00:00+00:00
[2025-09-02T16:20:12.677+0000] {processor.py:179} INFO - Processing /home/airflow/.local/lib/python3.7/site-packages/airflow/example_dags/example_trigger_controller_dag.py took 0.127 seconds
[2025-09-02T16:20:43.283+0000] {processor.py:157} INFO - Started process (PID=959) to work on /home/airflow/.local/lib/python3.7/site-packages/airflow/example_dags/example_trigger_controller_dag.py
[2025-09-02T16:20:43.284+0000] {processor.py:826} INFO - Processing file /home/airflow/.local/lib/python3.7/site-packages/airflow/example_dags/example_trigger_controller_dag.py for tasks to queue
[2025-09-02T16:20:43.285+0000] {logging_mixin.py:150} INFO - [2025-09-02T16:20:43.285+0000] {dagbag.py:541} INFO - Filling up the DagBag from /home/airflow/.local/lib/python3.7/site-packages/airflow/example_dags/example_trigger_controller_dag.py
[2025-09-02T16:20:43.291+0000] {processor.py:836} INFO - DAG(s) dict_keys(['example_trigger_controller_dag']) retrieved from /home/airflow/.local/lib/python3.7/site-packages/airflow/example_dags/example_trigger_controller_dag.py
[2025-09-02T16:20:43.322+0000] {logging_mixin.py:150} INFO - [2025-09-02T16:20:43.321+0000] {dag.py:2742} INFO - Sync 1 DAGs
[2025-09-02T16:20:43.359+0000] {logging_mixin.py:150} INFO - [2025-09-02T16:20:43.358+0000] {dag.py:3508} INFO - Setting next_dagrun for example_trigger_controller_dag to 2021-01-01T00:00:00+00:00, run_after=2021-01-01T00:00:00+00:00
[2025-09-02T16:20:43.389+0000] {processor.py:179} INFO - Processing /home/airflow/.local/lib/python3.7/site-packages/airflow/example_dags/example_trigger_controller_dag.py took 0.112 seconds
[2025-09-02T16:21:13.667+0000] {processor.py:157} INFO - Started process (PID=1019) to work on /home/airflow/.local/lib/python3.7/site-packages/airflow/example_dags/example_trigger_controller_dag.py
[2025-09-02T16:21:13.669+0000] {processor.py:826} INFO - Processing file /home/airflow/.local/lib/python3.7/site-packages/airflow/example_dags/example_trigger_controller_dag.py for tasks to queue
[2025-09-02T16:21:13.670+0000] {logging_mixin.py:150} INFO - [2025-09-02T16:21:13.669+0000] {dagbag.py:541} INFO - Filling up the DagBag from /home/airflow/.local/lib/python3.7/site-packages/airflow/example_dags/example_trigger_controller_dag.py
[2025-09-02T16:21:13.678+0000] {processor.py:836} INFO - DAG(s) dict_keys(['example_trigger_controller_dag']) retrieved from /home/airflow/.local/lib/python3.7/site-packages/airflow/example_dags/example_trigger_controller_dag.py
[2025-09-02T16:21:13.715+0000] {logging_mixin.py:150} INFO - [2025-09-02T16:21:13.715+0000] {dag.py:2742} INFO - Sync 1 DAGs
[2025-09-02T16:21:13.758+0000] {logging_mixin.py:150} INFO - [2025-09-02T16:21:13.757+0000] {dag.py:3508} INFO - Setting next_dagrun for example_trigger_controller_dag to 2021-01-01T00:00:00+00:00, run_after=2021-01-01T00:00:00+00:00
[2025-09-02T16:21:13.797+0000] {processor.py:179} INFO - Processing /home/airflow/.local/lib/python3.7/site-packages/airflow/example_dags/example_trigger_controller_dag.py took 0.136 seconds
[2025-09-02T16:21:44.596+0000] {processor.py:157} INFO - Started process (PID=1079) to work on /home/airflow/.local/lib/python3.7/site-packages/airflow/example_dags/example_trigger_controller_dag.py
[2025-09-02T16:21:44.597+0000] {processor.py:826} INFO - Processing file /home/airflow/.local/lib/python3.7/site-packages/airflow/example_dags/example_trigger_controller_dag.py for tasks to queue
[2025-09-02T16:21:44.598+0000] {logging_mixin.py:150} INFO - [2025-09-02T16:21:44.598+0000] {dagbag.py:541} INFO - Filling up the DagBag from /home/airflow/.local/lib/python3.7/site-packages/airflow/example_dags/example_trigger_controller_dag.py
[2025-09-02T16:21:44.605+0000] {processor.py:836} INFO - DAG(s) dict_keys(['example_trigger_controller_dag']) retrieved from /home/airflow/.local/lib/python3.7/site-packages/airflow/example_dags/example_trigger_controller_dag.py
[2025-09-02T16:21:44.644+0000] {logging_mixin.py:150} INFO - [2025-09-02T16:21:44.643+0000] {dag.py:2742} INFO - Sync 1 DAGs
[2025-09-02T16:21:44.688+0000] {logging_mixin.py:150} INFO - [2025-09-02T16:21:44.687+0000] {dag.py:3508} INFO - Setting next_dagrun for example_trigger_controller_dag to 2021-01-01T00:00:00+00:00, run_after=2021-01-01T00:00:00+00:00
[2025-09-02T16:21:44.718+0000] {processor.py:179} INFO - Processing /home/airflow/.local/lib/python3.7/site-packages/airflow/example_dags/example_trigger_controller_dag.py took 0.127 seconds
[2025-09-02T16:22:15.278+0000] {processor.py:157} INFO - Started process (PID=1139) to work on /home/airflow/.local/lib/python3.7/site-packages/airflow/example_dags/example_trigger_controller_dag.py
[2025-09-02T16:22:15.279+0000] {processor.py:826} INFO - Processing file /home/airflow/.local/lib/python3.7/site-packages/airflow/example_dags/example_trigger_controller_dag.py for tasks to queue
[2025-09-02T16:22:15.280+0000] {logging_mixin.py:150} INFO - [2025-09-02T16:22:15.280+0000] {dagbag.py:541} INFO - Filling up the DagBag from /home/airflow/.local/lib/python3.7/site-packages/airflow/example_dags/example_trigger_controller_dag.py
[2025-09-02T16:22:15.288+0000] {processor.py:836} INFO - DAG(s) dict_keys(['example_trigger_controller_dag']) retrieved from /home/airflow/.local/lib/python3.7/site-packages/airflow/example_dags/example_trigger_controller_dag.py
[2025-09-02T16:22:15.329+0000] {logging_mixin.py:150} INFO - [2025-09-02T16:22:15.329+0000] {dag.py:2742} INFO - Sync 1 DAGs
[2025-09-02T16:22:15.369+0000] {logging_mixin.py:150} INFO - [2025-09-02T16:22:15.369+0000] {dag.py:3508} INFO - Setting next_dagrun for example_trigger_controller_dag to 2021-01-01T00:00:00+00:00, run_after=2021-01-01T00:00:00+00:00
[2025-09-02T16:22:15.397+0000] {processor.py:179} INFO - Processing /home/airflow/.local/lib/python3.7/site-packages/airflow/example_dags/example_trigger_controller_dag.py took 0.124 seconds
[2025-09-02T16:22:45.602+0000] {processor.py:157} INFO - Started process (PID=1199) to work on /home/airflow/.local/lib/python3.7/site-packages/airflow/example_dags/example_trigger_controller_dag.py
[2025-09-02T16:22:45.604+0000] {processor.py:826} INFO - Processing file /home/airflow/.local/lib/python3.7/site-packages/airflow/example_dags/example_trigger_controller_dag.py for tasks to queue
[2025-09-02T16:22:45.605+0000] {logging_mixin.py:150} INFO - [2025-09-02T16:22:45.604+0000] {dagbag.py:541} INFO - Filling up the DagBag from /home/airflow/.local/lib/python3.7/site-packages/airflow/example_dags/example_trigger_controller_dag.py
[2025-09-02T16:22:45.612+0000] {processor.py:836} INFO - DAG(s) dict_keys(['example_trigger_controller_dag']) retrieved from /home/airflow/.local/lib/python3.7/site-packages/airflow/example_dags/example_trigger_controller_dag.py
[2025-09-02T16:22:45.654+0000] {logging_mixin.py:150} INFO - [2025-09-02T16:22:45.653+0000] {dag.py:2742} INFO - Sync 1 DAGs
[2025-09-02T16:22:45.694+0000] {logging_mixin.py:150} INFO - [2025-09-02T16:22:45.694+0000] {dag.py:3508} INFO - Setting next_dagrun for example_trigger_controller_dag to 2021-01-01T00:00:00+00:00, run_after=2021-01-01T00:00:00+00:00
[2025-09-02T16:22:45.726+0000] {processor.py:179} INFO - Processing /home/airflow/.local/lib/python3.7/site-packages/airflow/example_dags/example_trigger_controller_dag.py took 0.130 seconds
[2025-09-02T16:23:15.939+0000] {processor.py:157} INFO - Started process (PID=1259) to work on /home/airflow/.local/lib/python3.7/site-packages/airflow/example_dags/example_trigger_controller_dag.py
[2025-09-02T16:23:15.941+0000] {processor.py:826} INFO - Processing file /home/airflow/.local/lib/python3.7/site-packages/airflow/example_dags/example_trigger_controller_dag.py for tasks to queue
[2025-09-02T16:23:15.942+0000] {logging_mixin.py:150} INFO - [2025-09-02T16:23:15.941+0000] {dagbag.py:541} INFO - Filling up the DagBag from /home/airflow/.local/lib/python3.7/site-packages/airflow/example_dags/example_trigger_controller_dag.py
[2025-09-02T16:23:15.950+0000] {processor.py:836} INFO - DAG(s) dict_keys(['example_trigger_controller_dag']) retrieved from /home/airflow/.local/lib/python3.7/site-packages/airflow/example_dags/example_trigger_controller_dag.py
[2025-09-02T16:23:15.988+0000] {logging_mixin.py:150} INFO - [2025-09-02T16:23:15.988+0000] {dag.py:2742} INFO - Sync 1 DAGs
[2025-09-02T16:23:16.037+0000] {logging_mixin.py:150} INFO - [2025-09-02T16:23:16.037+0000] {dag.py:3508} INFO - Setting next_dagrun for example_trigger_controller_dag to 2021-01-01T00:00:00+00:00, run_after=2021-01-01T00:00:00+00:00
[2025-09-02T16:23:16.077+0000] {processor.py:179} INFO - Processing /home/airflow/.local/lib/python3.7/site-packages/airflow/example_dags/example_trigger_controller_dag.py took 0.142 seconds
[2025-09-02T16:23:46.622+0000] {processor.py:157} INFO - Started process (PID=1319) to work on /home/airflow/.local/lib/python3.7/site-packages/airflow/example_dags/example_trigger_controller_dag.py
[2025-09-02T16:23:46.624+0000] {processor.py:826} INFO - Processing file /home/airflow/.local/lib/python3.7/site-packages/airflow/example_dags/example_trigger_controller_dag.py for tasks to queue
[2025-09-02T16:23:46.625+0000] {logging_mixin.py:150} INFO - [2025-09-02T16:23:46.624+0000] {dagbag.py:541} INFO - Filling up the DagBag from /home/airflow/.local/lib/python3.7/site-packages/airflow/example_dags/example_trigger_controller_dag.py
[2025-09-02T16:23:46.632+0000] {processor.py:836} INFO - DAG(s) dict_keys(['example_trigger_controller_dag']) retrieved from /home/airflow/.local/lib/python3.7/site-packages/airflow/example_dags/example_trigger_controller_dag.py
[2025-09-02T16:23:46.668+0000] {logging_mixin.py:150} INFO - [2025-09-02T16:23:46.668+0000] {dag.py:2742} INFO - Sync 1 DAGs
[2025-09-02T16:23:46.706+0000] {logging_mixin.py:150} INFO - [2025-09-02T16:23:46.706+0000] {dag.py:3508} INFO - Setting next_dagrun for example_trigger_controller_dag to 2021-01-01T00:00:00+00:00, run_after=2021-01-01T00:00:00+00:00
[2025-09-02T16:23:46.743+0000] {processor.py:179} INFO - Processing /home/airflow/.local/lib/python3.7/site-packages/airflow/example_dags/example_trigger_controller_dag.py took 0.125 seconds
[2025-09-02T16:24:16.999+0000] {processor.py:157} INFO - Started process (PID=1379) to work on /home/airflow/.local/lib/python3.7/site-packages/airflow/example_dags/example_trigger_controller_dag.py
[2025-09-02T16:24:17.004+0000] {processor.py:826} INFO - Processing file /home/airflow/.local/lib/python3.7/site-packages/airflow/example_dags/example_trigger_controller_dag.py for tasks to queue
[2025-09-02T16:24:17.006+0000] {logging_mixin.py:150} INFO - [2025-09-02T16:24:17.005+0000] {dagbag.py:541} INFO - Filling up the DagBag from /home/airflow/.local/lib/python3.7/site-packages/airflow/example_dags/example_trigger_controller_dag.py
[2025-09-02T16:24:17.031+0000] {processor.py:836} INFO - DAG(s) dict_keys(['example_trigger_controller_dag']) retrieved from /home/airflow/.local/lib/python3.7/site-packages/airflow/example_dags/example_trigger_controller_dag.py
[2025-09-02T16:24:17.086+0000] {logging_mixin.py:150} INFO - [2025-09-02T16:24:17.086+0000] {dag.py:2742} INFO - Sync 1 DAGs
[2025-09-02T16:24:17.137+0000] {logging_mixin.py:150} INFO - [2025-09-02T16:24:17.137+0000] {dag.py:3508} INFO - Setting next_dagrun for example_trigger_controller_dag to 2021-01-01T00:00:00+00:00, run_after=2021-01-01T00:00:00+00:00
[2025-09-02T16:24:17.190+0000] {processor.py:179} INFO - Processing /home/airflow/.local/lib/python3.7/site-packages/airflow/example_dags/example_trigger_controller_dag.py took 0.198 seconds
[2025-09-02T16:26:26.165+0000] {processor.py:157} INFO - Started process (PID=79) to work on /home/airflow/.local/lib/python3.7/site-packages/airflow/example_dags/example_trigger_controller_dag.py
[2025-09-02T16:26:26.181+0000] {processor.py:826} INFO - Processing file /home/airflow/.local/lib/python3.7/site-packages/airflow/example_dags/example_trigger_controller_dag.py for tasks to queue
[2025-09-02T16:26:26.185+0000] {logging_mixin.py:150} INFO - [2025-09-02T16:26:26.184+0000] {dagbag.py:541} INFO - Filling up the DagBag from /home/airflow/.local/lib/python3.7/site-packages/airflow/example_dags/example_trigger_controller_dag.py
[2025-09-02T16:26:26.211+0000] {processor.py:836} INFO - DAG(s) dict_keys(['example_trigger_controller_dag']) retrieved from /home/airflow/.local/lib/python3.7/site-packages/airflow/example_dags/example_trigger_controller_dag.py
[2025-09-02T16:26:27.254+0000] {logging_mixin.py:150} INFO - [2025-09-02T16:26:27.254+0000] {dag.py:2742} INFO - Sync 1 DAGs
[2025-09-02T16:26:27.364+0000] {logging_mixin.py:150} INFO - [2025-09-02T16:26:27.362+0000] {dag.py:3508} INFO - Setting next_dagrun for example_trigger_controller_dag to 2021-01-01T00:00:00+00:00, run_after=2021-01-01T00:00:00+00:00
[2025-09-02T16:26:27.490+0000] {processor.py:179} INFO - Processing /home/airflow/.local/lib/python3.7/site-packages/airflow/example_dags/example_trigger_controller_dag.py took 1.349 seconds
[2025-09-02T16:26:57.719+0000] {processor.py:157} INFO - Started process (PID=139) to work on /home/airflow/.local/lib/python3.7/site-packages/airflow/example_dags/example_trigger_controller_dag.py
[2025-09-02T16:26:57.720+0000] {processor.py:826} INFO - Processing file /home/airflow/.local/lib/python3.7/site-packages/airflow/example_dags/example_trigger_controller_dag.py for tasks to queue
[2025-09-02T16:26:57.721+0000] {logging_mixin.py:150} INFO - [2025-09-02T16:26:57.721+0000] {dagbag.py:541} INFO - Filling up the DagBag from /home/airflow/.local/lib/python3.7/site-packages/airflow/example_dags/example_trigger_controller_dag.py
[2025-09-02T16:26:57.726+0000] {processor.py:836} INFO - DAG(s) dict_keys(['example_trigger_controller_dag']) retrieved from /home/airflow/.local/lib/python3.7/site-packages/airflow/example_dags/example_trigger_controller_dag.py
[2025-09-02T16:26:57.753+0000] {logging_mixin.py:150} INFO - [2025-09-02T16:26:57.752+0000] {dag.py:2742} INFO - Sync 1 DAGs
[2025-09-02T16:26:57.782+0000] {logging_mixin.py:150} INFO - [2025-09-02T16:26:57.782+0000] {dag.py:3508} INFO - Setting next_dagrun for example_trigger_controller_dag to 2021-01-01T00:00:00+00:00, run_after=2021-01-01T00:00:00+00:00
[2025-09-02T16:26:57.844+0000] {processor.py:179} INFO - Processing /home/airflow/.local/lib/python3.7/site-packages/airflow/example_dags/example_trigger_controller_dag.py took 0.130 seconds
[2025-09-02T16:27:28.529+0000] {processor.py:157} INFO - Started process (PID=199) to work on /home/airflow/.local/lib/python3.7/site-packages/airflow/example_dags/example_trigger_controller_dag.py
[2025-09-02T16:27:28.532+0000] {processor.py:826} INFO - Processing file /home/airflow/.local/lib/python3.7/site-packages/airflow/example_dags/example_trigger_controller_dag.py for tasks to queue
[2025-09-02T16:27:28.536+0000] {logging_mixin.py:150} INFO - [2025-09-02T16:27:28.534+0000] {dagbag.py:541} INFO - Filling up the DagBag from /home/airflow/.local/lib/python3.7/site-packages/airflow/example_dags/example_trigger_controller_dag.py
[2025-09-02T16:27:28.553+0000] {processor.py:836} INFO - DAG(s) dict_keys(['example_trigger_controller_dag']) retrieved from /home/airflow/.local/lib/python3.7/site-packages/airflow/example_dags/example_trigger_controller_dag.py
[2025-09-02T16:27:28.657+0000] {logging_mixin.py:150} INFO - [2025-09-02T16:27:28.656+0000] {dag.py:2742} INFO - Sync 1 DAGs
[2025-09-02T16:27:28.724+0000] {logging_mixin.py:150} INFO - [2025-09-02T16:27:28.724+0000] {dag.py:3508} INFO - Setting next_dagrun for example_trigger_controller_dag to 2021-01-01T00:00:00+00:00, run_after=2021-01-01T00:00:00+00:00
[2025-09-02T16:27:28.756+0000] {processor.py:179} INFO - Processing /home/airflow/.local/lib/python3.7/site-packages/airflow/example_dags/example_trigger_controller_dag.py took 0.247 seconds
[2025-09-02T16:27:59.208+0000] {processor.py:157} INFO - Started process (PID=258) to work on /home/airflow/.local/lib/python3.7/site-packages/airflow/example_dags/example_trigger_controller_dag.py
[2025-09-02T16:27:59.210+0000] {processor.py:826} INFO - Processing file /home/airflow/.local/lib/python3.7/site-packages/airflow/example_dags/example_trigger_controller_dag.py for tasks to queue
[2025-09-02T16:27:59.211+0000] {logging_mixin.py:150} INFO - [2025-09-02T16:27:59.211+0000] {dagbag.py:541} INFO - Filling up the DagBag from /home/airflow/.local/lib/python3.7/site-packages/airflow/example_dags/example_trigger_controller_dag.py
[2025-09-02T16:27:59.217+0000] {processor.py:836} INFO - DAG(s) dict_keys(['example_trigger_controller_dag']) retrieved from /home/airflow/.local/lib/python3.7/site-packages/airflow/example_dags/example_trigger_controller_dag.py
[2025-09-02T16:27:59.242+0000] {logging_mixin.py:150} INFO - [2025-09-02T16:27:59.242+0000] {dag.py:2742} INFO - Sync 1 DAGs
[2025-09-02T16:27:59.269+0000] {logging_mixin.py:150} INFO - [2025-09-02T16:27:59.268+0000] {dag.py:3508} INFO - Setting next_dagrun for example_trigger_controller_dag to 2021-01-01T00:00:00+00:00, run_after=2021-01-01T00:00:00+00:00
[2025-09-02T16:27:59.294+0000] {processor.py:179} INFO - Processing /home/airflow/.local/lib/python3.7/site-packages/airflow/example_dags/example_trigger_controller_dag.py took 0.091 seconds
[2025-09-02T16:28:29.369+0000] {processor.py:157} INFO - Started process (PID=318) to work on /home/airflow/.local/lib/python3.7/site-packages/airflow/example_dags/example_trigger_controller_dag.py
[2025-09-02T16:28:29.371+0000] {processor.py:826} INFO - Processing file /home/airflow/.local/lib/python3.7/site-packages/airflow/example_dags/example_trigger_controller_dag.py for tasks to queue
[2025-09-02T16:28:29.372+0000] {logging_mixin.py:150} INFO - [2025-09-02T16:28:29.371+0000] {dagbag.py:541} INFO - Filling up the DagBag from /home/airflow/.local/lib/python3.7/site-packages/airflow/example_dags/example_trigger_controller_dag.py
[2025-09-02T16:28:29.378+0000] {processor.py:836} INFO - DAG(s) dict_keys(['example_trigger_controller_dag']) retrieved from /home/airflow/.local/lib/python3.7/site-packages/airflow/example_dags/example_trigger_controller_dag.py
[2025-09-02T16:28:29.417+0000] {logging_mixin.py:150} INFO - [2025-09-02T16:28:29.417+0000] {dag.py:2742} INFO - Sync 1 DAGs
[2025-09-02T16:28:29.457+0000] {logging_mixin.py:150} INFO - [2025-09-02T16:28:29.456+0000] {dag.py:3508} INFO - Setting next_dagrun for example_trigger_controller_dag to 2021-01-01T00:00:00+00:00, run_after=2021-01-01T00:00:00+00:00
[2025-09-02T16:28:29.490+0000] {processor.py:179} INFO - Processing /home/airflow/.local/lib/python3.7/site-packages/airflow/example_dags/example_trigger_controller_dag.py took 0.128 seconds
[2025-09-02T16:28:59.925+0000] {processor.py:157} INFO - Started process (PID=372) to work on /home/airflow/.local/lib/python3.7/site-packages/airflow/example_dags/example_trigger_controller_dag.py
[2025-09-02T16:28:59.926+0000] {processor.py:826} INFO - Processing file /home/airflow/.local/lib/python3.7/site-packages/airflow/example_dags/example_trigger_controller_dag.py for tasks to queue
[2025-09-02T16:28:59.927+0000] {logging_mixin.py:150} INFO - [2025-09-02T16:28:59.927+0000] {dagbag.py:541} INFO - Filling up the DagBag from /home/airflow/.local/lib/python3.7/site-packages/airflow/example_dags/example_trigger_controller_dag.py
[2025-09-02T16:28:59.933+0000] {processor.py:836} INFO - DAG(s) dict_keys(['example_trigger_controller_dag']) retrieved from /home/airflow/.local/lib/python3.7/site-packages/airflow/example_dags/example_trigger_controller_dag.py
[2025-09-02T16:28:59.967+0000] {logging_mixin.py:150} INFO - [2025-09-02T16:28:59.966+0000] {dag.py:2742} INFO - Sync 1 DAGs
[2025-09-02T16:29:00.004+0000] {logging_mixin.py:150} INFO - [2025-09-02T16:29:00.003+0000] {dag.py:3508} INFO - Setting next_dagrun for example_trigger_controller_dag to 2021-01-01T00:00:00+00:00, run_after=2021-01-01T00:00:00+00:00
[2025-09-02T16:29:00.044+0000] {processor.py:179} INFO - Processing /home/airflow/.local/lib/python3.7/site-packages/airflow/example_dags/example_trigger_controller_dag.py took 0.125 seconds
[2025-09-02T16:29:30.288+0000] {processor.py:157} INFO - Started process (PID=431) to work on /home/airflow/.local/lib/python3.7/site-packages/airflow/example_dags/example_trigger_controller_dag.py
[2025-09-02T16:29:30.290+0000] {processor.py:826} INFO - Processing file /home/airflow/.local/lib/python3.7/site-packages/airflow/example_dags/example_trigger_controller_dag.py for tasks to queue
[2025-09-02T16:29:30.291+0000] {logging_mixin.py:150} INFO - [2025-09-02T16:29:30.290+0000] {dagbag.py:541} INFO - Filling up the DagBag from /home/airflow/.local/lib/python3.7/site-packages/airflow/example_dags/example_trigger_controller_dag.py
[2025-09-02T16:29:30.296+0000] {processor.py:836} INFO - DAG(s) dict_keys(['example_trigger_controller_dag']) retrieved from /home/airflow/.local/lib/python3.7/site-packages/airflow/example_dags/example_trigger_controller_dag.py
[2025-09-02T16:29:30.326+0000] {logging_mixin.py:150} INFO - [2025-09-02T16:29:30.325+0000] {dag.py:2742} INFO - Sync 1 DAGs
[2025-09-02T16:29:30.358+0000] {logging_mixin.py:150} INFO - [2025-09-02T16:29:30.358+0000] {dag.py:3508} INFO - Setting next_dagrun for example_trigger_controller_dag to 2021-01-01T00:00:00+00:00, run_after=2021-01-01T00:00:00+00:00
[2025-09-02T16:29:30.385+0000] {processor.py:179} INFO - Processing /home/airflow/.local/lib/python3.7/site-packages/airflow/example_dags/example_trigger_controller_dag.py took 0.103 seconds
[2025-09-02T16:30:01.108+0000] {processor.py:157} INFO - Started process (PID=492) to work on /home/airflow/.local/lib/python3.7/site-packages/airflow/example_dags/example_trigger_controller_dag.py
[2025-09-02T16:30:01.112+0000] {processor.py:826} INFO - Processing file /home/airflow/.local/lib/python3.7/site-packages/airflow/example_dags/example_trigger_controller_dag.py for tasks to queue
[2025-09-02T16:30:01.114+0000] {logging_mixin.py:150} INFO - [2025-09-02T16:30:01.113+0000] {dagbag.py:541} INFO - Filling up the DagBag from /home/airflow/.local/lib/python3.7/site-packages/airflow/example_dags/example_trigger_controller_dag.py
[2025-09-02T16:30:01.126+0000] {processor.py:836} INFO - DAG(s) dict_keys(['example_trigger_controller_dag']) retrieved from /home/airflow/.local/lib/python3.7/site-packages/airflow/example_dags/example_trigger_controller_dag.py
[2025-09-02T16:30:01.184+0000] {logging_mixin.py:150} INFO - [2025-09-02T16:30:01.184+0000] {dag.py:2742} INFO - Sync 1 DAGs
[2025-09-02T16:30:01.223+0000] {logging_mixin.py:150} INFO - [2025-09-02T16:30:01.222+0000] {dag.py:3508} INFO - Setting next_dagrun for example_trigger_controller_dag to 2021-01-01T00:00:00+00:00, run_after=2021-01-01T00:00:00+00:00
[2025-09-02T16:30:01.275+0000] {processor.py:179} INFO - Processing /home/airflow/.local/lib/python3.7/site-packages/airflow/example_dags/example_trigger_controller_dag.py took 0.172 seconds
[2025-09-02T16:30:31.332+0000] {processor.py:157} INFO - Started process (PID=552) to work on /home/airflow/.local/lib/python3.7/site-packages/airflow/example_dags/example_trigger_controller_dag.py
[2025-09-02T16:30:31.333+0000] {processor.py:826} INFO - Processing file /home/airflow/.local/lib/python3.7/site-packages/airflow/example_dags/example_trigger_controller_dag.py for tasks to queue
[2025-09-02T16:30:31.334+0000] {logging_mixin.py:150} INFO - [2025-09-02T16:30:31.334+0000] {dagbag.py:541} INFO - Filling up the DagBag from /home/airflow/.local/lib/python3.7/site-packages/airflow/example_dags/example_trigger_controller_dag.py
[2025-09-02T16:30:31.341+0000] {processor.py:836} INFO - DAG(s) dict_keys(['example_trigger_controller_dag']) retrieved from /home/airflow/.local/lib/python3.7/site-packages/airflow/example_dags/example_trigger_controller_dag.py
[2025-09-02T16:30:31.372+0000] {logging_mixin.py:150} INFO - [2025-09-02T16:30:31.372+0000] {dag.py:2742} INFO - Sync 1 DAGs
[2025-09-02T16:30:31.412+0000] {logging_mixin.py:150} INFO - [2025-09-02T16:30:31.411+0000] {dag.py:3508} INFO - Setting next_dagrun for example_trigger_controller_dag to 2021-01-01T00:00:00+00:00, run_after=2021-01-01T00:00:00+00:00
[2025-09-02T16:30:31.447+0000] {processor.py:179} INFO - Processing /home/airflow/.local/lib/python3.7/site-packages/airflow/example_dags/example_trigger_controller_dag.py took 0.120 seconds
