[2025-09-02T16:13:06.584+0000] {processor.py:157} INFO - Started process (PID=87) to work on /home/airflow/.local/lib/python3.7/site-packages/airflow/example_dags/example_datasets.py
[2025-09-02T16:13:06.585+0000] {processor.py:826} INFO - Processing file /home/airflow/.local/lib/python3.7/site-packages/airflow/example_dags/example_datasets.py for tasks to queue
[2025-09-02T16:13:06.585+0000] {logging_mixin.py:150} INFO - [2025-09-02T16:13:06.585+0000] {dagbag.py:541} INFO - Filling up the DagBag from /home/airflow/.local/lib/python3.7/site-packages/airflow/example_dags/example_datasets.py
[2025-09-02T16:13:06.604+0000] {processor.py:836} INFO - DAG(s) dict_keys(['dataset_consumes_1_and_2', 'dataset_consumes_unknown_never_scheduled', 'dataset_produces_2', 'dataset_consumes_1', 'dataset_consumes_1_never_scheduled', 'dataset_produces_1']) retrieved from /home/airflow/.local/lib/python3.7/site-packages/airflow/example_dags/example_datasets.py
[2025-09-02T16:13:06.734+0000] {logging_mixin.py:150} INFO - [2025-09-02T16:13:06.734+0000] {manager.py:504} INFO - Created Permission View: can read on DAG:dataset_consumes_1_and_2
[2025-09-02T16:13:06.750+0000] {logging_mixin.py:150} INFO - [2025-09-02T16:13:06.750+0000] {manager.py:504} INFO - Created Permission View: can edit on DAG:dataset_consumes_1_and_2
[2025-09-02T16:13:06.758+0000] {logging_mixin.py:150} INFO - [2025-09-02T16:13:06.758+0000] {manager.py:504} INFO - Created Permission View: can delete on DAG:dataset_consumes_1_and_2
[2025-09-02T16:13:06.790+0000] {logging_mixin.py:150} INFO - [2025-09-02T16:13:06.790+0000] {manager.py:504} INFO - Created Permission View: can read on DAG:dataset_consumes_unknown_never_scheduled
[2025-09-02T16:13:06.802+0000] {logging_mixin.py:150} INFO - [2025-09-02T16:13:06.801+0000] {manager.py:504} INFO - Created Permission View: can edit on DAG:dataset_consumes_unknown_never_scheduled
[2025-09-02T16:13:06.810+0000] {logging_mixin.py:150} INFO - [2025-09-02T16:13:06.809+0000] {manager.py:504} INFO - Created Permission View: can delete on DAG:dataset_consumes_unknown_never_scheduled
[2025-09-02T16:13:06.836+0000] {logging_mixin.py:150} INFO - [2025-09-02T16:13:06.836+0000] {manager.py:504} INFO - Created Permission View: can read on DAG:dataset_produces_2
[2025-09-02T16:13:06.842+0000] {logging_mixin.py:150} INFO - [2025-09-02T16:13:06.842+0000] {manager.py:504} INFO - Created Permission View: can edit on DAG:dataset_produces_2
[2025-09-02T16:13:06.852+0000] {logging_mixin.py:150} INFO - [2025-09-02T16:13:06.851+0000] {manager.py:504} INFO - Created Permission View: can delete on DAG:dataset_produces_2
[2025-09-02T16:13:06.872+0000] {logging_mixin.py:150} INFO - [2025-09-02T16:13:06.872+0000] {manager.py:504} INFO - Created Permission View: can read on DAG:dataset_consumes_1
[2025-09-02T16:13:06.881+0000] {logging_mixin.py:150} INFO - [2025-09-02T16:13:06.881+0000] {manager.py:504} INFO - Created Permission View: can edit on DAG:dataset_consumes_1
[2025-09-02T16:13:06.888+0000] {logging_mixin.py:150} INFO - [2025-09-02T16:13:06.888+0000] {manager.py:504} INFO - Created Permission View: can delete on DAG:dataset_consumes_1
[2025-09-02T16:13:06.907+0000] {logging_mixin.py:150} INFO - [2025-09-02T16:13:06.907+0000] {manager.py:504} INFO - Created Permission View: can read on DAG:dataset_consumes_1_never_scheduled
[2025-09-02T16:13:06.918+0000] {logging_mixin.py:150} INFO - [2025-09-02T16:13:06.918+0000] {manager.py:504} INFO - Created Permission View: can edit on DAG:dataset_consumes_1_never_scheduled
[2025-09-02T16:13:06.925+0000] {logging_mixin.py:150} INFO - [2025-09-02T16:13:06.925+0000] {manager.py:504} INFO - Created Permission View: can delete on DAG:dataset_consumes_1_never_scheduled
[2025-09-02T16:13:06.945+0000] {logging_mixin.py:150} INFO - [2025-09-02T16:13:06.945+0000] {manager.py:504} INFO - Created Permission View: can read on DAG:dataset_produces_1
[2025-09-02T16:13:06.954+0000] {logging_mixin.py:150} INFO - [2025-09-02T16:13:06.953+0000] {manager.py:504} INFO - Created Permission View: can edit on DAG:dataset_produces_1
[2025-09-02T16:13:06.963+0000] {logging_mixin.py:150} INFO - [2025-09-02T16:13:06.961+0000] {manager.py:504} INFO - Created Permission View: can delete on DAG:dataset_produces_1
[2025-09-02T16:13:06.972+0000] {logging_mixin.py:150} INFO - [2025-09-02T16:13:06.972+0000] {dag.py:2742} INFO - Sync 6 DAGs
[2025-09-02T16:13:06.994+0000] {logging_mixin.py:150} INFO - [2025-09-02T16:13:06.994+0000] {dag.py:2763} INFO - Creating ORM DAG for dataset_consumes_1_and_2
[2025-09-02T16:13:06.996+0000] {logging_mixin.py:150} INFO - [2025-09-02T16:13:06.995+0000] {dag.py:2763} INFO - Creating ORM DAG for dataset_produces_1
[2025-09-02T16:13:06.997+0000] {logging_mixin.py:150} INFO - [2025-09-02T16:13:06.996+0000] {dag.py:2763} INFO - Creating ORM DAG for dataset_consumes_unknown_never_scheduled
[2025-09-02T16:13:06.997+0000] {logging_mixin.py:150} INFO - [2025-09-02T16:13:06.997+0000] {dag.py:2763} INFO - Creating ORM DAG for dataset_consumes_1
[2025-09-02T16:13:07.000+0000] {logging_mixin.py:150} INFO - [2025-09-02T16:13:06.999+0000] {dag.py:2763} INFO - Creating ORM DAG for dataset_produces_2
[2025-09-02T16:13:07.002+0000] {logging_mixin.py:150} INFO - [2025-09-02T16:13:07.002+0000] {dag.py:2763} INFO - Creating ORM DAG for dataset_consumes_1_never_scheduled
[2025-09-02T16:13:07.026+0000] {logging_mixin.py:150} INFO - [2025-09-02T16:13:07.025+0000] {dag.py:3508} INFO - Setting next_dagrun for dataset_consumes_1 to None, run_after=None
[2025-09-02T16:13:07.026+0000] {logging_mixin.py:150} INFO - [2025-09-02T16:13:07.026+0000] {dag.py:3508} INFO - Setting next_dagrun for dataset_consumes_1_and_2 to None, run_after=None
[2025-09-02T16:13:07.026+0000] {logging_mixin.py:150} INFO - [2025-09-02T16:13:07.026+0000] {dag.py:3508} INFO - Setting next_dagrun for dataset_consumes_1_never_scheduled to None, run_after=None
[2025-09-02T16:13:07.027+0000] {logging_mixin.py:150} INFO - [2025-09-02T16:13:07.027+0000] {dag.py:3508} INFO - Setting next_dagrun for dataset_consumes_unknown_never_scheduled to None, run_after=None
[2025-09-02T16:13:07.032+0000] {logging_mixin.py:150} INFO - [2025-09-02T16:13:07.032+0000] {dag.py:3508} INFO - Setting next_dagrun for dataset_produces_1 to 2025-09-01T00:00:00+00:00, run_after=2025-09-02T00:00:00+00:00
[2025-09-02T16:13:07.034+0000] {logging_mixin.py:150} INFO - [2025-09-02T16:13:07.034+0000] {dag.py:3508} INFO - Setting next_dagrun for dataset_produces_2 to None, run_after=None
[2025-09-02T16:13:07.142+0000] {processor.py:179} INFO - Processing /home/airflow/.local/lib/python3.7/site-packages/airflow/example_dags/example_datasets.py took 0.562 seconds
[2025-09-02T16:13:37.752+0000] {processor.py:157} INFO - Started process (PID=148) to work on /home/airflow/.local/lib/python3.7/site-packages/airflow/example_dags/example_datasets.py
[2025-09-02T16:13:37.753+0000] {processor.py:826} INFO - Processing file /home/airflow/.local/lib/python3.7/site-packages/airflow/example_dags/example_datasets.py for tasks to queue
[2025-09-02T16:13:37.754+0000] {logging_mixin.py:150} INFO - [2025-09-02T16:13:37.754+0000] {dagbag.py:541} INFO - Filling up the DagBag from /home/airflow/.local/lib/python3.7/site-packages/airflow/example_dags/example_datasets.py
[2025-09-02T16:13:37.767+0000] {processor.py:836} INFO - DAG(s) dict_keys(['dataset_consumes_unknown_never_scheduled', 'dataset_produces_2', 'dataset_consumes_1', 'dataset_produces_1', 'dataset_consumes_1_and_2', 'dataset_consumes_1_never_scheduled']) retrieved from /home/airflow/.local/lib/python3.7/site-packages/airflow/example_dags/example_datasets.py
[2025-09-02T16:13:37.819+0000] {logging_mixin.py:150} INFO - [2025-09-02T16:13:37.819+0000] {dag.py:2742} INFO - Sync 6 DAGs
[2025-09-02T16:13:37.855+0000] {logging_mixin.py:150} INFO - [2025-09-02T16:13:37.855+0000] {dag.py:3508} INFO - Setting next_dagrun for dataset_consumes_1 to None, run_after=None
[2025-09-02T16:13:37.863+0000] {logging_mixin.py:150} INFO - [2025-09-02T16:13:37.862+0000] {dag.py:3508} INFO - Setting next_dagrun for dataset_consumes_1_and_2 to None, run_after=None
[2025-09-02T16:13:37.865+0000] {logging_mixin.py:150} INFO - [2025-09-02T16:13:37.865+0000] {dag.py:3508} INFO - Setting next_dagrun for dataset_consumes_1_never_scheduled to None, run_after=None
[2025-09-02T16:13:37.867+0000] {logging_mixin.py:150} INFO - [2025-09-02T16:13:37.867+0000] {dag.py:3508} INFO - Setting next_dagrun for dataset_consumes_unknown_never_scheduled to None, run_after=None
[2025-09-02T16:13:37.870+0000] {logging_mixin.py:150} INFO - [2025-09-02T16:13:37.870+0000] {dag.py:3508} INFO - Setting next_dagrun for dataset_produces_1 to 2025-09-01T00:00:00+00:00, run_after=2025-09-02T00:00:00+00:00
[2025-09-02T16:13:37.872+0000] {logging_mixin.py:150} INFO - [2025-09-02T16:13:37.872+0000] {dag.py:3508} INFO - Setting next_dagrun for dataset_produces_2 to None, run_after=None
[2025-09-02T16:13:37.917+0000] {processor.py:179} INFO - Processing /home/airflow/.local/lib/python3.7/site-packages/airflow/example_dags/example_datasets.py took 0.169 seconds
[2025-09-02T16:14:08.523+0000] {processor.py:157} INFO - Started process (PID=208) to work on /home/airflow/.local/lib/python3.7/site-packages/airflow/example_dags/example_datasets.py
[2025-09-02T16:14:08.524+0000] {processor.py:826} INFO - Processing file /home/airflow/.local/lib/python3.7/site-packages/airflow/example_dags/example_datasets.py for tasks to queue
[2025-09-02T16:14:08.526+0000] {logging_mixin.py:150} INFO - [2025-09-02T16:14:08.525+0000] {dagbag.py:541} INFO - Filling up the DagBag from /home/airflow/.local/lib/python3.7/site-packages/airflow/example_dags/example_datasets.py
[2025-09-02T16:14:08.537+0000] {processor.py:836} INFO - DAG(s) dict_keys(['dataset_consumes_1', 'dataset_consumes_1_never_scheduled', 'dataset_consumes_unknown_never_scheduled', 'dataset_produces_1', 'dataset_consumes_1_and_2', 'dataset_produces_2']) retrieved from /home/airflow/.local/lib/python3.7/site-packages/airflow/example_dags/example_datasets.py
[2025-09-02T16:14:08.584+0000] {logging_mixin.py:150} INFO - [2025-09-02T16:14:08.584+0000] {dag.py:2742} INFO - Sync 6 DAGs
[2025-09-02T16:14:08.621+0000] {logging_mixin.py:150} INFO - [2025-09-02T16:14:08.621+0000] {dag.py:3508} INFO - Setting next_dagrun for dataset_consumes_1 to None, run_after=None
[2025-09-02T16:14:08.627+0000] {logging_mixin.py:150} INFO - [2025-09-02T16:14:08.627+0000] {dag.py:3508} INFO - Setting next_dagrun for dataset_consumes_1_and_2 to None, run_after=None
[2025-09-02T16:14:08.629+0000] {logging_mixin.py:150} INFO - [2025-09-02T16:14:08.629+0000] {dag.py:3508} INFO - Setting next_dagrun for dataset_consumes_1_never_scheduled to None, run_after=None
[2025-09-02T16:14:08.631+0000] {logging_mixin.py:150} INFO - [2025-09-02T16:14:08.631+0000] {dag.py:3508} INFO - Setting next_dagrun for dataset_consumes_unknown_never_scheduled to None, run_after=None
[2025-09-02T16:14:08.635+0000] {logging_mixin.py:150} INFO - [2025-09-02T16:14:08.635+0000] {dag.py:3508} INFO - Setting next_dagrun for dataset_produces_1 to 2025-09-01T00:00:00+00:00, run_after=2025-09-02T00:00:00+00:00
[2025-09-02T16:14:08.637+0000] {logging_mixin.py:150} INFO - [2025-09-02T16:14:08.637+0000] {dag.py:3508} INFO - Setting next_dagrun for dataset_produces_2 to None, run_after=None
[2025-09-02T16:14:08.686+0000] {processor.py:179} INFO - Processing /home/airflow/.local/lib/python3.7/site-packages/airflow/example_dags/example_datasets.py took 0.169 seconds
[2025-09-02T16:14:39.250+0000] {processor.py:157} INFO - Started process (PID=268) to work on /home/airflow/.local/lib/python3.7/site-packages/airflow/example_dags/example_datasets.py
[2025-09-02T16:14:39.252+0000] {processor.py:826} INFO - Processing file /home/airflow/.local/lib/python3.7/site-packages/airflow/example_dags/example_datasets.py for tasks to queue
[2025-09-02T16:14:39.253+0000] {logging_mixin.py:150} INFO - [2025-09-02T16:14:39.252+0000] {dagbag.py:541} INFO - Filling up the DagBag from /home/airflow/.local/lib/python3.7/site-packages/airflow/example_dags/example_datasets.py
[2025-09-02T16:14:39.263+0000] {processor.py:836} INFO - DAG(s) dict_keys(['dataset_consumes_1_and_2', 'dataset_consumes_1', 'dataset_consumes_unknown_never_scheduled', 'dataset_produces_2', 'dataset_consumes_1_never_scheduled', 'dataset_produces_1']) retrieved from /home/airflow/.local/lib/python3.7/site-packages/airflow/example_dags/example_datasets.py
[2025-09-02T16:14:39.313+0000] {logging_mixin.py:150} INFO - [2025-09-02T16:14:39.313+0000] {dag.py:2742} INFO - Sync 6 DAGs
[2025-09-02T16:14:39.349+0000] {logging_mixin.py:150} INFO - [2025-09-02T16:14:39.349+0000] {dag.py:3508} INFO - Setting next_dagrun for dataset_consumes_1 to None, run_after=None
[2025-09-02T16:14:39.356+0000] {logging_mixin.py:150} INFO - [2025-09-02T16:14:39.355+0000] {dag.py:3508} INFO - Setting next_dagrun for dataset_consumes_1_and_2 to None, run_after=None
[2025-09-02T16:14:39.357+0000] {logging_mixin.py:150} INFO - [2025-09-02T16:14:39.357+0000] {dag.py:3508} INFO - Setting next_dagrun for dataset_consumes_1_never_scheduled to None, run_after=None
[2025-09-02T16:14:39.359+0000] {logging_mixin.py:150} INFO - [2025-09-02T16:14:39.359+0000] {dag.py:3508} INFO - Setting next_dagrun for dataset_consumes_unknown_never_scheduled to None, run_after=None
[2025-09-02T16:14:39.363+0000] {logging_mixin.py:150} INFO - [2025-09-02T16:14:39.363+0000] {dag.py:3508} INFO - Setting next_dagrun for dataset_produces_1 to 2025-09-01T00:00:00+00:00, run_after=2025-09-02T00:00:00+00:00
[2025-09-02T16:14:39.365+0000] {logging_mixin.py:150} INFO - [2025-09-02T16:14:39.365+0000] {dag.py:3508} INFO - Setting next_dagrun for dataset_produces_2 to None, run_after=None
[2025-09-02T16:14:39.411+0000] {processor.py:179} INFO - Processing /home/airflow/.local/lib/python3.7/site-packages/airflow/example_dags/example_datasets.py took 0.167 seconds
[2025-09-02T16:15:11.123+0000] {processor.py:157} INFO - Started process (PID=328) to work on /home/airflow/.local/lib/python3.7/site-packages/airflow/example_dags/example_datasets.py
[2025-09-02T16:15:11.125+0000] {processor.py:826} INFO - Processing file /home/airflow/.local/lib/python3.7/site-packages/airflow/example_dags/example_datasets.py for tasks to queue
[2025-09-02T16:15:11.126+0000] {logging_mixin.py:150} INFO - [2025-09-02T16:15:11.126+0000] {dagbag.py:541} INFO - Filling up the DagBag from /home/airflow/.local/lib/python3.7/site-packages/airflow/example_dags/example_datasets.py
[2025-09-02T16:15:11.139+0000] {processor.py:836} INFO - DAG(s) dict_keys(['dataset_consumes_1_and_2', 'dataset_produces_1', 'dataset_produces_2', 'dataset_consumes_1_never_scheduled', 'dataset_consumes_1', 'dataset_consumes_unknown_never_scheduled']) retrieved from /home/airflow/.local/lib/python3.7/site-packages/airflow/example_dags/example_datasets.py
[2025-09-02T16:15:11.193+0000] {logging_mixin.py:150} INFO - [2025-09-02T16:15:11.192+0000] {dag.py:2742} INFO - Sync 6 DAGs
[2025-09-02T16:15:11.227+0000] {logging_mixin.py:150} INFO - [2025-09-02T16:15:11.227+0000] {dag.py:3508} INFO - Setting next_dagrun for dataset_consumes_1 to None, run_after=None
[2025-09-02T16:15:11.235+0000] {logging_mixin.py:150} INFO - [2025-09-02T16:15:11.234+0000] {dag.py:3508} INFO - Setting next_dagrun for dataset_consumes_1_and_2 to None, run_after=None
[2025-09-02T16:15:11.237+0000] {logging_mixin.py:150} INFO - [2025-09-02T16:15:11.237+0000] {dag.py:3508} INFO - Setting next_dagrun for dataset_consumes_1_never_scheduled to None, run_after=None
[2025-09-02T16:15:11.239+0000] {logging_mixin.py:150} INFO - [2025-09-02T16:15:11.239+0000] {dag.py:3508} INFO - Setting next_dagrun for dataset_consumes_unknown_never_scheduled to None, run_after=None
[2025-09-02T16:15:11.243+0000] {logging_mixin.py:150} INFO - [2025-09-02T16:15:11.242+0000] {dag.py:3508} INFO - Setting next_dagrun for dataset_produces_1 to 2025-09-01T00:00:00+00:00, run_after=2025-09-02T00:00:00+00:00
[2025-09-02T16:15:11.245+0000] {logging_mixin.py:150} INFO - [2025-09-02T16:15:11.244+0000] {dag.py:3508} INFO - Setting next_dagrun for dataset_produces_2 to None, run_after=None
[2025-09-02T16:15:11.297+0000] {processor.py:179} INFO - Processing /home/airflow/.local/lib/python3.7/site-packages/airflow/example_dags/example_datasets.py took 0.178 seconds
[2025-09-02T16:15:42.315+0000] {processor.py:157} INFO - Started process (PID=388) to work on /home/airflow/.local/lib/python3.7/site-packages/airflow/example_dags/example_datasets.py
[2025-09-02T16:15:42.316+0000] {processor.py:826} INFO - Processing file /home/airflow/.local/lib/python3.7/site-packages/airflow/example_dags/example_datasets.py for tasks to queue
[2025-09-02T16:15:42.317+0000] {logging_mixin.py:150} INFO - [2025-09-02T16:15:42.317+0000] {dagbag.py:541} INFO - Filling up the DagBag from /home/airflow/.local/lib/python3.7/site-packages/airflow/example_dags/example_datasets.py
[2025-09-02T16:15:42.329+0000] {processor.py:836} INFO - DAG(s) dict_keys(['dataset_consumes_1_and_2', 'dataset_consumes_unknown_never_scheduled', 'dataset_produces_2', 'dataset_consumes_1', 'dataset_produces_1', 'dataset_consumes_1_never_scheduled']) retrieved from /home/airflow/.local/lib/python3.7/site-packages/airflow/example_dags/example_datasets.py
[2025-09-02T16:15:42.394+0000] {logging_mixin.py:150} INFO - [2025-09-02T16:15:42.394+0000] {dag.py:2742} INFO - Sync 6 DAGs
[2025-09-02T16:15:42.431+0000] {logging_mixin.py:150} INFO - [2025-09-02T16:15:42.430+0000] {dag.py:3508} INFO - Setting next_dagrun for dataset_consumes_1 to None, run_after=None
[2025-09-02T16:15:42.437+0000] {logging_mixin.py:150} INFO - [2025-09-02T16:15:42.437+0000] {dag.py:3508} INFO - Setting next_dagrun for dataset_consumes_1_and_2 to None, run_after=None
[2025-09-02T16:15:42.439+0000] {logging_mixin.py:150} INFO - [2025-09-02T16:15:42.439+0000] {dag.py:3508} INFO - Setting next_dagrun for dataset_consumes_1_never_scheduled to None, run_after=None
[2025-09-02T16:15:42.441+0000] {logging_mixin.py:150} INFO - [2025-09-02T16:15:42.440+0000] {dag.py:3508} INFO - Setting next_dagrun for dataset_consumes_unknown_never_scheduled to None, run_after=None
[2025-09-02T16:15:42.444+0000] {logging_mixin.py:150} INFO - [2025-09-02T16:15:42.444+0000] {dag.py:3508} INFO - Setting next_dagrun for dataset_produces_1 to 2025-09-01T00:00:00+00:00, run_after=2025-09-02T00:00:00+00:00
[2025-09-02T16:15:42.446+0000] {logging_mixin.py:150} INFO - [2025-09-02T16:15:42.446+0000] {dag.py:3508} INFO - Setting next_dagrun for dataset_produces_2 to None, run_after=None
[2025-09-02T16:15:42.492+0000] {processor.py:179} INFO - Processing /home/airflow/.local/lib/python3.7/site-packages/airflow/example_dags/example_datasets.py took 0.181 seconds
[2025-09-02T16:16:13.349+0000] {processor.py:157} INFO - Started process (PID=448) to work on /home/airflow/.local/lib/python3.7/site-packages/airflow/example_dags/example_datasets.py
[2025-09-02T16:16:13.351+0000] {processor.py:826} INFO - Processing file /home/airflow/.local/lib/python3.7/site-packages/airflow/example_dags/example_datasets.py for tasks to queue
[2025-09-02T16:16:13.352+0000] {logging_mixin.py:150} INFO - [2025-09-02T16:16:13.351+0000] {dagbag.py:541} INFO - Filling up the DagBag from /home/airflow/.local/lib/python3.7/site-packages/airflow/example_dags/example_datasets.py
[2025-09-02T16:16:13.364+0000] {processor.py:836} INFO - DAG(s) dict_keys(['dataset_produces_1', 'dataset_produces_2', 'dataset_consumes_1', 'dataset_consumes_1_never_scheduled', 'dataset_consumes_unknown_never_scheduled', 'dataset_consumes_1_and_2']) retrieved from /home/airflow/.local/lib/python3.7/site-packages/airflow/example_dags/example_datasets.py
[2025-09-02T16:16:13.422+0000] {logging_mixin.py:150} INFO - [2025-09-02T16:16:13.421+0000] {dag.py:2742} INFO - Sync 6 DAGs
[2025-09-02T16:16:13.464+0000] {logging_mixin.py:150} INFO - [2025-09-02T16:16:13.464+0000] {dag.py:3508} INFO - Setting next_dagrun for dataset_consumes_1 to None, run_after=None
[2025-09-02T16:16:13.472+0000] {logging_mixin.py:150} INFO - [2025-09-02T16:16:13.471+0000] {dag.py:3508} INFO - Setting next_dagrun for dataset_consumes_1_and_2 to None, run_after=None
[2025-09-02T16:16:13.474+0000] {logging_mixin.py:150} INFO - [2025-09-02T16:16:13.474+0000] {dag.py:3508} INFO - Setting next_dagrun for dataset_consumes_1_never_scheduled to None, run_after=None
[2025-09-02T16:16:13.476+0000] {logging_mixin.py:150} INFO - [2025-09-02T16:16:13.476+0000] {dag.py:3508} INFO - Setting next_dagrun for dataset_consumes_unknown_never_scheduled to None, run_after=None
[2025-09-02T16:16:13.481+0000] {logging_mixin.py:150} INFO - [2025-09-02T16:16:13.480+0000] {dag.py:3508} INFO - Setting next_dagrun for dataset_produces_1 to 2025-09-01T00:00:00+00:00, run_after=2025-09-02T00:00:00+00:00
[2025-09-02T16:16:13.484+0000] {logging_mixin.py:150} INFO - [2025-09-02T16:16:13.484+0000] {dag.py:3508} INFO - Setting next_dagrun for dataset_produces_2 to None, run_after=None
[2025-09-02T16:16:13.526+0000] {processor.py:179} INFO - Processing /home/airflow/.local/lib/python3.7/site-packages/airflow/example_dags/example_datasets.py took 0.181 seconds
[2025-09-02T16:16:44.344+0000] {processor.py:157} INFO - Started process (PID=508) to work on /home/airflow/.local/lib/python3.7/site-packages/airflow/example_dags/example_datasets.py
[2025-09-02T16:16:44.346+0000] {processor.py:826} INFO - Processing file /home/airflow/.local/lib/python3.7/site-packages/airflow/example_dags/example_datasets.py for tasks to queue
[2025-09-02T16:16:44.347+0000] {logging_mixin.py:150} INFO - [2025-09-02T16:16:44.347+0000] {dagbag.py:541} INFO - Filling up the DagBag from /home/airflow/.local/lib/python3.7/site-packages/airflow/example_dags/example_datasets.py
[2025-09-02T16:16:44.361+0000] {processor.py:836} INFO - DAG(s) dict_keys(['dataset_consumes_1_never_scheduled', 'dataset_produces_2', 'dataset_consumes_1', 'dataset_produces_1', 'dataset_consumes_1_and_2', 'dataset_consumes_unknown_never_scheduled']) retrieved from /home/airflow/.local/lib/python3.7/site-packages/airflow/example_dags/example_datasets.py
[2025-09-02T16:16:44.410+0000] {logging_mixin.py:150} INFO - [2025-09-02T16:16:44.410+0000] {dag.py:2742} INFO - Sync 6 DAGs
[2025-09-02T16:16:44.452+0000] {logging_mixin.py:150} INFO - [2025-09-02T16:16:44.452+0000] {dag.py:3508} INFO - Setting next_dagrun for dataset_consumes_1 to None, run_after=None
[2025-09-02T16:16:44.459+0000] {logging_mixin.py:150} INFO - [2025-09-02T16:16:44.459+0000] {dag.py:3508} INFO - Setting next_dagrun for dataset_consumes_1_and_2 to None, run_after=None
[2025-09-02T16:16:44.461+0000] {logging_mixin.py:150} INFO - [2025-09-02T16:16:44.461+0000] {dag.py:3508} INFO - Setting next_dagrun for dataset_consumes_1_never_scheduled to None, run_after=None
[2025-09-02T16:16:44.463+0000] {logging_mixin.py:150} INFO - [2025-09-02T16:16:44.463+0000] {dag.py:3508} INFO - Setting next_dagrun for dataset_consumes_unknown_never_scheduled to None, run_after=None
[2025-09-02T16:16:44.467+0000] {logging_mixin.py:150} INFO - [2025-09-02T16:16:44.467+0000] {dag.py:3508} INFO - Setting next_dagrun for dataset_produces_1 to 2025-09-01T00:00:00+00:00, run_after=2025-09-02T00:00:00+00:00
[2025-09-02T16:16:44.469+0000] {logging_mixin.py:150} INFO - [2025-09-02T16:16:44.469+0000] {dag.py:3508} INFO - Setting next_dagrun for dataset_produces_2 to None, run_after=None
[2025-09-02T16:16:44.518+0000] {processor.py:179} INFO - Processing /home/airflow/.local/lib/python3.7/site-packages/airflow/example_dags/example_datasets.py took 0.178 seconds
[2025-09-02T16:17:22.352+0000] {processor.py:157} INFO - Started process (PID=568) to work on /home/airflow/.local/lib/python3.7/site-packages/airflow/example_dags/example_datasets.py
[2025-09-02T16:17:22.358+0000] {processor.py:826} INFO - Processing file /home/airflow/.local/lib/python3.7/site-packages/airflow/example_dags/example_datasets.py for tasks to queue
[2025-09-02T16:17:22.371+0000] {logging_mixin.py:150} INFO - [2025-09-02T16:17:22.359+0000] {dagbag.py:541} INFO - Filling up the DagBag from /home/airflow/.local/lib/python3.7/site-packages/airflow/example_dags/example_datasets.py
[2025-09-02T16:17:22.439+0000] {processor.py:836} INFO - DAG(s) dict_keys(['dataset_consumes_1', 'dataset_produces_1', 'dataset_consumes_1_and_2', 'dataset_consumes_unknown_never_scheduled', 'dataset_consumes_1_never_scheduled', 'dataset_produces_2']) retrieved from /home/airflow/.local/lib/python3.7/site-packages/airflow/example_dags/example_datasets.py
[2025-09-02T16:17:22.861+0000] {logging_mixin.py:150} INFO - [2025-09-02T16:17:22.848+0000] {dag.py:2742} INFO - Sync 6 DAGs
[2025-09-02T16:17:22.907+0000] {logging_mixin.py:150} INFO - [2025-09-02T16:17:22.907+0000] {dag.py:3508} INFO - Setting next_dagrun for dataset_consumes_1 to None, run_after=None
[2025-09-02T16:17:22.921+0000] {logging_mixin.py:150} INFO - [2025-09-02T16:17:22.920+0000] {dag.py:3508} INFO - Setting next_dagrun for dataset_consumes_1_and_2 to None, run_after=None
[2025-09-02T16:17:22.923+0000] {logging_mixin.py:150} INFO - [2025-09-02T16:17:22.923+0000] {dag.py:3508} INFO - Setting next_dagrun for dataset_consumes_1_never_scheduled to None, run_after=None
[2025-09-02T16:17:22.925+0000] {logging_mixin.py:150} INFO - [2025-09-02T16:17:22.925+0000] {dag.py:3508} INFO - Setting next_dagrun for dataset_consumes_unknown_never_scheduled to None, run_after=None
[2025-09-02T16:17:22.929+0000] {logging_mixin.py:150} INFO - [2025-09-02T16:17:22.928+0000] {dag.py:3508} INFO - Setting next_dagrun for dataset_produces_1 to 2025-09-01T00:00:00+00:00, run_after=2025-09-02T00:00:00+00:00
[2025-09-02T16:17:22.931+0000] {logging_mixin.py:150} INFO - [2025-09-02T16:17:22.931+0000] {dag.py:3508} INFO - Setting next_dagrun for dataset_produces_2 to None, run_after=None
[2025-09-02T16:17:23.004+0000] {processor.py:179} INFO - Processing /home/airflow/.local/lib/python3.7/site-packages/airflow/example_dags/example_datasets.py took 0.691 seconds
[2025-09-02T16:17:53.745+0000] {processor.py:157} INFO - Started process (PID=628) to work on /home/airflow/.local/lib/python3.7/site-packages/airflow/example_dags/example_datasets.py
[2025-09-02T16:17:53.746+0000] {processor.py:826} INFO - Processing file /home/airflow/.local/lib/python3.7/site-packages/airflow/example_dags/example_datasets.py for tasks to queue
[2025-09-02T16:17:53.747+0000] {logging_mixin.py:150} INFO - [2025-09-02T16:17:53.747+0000] {dagbag.py:541} INFO - Filling up the DagBag from /home/airflow/.local/lib/python3.7/site-packages/airflow/example_dags/example_datasets.py
[2025-09-02T16:17:53.755+0000] {processor.py:836} INFO - DAG(s) dict_keys(['dataset_produces_1', 'dataset_produces_2', 'dataset_consumes_unknown_never_scheduled', 'dataset_consumes_1_never_scheduled', 'dataset_consumes_1', 'dataset_consumes_1_and_2']) retrieved from /home/airflow/.local/lib/python3.7/site-packages/airflow/example_dags/example_datasets.py
[2025-09-02T16:17:53.792+0000] {logging_mixin.py:150} INFO - [2025-09-02T16:17:53.792+0000] {dag.py:2742} INFO - Sync 6 DAGs
[2025-09-02T16:17:53.817+0000] {logging_mixin.py:150} INFO - [2025-09-02T16:17:53.817+0000] {dag.py:3508} INFO - Setting next_dagrun for dataset_consumes_1 to None, run_after=None
[2025-09-02T16:17:53.824+0000] {logging_mixin.py:150} INFO - [2025-09-02T16:17:53.823+0000] {dag.py:3508} INFO - Setting next_dagrun for dataset_consumes_1_and_2 to None, run_after=None
[2025-09-02T16:17:53.825+0000] {logging_mixin.py:150} INFO - [2025-09-02T16:17:53.825+0000] {dag.py:3508} INFO - Setting next_dagrun for dataset_consumes_1_never_scheduled to None, run_after=None
[2025-09-02T16:17:53.826+0000] {logging_mixin.py:150} INFO - [2025-09-02T16:17:53.826+0000] {dag.py:3508} INFO - Setting next_dagrun for dataset_consumes_unknown_never_scheduled to None, run_after=None
[2025-09-02T16:17:53.830+0000] {logging_mixin.py:150} INFO - [2025-09-02T16:17:53.830+0000] {dag.py:3508} INFO - Setting next_dagrun for dataset_produces_1 to 2025-09-01T00:00:00+00:00, run_after=2025-09-02T00:00:00+00:00
[2025-09-02T16:17:53.832+0000] {logging_mixin.py:150} INFO - [2025-09-02T16:17:53.832+0000] {dag.py:3508} INFO - Setting next_dagrun for dataset_produces_2 to None, run_after=None
[2025-09-02T16:17:53.884+0000] {processor.py:179} INFO - Processing /home/airflow/.local/lib/python3.7/site-packages/airflow/example_dags/example_datasets.py took 0.142 seconds
[2025-09-02T16:18:25.000+0000] {processor.py:157} INFO - Started process (PID=688) to work on /home/airflow/.local/lib/python3.7/site-packages/airflow/example_dags/example_datasets.py
[2025-09-02T16:18:25.002+0000] {processor.py:826} INFO - Processing file /home/airflow/.local/lib/python3.7/site-packages/airflow/example_dags/example_datasets.py for tasks to queue
[2025-09-02T16:18:25.004+0000] {logging_mixin.py:150} INFO - [2025-09-02T16:18:25.003+0000] {dagbag.py:541} INFO - Filling up the DagBag from /home/airflow/.local/lib/python3.7/site-packages/airflow/example_dags/example_datasets.py
[2025-09-02T16:18:25.028+0000] {processor.py:836} INFO - DAG(s) dict_keys(['dataset_consumes_1', 'dataset_consumes_1_never_scheduled', 'dataset_consumes_unknown_never_scheduled', 'dataset_produces_1', 'dataset_consumes_1_and_2', 'dataset_produces_2']) retrieved from /home/airflow/.local/lib/python3.7/site-packages/airflow/example_dags/example_datasets.py
[2025-09-02T16:18:25.085+0000] {logging_mixin.py:150} INFO - [2025-09-02T16:18:25.085+0000] {dag.py:2742} INFO - Sync 6 DAGs
[2025-09-02T16:18:25.120+0000] {logging_mixin.py:150} INFO - [2025-09-02T16:18:25.120+0000] {dag.py:3508} INFO - Setting next_dagrun for dataset_consumes_1 to None, run_after=None
[2025-09-02T16:18:25.127+0000] {logging_mixin.py:150} INFO - [2025-09-02T16:18:25.127+0000] {dag.py:3508} INFO - Setting next_dagrun for dataset_consumes_1_and_2 to None, run_after=None
[2025-09-02T16:18:25.130+0000] {logging_mixin.py:150} INFO - [2025-09-02T16:18:25.129+0000] {dag.py:3508} INFO - Setting next_dagrun for dataset_consumes_1_never_scheduled to None, run_after=None
[2025-09-02T16:18:25.132+0000] {logging_mixin.py:150} INFO - [2025-09-02T16:18:25.131+0000] {dag.py:3508} INFO - Setting next_dagrun for dataset_consumes_unknown_never_scheduled to None, run_after=None
[2025-09-02T16:18:25.136+0000] {logging_mixin.py:150} INFO - [2025-09-02T16:18:25.136+0000] {dag.py:3508} INFO - Setting next_dagrun for dataset_produces_1 to 2025-09-01T00:00:00+00:00, run_after=2025-09-02T00:00:00+00:00
[2025-09-02T16:18:25.139+0000] {logging_mixin.py:150} INFO - [2025-09-02T16:18:25.138+0000] {dag.py:3508} INFO - Setting next_dagrun for dataset_produces_2 to None, run_after=None
[2025-09-02T16:18:25.184+0000] {processor.py:179} INFO - Processing /home/airflow/.local/lib/python3.7/site-packages/airflow/example_dags/example_datasets.py took 0.194 seconds
[2025-09-02T16:18:55.614+0000] {processor.py:157} INFO - Started process (PID=748) to work on /home/airflow/.local/lib/python3.7/site-packages/airflow/example_dags/example_datasets.py
[2025-09-02T16:18:55.615+0000] {processor.py:826} INFO - Processing file /home/airflow/.local/lib/python3.7/site-packages/airflow/example_dags/example_datasets.py for tasks to queue
[2025-09-02T16:18:55.616+0000] {logging_mixin.py:150} INFO - [2025-09-02T16:18:55.616+0000] {dagbag.py:541} INFO - Filling up the DagBag from /home/airflow/.local/lib/python3.7/site-packages/airflow/example_dags/example_datasets.py
[2025-09-02T16:18:55.627+0000] {processor.py:836} INFO - DAG(s) dict_keys(['dataset_produces_1', 'dataset_consumes_1_never_scheduled', 'dataset_produces_2', 'dataset_consumes_unknown_never_scheduled', 'dataset_consumes_1_and_2', 'dataset_consumes_1']) retrieved from /home/airflow/.local/lib/python3.7/site-packages/airflow/example_dags/example_datasets.py
[2025-09-02T16:18:55.673+0000] {logging_mixin.py:150} INFO - [2025-09-02T16:18:55.673+0000] {dag.py:2742} INFO - Sync 6 DAGs
[2025-09-02T16:18:55.701+0000] {logging_mixin.py:150} INFO - [2025-09-02T16:18:55.700+0000] {dag.py:3508} INFO - Setting next_dagrun for dataset_consumes_1 to None, run_after=None
[2025-09-02T16:18:55.706+0000] {logging_mixin.py:150} INFO - [2025-09-02T16:18:55.706+0000] {dag.py:3508} INFO - Setting next_dagrun for dataset_consumes_1_and_2 to None, run_after=None
[2025-09-02T16:18:55.708+0000] {logging_mixin.py:150} INFO - [2025-09-02T16:18:55.708+0000] {dag.py:3508} INFO - Setting next_dagrun for dataset_consumes_1_never_scheduled to None, run_after=None
[2025-09-02T16:18:55.709+0000] {logging_mixin.py:150} INFO - [2025-09-02T16:18:55.709+0000] {dag.py:3508} INFO - Setting next_dagrun for dataset_consumes_unknown_never_scheduled to None, run_after=None
[2025-09-02T16:18:55.712+0000] {logging_mixin.py:150} INFO - [2025-09-02T16:18:55.712+0000] {dag.py:3508} INFO - Setting next_dagrun for dataset_produces_1 to 2025-09-01T00:00:00+00:00, run_after=2025-09-02T00:00:00+00:00
[2025-09-02T16:18:55.714+0000] {logging_mixin.py:150} INFO - [2025-09-02T16:18:55.714+0000] {dag.py:3508} INFO - Setting next_dagrun for dataset_produces_2 to None, run_after=None
[2025-09-02T16:18:55.755+0000] {processor.py:179} INFO - Processing /home/airflow/.local/lib/python3.7/site-packages/airflow/example_dags/example_datasets.py took 0.145 seconds
[2025-09-02T16:19:27.434+0000] {processor.py:157} INFO - Started process (PID=808) to work on /home/airflow/.local/lib/python3.7/site-packages/airflow/example_dags/example_datasets.py
[2025-09-02T16:19:27.436+0000] {processor.py:826} INFO - Processing file /home/airflow/.local/lib/python3.7/site-packages/airflow/example_dags/example_datasets.py for tasks to queue
[2025-09-02T16:19:27.437+0000] {logging_mixin.py:150} INFO - [2025-09-02T16:19:27.436+0000] {dagbag.py:541} INFO - Filling up the DagBag from /home/airflow/.local/lib/python3.7/site-packages/airflow/example_dags/example_datasets.py
[2025-09-02T16:19:27.454+0000] {processor.py:836} INFO - DAG(s) dict_keys(['dataset_produces_2', 'dataset_consumes_1_and_2', 'dataset_consumes_1', 'dataset_produces_1', 'dataset_consumes_1_never_scheduled', 'dataset_consumes_unknown_never_scheduled']) retrieved from /home/airflow/.local/lib/python3.7/site-packages/airflow/example_dags/example_datasets.py
[2025-09-02T16:19:27.532+0000] {logging_mixin.py:150} INFO - [2025-09-02T16:19:27.531+0000] {dag.py:2742} INFO - Sync 6 DAGs
[2025-09-02T16:19:27.586+0000] {logging_mixin.py:150} INFO - [2025-09-02T16:19:27.585+0000] {dag.py:3508} INFO - Setting next_dagrun for dataset_consumes_1 to None, run_after=None
[2025-09-02T16:19:27.597+0000] {logging_mixin.py:150} INFO - [2025-09-02T16:19:27.597+0000] {dag.py:3508} INFO - Setting next_dagrun for dataset_consumes_1_and_2 to None, run_after=None
[2025-09-02T16:19:27.600+0000] {logging_mixin.py:150} INFO - [2025-09-02T16:19:27.599+0000] {dag.py:3508} INFO - Setting next_dagrun for dataset_consumes_1_never_scheduled to None, run_after=None
[2025-09-02T16:19:27.603+0000] {logging_mixin.py:150} INFO - [2025-09-02T16:19:27.602+0000] {dag.py:3508} INFO - Setting next_dagrun for dataset_consumes_unknown_never_scheduled to None, run_after=None
[2025-09-02T16:19:27.608+0000] {logging_mixin.py:150} INFO - [2025-09-02T16:19:27.607+0000] {dag.py:3508} INFO - Setting next_dagrun for dataset_produces_1 to 2025-09-01T00:00:00+00:00, run_after=2025-09-02T00:00:00+00:00
[2025-09-02T16:19:27.610+0000] {logging_mixin.py:150} INFO - [2025-09-02T16:19:27.610+0000] {dag.py:3508} INFO - Setting next_dagrun for dataset_produces_2 to None, run_after=None
[2025-09-02T16:19:27.666+0000] {processor.py:179} INFO - Processing /home/airflow/.local/lib/python3.7/site-packages/airflow/example_dags/example_datasets.py took 0.238 seconds
[2025-09-02T16:19:59.115+0000] {processor.py:157} INFO - Started process (PID=868) to work on /home/airflow/.local/lib/python3.7/site-packages/airflow/example_dags/example_datasets.py
[2025-09-02T16:19:59.117+0000] {processor.py:826} INFO - Processing file /home/airflow/.local/lib/python3.7/site-packages/airflow/example_dags/example_datasets.py for tasks to queue
[2025-09-02T16:19:59.120+0000] {logging_mixin.py:150} INFO - [2025-09-02T16:19:59.119+0000] {dagbag.py:541} INFO - Filling up the DagBag from /home/airflow/.local/lib/python3.7/site-packages/airflow/example_dags/example_datasets.py
[2025-09-02T16:19:59.151+0000] {processor.py:836} INFO - DAG(s) dict_keys(['dataset_consumes_1_and_2', 'dataset_consumes_1', 'dataset_produces_1', 'dataset_produces_2', 'dataset_consumes_unknown_never_scheduled', 'dataset_consumes_1_never_scheduled']) retrieved from /home/airflow/.local/lib/python3.7/site-packages/airflow/example_dags/example_datasets.py
[2025-09-02T16:19:59.222+0000] {logging_mixin.py:150} INFO - [2025-09-02T16:19:59.222+0000] {dag.py:2742} INFO - Sync 6 DAGs
[2025-09-02T16:19:59.265+0000] {logging_mixin.py:150} INFO - [2025-09-02T16:19:59.265+0000] {dag.py:3508} INFO - Setting next_dagrun for dataset_consumes_1 to None, run_after=None
[2025-09-02T16:19:59.273+0000] {logging_mixin.py:150} INFO - [2025-09-02T16:19:59.273+0000] {dag.py:3508} INFO - Setting next_dagrun for dataset_consumes_1_and_2 to None, run_after=None
[2025-09-02T16:19:59.275+0000] {logging_mixin.py:150} INFO - [2025-09-02T16:19:59.275+0000] {dag.py:3508} INFO - Setting next_dagrun for dataset_consumes_1_never_scheduled to None, run_after=None
[2025-09-02T16:19:59.277+0000] {logging_mixin.py:150} INFO - [2025-09-02T16:19:59.277+0000] {dag.py:3508} INFO - Setting next_dagrun for dataset_consumes_unknown_never_scheduled to None, run_after=None
[2025-09-02T16:19:59.282+0000] {logging_mixin.py:150} INFO - [2025-09-02T16:19:59.282+0000] {dag.py:3508} INFO - Setting next_dagrun for dataset_produces_1 to 2025-09-01T00:00:00+00:00, run_after=2025-09-02T00:00:00+00:00
[2025-09-02T16:19:59.284+0000] {logging_mixin.py:150} INFO - [2025-09-02T16:19:59.284+0000] {dag.py:3508} INFO - Setting next_dagrun for dataset_produces_2 to None, run_after=None
[2025-09-02T16:19:59.345+0000] {processor.py:179} INFO - Processing /home/airflow/.local/lib/python3.7/site-packages/airflow/example_dags/example_datasets.py took 0.238 seconds
[2025-09-02T16:20:30.144+0000] {processor.py:157} INFO - Started process (PID=928) to work on /home/airflow/.local/lib/python3.7/site-packages/airflow/example_dags/example_datasets.py
[2025-09-02T16:20:30.145+0000] {processor.py:826} INFO - Processing file /home/airflow/.local/lib/python3.7/site-packages/airflow/example_dags/example_datasets.py for tasks to queue
[2025-09-02T16:20:30.146+0000] {logging_mixin.py:150} INFO - [2025-09-02T16:20:30.146+0000] {dagbag.py:541} INFO - Filling up the DagBag from /home/airflow/.local/lib/python3.7/site-packages/airflow/example_dags/example_datasets.py
[2025-09-02T16:20:30.164+0000] {processor.py:836} INFO - DAG(s) dict_keys(['dataset_produces_2', 'dataset_produces_1', 'dataset_consumes_1', 'dataset_consumes_1_never_scheduled', 'dataset_consumes_1_and_2', 'dataset_consumes_unknown_never_scheduled']) retrieved from /home/airflow/.local/lib/python3.7/site-packages/airflow/example_dags/example_datasets.py
[2025-09-02T16:20:30.237+0000] {logging_mixin.py:150} INFO - [2025-09-02T16:20:30.237+0000] {dag.py:2742} INFO - Sync 6 DAGs
[2025-09-02T16:20:30.276+0000] {logging_mixin.py:150} INFO - [2025-09-02T16:20:30.276+0000] {dag.py:3508} INFO - Setting next_dagrun for dataset_consumes_1 to None, run_after=None
[2025-09-02T16:20:30.283+0000] {logging_mixin.py:150} INFO - [2025-09-02T16:20:30.283+0000] {dag.py:3508} INFO - Setting next_dagrun for dataset_consumes_1_and_2 to None, run_after=None
[2025-09-02T16:20:30.285+0000] {logging_mixin.py:150} INFO - [2025-09-02T16:20:30.285+0000] {dag.py:3508} INFO - Setting next_dagrun for dataset_consumes_1_never_scheduled to None, run_after=None
[2025-09-02T16:20:30.287+0000] {logging_mixin.py:150} INFO - [2025-09-02T16:20:30.287+0000] {dag.py:3508} INFO - Setting next_dagrun for dataset_consumes_unknown_never_scheduled to None, run_after=None
[2025-09-02T16:20:30.291+0000] {logging_mixin.py:150} INFO - [2025-09-02T16:20:30.290+0000] {dag.py:3508} INFO - Setting next_dagrun for dataset_produces_1 to 2025-09-01T00:00:00+00:00, run_after=2025-09-02T00:00:00+00:00
[2025-09-02T16:20:30.293+0000] {logging_mixin.py:150} INFO - [2025-09-02T16:20:30.293+0000] {dag.py:3508} INFO - Setting next_dagrun for dataset_produces_2 to None, run_after=None
[2025-09-02T16:20:30.343+0000] {processor.py:179} INFO - Processing /home/airflow/.local/lib/python3.7/site-packages/airflow/example_dags/example_datasets.py took 0.205 seconds
[2025-09-02T16:21:01.575+0000] {processor.py:157} INFO - Started process (PID=988) to work on /home/airflow/.local/lib/python3.7/site-packages/airflow/example_dags/example_datasets.py
[2025-09-02T16:21:01.576+0000] {processor.py:826} INFO - Processing file /home/airflow/.local/lib/python3.7/site-packages/airflow/example_dags/example_datasets.py for tasks to queue
[2025-09-02T16:21:01.578+0000] {logging_mixin.py:150} INFO - [2025-09-02T16:21:01.577+0000] {dagbag.py:541} INFO - Filling up the DagBag from /home/airflow/.local/lib/python3.7/site-packages/airflow/example_dags/example_datasets.py
[2025-09-02T16:21:01.590+0000] {processor.py:836} INFO - DAG(s) dict_keys(['dataset_consumes_unknown_never_scheduled', 'dataset_produces_2', 'dataset_consumes_1_never_scheduled', 'dataset_consumes_1_and_2', 'dataset_consumes_1', 'dataset_produces_1']) retrieved from /home/airflow/.local/lib/python3.7/site-packages/airflow/example_dags/example_datasets.py
[2025-09-02T16:21:01.643+0000] {logging_mixin.py:150} INFO - [2025-09-02T16:21:01.643+0000] {dag.py:2742} INFO - Sync 6 DAGs
[2025-09-02T16:21:01.681+0000] {logging_mixin.py:150} INFO - [2025-09-02T16:21:01.681+0000] {dag.py:3508} INFO - Setting next_dagrun for dataset_consumes_1 to None, run_after=None
[2025-09-02T16:21:01.689+0000] {logging_mixin.py:150} INFO - [2025-09-02T16:21:01.689+0000] {dag.py:3508} INFO - Setting next_dagrun for dataset_consumes_1_and_2 to None, run_after=None
[2025-09-02T16:21:01.692+0000] {logging_mixin.py:150} INFO - [2025-09-02T16:21:01.692+0000] {dag.py:3508} INFO - Setting next_dagrun for dataset_consumes_1_never_scheduled to None, run_after=None
[2025-09-02T16:21:01.694+0000] {logging_mixin.py:150} INFO - [2025-09-02T16:21:01.693+0000] {dag.py:3508} INFO - Setting next_dagrun for dataset_consumes_unknown_never_scheduled to None, run_after=None
[2025-09-02T16:21:01.697+0000] {logging_mixin.py:150} INFO - [2025-09-02T16:21:01.697+0000] {dag.py:3508} INFO - Setting next_dagrun for dataset_produces_1 to 2025-09-01T00:00:00+00:00, run_after=2025-09-02T00:00:00+00:00
[2025-09-02T16:21:01.699+0000] {logging_mixin.py:150} INFO - [2025-09-02T16:21:01.699+0000] {dag.py:3508} INFO - Setting next_dagrun for dataset_produces_2 to None, run_after=None
[2025-09-02T16:21:01.743+0000] {processor.py:179} INFO - Processing /home/airflow/.local/lib/python3.7/site-packages/airflow/example_dags/example_datasets.py took 0.173 seconds
[2025-09-02T16:21:32.652+0000] {processor.py:157} INFO - Started process (PID=1049) to work on /home/airflow/.local/lib/python3.7/site-packages/airflow/example_dags/example_datasets.py
[2025-09-02T16:21:32.654+0000] {processor.py:826} INFO - Processing file /home/airflow/.local/lib/python3.7/site-packages/airflow/example_dags/example_datasets.py for tasks to queue
[2025-09-02T16:21:32.655+0000] {logging_mixin.py:150} INFO - [2025-09-02T16:21:32.655+0000] {dagbag.py:541} INFO - Filling up the DagBag from /home/airflow/.local/lib/python3.7/site-packages/airflow/example_dags/example_datasets.py
[2025-09-02T16:21:32.676+0000] {processor.py:836} INFO - DAG(s) dict_keys(['dataset_consumes_unknown_never_scheduled', 'dataset_consumes_1_never_scheduled', 'dataset_consumes_1_and_2', 'dataset_consumes_1', 'dataset_produces_2', 'dataset_produces_1']) retrieved from /home/airflow/.local/lib/python3.7/site-packages/airflow/example_dags/example_datasets.py
[2025-09-02T16:21:32.747+0000] {logging_mixin.py:150} INFO - [2025-09-02T16:21:32.747+0000] {dag.py:2742} INFO - Sync 6 DAGs
[2025-09-02T16:21:32.783+0000] {logging_mixin.py:150} INFO - [2025-09-02T16:21:32.783+0000] {dag.py:3508} INFO - Setting next_dagrun for dataset_consumes_1 to None, run_after=None
[2025-09-02T16:21:32.789+0000] {logging_mixin.py:150} INFO - [2025-09-02T16:21:32.789+0000] {dag.py:3508} INFO - Setting next_dagrun for dataset_consumes_1_and_2 to None, run_after=None
[2025-09-02T16:21:32.791+0000] {logging_mixin.py:150} INFO - [2025-09-02T16:21:32.791+0000] {dag.py:3508} INFO - Setting next_dagrun for dataset_consumes_1_never_scheduled to None, run_after=None
[2025-09-02T16:21:32.793+0000] {logging_mixin.py:150} INFO - [2025-09-02T16:21:32.792+0000] {dag.py:3508} INFO - Setting next_dagrun for dataset_consumes_unknown_never_scheduled to None, run_after=None
[2025-09-02T16:21:32.796+0000] {logging_mixin.py:150} INFO - [2025-09-02T16:21:32.796+0000] {dag.py:3508} INFO - Setting next_dagrun for dataset_produces_1 to 2025-09-01T00:00:00+00:00, run_after=2025-09-02T00:00:00+00:00
[2025-09-02T16:21:32.798+0000] {logging_mixin.py:150} INFO - [2025-09-02T16:21:32.798+0000] {dag.py:3508} INFO - Setting next_dagrun for dataset_produces_2 to None, run_after=None
[2025-09-02T16:21:32.848+0000] {processor.py:179} INFO - Processing /home/airflow/.local/lib/python3.7/site-packages/airflow/example_dags/example_datasets.py took 0.202 seconds
[2025-09-02T16:22:04.201+0000] {processor.py:157} INFO - Started process (PID=1108) to work on /home/airflow/.local/lib/python3.7/site-packages/airflow/example_dags/example_datasets.py
[2025-09-02T16:22:04.202+0000] {processor.py:826} INFO - Processing file /home/airflow/.local/lib/python3.7/site-packages/airflow/example_dags/example_datasets.py for tasks to queue
[2025-09-02T16:22:04.203+0000] {logging_mixin.py:150} INFO - [2025-09-02T16:22:04.203+0000] {dagbag.py:541} INFO - Filling up the DagBag from /home/airflow/.local/lib/python3.7/site-packages/airflow/example_dags/example_datasets.py
[2025-09-02T16:22:04.214+0000] {processor.py:836} INFO - DAG(s) dict_keys(['dataset_consumes_unknown_never_scheduled', 'dataset_consumes_1_and_2', 'dataset_consumes_1_never_scheduled', 'dataset_consumes_1', 'dataset_produces_1', 'dataset_produces_2']) retrieved from /home/airflow/.local/lib/python3.7/site-packages/airflow/example_dags/example_datasets.py
[2025-09-02T16:22:04.264+0000] {logging_mixin.py:150} INFO - [2025-09-02T16:22:04.264+0000] {dag.py:2742} INFO - Sync 6 DAGs
[2025-09-02T16:22:04.300+0000] {logging_mixin.py:150} INFO - [2025-09-02T16:22:04.300+0000] {dag.py:3508} INFO - Setting next_dagrun for dataset_consumes_1 to None, run_after=None
[2025-09-02T16:22:04.307+0000] {logging_mixin.py:150} INFO - [2025-09-02T16:22:04.306+0000] {dag.py:3508} INFO - Setting next_dagrun for dataset_consumes_1_and_2 to None, run_after=None
[2025-09-02T16:22:04.308+0000] {logging_mixin.py:150} INFO - [2025-09-02T16:22:04.308+0000] {dag.py:3508} INFO - Setting next_dagrun for dataset_consumes_1_never_scheduled to None, run_after=None
[2025-09-02T16:22:04.310+0000] {logging_mixin.py:150} INFO - [2025-09-02T16:22:04.310+0000] {dag.py:3508} INFO - Setting next_dagrun for dataset_consumes_unknown_never_scheduled to None, run_after=None
[2025-09-02T16:22:04.314+0000] {logging_mixin.py:150} INFO - [2025-09-02T16:22:04.314+0000] {dag.py:3508} INFO - Setting next_dagrun for dataset_produces_1 to 2025-09-01T00:00:00+00:00, run_after=2025-09-02T00:00:00+00:00
[2025-09-02T16:22:04.316+0000] {logging_mixin.py:150} INFO - [2025-09-02T16:22:04.315+0000] {dag.py:3508} INFO - Setting next_dagrun for dataset_produces_2 to None, run_after=None
[2025-09-02T16:22:04.361+0000] {processor.py:179} INFO - Processing /home/airflow/.local/lib/python3.7/site-packages/airflow/example_dags/example_datasets.py took 0.164 seconds
[2025-09-02T16:22:35.526+0000] {processor.py:157} INFO - Started process (PID=1168) to work on /home/airflow/.local/lib/python3.7/site-packages/airflow/example_dags/example_datasets.py
[2025-09-02T16:22:35.527+0000] {processor.py:826} INFO - Processing file /home/airflow/.local/lib/python3.7/site-packages/airflow/example_dags/example_datasets.py for tasks to queue
[2025-09-02T16:22:35.528+0000] {logging_mixin.py:150} INFO - [2025-09-02T16:22:35.528+0000] {dagbag.py:541} INFO - Filling up the DagBag from /home/airflow/.local/lib/python3.7/site-packages/airflow/example_dags/example_datasets.py
[2025-09-02T16:22:35.540+0000] {processor.py:836} INFO - DAG(s) dict_keys(['dataset_consumes_1_and_2', 'dataset_produces_2', 'dataset_produces_1', 'dataset_consumes_unknown_never_scheduled', 'dataset_consumes_1', 'dataset_consumes_1_never_scheduled']) retrieved from /home/airflow/.local/lib/python3.7/site-packages/airflow/example_dags/example_datasets.py
[2025-09-02T16:22:35.598+0000] {logging_mixin.py:150} INFO - [2025-09-02T16:22:35.597+0000] {dag.py:2742} INFO - Sync 6 DAGs
[2025-09-02T16:22:35.633+0000] {logging_mixin.py:150} INFO - [2025-09-02T16:22:35.633+0000] {dag.py:3508} INFO - Setting next_dagrun for dataset_consumes_1 to None, run_after=None
[2025-09-02T16:22:35.640+0000] {logging_mixin.py:150} INFO - [2025-09-02T16:22:35.639+0000] {dag.py:3508} INFO - Setting next_dagrun for dataset_consumes_1_and_2 to None, run_after=None
[2025-09-02T16:22:35.642+0000] {logging_mixin.py:150} INFO - [2025-09-02T16:22:35.642+0000] {dag.py:3508} INFO - Setting next_dagrun for dataset_consumes_1_never_scheduled to None, run_after=None
[2025-09-02T16:22:35.644+0000] {logging_mixin.py:150} INFO - [2025-09-02T16:22:35.644+0000] {dag.py:3508} INFO - Setting next_dagrun for dataset_consumes_unknown_never_scheduled to None, run_after=None
[2025-09-02T16:22:35.649+0000] {logging_mixin.py:150} INFO - [2025-09-02T16:22:35.648+0000] {dag.py:3508} INFO - Setting next_dagrun for dataset_produces_1 to 2025-09-01T00:00:00+00:00, run_after=2025-09-02T00:00:00+00:00
[2025-09-02T16:22:35.651+0000] {logging_mixin.py:150} INFO - [2025-09-02T16:22:35.650+0000] {dag.py:3508} INFO - Setting next_dagrun for dataset_produces_2 to None, run_after=None
[2025-09-02T16:22:35.698+0000] {processor.py:179} INFO - Processing /home/airflow/.local/lib/python3.7/site-packages/airflow/example_dags/example_datasets.py took 0.177 seconds
[2025-09-02T16:23:06.654+0000] {processor.py:157} INFO - Started process (PID=1228) to work on /home/airflow/.local/lib/python3.7/site-packages/airflow/example_dags/example_datasets.py
[2025-09-02T16:23:06.657+0000] {processor.py:826} INFO - Processing file /home/airflow/.local/lib/python3.7/site-packages/airflow/example_dags/example_datasets.py for tasks to queue
[2025-09-02T16:23:06.658+0000] {logging_mixin.py:150} INFO - [2025-09-02T16:23:06.658+0000] {dagbag.py:541} INFO - Filling up the DagBag from /home/airflow/.local/lib/python3.7/site-packages/airflow/example_dags/example_datasets.py
[2025-09-02T16:23:06.675+0000] {processor.py:836} INFO - DAG(s) dict_keys(['dataset_consumes_1_never_scheduled', 'dataset_produces_1', 'dataset_consumes_1', 'dataset_consumes_unknown_never_scheduled', 'dataset_produces_2', 'dataset_consumes_1_and_2']) retrieved from /home/airflow/.local/lib/python3.7/site-packages/airflow/example_dags/example_datasets.py
[2025-09-02T16:23:06.759+0000] {logging_mixin.py:150} INFO - [2025-09-02T16:23:06.759+0000] {dag.py:2742} INFO - Sync 6 DAGs
[2025-09-02T16:23:06.807+0000] {logging_mixin.py:150} INFO - [2025-09-02T16:23:06.806+0000] {dag.py:3508} INFO - Setting next_dagrun for dataset_consumes_1 to None, run_after=None
[2025-09-02T16:23:06.815+0000] {logging_mixin.py:150} INFO - [2025-09-02T16:23:06.814+0000] {dag.py:3508} INFO - Setting next_dagrun for dataset_consumes_1_and_2 to None, run_after=None
[2025-09-02T16:23:06.817+0000] {logging_mixin.py:150} INFO - [2025-09-02T16:23:06.817+0000] {dag.py:3508} INFO - Setting next_dagrun for dataset_consumes_1_never_scheduled to None, run_after=None
[2025-09-02T16:23:06.819+0000] {logging_mixin.py:150} INFO - [2025-09-02T16:23:06.819+0000] {dag.py:3508} INFO - Setting next_dagrun for dataset_consumes_unknown_never_scheduled to None, run_after=None
[2025-09-02T16:23:06.823+0000] {logging_mixin.py:150} INFO - [2025-09-02T16:23:06.823+0000] {dag.py:3508} INFO - Setting next_dagrun for dataset_produces_1 to 2025-09-01T00:00:00+00:00, run_after=2025-09-02T00:00:00+00:00
[2025-09-02T16:23:06.826+0000] {logging_mixin.py:150} INFO - [2025-09-02T16:23:06.825+0000] {dag.py:3508} INFO - Setting next_dagrun for dataset_produces_2 to None, run_after=None
[2025-09-02T16:23:06.880+0000] {processor.py:179} INFO - Processing /home/airflow/.local/lib/python3.7/site-packages/airflow/example_dags/example_datasets.py took 0.232 seconds
[2025-09-02T16:23:37.625+0000] {processor.py:157} INFO - Started process (PID=1295) to work on /home/airflow/.local/lib/python3.7/site-packages/airflow/example_dags/example_datasets.py
[2025-09-02T16:23:37.625+0000] {processor.py:826} INFO - Processing file /home/airflow/.local/lib/python3.7/site-packages/airflow/example_dags/example_datasets.py for tasks to queue
[2025-09-02T16:23:37.626+0000] {logging_mixin.py:150} INFO - [2025-09-02T16:23:37.626+0000] {dagbag.py:541} INFO - Filling up the DagBag from /home/airflow/.local/lib/python3.7/site-packages/airflow/example_dags/example_datasets.py
[2025-09-02T16:23:37.638+0000] {processor.py:836} INFO - DAG(s) dict_keys(['dataset_produces_1', 'dataset_consumes_1_never_scheduled', 'dataset_produces_2', 'dataset_consumes_unknown_never_scheduled', 'dataset_consumes_1', 'dataset_consumes_1_and_2']) retrieved from /home/airflow/.local/lib/python3.7/site-packages/airflow/example_dags/example_datasets.py
[2025-09-02T16:23:37.701+0000] {logging_mixin.py:150} INFO - [2025-09-02T16:23:37.701+0000] {dag.py:2742} INFO - Sync 6 DAGs
[2025-09-02T16:23:37.738+0000] {logging_mixin.py:150} INFO - [2025-09-02T16:23:37.738+0000] {dag.py:3508} INFO - Setting next_dagrun for dataset_consumes_1 to None, run_after=None
[2025-09-02T16:23:37.746+0000] {logging_mixin.py:150} INFO - [2025-09-02T16:23:37.745+0000] {dag.py:3508} INFO - Setting next_dagrun for dataset_consumes_1_and_2 to None, run_after=None
[2025-09-02T16:23:37.747+0000] {logging_mixin.py:150} INFO - [2025-09-02T16:23:37.747+0000] {dag.py:3508} INFO - Setting next_dagrun for dataset_consumes_1_never_scheduled to None, run_after=None
[2025-09-02T16:23:37.749+0000] {logging_mixin.py:150} INFO - [2025-09-02T16:23:37.749+0000] {dag.py:3508} INFO - Setting next_dagrun for dataset_consumes_unknown_never_scheduled to None, run_after=None
[2025-09-02T16:23:37.753+0000] {logging_mixin.py:150} INFO - [2025-09-02T16:23:37.753+0000] {dag.py:3508} INFO - Setting next_dagrun for dataset_produces_1 to 2025-09-01T00:00:00+00:00, run_after=2025-09-02T00:00:00+00:00
[2025-09-02T16:23:37.755+0000] {logging_mixin.py:150} INFO - [2025-09-02T16:23:37.754+0000] {dag.py:3508} INFO - Setting next_dagrun for dataset_produces_2 to None, run_after=None
[2025-09-02T16:23:37.810+0000] {processor.py:179} INFO - Processing /home/airflow/.local/lib/python3.7/site-packages/airflow/example_dags/example_datasets.py took 0.189 seconds
[2025-09-02T16:24:08.899+0000] {processor.py:157} INFO - Started process (PID=1355) to work on /home/airflow/.local/lib/python3.7/site-packages/airflow/example_dags/example_datasets.py
[2025-09-02T16:24:08.900+0000] {processor.py:826} INFO - Processing file /home/airflow/.local/lib/python3.7/site-packages/airflow/example_dags/example_datasets.py for tasks to queue
[2025-09-02T16:24:08.900+0000] {logging_mixin.py:150} INFO - [2025-09-02T16:24:08.900+0000] {dagbag.py:541} INFO - Filling up the DagBag from /home/airflow/.local/lib/python3.7/site-packages/airflow/example_dags/example_datasets.py
[2025-09-02T16:24:08.912+0000] {processor.py:836} INFO - DAG(s) dict_keys(['dataset_consumes_unknown_never_scheduled', 'dataset_produces_1', 'dataset_consumes_1', 'dataset_consumes_1_and_2', 'dataset_consumes_1_never_scheduled', 'dataset_produces_2']) retrieved from /home/airflow/.local/lib/python3.7/site-packages/airflow/example_dags/example_datasets.py
[2025-09-02T16:24:08.967+0000] {logging_mixin.py:150} INFO - [2025-09-02T16:24:08.967+0000] {dag.py:2742} INFO - Sync 6 DAGs
[2025-09-02T16:24:09.007+0000] {logging_mixin.py:150} INFO - [2025-09-02T16:24:09.007+0000] {dag.py:3508} INFO - Setting next_dagrun for dataset_consumes_1 to None, run_after=None
[2025-09-02T16:24:09.014+0000] {logging_mixin.py:150} INFO - [2025-09-02T16:24:09.014+0000] {dag.py:3508} INFO - Setting next_dagrun for dataset_consumes_1_and_2 to None, run_after=None
[2025-09-02T16:24:09.016+0000] {logging_mixin.py:150} INFO - [2025-09-02T16:24:09.016+0000] {dag.py:3508} INFO - Setting next_dagrun for dataset_consumes_1_never_scheduled to None, run_after=None
[2025-09-02T16:24:09.018+0000] {logging_mixin.py:150} INFO - [2025-09-02T16:24:09.018+0000] {dag.py:3508} INFO - Setting next_dagrun for dataset_consumes_unknown_never_scheduled to None, run_after=None
[2025-09-02T16:24:09.022+0000] {logging_mixin.py:150} INFO - [2025-09-02T16:24:09.021+0000] {dag.py:3508} INFO - Setting next_dagrun for dataset_produces_1 to 2025-09-01T00:00:00+00:00, run_after=2025-09-02T00:00:00+00:00
[2025-09-02T16:24:09.024+0000] {logging_mixin.py:150} INFO - [2025-09-02T16:24:09.023+0000] {dag.py:3508} INFO - Setting next_dagrun for dataset_produces_2 to None, run_after=None
[2025-09-02T16:24:09.070+0000] {processor.py:179} INFO - Processing /home/airflow/.local/lib/python3.7/site-packages/airflow/example_dags/example_datasets.py took 0.177 seconds
[2025-09-02T16:26:37.331+0000] {processor.py:157} INFO - Started process (PID=101) to work on /home/airflow/.local/lib/python3.7/site-packages/airflow/example_dags/example_datasets.py
[2025-09-02T16:26:37.333+0000] {processor.py:826} INFO - Processing file /home/airflow/.local/lib/python3.7/site-packages/airflow/example_dags/example_datasets.py for tasks to queue
[2025-09-02T16:26:37.334+0000] {logging_mixin.py:150} INFO - [2025-09-02T16:26:37.334+0000] {dagbag.py:541} INFO - Filling up the DagBag from /home/airflow/.local/lib/python3.7/site-packages/airflow/example_dags/example_datasets.py
[2025-09-02T16:26:37.349+0000] {processor.py:836} INFO - DAG(s) dict_keys(['dataset_consumes_unknown_never_scheduled', 'dataset_produces_1', 'dataset_consumes_1_never_scheduled', 'dataset_consumes_1', 'dataset_consumes_1_and_2', 'dataset_produces_2']) retrieved from /home/airflow/.local/lib/python3.7/site-packages/airflow/example_dags/example_datasets.py
[2025-09-02T16:26:37.614+0000] {logging_mixin.py:150} INFO - [2025-09-02T16:26:37.614+0000] {dag.py:2742} INFO - Sync 6 DAGs
[2025-09-02T16:26:37.779+0000] {logging_mixin.py:150} INFO - [2025-09-02T16:26:37.778+0000] {dag.py:3508} INFO - Setting next_dagrun for dataset_consumes_1 to None, run_after=None
[2025-09-02T16:26:37.795+0000] {logging_mixin.py:150} INFO - [2025-09-02T16:26:37.795+0000] {dag.py:3508} INFO - Setting next_dagrun for dataset_consumes_1_and_2 to None, run_after=None
[2025-09-02T16:26:37.805+0000] {logging_mixin.py:150} INFO - [2025-09-02T16:26:37.804+0000] {dag.py:3508} INFO - Setting next_dagrun for dataset_consumes_1_never_scheduled to None, run_after=None
[2025-09-02T16:26:37.821+0000] {logging_mixin.py:150} INFO - [2025-09-02T16:26:37.821+0000] {dag.py:3508} INFO - Setting next_dagrun for dataset_consumes_unknown_never_scheduled to None, run_after=None
[2025-09-02T16:26:37.834+0000] {logging_mixin.py:150} INFO - [2025-09-02T16:26:37.833+0000] {dag.py:3508} INFO - Setting next_dagrun for dataset_produces_1 to 2025-09-01T00:00:00+00:00, run_after=2025-09-02T00:00:00+00:00
[2025-09-02T16:26:37.839+0000] {logging_mixin.py:150} INFO - [2025-09-02T16:26:37.839+0000] {dag.py:3508} INFO - Setting next_dagrun for dataset_produces_2 to None, run_after=None
[2025-09-02T16:26:38.329+0000] {processor.py:179} INFO - Processing /home/airflow/.local/lib/python3.7/site-packages/airflow/example_dags/example_datasets.py took 1.003 seconds
[2025-09-02T16:27:08.696+0000] {processor.py:157} INFO - Started process (PID=160) to work on /home/airflow/.local/lib/python3.7/site-packages/airflow/example_dags/example_datasets.py
[2025-09-02T16:27:08.697+0000] {processor.py:826} INFO - Processing file /home/airflow/.local/lib/python3.7/site-packages/airflow/example_dags/example_datasets.py for tasks to queue
[2025-09-02T16:27:08.698+0000] {logging_mixin.py:150} INFO - [2025-09-02T16:27:08.697+0000] {dagbag.py:541} INFO - Filling up the DagBag from /home/airflow/.local/lib/python3.7/site-packages/airflow/example_dags/example_datasets.py
[2025-09-02T16:27:08.705+0000] {processor.py:836} INFO - DAG(s) dict_keys(['dataset_produces_1', 'dataset_produces_2', 'dataset_consumes_1_never_scheduled', 'dataset_consumes_unknown_never_scheduled', 'dataset_consumes_1_and_2', 'dataset_consumes_1']) retrieved from /home/airflow/.local/lib/python3.7/site-packages/airflow/example_dags/example_datasets.py
[2025-09-02T16:27:08.745+0000] {logging_mixin.py:150} INFO - [2025-09-02T16:27:08.744+0000] {dag.py:2742} INFO - Sync 6 DAGs
[2025-09-02T16:27:08.779+0000] {logging_mixin.py:150} INFO - [2025-09-02T16:27:08.779+0000] {dag.py:3508} INFO - Setting next_dagrun for dataset_consumes_1 to None, run_after=None
[2025-09-02T16:27:08.783+0000] {logging_mixin.py:150} INFO - [2025-09-02T16:27:08.783+0000] {dag.py:3508} INFO - Setting next_dagrun for dataset_consumes_1_and_2 to None, run_after=None
[2025-09-02T16:27:08.784+0000] {logging_mixin.py:150} INFO - [2025-09-02T16:27:08.784+0000] {dag.py:3508} INFO - Setting next_dagrun for dataset_consumes_1_never_scheduled to None, run_after=None
[2025-09-02T16:27:08.785+0000] {logging_mixin.py:150} INFO - [2025-09-02T16:27:08.785+0000] {dag.py:3508} INFO - Setting next_dagrun for dataset_consumes_unknown_never_scheduled to None, run_after=None
[2025-09-02T16:27:08.788+0000] {logging_mixin.py:150} INFO - [2025-09-02T16:27:08.787+0000] {dag.py:3508} INFO - Setting next_dagrun for dataset_produces_1 to 2025-09-01T00:00:00+00:00, run_after=2025-09-02T00:00:00+00:00
[2025-09-02T16:27:08.789+0000] {logging_mixin.py:150} INFO - [2025-09-02T16:27:08.789+0000] {dag.py:3508} INFO - Setting next_dagrun for dataset_produces_2 to None, run_after=None
[2025-09-02T16:27:08.825+0000] {processor.py:179} INFO - Processing /home/airflow/.local/lib/python3.7/site-packages/airflow/example_dags/example_datasets.py took 0.135 seconds
[2025-09-02T16:27:38.881+0000] {processor.py:157} INFO - Started process (PID=220) to work on /home/airflow/.local/lib/python3.7/site-packages/airflow/example_dags/example_datasets.py
[2025-09-02T16:27:38.882+0000] {processor.py:826} INFO - Processing file /home/airflow/.local/lib/python3.7/site-packages/airflow/example_dags/example_datasets.py for tasks to queue
[2025-09-02T16:27:38.883+0000] {logging_mixin.py:150} INFO - [2025-09-02T16:27:38.883+0000] {dagbag.py:541} INFO - Filling up the DagBag from /home/airflow/.local/lib/python3.7/site-packages/airflow/example_dags/example_datasets.py
[2025-09-02T16:27:38.896+0000] {processor.py:836} INFO - DAG(s) dict_keys(['dataset_produces_2', 'dataset_consumes_1_and_2', 'dataset_consumes_1_never_scheduled', 'dataset_consumes_unknown_never_scheduled', 'dataset_consumes_1', 'dataset_produces_1']) retrieved from /home/airflow/.local/lib/python3.7/site-packages/airflow/example_dags/example_datasets.py
[2025-09-02T16:27:38.952+0000] {logging_mixin.py:150} INFO - [2025-09-02T16:27:38.951+0000] {dag.py:2742} INFO - Sync 6 DAGs
[2025-09-02T16:27:38.990+0000] {logging_mixin.py:150} INFO - [2025-09-02T16:27:38.990+0000] {dag.py:3508} INFO - Setting next_dagrun for dataset_consumes_1 to None, run_after=None
[2025-09-02T16:27:38.999+0000] {logging_mixin.py:150} INFO - [2025-09-02T16:27:38.998+0000] {dag.py:3508} INFO - Setting next_dagrun for dataset_consumes_1_and_2 to None, run_after=None
[2025-09-02T16:27:39.000+0000] {logging_mixin.py:150} INFO - [2025-09-02T16:27:39.000+0000] {dag.py:3508} INFO - Setting next_dagrun for dataset_consumes_1_never_scheduled to None, run_after=None
[2025-09-02T16:27:39.002+0000] {logging_mixin.py:150} INFO - [2025-09-02T16:27:39.002+0000] {dag.py:3508} INFO - Setting next_dagrun for dataset_consumes_unknown_never_scheduled to None, run_after=None
[2025-09-02T16:27:39.006+0000] {logging_mixin.py:150} INFO - [2025-09-02T16:27:39.006+0000] {dag.py:3508} INFO - Setting next_dagrun for dataset_produces_1 to 2025-09-01T00:00:00+00:00, run_after=2025-09-02T00:00:00+00:00
[2025-09-02T16:27:39.008+0000] {logging_mixin.py:150} INFO - [2025-09-02T16:27:39.008+0000] {dag.py:3508} INFO - Setting next_dagrun for dataset_produces_2 to None, run_after=None
[2025-09-02T16:27:39.062+0000] {processor.py:179} INFO - Processing /home/airflow/.local/lib/python3.7/site-packages/airflow/example_dags/example_datasets.py took 0.185 seconds
[2025-09-02T16:28:09.492+0000] {processor.py:157} INFO - Started process (PID=279) to work on /home/airflow/.local/lib/python3.7/site-packages/airflow/example_dags/example_datasets.py
[2025-09-02T16:28:09.494+0000] {processor.py:826} INFO - Processing file /home/airflow/.local/lib/python3.7/site-packages/airflow/example_dags/example_datasets.py for tasks to queue
[2025-09-02T16:28:09.497+0000] {logging_mixin.py:150} INFO - [2025-09-02T16:28:09.496+0000] {dagbag.py:541} INFO - Filling up the DagBag from /home/airflow/.local/lib/python3.7/site-packages/airflow/example_dags/example_datasets.py
[2025-09-02T16:28:09.518+0000] {processor.py:836} INFO - DAG(s) dict_keys(['dataset_consumes_1_and_2', 'dataset_consumes_unknown_never_scheduled', 'dataset_produces_2', 'dataset_consumes_1', 'dataset_produces_1', 'dataset_consumes_1_never_scheduled']) retrieved from /home/airflow/.local/lib/python3.7/site-packages/airflow/example_dags/example_datasets.py
[2025-09-02T16:28:09.600+0000] {logging_mixin.py:150} INFO - [2025-09-02T16:28:09.600+0000] {dag.py:2742} INFO - Sync 6 DAGs
[2025-09-02T16:28:09.645+0000] {logging_mixin.py:150} INFO - [2025-09-02T16:28:09.645+0000] {dag.py:3508} INFO - Setting next_dagrun for dataset_consumes_1 to None, run_after=None
[2025-09-02T16:28:09.655+0000] {logging_mixin.py:150} INFO - [2025-09-02T16:28:09.655+0000] {dag.py:3508} INFO - Setting next_dagrun for dataset_consumes_1_and_2 to None, run_after=None
[2025-09-02T16:28:09.658+0000] {logging_mixin.py:150} INFO - [2025-09-02T16:28:09.657+0000] {dag.py:3508} INFO - Setting next_dagrun for dataset_consumes_1_never_scheduled to None, run_after=None
[2025-09-02T16:28:09.661+0000] {logging_mixin.py:150} INFO - [2025-09-02T16:28:09.660+0000] {dag.py:3508} INFO - Setting next_dagrun for dataset_consumes_unknown_never_scheduled to None, run_after=None
[2025-09-02T16:28:09.665+0000] {logging_mixin.py:150} INFO - [2025-09-02T16:28:09.665+0000] {dag.py:3508} INFO - Setting next_dagrun for dataset_produces_1 to 2025-09-01T00:00:00+00:00, run_after=2025-09-02T00:00:00+00:00
[2025-09-02T16:28:09.668+0000] {logging_mixin.py:150} INFO - [2025-09-02T16:28:09.668+0000] {dag.py:3508} INFO - Setting next_dagrun for dataset_produces_2 to None, run_after=None
[2025-09-02T16:28:09.724+0000] {processor.py:179} INFO - Processing /home/airflow/.local/lib/python3.7/site-packages/airflow/example_dags/example_datasets.py took 0.239 seconds
[2025-09-02T16:28:39.892+0000] {processor.py:157} INFO - Started process (PID=338) to work on /home/airflow/.local/lib/python3.7/site-packages/airflow/example_dags/example_datasets.py
[2025-09-02T16:28:39.894+0000] {processor.py:826} INFO - Processing file /home/airflow/.local/lib/python3.7/site-packages/airflow/example_dags/example_datasets.py for tasks to queue
[2025-09-02T16:28:39.896+0000] {logging_mixin.py:150} INFO - [2025-09-02T16:28:39.895+0000] {dagbag.py:541} INFO - Filling up the DagBag from /home/airflow/.local/lib/python3.7/site-packages/airflow/example_dags/example_datasets.py
[2025-09-02T16:28:39.917+0000] {processor.py:836} INFO - DAG(s) dict_keys(['dataset_produces_2', 'dataset_produces_1', 'dataset_consumes_1', 'dataset_consumes_1_never_scheduled', 'dataset_consumes_unknown_never_scheduled', 'dataset_consumes_1_and_2']) retrieved from /home/airflow/.local/lib/python3.7/site-packages/airflow/example_dags/example_datasets.py
[2025-09-02T16:28:40.011+0000] {logging_mixin.py:150} INFO - [2025-09-02T16:28:40.010+0000] {dag.py:2742} INFO - Sync 6 DAGs
[2025-09-02T16:28:40.068+0000] {logging_mixin.py:150} INFO - [2025-09-02T16:28:40.067+0000] {dag.py:3508} INFO - Setting next_dagrun for dataset_consumes_1 to None, run_after=None
[2025-09-02T16:28:40.079+0000] {logging_mixin.py:150} INFO - [2025-09-02T16:28:40.078+0000] {dag.py:3508} INFO - Setting next_dagrun for dataset_consumes_1_and_2 to None, run_after=None
[2025-09-02T16:28:40.083+0000] {logging_mixin.py:150} INFO - [2025-09-02T16:28:40.082+0000] {dag.py:3508} INFO - Setting next_dagrun for dataset_consumes_1_never_scheduled to None, run_after=None
[2025-09-02T16:28:40.088+0000] {logging_mixin.py:150} INFO - [2025-09-02T16:28:40.088+0000] {dag.py:3508} INFO - Setting next_dagrun for dataset_consumes_unknown_never_scheduled to None, run_after=None
[2025-09-02T16:28:40.096+0000] {logging_mixin.py:150} INFO - [2025-09-02T16:28:40.096+0000] {dag.py:3508} INFO - Setting next_dagrun for dataset_produces_1 to 2025-09-01T00:00:00+00:00, run_after=2025-09-02T00:00:00+00:00
[2025-09-02T16:28:40.100+0000] {logging_mixin.py:150} INFO - [2025-09-02T16:28:40.100+0000] {dag.py:3508} INFO - Setting next_dagrun for dataset_produces_2 to None, run_after=None
[2025-09-02T16:28:40.196+0000] {processor.py:179} INFO - Processing /home/airflow/.local/lib/python3.7/site-packages/airflow/example_dags/example_datasets.py took 0.312 seconds
[2025-09-02T16:29:10.518+0000] {processor.py:157} INFO - Started process (PID=398) to work on /home/airflow/.local/lib/python3.7/site-packages/airflow/example_dags/example_datasets.py
[2025-09-02T16:29:10.529+0000] {processor.py:826} INFO - Processing file /home/airflow/.local/lib/python3.7/site-packages/airflow/example_dags/example_datasets.py for tasks to queue
[2025-09-02T16:29:10.531+0000] {logging_mixin.py:150} INFO - [2025-09-02T16:29:10.530+0000] {dagbag.py:541} INFO - Filling up the DagBag from /home/airflow/.local/lib/python3.7/site-packages/airflow/example_dags/example_datasets.py
[2025-09-02T16:29:10.546+0000] {processor.py:836} INFO - DAG(s) dict_keys(['dataset_consumes_unknown_never_scheduled', 'dataset_consumes_1_and_2', 'dataset_produces_2', 'dataset_consumes_1_never_scheduled', 'dataset_produces_1', 'dataset_consumes_1']) retrieved from /home/airflow/.local/lib/python3.7/site-packages/airflow/example_dags/example_datasets.py
[2025-09-02T16:29:10.607+0000] {logging_mixin.py:150} INFO - [2025-09-02T16:29:10.607+0000] {dag.py:2742} INFO - Sync 6 DAGs
[2025-09-02T16:29:10.650+0000] {logging_mixin.py:150} INFO - [2025-09-02T16:29:10.650+0000] {dag.py:3508} INFO - Setting next_dagrun for dataset_consumes_1 to None, run_after=None
[2025-09-02T16:29:10.658+0000] {logging_mixin.py:150} INFO - [2025-09-02T16:29:10.658+0000] {dag.py:3508} INFO - Setting next_dagrun for dataset_consumes_1_and_2 to None, run_after=None
[2025-09-02T16:29:10.660+0000] {logging_mixin.py:150} INFO - [2025-09-02T16:29:10.660+0000] {dag.py:3508} INFO - Setting next_dagrun for dataset_consumes_1_never_scheduled to None, run_after=None
[2025-09-02T16:29:10.662+0000] {logging_mixin.py:150} INFO - [2025-09-02T16:29:10.662+0000] {dag.py:3508} INFO - Setting next_dagrun for dataset_consumes_unknown_never_scheduled to None, run_after=None
[2025-09-02T16:29:10.666+0000] {logging_mixin.py:150} INFO - [2025-09-02T16:29:10.666+0000] {dag.py:3508} INFO - Setting next_dagrun for dataset_produces_1 to 2025-09-01T00:00:00+00:00, run_after=2025-09-02T00:00:00+00:00
[2025-09-02T16:29:10.668+0000] {logging_mixin.py:150} INFO - [2025-09-02T16:29:10.668+0000] {dag.py:3508} INFO - Setting next_dagrun for dataset_produces_2 to None, run_after=None
[2025-09-02T16:29:10.715+0000] {processor.py:179} INFO - Processing /home/airflow/.local/lib/python3.7/site-packages/airflow/example_dags/example_datasets.py took 0.204 seconds
[2025-09-02T16:29:40.920+0000] {processor.py:157} INFO - Started process (PID=458) to work on /home/airflow/.local/lib/python3.7/site-packages/airflow/example_dags/example_datasets.py
[2025-09-02T16:29:40.922+0000] {processor.py:826} INFO - Processing file /home/airflow/.local/lib/python3.7/site-packages/airflow/example_dags/example_datasets.py for tasks to queue
[2025-09-02T16:29:40.924+0000] {logging_mixin.py:150} INFO - [2025-09-02T16:29:40.923+0000] {dagbag.py:541} INFO - Filling up the DagBag from /home/airflow/.local/lib/python3.7/site-packages/airflow/example_dags/example_datasets.py
[2025-09-02T16:29:40.941+0000] {processor.py:836} INFO - DAG(s) dict_keys(['dataset_produces_2', 'dataset_consumes_unknown_never_scheduled', 'dataset_produces_1', 'dataset_consumes_1_and_2', 'dataset_consumes_1', 'dataset_consumes_1_never_scheduled']) retrieved from /home/airflow/.local/lib/python3.7/site-packages/airflow/example_dags/example_datasets.py
[2025-09-02T16:29:41.027+0000] {logging_mixin.py:150} INFO - [2025-09-02T16:29:41.026+0000] {dag.py:2742} INFO - Sync 6 DAGs
[2025-09-02T16:29:41.072+0000] {logging_mixin.py:150} INFO - [2025-09-02T16:29:41.072+0000] {dag.py:3508} INFO - Setting next_dagrun for dataset_consumes_1 to None, run_after=None
[2025-09-02T16:29:41.080+0000] {logging_mixin.py:150} INFO - [2025-09-02T16:29:41.079+0000] {dag.py:3508} INFO - Setting next_dagrun for dataset_consumes_1_and_2 to None, run_after=None
[2025-09-02T16:29:41.082+0000] {logging_mixin.py:150} INFO - [2025-09-02T16:29:41.082+0000] {dag.py:3508} INFO - Setting next_dagrun for dataset_consumes_1_never_scheduled to None, run_after=None
[2025-09-02T16:29:41.084+0000] {logging_mixin.py:150} INFO - [2025-09-02T16:29:41.084+0000] {dag.py:3508} INFO - Setting next_dagrun for dataset_consumes_unknown_never_scheduled to None, run_after=None
[2025-09-02T16:29:41.089+0000] {logging_mixin.py:150} INFO - [2025-09-02T16:29:41.089+0000] {dag.py:3508} INFO - Setting next_dagrun for dataset_produces_1 to 2025-09-01T00:00:00+00:00, run_after=2025-09-02T00:00:00+00:00
[2025-09-02T16:29:41.092+0000] {logging_mixin.py:150} INFO - [2025-09-02T16:29:41.091+0000] {dag.py:3508} INFO - Setting next_dagrun for dataset_produces_2 to None, run_after=None
[2025-09-02T16:29:41.148+0000] {processor.py:179} INFO - Processing /home/airflow/.local/lib/python3.7/site-packages/airflow/example_dags/example_datasets.py took 0.233 seconds
[2025-09-02T16:30:11.704+0000] {processor.py:157} INFO - Started process (PID=519) to work on /home/airflow/.local/lib/python3.7/site-packages/airflow/example_dags/example_datasets.py
[2025-09-02T16:30:11.707+0000] {processor.py:826} INFO - Processing file /home/airflow/.local/lib/python3.7/site-packages/airflow/example_dags/example_datasets.py for tasks to queue
[2025-09-02T16:30:11.708+0000] {logging_mixin.py:150} INFO - [2025-09-02T16:30:11.708+0000] {dagbag.py:541} INFO - Filling up the DagBag from /home/airflow/.local/lib/python3.7/site-packages/airflow/example_dags/example_datasets.py
[2025-09-02T16:30:11.727+0000] {processor.py:836} INFO - DAG(s) dict_keys(['dataset_produces_1', 'dataset_consumes_1', 'dataset_produces_2', 'dataset_consumes_1_never_scheduled', 'dataset_consumes_unknown_never_scheduled', 'dataset_consumes_1_and_2']) retrieved from /home/airflow/.local/lib/python3.7/site-packages/airflow/example_dags/example_datasets.py
[2025-09-02T16:30:11.796+0000] {logging_mixin.py:150} INFO - [2025-09-02T16:30:11.796+0000] {dag.py:2742} INFO - Sync 6 DAGs
[2025-09-02T16:30:11.831+0000] {logging_mixin.py:150} INFO - [2025-09-02T16:30:11.831+0000] {dag.py:3508} INFO - Setting next_dagrun for dataset_consumes_1 to None, run_after=None
[2025-09-02T16:30:11.840+0000] {logging_mixin.py:150} INFO - [2025-09-02T16:30:11.840+0000] {dag.py:3508} INFO - Setting next_dagrun for dataset_consumes_1_and_2 to None, run_after=None
[2025-09-02T16:30:11.842+0000] {logging_mixin.py:150} INFO - [2025-09-02T16:30:11.842+0000] {dag.py:3508} INFO - Setting next_dagrun for dataset_consumes_1_never_scheduled to None, run_after=None
[2025-09-02T16:30:11.844+0000] {logging_mixin.py:150} INFO - [2025-09-02T16:30:11.843+0000] {dag.py:3508} INFO - Setting next_dagrun for dataset_consumes_unknown_never_scheduled to None, run_after=None
[2025-09-02T16:30:11.847+0000] {logging_mixin.py:150} INFO - [2025-09-02T16:30:11.847+0000] {dag.py:3508} INFO - Setting next_dagrun for dataset_produces_1 to 2025-09-01T00:00:00+00:00, run_after=2025-09-02T00:00:00+00:00
[2025-09-02T16:30:11.849+0000] {logging_mixin.py:150} INFO - [2025-09-02T16:30:11.849+0000] {dag.py:3508} INFO - Setting next_dagrun for dataset_produces_2 to None, run_after=None
[2025-09-02T16:30:11.911+0000] {processor.py:179} INFO - Processing /home/airflow/.local/lib/python3.7/site-packages/airflow/example_dags/example_datasets.py took 0.211 seconds
