[2025-09-02T16:13:03.931+0000] {processor.py:157} INFO - Started process (PID=65) to work on /home/airflow/.local/lib/python3.7/site-packages/airflow/example_dags/example_sensor_decorator.py
[2025-09-02T16:13:03.932+0000] {processor.py:826} INFO - Processing file /home/airflow/.local/lib/python3.7/site-packages/airflow/example_dags/example_sensor_decorator.py for tasks to queue
[2025-09-02T16:13:03.933+0000] {logging_mixin.py:150} INFO - [2025-09-02T16:13:03.933+0000] {dagbag.py:541} INFO - Filling up the DagBag from /home/airflow/.local/lib/python3.7/site-packages/airflow/example_dags/example_sensor_decorator.py
[2025-09-02T16:13:03.941+0000] {processor.py:836} INFO - DAG(s) dict_keys(['example_sensor_decorator']) retrieved from /home/airflow/.local/lib/python3.7/site-packages/airflow/example_dags/example_sensor_decorator.py
[2025-09-02T16:13:04.042+0000] {logging_mixin.py:150} INFO - [2025-09-02T16:13:04.042+0000] {manager.py:504} INFO - Created Permission View: can read on DAG:example_sensor_decorator
[2025-09-02T16:13:04.053+0000] {logging_mixin.py:150} INFO - [2025-09-02T16:13:04.053+0000] {manager.py:504} INFO - Created Permission View: can edit on DAG:example_sensor_decorator
[2025-09-02T16:13:04.061+0000] {logging_mixin.py:150} INFO - [2025-09-02T16:13:04.060+0000] {manager.py:504} INFO - Created Permission View: can delete on DAG:example_sensor_decorator
[2025-09-02T16:13:04.080+0000] {logging_mixin.py:150} INFO - [2025-09-02T16:13:04.080+0000] {dag.py:2742} INFO - Sync 1 DAGs
[2025-09-02T16:13:04.093+0000] {logging_mixin.py:150} INFO - [2025-09-02T16:13:04.092+0000] {dag.py:2763} INFO - Creating ORM DAG for example_sensor_decorator
[2025-09-02T16:13:04.105+0000] {logging_mixin.py:150} INFO - [2025-09-02T16:13:04.104+0000] {dag.py:3508} INFO - Setting next_dagrun for example_sensor_decorator to None, run_after=None
[2025-09-02T16:13:04.128+0000] {processor.py:179} INFO - Processing /home/airflow/.local/lib/python3.7/site-packages/airflow/example_dags/example_sensor_decorator.py took 0.200 seconds
[2025-09-02T16:13:34.225+0000] {processor.py:157} INFO - Started process (PID=125) to work on /home/airflow/.local/lib/python3.7/site-packages/airflow/example_dags/example_sensor_decorator.py
[2025-09-02T16:13:34.226+0000] {processor.py:826} INFO - Processing file /home/airflow/.local/lib/python3.7/site-packages/airflow/example_dags/example_sensor_decorator.py for tasks to queue
[2025-09-02T16:13:34.226+0000] {logging_mixin.py:150} INFO - [2025-09-02T16:13:34.226+0000] {dagbag.py:541} INFO - Filling up the DagBag from /home/airflow/.local/lib/python3.7/site-packages/airflow/example_dags/example_sensor_decorator.py
[2025-09-02T16:13:34.234+0000] {processor.py:836} INFO - DAG(s) dict_keys(['example_sensor_decorator']) retrieved from /home/airflow/.local/lib/python3.7/site-packages/airflow/example_dags/example_sensor_decorator.py
[2025-09-02T16:13:34.261+0000] {logging_mixin.py:150} INFO - [2025-09-02T16:13:34.260+0000] {dag.py:2742} INFO - Sync 1 DAGs
[2025-09-02T16:13:34.296+0000] {logging_mixin.py:150} INFO - [2025-09-02T16:13:34.296+0000] {dag.py:3508} INFO - Setting next_dagrun for example_sensor_decorator to None, run_after=None
[2025-09-02T16:13:34.325+0000] {processor.py:179} INFO - Processing /home/airflow/.local/lib/python3.7/site-packages/airflow/example_dags/example_sensor_decorator.py took 0.104 seconds
[2025-09-02T16:14:05.751+0000] {processor.py:157} INFO - Started process (PID=193) to work on /home/airflow/.local/lib/python3.7/site-packages/airflow/example_dags/example_sensor_decorator.py
[2025-09-02T16:14:05.752+0000] {processor.py:826} INFO - Processing file /home/airflow/.local/lib/python3.7/site-packages/airflow/example_dags/example_sensor_decorator.py for tasks to queue
[2025-09-02T16:14:05.753+0000] {logging_mixin.py:150} INFO - [2025-09-02T16:14:05.752+0000] {dagbag.py:541} INFO - Filling up the DagBag from /home/airflow/.local/lib/python3.7/site-packages/airflow/example_dags/example_sensor_decorator.py
[2025-09-02T16:14:05.760+0000] {processor.py:836} INFO - DAG(s) dict_keys(['example_sensor_decorator']) retrieved from /home/airflow/.local/lib/python3.7/site-packages/airflow/example_dags/example_sensor_decorator.py
[2025-09-02T16:14:05.788+0000] {logging_mixin.py:150} INFO - [2025-09-02T16:14:05.788+0000] {dag.py:2742} INFO - Sync 1 DAGs
[2025-09-02T16:14:05.820+0000] {logging_mixin.py:150} INFO - [2025-09-02T16:14:05.820+0000] {dag.py:3508} INFO - Setting next_dagrun for example_sensor_decorator to None, run_after=None
[2025-09-02T16:14:05.846+0000] {processor.py:179} INFO - Processing /home/airflow/.local/lib/python3.7/site-packages/airflow/example_dags/example_sensor_decorator.py took 0.099 seconds
[2025-09-02T16:14:37.086+0000] {processor.py:157} INFO - Started process (PID=253) to work on /home/airflow/.local/lib/python3.7/site-packages/airflow/example_dags/example_sensor_decorator.py
[2025-09-02T16:14:37.087+0000] {processor.py:826} INFO - Processing file /home/airflow/.local/lib/python3.7/site-packages/airflow/example_dags/example_sensor_decorator.py for tasks to queue
[2025-09-02T16:14:37.097+0000] {logging_mixin.py:150} INFO - [2025-09-02T16:14:37.093+0000] {dagbag.py:541} INFO - Filling up the DagBag from /home/airflow/.local/lib/python3.7/site-packages/airflow/example_dags/example_sensor_decorator.py
[2025-09-02T16:14:37.123+0000] {processor.py:836} INFO - DAG(s) dict_keys(['example_sensor_decorator']) retrieved from /home/airflow/.local/lib/python3.7/site-packages/airflow/example_dags/example_sensor_decorator.py
[2025-09-02T16:14:37.165+0000] {logging_mixin.py:150} INFO - [2025-09-02T16:14:37.164+0000] {dag.py:2742} INFO - Sync 1 DAGs
[2025-09-02T16:14:37.212+0000] {logging_mixin.py:150} INFO - [2025-09-02T16:14:37.212+0000] {dag.py:3508} INFO - Setting next_dagrun for example_sensor_decorator to None, run_after=None
[2025-09-02T16:14:37.290+0000] {processor.py:179} INFO - Processing /home/airflow/.local/lib/python3.7/site-packages/airflow/example_dags/example_sensor_decorator.py took 0.225 seconds
[2025-09-02T16:15:07.851+0000] {processor.py:157} INFO - Started process (PID=313) to work on /home/airflow/.local/lib/python3.7/site-packages/airflow/example_dags/example_sensor_decorator.py
[2025-09-02T16:15:07.852+0000] {processor.py:826} INFO - Processing file /home/airflow/.local/lib/python3.7/site-packages/airflow/example_dags/example_sensor_decorator.py for tasks to queue
[2025-09-02T16:15:07.853+0000] {logging_mixin.py:150} INFO - [2025-09-02T16:15:07.853+0000] {dagbag.py:541} INFO - Filling up the DagBag from /home/airflow/.local/lib/python3.7/site-packages/airflow/example_dags/example_sensor_decorator.py
[2025-09-02T16:15:07.863+0000] {processor.py:836} INFO - DAG(s) dict_keys(['example_sensor_decorator']) retrieved from /home/airflow/.local/lib/python3.7/site-packages/airflow/example_dags/example_sensor_decorator.py
[2025-09-02T16:15:07.893+0000] {logging_mixin.py:150} INFO - [2025-09-02T16:15:07.893+0000] {dag.py:2742} INFO - Sync 1 DAGs
[2025-09-02T16:15:07.928+0000] {logging_mixin.py:150} INFO - [2025-09-02T16:15:07.928+0000] {dag.py:3508} INFO - Setting next_dagrun for example_sensor_decorator to None, run_after=None
[2025-09-02T16:15:07.958+0000] {processor.py:179} INFO - Processing /home/airflow/.local/lib/python3.7/site-packages/airflow/example_dags/example_sensor_decorator.py took 0.111 seconds
[2025-09-02T16:15:38.189+0000] {processor.py:157} INFO - Started process (PID=372) to work on /home/airflow/.local/lib/python3.7/site-packages/airflow/example_dags/example_sensor_decorator.py
[2025-09-02T16:15:38.190+0000] {processor.py:826} INFO - Processing file /home/airflow/.local/lib/python3.7/site-packages/airflow/example_dags/example_sensor_decorator.py for tasks to queue
[2025-09-02T16:15:38.191+0000] {logging_mixin.py:150} INFO - [2025-09-02T16:15:38.190+0000] {dagbag.py:541} INFO - Filling up the DagBag from /home/airflow/.local/lib/python3.7/site-packages/airflow/example_dags/example_sensor_decorator.py
[2025-09-02T16:15:38.199+0000] {processor.py:836} INFO - DAG(s) dict_keys(['example_sensor_decorator']) retrieved from /home/airflow/.local/lib/python3.7/site-packages/airflow/example_dags/example_sensor_decorator.py
[2025-09-02T16:15:38.225+0000] {logging_mixin.py:150} INFO - [2025-09-02T16:15:38.225+0000] {dag.py:2742} INFO - Sync 1 DAGs
[2025-09-02T16:15:38.259+0000] {logging_mixin.py:150} INFO - [2025-09-02T16:15:38.258+0000] {dag.py:3508} INFO - Setting next_dagrun for example_sensor_decorator to None, run_after=None
[2025-09-02T16:15:38.288+0000] {processor.py:179} INFO - Processing /home/airflow/.local/lib/python3.7/site-packages/airflow/example_dags/example_sensor_decorator.py took 0.104 seconds
[2025-09-02T16:16:08.400+0000] {processor.py:157} INFO - Started process (PID=426) to work on /home/airflow/.local/lib/python3.7/site-packages/airflow/example_dags/example_sensor_decorator.py
[2025-09-02T16:16:08.401+0000] {processor.py:826} INFO - Processing file /home/airflow/.local/lib/python3.7/site-packages/airflow/example_dags/example_sensor_decorator.py for tasks to queue
[2025-09-02T16:16:08.402+0000] {logging_mixin.py:150} INFO - [2025-09-02T16:16:08.402+0000] {dagbag.py:541} INFO - Filling up the DagBag from /home/airflow/.local/lib/python3.7/site-packages/airflow/example_dags/example_sensor_decorator.py
[2025-09-02T16:16:08.410+0000] {processor.py:836} INFO - DAG(s) dict_keys(['example_sensor_decorator']) retrieved from /home/airflow/.local/lib/python3.7/site-packages/airflow/example_dags/example_sensor_decorator.py
[2025-09-02T16:16:08.438+0000] {logging_mixin.py:150} INFO - [2025-09-02T16:16:08.438+0000] {dag.py:2742} INFO - Sync 1 DAGs
[2025-09-02T16:16:08.471+0000] {logging_mixin.py:150} INFO - [2025-09-02T16:16:08.471+0000] {dag.py:3508} INFO - Setting next_dagrun for example_sensor_decorator to None, run_after=None
[2025-09-02T16:16:08.496+0000] {processor.py:179} INFO - Processing /home/airflow/.local/lib/python3.7/site-packages/airflow/example_dags/example_sensor_decorator.py took 0.100 seconds
[2025-09-02T16:16:38.976+0000] {processor.py:157} INFO - Started process (PID=486) to work on /home/airflow/.local/lib/python3.7/site-packages/airflow/example_dags/example_sensor_decorator.py
[2025-09-02T16:16:38.977+0000] {processor.py:826} INFO - Processing file /home/airflow/.local/lib/python3.7/site-packages/airflow/example_dags/example_sensor_decorator.py for tasks to queue
[2025-09-02T16:16:38.978+0000] {logging_mixin.py:150} INFO - [2025-09-02T16:16:38.978+0000] {dagbag.py:541} INFO - Filling up the DagBag from /home/airflow/.local/lib/python3.7/site-packages/airflow/example_dags/example_sensor_decorator.py
[2025-09-02T16:16:38.989+0000] {processor.py:836} INFO - DAG(s) dict_keys(['example_sensor_decorator']) retrieved from /home/airflow/.local/lib/python3.7/site-packages/airflow/example_dags/example_sensor_decorator.py
[2025-09-02T16:16:39.032+0000] {logging_mixin.py:150} INFO - [2025-09-02T16:16:39.031+0000] {dag.py:2742} INFO - Sync 1 DAGs
[2025-09-02T16:16:39.068+0000] {logging_mixin.py:150} INFO - [2025-09-02T16:16:39.068+0000] {dag.py:3508} INFO - Setting next_dagrun for example_sensor_decorator to None, run_after=None
[2025-09-02T16:16:39.102+0000] {processor.py:179} INFO - Processing /home/airflow/.local/lib/python3.7/site-packages/airflow/example_dags/example_sensor_decorator.py took 0.131 seconds
[2025-09-02T16:17:09.310+0000] {processor.py:157} INFO - Started process (PID=546) to work on /home/airflow/.local/lib/python3.7/site-packages/airflow/example_dags/example_sensor_decorator.py
[2025-09-02T16:17:09.312+0000] {processor.py:826} INFO - Processing file /home/airflow/.local/lib/python3.7/site-packages/airflow/example_dags/example_sensor_decorator.py for tasks to queue
[2025-09-02T16:17:09.314+0000] {logging_mixin.py:150} INFO - [2025-09-02T16:17:09.313+0000] {dagbag.py:541} INFO - Filling up the DagBag from /home/airflow/.local/lib/python3.7/site-packages/airflow/example_dags/example_sensor_decorator.py
[2025-09-02T16:17:09.324+0000] {processor.py:836} INFO - DAG(s) dict_keys(['example_sensor_decorator']) retrieved from /home/airflow/.local/lib/python3.7/site-packages/airflow/example_dags/example_sensor_decorator.py
[2025-09-02T16:17:09.365+0000] {logging_mixin.py:150} INFO - [2025-09-02T16:17:09.364+0000] {dag.py:2742} INFO - Sync 1 DAGs
[2025-09-02T16:17:09.401+0000] {logging_mixin.py:150} INFO - [2025-09-02T16:17:09.401+0000] {dag.py:3508} INFO - Setting next_dagrun for example_sensor_decorator to None, run_after=None
[2025-09-02T16:17:09.433+0000] {processor.py:179} INFO - Processing /home/airflow/.local/lib/python3.7/site-packages/airflow/example_dags/example_sensor_decorator.py took 0.128 seconds
[2025-09-02T16:17:39.662+0000] {processor.py:157} INFO - Started process (PID=606) to work on /home/airflow/.local/lib/python3.7/site-packages/airflow/example_dags/example_sensor_decorator.py
[2025-09-02T16:17:39.663+0000] {processor.py:826} INFO - Processing file /home/airflow/.local/lib/python3.7/site-packages/airflow/example_dags/example_sensor_decorator.py for tasks to queue
[2025-09-02T16:17:39.664+0000] {logging_mixin.py:150} INFO - [2025-09-02T16:17:39.664+0000] {dagbag.py:541} INFO - Filling up the DagBag from /home/airflow/.local/lib/python3.7/site-packages/airflow/example_dags/example_sensor_decorator.py
[2025-09-02T16:17:39.672+0000] {processor.py:836} INFO - DAG(s) dict_keys(['example_sensor_decorator']) retrieved from /home/airflow/.local/lib/python3.7/site-packages/airflow/example_dags/example_sensor_decorator.py
[2025-09-02T16:17:39.699+0000] {logging_mixin.py:150} INFO - [2025-09-02T16:17:39.699+0000] {dag.py:2742} INFO - Sync 1 DAGs
[2025-09-02T16:17:39.735+0000] {logging_mixin.py:150} INFO - [2025-09-02T16:17:39.734+0000] {dag.py:3508} INFO - Setting next_dagrun for example_sensor_decorator to None, run_after=None
[2025-09-02T16:17:39.763+0000] {processor.py:179} INFO - Processing /home/airflow/.local/lib/python3.7/site-packages/airflow/example_dags/example_sensor_decorator.py took 0.108 seconds
[2025-09-02T16:18:10.149+0000] {processor.py:157} INFO - Started process (PID=666) to work on /home/airflow/.local/lib/python3.7/site-packages/airflow/example_dags/example_sensor_decorator.py
[2025-09-02T16:18:10.150+0000] {processor.py:826} INFO - Processing file /home/airflow/.local/lib/python3.7/site-packages/airflow/example_dags/example_sensor_decorator.py for tasks to queue
[2025-09-02T16:18:10.150+0000] {logging_mixin.py:150} INFO - [2025-09-02T16:18:10.150+0000] {dagbag.py:541} INFO - Filling up the DagBag from /home/airflow/.local/lib/python3.7/site-packages/airflow/example_dags/example_sensor_decorator.py
[2025-09-02T16:18:10.158+0000] {processor.py:836} INFO - DAG(s) dict_keys(['example_sensor_decorator']) retrieved from /home/airflow/.local/lib/python3.7/site-packages/airflow/example_dags/example_sensor_decorator.py
[2025-09-02T16:18:10.187+0000] {logging_mixin.py:150} INFO - [2025-09-02T16:18:10.187+0000] {dag.py:2742} INFO - Sync 1 DAGs
[2025-09-02T16:18:10.222+0000] {logging_mixin.py:150} INFO - [2025-09-02T16:18:10.222+0000] {dag.py:3508} INFO - Setting next_dagrun for example_sensor_decorator to None, run_after=None
[2025-09-02T16:18:10.248+0000] {processor.py:179} INFO - Processing /home/airflow/.local/lib/python3.7/site-packages/airflow/example_dags/example_sensor_decorator.py took 0.103 seconds
[2025-09-02T16:18:40.650+0000] {processor.py:157} INFO - Started process (PID=726) to work on /home/airflow/.local/lib/python3.7/site-packages/airflow/example_dags/example_sensor_decorator.py
[2025-09-02T16:18:40.652+0000] {processor.py:826} INFO - Processing file /home/airflow/.local/lib/python3.7/site-packages/airflow/example_dags/example_sensor_decorator.py for tasks to queue
[2025-09-02T16:18:40.653+0000] {logging_mixin.py:150} INFO - [2025-09-02T16:18:40.653+0000] {dagbag.py:541} INFO - Filling up the DagBag from /home/airflow/.local/lib/python3.7/site-packages/airflow/example_dags/example_sensor_decorator.py
[2025-09-02T16:18:40.661+0000] {processor.py:836} INFO - DAG(s) dict_keys(['example_sensor_decorator']) retrieved from /home/airflow/.local/lib/python3.7/site-packages/airflow/example_dags/example_sensor_decorator.py
[2025-09-02T16:18:40.687+0000] {logging_mixin.py:150} INFO - [2025-09-02T16:18:40.687+0000] {dag.py:2742} INFO - Sync 1 DAGs
[2025-09-02T16:18:40.724+0000] {logging_mixin.py:150} INFO - [2025-09-02T16:18:40.723+0000] {dag.py:3508} INFO - Setting next_dagrun for example_sensor_decorator to None, run_after=None
[2025-09-02T16:18:40.752+0000] {processor.py:179} INFO - Processing /home/airflow/.local/lib/python3.7/site-packages/airflow/example_dags/example_sensor_decorator.py took 0.107 seconds
[2025-09-02T16:19:11.558+0000] {processor.py:157} INFO - Started process (PID=786) to work on /home/airflow/.local/lib/python3.7/site-packages/airflow/example_dags/example_sensor_decorator.py
[2025-09-02T16:19:11.560+0000] {processor.py:826} INFO - Processing file /home/airflow/.local/lib/python3.7/site-packages/airflow/example_dags/example_sensor_decorator.py for tasks to queue
[2025-09-02T16:19:11.563+0000] {logging_mixin.py:150} INFO - [2025-09-02T16:19:11.562+0000] {dagbag.py:541} INFO - Filling up the DagBag from /home/airflow/.local/lib/python3.7/site-packages/airflow/example_dags/example_sensor_decorator.py
[2025-09-02T16:19:11.579+0000] {processor.py:836} INFO - DAG(s) dict_keys(['example_sensor_decorator']) retrieved from /home/airflow/.local/lib/python3.7/site-packages/airflow/example_dags/example_sensor_decorator.py
[2025-09-02T16:19:11.619+0000] {logging_mixin.py:150} INFO - [2025-09-02T16:19:11.619+0000] {dag.py:2742} INFO - Sync 1 DAGs
[2025-09-02T16:19:11.658+0000] {logging_mixin.py:150} INFO - [2025-09-02T16:19:11.658+0000] {dag.py:3508} INFO - Setting next_dagrun for example_sensor_decorator to None, run_after=None
[2025-09-02T16:19:11.707+0000] {processor.py:179} INFO - Processing /home/airflow/.local/lib/python3.7/site-packages/airflow/example_dags/example_sensor_decorator.py took 0.155 seconds
[2025-09-02T16:19:42.083+0000] {processor.py:157} INFO - Started process (PID=846) to work on /home/airflow/.local/lib/python3.7/site-packages/airflow/example_dags/example_sensor_decorator.py
[2025-09-02T16:19:42.085+0000] {processor.py:826} INFO - Processing file /home/airflow/.local/lib/python3.7/site-packages/airflow/example_dags/example_sensor_decorator.py for tasks to queue
[2025-09-02T16:19:42.089+0000] {logging_mixin.py:150} INFO - [2025-09-02T16:19:42.088+0000] {dagbag.py:541} INFO - Filling up the DagBag from /home/airflow/.local/lib/python3.7/site-packages/airflow/example_dags/example_sensor_decorator.py
[2025-09-02T16:19:42.099+0000] {processor.py:836} INFO - DAG(s) dict_keys(['example_sensor_decorator']) retrieved from /home/airflow/.local/lib/python3.7/site-packages/airflow/example_dags/example_sensor_decorator.py
[2025-09-02T16:19:42.133+0000] {logging_mixin.py:150} INFO - [2025-09-02T16:19:42.133+0000] {dag.py:2742} INFO - Sync 1 DAGs
[2025-09-02T16:19:42.190+0000] {logging_mixin.py:150} INFO - [2025-09-02T16:19:42.190+0000] {dag.py:3508} INFO - Setting next_dagrun for example_sensor_decorator to None, run_after=None
[2025-09-02T16:19:42.242+0000] {processor.py:179} INFO - Processing /home/airflow/.local/lib/python3.7/site-packages/airflow/example_dags/example_sensor_decorator.py took 0.163 seconds
[2025-09-02T16:20:13.090+0000] {processor.py:157} INFO - Started process (PID=906) to work on /home/airflow/.local/lib/python3.7/site-packages/airflow/example_dags/example_sensor_decorator.py
[2025-09-02T16:20:13.091+0000] {processor.py:826} INFO - Processing file /home/airflow/.local/lib/python3.7/site-packages/airflow/example_dags/example_sensor_decorator.py for tasks to queue
[2025-09-02T16:20:13.092+0000] {logging_mixin.py:150} INFO - [2025-09-02T16:20:13.092+0000] {dagbag.py:541} INFO - Filling up the DagBag from /home/airflow/.local/lib/python3.7/site-packages/airflow/example_dags/example_sensor_decorator.py
[2025-09-02T16:20:13.101+0000] {processor.py:836} INFO - DAG(s) dict_keys(['example_sensor_decorator']) retrieved from /home/airflow/.local/lib/python3.7/site-packages/airflow/example_dags/example_sensor_decorator.py
[2025-09-02T16:20:13.129+0000] {logging_mixin.py:150} INFO - [2025-09-02T16:20:13.128+0000] {dag.py:2742} INFO - Sync 1 DAGs
[2025-09-02T16:20:13.162+0000] {logging_mixin.py:150} INFO - [2025-09-02T16:20:13.162+0000] {dag.py:3508} INFO - Setting next_dagrun for example_sensor_decorator to None, run_after=None
[2025-09-02T16:20:13.195+0000] {processor.py:179} INFO - Processing /home/airflow/.local/lib/python3.7/site-packages/airflow/example_dags/example_sensor_decorator.py took 0.109 seconds
[2025-09-02T16:20:43.759+0000] {processor.py:157} INFO - Started process (PID=966) to work on /home/airflow/.local/lib/python3.7/site-packages/airflow/example_dags/example_sensor_decorator.py
[2025-09-02T16:20:43.760+0000] {processor.py:826} INFO - Processing file /home/airflow/.local/lib/python3.7/site-packages/airflow/example_dags/example_sensor_decorator.py for tasks to queue
[2025-09-02T16:20:43.760+0000] {logging_mixin.py:150} INFO - [2025-09-02T16:20:43.760+0000] {dagbag.py:541} INFO - Filling up the DagBag from /home/airflow/.local/lib/python3.7/site-packages/airflow/example_dags/example_sensor_decorator.py
[2025-09-02T16:20:43.769+0000] {processor.py:836} INFO - DAG(s) dict_keys(['example_sensor_decorator']) retrieved from /home/airflow/.local/lib/python3.7/site-packages/airflow/example_dags/example_sensor_decorator.py
[2025-09-02T16:20:43.800+0000] {logging_mixin.py:150} INFO - [2025-09-02T16:20:43.799+0000] {dag.py:2742} INFO - Sync 1 DAGs
[2025-09-02T16:20:43.834+0000] {logging_mixin.py:150} INFO - [2025-09-02T16:20:43.833+0000] {dag.py:3508} INFO - Setting next_dagrun for example_sensor_decorator to None, run_after=None
[2025-09-02T16:20:43.860+0000] {processor.py:179} INFO - Processing /home/airflow/.local/lib/python3.7/site-packages/airflow/example_dags/example_sensor_decorator.py took 0.106 seconds
[2025-09-02T16:21:14.333+0000] {processor.py:157} INFO - Started process (PID=1026) to work on /home/airflow/.local/lib/python3.7/site-packages/airflow/example_dags/example_sensor_decorator.py
[2025-09-02T16:21:14.335+0000] {processor.py:826} INFO - Processing file /home/airflow/.local/lib/python3.7/site-packages/airflow/example_dags/example_sensor_decorator.py for tasks to queue
[2025-09-02T16:21:14.336+0000] {logging_mixin.py:150} INFO - [2025-09-02T16:21:14.335+0000] {dagbag.py:541} INFO - Filling up the DagBag from /home/airflow/.local/lib/python3.7/site-packages/airflow/example_dags/example_sensor_decorator.py
[2025-09-02T16:21:14.349+0000] {processor.py:836} INFO - DAG(s) dict_keys(['example_sensor_decorator']) retrieved from /home/airflow/.local/lib/python3.7/site-packages/airflow/example_dags/example_sensor_decorator.py
[2025-09-02T16:21:14.381+0000] {logging_mixin.py:150} INFO - [2025-09-02T16:21:14.380+0000] {dag.py:2742} INFO - Sync 1 DAGs
[2025-09-02T16:21:14.415+0000] {logging_mixin.py:150} INFO - [2025-09-02T16:21:14.414+0000] {dag.py:3508} INFO - Setting next_dagrun for example_sensor_decorator to None, run_after=None
[2025-09-02T16:21:14.441+0000] {processor.py:179} INFO - Processing /home/airflow/.local/lib/python3.7/site-packages/airflow/example_dags/example_sensor_decorator.py took 0.113 seconds
[2025-09-02T16:21:45.142+0000] {processor.py:157} INFO - Started process (PID=1086) to work on /home/airflow/.local/lib/python3.7/site-packages/airflow/example_dags/example_sensor_decorator.py
[2025-09-02T16:21:45.142+0000] {processor.py:826} INFO - Processing file /home/airflow/.local/lib/python3.7/site-packages/airflow/example_dags/example_sensor_decorator.py for tasks to queue
[2025-09-02T16:21:45.143+0000] {logging_mixin.py:150} INFO - [2025-09-02T16:21:45.143+0000] {dagbag.py:541} INFO - Filling up the DagBag from /home/airflow/.local/lib/python3.7/site-packages/airflow/example_dags/example_sensor_decorator.py
[2025-09-02T16:21:45.152+0000] {processor.py:836} INFO - DAG(s) dict_keys(['example_sensor_decorator']) retrieved from /home/airflow/.local/lib/python3.7/site-packages/airflow/example_dags/example_sensor_decorator.py
[2025-09-02T16:21:45.177+0000] {logging_mixin.py:150} INFO - [2025-09-02T16:21:45.177+0000] {dag.py:2742} INFO - Sync 1 DAGs
[2025-09-02T16:21:45.211+0000] {logging_mixin.py:150} INFO - [2025-09-02T16:21:45.211+0000] {dag.py:3508} INFO - Setting next_dagrun for example_sensor_decorator to None, run_after=None
[2025-09-02T16:21:45.246+0000] {processor.py:179} INFO - Processing /home/airflow/.local/lib/python3.7/site-packages/airflow/example_dags/example_sensor_decorator.py took 0.108 seconds
[2025-09-02T16:22:15.759+0000] {processor.py:157} INFO - Started process (PID=1146) to work on /home/airflow/.local/lib/python3.7/site-packages/airflow/example_dags/example_sensor_decorator.py
[2025-09-02T16:22:15.760+0000] {processor.py:826} INFO - Processing file /home/airflow/.local/lib/python3.7/site-packages/airflow/example_dags/example_sensor_decorator.py for tasks to queue
[2025-09-02T16:22:15.761+0000] {logging_mixin.py:150} INFO - [2025-09-02T16:22:15.761+0000] {dagbag.py:541} INFO - Filling up the DagBag from /home/airflow/.local/lib/python3.7/site-packages/airflow/example_dags/example_sensor_decorator.py
[2025-09-02T16:22:15.771+0000] {processor.py:836} INFO - DAG(s) dict_keys(['example_sensor_decorator']) retrieved from /home/airflow/.local/lib/python3.7/site-packages/airflow/example_dags/example_sensor_decorator.py
[2025-09-02T16:22:15.802+0000] {logging_mixin.py:150} INFO - [2025-09-02T16:22:15.801+0000] {dag.py:2742} INFO - Sync 1 DAGs
[2025-09-02T16:22:15.834+0000] {logging_mixin.py:150} INFO - [2025-09-02T16:22:15.834+0000] {dag.py:3508} INFO - Setting next_dagrun for example_sensor_decorator to None, run_after=None
[2025-09-02T16:22:15.863+0000] {processor.py:179} INFO - Processing /home/airflow/.local/lib/python3.7/site-packages/airflow/example_dags/example_sensor_decorator.py took 0.110 seconds
[2025-09-02T16:22:46.187+0000] {processor.py:157} INFO - Started process (PID=1206) to work on /home/airflow/.local/lib/python3.7/site-packages/airflow/example_dags/example_sensor_decorator.py
[2025-09-02T16:22:46.188+0000] {processor.py:826} INFO - Processing file /home/airflow/.local/lib/python3.7/site-packages/airflow/example_dags/example_sensor_decorator.py for tasks to queue
[2025-09-02T16:22:46.189+0000] {logging_mixin.py:150} INFO - [2025-09-02T16:22:46.188+0000] {dagbag.py:541} INFO - Filling up the DagBag from /home/airflow/.local/lib/python3.7/site-packages/airflow/example_dags/example_sensor_decorator.py
[2025-09-02T16:22:46.199+0000] {processor.py:836} INFO - DAG(s) dict_keys(['example_sensor_decorator']) retrieved from /home/airflow/.local/lib/python3.7/site-packages/airflow/example_dags/example_sensor_decorator.py
[2025-09-02T16:22:46.232+0000] {logging_mixin.py:150} INFO - [2025-09-02T16:22:46.231+0000] {dag.py:2742} INFO - Sync 1 DAGs
[2025-09-02T16:22:46.277+0000] {logging_mixin.py:150} INFO - [2025-09-02T16:22:46.276+0000] {dag.py:3508} INFO - Setting next_dagrun for example_sensor_decorator to None, run_after=None
[2025-09-02T16:22:46.313+0000] {processor.py:179} INFO - Processing /home/airflow/.local/lib/python3.7/site-packages/airflow/example_dags/example_sensor_decorator.py took 0.131 seconds
[2025-09-02T16:23:16.579+0000] {processor.py:157} INFO - Started process (PID=1266) to work on /home/airflow/.local/lib/python3.7/site-packages/airflow/example_dags/example_sensor_decorator.py
[2025-09-02T16:23:16.580+0000] {processor.py:826} INFO - Processing file /home/airflow/.local/lib/python3.7/site-packages/airflow/example_dags/example_sensor_decorator.py for tasks to queue
[2025-09-02T16:23:16.580+0000] {logging_mixin.py:150} INFO - [2025-09-02T16:23:16.580+0000] {dagbag.py:541} INFO - Filling up the DagBag from /home/airflow/.local/lib/python3.7/site-packages/airflow/example_dags/example_sensor_decorator.py
[2025-09-02T16:23:16.589+0000] {processor.py:836} INFO - DAG(s) dict_keys(['example_sensor_decorator']) retrieved from /home/airflow/.local/lib/python3.7/site-packages/airflow/example_dags/example_sensor_decorator.py
[2025-09-02T16:23:16.623+0000] {logging_mixin.py:150} INFO - [2025-09-02T16:23:16.623+0000] {dag.py:2742} INFO - Sync 1 DAGs
[2025-09-02T16:23:16.657+0000] {logging_mixin.py:150} INFO - [2025-09-02T16:23:16.657+0000] {dag.py:3508} INFO - Setting next_dagrun for example_sensor_decorator to None, run_after=None
[2025-09-02T16:23:16.683+0000] {processor.py:179} INFO - Processing /home/airflow/.local/lib/python3.7/site-packages/airflow/example_dags/example_sensor_decorator.py took 0.108 seconds
[2025-09-02T16:23:47.157+0000] {processor.py:157} INFO - Started process (PID=1326) to work on /home/airflow/.local/lib/python3.7/site-packages/airflow/example_dags/example_sensor_decorator.py
[2025-09-02T16:23:47.158+0000] {processor.py:826} INFO - Processing file /home/airflow/.local/lib/python3.7/site-packages/airflow/example_dags/example_sensor_decorator.py for tasks to queue
[2025-09-02T16:23:47.159+0000] {logging_mixin.py:150} INFO - [2025-09-02T16:23:47.159+0000] {dagbag.py:541} INFO - Filling up the DagBag from /home/airflow/.local/lib/python3.7/site-packages/airflow/example_dags/example_sensor_decorator.py
[2025-09-02T16:23:47.167+0000] {processor.py:836} INFO - DAG(s) dict_keys(['example_sensor_decorator']) retrieved from /home/airflow/.local/lib/python3.7/site-packages/airflow/example_dags/example_sensor_decorator.py
[2025-09-02T16:23:47.200+0000] {logging_mixin.py:150} INFO - [2025-09-02T16:23:47.200+0000] {dag.py:2742} INFO - Sync 1 DAGs
[2025-09-02T16:23:47.234+0000] {logging_mixin.py:150} INFO - [2025-09-02T16:23:47.234+0000] {dag.py:3508} INFO - Setting next_dagrun for example_sensor_decorator to None, run_after=None
[2025-09-02T16:23:47.262+0000] {processor.py:179} INFO - Processing /home/airflow/.local/lib/python3.7/site-packages/airflow/example_dags/example_sensor_decorator.py took 0.108 seconds
[2025-09-02T16:24:18.170+0000] {processor.py:157} INFO - Started process (PID=1386) to work on /home/airflow/.local/lib/python3.7/site-packages/airflow/example_dags/example_sensor_decorator.py
[2025-09-02T16:24:18.174+0000] {processor.py:826} INFO - Processing file /home/airflow/.local/lib/python3.7/site-packages/airflow/example_dags/example_sensor_decorator.py for tasks to queue
[2025-09-02T16:24:18.176+0000] {logging_mixin.py:150} INFO - [2025-09-02T16:24:18.175+0000] {dagbag.py:541} INFO - Filling up the DagBag from /home/airflow/.local/lib/python3.7/site-packages/airflow/example_dags/example_sensor_decorator.py
[2025-09-02T16:24:18.191+0000] {processor.py:836} INFO - DAG(s) dict_keys(['example_sensor_decorator']) retrieved from /home/airflow/.local/lib/python3.7/site-packages/airflow/example_dags/example_sensor_decorator.py
[2025-09-02T16:24:18.255+0000] {logging_mixin.py:150} INFO - [2025-09-02T16:24:18.253+0000] {dag.py:2742} INFO - Sync 1 DAGs
[2025-09-02T16:24:18.348+0000] {logging_mixin.py:150} INFO - [2025-09-02T16:24:18.347+0000] {dag.py:3508} INFO - Setting next_dagrun for example_sensor_decorator to None, run_after=None
[2025-09-02T16:24:18.447+0000] {processor.py:179} INFO - Processing /home/airflow/.local/lib/python3.7/site-packages/airflow/example_dags/example_sensor_decorator.py took 0.288 seconds
[2025-09-02T16:26:29.718+0000] {processor.py:157} INFO - Started process (PID=86) to work on /home/airflow/.local/lib/python3.7/site-packages/airflow/example_dags/example_sensor_decorator.py
[2025-09-02T16:26:29.721+0000] {processor.py:826} INFO - Processing file /home/airflow/.local/lib/python3.7/site-packages/airflow/example_dags/example_sensor_decorator.py for tasks to queue
[2025-09-02T16:26:29.722+0000] {logging_mixin.py:150} INFO - [2025-09-02T16:26:29.722+0000] {dagbag.py:541} INFO - Filling up the DagBag from /home/airflow/.local/lib/python3.7/site-packages/airflow/example_dags/example_sensor_decorator.py
[2025-09-02T16:26:29.750+0000] {processor.py:836} INFO - DAG(s) dict_keys(['example_sensor_decorator']) retrieved from /home/airflow/.local/lib/python3.7/site-packages/airflow/example_dags/example_sensor_decorator.py
[2025-09-02T16:26:29.990+0000] {logging_mixin.py:150} INFO - [2025-09-02T16:26:29.989+0000] {dag.py:2742} INFO - Sync 1 DAGs
[2025-09-02T16:26:30.035+0000] {logging_mixin.py:150} INFO - [2025-09-02T16:26:30.035+0000] {dag.py:3508} INFO - Setting next_dagrun for example_sensor_decorator to None, run_after=None
[2025-09-02T16:26:30.090+0000] {processor.py:179} INFO - Processing /home/airflow/.local/lib/python3.7/site-packages/airflow/example_dags/example_sensor_decorator.py took 0.378 seconds
[2025-09-02T16:27:00.207+0000] {processor.py:157} INFO - Started process (PID=146) to work on /home/airflow/.local/lib/python3.7/site-packages/airflow/example_dags/example_sensor_decorator.py
[2025-09-02T16:27:00.211+0000] {processor.py:826} INFO - Processing file /home/airflow/.local/lib/python3.7/site-packages/airflow/example_dags/example_sensor_decorator.py for tasks to queue
[2025-09-02T16:27:00.213+0000] {logging_mixin.py:150} INFO - [2025-09-02T16:27:00.213+0000] {dagbag.py:541} INFO - Filling up the DagBag from /home/airflow/.local/lib/python3.7/site-packages/airflow/example_dags/example_sensor_decorator.py
[2025-09-02T16:27:00.222+0000] {processor.py:836} INFO - DAG(s) dict_keys(['example_sensor_decorator']) retrieved from /home/airflow/.local/lib/python3.7/site-packages/airflow/example_dags/example_sensor_decorator.py
[2025-09-02T16:27:00.256+0000] {logging_mixin.py:150} INFO - [2025-09-02T16:27:00.256+0000] {dag.py:2742} INFO - Sync 1 DAGs
[2025-09-02T16:27:00.289+0000] {logging_mixin.py:150} INFO - [2025-09-02T16:27:00.289+0000] {dag.py:3508} INFO - Setting next_dagrun for example_sensor_decorator to None, run_after=None
[2025-09-02T16:27:00.317+0000] {processor.py:179} INFO - Processing /home/airflow/.local/lib/python3.7/site-packages/airflow/example_dags/example_sensor_decorator.py took 0.115 seconds
[2025-09-02T16:27:30.946+0000] {processor.py:157} INFO - Started process (PID=206) to work on /home/airflow/.local/lib/python3.7/site-packages/airflow/example_dags/example_sensor_decorator.py
[2025-09-02T16:27:30.947+0000] {processor.py:826} INFO - Processing file /home/airflow/.local/lib/python3.7/site-packages/airflow/example_dags/example_sensor_decorator.py for tasks to queue
[2025-09-02T16:27:30.948+0000] {logging_mixin.py:150} INFO - [2025-09-02T16:27:30.948+0000] {dagbag.py:541} INFO - Filling up the DagBag from /home/airflow/.local/lib/python3.7/site-packages/airflow/example_dags/example_sensor_decorator.py
[2025-09-02T16:27:30.956+0000] {processor.py:836} INFO - DAG(s) dict_keys(['example_sensor_decorator']) retrieved from /home/airflow/.local/lib/python3.7/site-packages/airflow/example_dags/example_sensor_decorator.py
[2025-09-02T16:27:30.984+0000] {logging_mixin.py:150} INFO - [2025-09-02T16:27:30.983+0000] {dag.py:2742} INFO - Sync 1 DAGs
[2025-09-02T16:27:31.020+0000] {logging_mixin.py:150} INFO - [2025-09-02T16:27:31.019+0000] {dag.py:3508} INFO - Setting next_dagrun for example_sensor_decorator to None, run_after=None
[2025-09-02T16:27:31.046+0000] {processor.py:179} INFO - Processing /home/airflow/.local/lib/python3.7/site-packages/airflow/example_dags/example_sensor_decorator.py took 0.106 seconds
[2025-09-02T16:28:01.634+0000] {processor.py:157} INFO - Started process (PID=265) to work on /home/airflow/.local/lib/python3.7/site-packages/airflow/example_dags/example_sensor_decorator.py
[2025-09-02T16:28:01.635+0000] {processor.py:826} INFO - Processing file /home/airflow/.local/lib/python3.7/site-packages/airflow/example_dags/example_sensor_decorator.py for tasks to queue
[2025-09-02T16:28:01.636+0000] {logging_mixin.py:150} INFO - [2025-09-02T16:28:01.635+0000] {dagbag.py:541} INFO - Filling up the DagBag from /home/airflow/.local/lib/python3.7/site-packages/airflow/example_dags/example_sensor_decorator.py
[2025-09-02T16:28:01.644+0000] {processor.py:836} INFO - DAG(s) dict_keys(['example_sensor_decorator']) retrieved from /home/airflow/.local/lib/python3.7/site-packages/airflow/example_dags/example_sensor_decorator.py
[2025-09-02T16:28:01.671+0000] {logging_mixin.py:150} INFO - [2025-09-02T16:28:01.670+0000] {dag.py:2742} INFO - Sync 1 DAGs
[2025-09-02T16:28:01.717+0000] {logging_mixin.py:150} INFO - [2025-09-02T16:28:01.716+0000] {dag.py:3508} INFO - Setting next_dagrun for example_sensor_decorator to None, run_after=None
[2025-09-02T16:28:01.752+0000] {processor.py:179} INFO - Processing /home/airflow/.local/lib/python3.7/site-packages/airflow/example_dags/example_sensor_decorator.py took 0.122 seconds
[2025-09-02T16:28:31.914+0000] {processor.py:157} INFO - Started process (PID=325) to work on /home/airflow/.local/lib/python3.7/site-packages/airflow/example_dags/example_sensor_decorator.py
[2025-09-02T16:28:31.916+0000] {processor.py:826} INFO - Processing file /home/airflow/.local/lib/python3.7/site-packages/airflow/example_dags/example_sensor_decorator.py for tasks to queue
[2025-09-02T16:28:31.917+0000] {logging_mixin.py:150} INFO - [2025-09-02T16:28:31.917+0000] {dagbag.py:541} INFO - Filling up the DagBag from /home/airflow/.local/lib/python3.7/site-packages/airflow/example_dags/example_sensor_decorator.py
[2025-09-02T16:28:31.927+0000] {processor.py:836} INFO - DAG(s) dict_keys(['example_sensor_decorator']) retrieved from /home/airflow/.local/lib/python3.7/site-packages/airflow/example_dags/example_sensor_decorator.py
[2025-09-02T16:28:31.959+0000] {logging_mixin.py:150} INFO - [2025-09-02T16:28:31.959+0000] {dag.py:2742} INFO - Sync 1 DAGs
[2025-09-02T16:28:31.996+0000] {logging_mixin.py:150} INFO - [2025-09-02T16:28:31.996+0000] {dag.py:3508} INFO - Setting next_dagrun for example_sensor_decorator to None, run_after=None
[2025-09-02T16:28:32.028+0000] {processor.py:179} INFO - Processing /home/airflow/.local/lib/python3.7/site-packages/airflow/example_dags/example_sensor_decorator.py took 0.120 seconds
[2025-09-02T16:29:02.577+0000] {processor.py:157} INFO - Started process (PID=385) to work on /home/airflow/.local/lib/python3.7/site-packages/airflow/example_dags/example_sensor_decorator.py
[2025-09-02T16:29:02.579+0000] {processor.py:826} INFO - Processing file /home/airflow/.local/lib/python3.7/site-packages/airflow/example_dags/example_sensor_decorator.py for tasks to queue
[2025-09-02T16:29:02.580+0000] {logging_mixin.py:150} INFO - [2025-09-02T16:29:02.579+0000] {dagbag.py:541} INFO - Filling up the DagBag from /home/airflow/.local/lib/python3.7/site-packages/airflow/example_dags/example_sensor_decorator.py
[2025-09-02T16:29:02.590+0000] {processor.py:836} INFO - DAG(s) dict_keys(['example_sensor_decorator']) retrieved from /home/airflow/.local/lib/python3.7/site-packages/airflow/example_dags/example_sensor_decorator.py
[2025-09-02T16:29:02.626+0000] {logging_mixin.py:150} INFO - [2025-09-02T16:29:02.626+0000] {dag.py:2742} INFO - Sync 1 DAGs
[2025-09-02T16:29:02.664+0000] {logging_mixin.py:150} INFO - [2025-09-02T16:29:02.664+0000] {dag.py:3508} INFO - Setting next_dagrun for example_sensor_decorator to None, run_after=None
[2025-09-02T16:29:02.696+0000] {processor.py:179} INFO - Processing /home/airflow/.local/lib/python3.7/site-packages/airflow/example_dags/example_sensor_decorator.py took 0.124 seconds
[2025-09-02T16:29:32.931+0000] {processor.py:157} INFO - Started process (PID=445) to work on /home/airflow/.local/lib/python3.7/site-packages/airflow/example_dags/example_sensor_decorator.py
[2025-09-02T16:29:32.933+0000] {processor.py:826} INFO - Processing file /home/airflow/.local/lib/python3.7/site-packages/airflow/example_dags/example_sensor_decorator.py for tasks to queue
[2025-09-02T16:29:32.934+0000] {logging_mixin.py:150} INFO - [2025-09-02T16:29:32.934+0000] {dagbag.py:541} INFO - Filling up the DagBag from /home/airflow/.local/lib/python3.7/site-packages/airflow/example_dags/example_sensor_decorator.py
[2025-09-02T16:29:32.943+0000] {processor.py:836} INFO - DAG(s) dict_keys(['example_sensor_decorator']) retrieved from /home/airflow/.local/lib/python3.7/site-packages/airflow/example_dags/example_sensor_decorator.py
[2025-09-02T16:29:32.974+0000] {logging_mixin.py:150} INFO - [2025-09-02T16:29:32.973+0000] {dag.py:2742} INFO - Sync 1 DAGs
[2025-09-02T16:29:33.011+0000] {logging_mixin.py:150} INFO - [2025-09-02T16:29:33.011+0000] {dag.py:3508} INFO - Setting next_dagrun for example_sensor_decorator to None, run_after=None
[2025-09-02T16:29:33.043+0000] {processor.py:179} INFO - Processing /home/airflow/.local/lib/python3.7/site-packages/airflow/example_dags/example_sensor_decorator.py took 0.117 seconds
[2025-09-02T16:30:04.558+0000] {processor.py:157} INFO - Started process (PID=506) to work on /home/airflow/.local/lib/python3.7/site-packages/airflow/example_dags/example_sensor_decorator.py
[2025-09-02T16:30:04.562+0000] {processor.py:826} INFO - Processing file /home/airflow/.local/lib/python3.7/site-packages/airflow/example_dags/example_sensor_decorator.py for tasks to queue
[2025-09-02T16:30:04.563+0000] {logging_mixin.py:150} INFO - [2025-09-02T16:30:04.563+0000] {dagbag.py:541} INFO - Filling up the DagBag from /home/airflow/.local/lib/python3.7/site-packages/airflow/example_dags/example_sensor_decorator.py
[2025-09-02T16:30:04.578+0000] {processor.py:836} INFO - DAG(s) dict_keys(['example_sensor_decorator']) retrieved from /home/airflow/.local/lib/python3.7/site-packages/airflow/example_dags/example_sensor_decorator.py
[2025-09-02T16:30:04.619+0000] {logging_mixin.py:150} INFO - [2025-09-02T16:30:04.619+0000] {dag.py:2742} INFO - Sync 1 DAGs
[2025-09-02T16:30:04.657+0000] {logging_mixin.py:150} INFO - [2025-09-02T16:30:04.657+0000] {dag.py:3508} INFO - Setting next_dagrun for example_sensor_decorator to None, run_after=None
[2025-09-02T16:30:04.690+0000] {processor.py:179} INFO - Processing /home/airflow/.local/lib/python3.7/site-packages/airflow/example_dags/example_sensor_decorator.py took 0.137 seconds
[2025-09-02T16:30:34.758+0000] {processor.py:157} INFO - Started process (PID=559) to work on /home/airflow/.local/lib/python3.7/site-packages/airflow/example_dags/example_sensor_decorator.py
[2025-09-02T16:30:34.760+0000] {processor.py:826} INFO - Processing file /home/airflow/.local/lib/python3.7/site-packages/airflow/example_dags/example_sensor_decorator.py for tasks to queue
[2025-09-02T16:30:34.760+0000] {logging_mixin.py:150} INFO - [2025-09-02T16:30:34.760+0000] {dagbag.py:541} INFO - Filling up the DagBag from /home/airflow/.local/lib/python3.7/site-packages/airflow/example_dags/example_sensor_decorator.py
[2025-09-02T16:30:34.770+0000] {processor.py:836} INFO - DAG(s) dict_keys(['example_sensor_decorator']) retrieved from /home/airflow/.local/lib/python3.7/site-packages/airflow/example_dags/example_sensor_decorator.py
[2025-09-02T16:30:34.799+0000] {logging_mixin.py:150} INFO - [2025-09-02T16:30:34.799+0000] {dag.py:2742} INFO - Sync 1 DAGs
[2025-09-02T16:30:34.831+0000] {logging_mixin.py:150} INFO - [2025-09-02T16:30:34.831+0000] {dag.py:3508} INFO - Setting next_dagrun for example_sensor_decorator to None, run_after=None
[2025-09-02T16:30:34.858+0000] {processor.py:179} INFO - Processing /home/airflow/.local/lib/python3.7/site-packages/airflow/example_dags/example_sensor_decorator.py took 0.105 seconds
