[2025-09-02T16:13:08.085+0000] {processor.py:157} INFO - Started process (PID=95) to work on /home/airflow/.local/lib/python3.7/site-packages/airflow/example_dags/example_dag_decorator.py
[2025-09-02T16:13:08.086+0000] {processor.py:826} INFO - Processing file /home/airflow/.local/lib/python3.7/site-packages/airflow/example_dags/example_dag_decorator.py for tasks to queue
[2025-09-02T16:13:08.086+0000] {logging_mixin.py:150} INFO - [2025-09-02T16:13:08.086+0000] {dagbag.py:541} INFO - Filling up the DagBag from /home/airflow/.local/lib/python3.7/site-packages/airflow/example_dags/example_dag_decorator.py
[2025-09-02T16:13:08.098+0000] {processor.py:836} INFO - DAG(s) dict_keys(['example_dag_decorator']) retrieved from /home/airflow/.local/lib/python3.7/site-packages/airflow/example_dags/example_dag_decorator.py
[2025-09-02T16:13:08.197+0000] {logging_mixin.py:150} INFO - [2025-09-02T16:13:08.196+0000] {manager.py:504} INFO - Created Permission View: can read on DAG:example_dag_decorator
[2025-09-02T16:13:08.208+0000] {logging_mixin.py:150} INFO - [2025-09-02T16:13:08.208+0000] {manager.py:504} INFO - Created Permission View: can edit on DAG:example_dag_decorator
[2025-09-02T16:13:08.216+0000] {logging_mixin.py:150} INFO - [2025-09-02T16:13:08.216+0000] {manager.py:504} INFO - Created Permission View: can delete on DAG:example_dag_decorator
[2025-09-02T16:13:08.241+0000] {logging_mixin.py:150} INFO - [2025-09-02T16:13:08.241+0000] {dag.py:2742} INFO - Sync 1 DAGs
[2025-09-02T16:13:08.254+0000] {logging_mixin.py:150} INFO - [2025-09-02T16:13:08.253+0000] {dag.py:2763} INFO - Creating ORM DAG for example_dag_decorator
[2025-09-02T16:13:08.269+0000] {logging_mixin.py:150} INFO - [2025-09-02T16:13:08.269+0000] {dag.py:3508} INFO - Setting next_dagrun for example_dag_decorator to None, run_after=None
[2025-09-02T16:13:08.291+0000] {processor.py:179} INFO - Processing /home/airflow/.local/lib/python3.7/site-packages/airflow/example_dags/example_dag_decorator.py took 0.209 seconds
[2025-09-02T16:13:38.614+0000] {processor.py:157} INFO - Started process (PID=156) to work on /home/airflow/.local/lib/python3.7/site-packages/airflow/example_dags/example_dag_decorator.py
[2025-09-02T16:13:38.615+0000] {processor.py:826} INFO - Processing file /home/airflow/.local/lib/python3.7/site-packages/airflow/example_dags/example_dag_decorator.py for tasks to queue
[2025-09-02T16:13:38.616+0000] {logging_mixin.py:150} INFO - [2025-09-02T16:13:38.616+0000] {dagbag.py:541} INFO - Filling up the DagBag from /home/airflow/.local/lib/python3.7/site-packages/airflow/example_dags/example_dag_decorator.py
[2025-09-02T16:13:38.634+0000] {processor.py:836} INFO - DAG(s) dict_keys(['example_dag_decorator']) retrieved from /home/airflow/.local/lib/python3.7/site-packages/airflow/example_dags/example_dag_decorator.py
[2025-09-02T16:13:38.840+0000] {logging_mixin.py:150} INFO - [2025-09-02T16:13:38.839+0000] {dag.py:2742} INFO - Sync 1 DAGs
[2025-09-02T16:13:38.880+0000] {logging_mixin.py:150} INFO - [2025-09-02T16:13:38.879+0000] {dag.py:3508} INFO - Setting next_dagrun for example_dag_decorator to None, run_after=None
[2025-09-02T16:13:38.934+0000] {processor.py:179} INFO - Processing /home/airflow/.local/lib/python3.7/site-packages/airflow/example_dags/example_dag_decorator.py took 0.325 seconds
[2025-09-02T16:14:09.403+0000] {processor.py:157} INFO - Started process (PID=216) to work on /home/airflow/.local/lib/python3.7/site-packages/airflow/example_dags/example_dag_decorator.py
[2025-09-02T16:14:09.404+0000] {processor.py:826} INFO - Processing file /home/airflow/.local/lib/python3.7/site-packages/airflow/example_dags/example_dag_decorator.py for tasks to queue
[2025-09-02T16:14:09.404+0000] {logging_mixin.py:150} INFO - [2025-09-02T16:14:09.404+0000] {dagbag.py:541} INFO - Filling up the DagBag from /home/airflow/.local/lib/python3.7/site-packages/airflow/example_dags/example_dag_decorator.py
[2025-09-02T16:14:09.421+0000] {processor.py:836} INFO - DAG(s) dict_keys(['example_dag_decorator']) retrieved from /home/airflow/.local/lib/python3.7/site-packages/airflow/example_dags/example_dag_decorator.py
[2025-09-02T16:14:09.615+0000] {logging_mixin.py:150} INFO - [2025-09-02T16:14:09.615+0000] {dag.py:2742} INFO - Sync 1 DAGs
[2025-09-02T16:14:09.649+0000] {logging_mixin.py:150} INFO - [2025-09-02T16:14:09.648+0000] {dag.py:3508} INFO - Setting next_dagrun for example_dag_decorator to None, run_after=None
[2025-09-02T16:14:09.676+0000] {processor.py:179} INFO - Processing /home/airflow/.local/lib/python3.7/site-packages/airflow/example_dags/example_dag_decorator.py took 0.278 seconds
[2025-09-02T16:14:40.077+0000] {processor.py:157} INFO - Started process (PID=276) to work on /home/airflow/.local/lib/python3.7/site-packages/airflow/example_dags/example_dag_decorator.py
[2025-09-02T16:14:40.078+0000] {processor.py:826} INFO - Processing file /home/airflow/.local/lib/python3.7/site-packages/airflow/example_dags/example_dag_decorator.py for tasks to queue
[2025-09-02T16:14:40.078+0000] {logging_mixin.py:150} INFO - [2025-09-02T16:14:40.078+0000] {dagbag.py:541} INFO - Filling up the DagBag from /home/airflow/.local/lib/python3.7/site-packages/airflow/example_dags/example_dag_decorator.py
[2025-09-02T16:14:40.096+0000] {processor.py:836} INFO - DAG(s) dict_keys(['example_dag_decorator']) retrieved from /home/airflow/.local/lib/python3.7/site-packages/airflow/example_dags/example_dag_decorator.py
[2025-09-02T16:14:40.281+0000] {logging_mixin.py:150} INFO - [2025-09-02T16:14:40.281+0000] {dag.py:2742} INFO - Sync 1 DAGs
[2025-09-02T16:14:40.313+0000] {logging_mixin.py:150} INFO - [2025-09-02T16:14:40.313+0000] {dag.py:3508} INFO - Setting next_dagrun for example_dag_decorator to None, run_after=None
[2025-09-02T16:14:40.339+0000] {processor.py:179} INFO - Processing /home/airflow/.local/lib/python3.7/site-packages/airflow/example_dags/example_dag_decorator.py took 0.266 seconds
[2025-09-02T16:15:11.922+0000] {processor.py:157} INFO - Started process (PID=336) to work on /home/airflow/.local/lib/python3.7/site-packages/airflow/example_dags/example_dag_decorator.py
[2025-09-02T16:15:11.924+0000] {processor.py:826} INFO - Processing file /home/airflow/.local/lib/python3.7/site-packages/airflow/example_dags/example_dag_decorator.py for tasks to queue
[2025-09-02T16:15:11.925+0000] {logging_mixin.py:150} INFO - [2025-09-02T16:15:11.924+0000] {dagbag.py:541} INFO - Filling up the DagBag from /home/airflow/.local/lib/python3.7/site-packages/airflow/example_dags/example_dag_decorator.py
[2025-09-02T16:15:11.942+0000] {processor.py:836} INFO - DAG(s) dict_keys(['example_dag_decorator']) retrieved from /home/airflow/.local/lib/python3.7/site-packages/airflow/example_dags/example_dag_decorator.py
[2025-09-02T16:15:12.148+0000] {logging_mixin.py:150} INFO - [2025-09-02T16:15:12.148+0000] {dag.py:2742} INFO - Sync 1 DAGs
[2025-09-02T16:15:12.173+0000] {logging_mixin.py:150} INFO - [2025-09-02T16:15:12.173+0000] {dag.py:3508} INFO - Setting next_dagrun for example_dag_decorator to None, run_after=None
[2025-09-02T16:15:12.199+0000] {processor.py:179} INFO - Processing /home/airflow/.local/lib/python3.7/site-packages/airflow/example_dags/example_dag_decorator.py took 0.282 seconds
[2025-09-02T16:15:43.024+0000] {processor.py:157} INFO - Started process (PID=396) to work on /home/airflow/.local/lib/python3.7/site-packages/airflow/example_dags/example_dag_decorator.py
[2025-09-02T16:15:43.025+0000] {processor.py:826} INFO - Processing file /home/airflow/.local/lib/python3.7/site-packages/airflow/example_dags/example_dag_decorator.py for tasks to queue
[2025-09-02T16:15:43.026+0000] {logging_mixin.py:150} INFO - [2025-09-02T16:15:43.026+0000] {dagbag.py:541} INFO - Filling up the DagBag from /home/airflow/.local/lib/python3.7/site-packages/airflow/example_dags/example_dag_decorator.py
[2025-09-02T16:15:43.047+0000] {processor.py:836} INFO - DAG(s) dict_keys(['example_dag_decorator']) retrieved from /home/airflow/.local/lib/python3.7/site-packages/airflow/example_dags/example_dag_decorator.py
[2025-09-02T16:15:43.290+0000] {logging_mixin.py:150} INFO - [2025-09-02T16:15:43.290+0000] {dag.py:2742} INFO - Sync 1 DAGs
[2025-09-02T16:15:43.325+0000] {logging_mixin.py:150} INFO - [2025-09-02T16:15:43.325+0000] {dag.py:3508} INFO - Setting next_dagrun for example_dag_decorator to None, run_after=None
[2025-09-02T16:15:43.363+0000] {processor.py:179} INFO - Processing /home/airflow/.local/lib/python3.7/site-packages/airflow/example_dags/example_dag_decorator.py took 0.345 seconds
[2025-09-02T16:16:13.984+0000] {processor.py:157} INFO - Started process (PID=456) to work on /home/airflow/.local/lib/python3.7/site-packages/airflow/example_dags/example_dag_decorator.py
[2025-09-02T16:16:13.985+0000] {processor.py:826} INFO - Processing file /home/airflow/.local/lib/python3.7/site-packages/airflow/example_dags/example_dag_decorator.py for tasks to queue
[2025-09-02T16:16:13.986+0000] {logging_mixin.py:150} INFO - [2025-09-02T16:16:13.986+0000] {dagbag.py:541} INFO - Filling up the DagBag from /home/airflow/.local/lib/python3.7/site-packages/airflow/example_dags/example_dag_decorator.py
[2025-09-02T16:16:14.005+0000] {processor.py:836} INFO - DAG(s) dict_keys(['example_dag_decorator']) retrieved from /home/airflow/.local/lib/python3.7/site-packages/airflow/example_dags/example_dag_decorator.py
[2025-09-02T16:16:14.217+0000] {logging_mixin.py:150} INFO - [2025-09-02T16:16:14.217+0000] {dag.py:2742} INFO - Sync 1 DAGs
[2025-09-02T16:16:14.249+0000] {logging_mixin.py:150} INFO - [2025-09-02T16:16:14.249+0000] {dag.py:3508} INFO - Setting next_dagrun for example_dag_decorator to None, run_after=None
[2025-09-02T16:16:14.275+0000] {processor.py:179} INFO - Processing /home/airflow/.local/lib/python3.7/site-packages/airflow/example_dags/example_dag_decorator.py took 0.296 seconds
[2025-09-02T16:16:45.113+0000] {processor.py:157} INFO - Started process (PID=516) to work on /home/airflow/.local/lib/python3.7/site-packages/airflow/example_dags/example_dag_decorator.py
[2025-09-02T16:16:45.114+0000] {processor.py:826} INFO - Processing file /home/airflow/.local/lib/python3.7/site-packages/airflow/example_dags/example_dag_decorator.py for tasks to queue
[2025-09-02T16:16:45.115+0000] {logging_mixin.py:150} INFO - [2025-09-02T16:16:45.115+0000] {dagbag.py:541} INFO - Filling up the DagBag from /home/airflow/.local/lib/python3.7/site-packages/airflow/example_dags/example_dag_decorator.py
[2025-09-02T16:16:45.133+0000] {processor.py:836} INFO - DAG(s) dict_keys(['example_dag_decorator']) retrieved from /home/airflow/.local/lib/python3.7/site-packages/airflow/example_dags/example_dag_decorator.py
[2025-09-02T16:16:45.352+0000] {logging_mixin.py:150} INFO - [2025-09-02T16:16:45.352+0000] {dag.py:2742} INFO - Sync 1 DAGs
[2025-09-02T16:16:45.384+0000] {logging_mixin.py:150} INFO - [2025-09-02T16:16:45.384+0000] {dag.py:3508} INFO - Setting next_dagrun for example_dag_decorator to None, run_after=None
[2025-09-02T16:16:45.412+0000] {processor.py:179} INFO - Processing /home/airflow/.local/lib/python3.7/site-packages/airflow/example_dags/example_dag_decorator.py took 0.302 seconds
[2025-09-02T16:17:24.414+0000] {processor.py:157} INFO - Started process (PID=576) to work on /home/airflow/.local/lib/python3.7/site-packages/airflow/example_dags/example_dag_decorator.py
[2025-09-02T16:17:24.417+0000] {processor.py:826} INFO - Processing file /home/airflow/.local/lib/python3.7/site-packages/airflow/example_dags/example_dag_decorator.py for tasks to queue
[2025-09-02T16:17:24.419+0000] {logging_mixin.py:150} INFO - [2025-09-02T16:17:24.419+0000] {dagbag.py:541} INFO - Filling up the DagBag from /home/airflow/.local/lib/python3.7/site-packages/airflow/example_dags/example_dag_decorator.py
[2025-09-02T16:17:24.461+0000] {processor.py:836} INFO - DAG(s) dict_keys(['example_dag_decorator']) retrieved from /home/airflow/.local/lib/python3.7/site-packages/airflow/example_dags/example_dag_decorator.py
[2025-09-02T16:17:24.903+0000] {logging_mixin.py:150} INFO - [2025-09-02T16:17:24.902+0000] {dag.py:2742} INFO - Sync 1 DAGs
[2025-09-02T16:17:24.951+0000] {logging_mixin.py:150} INFO - [2025-09-02T16:17:24.951+0000] {dag.py:3508} INFO - Setting next_dagrun for example_dag_decorator to None, run_after=None
[2025-09-02T16:17:25.008+0000] {processor.py:179} INFO - Processing /home/airflow/.local/lib/python3.7/site-packages/airflow/example_dags/example_dag_decorator.py took 0.600 seconds
[2025-09-02T16:17:55.570+0000] {processor.py:157} INFO - Started process (PID=636) to work on /home/airflow/.local/lib/python3.7/site-packages/airflow/example_dags/example_dag_decorator.py
[2025-09-02T16:17:55.571+0000] {processor.py:826} INFO - Processing file /home/airflow/.local/lib/python3.7/site-packages/airflow/example_dags/example_dag_decorator.py for tasks to queue
[2025-09-02T16:17:55.572+0000] {logging_mixin.py:150} INFO - [2025-09-02T16:17:55.572+0000] {dagbag.py:541} INFO - Filling up the DagBag from /home/airflow/.local/lib/python3.7/site-packages/airflow/example_dags/example_dag_decorator.py
[2025-09-02T16:17:55.586+0000] {processor.py:836} INFO - DAG(s) dict_keys(['example_dag_decorator']) retrieved from /home/airflow/.local/lib/python3.7/site-packages/airflow/example_dags/example_dag_decorator.py
[2025-09-02T16:17:55.727+0000] {logging_mixin.py:150} INFO - [2025-09-02T16:17:55.727+0000] {dag.py:2742} INFO - Sync 1 DAGs
[2025-09-02T16:17:55.750+0000] {logging_mixin.py:150} INFO - [2025-09-02T16:17:55.750+0000] {dag.py:3508} INFO - Setting next_dagrun for example_dag_decorator to None, run_after=None
[2025-09-02T16:17:55.769+0000] {processor.py:179} INFO - Processing /home/airflow/.local/lib/python3.7/site-packages/airflow/example_dags/example_dag_decorator.py took 0.205 seconds
[2025-09-02T16:18:25.922+0000] {processor.py:157} INFO - Started process (PID=697) to work on /home/airflow/.local/lib/python3.7/site-packages/airflow/example_dags/example_dag_decorator.py
[2025-09-02T16:18:25.924+0000] {processor.py:826} INFO - Processing file /home/airflow/.local/lib/python3.7/site-packages/airflow/example_dags/example_dag_decorator.py for tasks to queue
[2025-09-02T16:18:25.925+0000] {logging_mixin.py:150} INFO - [2025-09-02T16:18:25.925+0000] {dagbag.py:541} INFO - Filling up the DagBag from /home/airflow/.local/lib/python3.7/site-packages/airflow/example_dags/example_dag_decorator.py
[2025-09-02T16:18:25.941+0000] {processor.py:836} INFO - DAG(s) dict_keys(['example_dag_decorator']) retrieved from /home/airflow/.local/lib/python3.7/site-packages/airflow/example_dags/example_dag_decorator.py
[2025-09-02T16:18:26.116+0000] {logging_mixin.py:150} INFO - [2025-09-02T16:18:26.116+0000] {dag.py:2742} INFO - Sync 1 DAGs
[2025-09-02T16:18:26.149+0000] {logging_mixin.py:150} INFO - [2025-09-02T16:18:26.149+0000] {dag.py:3508} INFO - Setting next_dagrun for example_dag_decorator to None, run_after=None
[2025-09-02T16:18:26.189+0000] {processor.py:179} INFO - Processing /home/airflow/.local/lib/python3.7/site-packages/airflow/example_dags/example_dag_decorator.py took 0.272 seconds
[2025-09-02T16:18:56.285+0000] {processor.py:157} INFO - Started process (PID=757) to work on /home/airflow/.local/lib/python3.7/site-packages/airflow/example_dags/example_dag_decorator.py
[2025-09-02T16:18:56.286+0000] {processor.py:826} INFO - Processing file /home/airflow/.local/lib/python3.7/site-packages/airflow/example_dags/example_dag_decorator.py for tasks to queue
[2025-09-02T16:18:56.286+0000] {logging_mixin.py:150} INFO - [2025-09-02T16:18:56.286+0000] {dagbag.py:541} INFO - Filling up the DagBag from /home/airflow/.local/lib/python3.7/site-packages/airflow/example_dags/example_dag_decorator.py
[2025-09-02T16:18:56.302+0000] {processor.py:836} INFO - DAG(s) dict_keys(['example_dag_decorator']) retrieved from /home/airflow/.local/lib/python3.7/site-packages/airflow/example_dags/example_dag_decorator.py
[2025-09-02T16:18:56.439+0000] {logging_mixin.py:150} INFO - [2025-09-02T16:18:56.439+0000] {dag.py:2742} INFO - Sync 1 DAGs
[2025-09-02T16:18:56.461+0000] {logging_mixin.py:150} INFO - [2025-09-02T16:18:56.461+0000] {dag.py:3508} INFO - Setting next_dagrun for example_dag_decorator to None, run_after=None
[2025-09-02T16:18:56.481+0000] {processor.py:179} INFO - Processing /home/airflow/.local/lib/python3.7/site-packages/airflow/example_dags/example_dag_decorator.py took 0.200 seconds
[2025-09-02T16:19:28.339+0000] {processor.py:157} INFO - Started process (PID=818) to work on /home/airflow/.local/lib/python3.7/site-packages/airflow/example_dags/example_dag_decorator.py
[2025-09-02T16:19:28.341+0000] {processor.py:826} INFO - Processing file /home/airflow/.local/lib/python3.7/site-packages/airflow/example_dags/example_dag_decorator.py for tasks to queue
[2025-09-02T16:19:28.342+0000] {logging_mixin.py:150} INFO - [2025-09-02T16:19:28.342+0000] {dagbag.py:541} INFO - Filling up the DagBag from /home/airflow/.local/lib/python3.7/site-packages/airflow/example_dags/example_dag_decorator.py
[2025-09-02T16:19:28.361+0000] {processor.py:836} INFO - DAG(s) dict_keys(['example_dag_decorator']) retrieved from /home/airflow/.local/lib/python3.7/site-packages/airflow/example_dags/example_dag_decorator.py
[2025-09-02T16:19:28.557+0000] {logging_mixin.py:150} INFO - [2025-09-02T16:19:28.557+0000] {dag.py:2742} INFO - Sync 1 DAGs
[2025-09-02T16:19:28.588+0000] {logging_mixin.py:150} INFO - [2025-09-02T16:19:28.588+0000] {dag.py:3508} INFO - Setting next_dagrun for example_dag_decorator to None, run_after=None
[2025-09-02T16:19:28.614+0000] {processor.py:179} INFO - Processing /home/airflow/.local/lib/python3.7/site-packages/airflow/example_dags/example_dag_decorator.py took 0.281 seconds
[2025-09-02T16:19:59.882+0000] {processor.py:157} INFO - Started process (PID=876) to work on /home/airflow/.local/lib/python3.7/site-packages/airflow/example_dags/example_dag_decorator.py
[2025-09-02T16:19:59.883+0000] {processor.py:826} INFO - Processing file /home/airflow/.local/lib/python3.7/site-packages/airflow/example_dags/example_dag_decorator.py for tasks to queue
[2025-09-02T16:19:59.884+0000] {logging_mixin.py:150} INFO - [2025-09-02T16:19:59.884+0000] {dagbag.py:541} INFO - Filling up the DagBag from /home/airflow/.local/lib/python3.7/site-packages/airflow/example_dags/example_dag_decorator.py
[2025-09-02T16:19:59.913+0000] {processor.py:836} INFO - DAG(s) dict_keys(['example_dag_decorator']) retrieved from /home/airflow/.local/lib/python3.7/site-packages/airflow/example_dags/example_dag_decorator.py
[2025-09-02T16:20:00.194+0000] {logging_mixin.py:150} INFO - [2025-09-02T16:20:00.194+0000] {dag.py:2742} INFO - Sync 1 DAGs
[2025-09-02T16:20:00.238+0000] {logging_mixin.py:150} INFO - [2025-09-02T16:20:00.238+0000] {dag.py:3508} INFO - Setting next_dagrun for example_dag_decorator to None, run_after=None
[2025-09-02T16:20:00.281+0000] {processor.py:179} INFO - Processing /home/airflow/.local/lib/python3.7/site-packages/airflow/example_dags/example_dag_decorator.py took 0.404 seconds
[2025-09-02T16:20:30.847+0000] {processor.py:157} INFO - Started process (PID=936) to work on /home/airflow/.local/lib/python3.7/site-packages/airflow/example_dags/example_dag_decorator.py
[2025-09-02T16:20:30.848+0000] {processor.py:826} INFO - Processing file /home/airflow/.local/lib/python3.7/site-packages/airflow/example_dags/example_dag_decorator.py for tasks to queue
[2025-09-02T16:20:30.849+0000] {logging_mixin.py:150} INFO - [2025-09-02T16:20:30.848+0000] {dagbag.py:541} INFO - Filling up the DagBag from /home/airflow/.local/lib/python3.7/site-packages/airflow/example_dags/example_dag_decorator.py
[2025-09-02T16:20:30.867+0000] {processor.py:836} INFO - DAG(s) dict_keys(['example_dag_decorator']) retrieved from /home/airflow/.local/lib/python3.7/site-packages/airflow/example_dags/example_dag_decorator.py
[2025-09-02T16:20:31.075+0000] {logging_mixin.py:150} INFO - [2025-09-02T16:20:31.075+0000] {dag.py:2742} INFO - Sync 1 DAGs
[2025-09-02T16:20:31.106+0000] {logging_mixin.py:150} INFO - [2025-09-02T16:20:31.106+0000] {dag.py:3508} INFO - Setting next_dagrun for example_dag_decorator to None, run_after=None
[2025-09-02T16:20:31.133+0000] {processor.py:179} INFO - Processing /home/airflow/.local/lib/python3.7/site-packages/airflow/example_dags/example_dag_decorator.py took 0.290 seconds
[2025-09-02T16:21:02.166+0000] {processor.py:157} INFO - Started process (PID=996) to work on /home/airflow/.local/lib/python3.7/site-packages/airflow/example_dags/example_dag_decorator.py
[2025-09-02T16:21:02.167+0000] {processor.py:826} INFO - Processing file /home/airflow/.local/lib/python3.7/site-packages/airflow/example_dags/example_dag_decorator.py for tasks to queue
[2025-09-02T16:21:02.168+0000] {logging_mixin.py:150} INFO - [2025-09-02T16:21:02.168+0000] {dagbag.py:541} INFO - Filling up the DagBag from /home/airflow/.local/lib/python3.7/site-packages/airflow/example_dags/example_dag_decorator.py
[2025-09-02T16:21:02.184+0000] {processor.py:836} INFO - DAG(s) dict_keys(['example_dag_decorator']) retrieved from /home/airflow/.local/lib/python3.7/site-packages/airflow/example_dags/example_dag_decorator.py
[2025-09-02T16:21:02.366+0000] {logging_mixin.py:150} INFO - [2025-09-02T16:21:02.365+0000] {dag.py:2742} INFO - Sync 1 DAGs
[2025-09-02T16:21:02.399+0000] {logging_mixin.py:150} INFO - [2025-09-02T16:21:02.399+0000] {dag.py:3508} INFO - Setting next_dagrun for example_dag_decorator to None, run_after=None
[2025-09-02T16:21:02.433+0000] {processor.py:179} INFO - Processing /home/airflow/.local/lib/python3.7/site-packages/airflow/example_dags/example_dag_decorator.py took 0.271 seconds
[2025-09-02T16:21:33.167+0000] {processor.py:157} INFO - Started process (PID=1056) to work on /home/airflow/.local/lib/python3.7/site-packages/airflow/example_dags/example_dag_decorator.py
[2025-09-02T16:21:33.168+0000] {processor.py:826} INFO - Processing file /home/airflow/.local/lib/python3.7/site-packages/airflow/example_dags/example_dag_decorator.py for tasks to queue
[2025-09-02T16:21:33.169+0000] {logging_mixin.py:150} INFO - [2025-09-02T16:21:33.169+0000] {dagbag.py:541} INFO - Filling up the DagBag from /home/airflow/.local/lib/python3.7/site-packages/airflow/example_dags/example_dag_decorator.py
[2025-09-02T16:21:33.186+0000] {processor.py:836} INFO - DAG(s) dict_keys(['example_dag_decorator']) retrieved from /home/airflow/.local/lib/python3.7/site-packages/airflow/example_dags/example_dag_decorator.py
[2025-09-02T16:21:33.371+0000] {logging_mixin.py:150} INFO - [2025-09-02T16:21:33.371+0000] {dag.py:2742} INFO - Sync 1 DAGs
[2025-09-02T16:21:33.403+0000] {logging_mixin.py:150} INFO - [2025-09-02T16:21:33.403+0000] {dag.py:3508} INFO - Setting next_dagrun for example_dag_decorator to None, run_after=None
[2025-09-02T16:21:33.435+0000] {processor.py:179} INFO - Processing /home/airflow/.local/lib/python3.7/site-packages/airflow/example_dags/example_dag_decorator.py took 0.272 seconds
[2025-09-02T16:22:04.840+0000] {processor.py:157} INFO - Started process (PID=1116) to work on /home/airflow/.local/lib/python3.7/site-packages/airflow/example_dags/example_dag_decorator.py
[2025-09-02T16:22:04.841+0000] {processor.py:826} INFO - Processing file /home/airflow/.local/lib/python3.7/site-packages/airflow/example_dags/example_dag_decorator.py for tasks to queue
[2025-09-02T16:22:04.843+0000] {logging_mixin.py:150} INFO - [2025-09-02T16:22:04.842+0000] {dagbag.py:541} INFO - Filling up the DagBag from /home/airflow/.local/lib/python3.7/site-packages/airflow/example_dags/example_dag_decorator.py
[2025-09-02T16:22:04.867+0000] {processor.py:836} INFO - DAG(s) dict_keys(['example_dag_decorator']) retrieved from /home/airflow/.local/lib/python3.7/site-packages/airflow/example_dags/example_dag_decorator.py
[2025-09-02T16:22:05.065+0000] {logging_mixin.py:150} INFO - [2025-09-02T16:22:05.065+0000] {dag.py:2742} INFO - Sync 1 DAGs
[2025-09-02T16:22:05.098+0000] {logging_mixin.py:150} INFO - [2025-09-02T16:22:05.098+0000] {dag.py:3508} INFO - Setting next_dagrun for example_dag_decorator to None, run_after=None
[2025-09-02T16:22:05.125+0000] {processor.py:179} INFO - Processing /home/airflow/.local/lib/python3.7/site-packages/airflow/example_dags/example_dag_decorator.py took 0.291 seconds
[2025-09-02T16:22:36.126+0000] {processor.py:157} INFO - Started process (PID=1176) to work on /home/airflow/.local/lib/python3.7/site-packages/airflow/example_dags/example_dag_decorator.py
[2025-09-02T16:22:36.128+0000] {processor.py:826} INFO - Processing file /home/airflow/.local/lib/python3.7/site-packages/airflow/example_dags/example_dag_decorator.py for tasks to queue
[2025-09-02T16:22:36.129+0000] {logging_mixin.py:150} INFO - [2025-09-02T16:22:36.129+0000] {dagbag.py:541} INFO - Filling up the DagBag from /home/airflow/.local/lib/python3.7/site-packages/airflow/example_dags/example_dag_decorator.py
[2025-09-02T16:22:36.152+0000] {processor.py:836} INFO - DAG(s) dict_keys(['example_dag_decorator']) retrieved from /home/airflow/.local/lib/python3.7/site-packages/airflow/example_dags/example_dag_decorator.py
[2025-09-02T16:22:36.388+0000] {logging_mixin.py:150} INFO - [2025-09-02T16:22:36.388+0000] {dag.py:2742} INFO - Sync 1 DAGs
[2025-09-02T16:22:36.425+0000] {logging_mixin.py:150} INFO - [2025-09-02T16:22:36.424+0000] {dag.py:3508} INFO - Setting next_dagrun for example_dag_decorator to None, run_after=None
[2025-09-02T16:22:36.463+0000] {processor.py:179} INFO - Processing /home/airflow/.local/lib/python3.7/site-packages/airflow/example_dags/example_dag_decorator.py took 0.342 seconds
[2025-09-02T16:23:07.702+0000] {processor.py:157} INFO - Started process (PID=1244) to work on /home/airflow/.local/lib/python3.7/site-packages/airflow/example_dags/example_dag_decorator.py
[2025-09-02T16:23:07.703+0000] {processor.py:826} INFO - Processing file /home/airflow/.local/lib/python3.7/site-packages/airflow/example_dags/example_dag_decorator.py for tasks to queue
[2025-09-02T16:23:07.704+0000] {logging_mixin.py:150} INFO - [2025-09-02T16:23:07.703+0000] {dagbag.py:541} INFO - Filling up the DagBag from /home/airflow/.local/lib/python3.7/site-packages/airflow/example_dags/example_dag_decorator.py
[2025-09-02T16:23:07.720+0000] {processor.py:836} INFO - DAG(s) dict_keys(['example_dag_decorator']) retrieved from /home/airflow/.local/lib/python3.7/site-packages/airflow/example_dags/example_dag_decorator.py
[2025-09-02T16:23:07.905+0000] {logging_mixin.py:150} INFO - [2025-09-02T16:23:07.905+0000] {dag.py:2742} INFO - Sync 1 DAGs
[2025-09-02T16:23:07.939+0000] {logging_mixin.py:150} INFO - [2025-09-02T16:23:07.939+0000] {dag.py:3508} INFO - Setting next_dagrun for example_dag_decorator to None, run_after=None
[2025-09-02T16:23:07.968+0000] {processor.py:179} INFO - Processing /home/airflow/.local/lib/python3.7/site-packages/airflow/example_dags/example_dag_decorator.py took 0.270 seconds
[2025-09-02T16:23:38.418+0000] {processor.py:157} INFO - Started process (PID=1304) to work on /home/airflow/.local/lib/python3.7/site-packages/airflow/example_dags/example_dag_decorator.py
[2025-09-02T16:23:38.420+0000] {processor.py:826} INFO - Processing file /home/airflow/.local/lib/python3.7/site-packages/airflow/example_dags/example_dag_decorator.py for tasks to queue
[2025-09-02T16:23:38.421+0000] {logging_mixin.py:150} INFO - [2025-09-02T16:23:38.421+0000] {dagbag.py:541} INFO - Filling up the DagBag from /home/airflow/.local/lib/python3.7/site-packages/airflow/example_dags/example_dag_decorator.py
[2025-09-02T16:23:38.441+0000] {processor.py:836} INFO - DAG(s) dict_keys(['example_dag_decorator']) retrieved from /home/airflow/.local/lib/python3.7/site-packages/airflow/example_dags/example_dag_decorator.py
[2025-09-02T16:23:38.636+0000] {logging_mixin.py:150} INFO - [2025-09-02T16:23:38.636+0000] {dag.py:2742} INFO - Sync 1 DAGs
[2025-09-02T16:23:38.669+0000] {logging_mixin.py:150} INFO - [2025-09-02T16:23:38.669+0000] {dag.py:3508} INFO - Setting next_dagrun for example_dag_decorator to None, run_after=None
[2025-09-02T16:23:38.700+0000] {processor.py:179} INFO - Processing /home/airflow/.local/lib/python3.7/site-packages/airflow/example_dags/example_dag_decorator.py took 0.287 seconds
[2025-09-02T16:24:09.557+0000] {processor.py:157} INFO - Started process (PID=1363) to work on /home/airflow/.local/lib/python3.7/site-packages/airflow/example_dags/example_dag_decorator.py
[2025-09-02T16:24:09.557+0000] {processor.py:826} INFO - Processing file /home/airflow/.local/lib/python3.7/site-packages/airflow/example_dags/example_dag_decorator.py for tasks to queue
[2025-09-02T16:24:09.558+0000] {logging_mixin.py:150} INFO - [2025-09-02T16:24:09.558+0000] {dagbag.py:541} INFO - Filling up the DagBag from /home/airflow/.local/lib/python3.7/site-packages/airflow/example_dags/example_dag_decorator.py
[2025-09-02T16:24:09.574+0000] {processor.py:836} INFO - DAG(s) dict_keys(['example_dag_decorator']) retrieved from /home/airflow/.local/lib/python3.7/site-packages/airflow/example_dags/example_dag_decorator.py
[2025-09-02T16:24:09.787+0000] {logging_mixin.py:150} INFO - [2025-09-02T16:24:09.787+0000] {dag.py:2742} INFO - Sync 1 DAGs
[2025-09-02T16:24:09.823+0000] {logging_mixin.py:150} INFO - [2025-09-02T16:24:09.823+0000] {dag.py:3508} INFO - Setting next_dagrun for example_dag_decorator to None, run_after=None
[2025-09-02T16:24:09.851+0000] {processor.py:179} INFO - Processing /home/airflow/.local/lib/python3.7/site-packages/airflow/example_dags/example_dag_decorator.py took 0.299 seconds
[2025-09-02T16:26:42.537+0000] {processor.py:157} INFO - Started process (PID=109) to work on /home/airflow/.local/lib/python3.7/site-packages/airflow/example_dags/example_dag_decorator.py
[2025-09-02T16:26:42.539+0000] {processor.py:826} INFO - Processing file /home/airflow/.local/lib/python3.7/site-packages/airflow/example_dags/example_dag_decorator.py for tasks to queue
[2025-09-02T16:26:42.540+0000] {logging_mixin.py:150} INFO - [2025-09-02T16:26:42.539+0000] {dagbag.py:541} INFO - Filling up the DagBag from /home/airflow/.local/lib/python3.7/site-packages/airflow/example_dags/example_dag_decorator.py
[2025-09-02T16:26:42.589+0000] {processor.py:836} INFO - DAG(s) dict_keys(['example_dag_decorator']) retrieved from /home/airflow/.local/lib/python3.7/site-packages/airflow/example_dags/example_dag_decorator.py
[2025-09-02T16:26:43.335+0000] {logging_mixin.py:150} INFO - [2025-09-02T16:26:43.335+0000] {dag.py:2742} INFO - Sync 1 DAGs
[2025-09-02T16:26:43.432+0000] {logging_mixin.py:150} INFO - [2025-09-02T16:26:43.431+0000] {dag.py:3508} INFO - Setting next_dagrun for example_dag_decorator to None, run_after=None
[2025-09-02T16:26:43.544+0000] {processor.py:179} INFO - Processing /home/airflow/.local/lib/python3.7/site-packages/airflow/example_dags/example_dag_decorator.py took 1.012 seconds
[2025-09-02T16:27:13.667+0000] {processor.py:157} INFO - Started process (PID=170) to work on /home/airflow/.local/lib/python3.7/site-packages/airflow/example_dags/example_dag_decorator.py
[2025-09-02T16:27:13.668+0000] {processor.py:826} INFO - Processing file /home/airflow/.local/lib/python3.7/site-packages/airflow/example_dags/example_dag_decorator.py for tasks to queue
[2025-09-02T16:27:13.669+0000] {logging_mixin.py:150} INFO - [2025-09-02T16:27:13.669+0000] {dagbag.py:541} INFO - Filling up the DagBag from /home/airflow/.local/lib/python3.7/site-packages/airflow/example_dags/example_dag_decorator.py
[2025-09-02T16:27:13.695+0000] {processor.py:836} INFO - DAG(s) dict_keys(['example_dag_decorator']) retrieved from /home/airflow/.local/lib/python3.7/site-packages/airflow/example_dags/example_dag_decorator.py
[2025-09-02T16:27:13.981+0000] {logging_mixin.py:150} INFO - [2025-09-02T16:27:13.980+0000] {dag.py:2742} INFO - Sync 1 DAGs
[2025-09-02T16:27:14.014+0000] {logging_mixin.py:150} INFO - [2025-09-02T16:27:14.014+0000] {dag.py:3508} INFO - Setting next_dagrun for example_dag_decorator to None, run_after=None
[2025-09-02T16:27:14.043+0000] {processor.py:179} INFO - Processing /home/airflow/.local/lib/python3.7/site-packages/airflow/example_dags/example_dag_decorator.py took 0.380 seconds
[2025-09-02T16:27:44.880+0000] {processor.py:157} INFO - Started process (PID=230) to work on /home/airflow/.local/lib/python3.7/site-packages/airflow/example_dags/example_dag_decorator.py
[2025-09-02T16:27:44.882+0000] {processor.py:826} INFO - Processing file /home/airflow/.local/lib/python3.7/site-packages/airflow/example_dags/example_dag_decorator.py for tasks to queue
[2025-09-02T16:27:44.884+0000] {logging_mixin.py:150} INFO - [2025-09-02T16:27:44.883+0000] {dagbag.py:541} INFO - Filling up the DagBag from /home/airflow/.local/lib/python3.7/site-packages/airflow/example_dags/example_dag_decorator.py
[2025-09-02T16:27:44.907+0000] {processor.py:836} INFO - DAG(s) dict_keys(['example_dag_decorator']) retrieved from /home/airflow/.local/lib/python3.7/site-packages/airflow/example_dags/example_dag_decorator.py
[2025-09-02T16:27:45.119+0000] {logging_mixin.py:150} INFO - [2025-09-02T16:27:45.119+0000] {dag.py:2742} INFO - Sync 1 DAGs
[2025-09-02T16:27:45.154+0000] {logging_mixin.py:150} INFO - [2025-09-02T16:27:45.154+0000] {dag.py:3508} INFO - Setting next_dagrun for example_dag_decorator to None, run_after=None
[2025-09-02T16:27:45.189+0000] {processor.py:179} INFO - Processing /home/airflow/.local/lib/python3.7/site-packages/airflow/example_dags/example_dag_decorator.py took 0.315 seconds
[2025-09-02T16:28:15.265+0000] {processor.py:157} INFO - Started process (PID=290) to work on /home/airflow/.local/lib/python3.7/site-packages/airflow/example_dags/example_dag_decorator.py
[2025-09-02T16:28:15.266+0000] {processor.py:826} INFO - Processing file /home/airflow/.local/lib/python3.7/site-packages/airflow/example_dags/example_dag_decorator.py for tasks to queue
[2025-09-02T16:28:15.267+0000] {logging_mixin.py:150} INFO - [2025-09-02T16:28:15.267+0000] {dagbag.py:541} INFO - Filling up the DagBag from /home/airflow/.local/lib/python3.7/site-packages/airflow/example_dags/example_dag_decorator.py
[2025-09-02T16:28:15.283+0000] {processor.py:836} INFO - DAG(s) dict_keys(['example_dag_decorator']) retrieved from /home/airflow/.local/lib/python3.7/site-packages/airflow/example_dags/example_dag_decorator.py
[2025-09-02T16:28:15.487+0000] {logging_mixin.py:150} INFO - [2025-09-02T16:28:15.486+0000] {dag.py:2742} INFO - Sync 1 DAGs
[2025-09-02T16:28:15.522+0000] {logging_mixin.py:150} INFO - [2025-09-02T16:28:15.522+0000] {dag.py:3508} INFO - Setting next_dagrun for example_dag_decorator to None, run_after=None
[2025-09-02T16:28:15.569+0000] {processor.py:179} INFO - Processing /home/airflow/.local/lib/python3.7/site-packages/airflow/example_dags/example_dag_decorator.py took 0.308 seconds
[2025-09-02T16:28:45.819+0000] {processor.py:157} INFO - Started process (PID=349) to work on /home/airflow/.local/lib/python3.7/site-packages/airflow/example_dags/example_dag_decorator.py
[2025-09-02T16:28:45.821+0000] {processor.py:826} INFO - Processing file /home/airflow/.local/lib/python3.7/site-packages/airflow/example_dags/example_dag_decorator.py for tasks to queue
[2025-09-02T16:28:45.822+0000] {logging_mixin.py:150} INFO - [2025-09-02T16:28:45.821+0000] {dagbag.py:541} INFO - Filling up the DagBag from /home/airflow/.local/lib/python3.7/site-packages/airflow/example_dags/example_dag_decorator.py
[2025-09-02T16:28:45.843+0000] {processor.py:836} INFO - DAG(s) dict_keys(['example_dag_decorator']) retrieved from /home/airflow/.local/lib/python3.7/site-packages/airflow/example_dags/example_dag_decorator.py
[2025-09-02T16:28:46.112+0000] {logging_mixin.py:150} INFO - [2025-09-02T16:28:46.111+0000] {dag.py:2742} INFO - Sync 1 DAGs
[2025-09-02T16:28:46.148+0000] {logging_mixin.py:150} INFO - [2025-09-02T16:28:46.148+0000] {dag.py:3508} INFO - Setting next_dagrun for example_dag_decorator to None, run_after=None
[2025-09-02T16:28:46.178+0000] {processor.py:179} INFO - Processing /home/airflow/.local/lib/python3.7/site-packages/airflow/example_dags/example_dag_decorator.py took 0.366 seconds
[2025-09-02T16:29:16.335+0000] {processor.py:157} INFO - Started process (PID=410) to work on /home/airflow/.local/lib/python3.7/site-packages/airflow/example_dags/example_dag_decorator.py
[2025-09-02T16:29:16.336+0000] {processor.py:826} INFO - Processing file /home/airflow/.local/lib/python3.7/site-packages/airflow/example_dags/example_dag_decorator.py for tasks to queue
[2025-09-02T16:29:16.338+0000] {logging_mixin.py:150} INFO - [2025-09-02T16:29:16.337+0000] {dagbag.py:541} INFO - Filling up the DagBag from /home/airflow/.local/lib/python3.7/site-packages/airflow/example_dags/example_dag_decorator.py
[2025-09-02T16:29:16.358+0000] {processor.py:836} INFO - DAG(s) dict_keys(['example_dag_decorator']) retrieved from /home/airflow/.local/lib/python3.7/site-packages/airflow/example_dags/example_dag_decorator.py
[2025-09-02T16:29:16.534+0000] {logging_mixin.py:150} INFO - [2025-09-02T16:29:16.534+0000] {dag.py:2742} INFO - Sync 1 DAGs
[2025-09-02T16:29:16.568+0000] {logging_mixin.py:150} INFO - [2025-09-02T16:29:16.568+0000] {dag.py:3508} INFO - Setting next_dagrun for example_dag_decorator to None, run_after=None
[2025-09-02T16:29:16.597+0000] {processor.py:179} INFO - Processing /home/airflow/.local/lib/python3.7/site-packages/airflow/example_dags/example_dag_decorator.py took 0.268 seconds
[2025-09-02T16:29:46.764+0000] {processor.py:157} INFO - Started process (PID=470) to work on /home/airflow/.local/lib/python3.7/site-packages/airflow/example_dags/example_dag_decorator.py
[2025-09-02T16:29:46.766+0000] {processor.py:826} INFO - Processing file /home/airflow/.local/lib/python3.7/site-packages/airflow/example_dags/example_dag_decorator.py for tasks to queue
[2025-09-02T16:29:46.766+0000] {logging_mixin.py:150} INFO - [2025-09-02T16:29:46.766+0000] {dagbag.py:541} INFO - Filling up the DagBag from /home/airflow/.local/lib/python3.7/site-packages/airflow/example_dags/example_dag_decorator.py
[2025-09-02T16:29:46.788+0000] {processor.py:836} INFO - DAG(s) dict_keys(['example_dag_decorator']) retrieved from /home/airflow/.local/lib/python3.7/site-packages/airflow/example_dags/example_dag_decorator.py
[2025-09-02T16:29:46.981+0000] {logging_mixin.py:150} INFO - [2025-09-02T16:29:46.981+0000] {dag.py:2742} INFO - Sync 1 DAGs
[2025-09-02T16:29:47.011+0000] {logging_mixin.py:150} INFO - [2025-09-02T16:29:47.011+0000] {dag.py:3508} INFO - Setting next_dagrun for example_dag_decorator to None, run_after=None
[2025-09-02T16:29:47.036+0000] {processor.py:179} INFO - Processing /home/airflow/.local/lib/python3.7/site-packages/airflow/example_dags/example_dag_decorator.py took 0.276 seconds
[2025-09-02T16:30:17.198+0000] {processor.py:157} INFO - Started process (PID=531) to work on /home/airflow/.local/lib/python3.7/site-packages/airflow/example_dags/example_dag_decorator.py
[2025-09-02T16:30:17.200+0000] {processor.py:826} INFO - Processing file /home/airflow/.local/lib/python3.7/site-packages/airflow/example_dags/example_dag_decorator.py for tasks to queue
[2025-09-02T16:30:17.200+0000] {logging_mixin.py:150} INFO - [2025-09-02T16:30:17.200+0000] {dagbag.py:541} INFO - Filling up the DagBag from /home/airflow/.local/lib/python3.7/site-packages/airflow/example_dags/example_dag_decorator.py
[2025-09-02T16:30:17.216+0000] {processor.py:836} INFO - DAG(s) dict_keys(['example_dag_decorator']) retrieved from /home/airflow/.local/lib/python3.7/site-packages/airflow/example_dags/example_dag_decorator.py
[2025-09-02T16:30:17.406+0000] {logging_mixin.py:150} INFO - [2025-09-02T16:30:17.406+0000] {dag.py:2742} INFO - Sync 1 DAGs
[2025-09-02T16:30:17.432+0000] {logging_mixin.py:150} INFO - [2025-09-02T16:30:17.432+0000] {dag.py:3508} INFO - Setting next_dagrun for example_dag_decorator to None, run_after=None
[2025-09-02T16:30:17.458+0000] {processor.py:179} INFO - Processing /home/airflow/.local/lib/python3.7/site-packages/airflow/example_dags/example_dag_decorator.py took 0.263 seconds
