[2025-09-02T16:13:07.843+0000] {processor.py:157} INFO - Started process (PID=93) to work on /home/airflow/.local/lib/python3.7/site-packages/airflow/example_dags/example_branch_operator.py
[2025-09-02T16:13:07.844+0000] {processor.py:826} INFO - Processing file /home/airflow/.local/lib/python3.7/site-packages/airflow/example_dags/example_branch_operator.py for tasks to queue
[2025-09-02T16:13:07.845+0000] {logging_mixin.py:150} INFO - [2025-09-02T16:13:07.844+0000] {dagbag.py:541} INFO - Filling up the DagBag from /home/airflow/.local/lib/python3.7/site-packages/airflow/example_dags/example_branch_operator.py
[2025-09-02T16:13:07.855+0000] {processor.py:836} INFO - DAG(s) dict_keys(['example_branch_operator']) retrieved from /home/airflow/.local/lib/python3.7/site-packages/airflow/example_dags/example_branch_operator.py
[2025-09-02T16:13:07.978+0000] {logging_mixin.py:150} INFO - [2025-09-02T16:13:07.977+0000] {manager.py:504} INFO - Created Permission View: can read on DAG:example_branch_operator
[2025-09-02T16:13:07.990+0000] {logging_mixin.py:150} INFO - [2025-09-02T16:13:07.990+0000] {manager.py:504} INFO - Created Permission View: can edit on DAG:example_branch_operator
[2025-09-02T16:13:07.996+0000] {logging_mixin.py:150} INFO - [2025-09-02T16:13:07.996+0000] {manager.py:504} INFO - Created Permission View: can delete on DAG:example_branch_operator
[2025-09-02T16:13:08.015+0000] {logging_mixin.py:150} INFO - [2025-09-02T16:13:08.014+0000] {dag.py:2742} INFO - Sync 1 DAGs
[2025-09-02T16:13:08.027+0000] {logging_mixin.py:150} INFO - [2025-09-02T16:13:08.027+0000] {dag.py:2763} INFO - Creating ORM DAG for example_branch_operator
[2025-09-02T16:13:08.041+0000] {logging_mixin.py:150} INFO - [2025-09-02T16:13:08.040+0000] {dag.py:3508} INFO - Setting next_dagrun for example_branch_operator to 2025-09-01T00:00:00+00:00, run_after=2025-09-02T00:00:00+00:00
[2025-09-02T16:13:08.061+0000] {processor.py:179} INFO - Processing /home/airflow/.local/lib/python3.7/site-packages/airflow/example_dags/example_branch_operator.py took 0.223 seconds
[2025-09-02T16:13:38.454+0000] {processor.py:157} INFO - Started process (PID=154) to work on /home/airflow/.local/lib/python3.7/site-packages/airflow/example_dags/example_branch_operator.py
[2025-09-02T16:13:38.456+0000] {processor.py:826} INFO - Processing file /home/airflow/.local/lib/python3.7/site-packages/airflow/example_dags/example_branch_operator.py for tasks to queue
[2025-09-02T16:13:38.457+0000] {logging_mixin.py:150} INFO - [2025-09-02T16:13:38.456+0000] {dagbag.py:541} INFO - Filling up the DagBag from /home/airflow/.local/lib/python3.7/site-packages/airflow/example_dags/example_branch_operator.py
[2025-09-02T16:13:38.468+0000] {processor.py:836} INFO - DAG(s) dict_keys(['example_branch_operator']) retrieved from /home/airflow/.local/lib/python3.7/site-packages/airflow/example_dags/example_branch_operator.py
[2025-09-02T16:13:38.509+0000] {logging_mixin.py:150} INFO - [2025-09-02T16:13:38.508+0000] {dag.py:2742} INFO - Sync 1 DAGs
[2025-09-02T16:13:38.547+0000] {logging_mixin.py:150} INFO - [2025-09-02T16:13:38.547+0000] {dag.py:3508} INFO - Setting next_dagrun for example_branch_operator to 2025-09-01T00:00:00+00:00, run_after=2025-09-02T00:00:00+00:00
[2025-09-02T16:13:38.585+0000] {processor.py:179} INFO - Processing /home/airflow/.local/lib/python3.7/site-packages/airflow/example_dags/example_branch_operator.py took 0.136 seconds
[2025-09-02T16:14:09.258+0000] {processor.py:157} INFO - Started process (PID=214) to work on /home/airflow/.local/lib/python3.7/site-packages/airflow/example_dags/example_branch_operator.py
[2025-09-02T16:14:09.259+0000] {processor.py:826} INFO - Processing file /home/airflow/.local/lib/python3.7/site-packages/airflow/example_dags/example_branch_operator.py for tasks to queue
[2025-09-02T16:14:09.260+0000] {logging_mixin.py:150} INFO - [2025-09-02T16:14:09.260+0000] {dagbag.py:541} INFO - Filling up the DagBag from /home/airflow/.local/lib/python3.7/site-packages/airflow/example_dags/example_branch_operator.py
[2025-09-02T16:14:09.273+0000] {processor.py:836} INFO - DAG(s) dict_keys(['example_branch_operator']) retrieved from /home/airflow/.local/lib/python3.7/site-packages/airflow/example_dags/example_branch_operator.py
[2025-09-02T16:14:09.307+0000] {logging_mixin.py:150} INFO - [2025-09-02T16:14:09.307+0000] {dag.py:2742} INFO - Sync 1 DAGs
[2025-09-02T16:14:09.344+0000] {logging_mixin.py:150} INFO - [2025-09-02T16:14:09.344+0000] {dag.py:3508} INFO - Setting next_dagrun for example_branch_operator to 2025-09-01T00:00:00+00:00, run_after=2025-09-02T00:00:00+00:00
[2025-09-02T16:14:09.372+0000] {processor.py:179} INFO - Processing /home/airflow/.local/lib/python3.7/site-packages/airflow/example_dags/example_branch_operator.py took 0.120 seconds
[2025-09-02T16:14:39.942+0000] {processor.py:157} INFO - Started process (PID=274) to work on /home/airflow/.local/lib/python3.7/site-packages/airflow/example_dags/example_branch_operator.py
[2025-09-02T16:14:39.943+0000] {processor.py:826} INFO - Processing file /home/airflow/.local/lib/python3.7/site-packages/airflow/example_dags/example_branch_operator.py for tasks to queue
[2025-09-02T16:14:39.944+0000] {logging_mixin.py:150} INFO - [2025-09-02T16:14:39.943+0000] {dagbag.py:541} INFO - Filling up the DagBag from /home/airflow/.local/lib/python3.7/site-packages/airflow/example_dags/example_branch_operator.py
[2025-09-02T16:14:39.955+0000] {processor.py:836} INFO - DAG(s) dict_keys(['example_branch_operator']) retrieved from /home/airflow/.local/lib/python3.7/site-packages/airflow/example_dags/example_branch_operator.py
[2025-09-02T16:14:39.988+0000] {logging_mixin.py:150} INFO - [2025-09-02T16:14:39.988+0000] {dag.py:2742} INFO - Sync 1 DAGs
[2025-09-02T16:14:40.024+0000] {logging_mixin.py:150} INFO - [2025-09-02T16:14:40.024+0000] {dag.py:3508} INFO - Setting next_dagrun for example_branch_operator to 2025-09-01T00:00:00+00:00, run_after=2025-09-02T00:00:00+00:00
[2025-09-02T16:14:40.051+0000] {processor.py:179} INFO - Processing /home/airflow/.local/lib/python3.7/site-packages/airflow/example_dags/example_branch_operator.py took 0.113 seconds
[2025-09-02T16:15:11.774+0000] {processor.py:157} INFO - Started process (PID=334) to work on /home/airflow/.local/lib/python3.7/site-packages/airflow/example_dags/example_branch_operator.py
[2025-09-02T16:15:11.776+0000] {processor.py:826} INFO - Processing file /home/airflow/.local/lib/python3.7/site-packages/airflow/example_dags/example_branch_operator.py for tasks to queue
[2025-09-02T16:15:11.777+0000] {logging_mixin.py:150} INFO - [2025-09-02T16:15:11.776+0000] {dagbag.py:541} INFO - Filling up the DagBag from /home/airflow/.local/lib/python3.7/site-packages/airflow/example_dags/example_branch_operator.py
[2025-09-02T16:15:11.789+0000] {processor.py:836} INFO - DAG(s) dict_keys(['example_branch_operator']) retrieved from /home/airflow/.local/lib/python3.7/site-packages/airflow/example_dags/example_branch_operator.py
[2025-09-02T16:15:11.822+0000] {logging_mixin.py:150} INFO - [2025-09-02T16:15:11.822+0000] {dag.py:2742} INFO - Sync 1 DAGs
[2025-09-02T16:15:11.858+0000] {logging_mixin.py:150} INFO - [2025-09-02T16:15:11.857+0000] {dag.py:3508} INFO - Setting next_dagrun for example_branch_operator to 2025-09-01T00:00:00+00:00, run_after=2025-09-02T00:00:00+00:00
[2025-09-02T16:15:11.885+0000] {processor.py:179} INFO - Processing /home/airflow/.local/lib/python3.7/site-packages/airflow/example_dags/example_branch_operator.py took 0.119 seconds
[2025-09-02T16:15:42.839+0000] {processor.py:157} INFO - Started process (PID=394) to work on /home/airflow/.local/lib/python3.7/site-packages/airflow/example_dags/example_branch_operator.py
[2025-09-02T16:15:42.840+0000] {processor.py:826} INFO - Processing file /home/airflow/.local/lib/python3.7/site-packages/airflow/example_dags/example_branch_operator.py for tasks to queue
[2025-09-02T16:15:42.841+0000] {logging_mixin.py:150} INFO - [2025-09-02T16:15:42.841+0000] {dagbag.py:541} INFO - Filling up the DagBag from /home/airflow/.local/lib/python3.7/site-packages/airflow/example_dags/example_branch_operator.py
[2025-09-02T16:15:42.854+0000] {processor.py:836} INFO - DAG(s) dict_keys(['example_branch_operator']) retrieved from /home/airflow/.local/lib/python3.7/site-packages/airflow/example_dags/example_branch_operator.py
[2025-09-02T16:15:42.900+0000] {logging_mixin.py:150} INFO - [2025-09-02T16:15:42.900+0000] {dag.py:2742} INFO - Sync 1 DAGs
[2025-09-02T16:15:42.945+0000] {logging_mixin.py:150} INFO - [2025-09-02T16:15:42.945+0000] {dag.py:3508} INFO - Setting next_dagrun for example_branch_operator to 2025-09-01T00:00:00+00:00, run_after=2025-09-02T00:00:00+00:00
[2025-09-02T16:15:42.983+0000] {processor.py:179} INFO - Processing /home/airflow/.local/lib/python3.7/site-packages/airflow/example_dags/example_branch_operator.py took 0.148 seconds
[2025-09-02T16:16:13.846+0000] {processor.py:157} INFO - Started process (PID=454) to work on /home/airflow/.local/lib/python3.7/site-packages/airflow/example_dags/example_branch_operator.py
[2025-09-02T16:16:13.846+0000] {processor.py:826} INFO - Processing file /home/airflow/.local/lib/python3.7/site-packages/airflow/example_dags/example_branch_operator.py for tasks to queue
[2025-09-02T16:16:13.847+0000] {logging_mixin.py:150} INFO - [2025-09-02T16:16:13.847+0000] {dagbag.py:541} INFO - Filling up the DagBag from /home/airflow/.local/lib/python3.7/site-packages/airflow/example_dags/example_branch_operator.py
[2025-09-02T16:16:13.858+0000] {processor.py:836} INFO - DAG(s) dict_keys(['example_branch_operator']) retrieved from /home/airflow/.local/lib/python3.7/site-packages/airflow/example_dags/example_branch_operator.py
[2025-09-02T16:16:13.888+0000] {logging_mixin.py:150} INFO - [2025-09-02T16:16:13.888+0000] {dag.py:2742} INFO - Sync 1 DAGs
[2025-09-02T16:16:13.924+0000] {logging_mixin.py:150} INFO - [2025-09-02T16:16:13.924+0000] {dag.py:3508} INFO - Setting next_dagrun for example_branch_operator to 2025-09-01T00:00:00+00:00, run_after=2025-09-02T00:00:00+00:00
[2025-09-02T16:16:13.955+0000] {processor.py:179} INFO - Processing /home/airflow/.local/lib/python3.7/site-packages/airflow/example_dags/example_branch_operator.py took 0.115 seconds
[2025-09-02T16:16:44.963+0000] {processor.py:157} INFO - Started process (PID=514) to work on /home/airflow/.local/lib/python3.7/site-packages/airflow/example_dags/example_branch_operator.py
[2025-09-02T16:16:44.964+0000] {processor.py:826} INFO - Processing file /home/airflow/.local/lib/python3.7/site-packages/airflow/example_dags/example_branch_operator.py for tasks to queue
[2025-09-02T16:16:44.965+0000] {logging_mixin.py:150} INFO - [2025-09-02T16:16:44.964+0000] {dagbag.py:541} INFO - Filling up the DagBag from /home/airflow/.local/lib/python3.7/site-packages/airflow/example_dags/example_branch_operator.py
[2025-09-02T16:16:44.976+0000] {processor.py:836} INFO - DAG(s) dict_keys(['example_branch_operator']) retrieved from /home/airflow/.local/lib/python3.7/site-packages/airflow/example_dags/example_branch_operator.py
[2025-09-02T16:16:45.010+0000] {logging_mixin.py:150} INFO - [2025-09-02T16:16:45.009+0000] {dag.py:2742} INFO - Sync 1 DAGs
[2025-09-02T16:16:45.045+0000] {logging_mixin.py:150} INFO - [2025-09-02T16:16:45.044+0000] {dag.py:3508} INFO - Setting next_dagrun for example_branch_operator to 2025-09-01T00:00:00+00:00, run_after=2025-09-02T00:00:00+00:00
[2025-09-02T16:16:45.073+0000] {processor.py:179} INFO - Processing /home/airflow/.local/lib/python3.7/site-packages/airflow/example_dags/example_branch_operator.py took 0.114 seconds
[2025-09-02T16:17:23.963+0000] {processor.py:157} INFO - Started process (PID=574) to work on /home/airflow/.local/lib/python3.7/site-packages/airflow/example_dags/example_branch_operator.py
[2025-09-02T16:17:23.965+0000] {processor.py:826} INFO - Processing file /home/airflow/.local/lib/python3.7/site-packages/airflow/example_dags/example_branch_operator.py for tasks to queue
[2025-09-02T16:17:23.967+0000] {logging_mixin.py:150} INFO - [2025-09-02T16:17:23.966+0000] {dagbag.py:541} INFO - Filling up the DagBag from /home/airflow/.local/lib/python3.7/site-packages/airflow/example_dags/example_branch_operator.py
[2025-09-02T16:17:23.997+0000] {processor.py:836} INFO - DAG(s) dict_keys(['example_branch_operator']) retrieved from /home/airflow/.local/lib/python3.7/site-packages/airflow/example_dags/example_branch_operator.py
[2025-09-02T16:17:24.155+0000] {logging_mixin.py:150} INFO - [2025-09-02T16:17:24.155+0000] {dag.py:2742} INFO - Sync 1 DAGs
[2025-09-02T16:17:24.282+0000] {logging_mixin.py:150} INFO - [2025-09-02T16:17:24.282+0000] {dag.py:3508} INFO - Setting next_dagrun for example_branch_operator to 2025-09-01T00:00:00+00:00, run_after=2025-09-02T00:00:00+00:00
[2025-09-02T16:17:24.349+0000] {processor.py:179} INFO - Processing /home/airflow/.local/lib/python3.7/site-packages/airflow/example_dags/example_branch_operator.py took 0.396 seconds
[2025-09-02T16:17:54.442+0000] {processor.py:157} INFO - Started process (PID=634) to work on /home/airflow/.local/lib/python3.7/site-packages/airflow/example_dags/example_branch_operator.py
[2025-09-02T16:17:54.442+0000] {processor.py:826} INFO - Processing file /home/airflow/.local/lib/python3.7/site-packages/airflow/example_dags/example_branch_operator.py for tasks to queue
[2025-09-02T16:17:54.443+0000] {logging_mixin.py:150} INFO - [2025-09-02T16:17:54.443+0000] {dagbag.py:541} INFO - Filling up the DagBag from /home/airflow/.local/lib/python3.7/site-packages/airflow/example_dags/example_branch_operator.py
[2025-09-02T16:17:54.450+0000] {processor.py:836} INFO - DAG(s) dict_keys(['example_branch_operator']) retrieved from /home/airflow/.local/lib/python3.7/site-packages/airflow/example_dags/example_branch_operator.py
[2025-09-02T16:17:54.476+0000] {logging_mixin.py:150} INFO - [2025-09-02T16:17:54.476+0000] {dag.py:2742} INFO - Sync 1 DAGs
[2025-09-02T16:17:54.505+0000] {logging_mixin.py:150} INFO - [2025-09-02T16:17:54.505+0000] {dag.py:3508} INFO - Setting next_dagrun for example_branch_operator to 2025-09-01T00:00:00+00:00, run_after=2025-09-02T00:00:00+00:00
[2025-09-02T16:17:54.524+0000] {processor.py:179} INFO - Processing /home/airflow/.local/lib/python3.7/site-packages/airflow/example_dags/example_branch_operator.py took 0.086 seconds
[2025-09-02T16:18:25.507+0000] {processor.py:157} INFO - Started process (PID=694) to work on /home/airflow/.local/lib/python3.7/site-packages/airflow/example_dags/example_branch_operator.py
[2025-09-02T16:18:25.508+0000] {processor.py:826} INFO - Processing file /home/airflow/.local/lib/python3.7/site-packages/airflow/example_dags/example_branch_operator.py for tasks to queue
[2025-09-02T16:18:25.509+0000] {logging_mixin.py:150} INFO - [2025-09-02T16:18:25.509+0000] {dagbag.py:541} INFO - Filling up the DagBag from /home/airflow/.local/lib/python3.7/site-packages/airflow/example_dags/example_branch_operator.py
[2025-09-02T16:18:25.519+0000] {processor.py:836} INFO - DAG(s) dict_keys(['example_branch_operator']) retrieved from /home/airflow/.local/lib/python3.7/site-packages/airflow/example_dags/example_branch_operator.py
[2025-09-02T16:18:25.550+0000] {logging_mixin.py:150} INFO - [2025-09-02T16:18:25.550+0000] {dag.py:2742} INFO - Sync 1 DAGs
[2025-09-02T16:18:25.590+0000] {logging_mixin.py:150} INFO - [2025-09-02T16:18:25.590+0000] {dag.py:3508} INFO - Setting next_dagrun for example_branch_operator to 2025-09-01T00:00:00+00:00, run_after=2025-09-02T00:00:00+00:00
[2025-09-02T16:18:25.619+0000] {processor.py:179} INFO - Processing /home/airflow/.local/lib/python3.7/site-packages/airflow/example_dags/example_branch_operator.py took 0.116 seconds
[2025-09-02T16:18:56.095+0000] {processor.py:157} INFO - Started process (PID=754) to work on /home/airflow/.local/lib/python3.7/site-packages/airflow/example_dags/example_branch_operator.py
[2025-09-02T16:18:56.096+0000] {processor.py:826} INFO - Processing file /home/airflow/.local/lib/python3.7/site-packages/airflow/example_dags/example_branch_operator.py for tasks to queue
[2025-09-02T16:18:56.097+0000] {logging_mixin.py:150} INFO - [2025-09-02T16:18:56.096+0000] {dagbag.py:541} INFO - Filling up the DagBag from /home/airflow/.local/lib/python3.7/site-packages/airflow/example_dags/example_branch_operator.py
[2025-09-02T16:18:56.104+0000] {processor.py:836} INFO - DAG(s) dict_keys(['example_branch_operator']) retrieved from /home/airflow/.local/lib/python3.7/site-packages/airflow/example_dags/example_branch_operator.py
[2025-09-02T16:18:56.127+0000] {logging_mixin.py:150} INFO - [2025-09-02T16:18:56.127+0000] {dag.py:2742} INFO - Sync 1 DAGs
[2025-09-02T16:18:56.152+0000] {logging_mixin.py:150} INFO - [2025-09-02T16:18:56.152+0000] {dag.py:3508} INFO - Setting next_dagrun for example_branch_operator to 2025-09-01T00:00:00+00:00, run_after=2025-09-02T00:00:00+00:00
[2025-09-02T16:18:56.175+0000] {processor.py:179} INFO - Processing /home/airflow/.local/lib/python3.7/site-packages/airflow/example_dags/example_branch_operator.py took 0.083 seconds
[2025-09-02T16:19:28.036+0000] {processor.py:157} INFO - Started process (PID=814) to work on /home/airflow/.local/lib/python3.7/site-packages/airflow/example_dags/example_branch_operator.py
[2025-09-02T16:19:28.037+0000] {processor.py:826} INFO - Processing file /home/airflow/.local/lib/python3.7/site-packages/airflow/example_dags/example_branch_operator.py for tasks to queue
[2025-09-02T16:19:28.038+0000] {logging_mixin.py:150} INFO - [2025-09-02T16:19:28.038+0000] {dagbag.py:541} INFO - Filling up the DagBag from /home/airflow/.local/lib/python3.7/site-packages/airflow/example_dags/example_branch_operator.py
[2025-09-02T16:19:28.051+0000] {processor.py:836} INFO - DAG(s) dict_keys(['example_branch_operator']) retrieved from /home/airflow/.local/lib/python3.7/site-packages/airflow/example_dags/example_branch_operator.py
[2025-09-02T16:19:28.088+0000] {logging_mixin.py:150} INFO - [2025-09-02T16:19:28.087+0000] {dag.py:2742} INFO - Sync 1 DAGs
[2025-09-02T16:19:28.127+0000] {logging_mixin.py:150} INFO - [2025-09-02T16:19:28.126+0000] {dag.py:3508} INFO - Setting next_dagrun for example_branch_operator to 2025-09-01T00:00:00+00:00, run_after=2025-09-02T00:00:00+00:00
[2025-09-02T16:19:28.153+0000] {processor.py:179} INFO - Processing /home/airflow/.local/lib/python3.7/site-packages/airflow/example_dags/example_branch_operator.py took 0.121 seconds
[2025-09-02T16:19:59.722+0000] {processor.py:157} INFO - Started process (PID=874) to work on /home/airflow/.local/lib/python3.7/site-packages/airflow/example_dags/example_branch_operator.py
[2025-09-02T16:19:59.723+0000] {processor.py:826} INFO - Processing file /home/airflow/.local/lib/python3.7/site-packages/airflow/example_dags/example_branch_operator.py for tasks to queue
[2025-09-02T16:19:59.724+0000] {logging_mixin.py:150} INFO - [2025-09-02T16:19:59.724+0000] {dagbag.py:541} INFO - Filling up the DagBag from /home/airflow/.local/lib/python3.7/site-packages/airflow/example_dags/example_branch_operator.py
[2025-09-02T16:19:59.736+0000] {processor.py:836} INFO - DAG(s) dict_keys(['example_branch_operator']) retrieved from /home/airflow/.local/lib/python3.7/site-packages/airflow/example_dags/example_branch_operator.py
[2025-09-02T16:19:59.772+0000] {logging_mixin.py:150} INFO - [2025-09-02T16:19:59.772+0000] {dag.py:2742} INFO - Sync 1 DAGs
[2025-09-02T16:19:59.813+0000] {logging_mixin.py:150} INFO - [2025-09-02T16:19:59.813+0000] {dag.py:3508} INFO - Setting next_dagrun for example_branch_operator to 2025-09-01T00:00:00+00:00, run_after=2025-09-02T00:00:00+00:00
[2025-09-02T16:19:59.848+0000] {processor.py:179} INFO - Processing /home/airflow/.local/lib/python3.7/site-packages/airflow/example_dags/example_branch_operator.py took 0.133 seconds
[2025-09-02T16:20:30.701+0000] {processor.py:157} INFO - Started process (PID=934) to work on /home/airflow/.local/lib/python3.7/site-packages/airflow/example_dags/example_branch_operator.py
[2025-09-02T16:20:30.702+0000] {processor.py:826} INFO - Processing file /home/airflow/.local/lib/python3.7/site-packages/airflow/example_dags/example_branch_operator.py for tasks to queue
[2025-09-02T16:20:30.704+0000] {logging_mixin.py:150} INFO - [2025-09-02T16:20:30.703+0000] {dagbag.py:541} INFO - Filling up the DagBag from /home/airflow/.local/lib/python3.7/site-packages/airflow/example_dags/example_branch_operator.py
[2025-09-02T16:20:30.721+0000] {processor.py:836} INFO - DAG(s) dict_keys(['example_branch_operator']) retrieved from /home/airflow/.local/lib/python3.7/site-packages/airflow/example_dags/example_branch_operator.py
[2025-09-02T16:20:30.753+0000] {logging_mixin.py:150} INFO - [2025-09-02T16:20:30.753+0000] {dag.py:2742} INFO - Sync 1 DAGs
[2025-09-02T16:20:30.793+0000] {logging_mixin.py:150} INFO - [2025-09-02T16:20:30.792+0000] {dag.py:3508} INFO - Setting next_dagrun for example_branch_operator to 2025-09-01T00:00:00+00:00, run_after=2025-09-02T00:00:00+00:00
[2025-09-02T16:20:30.820+0000] {processor.py:179} INFO - Processing /home/airflow/.local/lib/python3.7/site-packages/airflow/example_dags/example_branch_operator.py took 0.125 seconds
[2025-09-02T16:21:02.026+0000] {processor.py:157} INFO - Started process (PID=994) to work on /home/airflow/.local/lib/python3.7/site-packages/airflow/example_dags/example_branch_operator.py
[2025-09-02T16:21:02.027+0000] {processor.py:826} INFO - Processing file /home/airflow/.local/lib/python3.7/site-packages/airflow/example_dags/example_branch_operator.py for tasks to queue
[2025-09-02T16:21:02.028+0000] {logging_mixin.py:150} INFO - [2025-09-02T16:21:02.028+0000] {dagbag.py:541} INFO - Filling up the DagBag from /home/airflow/.local/lib/python3.7/site-packages/airflow/example_dags/example_branch_operator.py
[2025-09-02T16:21:02.039+0000] {processor.py:836} INFO - DAG(s) dict_keys(['example_branch_operator']) retrieved from /home/airflow/.local/lib/python3.7/site-packages/airflow/example_dags/example_branch_operator.py
[2025-09-02T16:21:02.072+0000] {logging_mixin.py:150} INFO - [2025-09-02T16:21:02.072+0000] {dag.py:2742} INFO - Sync 1 DAGs
[2025-09-02T16:21:02.110+0000] {logging_mixin.py:150} INFO - [2025-09-02T16:21:02.110+0000] {dag.py:3508} INFO - Setting next_dagrun for example_branch_operator to 2025-09-01T00:00:00+00:00, run_after=2025-09-02T00:00:00+00:00
[2025-09-02T16:21:02.141+0000] {processor.py:179} INFO - Processing /home/airflow/.local/lib/python3.7/site-packages/airflow/example_dags/example_branch_operator.py took 0.119 seconds
[2025-09-02T16:21:33.026+0000] {processor.py:157} INFO - Started process (PID=1054) to work on /home/airflow/.local/lib/python3.7/site-packages/airflow/example_dags/example_branch_operator.py
[2025-09-02T16:21:33.027+0000] {processor.py:826} INFO - Processing file /home/airflow/.local/lib/python3.7/site-packages/airflow/example_dags/example_branch_operator.py for tasks to queue
[2025-09-02T16:21:33.028+0000] {logging_mixin.py:150} INFO - [2025-09-02T16:21:33.027+0000] {dagbag.py:541} INFO - Filling up the DagBag from /home/airflow/.local/lib/python3.7/site-packages/airflow/example_dags/example_branch_operator.py
[2025-09-02T16:21:33.038+0000] {processor.py:836} INFO - DAG(s) dict_keys(['example_branch_operator']) retrieved from /home/airflow/.local/lib/python3.7/site-packages/airflow/example_dags/example_branch_operator.py
[2025-09-02T16:21:33.070+0000] {logging_mixin.py:150} INFO - [2025-09-02T16:21:33.070+0000] {dag.py:2742} INFO - Sync 1 DAGs
[2025-09-02T16:21:33.107+0000] {logging_mixin.py:150} INFO - [2025-09-02T16:21:33.107+0000] {dag.py:3508} INFO - Setting next_dagrun for example_branch_operator to 2025-09-01T00:00:00+00:00, run_after=2025-09-02T00:00:00+00:00
[2025-09-02T16:21:33.139+0000] {processor.py:179} INFO - Processing /home/airflow/.local/lib/python3.7/site-packages/airflow/example_dags/example_branch_operator.py took 0.117 seconds
[2025-09-02T16:22:04.689+0000] {processor.py:157} INFO - Started process (PID=1114) to work on /home/airflow/.local/lib/python3.7/site-packages/airflow/example_dags/example_branch_operator.py
[2025-09-02T16:22:04.690+0000] {processor.py:826} INFO - Processing file /home/airflow/.local/lib/python3.7/site-packages/airflow/example_dags/example_branch_operator.py for tasks to queue
[2025-09-02T16:22:04.691+0000] {logging_mixin.py:150} INFO - [2025-09-02T16:22:04.691+0000] {dagbag.py:541} INFO - Filling up the DagBag from /home/airflow/.local/lib/python3.7/site-packages/airflow/example_dags/example_branch_operator.py
[2025-09-02T16:22:04.703+0000] {processor.py:836} INFO - DAG(s) dict_keys(['example_branch_operator']) retrieved from /home/airflow/.local/lib/python3.7/site-packages/airflow/example_dags/example_branch_operator.py
[2025-09-02T16:22:04.740+0000] {logging_mixin.py:150} INFO - [2025-09-02T16:22:04.739+0000] {dag.py:2742} INFO - Sync 1 DAGs
[2025-09-02T16:22:04.777+0000] {logging_mixin.py:150} INFO - [2025-09-02T16:22:04.776+0000] {dag.py:3508} INFO - Setting next_dagrun for example_branch_operator to 2025-09-01T00:00:00+00:00, run_after=2025-09-02T00:00:00+00:00
[2025-09-02T16:22:04.805+0000] {processor.py:179} INFO - Processing /home/airflow/.local/lib/python3.7/site-packages/airflow/example_dags/example_branch_operator.py took 0.120 seconds
[2025-09-02T16:22:35.955+0000] {processor.py:157} INFO - Started process (PID=1174) to work on /home/airflow/.local/lib/python3.7/site-packages/airflow/example_dags/example_branch_operator.py
[2025-09-02T16:22:35.956+0000] {processor.py:826} INFO - Processing file /home/airflow/.local/lib/python3.7/site-packages/airflow/example_dags/example_branch_operator.py for tasks to queue
[2025-09-02T16:22:35.957+0000] {logging_mixin.py:150} INFO - [2025-09-02T16:22:35.957+0000] {dagbag.py:541} INFO - Filling up the DagBag from /home/airflow/.local/lib/python3.7/site-packages/airflow/example_dags/example_branch_operator.py
[2025-09-02T16:22:35.970+0000] {processor.py:836} INFO - DAG(s) dict_keys(['example_branch_operator']) retrieved from /home/airflow/.local/lib/python3.7/site-packages/airflow/example_dags/example_branch_operator.py
[2025-09-02T16:22:36.006+0000] {logging_mixin.py:150} INFO - [2025-09-02T16:22:36.006+0000] {dag.py:2742} INFO - Sync 1 DAGs
[2025-09-02T16:22:36.059+0000] {logging_mixin.py:150} INFO - [2025-09-02T16:22:36.059+0000] {dag.py:3508} INFO - Setting next_dagrun for example_branch_operator to 2025-09-01T00:00:00+00:00, run_after=2025-09-02T00:00:00+00:00
[2025-09-02T16:22:36.092+0000] {processor.py:179} INFO - Processing /home/airflow/.local/lib/python3.7/site-packages/airflow/example_dags/example_branch_operator.py took 0.142 seconds
[2025-09-02T16:23:07.404+0000] {processor.py:157} INFO - Started process (PID=1241) to work on /home/airflow/.local/lib/python3.7/site-packages/airflow/example_dags/example_branch_operator.py
[2025-09-02T16:23:07.405+0000] {processor.py:826} INFO - Processing file /home/airflow/.local/lib/python3.7/site-packages/airflow/example_dags/example_branch_operator.py for tasks to queue
[2025-09-02T16:23:07.406+0000] {logging_mixin.py:150} INFO - [2025-09-02T16:23:07.405+0000] {dagbag.py:541} INFO - Filling up the DagBag from /home/airflow/.local/lib/python3.7/site-packages/airflow/example_dags/example_branch_operator.py
[2025-09-02T16:23:07.417+0000] {processor.py:836} INFO - DAG(s) dict_keys(['example_branch_operator']) retrieved from /home/airflow/.local/lib/python3.7/site-packages/airflow/example_dags/example_branch_operator.py
[2025-09-02T16:23:07.449+0000] {logging_mixin.py:150} INFO - [2025-09-02T16:23:07.448+0000] {dag.py:2742} INFO - Sync 1 DAGs
[2025-09-02T16:23:07.487+0000] {logging_mixin.py:150} INFO - [2025-09-02T16:23:07.487+0000] {dag.py:3508} INFO - Setting next_dagrun for example_branch_operator to 2025-09-01T00:00:00+00:00, run_after=2025-09-02T00:00:00+00:00
[2025-09-02T16:23:07.515+0000] {processor.py:179} INFO - Processing /home/airflow/.local/lib/python3.7/site-packages/airflow/example_dags/example_branch_operator.py took 0.117 seconds
[2025-09-02T16:23:38.139+0000] {processor.py:157} INFO - Started process (PID=1301) to work on /home/airflow/.local/lib/python3.7/site-packages/airflow/example_dags/example_branch_operator.py
[2025-09-02T16:23:38.141+0000] {processor.py:826} INFO - Processing file /home/airflow/.local/lib/python3.7/site-packages/airflow/example_dags/example_branch_operator.py for tasks to queue
[2025-09-02T16:23:38.142+0000] {logging_mixin.py:150} INFO - [2025-09-02T16:23:38.141+0000] {dagbag.py:541} INFO - Filling up the DagBag from /home/airflow/.local/lib/python3.7/site-packages/airflow/example_dags/example_branch_operator.py
[2025-09-02T16:23:38.158+0000] {processor.py:836} INFO - DAG(s) dict_keys(['example_branch_operator']) retrieved from /home/airflow/.local/lib/python3.7/site-packages/airflow/example_dags/example_branch_operator.py
[2025-09-02T16:23:38.189+0000] {logging_mixin.py:150} INFO - [2025-09-02T16:23:38.189+0000] {dag.py:2742} INFO - Sync 1 DAGs
[2025-09-02T16:23:38.224+0000] {logging_mixin.py:150} INFO - [2025-09-02T16:23:38.224+0000] {dag.py:3508} INFO - Setting next_dagrun for example_branch_operator to 2025-09-01T00:00:00+00:00, run_after=2025-09-02T00:00:00+00:00
[2025-09-02T16:23:38.251+0000] {processor.py:179} INFO - Processing /home/airflow/.local/lib/python3.7/site-packages/airflow/example_dags/example_branch_operator.py took 0.119 seconds
[2025-09-02T16:24:09.417+0000] {processor.py:157} INFO - Started process (PID=1361) to work on /home/airflow/.local/lib/python3.7/site-packages/airflow/example_dags/example_branch_operator.py
[2025-09-02T16:24:09.418+0000] {processor.py:826} INFO - Processing file /home/airflow/.local/lib/python3.7/site-packages/airflow/example_dags/example_branch_operator.py for tasks to queue
[2025-09-02T16:24:09.419+0000] {logging_mixin.py:150} INFO - [2025-09-02T16:24:09.419+0000] {dagbag.py:541} INFO - Filling up the DagBag from /home/airflow/.local/lib/python3.7/site-packages/airflow/example_dags/example_branch_operator.py
[2025-09-02T16:24:09.431+0000] {processor.py:836} INFO - DAG(s) dict_keys(['example_branch_operator']) retrieved from /home/airflow/.local/lib/python3.7/site-packages/airflow/example_dags/example_branch_operator.py
[2025-09-02T16:24:09.466+0000] {logging_mixin.py:150} INFO - [2025-09-02T16:24:09.466+0000] {dag.py:2742} INFO - Sync 1 DAGs
[2025-09-02T16:24:09.502+0000] {logging_mixin.py:150} INFO - [2025-09-02T16:24:09.502+0000] {dag.py:3508} INFO - Setting next_dagrun for example_branch_operator to 2025-09-01T00:00:00+00:00, run_after=2025-09-02T00:00:00+00:00
[2025-09-02T16:24:09.530+0000] {processor.py:179} INFO - Processing /home/airflow/.local/lib/python3.7/site-packages/airflow/example_dags/example_branch_operator.py took 0.116 seconds
[2025-09-02T16:26:42.072+0000] {processor.py:157} INFO - Started process (PID=107) to work on /home/airflow/.local/lib/python3.7/site-packages/airflow/example_dags/example_branch_operator.py
[2025-09-02T16:26:42.073+0000] {processor.py:826} INFO - Processing file /home/airflow/.local/lib/python3.7/site-packages/airflow/example_dags/example_branch_operator.py for tasks to queue
[2025-09-02T16:26:42.076+0000] {logging_mixin.py:150} INFO - [2025-09-02T16:26:42.076+0000] {dagbag.py:541} INFO - Filling up the DagBag from /home/airflow/.local/lib/python3.7/site-packages/airflow/example_dags/example_branch_operator.py
[2025-09-02T16:26:42.120+0000] {processor.py:836} INFO - DAG(s) dict_keys(['example_branch_operator']) retrieved from /home/airflow/.local/lib/python3.7/site-packages/airflow/example_dags/example_branch_operator.py
[2025-09-02T16:26:42.319+0000] {logging_mixin.py:150} INFO - [2025-09-02T16:26:42.319+0000] {dag.py:2742} INFO - Sync 1 DAGs
[2025-09-02T16:26:42.377+0000] {logging_mixin.py:150} INFO - [2025-09-02T16:26:42.376+0000] {dag.py:3508} INFO - Setting next_dagrun for example_branch_operator to 2025-09-01T00:00:00+00:00, run_after=2025-09-02T00:00:00+00:00
[2025-09-02T16:26:42.414+0000] {processor.py:179} INFO - Processing /home/airflow/.local/lib/python3.7/site-packages/airflow/example_dags/example_branch_operator.py took 0.347 seconds
[2025-09-02T16:27:13.321+0000] {processor.py:157} INFO - Started process (PID=167) to work on /home/airflow/.local/lib/python3.7/site-packages/airflow/example_dags/example_branch_operator.py
[2025-09-02T16:27:13.322+0000] {processor.py:826} INFO - Processing file /home/airflow/.local/lib/python3.7/site-packages/airflow/example_dags/example_branch_operator.py for tasks to queue
[2025-09-02T16:27:13.323+0000] {logging_mixin.py:150} INFO - [2025-09-02T16:27:13.322+0000] {dagbag.py:541} INFO - Filling up the DagBag from /home/airflow/.local/lib/python3.7/site-packages/airflow/example_dags/example_branch_operator.py
[2025-09-02T16:27:13.341+0000] {processor.py:836} INFO - DAG(s) dict_keys(['example_branch_operator']) retrieved from /home/airflow/.local/lib/python3.7/site-packages/airflow/example_dags/example_branch_operator.py
[2025-09-02T16:27:13.392+0000] {logging_mixin.py:150} INFO - [2025-09-02T16:27:13.392+0000] {dag.py:2742} INFO - Sync 1 DAGs
[2025-09-02T16:27:13.437+0000] {logging_mixin.py:150} INFO - [2025-09-02T16:27:13.436+0000] {dag.py:3508} INFO - Setting next_dagrun for example_branch_operator to 2025-09-01T00:00:00+00:00, run_after=2025-09-02T00:00:00+00:00
[2025-09-02T16:27:13.466+0000] {processor.py:179} INFO - Processing /home/airflow/.local/lib/python3.7/site-packages/airflow/example_dags/example_branch_operator.py took 0.149 seconds
[2025-09-02T16:27:43.673+0000] {processor.py:157} INFO - Started process (PID=227) to work on /home/airflow/.local/lib/python3.7/site-packages/airflow/example_dags/example_branch_operator.py
[2025-09-02T16:27:43.675+0000] {processor.py:826} INFO - Processing file /home/airflow/.local/lib/python3.7/site-packages/airflow/example_dags/example_branch_operator.py for tasks to queue
[2025-09-02T16:27:43.677+0000] {logging_mixin.py:150} INFO - [2025-09-02T16:27:43.676+0000] {dagbag.py:541} INFO - Filling up the DagBag from /home/airflow/.local/lib/python3.7/site-packages/airflow/example_dags/example_branch_operator.py
[2025-09-02T16:27:43.691+0000] {processor.py:836} INFO - DAG(s) dict_keys(['example_branch_operator']) retrieved from /home/airflow/.local/lib/python3.7/site-packages/airflow/example_dags/example_branch_operator.py
[2025-09-02T16:27:43.733+0000] {logging_mixin.py:150} INFO - [2025-09-02T16:27:43.733+0000] {dag.py:2742} INFO - Sync 1 DAGs
[2025-09-02T16:27:43.773+0000] {logging_mixin.py:150} INFO - [2025-09-02T16:27:43.772+0000] {dag.py:3508} INFO - Setting next_dagrun for example_branch_operator to 2025-09-01T00:00:00+00:00, run_after=2025-09-02T00:00:00+00:00
[2025-09-02T16:27:43.805+0000] {processor.py:179} INFO - Processing /home/airflow/.local/lib/python3.7/site-packages/airflow/example_dags/example_branch_operator.py took 0.138 seconds
[2025-09-02T16:28:13.918+0000] {processor.py:157} INFO - Started process (PID=286) to work on /home/airflow/.local/lib/python3.7/site-packages/airflow/example_dags/example_branch_operator.py
[2025-09-02T16:28:13.920+0000] {processor.py:826} INFO - Processing file /home/airflow/.local/lib/python3.7/site-packages/airflow/example_dags/example_branch_operator.py for tasks to queue
[2025-09-02T16:28:13.922+0000] {logging_mixin.py:150} INFO - [2025-09-02T16:28:13.922+0000] {dagbag.py:541} INFO - Filling up the DagBag from /home/airflow/.local/lib/python3.7/site-packages/airflow/example_dags/example_branch_operator.py
[2025-09-02T16:28:13.936+0000] {processor.py:836} INFO - DAG(s) dict_keys(['example_branch_operator']) retrieved from /home/airflow/.local/lib/python3.7/site-packages/airflow/example_dags/example_branch_operator.py
[2025-09-02T16:28:13.979+0000] {logging_mixin.py:150} INFO - [2025-09-02T16:28:13.978+0000] {dag.py:2742} INFO - Sync 1 DAGs
[2025-09-02T16:28:14.026+0000] {logging_mixin.py:150} INFO - [2025-09-02T16:28:14.025+0000] {dag.py:3508} INFO - Setting next_dagrun for example_branch_operator to 2025-09-01T00:00:00+00:00, run_after=2025-09-02T00:00:00+00:00
[2025-09-02T16:28:14.060+0000] {processor.py:179} INFO - Processing /home/airflow/.local/lib/python3.7/site-packages/airflow/example_dags/example_branch_operator.py took 0.147 seconds
[2025-09-02T16:28:44.383+0000] {processor.py:157} INFO - Started process (PID=346) to work on /home/airflow/.local/lib/python3.7/site-packages/airflow/example_dags/example_branch_operator.py
[2025-09-02T16:28:44.384+0000] {processor.py:826} INFO - Processing file /home/airflow/.local/lib/python3.7/site-packages/airflow/example_dags/example_branch_operator.py for tasks to queue
[2025-09-02T16:28:44.385+0000] {logging_mixin.py:150} INFO - [2025-09-02T16:28:44.385+0000] {dagbag.py:541} INFO - Filling up the DagBag from /home/airflow/.local/lib/python3.7/site-packages/airflow/example_dags/example_branch_operator.py
[2025-09-02T16:28:44.398+0000] {processor.py:836} INFO - DAG(s) dict_keys(['example_branch_operator']) retrieved from /home/airflow/.local/lib/python3.7/site-packages/airflow/example_dags/example_branch_operator.py
[2025-09-02T16:28:44.428+0000] {logging_mixin.py:150} INFO - [2025-09-02T16:28:44.428+0000] {dag.py:2742} INFO - Sync 1 DAGs
[2025-09-02T16:28:44.465+0000] {logging_mixin.py:150} INFO - [2025-09-02T16:28:44.465+0000] {dag.py:3508} INFO - Setting next_dagrun for example_branch_operator to 2025-09-01T00:00:00+00:00, run_after=2025-09-02T00:00:00+00:00
[2025-09-02T16:28:44.494+0000] {processor.py:179} INFO - Processing /home/airflow/.local/lib/python3.7/site-packages/airflow/example_dags/example_branch_operator.py took 0.117 seconds
[2025-09-02T16:29:14.577+0000] {processor.py:157} INFO - Started process (PID=405) to work on /home/airflow/.local/lib/python3.7/site-packages/airflow/example_dags/example_branch_operator.py
[2025-09-02T16:29:14.578+0000] {processor.py:826} INFO - Processing file /home/airflow/.local/lib/python3.7/site-packages/airflow/example_dags/example_branch_operator.py for tasks to queue
[2025-09-02T16:29:14.579+0000] {logging_mixin.py:150} INFO - [2025-09-02T16:29:14.579+0000] {dagbag.py:541} INFO - Filling up the DagBag from /home/airflow/.local/lib/python3.7/site-packages/airflow/example_dags/example_branch_operator.py
[2025-09-02T16:29:14.593+0000] {processor.py:836} INFO - DAG(s) dict_keys(['example_branch_operator']) retrieved from /home/airflow/.local/lib/python3.7/site-packages/airflow/example_dags/example_branch_operator.py
[2025-09-02T16:29:14.632+0000] {logging_mixin.py:150} INFO - [2025-09-02T16:29:14.632+0000] {dag.py:2742} INFO - Sync 1 DAGs
[2025-09-02T16:29:14.673+0000] {logging_mixin.py:150} INFO - [2025-09-02T16:29:14.673+0000] {dag.py:3508} INFO - Setting next_dagrun for example_branch_operator to 2025-09-01T00:00:00+00:00, run_after=2025-09-02T00:00:00+00:00
[2025-09-02T16:29:14.710+0000] {processor.py:179} INFO - Processing /home/airflow/.local/lib/python3.7/site-packages/airflow/example_dags/example_branch_operator.py took 0.138 seconds
[2025-09-02T16:29:45.440+0000] {processor.py:157} INFO - Started process (PID=465) to work on /home/airflow/.local/lib/python3.7/site-packages/airflow/example_dags/example_branch_operator.py
[2025-09-02T16:29:45.441+0000] {processor.py:826} INFO - Processing file /home/airflow/.local/lib/python3.7/site-packages/airflow/example_dags/example_branch_operator.py for tasks to queue
[2025-09-02T16:29:45.442+0000] {logging_mixin.py:150} INFO - [2025-09-02T16:29:45.442+0000] {dagbag.py:541} INFO - Filling up the DagBag from /home/airflow/.local/lib/python3.7/site-packages/airflow/example_dags/example_branch_operator.py
[2025-09-02T16:29:45.456+0000] {processor.py:836} INFO - DAG(s) dict_keys(['example_branch_operator']) retrieved from /home/airflow/.local/lib/python3.7/site-packages/airflow/example_dags/example_branch_operator.py
[2025-09-02T16:29:45.491+0000] {logging_mixin.py:150} INFO - [2025-09-02T16:29:45.490+0000] {dag.py:2742} INFO - Sync 1 DAGs
[2025-09-02T16:29:45.533+0000] {logging_mixin.py:150} INFO - [2025-09-02T16:29:45.533+0000] {dag.py:3508} INFO - Setting next_dagrun for example_branch_operator to 2025-09-01T00:00:00+00:00, run_after=2025-09-02T00:00:00+00:00
[2025-09-02T16:29:45.564+0000] {processor.py:179} INFO - Processing /home/airflow/.local/lib/python3.7/site-packages/airflow/example_dags/example_branch_operator.py took 0.129 seconds
[2025-09-02T16:30:15.827+0000] {processor.py:157} INFO - Started process (PID=526) to work on /home/airflow/.local/lib/python3.7/site-packages/airflow/example_dags/example_branch_operator.py
[2025-09-02T16:30:15.828+0000] {processor.py:826} INFO - Processing file /home/airflow/.local/lib/python3.7/site-packages/airflow/example_dags/example_branch_operator.py for tasks to queue
[2025-09-02T16:30:15.831+0000] {logging_mixin.py:150} INFO - [2025-09-02T16:30:15.830+0000] {dagbag.py:541} INFO - Filling up the DagBag from /home/airflow/.local/lib/python3.7/site-packages/airflow/example_dags/example_branch_operator.py
[2025-09-02T16:30:15.847+0000] {processor.py:836} INFO - DAG(s) dict_keys(['example_branch_operator']) retrieved from /home/airflow/.local/lib/python3.7/site-packages/airflow/example_dags/example_branch_operator.py
[2025-09-02T16:30:15.887+0000] {logging_mixin.py:150} INFO - [2025-09-02T16:30:15.887+0000] {dag.py:2742} INFO - Sync 1 DAGs
[2025-09-02T16:30:15.928+0000] {logging_mixin.py:150} INFO - [2025-09-02T16:30:15.928+0000] {dag.py:3508} INFO - Setting next_dagrun for example_branch_operator to 2025-09-01T00:00:00+00:00, run_after=2025-09-02T00:00:00+00:00
[2025-09-02T16:30:15.952+0000] {processor.py:179} INFO - Processing /home/airflow/.local/lib/python3.7/site-packages/airflow/example_dags/example_branch_operator.py took 0.132 seconds
