[2025-09-02T16:13:03.495+0000] {processor.py:157} INFO - Started process (PID=62) to work on /home/airflow/.local/lib/python3.7/site-packages/airflow/example_dags/example_short_circuit_decorator.py
[2025-09-02T16:13:03.496+0000] {processor.py:826} INFO - Processing file /home/airflow/.local/lib/python3.7/site-packages/airflow/example_dags/example_short_circuit_decorator.py for tasks to queue
[2025-09-02T16:13:03.496+0000] {logging_mixin.py:150} INFO - [2025-09-02T16:13:03.496+0000] {dagbag.py:541} INFO - Filling up the DagBag from /home/airflow/.local/lib/python3.7/site-packages/airflow/example_dags/example_short_circuit_decorator.py
[2025-09-02T16:13:03.505+0000] {processor.py:836} INFO - DAG(s) dict_keys(['example_short_circuit_decorator']) retrieved from /home/airflow/.local/lib/python3.7/site-packages/airflow/example_dags/example_short_circuit_decorator.py
[2025-09-02T16:13:03.605+0000] {logging_mixin.py:150} INFO - [2025-09-02T16:13:03.604+0000] {manager.py:504} INFO - Created Permission View: can read on DAG:example_short_circuit_decorator
[2025-09-02T16:13:03.615+0000] {logging_mixin.py:150} INFO - [2025-09-02T16:13:03.615+0000] {manager.py:504} INFO - Created Permission View: can edit on DAG:example_short_circuit_decorator
[2025-09-02T16:13:03.621+0000] {logging_mixin.py:150} INFO - [2025-09-02T16:13:03.621+0000] {manager.py:504} INFO - Created Permission View: can delete on DAG:example_short_circuit_decorator
[2025-09-02T16:13:03.638+0000] {logging_mixin.py:150} INFO - [2025-09-02T16:13:03.638+0000] {dag.py:2742} INFO - Sync 1 DAGs
[2025-09-02T16:13:03.652+0000] {logging_mixin.py:150} INFO - [2025-09-02T16:13:03.651+0000] {dag.py:2763} INFO - Creating ORM DAG for example_short_circuit_decorator
[2025-09-02T16:13:03.676+0000] {logging_mixin.py:150} INFO - [2025-09-02T16:13:03.675+0000] {dag.py:3508} INFO - Setting next_dagrun for example_short_circuit_decorator to 2025-09-01T16:13:03.675598+00:00, run_after=2025-09-02T16:13:03.675598+00:00
[2025-09-02T16:13:03.713+0000] {processor.py:179} INFO - Processing /home/airflow/.local/lib/python3.7/site-packages/airflow/example_dags/example_short_circuit_decorator.py took 0.221 seconds
[2025-09-02T16:13:34.086+0000] {processor.py:157} INFO - Started process (PID=122) to work on /home/airflow/.local/lib/python3.7/site-packages/airflow/example_dags/example_short_circuit_decorator.py
[2025-09-02T16:13:34.087+0000] {processor.py:826} INFO - Processing file /home/airflow/.local/lib/python3.7/site-packages/airflow/example_dags/example_short_circuit_decorator.py for tasks to queue
[2025-09-02T16:13:34.088+0000] {logging_mixin.py:150} INFO - [2025-09-02T16:13:34.088+0000] {dagbag.py:541} INFO - Filling up the DagBag from /home/airflow/.local/lib/python3.7/site-packages/airflow/example_dags/example_short_circuit_decorator.py
[2025-09-02T16:13:34.099+0000] {processor.py:836} INFO - DAG(s) dict_keys(['example_short_circuit_decorator']) retrieved from /home/airflow/.local/lib/python3.7/site-packages/airflow/example_dags/example_short_circuit_decorator.py
[2025-09-02T16:13:34.131+0000] {logging_mixin.py:150} INFO - [2025-09-02T16:13:34.130+0000] {dag.py:2742} INFO - Sync 1 DAGs
[2025-09-02T16:13:34.166+0000] {logging_mixin.py:150} INFO - [2025-09-02T16:13:34.165+0000] {dag.py:3508} INFO - Setting next_dagrun for example_short_circuit_decorator to 2025-09-01T16:13:34.165669+00:00, run_after=2025-09-02T16:13:34.165669+00:00
[2025-09-02T16:13:34.193+0000] {processor.py:179} INFO - Processing /home/airflow/.local/lib/python3.7/site-packages/airflow/example_dags/example_short_circuit_decorator.py took 0.112 seconds
[2025-09-02T16:14:05.546+0000] {processor.py:157} INFO - Started process (PID=190) to work on /home/airflow/.local/lib/python3.7/site-packages/airflow/example_dags/example_short_circuit_decorator.py
[2025-09-02T16:14:05.547+0000] {processor.py:826} INFO - Processing file /home/airflow/.local/lib/python3.7/site-packages/airflow/example_dags/example_short_circuit_decorator.py for tasks to queue
[2025-09-02T16:14:05.548+0000] {logging_mixin.py:150} INFO - [2025-09-02T16:14:05.548+0000] {dagbag.py:541} INFO - Filling up the DagBag from /home/airflow/.local/lib/python3.7/site-packages/airflow/example_dags/example_short_circuit_decorator.py
[2025-09-02T16:14:05.559+0000] {processor.py:836} INFO - DAG(s) dict_keys(['example_short_circuit_decorator']) retrieved from /home/airflow/.local/lib/python3.7/site-packages/airflow/example_dags/example_short_circuit_decorator.py
[2025-09-02T16:14:05.591+0000] {logging_mixin.py:150} INFO - [2025-09-02T16:14:05.591+0000] {dag.py:2742} INFO - Sync 1 DAGs
[2025-09-02T16:14:05.623+0000] {logging_mixin.py:150} INFO - [2025-09-02T16:14:05.623+0000] {dag.py:3508} INFO - Setting next_dagrun for example_short_circuit_decorator to 2025-09-01T16:14:05.623392+00:00, run_after=2025-09-02T16:14:05.623392+00:00
[2025-09-02T16:14:05.658+0000] {processor.py:179} INFO - Processing /home/airflow/.local/lib/python3.7/site-packages/airflow/example_dags/example_short_circuit_decorator.py took 0.116 seconds
[2025-09-02T16:14:36.850+0000] {processor.py:157} INFO - Started process (PID=250) to work on /home/airflow/.local/lib/python3.7/site-packages/airflow/example_dags/example_short_circuit_decorator.py
[2025-09-02T16:14:36.851+0000] {processor.py:826} INFO - Processing file /home/airflow/.local/lib/python3.7/site-packages/airflow/example_dags/example_short_circuit_decorator.py for tasks to queue
[2025-09-02T16:14:36.852+0000] {logging_mixin.py:150} INFO - [2025-09-02T16:14:36.852+0000] {dagbag.py:541} INFO - Filling up the DagBag from /home/airflow/.local/lib/python3.7/site-packages/airflow/example_dags/example_short_circuit_decorator.py
[2025-09-02T16:14:36.867+0000] {processor.py:836} INFO - DAG(s) dict_keys(['example_short_circuit_decorator']) retrieved from /home/airflow/.local/lib/python3.7/site-packages/airflow/example_dags/example_short_circuit_decorator.py
[2025-09-02T16:14:36.919+0000] {logging_mixin.py:150} INFO - [2025-09-02T16:14:36.918+0000] {dag.py:2742} INFO - Sync 1 DAGs
[2025-09-02T16:14:36.958+0000] {logging_mixin.py:150} INFO - [2025-09-02T16:14:36.958+0000] {dag.py:3508} INFO - Setting next_dagrun for example_short_circuit_decorator to 2025-09-01T16:14:36.957840+00:00, run_after=2025-09-02T16:14:36.957840+00:00
[2025-09-02T16:14:36.996+0000] {processor.py:179} INFO - Processing /home/airflow/.local/lib/python3.7/site-packages/airflow/example_dags/example_short_circuit_decorator.py took 0.151 seconds
[2025-09-02T16:15:07.103+0000] {processor.py:157} INFO - Started process (PID=309) to work on /home/airflow/.local/lib/python3.7/site-packages/airflow/example_dags/example_short_circuit_decorator.py
[2025-09-02T16:15:07.106+0000] {processor.py:826} INFO - Processing file /home/airflow/.local/lib/python3.7/site-packages/airflow/example_dags/example_short_circuit_decorator.py for tasks to queue
[2025-09-02T16:15:07.107+0000] {logging_mixin.py:150} INFO - [2025-09-02T16:15:07.107+0000] {dagbag.py:541} INFO - Filling up the DagBag from /home/airflow/.local/lib/python3.7/site-packages/airflow/example_dags/example_short_circuit_decorator.py
[2025-09-02T16:15:07.122+0000] {processor.py:836} INFO - DAG(s) dict_keys(['example_short_circuit_decorator']) retrieved from /home/airflow/.local/lib/python3.7/site-packages/airflow/example_dags/example_short_circuit_decorator.py
[2025-09-02T16:15:07.161+0000] {logging_mixin.py:150} INFO - [2025-09-02T16:15:07.161+0000] {dag.py:2742} INFO - Sync 1 DAGs
[2025-09-02T16:15:07.196+0000] {logging_mixin.py:150} INFO - [2025-09-02T16:15:07.196+0000] {dag.py:3508} INFO - Setting next_dagrun for example_short_circuit_decorator to 2025-09-01T16:15:07.196110+00:00, run_after=2025-09-02T16:15:07.196110+00:00
[2025-09-02T16:15:07.226+0000] {processor.py:179} INFO - Processing /home/airflow/.local/lib/python3.7/site-packages/airflow/example_dags/example_short_circuit_decorator.py took 0.127 seconds
[2025-09-02T16:15:37.782+0000] {processor.py:157} INFO - Started process (PID=363) to work on /home/airflow/.local/lib/python3.7/site-packages/airflow/example_dags/example_short_circuit_decorator.py
[2025-09-02T16:15:37.783+0000] {processor.py:826} INFO - Processing file /home/airflow/.local/lib/python3.7/site-packages/airflow/example_dags/example_short_circuit_decorator.py for tasks to queue
[2025-09-02T16:15:37.784+0000] {logging_mixin.py:150} INFO - [2025-09-02T16:15:37.783+0000] {dagbag.py:541} INFO - Filling up the DagBag from /home/airflow/.local/lib/python3.7/site-packages/airflow/example_dags/example_short_circuit_decorator.py
[2025-09-02T16:15:37.798+0000] {processor.py:836} INFO - DAG(s) dict_keys(['example_short_circuit_decorator']) retrieved from /home/airflow/.local/lib/python3.7/site-packages/airflow/example_dags/example_short_circuit_decorator.py
[2025-09-02T16:15:37.834+0000] {logging_mixin.py:150} INFO - [2025-09-02T16:15:37.834+0000] {dag.py:2742} INFO - Sync 1 DAGs
[2025-09-02T16:15:37.872+0000] {logging_mixin.py:150} INFO - [2025-09-02T16:15:37.872+0000] {dag.py:3508} INFO - Setting next_dagrun for example_short_circuit_decorator to 2025-09-01T16:15:37.872038+00:00, run_after=2025-09-02T16:15:37.872038+00:00
[2025-09-02T16:15:37.908+0000] {processor.py:179} INFO - Processing /home/airflow/.local/lib/python3.7/site-packages/airflow/example_dags/example_short_circuit_decorator.py took 0.132 seconds
[2025-09-02T16:16:08.066+0000] {processor.py:157} INFO - Started process (PID=423) to work on /home/airflow/.local/lib/python3.7/site-packages/airflow/example_dags/example_short_circuit_decorator.py
[2025-09-02T16:16:08.067+0000] {processor.py:826} INFO - Processing file /home/airflow/.local/lib/python3.7/site-packages/airflow/example_dags/example_short_circuit_decorator.py for tasks to queue
[2025-09-02T16:16:08.068+0000] {logging_mixin.py:150} INFO - [2025-09-02T16:16:08.067+0000] {dagbag.py:541} INFO - Filling up the DagBag from /home/airflow/.local/lib/python3.7/site-packages/airflow/example_dags/example_short_circuit_decorator.py
[2025-09-02T16:16:08.080+0000] {processor.py:836} INFO - DAG(s) dict_keys(['example_short_circuit_decorator']) retrieved from /home/airflow/.local/lib/python3.7/site-packages/airflow/example_dags/example_short_circuit_decorator.py
[2025-09-02T16:16:08.114+0000] {logging_mixin.py:150} INFO - [2025-09-02T16:16:08.114+0000] {dag.py:2742} INFO - Sync 1 DAGs
[2025-09-02T16:16:08.149+0000] {logging_mixin.py:150} INFO - [2025-09-02T16:16:08.149+0000] {dag.py:3508} INFO - Setting next_dagrun for example_short_circuit_decorator to 2025-09-01T16:16:08.149225+00:00, run_after=2025-09-02T16:16:08.149225+00:00
[2025-09-02T16:16:08.176+0000] {processor.py:179} INFO - Processing /home/airflow/.local/lib/python3.7/site-packages/airflow/example_dags/example_short_circuit_decorator.py took 0.117 seconds
[2025-09-02T16:16:38.783+0000] {processor.py:157} INFO - Started process (PID=483) to work on /home/airflow/.local/lib/python3.7/site-packages/airflow/example_dags/example_short_circuit_decorator.py
[2025-09-02T16:16:38.785+0000] {processor.py:826} INFO - Processing file /home/airflow/.local/lib/python3.7/site-packages/airflow/example_dags/example_short_circuit_decorator.py for tasks to queue
[2025-09-02T16:16:38.786+0000] {logging_mixin.py:150} INFO - [2025-09-02T16:16:38.786+0000] {dagbag.py:541} INFO - Filling up the DagBag from /home/airflow/.local/lib/python3.7/site-packages/airflow/example_dags/example_short_circuit_decorator.py
[2025-09-02T16:16:38.799+0000] {processor.py:836} INFO - DAG(s) dict_keys(['example_short_circuit_decorator']) retrieved from /home/airflow/.local/lib/python3.7/site-packages/airflow/example_dags/example_short_circuit_decorator.py
[2025-09-02T16:16:38.830+0000] {logging_mixin.py:150} INFO - [2025-09-02T16:16:38.829+0000] {dag.py:2742} INFO - Sync 1 DAGs
[2025-09-02T16:16:38.868+0000] {logging_mixin.py:150} INFO - [2025-09-02T16:16:38.867+0000] {dag.py:3508} INFO - Setting next_dagrun for example_short_circuit_decorator to 2025-09-01T16:16:38.867479+00:00, run_after=2025-09-02T16:16:38.867479+00:00
[2025-09-02T16:16:38.895+0000] {processor.py:179} INFO - Processing /home/airflow/.local/lib/python3.7/site-packages/airflow/example_dags/example_short_circuit_decorator.py took 0.118 seconds
[2025-09-02T16:17:09.099+0000] {processor.py:157} INFO - Started process (PID=543) to work on /home/airflow/.local/lib/python3.7/site-packages/airflow/example_dags/example_short_circuit_decorator.py
[2025-09-02T16:17:09.100+0000] {processor.py:826} INFO - Processing file /home/airflow/.local/lib/python3.7/site-packages/airflow/example_dags/example_short_circuit_decorator.py for tasks to queue
[2025-09-02T16:17:09.102+0000] {logging_mixin.py:150} INFO - [2025-09-02T16:17:09.101+0000] {dagbag.py:541} INFO - Filling up the DagBag from /home/airflow/.local/lib/python3.7/site-packages/airflow/example_dags/example_short_circuit_decorator.py
[2025-09-02T16:17:09.118+0000] {processor.py:836} INFO - DAG(s) dict_keys(['example_short_circuit_decorator']) retrieved from /home/airflow/.local/lib/python3.7/site-packages/airflow/example_dags/example_short_circuit_decorator.py
[2025-09-02T16:17:09.162+0000] {logging_mixin.py:150} INFO - [2025-09-02T16:17:09.161+0000] {dag.py:2742} INFO - Sync 1 DAGs
[2025-09-02T16:17:09.208+0000] {logging_mixin.py:150} INFO - [2025-09-02T16:17:09.208+0000] {dag.py:3508} INFO - Setting next_dagrun for example_short_circuit_decorator to 2025-09-01T16:17:09.207869+00:00, run_after=2025-09-02T16:17:09.207869+00:00
[2025-09-02T16:17:09.246+0000] {processor.py:179} INFO - Processing /home/airflow/.local/lib/python3.7/site-packages/airflow/example_dags/example_short_circuit_decorator.py took 0.153 seconds
[2025-09-02T16:17:39.464+0000] {processor.py:157} INFO - Started process (PID=603) to work on /home/airflow/.local/lib/python3.7/site-packages/airflow/example_dags/example_short_circuit_decorator.py
[2025-09-02T16:17:39.465+0000] {processor.py:826} INFO - Processing file /home/airflow/.local/lib/python3.7/site-packages/airflow/example_dags/example_short_circuit_decorator.py for tasks to queue
[2025-09-02T16:17:39.466+0000] {logging_mixin.py:150} INFO - [2025-09-02T16:17:39.465+0000] {dagbag.py:541} INFO - Filling up the DagBag from /home/airflow/.local/lib/python3.7/site-packages/airflow/example_dags/example_short_circuit_decorator.py
[2025-09-02T16:17:39.477+0000] {processor.py:836} INFO - DAG(s) dict_keys(['example_short_circuit_decorator']) retrieved from /home/airflow/.local/lib/python3.7/site-packages/airflow/example_dags/example_short_circuit_decorator.py
[2025-09-02T16:17:39.510+0000] {logging_mixin.py:150} INFO - [2025-09-02T16:17:39.509+0000] {dag.py:2742} INFO - Sync 1 DAGs
[2025-09-02T16:17:39.543+0000] {logging_mixin.py:150} INFO - [2025-09-02T16:17:39.543+0000] {dag.py:3508} INFO - Setting next_dagrun for example_short_circuit_decorator to 2025-09-01T16:17:39.543091+00:00, run_after=2025-09-02T16:17:39.543091+00:00
[2025-09-02T16:17:39.573+0000] {processor.py:179} INFO - Processing /home/airflow/.local/lib/python3.7/site-packages/airflow/example_dags/example_short_circuit_decorator.py took 0.112 seconds
[2025-09-02T16:18:10.007+0000] {processor.py:157} INFO - Started process (PID=663) to work on /home/airflow/.local/lib/python3.7/site-packages/airflow/example_dags/example_short_circuit_decorator.py
[2025-09-02T16:18:10.008+0000] {processor.py:826} INFO - Processing file /home/airflow/.local/lib/python3.7/site-packages/airflow/example_dags/example_short_circuit_decorator.py for tasks to queue
[2025-09-02T16:18:10.009+0000] {logging_mixin.py:150} INFO - [2025-09-02T16:18:10.009+0000] {dagbag.py:541} INFO - Filling up the DagBag from /home/airflow/.local/lib/python3.7/site-packages/airflow/example_dags/example_short_circuit_decorator.py
[2025-09-02T16:18:10.023+0000] {processor.py:836} INFO - DAG(s) dict_keys(['example_short_circuit_decorator']) retrieved from /home/airflow/.local/lib/python3.7/site-packages/airflow/example_dags/example_short_circuit_decorator.py
[2025-09-02T16:18:10.055+0000] {logging_mixin.py:150} INFO - [2025-09-02T16:18:10.055+0000] {dag.py:2742} INFO - Sync 1 DAGs
[2025-09-02T16:18:10.090+0000] {logging_mixin.py:150} INFO - [2025-09-02T16:18:10.089+0000] {dag.py:3508} INFO - Setting next_dagrun for example_short_circuit_decorator to 2025-09-01T16:18:10.089515+00:00, run_after=2025-09-02T16:18:10.089515+00:00
[2025-09-02T16:18:10.116+0000] {processor.py:179} INFO - Processing /home/airflow/.local/lib/python3.7/site-packages/airflow/example_dags/example_short_circuit_decorator.py took 0.115 seconds
[2025-09-02T16:18:40.505+0000] {processor.py:157} INFO - Started process (PID=723) to work on /home/airflow/.local/lib/python3.7/site-packages/airflow/example_dags/example_short_circuit_decorator.py
[2025-09-02T16:18:40.506+0000] {processor.py:826} INFO - Processing file /home/airflow/.local/lib/python3.7/site-packages/airflow/example_dags/example_short_circuit_decorator.py for tasks to queue
[2025-09-02T16:18:40.507+0000] {logging_mixin.py:150} INFO - [2025-09-02T16:18:40.506+0000] {dagbag.py:541} INFO - Filling up the DagBag from /home/airflow/.local/lib/python3.7/site-packages/airflow/example_dags/example_short_circuit_decorator.py
[2025-09-02T16:18:40.518+0000] {processor.py:836} INFO - DAG(s) dict_keys(['example_short_circuit_decorator']) retrieved from /home/airflow/.local/lib/python3.7/site-packages/airflow/example_dags/example_short_circuit_decorator.py
[2025-09-02T16:18:40.554+0000] {logging_mixin.py:150} INFO - [2025-09-02T16:18:40.554+0000] {dag.py:2742} INFO - Sync 1 DAGs
[2025-09-02T16:18:40.592+0000] {logging_mixin.py:150} INFO - [2025-09-02T16:18:40.591+0000] {dag.py:3508} INFO - Setting next_dagrun for example_short_circuit_decorator to 2025-09-01T16:18:40.591626+00:00, run_after=2025-09-02T16:18:40.591626+00:00
[2025-09-02T16:18:40.620+0000] {processor.py:179} INFO - Processing /home/airflow/.local/lib/python3.7/site-packages/airflow/example_dags/example_short_circuit_decorator.py took 0.121 seconds
[2025-09-02T16:19:11.329+0000] {processor.py:157} INFO - Started process (PID=783) to work on /home/airflow/.local/lib/python3.7/site-packages/airflow/example_dags/example_short_circuit_decorator.py
[2025-09-02T16:19:11.330+0000] {processor.py:826} INFO - Processing file /home/airflow/.local/lib/python3.7/site-packages/airflow/example_dags/example_short_circuit_decorator.py for tasks to queue
[2025-09-02T16:19:11.332+0000] {logging_mixin.py:150} INFO - [2025-09-02T16:19:11.331+0000] {dagbag.py:541} INFO - Filling up the DagBag from /home/airflow/.local/lib/python3.7/site-packages/airflow/example_dags/example_short_circuit_decorator.py
[2025-09-02T16:19:11.355+0000] {processor.py:836} INFO - DAG(s) dict_keys(['example_short_circuit_decorator']) retrieved from /home/airflow/.local/lib/python3.7/site-packages/airflow/example_dags/example_short_circuit_decorator.py
[2025-09-02T16:19:11.421+0000] {logging_mixin.py:150} INFO - [2025-09-02T16:19:11.420+0000] {dag.py:2742} INFO - Sync 1 DAGs
[2025-09-02T16:19:11.481+0000] {logging_mixin.py:150} INFO - [2025-09-02T16:19:11.481+0000] {dag.py:3508} INFO - Setting next_dagrun for example_short_circuit_decorator to 2025-09-01T16:19:11.473573+00:00, run_after=2025-09-02T16:19:11.473573+00:00
[2025-09-02T16:19:11.523+0000] {processor.py:179} INFO - Processing /home/airflow/.local/lib/python3.7/site-packages/airflow/example_dags/example_short_circuit_decorator.py took 0.198 seconds
[2025-09-02T16:19:41.917+0000] {processor.py:157} INFO - Started process (PID=843) to work on /home/airflow/.local/lib/python3.7/site-packages/airflow/example_dags/example_short_circuit_decorator.py
[2025-09-02T16:19:41.918+0000] {processor.py:826} INFO - Processing file /home/airflow/.local/lib/python3.7/site-packages/airflow/example_dags/example_short_circuit_decorator.py for tasks to queue
[2025-09-02T16:19:41.919+0000] {logging_mixin.py:150} INFO - [2025-09-02T16:19:41.919+0000] {dagbag.py:541} INFO - Filling up the DagBag from /home/airflow/.local/lib/python3.7/site-packages/airflow/example_dags/example_short_circuit_decorator.py
[2025-09-02T16:19:41.932+0000] {processor.py:836} INFO - DAG(s) dict_keys(['example_short_circuit_decorator']) retrieved from /home/airflow/.local/lib/python3.7/site-packages/airflow/example_dags/example_short_circuit_decorator.py
[2025-09-02T16:19:41.970+0000] {logging_mixin.py:150} INFO - [2025-09-02T16:19:41.970+0000] {dag.py:2742} INFO - Sync 1 DAGs
[2025-09-02T16:19:42.012+0000] {logging_mixin.py:150} INFO - [2025-09-02T16:19:42.012+0000] {dag.py:3508} INFO - Setting next_dagrun for example_short_circuit_decorator to 2025-09-01T16:19:42.011853+00:00, run_after=2025-09-02T16:19:42.011853+00:00
[2025-09-02T16:19:42.043+0000] {processor.py:179} INFO - Processing /home/airflow/.local/lib/python3.7/site-packages/airflow/example_dags/example_short_circuit_decorator.py took 0.131 seconds
[2025-09-02T16:20:12.881+0000] {processor.py:157} INFO - Started process (PID=903) to work on /home/airflow/.local/lib/python3.7/site-packages/airflow/example_dags/example_short_circuit_decorator.py
[2025-09-02T16:20:12.883+0000] {processor.py:826} INFO - Processing file /home/airflow/.local/lib/python3.7/site-packages/airflow/example_dags/example_short_circuit_decorator.py for tasks to queue
[2025-09-02T16:20:12.883+0000] {logging_mixin.py:150} INFO - [2025-09-02T16:20:12.883+0000] {dagbag.py:541} INFO - Filling up the DagBag from /home/airflow/.local/lib/python3.7/site-packages/airflow/example_dags/example_short_circuit_decorator.py
[2025-09-02T16:20:12.896+0000] {processor.py:836} INFO - DAG(s) dict_keys(['example_short_circuit_decorator']) retrieved from /home/airflow/.local/lib/python3.7/site-packages/airflow/example_dags/example_short_circuit_decorator.py
[2025-09-02T16:20:12.931+0000] {logging_mixin.py:150} INFO - [2025-09-02T16:20:12.930+0000] {dag.py:2742} INFO - Sync 1 DAGs
[2025-09-02T16:20:12.965+0000] {logging_mixin.py:150} INFO - [2025-09-02T16:20:12.964+0000] {dag.py:3508} INFO - Setting next_dagrun for example_short_circuit_decorator to 2025-09-01T16:20:12.964491+00:00, run_after=2025-09-02T16:20:12.964491+00:00
[2025-09-02T16:20:12.996+0000] {processor.py:179} INFO - Processing /home/airflow/.local/lib/python3.7/site-packages/airflow/example_dags/example_short_circuit_decorator.py took 0.119 seconds
[2025-09-02T16:20:43.569+0000] {processor.py:157} INFO - Started process (PID=963) to work on /home/airflow/.local/lib/python3.7/site-packages/airflow/example_dags/example_short_circuit_decorator.py
[2025-09-02T16:20:43.569+0000] {processor.py:826} INFO - Processing file /home/airflow/.local/lib/python3.7/site-packages/airflow/example_dags/example_short_circuit_decorator.py for tasks to queue
[2025-09-02T16:20:43.570+0000] {logging_mixin.py:150} INFO - [2025-09-02T16:20:43.570+0000] {dagbag.py:541} INFO - Filling up the DagBag from /home/airflow/.local/lib/python3.7/site-packages/airflow/example_dags/example_short_circuit_decorator.py
[2025-09-02T16:20:43.582+0000] {processor.py:836} INFO - DAG(s) dict_keys(['example_short_circuit_decorator']) retrieved from /home/airflow/.local/lib/python3.7/site-packages/airflow/example_dags/example_short_circuit_decorator.py
[2025-09-02T16:20:43.614+0000] {logging_mixin.py:150} INFO - [2025-09-02T16:20:43.614+0000] {dag.py:2742} INFO - Sync 1 DAGs
[2025-09-02T16:20:43.652+0000] {logging_mixin.py:150} INFO - [2025-09-02T16:20:43.651+0000] {dag.py:3508} INFO - Setting next_dagrun for example_short_circuit_decorator to 2025-09-01T16:20:43.651210+00:00, run_after=2025-09-02T16:20:43.651210+00:00
[2025-09-02T16:20:43.680+0000] {processor.py:179} INFO - Processing /home/airflow/.local/lib/python3.7/site-packages/airflow/example_dags/example_short_circuit_decorator.py took 0.116 seconds
[2025-09-02T16:21:14.160+0000] {processor.py:157} INFO - Started process (PID=1023) to work on /home/airflow/.local/lib/python3.7/site-packages/airflow/example_dags/example_short_circuit_decorator.py
[2025-09-02T16:21:14.163+0000] {processor.py:826} INFO - Processing file /home/airflow/.local/lib/python3.7/site-packages/airflow/example_dags/example_short_circuit_decorator.py for tasks to queue
[2025-09-02T16:21:14.165+0000] {logging_mixin.py:150} INFO - [2025-09-02T16:21:14.164+0000] {dagbag.py:541} INFO - Filling up the DagBag from /home/airflow/.local/lib/python3.7/site-packages/airflow/example_dags/example_short_circuit_decorator.py
[2025-09-02T16:21:14.181+0000] {processor.py:836} INFO - DAG(s) dict_keys(['example_short_circuit_decorator']) retrieved from /home/airflow/.local/lib/python3.7/site-packages/airflow/example_dags/example_short_circuit_decorator.py
[2025-09-02T16:21:14.223+0000] {logging_mixin.py:150} INFO - [2025-09-02T16:21:14.222+0000] {dag.py:2742} INFO - Sync 1 DAGs
[2025-09-02T16:21:14.264+0000] {logging_mixin.py:150} INFO - [2025-09-02T16:21:14.263+0000] {dag.py:3508} INFO - Setting next_dagrun for example_short_circuit_decorator to 2025-09-01T16:21:14.263263+00:00, run_after=2025-09-02T16:21:14.263263+00:00
[2025-09-02T16:21:14.297+0000] {processor.py:179} INFO - Processing /home/airflow/.local/lib/python3.7/site-packages/airflow/example_dags/example_short_circuit_decorator.py took 0.143 seconds
[2025-09-02T16:21:44.949+0000] {processor.py:157} INFO - Started process (PID=1083) to work on /home/airflow/.local/lib/python3.7/site-packages/airflow/example_dags/example_short_circuit_decorator.py
[2025-09-02T16:21:44.950+0000] {processor.py:826} INFO - Processing file /home/airflow/.local/lib/python3.7/site-packages/airflow/example_dags/example_short_circuit_decorator.py for tasks to queue
[2025-09-02T16:21:44.952+0000] {logging_mixin.py:150} INFO - [2025-09-02T16:21:44.951+0000] {dagbag.py:541} INFO - Filling up the DagBag from /home/airflow/.local/lib/python3.7/site-packages/airflow/example_dags/example_short_circuit_decorator.py
[2025-09-02T16:21:44.965+0000] {processor.py:836} INFO - DAG(s) dict_keys(['example_short_circuit_decorator']) retrieved from /home/airflow/.local/lib/python3.7/site-packages/airflow/example_dags/example_short_circuit_decorator.py
[2025-09-02T16:21:45.001+0000] {logging_mixin.py:150} INFO - [2025-09-02T16:21:45.001+0000] {dag.py:2742} INFO - Sync 1 DAGs
[2025-09-02T16:21:45.035+0000] {logging_mixin.py:150} INFO - [2025-09-02T16:21:45.035+0000] {dag.py:3508} INFO - Setting next_dagrun for example_short_circuit_decorator to 2025-09-01T16:21:45.034916+00:00, run_after=2025-09-02T16:21:45.034916+00:00
[2025-09-02T16:21:45.063+0000] {processor.py:179} INFO - Processing /home/airflow/.local/lib/python3.7/site-packages/airflow/example_dags/example_short_circuit_decorator.py took 0.122 seconds
[2025-09-02T16:22:15.569+0000] {processor.py:157} INFO - Started process (PID=1143) to work on /home/airflow/.local/lib/python3.7/site-packages/airflow/example_dags/example_short_circuit_decorator.py
[2025-09-02T16:22:15.570+0000] {processor.py:826} INFO - Processing file /home/airflow/.local/lib/python3.7/site-packages/airflow/example_dags/example_short_circuit_decorator.py for tasks to queue
[2025-09-02T16:22:15.571+0000] {logging_mixin.py:150} INFO - [2025-09-02T16:22:15.570+0000] {dagbag.py:541} INFO - Filling up the DagBag from /home/airflow/.local/lib/python3.7/site-packages/airflow/example_dags/example_short_circuit_decorator.py
[2025-09-02T16:22:15.582+0000] {processor.py:836} INFO - DAG(s) dict_keys(['example_short_circuit_decorator']) retrieved from /home/airflow/.local/lib/python3.7/site-packages/airflow/example_dags/example_short_circuit_decorator.py
[2025-09-02T16:22:15.615+0000] {logging_mixin.py:150} INFO - [2025-09-02T16:22:15.614+0000] {dag.py:2742} INFO - Sync 1 DAGs
[2025-09-02T16:22:15.651+0000] {logging_mixin.py:150} INFO - [2025-09-02T16:22:15.651+0000] {dag.py:3508} INFO - Setting next_dagrun for example_short_circuit_decorator to 2025-09-01T16:22:15.651484+00:00, run_after=2025-09-02T16:22:15.651484+00:00
[2025-09-02T16:22:15.679+0000] {processor.py:179} INFO - Processing /home/airflow/.local/lib/python3.7/site-packages/airflow/example_dags/example_short_circuit_decorator.py took 0.114 seconds
[2025-09-02T16:22:45.956+0000] {processor.py:157} INFO - Started process (PID=1203) to work on /home/airflow/.local/lib/python3.7/site-packages/airflow/example_dags/example_short_circuit_decorator.py
[2025-09-02T16:22:45.957+0000] {processor.py:826} INFO - Processing file /home/airflow/.local/lib/python3.7/site-packages/airflow/example_dags/example_short_circuit_decorator.py for tasks to queue
[2025-09-02T16:22:45.960+0000] {logging_mixin.py:150} INFO - [2025-09-02T16:22:45.959+0000] {dagbag.py:541} INFO - Filling up the DagBag from /home/airflow/.local/lib/python3.7/site-packages/airflow/example_dags/example_short_circuit_decorator.py
[2025-09-02T16:22:45.975+0000] {processor.py:836} INFO - DAG(s) dict_keys(['example_short_circuit_decorator']) retrieved from /home/airflow/.local/lib/python3.7/site-packages/airflow/example_dags/example_short_circuit_decorator.py
[2025-09-02T16:22:46.017+0000] {logging_mixin.py:150} INFO - [2025-09-02T16:22:46.017+0000] {dag.py:2742} INFO - Sync 1 DAGs
[2025-09-02T16:22:46.057+0000] {logging_mixin.py:150} INFO - [2025-09-02T16:22:46.056+0000] {dag.py:3508} INFO - Setting next_dagrun for example_short_circuit_decorator to 2025-09-01T16:22:46.056529+00:00, run_after=2025-09-02T16:22:46.056529+00:00
[2025-09-02T16:22:46.090+0000] {processor.py:179} INFO - Processing /home/airflow/.local/lib/python3.7/site-packages/airflow/example_dags/example_short_circuit_decorator.py took 0.139 seconds
[2025-09-02T16:23:16.436+0000] {processor.py:157} INFO - Started process (PID=1263) to work on /home/airflow/.local/lib/python3.7/site-packages/airflow/example_dags/example_short_circuit_decorator.py
[2025-09-02T16:23:16.437+0000] {processor.py:826} INFO - Processing file /home/airflow/.local/lib/python3.7/site-packages/airflow/example_dags/example_short_circuit_decorator.py for tasks to queue
[2025-09-02T16:23:16.438+0000] {logging_mixin.py:150} INFO - [2025-09-02T16:23:16.438+0000] {dagbag.py:541} INFO - Filling up the DagBag from /home/airflow/.local/lib/python3.7/site-packages/airflow/example_dags/example_short_circuit_decorator.py
[2025-09-02T16:23:16.451+0000] {processor.py:836} INFO - DAG(s) dict_keys(['example_short_circuit_decorator']) retrieved from /home/airflow/.local/lib/python3.7/site-packages/airflow/example_dags/example_short_circuit_decorator.py
[2025-09-02T16:23:16.491+0000] {logging_mixin.py:150} INFO - [2025-09-02T16:23:16.490+0000] {dag.py:2742} INFO - Sync 1 DAGs
[2025-09-02T16:23:16.525+0000] {logging_mixin.py:150} INFO - [2025-09-02T16:23:16.525+0000] {dag.py:3508} INFO - Setting next_dagrun for example_short_circuit_decorator to 2025-09-01T16:23:16.525280+00:00, run_after=2025-09-02T16:23:16.525280+00:00
[2025-09-02T16:23:16.552+0000] {processor.py:179} INFO - Processing /home/airflow/.local/lib/python3.7/site-packages/airflow/example_dags/example_short_circuit_decorator.py took 0.121 seconds
[2025-09-02T16:23:46.969+0000] {processor.py:157} INFO - Started process (PID=1323) to work on /home/airflow/.local/lib/python3.7/site-packages/airflow/example_dags/example_short_circuit_decorator.py
[2025-09-02T16:23:46.970+0000] {processor.py:826} INFO - Processing file /home/airflow/.local/lib/python3.7/site-packages/airflow/example_dags/example_short_circuit_decorator.py for tasks to queue
[2025-09-02T16:23:46.971+0000] {logging_mixin.py:150} INFO - [2025-09-02T16:23:46.970+0000] {dagbag.py:541} INFO - Filling up the DagBag from /home/airflow/.local/lib/python3.7/site-packages/airflow/example_dags/example_short_circuit_decorator.py
[2025-09-02T16:23:46.982+0000] {processor.py:836} INFO - DAG(s) dict_keys(['example_short_circuit_decorator']) retrieved from /home/airflow/.local/lib/python3.7/site-packages/airflow/example_dags/example_short_circuit_decorator.py
[2025-09-02T16:23:47.015+0000] {logging_mixin.py:150} INFO - [2025-09-02T16:23:47.015+0000] {dag.py:2742} INFO - Sync 1 DAGs
[2025-09-02T16:23:47.055+0000] {logging_mixin.py:150} INFO - [2025-09-02T16:23:47.055+0000] {dag.py:3508} INFO - Setting next_dagrun for example_short_circuit_decorator to 2025-09-01T16:23:47.054857+00:00, run_after=2025-09-02T16:23:47.054857+00:00
[2025-09-02T16:23:47.082+0000] {processor.py:179} INFO - Processing /home/airflow/.local/lib/python3.7/site-packages/airflow/example_dags/example_short_circuit_decorator.py took 0.117 seconds
[2025-09-02T16:24:17.802+0000] {processor.py:157} INFO - Started process (PID=1383) to work on /home/airflow/.local/lib/python3.7/site-packages/airflow/example_dags/example_short_circuit_decorator.py
[2025-09-02T16:24:17.821+0000] {processor.py:826} INFO - Processing file /home/airflow/.local/lib/python3.7/site-packages/airflow/example_dags/example_short_circuit_decorator.py for tasks to queue
[2025-09-02T16:24:17.827+0000] {logging_mixin.py:150} INFO - [2025-09-02T16:24:17.824+0000] {dagbag.py:541} INFO - Filling up the DagBag from /home/airflow/.local/lib/python3.7/site-packages/airflow/example_dags/example_short_circuit_decorator.py
[2025-09-02T16:24:17.890+0000] {processor.py:836} INFO - DAG(s) dict_keys(['example_short_circuit_decorator']) retrieved from /home/airflow/.local/lib/python3.7/site-packages/airflow/example_dags/example_short_circuit_decorator.py
[2025-09-02T16:24:17.973+0000] {logging_mixin.py:150} INFO - [2025-09-02T16:24:17.971+0000] {dag.py:2742} INFO - Sync 1 DAGs
[2025-09-02T16:24:18.030+0000] {logging_mixin.py:150} INFO - [2025-09-02T16:24:18.029+0000] {dag.py:3508} INFO - Setting next_dagrun for example_short_circuit_decorator to 2025-09-01T16:24:18.029257+00:00, run_after=2025-09-02T16:24:18.029257+00:00
[2025-09-02T16:24:18.084+0000] {processor.py:179} INFO - Processing /home/airflow/.local/lib/python3.7/site-packages/airflow/example_dags/example_short_circuit_decorator.py took 0.297 seconds
[2025-09-02T16:26:28.383+0000] {processor.py:157} INFO - Started process (PID=83) to work on /home/airflow/.local/lib/python3.7/site-packages/airflow/example_dags/example_short_circuit_decorator.py
[2025-09-02T16:26:28.386+0000] {processor.py:826} INFO - Processing file /home/airflow/.local/lib/python3.7/site-packages/airflow/example_dags/example_short_circuit_decorator.py for tasks to queue
[2025-09-02T16:26:28.391+0000] {logging_mixin.py:150} INFO - [2025-09-02T16:26:28.387+0000] {dagbag.py:541} INFO - Filling up the DagBag from /home/airflow/.local/lib/python3.7/site-packages/airflow/example_dags/example_short_circuit_decorator.py
[2025-09-02T16:26:28.442+0000] {processor.py:836} INFO - DAG(s) dict_keys(['example_short_circuit_decorator']) retrieved from /home/airflow/.local/lib/python3.7/site-packages/airflow/example_dags/example_short_circuit_decorator.py
[2025-09-02T16:26:28.895+0000] {logging_mixin.py:150} INFO - [2025-09-02T16:26:28.895+0000] {dag.py:2742} INFO - Sync 1 DAGs
[2025-09-02T16:26:29.499+0000] {logging_mixin.py:150} INFO - [2025-09-02T16:26:29.499+0000] {dag.py:3508} INFO - Setting next_dagrun for example_short_circuit_decorator to 2025-09-01T16:26:29.498735+00:00, run_after=2025-09-02T16:26:29.498735+00:00
[2025-09-02T16:26:29.666+0000] {processor.py:179} INFO - Processing /home/airflow/.local/lib/python3.7/site-packages/airflow/example_dags/example_short_circuit_decorator.py took 1.302 seconds
[2025-09-02T16:26:59.970+0000] {processor.py:157} INFO - Started process (PID=143) to work on /home/airflow/.local/lib/python3.7/site-packages/airflow/example_dags/example_short_circuit_decorator.py
[2025-09-02T16:26:59.972+0000] {processor.py:826} INFO - Processing file /home/airflow/.local/lib/python3.7/site-packages/airflow/example_dags/example_short_circuit_decorator.py for tasks to queue
[2025-09-02T16:26:59.974+0000] {logging_mixin.py:150} INFO - [2025-09-02T16:26:59.974+0000] {dagbag.py:541} INFO - Filling up the DagBag from /home/airflow/.local/lib/python3.7/site-packages/airflow/example_dags/example_short_circuit_decorator.py
[2025-09-02T16:26:59.991+0000] {processor.py:836} INFO - DAG(s) dict_keys(['example_short_circuit_decorator']) retrieved from /home/airflow/.local/lib/python3.7/site-packages/airflow/example_dags/example_short_circuit_decorator.py
[2025-09-02T16:27:00.067+0000] {logging_mixin.py:150} INFO - [2025-09-02T16:27:00.066+0000] {dag.py:2742} INFO - Sync 1 DAGs
[2025-09-02T16:27:00.129+0000] {logging_mixin.py:150} INFO - [2025-09-02T16:27:00.129+0000] {dag.py:3508} INFO - Setting next_dagrun for example_short_circuit_decorator to 2025-09-01T16:27:00.129016+00:00, run_after=2025-09-02T16:27:00.129016+00:00
[2025-09-02T16:27:00.169+0000] {processor.py:179} INFO - Processing /home/airflow/.local/lib/python3.7/site-packages/airflow/example_dags/example_short_circuit_decorator.py took 0.204 seconds
[2025-09-02T16:27:30.810+0000] {processor.py:157} INFO - Started process (PID=203) to work on /home/airflow/.local/lib/python3.7/site-packages/airflow/example_dags/example_short_circuit_decorator.py
[2025-09-02T16:27:30.811+0000] {processor.py:826} INFO - Processing file /home/airflow/.local/lib/python3.7/site-packages/airflow/example_dags/example_short_circuit_decorator.py for tasks to queue
[2025-09-02T16:27:30.812+0000] {logging_mixin.py:150} INFO - [2025-09-02T16:27:30.812+0000] {dagbag.py:541} INFO - Filling up the DagBag from /home/airflow/.local/lib/python3.7/site-packages/airflow/example_dags/example_short_circuit_decorator.py
[2025-09-02T16:27:30.823+0000] {processor.py:836} INFO - DAG(s) dict_keys(['example_short_circuit_decorator']) retrieved from /home/airflow/.local/lib/python3.7/site-packages/airflow/example_dags/example_short_circuit_decorator.py
[2025-09-02T16:27:30.855+0000] {logging_mixin.py:150} INFO - [2025-09-02T16:27:30.854+0000] {dag.py:2742} INFO - Sync 1 DAGs
[2025-09-02T16:27:30.893+0000] {logging_mixin.py:150} INFO - [2025-09-02T16:27:30.893+0000] {dag.py:3508} INFO - Setting next_dagrun for example_short_circuit_decorator to 2025-09-01T16:27:30.893257+00:00, run_after=2025-09-02T16:27:30.893257+00:00
[2025-09-02T16:27:30.921+0000] {processor.py:179} INFO - Processing /home/airflow/.local/lib/python3.7/site-packages/airflow/example_dags/example_short_circuit_decorator.py took 0.115 seconds
[2025-09-02T16:28:01.489+0000] {processor.py:157} INFO - Started process (PID=262) to work on /home/airflow/.local/lib/python3.7/site-packages/airflow/example_dags/example_short_circuit_decorator.py
[2025-09-02T16:28:01.490+0000] {processor.py:826} INFO - Processing file /home/airflow/.local/lib/python3.7/site-packages/airflow/example_dags/example_short_circuit_decorator.py for tasks to queue
[2025-09-02T16:28:01.492+0000] {logging_mixin.py:150} INFO - [2025-09-02T16:28:01.491+0000] {dagbag.py:541} INFO - Filling up the DagBag from /home/airflow/.local/lib/python3.7/site-packages/airflow/example_dags/example_short_circuit_decorator.py
[2025-09-02T16:28:01.506+0000] {processor.py:836} INFO - DAG(s) dict_keys(['example_short_circuit_decorator']) retrieved from /home/airflow/.local/lib/python3.7/site-packages/airflow/example_dags/example_short_circuit_decorator.py
[2025-09-02T16:28:01.540+0000] {logging_mixin.py:150} INFO - [2025-09-02T16:28:01.540+0000] {dag.py:2742} INFO - Sync 1 DAGs
[2025-09-02T16:28:01.576+0000] {logging_mixin.py:150} INFO - [2025-09-02T16:28:01.576+0000] {dag.py:3508} INFO - Setting next_dagrun for example_short_circuit_decorator to 2025-09-01T16:28:01.575858+00:00, run_after=2025-09-02T16:28:01.575858+00:00
[2025-09-02T16:28:01.609+0000] {processor.py:179} INFO - Processing /home/airflow/.local/lib/python3.7/site-packages/airflow/example_dags/example_short_circuit_decorator.py took 0.125 seconds
[2025-09-02T16:28:31.700+0000] {processor.py:157} INFO - Started process (PID=322) to work on /home/airflow/.local/lib/python3.7/site-packages/airflow/example_dags/example_short_circuit_decorator.py
[2025-09-02T16:28:31.703+0000] {processor.py:826} INFO - Processing file /home/airflow/.local/lib/python3.7/site-packages/airflow/example_dags/example_short_circuit_decorator.py for tasks to queue
[2025-09-02T16:28:31.704+0000] {logging_mixin.py:150} INFO - [2025-09-02T16:28:31.704+0000] {dagbag.py:541} INFO - Filling up the DagBag from /home/airflow/.local/lib/python3.7/site-packages/airflow/example_dags/example_short_circuit_decorator.py
[2025-09-02T16:28:31.724+0000] {processor.py:836} INFO - DAG(s) dict_keys(['example_short_circuit_decorator']) retrieved from /home/airflow/.local/lib/python3.7/site-packages/airflow/example_dags/example_short_circuit_decorator.py
[2025-09-02T16:28:31.809+0000] {logging_mixin.py:150} INFO - [2025-09-02T16:28:31.809+0000] {dag.py:2742} INFO - Sync 1 DAGs
[2025-09-02T16:28:31.850+0000] {logging_mixin.py:150} INFO - [2025-09-02T16:28:31.850+0000] {dag.py:3508} INFO - Setting next_dagrun for example_short_circuit_decorator to 2025-09-01T16:28:31.850051+00:00, run_after=2025-09-02T16:28:31.850051+00:00
[2025-09-02T16:28:31.883+0000] {processor.py:179} INFO - Processing /home/airflow/.local/lib/python3.7/site-packages/airflow/example_dags/example_short_circuit_decorator.py took 0.188 seconds
[2025-09-02T16:29:02.412+0000] {processor.py:157} INFO - Started process (PID=382) to work on /home/airflow/.local/lib/python3.7/site-packages/airflow/example_dags/example_short_circuit_decorator.py
[2025-09-02T16:29:02.414+0000] {processor.py:826} INFO - Processing file /home/airflow/.local/lib/python3.7/site-packages/airflow/example_dags/example_short_circuit_decorator.py for tasks to queue
[2025-09-02T16:29:02.415+0000] {logging_mixin.py:150} INFO - [2025-09-02T16:29:02.415+0000] {dagbag.py:541} INFO - Filling up the DagBag from /home/airflow/.local/lib/python3.7/site-packages/airflow/example_dags/example_short_circuit_decorator.py
[2025-09-02T16:29:02.431+0000] {processor.py:836} INFO - DAG(s) dict_keys(['example_short_circuit_decorator']) retrieved from /home/airflow/.local/lib/python3.7/site-packages/airflow/example_dags/example_short_circuit_decorator.py
[2025-09-02T16:29:02.473+0000] {logging_mixin.py:150} INFO - [2025-09-02T16:29:02.472+0000] {dag.py:2742} INFO - Sync 1 DAGs
[2025-09-02T16:29:02.514+0000] {logging_mixin.py:150} INFO - [2025-09-02T16:29:02.513+0000] {dag.py:3508} INFO - Setting next_dagrun for example_short_circuit_decorator to 2025-09-01T16:29:02.513224+00:00, run_after=2025-09-02T16:29:02.513224+00:00
[2025-09-02T16:29:02.547+0000] {processor.py:179} INFO - Processing /home/airflow/.local/lib/python3.7/site-packages/airflow/example_dags/example_short_circuit_decorator.py took 0.143 seconds
[2025-09-02T16:29:32.779+0000] {processor.py:157} INFO - Started process (PID=442) to work on /home/airflow/.local/lib/python3.7/site-packages/airflow/example_dags/example_short_circuit_decorator.py
[2025-09-02T16:29:32.780+0000] {processor.py:826} INFO - Processing file /home/airflow/.local/lib/python3.7/site-packages/airflow/example_dags/example_short_circuit_decorator.py for tasks to queue
[2025-09-02T16:29:32.781+0000] {logging_mixin.py:150} INFO - [2025-09-02T16:29:32.781+0000] {dagbag.py:541} INFO - Filling up the DagBag from /home/airflow/.local/lib/python3.7/site-packages/airflow/example_dags/example_short_circuit_decorator.py
[2025-09-02T16:29:32.797+0000] {processor.py:836} INFO - DAG(s) dict_keys(['example_short_circuit_decorator']) retrieved from /home/airflow/.local/lib/python3.7/site-packages/airflow/example_dags/example_short_circuit_decorator.py
[2025-09-02T16:29:32.832+0000] {logging_mixin.py:150} INFO - [2025-09-02T16:29:32.832+0000] {dag.py:2742} INFO - Sync 1 DAGs
[2025-09-02T16:29:32.870+0000] {logging_mixin.py:150} INFO - [2025-09-02T16:29:32.869+0000] {dag.py:3508} INFO - Setting next_dagrun for example_short_circuit_decorator to 2025-09-01T16:29:32.869618+00:00, run_after=2025-09-02T16:29:32.869618+00:00
[2025-09-02T16:29:32.901+0000] {processor.py:179} INFO - Processing /home/airflow/.local/lib/python3.7/site-packages/airflow/example_dags/example_short_circuit_decorator.py took 0.127 seconds
[2025-09-02T16:30:03.687+0000] {processor.py:157} INFO - Started process (PID=503) to work on /home/airflow/.local/lib/python3.7/site-packages/airflow/example_dags/example_short_circuit_decorator.py
[2025-09-02T16:30:03.691+0000] {processor.py:826} INFO - Processing file /home/airflow/.local/lib/python3.7/site-packages/airflow/example_dags/example_short_circuit_decorator.py for tasks to queue
[2025-09-02T16:30:03.694+0000] {logging_mixin.py:150} INFO - [2025-09-02T16:30:03.691+0000] {dagbag.py:541} INFO - Filling up the DagBag from /home/airflow/.local/lib/python3.7/site-packages/airflow/example_dags/example_short_circuit_decorator.py
[2025-09-02T16:30:03.713+0000] {processor.py:836} INFO - DAG(s) dict_keys(['example_short_circuit_decorator']) retrieved from /home/airflow/.local/lib/python3.7/site-packages/airflow/example_dags/example_short_circuit_decorator.py
[2025-09-02T16:30:03.985+0000] {logging_mixin.py:150} INFO - [2025-09-02T16:30:03.985+0000] {dag.py:2742} INFO - Sync 1 DAGs
[2025-09-02T16:30:04.025+0000] {logging_mixin.py:150} INFO - [2025-09-02T16:30:04.024+0000] {dag.py:3508} INFO - Setting next_dagrun for example_short_circuit_decorator to 2025-09-01T16:30:04.022650+00:00, run_after=2025-09-02T16:30:04.022650+00:00
[2025-09-02T16:30:04.064+0000] {processor.py:179} INFO - Processing /home/airflow/.local/lib/python3.7/site-packages/airflow/example_dags/example_short_circuit_decorator.py took 0.384 seconds
[2025-09-02T16:30:34.613+0000] {processor.py:157} INFO - Started process (PID=556) to work on /home/airflow/.local/lib/python3.7/site-packages/airflow/example_dags/example_short_circuit_decorator.py
[2025-09-02T16:30:34.617+0000] {processor.py:826} INFO - Processing file /home/airflow/.local/lib/python3.7/site-packages/airflow/example_dags/example_short_circuit_decorator.py for tasks to queue
[2025-09-02T16:30:34.619+0000] {logging_mixin.py:150} INFO - [2025-09-02T16:30:34.618+0000] {dagbag.py:541} INFO - Filling up the DagBag from /home/airflow/.local/lib/python3.7/site-packages/airflow/example_dags/example_short_circuit_decorator.py
[2025-09-02T16:30:34.631+0000] {processor.py:836} INFO - DAG(s) dict_keys(['example_short_circuit_decorator']) retrieved from /home/airflow/.local/lib/python3.7/site-packages/airflow/example_dags/example_short_circuit_decorator.py
[2025-09-02T16:30:34.664+0000] {logging_mixin.py:150} INFO - [2025-09-02T16:30:34.664+0000] {dag.py:2742} INFO - Sync 1 DAGs
[2025-09-02T16:30:34.698+0000] {logging_mixin.py:150} INFO - [2025-09-02T16:30:34.698+0000] {dag.py:3508} INFO - Setting next_dagrun for example_short_circuit_decorator to 2025-09-01T16:30:34.698260+00:00, run_after=2025-09-02T16:30:34.698260+00:00
[2025-09-02T16:30:34.731+0000] {processor.py:179} INFO - Processing /home/airflow/.local/lib/python3.7/site-packages/airflow/example_dags/example_short_circuit_decorator.py took 0.122 seconds
