[2025-09-02T16:13:04.405+0000] {processor.py:157} INFO - Started process (PID=77) to work on /home/airflow/.local/lib/python3.7/site-packages/airflow/example_dags/example_local_kubernetes_executor.py
[2025-09-02T16:13:04.406+0000] {processor.py:826} INFO - Processing file /home/airflow/.local/lib/python3.7/site-packages/airflow/example_dags/example_local_kubernetes_executor.py for tasks to queue
[2025-09-02T16:13:04.406+0000] {logging_mixin.py:150} INFO - [2025-09-02T16:13:04.406+0000] {dagbag.py:541} INFO - Filling up the DagBag from /home/airflow/.local/lib/python3.7/site-packages/airflow/example_dags/example_local_kubernetes_executor.py
[2025-09-02T16:13:06.044+0000] {processor.py:836} INFO - DAG(s) dict_keys(['example_local_kubernetes_executor']) retrieved from /home/airflow/.local/lib/python3.7/site-packages/airflow/example_dags/example_local_kubernetes_executor.py
[2025-09-02T16:13:06.172+0000] {logging_mixin.py:150} INFO - [2025-09-02T16:13:06.172+0000] {manager.py:504} INFO - Created Permission View: can read on DAG:example_local_kubernetes_executor
[2025-09-02T16:13:06.189+0000] {logging_mixin.py:150} INFO - [2025-09-02T16:13:06.188+0000] {manager.py:504} INFO - Created Permission View: can edit on DAG:example_local_kubernetes_executor
[2025-09-02T16:13:06.203+0000] {logging_mixin.py:150} INFO - [2025-09-02T16:13:06.203+0000] {manager.py:504} INFO - Created Permission View: can delete on DAG:example_local_kubernetes_executor
[2025-09-02T16:13:06.229+0000] {logging_mixin.py:150} INFO - [2025-09-02T16:13:06.229+0000] {dag.py:2742} INFO - Sync 1 DAGs
[2025-09-02T16:13:06.242+0000] {logging_mixin.py:150} INFO - [2025-09-02T16:13:06.241+0000] {dag.py:2763} INFO - Creating ORM DAG for example_local_kubernetes_executor
[2025-09-02T16:13:06.254+0000] {logging_mixin.py:150} INFO - [2025-09-02T16:13:06.254+0000] {dag.py:3508} INFO - Setting next_dagrun for example_local_kubernetes_executor to None, run_after=None
[2025-09-02T16:13:06.274+0000] {processor.py:179} INFO - Processing /home/airflow/.local/lib/python3.7/site-packages/airflow/example_dags/example_local_kubernetes_executor.py took 1.873 seconds
[2025-09-02T16:13:37.052+0000] {processor.py:157} INFO - Started process (PID=143) to work on /home/airflow/.local/lib/python3.7/site-packages/airflow/example_dags/example_local_kubernetes_executor.py
[2025-09-02T16:13:37.054+0000] {processor.py:826} INFO - Processing file /home/airflow/.local/lib/python3.7/site-packages/airflow/example_dags/example_local_kubernetes_executor.py for tasks to queue
[2025-09-02T16:13:37.055+0000] {logging_mixin.py:150} INFO - [2025-09-02T16:13:37.055+0000] {dagbag.py:541} INFO - Filling up the DagBag from /home/airflow/.local/lib/python3.7/site-packages/airflow/example_dags/example_local_kubernetes_executor.py
[2025-09-02T16:13:37.622+0000] {processor.py:836} INFO - DAG(s) dict_keys(['example_local_kubernetes_executor']) retrieved from /home/airflow/.local/lib/python3.7/site-packages/airflow/example_dags/example_local_kubernetes_executor.py
[2025-09-02T16:13:37.661+0000] {logging_mixin.py:150} INFO - [2025-09-02T16:13:37.660+0000] {dag.py:2742} INFO - Sync 1 DAGs
[2025-09-02T16:13:37.691+0000] {logging_mixin.py:150} INFO - [2025-09-02T16:13:37.691+0000] {dag.py:3508} INFO - Setting next_dagrun for example_local_kubernetes_executor to None, run_after=None
[2025-09-02T16:13:37.716+0000] {processor.py:179} INFO - Processing /home/airflow/.local/lib/python3.7/site-packages/airflow/example_dags/example_local_kubernetes_executor.py took 0.669 seconds
[2025-09-02T16:14:07.828+0000] {processor.py:157} INFO - Started process (PID=206) to work on /home/airflow/.local/lib/python3.7/site-packages/airflow/example_dags/example_local_kubernetes_executor.py
[2025-09-02T16:14:07.829+0000] {processor.py:826} INFO - Processing file /home/airflow/.local/lib/python3.7/site-packages/airflow/example_dags/example_local_kubernetes_executor.py for tasks to queue
[2025-09-02T16:14:07.829+0000] {logging_mixin.py:150} INFO - [2025-09-02T16:14:07.829+0000] {dagbag.py:541} INFO - Filling up the DagBag from /home/airflow/.local/lib/python3.7/site-packages/airflow/example_dags/example_local_kubernetes_executor.py
[2025-09-02T16:14:08.377+0000] {processor.py:836} INFO - DAG(s) dict_keys(['example_local_kubernetes_executor']) retrieved from /home/airflow/.local/lib/python3.7/site-packages/airflow/example_dags/example_local_kubernetes_executor.py
[2025-09-02T16:14:08.418+0000] {logging_mixin.py:150} INFO - [2025-09-02T16:14:08.418+0000] {dag.py:2742} INFO - Sync 1 DAGs
[2025-09-02T16:14:08.452+0000] {logging_mixin.py:150} INFO - [2025-09-02T16:14:08.452+0000] {dag.py:3508} INFO - Setting next_dagrun for example_local_kubernetes_executor to None, run_after=None
[2025-09-02T16:14:08.476+0000] {processor.py:179} INFO - Processing /home/airflow/.local/lib/python3.7/site-packages/airflow/example_dags/example_local_kubernetes_executor.py took 0.652 seconds
[2025-09-02T16:14:38.518+0000] {processor.py:157} INFO - Started process (PID=266) to work on /home/airflow/.local/lib/python3.7/site-packages/airflow/example_dags/example_local_kubernetes_executor.py
[2025-09-02T16:14:38.519+0000] {processor.py:826} INFO - Processing file /home/airflow/.local/lib/python3.7/site-packages/airflow/example_dags/example_local_kubernetes_executor.py for tasks to queue
[2025-09-02T16:14:38.520+0000] {logging_mixin.py:150} INFO - [2025-09-02T16:14:38.520+0000] {dagbag.py:541} INFO - Filling up the DagBag from /home/airflow/.local/lib/python3.7/site-packages/airflow/example_dags/example_local_kubernetes_executor.py
[2025-09-02T16:14:39.097+0000] {processor.py:836} INFO - DAG(s) dict_keys(['example_local_kubernetes_executor']) retrieved from /home/airflow/.local/lib/python3.7/site-packages/airflow/example_dags/example_local_kubernetes_executor.py
[2025-09-02T16:14:39.139+0000] {logging_mixin.py:150} INFO - [2025-09-02T16:14:39.139+0000] {dag.py:2742} INFO - Sync 1 DAGs
[2025-09-02T16:14:39.169+0000] {logging_mixin.py:150} INFO - [2025-09-02T16:14:39.169+0000] {dag.py:3508} INFO - Setting next_dagrun for example_local_kubernetes_executor to None, run_after=None
[2025-09-02T16:14:39.199+0000] {processor.py:179} INFO - Processing /home/airflow/.local/lib/python3.7/site-packages/airflow/example_dags/example_local_kubernetes_executor.py took 0.685 seconds
[2025-09-02T16:15:09.993+0000] {processor.py:157} INFO - Started process (PID=326) to work on /home/airflow/.local/lib/python3.7/site-packages/airflow/example_dags/example_local_kubernetes_executor.py
[2025-09-02T16:15:09.994+0000] {processor.py:826} INFO - Processing file /home/airflow/.local/lib/python3.7/site-packages/airflow/example_dags/example_local_kubernetes_executor.py for tasks to queue
[2025-09-02T16:15:09.995+0000] {logging_mixin.py:150} INFO - [2025-09-02T16:15:09.995+0000] {dagbag.py:541} INFO - Filling up the DagBag from /home/airflow/.local/lib/python3.7/site-packages/airflow/example_dags/example_local_kubernetes_executor.py
[2025-09-02T16:15:10.931+0000] {processor.py:836} INFO - DAG(s) dict_keys(['example_local_kubernetes_executor']) retrieved from /home/airflow/.local/lib/python3.7/site-packages/airflow/example_dags/example_local_kubernetes_executor.py
[2025-09-02T16:15:11.009+0000] {logging_mixin.py:150} INFO - [2025-09-02T16:15:11.009+0000] {dag.py:2742} INFO - Sync 1 DAGs
[2025-09-02T16:15:11.045+0000] {logging_mixin.py:150} INFO - [2025-09-02T16:15:11.044+0000] {dag.py:3508} INFO - Setting next_dagrun for example_local_kubernetes_executor to None, run_after=None
[2025-09-02T16:15:11.091+0000] {processor.py:179} INFO - Processing /home/airflow/.local/lib/python3.7/site-packages/airflow/example_dags/example_local_kubernetes_executor.py took 1.102 seconds
[2025-09-02T16:15:41.484+0000] {processor.py:157} INFO - Started process (PID=386) to work on /home/airflow/.local/lib/python3.7/site-packages/airflow/example_dags/example_local_kubernetes_executor.py
[2025-09-02T16:15:41.485+0000] {processor.py:826} INFO - Processing file /home/airflow/.local/lib/python3.7/site-packages/airflow/example_dags/example_local_kubernetes_executor.py for tasks to queue
[2025-09-02T16:15:41.486+0000] {logging_mixin.py:150} INFO - [2025-09-02T16:15:41.486+0000] {dagbag.py:541} INFO - Filling up the DagBag from /home/airflow/.local/lib/python3.7/site-packages/airflow/example_dags/example_local_kubernetes_executor.py
[2025-09-02T16:15:42.155+0000] {processor.py:836} INFO - DAG(s) dict_keys(['example_local_kubernetes_executor']) retrieved from /home/airflow/.local/lib/python3.7/site-packages/airflow/example_dags/example_local_kubernetes_executor.py
[2025-09-02T16:15:42.217+0000] {logging_mixin.py:150} INFO - [2025-09-02T16:15:42.217+0000] {dag.py:2742} INFO - Sync 1 DAGs
[2025-09-02T16:15:42.249+0000] {logging_mixin.py:150} INFO - [2025-09-02T16:15:42.248+0000] {dag.py:3508} INFO - Setting next_dagrun for example_local_kubernetes_executor to None, run_after=None
[2025-09-02T16:15:42.278+0000] {processor.py:179} INFO - Processing /home/airflow/.local/lib/python3.7/site-packages/airflow/example_dags/example_local_kubernetes_executor.py took 0.800 seconds
[2025-09-02T16:16:12.564+0000] {processor.py:157} INFO - Started process (PID=446) to work on /home/airflow/.local/lib/python3.7/site-packages/airflow/example_dags/example_local_kubernetes_executor.py
[2025-09-02T16:16:12.565+0000] {processor.py:826} INFO - Processing file /home/airflow/.local/lib/python3.7/site-packages/airflow/example_dags/example_local_kubernetes_executor.py for tasks to queue
[2025-09-02T16:16:12.566+0000] {logging_mixin.py:150} INFO - [2025-09-02T16:16:12.565+0000] {dagbag.py:541} INFO - Filling up the DagBag from /home/airflow/.local/lib/python3.7/site-packages/airflow/example_dags/example_local_kubernetes_executor.py
[2025-09-02T16:16:13.185+0000] {processor.py:836} INFO - DAG(s) dict_keys(['example_local_kubernetes_executor']) retrieved from /home/airflow/.local/lib/python3.7/site-packages/airflow/example_dags/example_local_kubernetes_executor.py
[2025-09-02T16:16:13.254+0000] {logging_mixin.py:150} INFO - [2025-09-02T16:16:13.254+0000] {dag.py:2742} INFO - Sync 1 DAGs
[2025-09-02T16:16:13.287+0000] {logging_mixin.py:150} INFO - [2025-09-02T16:16:13.287+0000] {dag.py:3508} INFO - Setting next_dagrun for example_local_kubernetes_executor to None, run_after=None
[2025-09-02T16:16:13.315+0000] {processor.py:179} INFO - Processing /home/airflow/.local/lib/python3.7/site-packages/airflow/example_dags/example_local_kubernetes_executor.py took 0.756 seconds
[2025-09-02T16:16:43.463+0000] {processor.py:157} INFO - Started process (PID=506) to work on /home/airflow/.local/lib/python3.7/site-packages/airflow/example_dags/example_local_kubernetes_executor.py
[2025-09-02T16:16:43.464+0000] {processor.py:826} INFO - Processing file /home/airflow/.local/lib/python3.7/site-packages/airflow/example_dags/example_local_kubernetes_executor.py for tasks to queue
[2025-09-02T16:16:43.466+0000] {logging_mixin.py:150} INFO - [2025-09-02T16:16:43.465+0000] {dagbag.py:541} INFO - Filling up the DagBag from /home/airflow/.local/lib/python3.7/site-packages/airflow/example_dags/example_local_kubernetes_executor.py
[2025-09-02T16:16:44.136+0000] {processor.py:836} INFO - DAG(s) dict_keys(['example_local_kubernetes_executor']) retrieved from /home/airflow/.local/lib/python3.7/site-packages/airflow/example_dags/example_local_kubernetes_executor.py
[2025-09-02T16:16:44.237+0000] {logging_mixin.py:150} INFO - [2025-09-02T16:16:44.236+0000] {dag.py:2742} INFO - Sync 1 DAGs
[2025-09-02T16:16:44.270+0000] {logging_mixin.py:150} INFO - [2025-09-02T16:16:44.270+0000] {dag.py:3508} INFO - Setting next_dagrun for example_local_kubernetes_executor to None, run_after=None
[2025-09-02T16:16:44.302+0000] {processor.py:179} INFO - Processing /home/airflow/.local/lib/python3.7/site-packages/airflow/example_dags/example_local_kubernetes_executor.py took 0.843 seconds
[2025-09-02T16:17:14.363+0000] {processor.py:157} INFO - Started process (PID=566) to work on /home/airflow/.local/lib/python3.7/site-packages/airflow/example_dags/example_local_kubernetes_executor.py
[2025-09-02T16:17:14.365+0000] {processor.py:826} INFO - Processing file /home/airflow/.local/lib/python3.7/site-packages/airflow/example_dags/example_local_kubernetes_executor.py for tasks to queue
[2025-09-02T16:17:14.368+0000] {logging_mixin.py:150} INFO - [2025-09-02T16:17:14.366+0000] {dagbag.py:541} INFO - Filling up the DagBag from /home/airflow/.local/lib/python3.7/site-packages/airflow/example_dags/example_local_kubernetes_executor.py
[2025-09-02T16:17:16.101+0000] {processor.py:836} INFO - DAG(s) dict_keys(['example_local_kubernetes_executor']) retrieved from /home/airflow/.local/lib/python3.7/site-packages/airflow/example_dags/example_local_kubernetes_executor.py
[2025-09-02T16:17:20.675+0000] {logging_mixin.py:150} INFO - [2025-09-02T16:17:20.597+0000] {dag.py:2742} INFO - Sync 1 DAGs
[2025-09-02T16:17:21.181+0000] {logging_mixin.py:150} INFO - [2025-09-02T16:17:21.137+0000] {dag.py:3508} INFO - Setting next_dagrun for example_local_kubernetes_executor to None, run_after=None
[2025-09-02T16:17:22.073+0000] {processor.py:179} INFO - Processing /home/airflow/.local/lib/python3.7/site-packages/airflow/example_dags/example_local_kubernetes_executor.py took 7.719 seconds
[2025-09-02T16:17:52.956+0000] {processor.py:157} INFO - Started process (PID=626) to work on /home/airflow/.local/lib/python3.7/site-packages/airflow/example_dags/example_local_kubernetes_executor.py
[2025-09-02T16:17:52.958+0000] {processor.py:826} INFO - Processing file /home/airflow/.local/lib/python3.7/site-packages/airflow/example_dags/example_local_kubernetes_executor.py for tasks to queue
[2025-09-02T16:17:52.959+0000] {logging_mixin.py:150} INFO - [2025-09-02T16:17:52.959+0000] {dagbag.py:541} INFO - Filling up the DagBag from /home/airflow/.local/lib/python3.7/site-packages/airflow/example_dags/example_local_kubernetes_executor.py
[2025-09-02T16:17:53.615+0000] {processor.py:836} INFO - DAG(s) dict_keys(['example_local_kubernetes_executor']) retrieved from /home/airflow/.local/lib/python3.7/site-packages/airflow/example_dags/example_local_kubernetes_executor.py
[2025-09-02T16:17:53.667+0000] {logging_mixin.py:150} INFO - [2025-09-02T16:17:53.667+0000] {dag.py:2742} INFO - Sync 1 DAGs
[2025-09-02T16:17:53.691+0000] {logging_mixin.py:150} INFO - [2025-09-02T16:17:53.691+0000] {dag.py:3508} INFO - Setting next_dagrun for example_local_kubernetes_executor to None, run_after=None
[2025-09-02T16:17:53.717+0000] {processor.py:179} INFO - Processing /home/airflow/.local/lib/python3.7/site-packages/airflow/example_dags/example_local_kubernetes_executor.py took 0.768 seconds
[2025-09-02T16:18:24.099+0000] {processor.py:157} INFO - Started process (PID=686) to work on /home/airflow/.local/lib/python3.7/site-packages/airflow/example_dags/example_local_kubernetes_executor.py
[2025-09-02T16:18:24.101+0000] {processor.py:826} INFO - Processing file /home/airflow/.local/lib/python3.7/site-packages/airflow/example_dags/example_local_kubernetes_executor.py for tasks to queue
[2025-09-02T16:18:24.102+0000] {logging_mixin.py:150} INFO - [2025-09-02T16:18:24.102+0000] {dagbag.py:541} INFO - Filling up the DagBag from /home/airflow/.local/lib/python3.7/site-packages/airflow/example_dags/example_local_kubernetes_executor.py
[2025-09-02T16:18:24.826+0000] {processor.py:836} INFO - DAG(s) dict_keys(['example_local_kubernetes_executor']) retrieved from /home/airflow/.local/lib/python3.7/site-packages/airflow/example_dags/example_local_kubernetes_executor.py
[2025-09-02T16:18:24.879+0000] {logging_mixin.py:150} INFO - [2025-09-02T16:18:24.878+0000] {dag.py:2742} INFO - Sync 1 DAGs
[2025-09-02T16:18:24.911+0000] {logging_mixin.py:150} INFO - [2025-09-02T16:18:24.911+0000] {dag.py:3508} INFO - Setting next_dagrun for example_local_kubernetes_executor to None, run_after=None
[2025-09-02T16:18:24.950+0000] {processor.py:179} INFO - Processing /home/airflow/.local/lib/python3.7/site-packages/airflow/example_dags/example_local_kubernetes_executor.py took 0.858 seconds
[2025-09-02T16:18:55.011+0000] {processor.py:157} INFO - Started process (PID=746) to work on /home/airflow/.local/lib/python3.7/site-packages/airflow/example_dags/example_local_kubernetes_executor.py
[2025-09-02T16:18:55.013+0000] {processor.py:826} INFO - Processing file /home/airflow/.local/lib/python3.7/site-packages/airflow/example_dags/example_local_kubernetes_executor.py for tasks to queue
[2025-09-02T16:18:55.015+0000] {logging_mixin.py:150} INFO - [2025-09-02T16:18:55.014+0000] {dagbag.py:541} INFO - Filling up the DagBag from /home/airflow/.local/lib/python3.7/site-packages/airflow/example_dags/example_local_kubernetes_executor.py
[2025-09-02T16:18:55.479+0000] {processor.py:836} INFO - DAG(s) dict_keys(['example_local_kubernetes_executor']) retrieved from /home/airflow/.local/lib/python3.7/site-packages/airflow/example_dags/example_local_kubernetes_executor.py
[2025-09-02T16:18:55.534+0000] {logging_mixin.py:150} INFO - [2025-09-02T16:18:55.533+0000] {dag.py:2742} INFO - Sync 1 DAGs
[2025-09-02T16:18:55.560+0000] {logging_mixin.py:150} INFO - [2025-09-02T16:18:55.560+0000] {dag.py:3508} INFO - Setting next_dagrun for example_local_kubernetes_executor to None, run_after=None
[2025-09-02T16:18:55.582+0000] {processor.py:179} INFO - Processing /home/airflow/.local/lib/python3.7/site-packages/airflow/example_dags/example_local_kubernetes_executor.py took 0.580 seconds
[2025-09-02T16:19:26.460+0000] {processor.py:157} INFO - Started process (PID=806) to work on /home/airflow/.local/lib/python3.7/site-packages/airflow/example_dags/example_local_kubernetes_executor.py
[2025-09-02T16:19:26.461+0000] {processor.py:826} INFO - Processing file /home/airflow/.local/lib/python3.7/site-packages/airflow/example_dags/example_local_kubernetes_executor.py for tasks to queue
[2025-09-02T16:19:26.462+0000] {logging_mixin.py:150} INFO - [2025-09-02T16:19:26.462+0000] {dagbag.py:541} INFO - Filling up the DagBag from /home/airflow/.local/lib/python3.7/site-packages/airflow/example_dags/example_local_kubernetes_executor.py
[2025-09-02T16:19:27.204+0000] {processor.py:836} INFO - DAG(s) dict_keys(['example_local_kubernetes_executor']) retrieved from /home/airflow/.local/lib/python3.7/site-packages/airflow/example_dags/example_local_kubernetes_executor.py
[2025-09-02T16:19:27.309+0000] {logging_mixin.py:150} INFO - [2025-09-02T16:19:27.309+0000] {dag.py:2742} INFO - Sync 1 DAGs
[2025-09-02T16:19:27.347+0000] {logging_mixin.py:150} INFO - [2025-09-02T16:19:27.347+0000] {dag.py:3508} INFO - Setting next_dagrun for example_local_kubernetes_executor to None, run_after=None
[2025-09-02T16:19:27.380+0000] {processor.py:179} INFO - Processing /home/airflow/.local/lib/python3.7/site-packages/airflow/example_dags/example_local_kubernetes_executor.py took 0.924 seconds
[2025-09-02T16:19:58.218+0000] {processor.py:157} INFO - Started process (PID=866) to work on /home/airflow/.local/lib/python3.7/site-packages/airflow/example_dags/example_local_kubernetes_executor.py
[2025-09-02T16:19:58.220+0000] {processor.py:826} INFO - Processing file /home/airflow/.local/lib/python3.7/site-packages/airflow/example_dags/example_local_kubernetes_executor.py for tasks to queue
[2025-09-02T16:19:58.221+0000] {logging_mixin.py:150} INFO - [2025-09-02T16:19:58.221+0000] {dagbag.py:541} INFO - Filling up the DagBag from /home/airflow/.local/lib/python3.7/site-packages/airflow/example_dags/example_local_kubernetes_executor.py
[2025-09-02T16:19:58.942+0000] {processor.py:836} INFO - DAG(s) dict_keys(['example_local_kubernetes_executor']) retrieved from /home/airflow/.local/lib/python3.7/site-packages/airflow/example_dags/example_local_kubernetes_executor.py
[2025-09-02T16:19:58.992+0000] {logging_mixin.py:150} INFO - [2025-09-02T16:19:58.992+0000] {dag.py:2742} INFO - Sync 1 DAGs
[2025-09-02T16:19:59.031+0000] {logging_mixin.py:150} INFO - [2025-09-02T16:19:59.031+0000] {dag.py:3508} INFO - Setting next_dagrun for example_local_kubernetes_executor to None, run_after=None
[2025-09-02T16:19:59.060+0000] {processor.py:179} INFO - Processing /home/airflow/.local/lib/python3.7/site-packages/airflow/example_dags/example_local_kubernetes_executor.py took 0.849 seconds
[2025-09-02T16:20:29.155+0000] {processor.py:157} INFO - Started process (PID=926) to work on /home/airflow/.local/lib/python3.7/site-packages/airflow/example_dags/example_local_kubernetes_executor.py
[2025-09-02T16:20:29.159+0000] {processor.py:826} INFO - Processing file /home/airflow/.local/lib/python3.7/site-packages/airflow/example_dags/example_local_kubernetes_executor.py for tasks to queue
[2025-09-02T16:20:29.162+0000] {logging_mixin.py:150} INFO - [2025-09-02T16:20:29.161+0000] {dagbag.py:541} INFO - Filling up the DagBag from /home/airflow/.local/lib/python3.7/site-packages/airflow/example_dags/example_local_kubernetes_executor.py
[2025-09-02T16:20:29.902+0000] {processor.py:836} INFO - DAG(s) dict_keys(['example_local_kubernetes_executor']) retrieved from /home/airflow/.local/lib/python3.7/site-packages/airflow/example_dags/example_local_kubernetes_executor.py
[2025-09-02T16:20:29.992+0000] {logging_mixin.py:150} INFO - [2025-09-02T16:20:29.991+0000] {dag.py:2742} INFO - Sync 1 DAGs
[2025-09-02T16:20:30.031+0000] {logging_mixin.py:150} INFO - [2025-09-02T16:20:30.031+0000] {dag.py:3508} INFO - Setting next_dagrun for example_local_kubernetes_executor to None, run_after=None
[2025-09-02T16:20:30.087+0000] {processor.py:179} INFO - Processing /home/airflow/.local/lib/python3.7/site-packages/airflow/example_dags/example_local_kubernetes_executor.py took 0.949 seconds
[2025-09-02T16:21:00.742+0000] {processor.py:157} INFO - Started process (PID=986) to work on /home/airflow/.local/lib/python3.7/site-packages/airflow/example_dags/example_local_kubernetes_executor.py
[2025-09-02T16:21:00.743+0000] {processor.py:826} INFO - Processing file /home/airflow/.local/lib/python3.7/site-packages/airflow/example_dags/example_local_kubernetes_executor.py for tasks to queue
[2025-09-02T16:21:00.744+0000] {logging_mixin.py:150} INFO - [2025-09-02T16:21:00.744+0000] {dagbag.py:541} INFO - Filling up the DagBag from /home/airflow/.local/lib/python3.7/site-packages/airflow/example_dags/example_local_kubernetes_executor.py
[2025-09-02T16:21:01.440+0000] {processor.py:836} INFO - DAG(s) dict_keys(['example_local_kubernetes_executor']) retrieved from /home/airflow/.local/lib/python3.7/site-packages/airflow/example_dags/example_local_kubernetes_executor.py
[2025-09-02T16:21:01.482+0000] {logging_mixin.py:150} INFO - [2025-09-02T16:21:01.481+0000] {dag.py:2742} INFO - Sync 1 DAGs
[2025-09-02T16:21:01.515+0000] {logging_mixin.py:150} INFO - [2025-09-02T16:21:01.515+0000] {dag.py:3508} INFO - Setting next_dagrun for example_local_kubernetes_executor to None, run_after=None
[2025-09-02T16:21:01.540+0000] {processor.py:179} INFO - Processing /home/airflow/.local/lib/python3.7/site-packages/airflow/example_dags/example_local_kubernetes_executor.py took 0.803 seconds
[2025-09-02T16:21:31.668+0000] {processor.py:157} INFO - Started process (PID=1046) to work on /home/airflow/.local/lib/python3.7/site-packages/airflow/example_dags/example_local_kubernetes_executor.py
[2025-09-02T16:21:31.670+0000] {processor.py:826} INFO - Processing file /home/airflow/.local/lib/python3.7/site-packages/airflow/example_dags/example_local_kubernetes_executor.py for tasks to queue
[2025-09-02T16:21:31.671+0000] {logging_mixin.py:150} INFO - [2025-09-02T16:21:31.670+0000] {dagbag.py:541} INFO - Filling up the DagBag from /home/airflow/.local/lib/python3.7/site-packages/airflow/example_dags/example_local_kubernetes_executor.py
[2025-09-02T16:21:32.371+0000] {processor.py:836} INFO - DAG(s) dict_keys(['example_local_kubernetes_executor']) retrieved from /home/airflow/.local/lib/python3.7/site-packages/airflow/example_dags/example_local_kubernetes_executor.py
[2025-09-02T16:21:32.437+0000] {logging_mixin.py:150} INFO - [2025-09-02T16:21:32.436+0000] {dag.py:2742} INFO - Sync 1 DAGs
[2025-09-02T16:21:32.467+0000] {logging_mixin.py:150} INFO - [2025-09-02T16:21:32.467+0000] {dag.py:3508} INFO - Setting next_dagrun for example_local_kubernetes_executor to None, run_after=None
[2025-09-02T16:21:32.493+0000] {processor.py:179} INFO - Processing /home/airflow/.local/lib/python3.7/site-packages/airflow/example_dags/example_local_kubernetes_executor.py took 0.838 seconds
[2025-09-02T16:22:03.410+0000] {processor.py:157} INFO - Started process (PID=1106) to work on /home/airflow/.local/lib/python3.7/site-packages/airflow/example_dags/example_local_kubernetes_executor.py
[2025-09-02T16:22:03.411+0000] {processor.py:826} INFO - Processing file /home/airflow/.local/lib/python3.7/site-packages/airflow/example_dags/example_local_kubernetes_executor.py for tasks to queue
[2025-09-02T16:22:03.412+0000] {logging_mixin.py:150} INFO - [2025-09-02T16:22:03.412+0000] {dagbag.py:541} INFO - Filling up the DagBag from /home/airflow/.local/lib/python3.7/site-packages/airflow/example_dags/example_local_kubernetes_executor.py
[2025-09-02T16:22:04.032+0000] {processor.py:836} INFO - DAG(s) dict_keys(['example_local_kubernetes_executor']) retrieved from /home/airflow/.local/lib/python3.7/site-packages/airflow/example_dags/example_local_kubernetes_executor.py
[2025-09-02T16:22:04.083+0000] {logging_mixin.py:150} INFO - [2025-09-02T16:22:04.082+0000] {dag.py:2742} INFO - Sync 1 DAGs
[2025-09-02T16:22:04.120+0000] {logging_mixin.py:150} INFO - [2025-09-02T16:22:04.119+0000] {dag.py:3508} INFO - Setting next_dagrun for example_local_kubernetes_executor to None, run_after=None
[2025-09-02T16:22:04.160+0000] {processor.py:179} INFO - Processing /home/airflow/.local/lib/python3.7/site-packages/airflow/example_dags/example_local_kubernetes_executor.py took 0.756 seconds
[2025-09-02T16:22:34.724+0000] {processor.py:157} INFO - Started process (PID=1166) to work on /home/airflow/.local/lib/python3.7/site-packages/airflow/example_dags/example_local_kubernetes_executor.py
[2025-09-02T16:22:34.725+0000] {processor.py:826} INFO - Processing file /home/airflow/.local/lib/python3.7/site-packages/airflow/example_dags/example_local_kubernetes_executor.py for tasks to queue
[2025-09-02T16:22:34.726+0000] {logging_mixin.py:150} INFO - [2025-09-02T16:22:34.725+0000] {dagbag.py:541} INFO - Filling up the DagBag from /home/airflow/.local/lib/python3.7/site-packages/airflow/example_dags/example_local_kubernetes_executor.py
[2025-09-02T16:22:35.351+0000] {processor.py:836} INFO - DAG(s) dict_keys(['example_local_kubernetes_executor']) retrieved from /home/airflow/.local/lib/python3.7/site-packages/airflow/example_dags/example_local_kubernetes_executor.py
[2025-09-02T16:22:35.423+0000] {logging_mixin.py:150} INFO - [2025-09-02T16:22:35.422+0000] {dag.py:2742} INFO - Sync 1 DAGs
[2025-09-02T16:22:35.461+0000] {logging_mixin.py:150} INFO - [2025-09-02T16:22:35.460+0000] {dag.py:3508} INFO - Setting next_dagrun for example_local_kubernetes_executor to None, run_after=None
[2025-09-02T16:22:35.488+0000] {processor.py:179} INFO - Processing /home/airflow/.local/lib/python3.7/site-packages/airflow/example_dags/example_local_kubernetes_executor.py took 0.768 seconds
[2025-09-02T16:23:05.622+0000] {processor.py:157} INFO - Started process (PID=1226) to work on /home/airflow/.local/lib/python3.7/site-packages/airflow/example_dags/example_local_kubernetes_executor.py
[2025-09-02T16:23:05.623+0000] {processor.py:826} INFO - Processing file /home/airflow/.local/lib/python3.7/site-packages/airflow/example_dags/example_local_kubernetes_executor.py for tasks to queue
[2025-09-02T16:23:05.626+0000] {logging_mixin.py:150} INFO - [2025-09-02T16:23:05.625+0000] {dagbag.py:541} INFO - Filling up the DagBag from /home/airflow/.local/lib/python3.7/site-packages/airflow/example_dags/example_local_kubernetes_executor.py
[2025-09-02T16:23:06.456+0000] {processor.py:836} INFO - DAG(s) dict_keys(['example_local_kubernetes_executor']) retrieved from /home/airflow/.local/lib/python3.7/site-packages/airflow/example_dags/example_local_kubernetes_executor.py
[2025-09-02T16:23:06.519+0000] {logging_mixin.py:150} INFO - [2025-09-02T16:23:06.519+0000] {dag.py:2742} INFO - Sync 1 DAGs
[2025-09-02T16:23:06.554+0000] {logging_mixin.py:150} INFO - [2025-09-02T16:23:06.554+0000] {dag.py:3508} INFO - Setting next_dagrun for example_local_kubernetes_executor to None, run_after=None
[2025-09-02T16:23:06.594+0000] {processor.py:179} INFO - Processing /home/airflow/.local/lib/python3.7/site-packages/airflow/example_dags/example_local_kubernetes_executor.py took 0.984 seconds
[2025-09-02T16:23:36.833+0000] {processor.py:157} INFO - Started process (PID=1292) to work on /home/airflow/.local/lib/python3.7/site-packages/airflow/example_dags/example_local_kubernetes_executor.py
[2025-09-02T16:23:36.835+0000] {processor.py:826} INFO - Processing file /home/airflow/.local/lib/python3.7/site-packages/airflow/example_dags/example_local_kubernetes_executor.py for tasks to queue
[2025-09-02T16:23:36.836+0000] {logging_mixin.py:150} INFO - [2025-09-02T16:23:36.835+0000] {dagbag.py:541} INFO - Filling up the DagBag from /home/airflow/.local/lib/python3.7/site-packages/airflow/example_dags/example_local_kubernetes_executor.py
[2025-09-02T16:23:37.468+0000] {processor.py:836} INFO - DAG(s) dict_keys(['example_local_kubernetes_executor']) retrieved from /home/airflow/.local/lib/python3.7/site-packages/airflow/example_dags/example_local_kubernetes_executor.py
[2025-09-02T16:23:37.524+0000] {logging_mixin.py:150} INFO - [2025-09-02T16:23:37.524+0000] {dag.py:2742} INFO - Sync 1 DAGs
[2025-09-02T16:23:37.561+0000] {logging_mixin.py:150} INFO - [2025-09-02T16:23:37.560+0000] {dag.py:3508} INFO - Setting next_dagrun for example_local_kubernetes_executor to None, run_after=None
[2025-09-02T16:23:37.588+0000] {processor.py:179} INFO - Processing /home/airflow/.local/lib/python3.7/site-packages/airflow/example_dags/example_local_kubernetes_executor.py took 0.759 seconds
[2025-09-02T16:24:08.203+0000] {processor.py:157} INFO - Started process (PID=1353) to work on /home/airflow/.local/lib/python3.7/site-packages/airflow/example_dags/example_local_kubernetes_executor.py
[2025-09-02T16:24:08.205+0000] {processor.py:826} INFO - Processing file /home/airflow/.local/lib/python3.7/site-packages/airflow/example_dags/example_local_kubernetes_executor.py for tasks to queue
[2025-09-02T16:24:08.206+0000] {logging_mixin.py:150} INFO - [2025-09-02T16:24:08.206+0000] {dagbag.py:541} INFO - Filling up the DagBag from /home/airflow/.local/lib/python3.7/site-packages/airflow/example_dags/example_local_kubernetes_executor.py
[2025-09-02T16:24:08.751+0000] {processor.py:836} INFO - DAG(s) dict_keys(['example_local_kubernetes_executor']) retrieved from /home/airflow/.local/lib/python3.7/site-packages/airflow/example_dags/example_local_kubernetes_executor.py
[2025-09-02T16:24:08.795+0000] {logging_mixin.py:150} INFO - [2025-09-02T16:24:08.794+0000] {dag.py:2742} INFO - Sync 1 DAGs
[2025-09-02T16:24:08.826+0000] {logging_mixin.py:150} INFO - [2025-09-02T16:24:08.826+0000] {dag.py:3508} INFO - Setting next_dagrun for example_local_kubernetes_executor to None, run_after=None
[2025-09-02T16:24:08.861+0000] {processor.py:179} INFO - Processing /home/airflow/.local/lib/python3.7/site-packages/airflow/example_dags/example_local_kubernetes_executor.py took 0.664 seconds
[2025-09-02T16:24:39.094+0000] {processor.py:157} INFO - Started process (PID=1406) to work on /home/airflow/.local/lib/python3.7/site-packages/airflow/example_dags/example_local_kubernetes_executor.py
[2025-09-02T16:24:39.129+0000] {processor.py:826} INFO - Processing file /home/airflow/.local/lib/python3.7/site-packages/airflow/example_dags/example_local_kubernetes_executor.py for tasks to queue
[2025-09-02T16:24:39.158+0000] {logging_mixin.py:150} INFO - [2025-09-02T16:24:39.130+0000] {dagbag.py:541} INFO - Filling up the DagBag from /home/airflow/.local/lib/python3.7/site-packages/airflow/example_dags/example_local_kubernetes_executor.py
[2025-09-02T16:26:31.042+0000] {processor.py:157} INFO - Started process (PID=91) to work on /home/airflow/.local/lib/python3.7/site-packages/airflow/example_dags/example_local_kubernetes_executor.py
[2025-09-02T16:26:31.046+0000] {processor.py:826} INFO - Processing file /home/airflow/.local/lib/python3.7/site-packages/airflow/example_dags/example_local_kubernetes_executor.py for tasks to queue
[2025-09-02T16:26:31.056+0000] {logging_mixin.py:150} INFO - [2025-09-02T16:26:31.055+0000] {dagbag.py:541} INFO - Filling up the DagBag from /home/airflow/.local/lib/python3.7/site-packages/airflow/example_dags/example_local_kubernetes_executor.py
[2025-09-02T16:26:34.410+0000] {processor.py:836} INFO - DAG(s) dict_keys(['example_local_kubernetes_executor']) retrieved from /home/airflow/.local/lib/python3.7/site-packages/airflow/example_dags/example_local_kubernetes_executor.py
[2025-09-02T16:26:34.555+0000] {logging_mixin.py:150} INFO - [2025-09-02T16:26:34.553+0000] {dag.py:2742} INFO - Sync 1 DAGs
[2025-09-02T16:26:34.669+0000] {logging_mixin.py:150} INFO - [2025-09-02T16:26:34.669+0000] {dag.py:3508} INFO - Setting next_dagrun for example_local_kubernetes_executor to None, run_after=None
[2025-09-02T16:26:34.913+0000] {processor.py:179} INFO - Processing /home/airflow/.local/lib/python3.7/site-packages/airflow/example_dags/example_local_kubernetes_executor.py took 4.112 seconds
[2025-09-02T16:27:05.747+0000] {processor.py:157} INFO - Started process (PID=153) to work on /home/airflow/.local/lib/python3.7/site-packages/airflow/example_dags/example_local_kubernetes_executor.py
[2025-09-02T16:27:05.748+0000] {processor.py:826} INFO - Processing file /home/airflow/.local/lib/python3.7/site-packages/airflow/example_dags/example_local_kubernetes_executor.py for tasks to queue
[2025-09-02T16:27:05.749+0000] {logging_mixin.py:150} INFO - [2025-09-02T16:27:05.749+0000] {dagbag.py:541} INFO - Filling up the DagBag from /home/airflow/.local/lib/python3.7/site-packages/airflow/example_dags/example_local_kubernetes_executor.py
[2025-09-02T16:27:06.981+0000] {processor.py:836} INFO - DAG(s) dict_keys(['example_local_kubernetes_executor']) retrieved from /home/airflow/.local/lib/python3.7/site-packages/airflow/example_dags/example_local_kubernetes_executor.py
[2025-09-02T16:27:07.066+0000] {logging_mixin.py:150} INFO - [2025-09-02T16:27:07.065+0000] {dag.py:2742} INFO - Sync 1 DAGs
[2025-09-02T16:27:07.124+0000] {logging_mixin.py:150} INFO - [2025-09-02T16:27:07.124+0000] {dag.py:3508} INFO - Setting next_dagrun for example_local_kubernetes_executor to None, run_after=None
[2025-09-02T16:27:07.185+0000] {processor.py:179} INFO - Processing /home/airflow/.local/lib/python3.7/site-packages/airflow/example_dags/example_local_kubernetes_executor.py took 1.442 seconds
[2025-09-02T16:27:37.691+0000] {processor.py:157} INFO - Started process (PID=216) to work on /home/airflow/.local/lib/python3.7/site-packages/airflow/example_dags/example_local_kubernetes_executor.py
[2025-09-02T16:27:37.692+0000] {processor.py:826} INFO - Processing file /home/airflow/.local/lib/python3.7/site-packages/airflow/example_dags/example_local_kubernetes_executor.py for tasks to queue
[2025-09-02T16:27:37.693+0000] {logging_mixin.py:150} INFO - [2025-09-02T16:27:37.693+0000] {dagbag.py:541} INFO - Filling up the DagBag from /home/airflow/.local/lib/python3.7/site-packages/airflow/example_dags/example_local_kubernetes_executor.py
[2025-09-02T16:27:38.738+0000] {processor.py:836} INFO - DAG(s) dict_keys(['example_local_kubernetes_executor']) retrieved from /home/airflow/.local/lib/python3.7/site-packages/airflow/example_dags/example_local_kubernetes_executor.py
[2025-09-02T16:27:38.781+0000] {logging_mixin.py:150} INFO - [2025-09-02T16:27:38.780+0000] {dag.py:2742} INFO - Sync 1 DAGs
[2025-09-02T16:27:38.817+0000] {logging_mixin.py:150} INFO - [2025-09-02T16:27:38.817+0000] {dag.py:3508} INFO - Setting next_dagrun for example_local_kubernetes_executor to None, run_after=None
[2025-09-02T16:27:38.847+0000] {processor.py:179} INFO - Processing /home/airflow/.local/lib/python3.7/site-packages/airflow/example_dags/example_local_kubernetes_executor.py took 1.160 seconds
[2025-09-02T16:28:09.476+0000] {processor.py:157} INFO - Started process (PID=278) to work on /home/airflow/.local/lib/python3.7/site-packages/airflow/example_dags/example_local_kubernetes_executor.py
[2025-09-02T16:28:09.482+0000] {processor.py:826} INFO - Processing file /home/airflow/.local/lib/python3.7/site-packages/airflow/example_dags/example_local_kubernetes_executor.py for tasks to queue
[2025-09-02T16:28:09.483+0000] {logging_mixin.py:150} INFO - [2025-09-02T16:28:09.483+0000] {dagbag.py:541} INFO - Filling up the DagBag from /home/airflow/.local/lib/python3.7/site-packages/airflow/example_dags/example_local_kubernetes_executor.py
[2025-09-02T16:28:10.096+0000] {processor.py:836} INFO - DAG(s) dict_keys(['example_local_kubernetes_executor']) retrieved from /home/airflow/.local/lib/python3.7/site-packages/airflow/example_dags/example_local_kubernetes_executor.py
[2025-09-02T16:28:10.132+0000] {logging_mixin.py:150} INFO - [2025-09-02T16:28:10.131+0000] {dag.py:2742} INFO - Sync 1 DAGs
[2025-09-02T16:28:10.161+0000] {logging_mixin.py:150} INFO - [2025-09-02T16:28:10.161+0000] {dag.py:3508} INFO - Setting next_dagrun for example_local_kubernetes_executor to None, run_after=None
[2025-09-02T16:28:10.190+0000] {processor.py:179} INFO - Processing /home/airflow/.local/lib/python3.7/site-packages/airflow/example_dags/example_local_kubernetes_executor.py took 0.725 seconds
[2025-09-02T16:28:40.236+0000] {processor.py:157} INFO - Started process (PID=340) to work on /home/airflow/.local/lib/python3.7/site-packages/airflow/example_dags/example_local_kubernetes_executor.py
[2025-09-02T16:28:40.237+0000] {processor.py:826} INFO - Processing file /home/airflow/.local/lib/python3.7/site-packages/airflow/example_dags/example_local_kubernetes_executor.py for tasks to queue
[2025-09-02T16:28:40.239+0000] {logging_mixin.py:150} INFO - [2025-09-02T16:28:40.238+0000] {dagbag.py:541} INFO - Filling up the DagBag from /home/airflow/.local/lib/python3.7/site-packages/airflow/example_dags/example_local_kubernetes_executor.py
[2025-09-02T16:28:40.917+0000] {processor.py:836} INFO - DAG(s) dict_keys(['example_local_kubernetes_executor']) retrieved from /home/airflow/.local/lib/python3.7/site-packages/airflow/example_dags/example_local_kubernetes_executor.py
[2025-09-02T16:28:40.965+0000] {logging_mixin.py:150} INFO - [2025-09-02T16:28:40.964+0000] {dag.py:2742} INFO - Sync 1 DAGs
[2025-09-02T16:28:40.998+0000] {logging_mixin.py:150} INFO - [2025-09-02T16:28:40.997+0000] {dag.py:3508} INFO - Setting next_dagrun for example_local_kubernetes_executor to None, run_after=None
[2025-09-02T16:28:41.033+0000] {processor.py:179} INFO - Processing /home/airflow/.local/lib/python3.7/site-packages/airflow/example_dags/example_local_kubernetes_executor.py took 0.804 seconds
[2025-09-02T16:29:11.689+0000] {processor.py:157} INFO - Started process (PID=400) to work on /home/airflow/.local/lib/python3.7/site-packages/airflow/example_dags/example_local_kubernetes_executor.py
[2025-09-02T16:29:11.691+0000] {processor.py:826} INFO - Processing file /home/airflow/.local/lib/python3.7/site-packages/airflow/example_dags/example_local_kubernetes_executor.py for tasks to queue
[2025-09-02T16:29:11.692+0000] {logging_mixin.py:150} INFO - [2025-09-02T16:29:11.691+0000] {dagbag.py:541} INFO - Filling up the DagBag from /home/airflow/.local/lib/python3.7/site-packages/airflow/example_dags/example_local_kubernetes_executor.py
[2025-09-02T16:29:12.233+0000] {processor.py:836} INFO - DAG(s) dict_keys(['example_local_kubernetes_executor']) retrieved from /home/airflow/.local/lib/python3.7/site-packages/airflow/example_dags/example_local_kubernetes_executor.py
[2025-09-02T16:29:12.280+0000] {logging_mixin.py:150} INFO - [2025-09-02T16:29:12.279+0000] {dag.py:2742} INFO - Sync 1 DAGs
[2025-09-02T16:29:12.313+0000] {logging_mixin.py:150} INFO - [2025-09-02T16:29:12.313+0000] {dag.py:3508} INFO - Setting next_dagrun for example_local_kubernetes_executor to None, run_after=None
[2025-09-02T16:29:12.354+0000] {processor.py:179} INFO - Processing /home/airflow/.local/lib/python3.7/site-packages/airflow/example_dags/example_local_kubernetes_executor.py took 0.671 seconds
[2025-09-02T16:29:43.224+0000] {processor.py:157} INFO - Started process (PID=461) to work on /home/airflow/.local/lib/python3.7/site-packages/airflow/example_dags/example_local_kubernetes_executor.py
[2025-09-02T16:29:43.227+0000] {processor.py:826} INFO - Processing file /home/airflow/.local/lib/python3.7/site-packages/airflow/example_dags/example_local_kubernetes_executor.py for tasks to queue
[2025-09-02T16:29:43.229+0000] {logging_mixin.py:150} INFO - [2025-09-02T16:29:43.228+0000] {dagbag.py:541} INFO - Filling up the DagBag from /home/airflow/.local/lib/python3.7/site-packages/airflow/example_dags/example_local_kubernetes_executor.py
[2025-09-02T16:29:44.242+0000] {processor.py:836} INFO - DAG(s) dict_keys(['example_local_kubernetes_executor']) retrieved from /home/airflow/.local/lib/python3.7/site-packages/airflow/example_dags/example_local_kubernetes_executor.py
[2025-09-02T16:29:44.288+0000] {logging_mixin.py:150} INFO - [2025-09-02T16:29:44.288+0000] {dag.py:2742} INFO - Sync 1 DAGs
[2025-09-02T16:29:44.333+0000] {logging_mixin.py:150} INFO - [2025-09-02T16:29:44.333+0000] {dag.py:3508} INFO - Setting next_dagrun for example_local_kubernetes_executor to None, run_after=None
[2025-09-02T16:29:44.378+0000] {processor.py:179} INFO - Processing /home/airflow/.local/lib/python3.7/site-packages/airflow/example_dags/example_local_kubernetes_executor.py took 1.164 seconds
[2025-09-02T16:30:14.541+0000] {processor.py:157} INFO - Started process (PID=523) to work on /home/airflow/.local/lib/python3.7/site-packages/airflow/example_dags/example_local_kubernetes_executor.py
[2025-09-02T16:30:14.544+0000] {processor.py:826} INFO - Processing file /home/airflow/.local/lib/python3.7/site-packages/airflow/example_dags/example_local_kubernetes_executor.py for tasks to queue
[2025-09-02T16:30:14.548+0000] {logging_mixin.py:150} INFO - [2025-09-02T16:30:14.548+0000] {dagbag.py:541} INFO - Filling up the DagBag from /home/airflow/.local/lib/python3.7/site-packages/airflow/example_dags/example_local_kubernetes_executor.py
[2025-09-02T16:30:15.709+0000] {processor.py:836} INFO - DAG(s) dict_keys(['example_local_kubernetes_executor']) retrieved from /home/airflow/.local/lib/python3.7/site-packages/airflow/example_dags/example_local_kubernetes_executor.py
[2025-09-02T16:30:15.747+0000] {logging_mixin.py:150} INFO - [2025-09-02T16:30:15.747+0000] {dag.py:2742} INFO - Sync 1 DAGs
[2025-09-02T16:30:15.770+0000] {logging_mixin.py:150} INFO - [2025-09-02T16:30:15.770+0000] {dag.py:3508} INFO - Setting next_dagrun for example_local_kubernetes_executor to None, run_after=None
[2025-09-02T16:30:15.790+0000] {processor.py:179} INFO - Processing /home/airflow/.local/lib/python3.7/site-packages/airflow/example_dags/example_local_kubernetes_executor.py took 1.253 seconds
