[2025-09-02T16:13:01.216+0000] {processor.py:157} INFO - Started process (PID=48) to work on /home/airflow/.local/lib/python3.7/site-packages/airflow/example_dags/tutorial_taskflow_api.py
[2025-09-02T16:13:01.216+0000] {processor.py:826} INFO - Processing file /home/airflow/.local/lib/python3.7/site-packages/airflow/example_dags/tutorial_taskflow_api.py for tasks to queue
[2025-09-02T16:13:01.217+0000] {logging_mixin.py:150} INFO - [2025-09-02T16:13:01.217+0000] {dagbag.py:541} INFO - Filling up the DagBag from /home/airflow/.local/lib/python3.7/site-packages/airflow/example_dags/tutorial_taskflow_api.py
[2025-09-02T16:13:01.231+0000] {processor.py:836} INFO - DAG(s) dict_keys(['tutorial_taskflow_api']) retrieved from /home/airflow/.local/lib/python3.7/site-packages/airflow/example_dags/tutorial_taskflow_api.py
[2025-09-02T16:13:01.376+0000] {logging_mixin.py:150} INFO - [2025-09-02T16:13:01.376+0000] {manager.py:504} INFO - Created Permission View: can read on DAG:tutorial_taskflow_api
[2025-09-02T16:13:01.388+0000] {logging_mixin.py:150} INFO - [2025-09-02T16:13:01.388+0000] {manager.py:504} INFO - Created Permission View: can edit on DAG:tutorial_taskflow_api
[2025-09-02T16:13:01.399+0000] {logging_mixin.py:150} INFO - [2025-09-02T16:13:01.399+0000] {manager.py:504} INFO - Created Permission View: can delete on DAG:tutorial_taskflow_api
[2025-09-02T16:13:01.442+0000] {logging_mixin.py:150} INFO - [2025-09-02T16:13:01.441+0000] {dag.py:2742} INFO - Sync 1 DAGs
[2025-09-02T16:13:01.457+0000] {logging_mixin.py:150} INFO - [2025-09-02T16:13:01.456+0000] {dag.py:2763} INFO - Creating ORM DAG for tutorial_taskflow_api
[2025-09-02T16:13:01.472+0000] {logging_mixin.py:150} INFO - [2025-09-02T16:13:01.471+0000] {dag.py:3508} INFO - Setting next_dagrun for tutorial_taskflow_api to None, run_after=None
[2025-09-02T16:13:01.507+0000] {processor.py:179} INFO - Processing /home/airflow/.local/lib/python3.7/site-packages/airflow/example_dags/tutorial_taskflow_api.py took 0.295 seconds
[2025-09-02T16:13:31.778+0000] {processor.py:157} INFO - Started process (PID=102) to work on /home/airflow/.local/lib/python3.7/site-packages/airflow/example_dags/tutorial_taskflow_api.py
[2025-09-02T16:13:31.779+0000] {processor.py:826} INFO - Processing file /home/airflow/.local/lib/python3.7/site-packages/airflow/example_dags/tutorial_taskflow_api.py for tasks to queue
[2025-09-02T16:13:31.780+0000] {logging_mixin.py:150} INFO - [2025-09-02T16:13:31.779+0000] {dagbag.py:541} INFO - Filling up the DagBag from /home/airflow/.local/lib/python3.7/site-packages/airflow/example_dags/tutorial_taskflow_api.py
[2025-09-02T16:13:31.788+0000] {processor.py:836} INFO - DAG(s) dict_keys(['tutorial_taskflow_api']) retrieved from /home/airflow/.local/lib/python3.7/site-packages/airflow/example_dags/tutorial_taskflow_api.py
[2025-09-02T16:13:31.815+0000] {logging_mixin.py:150} INFO - [2025-09-02T16:13:31.815+0000] {dag.py:2742} INFO - Sync 1 DAGs
[2025-09-02T16:13:31.849+0000] {logging_mixin.py:150} INFO - [2025-09-02T16:13:31.849+0000] {dag.py:3508} INFO - Setting next_dagrun for tutorial_taskflow_api to None, run_after=None
[2025-09-02T16:13:31.875+0000] {processor.py:179} INFO - Processing /home/airflow/.local/lib/python3.7/site-packages/airflow/example_dags/tutorial_taskflow_api.py took 0.101 seconds
[2025-09-02T16:14:02.329+0000] {processor.py:157} INFO - Started process (PID=163) to work on /home/airflow/.local/lib/python3.7/site-packages/airflow/example_dags/tutorial_taskflow_api.py
[2025-09-02T16:14:02.330+0000] {processor.py:826} INFO - Processing file /home/airflow/.local/lib/python3.7/site-packages/airflow/example_dags/tutorial_taskflow_api.py for tasks to queue
[2025-09-02T16:14:02.332+0000] {logging_mixin.py:150} INFO - [2025-09-02T16:14:02.331+0000] {dagbag.py:541} INFO - Filling up the DagBag from /home/airflow/.local/lib/python3.7/site-packages/airflow/example_dags/tutorial_taskflow_api.py
[2025-09-02T16:14:02.361+0000] {processor.py:836} INFO - DAG(s) dict_keys(['tutorial_taskflow_api']) retrieved from /home/airflow/.local/lib/python3.7/site-packages/airflow/example_dags/tutorial_taskflow_api.py
[2025-09-02T16:14:02.420+0000] {logging_mixin.py:150} INFO - [2025-09-02T16:14:02.420+0000] {dag.py:2742} INFO - Sync 1 DAGs
[2025-09-02T16:14:02.486+0000] {logging_mixin.py:150} INFO - [2025-09-02T16:14:02.485+0000] {dag.py:3508} INFO - Setting next_dagrun for tutorial_taskflow_api to None, run_after=None
[2025-09-02T16:14:02.532+0000] {processor.py:179} INFO - Processing /home/airflow/.local/lib/python3.7/site-packages/airflow/example_dags/tutorial_taskflow_api.py took 0.207 seconds
[2025-09-02T16:14:33.040+0000] {processor.py:157} INFO - Started process (PID=223) to work on /home/airflow/.local/lib/python3.7/site-packages/airflow/example_dags/tutorial_taskflow_api.py
[2025-09-02T16:14:33.041+0000] {processor.py:826} INFO - Processing file /home/airflow/.local/lib/python3.7/site-packages/airflow/example_dags/tutorial_taskflow_api.py for tasks to queue
[2025-09-02T16:14:33.043+0000] {logging_mixin.py:150} INFO - [2025-09-02T16:14:33.042+0000] {dagbag.py:541} INFO - Filling up the DagBag from /home/airflow/.local/lib/python3.7/site-packages/airflow/example_dags/tutorial_taskflow_api.py
[2025-09-02T16:14:33.053+0000] {processor.py:836} INFO - DAG(s) dict_keys(['tutorial_taskflow_api']) retrieved from /home/airflow/.local/lib/python3.7/site-packages/airflow/example_dags/tutorial_taskflow_api.py
[2025-09-02T16:14:33.085+0000] {logging_mixin.py:150} INFO - [2025-09-02T16:14:33.085+0000] {dag.py:2742} INFO - Sync 1 DAGs
[2025-09-02T16:14:33.124+0000] {logging_mixin.py:150} INFO - [2025-09-02T16:14:33.124+0000] {dag.py:3508} INFO - Setting next_dagrun for tutorial_taskflow_api to None, run_after=None
[2025-09-02T16:14:33.155+0000] {processor.py:179} INFO - Processing /home/airflow/.local/lib/python3.7/site-packages/airflow/example_dags/tutorial_taskflow_api.py took 0.120 seconds
[2025-09-02T16:15:03.721+0000] {processor.py:157} INFO - Started process (PID=283) to work on /home/airflow/.local/lib/python3.7/site-packages/airflow/example_dags/tutorial_taskflow_api.py
[2025-09-02T16:15:03.724+0000] {processor.py:826} INFO - Processing file /home/airflow/.local/lib/python3.7/site-packages/airflow/example_dags/tutorial_taskflow_api.py for tasks to queue
[2025-09-02T16:15:03.725+0000] {logging_mixin.py:150} INFO - [2025-09-02T16:15:03.724+0000] {dagbag.py:541} INFO - Filling up the DagBag from /home/airflow/.local/lib/python3.7/site-packages/airflow/example_dags/tutorial_taskflow_api.py
[2025-09-02T16:15:03.741+0000] {processor.py:836} INFO - DAG(s) dict_keys(['tutorial_taskflow_api']) retrieved from /home/airflow/.local/lib/python3.7/site-packages/airflow/example_dags/tutorial_taskflow_api.py
[2025-09-02T16:15:03.791+0000] {logging_mixin.py:150} INFO - [2025-09-02T16:15:03.790+0000] {dag.py:2742} INFO - Sync 1 DAGs
[2025-09-02T16:15:03.840+0000] {logging_mixin.py:150} INFO - [2025-09-02T16:15:03.840+0000] {dag.py:3508} INFO - Setting next_dagrun for tutorial_taskflow_api to None, run_after=None
[2025-09-02T16:15:03.879+0000] {processor.py:179} INFO - Processing /home/airflow/.local/lib/python3.7/site-packages/airflow/example_dags/tutorial_taskflow_api.py took 0.167 seconds
[2025-09-02T16:15:34.567+0000] {processor.py:157} INFO - Started process (PID=343) to work on /home/airflow/.local/lib/python3.7/site-packages/airflow/example_dags/tutorial_taskflow_api.py
[2025-09-02T16:15:34.568+0000] {processor.py:826} INFO - Processing file /home/airflow/.local/lib/python3.7/site-packages/airflow/example_dags/tutorial_taskflow_api.py for tasks to queue
[2025-09-02T16:15:34.570+0000] {logging_mixin.py:150} INFO - [2025-09-02T16:15:34.569+0000] {dagbag.py:541} INFO - Filling up the DagBag from /home/airflow/.local/lib/python3.7/site-packages/airflow/example_dags/tutorial_taskflow_api.py
[2025-09-02T16:15:34.580+0000] {processor.py:836} INFO - DAG(s) dict_keys(['tutorial_taskflow_api']) retrieved from /home/airflow/.local/lib/python3.7/site-packages/airflow/example_dags/tutorial_taskflow_api.py
[2025-09-02T16:15:34.618+0000] {logging_mixin.py:150} INFO - [2025-09-02T16:15:34.617+0000] {dag.py:2742} INFO - Sync 1 DAGs
[2025-09-02T16:15:34.661+0000] {logging_mixin.py:150} INFO - [2025-09-02T16:15:34.660+0000] {dag.py:3508} INFO - Setting next_dagrun for tutorial_taskflow_api to None, run_after=None
[2025-09-02T16:15:34.700+0000] {processor.py:179} INFO - Processing /home/airflow/.local/lib/python3.7/site-packages/airflow/example_dags/tutorial_taskflow_api.py took 0.138 seconds
[2025-09-02T16:16:04.742+0000] {processor.py:157} INFO - Started process (PID=403) to work on /home/airflow/.local/lib/python3.7/site-packages/airflow/example_dags/tutorial_taskflow_api.py
[2025-09-02T16:16:04.744+0000] {processor.py:826} INFO - Processing file /home/airflow/.local/lib/python3.7/site-packages/airflow/example_dags/tutorial_taskflow_api.py for tasks to queue
[2025-09-02T16:16:04.746+0000] {logging_mixin.py:150} INFO - [2025-09-02T16:16:04.745+0000] {dagbag.py:541} INFO - Filling up the DagBag from /home/airflow/.local/lib/python3.7/site-packages/airflow/example_dags/tutorial_taskflow_api.py
[2025-09-02T16:16:04.757+0000] {processor.py:836} INFO - DAG(s) dict_keys(['tutorial_taskflow_api']) retrieved from /home/airflow/.local/lib/python3.7/site-packages/airflow/example_dags/tutorial_taskflow_api.py
[2025-09-02T16:16:04.791+0000] {logging_mixin.py:150} INFO - [2025-09-02T16:16:04.791+0000] {dag.py:2742} INFO - Sync 1 DAGs
[2025-09-02T16:16:04.825+0000] {logging_mixin.py:150} INFO - [2025-09-02T16:16:04.825+0000] {dag.py:3508} INFO - Setting next_dagrun for tutorial_taskflow_api to None, run_after=None
[2025-09-02T16:16:04.852+0000] {processor.py:179} INFO - Processing /home/airflow/.local/lib/python3.7/site-packages/airflow/example_dags/tutorial_taskflow_api.py took 0.116 seconds
[2025-09-02T16:16:35.614+0000] {processor.py:157} INFO - Started process (PID=470) to work on /home/airflow/.local/lib/python3.7/site-packages/airflow/example_dags/tutorial_taskflow_api.py
[2025-09-02T16:16:35.616+0000] {processor.py:826} INFO - Processing file /home/airflow/.local/lib/python3.7/site-packages/airflow/example_dags/tutorial_taskflow_api.py for tasks to queue
[2025-09-02T16:16:35.617+0000] {logging_mixin.py:150} INFO - [2025-09-02T16:16:35.617+0000] {dagbag.py:541} INFO - Filling up the DagBag from /home/airflow/.local/lib/python3.7/site-packages/airflow/example_dags/tutorial_taskflow_api.py
[2025-09-02T16:16:35.626+0000] {processor.py:836} INFO - DAG(s) dict_keys(['tutorial_taskflow_api']) retrieved from /home/airflow/.local/lib/python3.7/site-packages/airflow/example_dags/tutorial_taskflow_api.py
[2025-09-02T16:16:35.655+0000] {logging_mixin.py:150} INFO - [2025-09-02T16:16:35.654+0000] {dag.py:2742} INFO - Sync 1 DAGs
[2025-09-02T16:16:35.691+0000] {logging_mixin.py:150} INFO - [2025-09-02T16:16:35.691+0000] {dag.py:3508} INFO - Setting next_dagrun for tutorial_taskflow_api to None, run_after=None
[2025-09-02T16:16:35.720+0000] {processor.py:179} INFO - Processing /home/airflow/.local/lib/python3.7/site-packages/airflow/example_dags/tutorial_taskflow_api.py took 0.110 seconds
[2025-09-02T16:17:05.794+0000] {processor.py:157} INFO - Started process (PID=530) to work on /home/airflow/.local/lib/python3.7/site-packages/airflow/example_dags/tutorial_taskflow_api.py
[2025-09-02T16:17:05.796+0000] {processor.py:826} INFO - Processing file /home/airflow/.local/lib/python3.7/site-packages/airflow/example_dags/tutorial_taskflow_api.py for tasks to queue
[2025-09-02T16:17:05.797+0000] {logging_mixin.py:150} INFO - [2025-09-02T16:17:05.797+0000] {dagbag.py:541} INFO - Filling up the DagBag from /home/airflow/.local/lib/python3.7/site-packages/airflow/example_dags/tutorial_taskflow_api.py
[2025-09-02T16:17:05.811+0000] {processor.py:836} INFO - DAG(s) dict_keys(['tutorial_taskflow_api']) retrieved from /home/airflow/.local/lib/python3.7/site-packages/airflow/example_dags/tutorial_taskflow_api.py
[2025-09-02T16:17:05.863+0000] {logging_mixin.py:150} INFO - [2025-09-02T16:17:05.863+0000] {dag.py:2742} INFO - Sync 1 DAGs
[2025-09-02T16:17:05.906+0000] {logging_mixin.py:150} INFO - [2025-09-02T16:17:05.905+0000] {dag.py:3508} INFO - Setting next_dagrun for tutorial_taskflow_api to None, run_after=None
[2025-09-02T16:17:05.956+0000] {processor.py:179} INFO - Processing /home/airflow/.local/lib/python3.7/site-packages/airflow/example_dags/tutorial_taskflow_api.py took 0.174 seconds
[2025-09-02T16:17:36.406+0000] {processor.py:157} INFO - Started process (PID=590) to work on /home/airflow/.local/lib/python3.7/site-packages/airflow/example_dags/tutorial_taskflow_api.py
[2025-09-02T16:17:36.407+0000] {processor.py:826} INFO - Processing file /home/airflow/.local/lib/python3.7/site-packages/airflow/example_dags/tutorial_taskflow_api.py for tasks to queue
[2025-09-02T16:17:36.408+0000] {logging_mixin.py:150} INFO - [2025-09-02T16:17:36.408+0000] {dagbag.py:541} INFO - Filling up the DagBag from /home/airflow/.local/lib/python3.7/site-packages/airflow/example_dags/tutorial_taskflow_api.py
[2025-09-02T16:17:36.422+0000] {processor.py:836} INFO - DAG(s) dict_keys(['tutorial_taskflow_api']) retrieved from /home/airflow/.local/lib/python3.7/site-packages/airflow/example_dags/tutorial_taskflow_api.py
[2025-09-02T16:17:36.457+0000] {logging_mixin.py:150} INFO - [2025-09-02T16:17:36.456+0000] {dag.py:2742} INFO - Sync 1 DAGs
[2025-09-02T16:17:36.498+0000] {logging_mixin.py:150} INFO - [2025-09-02T16:17:36.498+0000] {dag.py:3508} INFO - Setting next_dagrun for tutorial_taskflow_api to None, run_after=None
[2025-09-02T16:17:36.545+0000] {processor.py:179} INFO - Processing /home/airflow/.local/lib/python3.7/site-packages/airflow/example_dags/tutorial_taskflow_api.py took 0.144 seconds
[2025-09-02T16:18:07.026+0000] {processor.py:157} INFO - Started process (PID=650) to work on /home/airflow/.local/lib/python3.7/site-packages/airflow/example_dags/tutorial_taskflow_api.py
[2025-09-02T16:18:07.027+0000] {processor.py:826} INFO - Processing file /home/airflow/.local/lib/python3.7/site-packages/airflow/example_dags/tutorial_taskflow_api.py for tasks to queue
[2025-09-02T16:18:07.028+0000] {logging_mixin.py:150} INFO - [2025-09-02T16:18:07.028+0000] {dagbag.py:541} INFO - Filling up the DagBag from /home/airflow/.local/lib/python3.7/site-packages/airflow/example_dags/tutorial_taskflow_api.py
[2025-09-02T16:18:07.063+0000] {processor.py:836} INFO - DAG(s) dict_keys(['tutorial_taskflow_api']) retrieved from /home/airflow/.local/lib/python3.7/site-packages/airflow/example_dags/tutorial_taskflow_api.py
[2025-09-02T16:18:07.103+0000] {logging_mixin.py:150} INFO - [2025-09-02T16:18:07.103+0000] {dag.py:2742} INFO - Sync 1 DAGs
[2025-09-02T16:18:07.153+0000] {logging_mixin.py:150} INFO - [2025-09-02T16:18:07.152+0000] {dag.py:3508} INFO - Setting next_dagrun for tutorial_taskflow_api to None, run_after=None
[2025-09-02T16:18:07.182+0000] {processor.py:179} INFO - Processing /home/airflow/.local/lib/python3.7/site-packages/airflow/example_dags/tutorial_taskflow_api.py took 0.162 seconds
[2025-09-02T16:18:37.333+0000] {processor.py:157} INFO - Started process (PID=710) to work on /home/airflow/.local/lib/python3.7/site-packages/airflow/example_dags/tutorial_taskflow_api.py
[2025-09-02T16:18:37.336+0000] {processor.py:826} INFO - Processing file /home/airflow/.local/lib/python3.7/site-packages/airflow/example_dags/tutorial_taskflow_api.py for tasks to queue
[2025-09-02T16:18:37.337+0000] {logging_mixin.py:150} INFO - [2025-09-02T16:18:37.336+0000] {dagbag.py:541} INFO - Filling up the DagBag from /home/airflow/.local/lib/python3.7/site-packages/airflow/example_dags/tutorial_taskflow_api.py
[2025-09-02T16:18:37.347+0000] {processor.py:836} INFO - DAG(s) dict_keys(['tutorial_taskflow_api']) retrieved from /home/airflow/.local/lib/python3.7/site-packages/airflow/example_dags/tutorial_taskflow_api.py
[2025-09-02T16:18:37.379+0000] {logging_mixin.py:150} INFO - [2025-09-02T16:18:37.379+0000] {dag.py:2742} INFO - Sync 1 DAGs
[2025-09-02T16:18:37.421+0000] {logging_mixin.py:150} INFO - [2025-09-02T16:18:37.420+0000] {dag.py:3508} INFO - Setting next_dagrun for tutorial_taskflow_api to None, run_after=None
[2025-09-02T16:18:37.450+0000] {processor.py:179} INFO - Processing /home/airflow/.local/lib/python3.7/site-packages/airflow/example_dags/tutorial_taskflow_api.py took 0.122 seconds
[2025-09-02T16:19:07.748+0000] {processor.py:157} INFO - Started process (PID=770) to work on /home/airflow/.local/lib/python3.7/site-packages/airflow/example_dags/tutorial_taskflow_api.py
[2025-09-02T16:19:07.749+0000] {processor.py:826} INFO - Processing file /home/airflow/.local/lib/python3.7/site-packages/airflow/example_dags/tutorial_taskflow_api.py for tasks to queue
[2025-09-02T16:19:07.754+0000] {logging_mixin.py:150} INFO - [2025-09-02T16:19:07.753+0000] {dagbag.py:541} INFO - Filling up the DagBag from /home/airflow/.local/lib/python3.7/site-packages/airflow/example_dags/tutorial_taskflow_api.py
[2025-09-02T16:19:07.812+0000] {processor.py:836} INFO - DAG(s) dict_keys(['tutorial_taskflow_api']) retrieved from /home/airflow/.local/lib/python3.7/site-packages/airflow/example_dags/tutorial_taskflow_api.py
[2025-09-02T16:19:07.931+0000] {logging_mixin.py:150} INFO - [2025-09-02T16:19:07.928+0000] {dag.py:2742} INFO - Sync 1 DAGs
[2025-09-02T16:19:08.049+0000] {logging_mixin.py:150} INFO - [2025-09-02T16:19:08.049+0000] {dag.py:3508} INFO - Setting next_dagrun for tutorial_taskflow_api to None, run_after=None
[2025-09-02T16:19:08.202+0000] {processor.py:179} INFO - Processing /home/airflow/.local/lib/python3.7/site-packages/airflow/example_dags/tutorial_taskflow_api.py took 0.464 seconds
[2025-09-02T16:19:38.852+0000] {processor.py:157} INFO - Started process (PID=830) to work on /home/airflow/.local/lib/python3.7/site-packages/airflow/example_dags/tutorial_taskflow_api.py
[2025-09-02T16:19:38.853+0000] {processor.py:826} INFO - Processing file /home/airflow/.local/lib/python3.7/site-packages/airflow/example_dags/tutorial_taskflow_api.py for tasks to queue
[2025-09-02T16:19:38.854+0000] {logging_mixin.py:150} INFO - [2025-09-02T16:19:38.853+0000] {dagbag.py:541} INFO - Filling up the DagBag from /home/airflow/.local/lib/python3.7/site-packages/airflow/example_dags/tutorial_taskflow_api.py
[2025-09-02T16:19:38.865+0000] {processor.py:836} INFO - DAG(s) dict_keys(['tutorial_taskflow_api']) retrieved from /home/airflow/.local/lib/python3.7/site-packages/airflow/example_dags/tutorial_taskflow_api.py
[2025-09-02T16:19:38.904+0000] {logging_mixin.py:150} INFO - [2025-09-02T16:19:38.903+0000] {dag.py:2742} INFO - Sync 1 DAGs
[2025-09-02T16:19:38.947+0000] {logging_mixin.py:150} INFO - [2025-09-02T16:19:38.946+0000] {dag.py:3508} INFO - Setting next_dagrun for tutorial_taskflow_api to None, run_after=None
[2025-09-02T16:19:38.978+0000] {processor.py:179} INFO - Processing /home/airflow/.local/lib/python3.7/site-packages/airflow/example_dags/tutorial_taskflow_api.py took 0.133 seconds
[2025-09-02T16:20:09.545+0000] {processor.py:157} INFO - Started process (PID=890) to work on /home/airflow/.local/lib/python3.7/site-packages/airflow/example_dags/tutorial_taskflow_api.py
[2025-09-02T16:20:09.546+0000] {processor.py:826} INFO - Processing file /home/airflow/.local/lib/python3.7/site-packages/airflow/example_dags/tutorial_taskflow_api.py for tasks to queue
[2025-09-02T16:20:09.548+0000] {logging_mixin.py:150} INFO - [2025-09-02T16:20:09.547+0000] {dagbag.py:541} INFO - Filling up the DagBag from /home/airflow/.local/lib/python3.7/site-packages/airflow/example_dags/tutorial_taskflow_api.py
[2025-09-02T16:20:09.562+0000] {processor.py:836} INFO - DAG(s) dict_keys(['tutorial_taskflow_api']) retrieved from /home/airflow/.local/lib/python3.7/site-packages/airflow/example_dags/tutorial_taskflow_api.py
[2025-09-02T16:20:09.604+0000] {logging_mixin.py:150} INFO - [2025-09-02T16:20:09.604+0000] {dag.py:2742} INFO - Sync 1 DAGs
[2025-09-02T16:20:09.645+0000] {logging_mixin.py:150} INFO - [2025-09-02T16:20:09.645+0000] {dag.py:3508} INFO - Setting next_dagrun for tutorial_taskflow_api to None, run_after=None
[2025-09-02T16:20:09.695+0000] {processor.py:179} INFO - Processing /home/airflow/.local/lib/python3.7/site-packages/airflow/example_dags/tutorial_taskflow_api.py took 0.158 seconds
[2025-09-02T16:20:40.381+0000] {processor.py:157} INFO - Started process (PID=950) to work on /home/airflow/.local/lib/python3.7/site-packages/airflow/example_dags/tutorial_taskflow_api.py
[2025-09-02T16:20:40.383+0000] {processor.py:826} INFO - Processing file /home/airflow/.local/lib/python3.7/site-packages/airflow/example_dags/tutorial_taskflow_api.py for tasks to queue
[2025-09-02T16:20:40.384+0000] {logging_mixin.py:150} INFO - [2025-09-02T16:20:40.384+0000] {dagbag.py:541} INFO - Filling up the DagBag from /home/airflow/.local/lib/python3.7/site-packages/airflow/example_dags/tutorial_taskflow_api.py
[2025-09-02T16:20:40.397+0000] {processor.py:836} INFO - DAG(s) dict_keys(['tutorial_taskflow_api']) retrieved from /home/airflow/.local/lib/python3.7/site-packages/airflow/example_dags/tutorial_taskflow_api.py
[2025-09-02T16:20:40.448+0000] {logging_mixin.py:150} INFO - [2025-09-02T16:20:40.447+0000] {dag.py:2742} INFO - Sync 1 DAGs
[2025-09-02T16:20:40.491+0000] {logging_mixin.py:150} INFO - [2025-09-02T16:20:40.491+0000] {dag.py:3508} INFO - Setting next_dagrun for tutorial_taskflow_api to None, run_after=None
[2025-09-02T16:20:40.527+0000] {processor.py:179} INFO - Processing /home/airflow/.local/lib/python3.7/site-packages/airflow/example_dags/tutorial_taskflow_api.py took 0.151 seconds
[2025-09-02T16:21:10.702+0000] {processor.py:157} INFO - Started process (PID=1010) to work on /home/airflow/.local/lib/python3.7/site-packages/airflow/example_dags/tutorial_taskflow_api.py
[2025-09-02T16:21:10.704+0000] {processor.py:826} INFO - Processing file /home/airflow/.local/lib/python3.7/site-packages/airflow/example_dags/tutorial_taskflow_api.py for tasks to queue
[2025-09-02T16:21:10.705+0000] {logging_mixin.py:150} INFO - [2025-09-02T16:21:10.705+0000] {dagbag.py:541} INFO - Filling up the DagBag from /home/airflow/.local/lib/python3.7/site-packages/airflow/example_dags/tutorial_taskflow_api.py
[2025-09-02T16:21:10.717+0000] {processor.py:836} INFO - DAG(s) dict_keys(['tutorial_taskflow_api']) retrieved from /home/airflow/.local/lib/python3.7/site-packages/airflow/example_dags/tutorial_taskflow_api.py
[2025-09-02T16:21:10.754+0000] {logging_mixin.py:150} INFO - [2025-09-02T16:21:10.754+0000] {dag.py:2742} INFO - Sync 1 DAGs
[2025-09-02T16:21:10.795+0000] {logging_mixin.py:150} INFO - [2025-09-02T16:21:10.794+0000] {dag.py:3508} INFO - Setting next_dagrun for tutorial_taskflow_api to None, run_after=None
[2025-09-02T16:21:10.831+0000] {processor.py:179} INFO - Processing /home/airflow/.local/lib/python3.7/site-packages/airflow/example_dags/tutorial_taskflow_api.py took 0.136 seconds
[2025-09-02T16:21:41.784+0000] {processor.py:157} INFO - Started process (PID=1070) to work on /home/airflow/.local/lib/python3.7/site-packages/airflow/example_dags/tutorial_taskflow_api.py
[2025-09-02T16:21:41.787+0000] {processor.py:826} INFO - Processing file /home/airflow/.local/lib/python3.7/site-packages/airflow/example_dags/tutorial_taskflow_api.py for tasks to queue
[2025-09-02T16:21:41.788+0000] {logging_mixin.py:150} INFO - [2025-09-02T16:21:41.787+0000] {dagbag.py:541} INFO - Filling up the DagBag from /home/airflow/.local/lib/python3.7/site-packages/airflow/example_dags/tutorial_taskflow_api.py
[2025-09-02T16:21:41.810+0000] {processor.py:836} INFO - DAG(s) dict_keys(['tutorial_taskflow_api']) retrieved from /home/airflow/.local/lib/python3.7/site-packages/airflow/example_dags/tutorial_taskflow_api.py
[2025-09-02T16:21:41.847+0000] {logging_mixin.py:150} INFO - [2025-09-02T16:21:41.847+0000] {dag.py:2742} INFO - Sync 1 DAGs
[2025-09-02T16:21:41.887+0000] {logging_mixin.py:150} INFO - [2025-09-02T16:21:41.886+0000] {dag.py:3508} INFO - Setting next_dagrun for tutorial_taskflow_api to None, run_after=None
[2025-09-02T16:21:41.926+0000] {processor.py:179} INFO - Processing /home/airflow/.local/lib/python3.7/site-packages/airflow/example_dags/tutorial_taskflow_api.py took 0.147 seconds
[2025-09-02T16:22:12.376+0000] {processor.py:157} INFO - Started process (PID=1130) to work on /home/airflow/.local/lib/python3.7/site-packages/airflow/example_dags/tutorial_taskflow_api.py
[2025-09-02T16:22:12.378+0000] {processor.py:826} INFO - Processing file /home/airflow/.local/lib/python3.7/site-packages/airflow/example_dags/tutorial_taskflow_api.py for tasks to queue
[2025-09-02T16:22:12.379+0000] {logging_mixin.py:150} INFO - [2025-09-02T16:22:12.378+0000] {dagbag.py:541} INFO - Filling up the DagBag from /home/airflow/.local/lib/python3.7/site-packages/airflow/example_dags/tutorial_taskflow_api.py
[2025-09-02T16:22:12.392+0000] {processor.py:836} INFO - DAG(s) dict_keys(['tutorial_taskflow_api']) retrieved from /home/airflow/.local/lib/python3.7/site-packages/airflow/example_dags/tutorial_taskflow_api.py
[2025-09-02T16:22:12.437+0000] {logging_mixin.py:150} INFO - [2025-09-02T16:22:12.437+0000] {dag.py:2742} INFO - Sync 1 DAGs
[2025-09-02T16:22:12.492+0000] {logging_mixin.py:150} INFO - [2025-09-02T16:22:12.491+0000] {dag.py:3508} INFO - Setting next_dagrun for tutorial_taskflow_api to None, run_after=None
[2025-09-02T16:22:12.547+0000] {processor.py:179} INFO - Processing /home/airflow/.local/lib/python3.7/site-packages/airflow/example_dags/tutorial_taskflow_api.py took 0.177 seconds
[2025-09-02T16:22:42.700+0000] {processor.py:157} INFO - Started process (PID=1190) to work on /home/airflow/.local/lib/python3.7/site-packages/airflow/example_dags/tutorial_taskflow_api.py
[2025-09-02T16:22:42.701+0000] {processor.py:826} INFO - Processing file /home/airflow/.local/lib/python3.7/site-packages/airflow/example_dags/tutorial_taskflow_api.py for tasks to queue
[2025-09-02T16:22:42.703+0000] {logging_mixin.py:150} INFO - [2025-09-02T16:22:42.702+0000] {dagbag.py:541} INFO - Filling up the DagBag from /home/airflow/.local/lib/python3.7/site-packages/airflow/example_dags/tutorial_taskflow_api.py
[2025-09-02T16:22:42.714+0000] {processor.py:836} INFO - DAG(s) dict_keys(['tutorial_taskflow_api']) retrieved from /home/airflow/.local/lib/python3.7/site-packages/airflow/example_dags/tutorial_taskflow_api.py
[2025-09-02T16:22:42.749+0000] {logging_mixin.py:150} INFO - [2025-09-02T16:22:42.748+0000] {dag.py:2742} INFO - Sync 1 DAGs
[2025-09-02T16:22:42.794+0000] {logging_mixin.py:150} INFO - [2025-09-02T16:22:42.793+0000] {dag.py:3508} INFO - Setting next_dagrun for tutorial_taskflow_api to None, run_after=None
[2025-09-02T16:22:42.834+0000] {processor.py:179} INFO - Processing /home/airflow/.local/lib/python3.7/site-packages/airflow/example_dags/tutorial_taskflow_api.py took 0.139 seconds
[2025-09-02T16:23:13.166+0000] {processor.py:157} INFO - Started process (PID=1250) to work on /home/airflow/.local/lib/python3.7/site-packages/airflow/example_dags/tutorial_taskflow_api.py
[2025-09-02T16:23:13.167+0000] {processor.py:826} INFO - Processing file /home/airflow/.local/lib/python3.7/site-packages/airflow/example_dags/tutorial_taskflow_api.py for tasks to queue
[2025-09-02T16:23:13.168+0000] {logging_mixin.py:150} INFO - [2025-09-02T16:23:13.168+0000] {dagbag.py:541} INFO - Filling up the DagBag from /home/airflow/.local/lib/python3.7/site-packages/airflow/example_dags/tutorial_taskflow_api.py
[2025-09-02T16:23:13.178+0000] {processor.py:836} INFO - DAG(s) dict_keys(['tutorial_taskflow_api']) retrieved from /home/airflow/.local/lib/python3.7/site-packages/airflow/example_dags/tutorial_taskflow_api.py
[2025-09-02T16:23:13.209+0000] {logging_mixin.py:150} INFO - [2025-09-02T16:23:13.209+0000] {dag.py:2742} INFO - Sync 1 DAGs
[2025-09-02T16:23:13.243+0000] {logging_mixin.py:150} INFO - [2025-09-02T16:23:13.243+0000] {dag.py:3508} INFO - Setting next_dagrun for tutorial_taskflow_api to None, run_after=None
[2025-09-02T16:23:13.274+0000] {processor.py:179} INFO - Processing /home/airflow/.local/lib/python3.7/site-packages/airflow/example_dags/tutorial_taskflow_api.py took 0.113 seconds
[2025-09-02T16:23:43.794+0000] {processor.py:157} INFO - Started process (PID=1310) to work on /home/airflow/.local/lib/python3.7/site-packages/airflow/example_dags/tutorial_taskflow_api.py
[2025-09-02T16:23:43.795+0000] {processor.py:826} INFO - Processing file /home/airflow/.local/lib/python3.7/site-packages/airflow/example_dags/tutorial_taskflow_api.py for tasks to queue
[2025-09-02T16:23:43.796+0000] {logging_mixin.py:150} INFO - [2025-09-02T16:23:43.796+0000] {dagbag.py:541} INFO - Filling up the DagBag from /home/airflow/.local/lib/python3.7/site-packages/airflow/example_dags/tutorial_taskflow_api.py
[2025-09-02T16:23:43.805+0000] {processor.py:836} INFO - DAG(s) dict_keys(['tutorial_taskflow_api']) retrieved from /home/airflow/.local/lib/python3.7/site-packages/airflow/example_dags/tutorial_taskflow_api.py
[2025-09-02T16:23:43.834+0000] {logging_mixin.py:150} INFO - [2025-09-02T16:23:43.833+0000] {dag.py:2742} INFO - Sync 1 DAGs
[2025-09-02T16:23:43.867+0000] {logging_mixin.py:150} INFO - [2025-09-02T16:23:43.867+0000] {dag.py:3508} INFO - Setting next_dagrun for tutorial_taskflow_api to None, run_after=None
[2025-09-02T16:23:43.897+0000] {processor.py:179} INFO - Processing /home/airflow/.local/lib/python3.7/site-packages/airflow/example_dags/tutorial_taskflow_api.py took 0.107 seconds
[2025-09-02T16:24:14.113+0000] {processor.py:157} INFO - Started process (PID=1370) to work on /home/airflow/.local/lib/python3.7/site-packages/airflow/example_dags/tutorial_taskflow_api.py
[2025-09-02T16:24:14.116+0000] {processor.py:826} INFO - Processing file /home/airflow/.local/lib/python3.7/site-packages/airflow/example_dags/tutorial_taskflow_api.py for tasks to queue
[2025-09-02T16:24:14.123+0000] {logging_mixin.py:150} INFO - [2025-09-02T16:24:14.121+0000] {dagbag.py:541} INFO - Filling up the DagBag from /home/airflow/.local/lib/python3.7/site-packages/airflow/example_dags/tutorial_taskflow_api.py
[2025-09-02T16:24:14.156+0000] {processor.py:836} INFO - DAG(s) dict_keys(['tutorial_taskflow_api']) retrieved from /home/airflow/.local/lib/python3.7/site-packages/airflow/example_dags/tutorial_taskflow_api.py
[2025-09-02T16:24:14.198+0000] {logging_mixin.py:150} INFO - [2025-09-02T16:24:14.198+0000] {dag.py:2742} INFO - Sync 1 DAGs
[2025-09-02T16:24:14.238+0000] {logging_mixin.py:150} INFO - [2025-09-02T16:24:14.238+0000] {dag.py:3508} INFO - Setting next_dagrun for tutorial_taskflow_api to None, run_after=None
[2025-09-02T16:24:14.282+0000] {processor.py:179} INFO - Processing /home/airflow/.local/lib/python3.7/site-packages/airflow/example_dags/tutorial_taskflow_api.py took 0.183 seconds
[2025-09-02T16:26:20.030+0000] {processor.py:157} INFO - Started process (PID=63) to work on /home/airflow/.local/lib/python3.7/site-packages/airflow/example_dags/tutorial_taskflow_api.py
[2025-09-02T16:26:20.034+0000] {processor.py:826} INFO - Processing file /home/airflow/.local/lib/python3.7/site-packages/airflow/example_dags/tutorial_taskflow_api.py for tasks to queue
[2025-09-02T16:26:20.040+0000] {logging_mixin.py:150} INFO - [2025-09-02T16:26:20.039+0000] {dagbag.py:541} INFO - Filling up the DagBag from /home/airflow/.local/lib/python3.7/site-packages/airflow/example_dags/tutorial_taskflow_api.py
[2025-09-02T16:26:20.072+0000] {processor.py:836} INFO - DAG(s) dict_keys(['tutorial_taskflow_api']) retrieved from /home/airflow/.local/lib/python3.7/site-packages/airflow/example_dags/tutorial_taskflow_api.py
[2025-09-02T16:26:20.187+0000] {logging_mixin.py:150} INFO - [2025-09-02T16:26:20.186+0000] {dag.py:2742} INFO - Sync 1 DAGs
[2025-09-02T16:26:20.403+0000] {logging_mixin.py:150} INFO - [2025-09-02T16:26:20.402+0000] {dag.py:3508} INFO - Setting next_dagrun for tutorial_taskflow_api to None, run_after=None
[2025-09-02T16:26:20.517+0000] {processor.py:179} INFO - Processing /home/airflow/.local/lib/python3.7/site-packages/airflow/example_dags/tutorial_taskflow_api.py took 0.506 seconds
[2025-09-02T16:26:50.847+0000] {processor.py:157} INFO - Started process (PID=116) to work on /home/airflow/.local/lib/python3.7/site-packages/airflow/example_dags/tutorial_taskflow_api.py
[2025-09-02T16:26:50.851+0000] {processor.py:826} INFO - Processing file /home/airflow/.local/lib/python3.7/site-packages/airflow/example_dags/tutorial_taskflow_api.py for tasks to queue
[2025-09-02T16:26:50.852+0000] {logging_mixin.py:150} INFO - [2025-09-02T16:26:50.852+0000] {dagbag.py:541} INFO - Filling up the DagBag from /home/airflow/.local/lib/python3.7/site-packages/airflow/example_dags/tutorial_taskflow_api.py
[2025-09-02T16:26:50.900+0000] {processor.py:836} INFO - DAG(s) dict_keys(['tutorial_taskflow_api']) retrieved from /home/airflow/.local/lib/python3.7/site-packages/airflow/example_dags/tutorial_taskflow_api.py
[2025-09-02T16:26:51.034+0000] {logging_mixin.py:150} INFO - [2025-09-02T16:26:51.033+0000] {dag.py:2742} INFO - Sync 1 DAGs
[2025-09-02T16:26:51.100+0000] {logging_mixin.py:150} INFO - [2025-09-02T16:26:51.099+0000] {dag.py:3508} INFO - Setting next_dagrun for tutorial_taskflow_api to None, run_after=None
[2025-09-02T16:26:51.171+0000] {processor.py:179} INFO - Processing /home/airflow/.local/lib/python3.7/site-packages/airflow/example_dags/tutorial_taskflow_api.py took 0.331 seconds
[2025-09-02T16:27:21.243+0000] {processor.py:157} INFO - Started process (PID=176) to work on /home/airflow/.local/lib/python3.7/site-packages/airflow/example_dags/tutorial_taskflow_api.py
[2025-09-02T16:27:21.245+0000] {processor.py:826} INFO - Processing file /home/airflow/.local/lib/python3.7/site-packages/airflow/example_dags/tutorial_taskflow_api.py for tasks to queue
[2025-09-02T16:27:21.246+0000] {logging_mixin.py:150} INFO - [2025-09-02T16:27:21.245+0000] {dagbag.py:541} INFO - Filling up the DagBag from /home/airflow/.local/lib/python3.7/site-packages/airflow/example_dags/tutorial_taskflow_api.py
[2025-09-02T16:27:21.259+0000] {processor.py:836} INFO - DAG(s) dict_keys(['tutorial_taskflow_api']) retrieved from /home/airflow/.local/lib/python3.7/site-packages/airflow/example_dags/tutorial_taskflow_api.py
[2025-09-02T16:27:21.293+0000] {logging_mixin.py:150} INFO - [2025-09-02T16:27:21.292+0000] {dag.py:2742} INFO - Sync 1 DAGs
[2025-09-02T16:27:21.329+0000] {logging_mixin.py:150} INFO - [2025-09-02T16:27:21.329+0000] {dag.py:3508} INFO - Setting next_dagrun for tutorial_taskflow_api to None, run_after=None
[2025-09-02T16:27:21.385+0000] {processor.py:179} INFO - Processing /home/airflow/.local/lib/python3.7/site-packages/airflow/example_dags/tutorial_taskflow_api.py took 0.151 seconds
[2025-09-02T16:27:51.428+0000] {processor.py:157} INFO - Started process (PID=236) to work on /home/airflow/.local/lib/python3.7/site-packages/airflow/example_dags/tutorial_taskflow_api.py
[2025-09-02T16:27:51.430+0000] {processor.py:826} INFO - Processing file /home/airflow/.local/lib/python3.7/site-packages/airflow/example_dags/tutorial_taskflow_api.py for tasks to queue
[2025-09-02T16:27:51.432+0000] {logging_mixin.py:150} INFO - [2025-09-02T16:27:51.431+0000] {dagbag.py:541} INFO - Filling up the DagBag from /home/airflow/.local/lib/python3.7/site-packages/airflow/example_dags/tutorial_taskflow_api.py
[2025-09-02T16:27:51.444+0000] {processor.py:836} INFO - DAG(s) dict_keys(['tutorial_taskflow_api']) retrieved from /home/airflow/.local/lib/python3.7/site-packages/airflow/example_dags/tutorial_taskflow_api.py
[2025-09-02T16:27:51.480+0000] {logging_mixin.py:150} INFO - [2025-09-02T16:27:51.479+0000] {dag.py:2742} INFO - Sync 1 DAGs
[2025-09-02T16:27:51.522+0000] {logging_mixin.py:150} INFO - [2025-09-02T16:27:51.522+0000] {dag.py:3508} INFO - Setting next_dagrun for tutorial_taskflow_api to None, run_after=None
[2025-09-02T16:27:51.559+0000] {processor.py:179} INFO - Processing /home/airflow/.local/lib/python3.7/site-packages/airflow/example_dags/tutorial_taskflow_api.py took 0.137 seconds
[2025-09-02T16:28:21.734+0000] {processor.py:157} INFO - Started process (PID=295) to work on /home/airflow/.local/lib/python3.7/site-packages/airflow/example_dags/tutorial_taskflow_api.py
[2025-09-02T16:28:21.736+0000] {processor.py:826} INFO - Processing file /home/airflow/.local/lib/python3.7/site-packages/airflow/example_dags/tutorial_taskflow_api.py for tasks to queue
[2025-09-02T16:28:21.737+0000] {logging_mixin.py:150} INFO - [2025-09-02T16:28:21.737+0000] {dagbag.py:541} INFO - Filling up the DagBag from /home/airflow/.local/lib/python3.7/site-packages/airflow/example_dags/tutorial_taskflow_api.py
[2025-09-02T16:28:21.750+0000] {processor.py:836} INFO - DAG(s) dict_keys(['tutorial_taskflow_api']) retrieved from /home/airflow/.local/lib/python3.7/site-packages/airflow/example_dags/tutorial_taskflow_api.py
[2025-09-02T16:28:21.786+0000] {logging_mixin.py:150} INFO - [2025-09-02T16:28:21.786+0000] {dag.py:2742} INFO - Sync 1 DAGs
[2025-09-02T16:28:21.828+0000] {logging_mixin.py:150} INFO - [2025-09-02T16:28:21.828+0000] {dag.py:3508} INFO - Setting next_dagrun for tutorial_taskflow_api to None, run_after=None
[2025-09-02T16:28:21.864+0000] {processor.py:179} INFO - Processing /home/airflow/.local/lib/python3.7/site-packages/airflow/example_dags/tutorial_taskflow_api.py took 0.136 seconds
[2025-09-02T16:28:52.159+0000] {processor.py:157} INFO - Started process (PID=355) to work on /home/airflow/.local/lib/python3.7/site-packages/airflow/example_dags/tutorial_taskflow_api.py
[2025-09-02T16:28:52.160+0000] {processor.py:826} INFO - Processing file /home/airflow/.local/lib/python3.7/site-packages/airflow/example_dags/tutorial_taskflow_api.py for tasks to queue
[2025-09-02T16:28:52.161+0000] {logging_mixin.py:150} INFO - [2025-09-02T16:28:52.161+0000] {dagbag.py:541} INFO - Filling up the DagBag from /home/airflow/.local/lib/python3.7/site-packages/airflow/example_dags/tutorial_taskflow_api.py
[2025-09-02T16:28:52.172+0000] {processor.py:836} INFO - DAG(s) dict_keys(['tutorial_taskflow_api']) retrieved from /home/airflow/.local/lib/python3.7/site-packages/airflow/example_dags/tutorial_taskflow_api.py
[2025-09-02T16:28:52.207+0000] {logging_mixin.py:150} INFO - [2025-09-02T16:28:52.207+0000] {dag.py:2742} INFO - Sync 1 DAGs
[2025-09-02T16:28:52.257+0000] {logging_mixin.py:150} INFO - [2025-09-02T16:28:52.257+0000] {dag.py:3508} INFO - Setting next_dagrun for tutorial_taskflow_api to None, run_after=None
[2025-09-02T16:28:52.298+0000] {processor.py:179} INFO - Processing /home/airflow/.local/lib/python3.7/site-packages/airflow/example_dags/tutorial_taskflow_api.py took 0.144 seconds
[2025-09-02T16:29:22.591+0000] {processor.py:157} INFO - Started process (PID=415) to work on /home/airflow/.local/lib/python3.7/site-packages/airflow/example_dags/tutorial_taskflow_api.py
[2025-09-02T16:29:22.593+0000] {processor.py:826} INFO - Processing file /home/airflow/.local/lib/python3.7/site-packages/airflow/example_dags/tutorial_taskflow_api.py for tasks to queue
[2025-09-02T16:29:22.595+0000] {logging_mixin.py:150} INFO - [2025-09-02T16:29:22.594+0000] {dagbag.py:541} INFO - Filling up the DagBag from /home/airflow/.local/lib/python3.7/site-packages/airflow/example_dags/tutorial_taskflow_api.py
[2025-09-02T16:29:22.607+0000] {processor.py:836} INFO - DAG(s) dict_keys(['tutorial_taskflow_api']) retrieved from /home/airflow/.local/lib/python3.7/site-packages/airflow/example_dags/tutorial_taskflow_api.py
[2025-09-02T16:29:22.638+0000] {logging_mixin.py:150} INFO - [2025-09-02T16:29:22.638+0000] {dag.py:2742} INFO - Sync 1 DAGs
[2025-09-02T16:29:22.677+0000] {logging_mixin.py:150} INFO - [2025-09-02T16:29:22.677+0000] {dag.py:3508} INFO - Setting next_dagrun for tutorial_taskflow_api to None, run_after=None
[2025-09-02T16:29:22.712+0000] {processor.py:179} INFO - Processing /home/airflow/.local/lib/python3.7/site-packages/airflow/example_dags/tutorial_taskflow_api.py took 0.126 seconds
[2025-09-02T16:29:53.003+0000] {processor.py:157} INFO - Started process (PID=475) to work on /home/airflow/.local/lib/python3.7/site-packages/airflow/example_dags/tutorial_taskflow_api.py
[2025-09-02T16:29:53.006+0000] {processor.py:826} INFO - Processing file /home/airflow/.local/lib/python3.7/site-packages/airflow/example_dags/tutorial_taskflow_api.py for tasks to queue
[2025-09-02T16:29:53.007+0000] {logging_mixin.py:150} INFO - [2025-09-02T16:29:53.007+0000] {dagbag.py:541} INFO - Filling up the DagBag from /home/airflow/.local/lib/python3.7/site-packages/airflow/example_dags/tutorial_taskflow_api.py
[2025-09-02T16:29:53.025+0000] {processor.py:836} INFO - DAG(s) dict_keys(['tutorial_taskflow_api']) retrieved from /home/airflow/.local/lib/python3.7/site-packages/airflow/example_dags/tutorial_taskflow_api.py
[2025-09-02T16:29:53.105+0000] {logging_mixin.py:150} INFO - [2025-09-02T16:29:53.105+0000] {dag.py:2742} INFO - Sync 1 DAGs
[2025-09-02T16:29:53.157+0000] {logging_mixin.py:150} INFO - [2025-09-02T16:29:53.156+0000] {dag.py:3508} INFO - Setting next_dagrun for tutorial_taskflow_api to None, run_after=None
[2025-09-02T16:29:53.200+0000] {processor.py:179} INFO - Processing /home/airflow/.local/lib/python3.7/site-packages/airflow/example_dags/tutorial_taskflow_api.py took 0.204 seconds
[2025-09-02T16:30:23.619+0000] {processor.py:157} INFO - Started process (PID=536) to work on /home/airflow/.local/lib/python3.7/site-packages/airflow/example_dags/tutorial_taskflow_api.py
[2025-09-02T16:30:23.620+0000] {processor.py:826} INFO - Processing file /home/airflow/.local/lib/python3.7/site-packages/airflow/example_dags/tutorial_taskflow_api.py for tasks to queue
[2025-09-02T16:30:23.621+0000] {logging_mixin.py:150} INFO - [2025-09-02T16:30:23.621+0000] {dagbag.py:541} INFO - Filling up the DagBag from /home/airflow/.local/lib/python3.7/site-packages/airflow/example_dags/tutorial_taskflow_api.py
[2025-09-02T16:30:23.631+0000] {processor.py:836} INFO - DAG(s) dict_keys(['tutorial_taskflow_api']) retrieved from /home/airflow/.local/lib/python3.7/site-packages/airflow/example_dags/tutorial_taskflow_api.py
[2025-09-02T16:30:23.661+0000] {logging_mixin.py:150} INFO - [2025-09-02T16:30:23.661+0000] {dag.py:2742} INFO - Sync 1 DAGs
[2025-09-02T16:30:23.701+0000] {logging_mixin.py:150} INFO - [2025-09-02T16:30:23.700+0000] {dag.py:3508} INFO - Setting next_dagrun for tutorial_taskflow_api to None, run_after=None
[2025-09-02T16:30:23.735+0000] {processor.py:179} INFO - Processing /home/airflow/.local/lib/python3.7/site-packages/airflow/example_dags/tutorial_taskflow_api.py took 0.120 seconds
