[2025-09-02T16:13:01.573+0000] {processor.py:157} INFO - Started process (PID=49) to work on /home/airflow/.local/lib/python3.7/site-packages/airflow/example_dags/tutorial_dag.py
[2025-09-02T16:13:01.574+0000] {processor.py:826} INFO - Processing file /home/airflow/.local/lib/python3.7/site-packages/airflow/example_dags/tutorial_dag.py for tasks to queue
[2025-09-02T16:13:01.575+0000] {logging_mixin.py:150} INFO - [2025-09-02T16:13:01.575+0000] {dagbag.py:541} INFO - Filling up the DagBag from /home/airflow/.local/lib/python3.7/site-packages/airflow/example_dags/tutorial_dag.py
[2025-09-02T16:13:01.599+0000] {processor.py:836} INFO - DAG(s) dict_keys(['tutorial_dag']) retrieved from /home/airflow/.local/lib/python3.7/site-packages/airflow/example_dags/tutorial_dag.py
[2025-09-02T16:13:01.742+0000] {logging_mixin.py:150} INFO - [2025-09-02T16:13:01.742+0000] {manager.py:504} INFO - Created Permission View: can read on DAG:tutorial_dag
[2025-09-02T16:13:01.754+0000] {logging_mixin.py:150} INFO - [2025-09-02T16:13:01.753+0000] {manager.py:504} INFO - Created Permission View: can edit on DAG:tutorial_dag
[2025-09-02T16:13:01.770+0000] {logging_mixin.py:150} INFO - [2025-09-02T16:13:01.769+0000] {manager.py:504} INFO - Created Permission View: can delete on DAG:tutorial_dag
[2025-09-02T16:13:01.786+0000] {logging_mixin.py:150} INFO - [2025-09-02T16:13:01.786+0000] {dag.py:2742} INFO - Sync 1 DAGs
[2025-09-02T16:13:01.797+0000] {logging_mixin.py:150} INFO - [2025-09-02T16:13:01.796+0000] {dag.py:2763} INFO - Creating ORM DAG for tutorial_dag
[2025-09-02T16:13:01.810+0000] {logging_mixin.py:150} INFO - [2025-09-02T16:13:01.810+0000] {dag.py:3508} INFO - Setting next_dagrun for tutorial_dag to None, run_after=None
[2025-09-02T16:13:01.831+0000] {processor.py:179} INFO - Processing /home/airflow/.local/lib/python3.7/site-packages/airflow/example_dags/tutorial_dag.py took 0.262 seconds
[2025-09-02T16:13:31.902+0000] {processor.py:157} INFO - Started process (PID=103) to work on /home/airflow/.local/lib/python3.7/site-packages/airflow/example_dags/tutorial_dag.py
[2025-09-02T16:13:31.903+0000] {processor.py:826} INFO - Processing file /home/airflow/.local/lib/python3.7/site-packages/airflow/example_dags/tutorial_dag.py for tasks to queue
[2025-09-02T16:13:31.904+0000] {logging_mixin.py:150} INFO - [2025-09-02T16:13:31.904+0000] {dagbag.py:541} INFO - Filling up the DagBag from /home/airflow/.local/lib/python3.7/site-packages/airflow/example_dags/tutorial_dag.py
[2025-09-02T16:13:31.911+0000] {processor.py:836} INFO - DAG(s) dict_keys(['tutorial_dag']) retrieved from /home/airflow/.local/lib/python3.7/site-packages/airflow/example_dags/tutorial_dag.py
[2025-09-02T16:13:31.936+0000] {logging_mixin.py:150} INFO - [2025-09-02T16:13:31.936+0000] {dag.py:2742} INFO - Sync 1 DAGs
[2025-09-02T16:13:31.968+0000] {logging_mixin.py:150} INFO - [2025-09-02T16:13:31.968+0000] {dag.py:3508} INFO - Setting next_dagrun for tutorial_dag to None, run_after=None
[2025-09-02T16:13:31.994+0000] {processor.py:179} INFO - Processing /home/airflow/.local/lib/python3.7/site-packages/airflow/example_dags/tutorial_dag.py took 0.096 seconds
[2025-09-02T16:14:02.349+0000] {processor.py:157} INFO - Started process (PID=164) to work on /home/airflow/.local/lib/python3.7/site-packages/airflow/example_dags/tutorial_dag.py
[2025-09-02T16:14:02.350+0000] {processor.py:826} INFO - Processing file /home/airflow/.local/lib/python3.7/site-packages/airflow/example_dags/tutorial_dag.py for tasks to queue
[2025-09-02T16:14:02.352+0000] {logging_mixin.py:150} INFO - [2025-09-02T16:14:02.351+0000] {dagbag.py:541} INFO - Filling up the DagBag from /home/airflow/.local/lib/python3.7/site-packages/airflow/example_dags/tutorial_dag.py
[2025-09-02T16:14:02.363+0000] {processor.py:836} INFO - DAG(s) dict_keys(['tutorial_dag']) retrieved from /home/airflow/.local/lib/python3.7/site-packages/airflow/example_dags/tutorial_dag.py
[2025-09-02T16:14:02.422+0000] {logging_mixin.py:150} INFO - [2025-09-02T16:14:02.421+0000] {dag.py:2742} INFO - Sync 1 DAGs
[2025-09-02T16:14:02.485+0000] {logging_mixin.py:150} INFO - [2025-09-02T16:14:02.485+0000] {dag.py:3508} INFO - Setting next_dagrun for tutorial_dag to None, run_after=None
[2025-09-02T16:14:02.530+0000] {processor.py:179} INFO - Processing /home/airflow/.local/lib/python3.7/site-packages/airflow/example_dags/tutorial_dag.py took 0.187 seconds
[2025-09-02T16:14:33.083+0000] {processor.py:157} INFO - Started process (PID=224) to work on /home/airflow/.local/lib/python3.7/site-packages/airflow/example_dags/tutorial_dag.py
[2025-09-02T16:14:33.084+0000] {processor.py:826} INFO - Processing file /home/airflow/.local/lib/python3.7/site-packages/airflow/example_dags/tutorial_dag.py for tasks to queue
[2025-09-02T16:14:33.085+0000] {logging_mixin.py:150} INFO - [2025-09-02T16:14:33.085+0000] {dagbag.py:541} INFO - Filling up the DagBag from /home/airflow/.local/lib/python3.7/site-packages/airflow/example_dags/tutorial_dag.py
[2025-09-02T16:14:33.093+0000] {processor.py:836} INFO - DAG(s) dict_keys(['tutorial_dag']) retrieved from /home/airflow/.local/lib/python3.7/site-packages/airflow/example_dags/tutorial_dag.py
[2025-09-02T16:14:33.124+0000] {logging_mixin.py:150} INFO - [2025-09-02T16:14:33.124+0000] {dag.py:2742} INFO - Sync 1 DAGs
[2025-09-02T16:14:33.158+0000] {logging_mixin.py:150} INFO - [2025-09-02T16:14:33.158+0000] {dag.py:3508} INFO - Setting next_dagrun for tutorial_dag to None, run_after=None
[2025-09-02T16:14:33.189+0000] {processor.py:179} INFO - Processing /home/airflow/.local/lib/python3.7/site-packages/airflow/example_dags/tutorial_dag.py took 0.110 seconds
[2025-09-02T16:15:03.789+0000] {processor.py:157} INFO - Started process (PID=284) to work on /home/airflow/.local/lib/python3.7/site-packages/airflow/example_dags/tutorial_dag.py
[2025-09-02T16:15:03.790+0000] {processor.py:826} INFO - Processing file /home/airflow/.local/lib/python3.7/site-packages/airflow/example_dags/tutorial_dag.py for tasks to queue
[2025-09-02T16:15:03.792+0000] {logging_mixin.py:150} INFO - [2025-09-02T16:15:03.791+0000] {dagbag.py:541} INFO - Filling up the DagBag from /home/airflow/.local/lib/python3.7/site-packages/airflow/example_dags/tutorial_dag.py
[2025-09-02T16:15:03.802+0000] {processor.py:836} INFO - DAG(s) dict_keys(['tutorial_dag']) retrieved from /home/airflow/.local/lib/python3.7/site-packages/airflow/example_dags/tutorial_dag.py
[2025-09-02T16:15:03.847+0000] {logging_mixin.py:150} INFO - [2025-09-02T16:15:03.847+0000] {dag.py:2742} INFO - Sync 1 DAGs
[2025-09-02T16:15:03.912+0000] {logging_mixin.py:150} INFO - [2025-09-02T16:15:03.911+0000] {dag.py:3508} INFO - Setting next_dagrun for tutorial_dag to None, run_after=None
[2025-09-02T16:15:03.950+0000] {processor.py:179} INFO - Processing /home/airflow/.local/lib/python3.7/site-packages/airflow/example_dags/tutorial_dag.py took 0.168 seconds
[2025-09-02T16:15:34.609+0000] {processor.py:157} INFO - Started process (PID=344) to work on /home/airflow/.local/lib/python3.7/site-packages/airflow/example_dags/tutorial_dag.py
[2025-09-02T16:15:34.611+0000] {processor.py:826} INFO - Processing file /home/airflow/.local/lib/python3.7/site-packages/airflow/example_dags/tutorial_dag.py for tasks to queue
[2025-09-02T16:15:34.611+0000] {logging_mixin.py:150} INFO - [2025-09-02T16:15:34.611+0000] {dagbag.py:541} INFO - Filling up the DagBag from /home/airflow/.local/lib/python3.7/site-packages/airflow/example_dags/tutorial_dag.py
[2025-09-02T16:15:34.620+0000] {processor.py:836} INFO - DAG(s) dict_keys(['tutorial_dag']) retrieved from /home/airflow/.local/lib/python3.7/site-packages/airflow/example_dags/tutorial_dag.py
[2025-09-02T16:15:34.653+0000] {logging_mixin.py:150} INFO - [2025-09-02T16:15:34.652+0000] {dag.py:2742} INFO - Sync 1 DAGs
[2025-09-02T16:15:34.693+0000] {logging_mixin.py:150} INFO - [2025-09-02T16:15:34.693+0000] {dag.py:3508} INFO - Setting next_dagrun for tutorial_dag to None, run_after=None
[2025-09-02T16:15:34.722+0000] {processor.py:179} INFO - Processing /home/airflow/.local/lib/python3.7/site-packages/airflow/example_dags/tutorial_dag.py took 0.116 seconds
[2025-09-02T16:16:04.882+0000] {processor.py:157} INFO - Started process (PID=404) to work on /home/airflow/.local/lib/python3.7/site-packages/airflow/example_dags/tutorial_dag.py
[2025-09-02T16:16:04.883+0000] {processor.py:826} INFO - Processing file /home/airflow/.local/lib/python3.7/site-packages/airflow/example_dags/tutorial_dag.py for tasks to queue
[2025-09-02T16:16:04.883+0000] {logging_mixin.py:150} INFO - [2025-09-02T16:16:04.883+0000] {dagbag.py:541} INFO - Filling up the DagBag from /home/airflow/.local/lib/python3.7/site-packages/airflow/example_dags/tutorial_dag.py
[2025-09-02T16:16:04.890+0000] {processor.py:836} INFO - DAG(s) dict_keys(['tutorial_dag']) retrieved from /home/airflow/.local/lib/python3.7/site-packages/airflow/example_dags/tutorial_dag.py
[2025-09-02T16:16:04.919+0000] {logging_mixin.py:150} INFO - [2025-09-02T16:16:04.919+0000] {dag.py:2742} INFO - Sync 1 DAGs
[2025-09-02T16:16:04.954+0000] {logging_mixin.py:150} INFO - [2025-09-02T16:16:04.953+0000] {dag.py:3508} INFO - Setting next_dagrun for tutorial_dag to None, run_after=None
[2025-09-02T16:16:04.996+0000] {processor.py:179} INFO - Processing /home/airflow/.local/lib/python3.7/site-packages/airflow/example_dags/tutorial_dag.py took 0.118 seconds
[2025-09-02T16:16:35.656+0000] {processor.py:157} INFO - Started process (PID=471) to work on /home/airflow/.local/lib/python3.7/site-packages/airflow/example_dags/tutorial_dag.py
[2025-09-02T16:16:35.657+0000] {processor.py:826} INFO - Processing file /home/airflow/.local/lib/python3.7/site-packages/airflow/example_dags/tutorial_dag.py for tasks to queue
[2025-09-02T16:16:35.657+0000] {logging_mixin.py:150} INFO - [2025-09-02T16:16:35.657+0000] {dagbag.py:541} INFO - Filling up the DagBag from /home/airflow/.local/lib/python3.7/site-packages/airflow/example_dags/tutorial_dag.py
[2025-09-02T16:16:35.665+0000] {processor.py:836} INFO - DAG(s) dict_keys(['tutorial_dag']) retrieved from /home/airflow/.local/lib/python3.7/site-packages/airflow/example_dags/tutorial_dag.py
[2025-09-02T16:16:35.697+0000] {logging_mixin.py:150} INFO - [2025-09-02T16:16:35.697+0000] {dag.py:2742} INFO - Sync 1 DAGs
[2025-09-02T16:16:35.730+0000] {logging_mixin.py:150} INFO - [2025-09-02T16:16:35.730+0000] {dag.py:3508} INFO - Setting next_dagrun for tutorial_dag to None, run_after=None
[2025-09-02T16:16:35.756+0000] {processor.py:179} INFO - Processing /home/airflow/.local/lib/python3.7/site-packages/airflow/example_dags/tutorial_dag.py took 0.105 seconds
[2025-09-02T16:17:05.815+0000] {processor.py:157} INFO - Started process (PID=531) to work on /home/airflow/.local/lib/python3.7/site-packages/airflow/example_dags/tutorial_dag.py
[2025-09-02T16:17:05.817+0000] {processor.py:826} INFO - Processing file /home/airflow/.local/lib/python3.7/site-packages/airflow/example_dags/tutorial_dag.py for tasks to queue
[2025-09-02T16:17:05.819+0000] {logging_mixin.py:150} INFO - [2025-09-02T16:17:05.818+0000] {dagbag.py:541} INFO - Filling up the DagBag from /home/airflow/.local/lib/python3.7/site-packages/airflow/example_dags/tutorial_dag.py
[2025-09-02T16:17:05.832+0000] {processor.py:836} INFO - DAG(s) dict_keys(['tutorial_dag']) retrieved from /home/airflow/.local/lib/python3.7/site-packages/airflow/example_dags/tutorial_dag.py
[2025-09-02T16:17:05.870+0000] {logging_mixin.py:150} INFO - [2025-09-02T16:17:05.869+0000] {dag.py:2742} INFO - Sync 1 DAGs
[2025-09-02T16:17:05.906+0000] {logging_mixin.py:150} INFO - [2025-09-02T16:17:05.905+0000] {dag.py:3508} INFO - Setting next_dagrun for tutorial_dag to None, run_after=None
[2025-09-02T16:17:05.948+0000] {processor.py:179} INFO - Processing /home/airflow/.local/lib/python3.7/site-packages/airflow/example_dags/tutorial_dag.py took 0.139 seconds
[2025-09-02T16:17:36.448+0000] {processor.py:157} INFO - Started process (PID=591) to work on /home/airflow/.local/lib/python3.7/site-packages/airflow/example_dags/tutorial_dag.py
[2025-09-02T16:17:36.449+0000] {processor.py:826} INFO - Processing file /home/airflow/.local/lib/python3.7/site-packages/airflow/example_dags/tutorial_dag.py for tasks to queue
[2025-09-02T16:17:36.450+0000] {logging_mixin.py:150} INFO - [2025-09-02T16:17:36.450+0000] {dagbag.py:541} INFO - Filling up the DagBag from /home/airflow/.local/lib/python3.7/site-packages/airflow/example_dags/tutorial_dag.py
[2025-09-02T16:17:36.458+0000] {processor.py:836} INFO - DAG(s) dict_keys(['tutorial_dag']) retrieved from /home/airflow/.local/lib/python3.7/site-packages/airflow/example_dags/tutorial_dag.py
[2025-09-02T16:17:36.491+0000] {logging_mixin.py:150} INFO - [2025-09-02T16:17:36.491+0000] {dag.py:2742} INFO - Sync 1 DAGs
[2025-09-02T16:17:36.534+0000] {logging_mixin.py:150} INFO - [2025-09-02T16:17:36.534+0000] {dag.py:3508} INFO - Setting next_dagrun for tutorial_dag to None, run_after=None
[2025-09-02T16:17:36.561+0000] {processor.py:179} INFO - Processing /home/airflow/.local/lib/python3.7/site-packages/airflow/example_dags/tutorial_dag.py took 0.118 seconds
[2025-09-02T16:18:07.067+0000] {processor.py:157} INFO - Started process (PID=651) to work on /home/airflow/.local/lib/python3.7/site-packages/airflow/example_dags/tutorial_dag.py
[2025-09-02T16:18:07.068+0000] {processor.py:826} INFO - Processing file /home/airflow/.local/lib/python3.7/site-packages/airflow/example_dags/tutorial_dag.py for tasks to queue
[2025-09-02T16:18:07.069+0000] {logging_mixin.py:150} INFO - [2025-09-02T16:18:07.068+0000] {dagbag.py:541} INFO - Filling up the DagBag from /home/airflow/.local/lib/python3.7/site-packages/airflow/example_dags/tutorial_dag.py
[2025-09-02T16:18:07.076+0000] {processor.py:836} INFO - DAG(s) dict_keys(['tutorial_dag']) retrieved from /home/airflow/.local/lib/python3.7/site-packages/airflow/example_dags/tutorial_dag.py
[2025-09-02T16:18:07.103+0000] {logging_mixin.py:150} INFO - [2025-09-02T16:18:07.103+0000] {dag.py:2742} INFO - Sync 1 DAGs
[2025-09-02T16:18:07.153+0000] {logging_mixin.py:150} INFO - [2025-09-02T16:18:07.152+0000] {dag.py:3508} INFO - Setting next_dagrun for tutorial_dag to None, run_after=None
[2025-09-02T16:18:07.181+0000] {processor.py:179} INFO - Processing /home/airflow/.local/lib/python3.7/site-packages/airflow/example_dags/tutorial_dag.py took 0.118 seconds
[2025-09-02T16:18:37.343+0000] {processor.py:157} INFO - Started process (PID=711) to work on /home/airflow/.local/lib/python3.7/site-packages/airflow/example_dags/tutorial_dag.py
[2025-09-02T16:18:37.344+0000] {processor.py:826} INFO - Processing file /home/airflow/.local/lib/python3.7/site-packages/airflow/example_dags/tutorial_dag.py for tasks to queue
[2025-09-02T16:18:37.346+0000] {logging_mixin.py:150} INFO - [2025-09-02T16:18:37.345+0000] {dagbag.py:541} INFO - Filling up the DagBag from /home/airflow/.local/lib/python3.7/site-packages/airflow/example_dags/tutorial_dag.py
[2025-09-02T16:18:37.354+0000] {processor.py:836} INFO - DAG(s) dict_keys(['tutorial_dag']) retrieved from /home/airflow/.local/lib/python3.7/site-packages/airflow/example_dags/tutorial_dag.py
[2025-09-02T16:18:37.385+0000] {logging_mixin.py:150} INFO - [2025-09-02T16:18:37.384+0000] {dag.py:2742} INFO - Sync 1 DAGs
[2025-09-02T16:18:37.424+0000] {logging_mixin.py:150} INFO - [2025-09-02T16:18:37.424+0000] {dag.py:3508} INFO - Setting next_dagrun for tutorial_dag to None, run_after=None
[2025-09-02T16:18:37.453+0000] {processor.py:179} INFO - Processing /home/airflow/.local/lib/python3.7/site-packages/airflow/example_dags/tutorial_dag.py took 0.114 seconds
[2025-09-02T16:19:07.794+0000] {processor.py:157} INFO - Started process (PID=771) to work on /home/airflow/.local/lib/python3.7/site-packages/airflow/example_dags/tutorial_dag.py
[2025-09-02T16:19:07.796+0000] {processor.py:826} INFO - Processing file /home/airflow/.local/lib/python3.7/site-packages/airflow/example_dags/tutorial_dag.py for tasks to queue
[2025-09-02T16:19:07.798+0000] {logging_mixin.py:150} INFO - [2025-09-02T16:19:07.797+0000] {dagbag.py:541} INFO - Filling up the DagBag from /home/airflow/.local/lib/python3.7/site-packages/airflow/example_dags/tutorial_dag.py
[2025-09-02T16:19:07.806+0000] {processor.py:836} INFO - DAG(s) dict_keys(['tutorial_dag']) retrieved from /home/airflow/.local/lib/python3.7/site-packages/airflow/example_dags/tutorial_dag.py
[2025-09-02T16:19:07.859+0000] {logging_mixin.py:150} INFO - [2025-09-02T16:19:07.859+0000] {dag.py:2742} INFO - Sync 1 DAGs
[2025-09-02T16:19:07.977+0000] {logging_mixin.py:150} INFO - [2025-09-02T16:19:07.976+0000] {dag.py:3508} INFO - Setting next_dagrun for tutorial_dag to None, run_after=None
[2025-09-02T16:19:08.143+0000] {processor.py:179} INFO - Processing /home/airflow/.local/lib/python3.7/site-packages/airflow/example_dags/tutorial_dag.py took 0.374 seconds
[2025-09-02T16:19:38.866+0000] {processor.py:157} INFO - Started process (PID=831) to work on /home/airflow/.local/lib/python3.7/site-packages/airflow/example_dags/tutorial_dag.py
[2025-09-02T16:19:38.867+0000] {processor.py:826} INFO - Processing file /home/airflow/.local/lib/python3.7/site-packages/airflow/example_dags/tutorial_dag.py for tasks to queue
[2025-09-02T16:19:38.868+0000] {logging_mixin.py:150} INFO - [2025-09-02T16:19:38.868+0000] {dagbag.py:541} INFO - Filling up the DagBag from /home/airflow/.local/lib/python3.7/site-packages/airflow/example_dags/tutorial_dag.py
[2025-09-02T16:19:38.882+0000] {processor.py:836} INFO - DAG(s) dict_keys(['tutorial_dag']) retrieved from /home/airflow/.local/lib/python3.7/site-packages/airflow/example_dags/tutorial_dag.py
[2025-09-02T16:19:38.917+0000] {logging_mixin.py:150} INFO - [2025-09-02T16:19:38.916+0000] {dag.py:2742} INFO - Sync 1 DAGs
[2025-09-02T16:19:38.959+0000] {logging_mixin.py:150} INFO - [2025-09-02T16:19:38.959+0000] {dag.py:3508} INFO - Setting next_dagrun for tutorial_dag to None, run_after=None
[2025-09-02T16:19:38.993+0000] {processor.py:179} INFO - Processing /home/airflow/.local/lib/python3.7/site-packages/airflow/example_dags/tutorial_dag.py took 0.133 seconds
[2025-09-02T16:20:09.560+0000] {processor.py:157} INFO - Started process (PID=891) to work on /home/airflow/.local/lib/python3.7/site-packages/airflow/example_dags/tutorial_dag.py
[2025-09-02T16:20:09.562+0000] {processor.py:826} INFO - Processing file /home/airflow/.local/lib/python3.7/site-packages/airflow/example_dags/tutorial_dag.py for tasks to queue
[2025-09-02T16:20:09.563+0000] {logging_mixin.py:150} INFO - [2025-09-02T16:20:09.563+0000] {dagbag.py:541} INFO - Filling up the DagBag from /home/airflow/.local/lib/python3.7/site-packages/airflow/example_dags/tutorial_dag.py
[2025-09-02T16:20:09.577+0000] {processor.py:836} INFO - DAG(s) dict_keys(['tutorial_dag']) retrieved from /home/airflow/.local/lib/python3.7/site-packages/airflow/example_dags/tutorial_dag.py
[2025-09-02T16:20:09.614+0000] {logging_mixin.py:150} INFO - [2025-09-02T16:20:09.613+0000] {dag.py:2742} INFO - Sync 1 DAGs
[2025-09-02T16:20:09.654+0000] {logging_mixin.py:150} INFO - [2025-09-02T16:20:09.654+0000] {dag.py:3508} INFO - Setting next_dagrun for tutorial_dag to None, run_after=None
[2025-09-02T16:20:09.701+0000] {processor.py:179} INFO - Processing /home/airflow/.local/lib/python3.7/site-packages/airflow/example_dags/tutorial_dag.py took 0.148 seconds
[2025-09-02T16:20:40.397+0000] {processor.py:157} INFO - Started process (PID=951) to work on /home/airflow/.local/lib/python3.7/site-packages/airflow/example_dags/tutorial_dag.py
[2025-09-02T16:20:40.398+0000] {processor.py:826} INFO - Processing file /home/airflow/.local/lib/python3.7/site-packages/airflow/example_dags/tutorial_dag.py for tasks to queue
[2025-09-02T16:20:40.400+0000] {logging_mixin.py:150} INFO - [2025-09-02T16:20:40.399+0000] {dagbag.py:541} INFO - Filling up the DagBag from /home/airflow/.local/lib/python3.7/site-packages/airflow/example_dags/tutorial_dag.py
[2025-09-02T16:20:40.413+0000] {processor.py:836} INFO - DAG(s) dict_keys(['tutorial_dag']) retrieved from /home/airflow/.local/lib/python3.7/site-packages/airflow/example_dags/tutorial_dag.py
[2025-09-02T16:20:40.467+0000] {logging_mixin.py:150} INFO - [2025-09-02T16:20:40.467+0000] {dag.py:2742} INFO - Sync 1 DAGs
[2025-09-02T16:20:40.509+0000] {logging_mixin.py:150} INFO - [2025-09-02T16:20:40.509+0000] {dag.py:3508} INFO - Setting next_dagrun for tutorial_dag to None, run_after=None
[2025-09-02T16:20:40.545+0000] {processor.py:179} INFO - Processing /home/airflow/.local/lib/python3.7/site-packages/airflow/example_dags/tutorial_dag.py took 0.155 seconds
[2025-09-02T16:21:10.714+0000] {processor.py:157} INFO - Started process (PID=1011) to work on /home/airflow/.local/lib/python3.7/site-packages/airflow/example_dags/tutorial_dag.py
[2025-09-02T16:21:10.715+0000] {processor.py:826} INFO - Processing file /home/airflow/.local/lib/python3.7/site-packages/airflow/example_dags/tutorial_dag.py for tasks to queue
[2025-09-02T16:21:10.716+0000] {logging_mixin.py:150} INFO - [2025-09-02T16:21:10.716+0000] {dagbag.py:541} INFO - Filling up the DagBag from /home/airflow/.local/lib/python3.7/site-packages/airflow/example_dags/tutorial_dag.py
[2025-09-02T16:21:10.726+0000] {processor.py:836} INFO - DAG(s) dict_keys(['tutorial_dag']) retrieved from /home/airflow/.local/lib/python3.7/site-packages/airflow/example_dags/tutorial_dag.py
[2025-09-02T16:21:10.762+0000] {logging_mixin.py:150} INFO - [2025-09-02T16:21:10.762+0000] {dag.py:2742} INFO - Sync 1 DAGs
[2025-09-02T16:21:10.805+0000] {logging_mixin.py:150} INFO - [2025-09-02T16:21:10.804+0000] {dag.py:3508} INFO - Setting next_dagrun for tutorial_dag to None, run_after=None
[2025-09-02T16:21:10.841+0000] {processor.py:179} INFO - Processing /home/airflow/.local/lib/python3.7/site-packages/airflow/example_dags/tutorial_dag.py took 0.134 seconds
[2025-09-02T16:21:41.808+0000] {processor.py:157} INFO - Started process (PID=1071) to work on /home/airflow/.local/lib/python3.7/site-packages/airflow/example_dags/tutorial_dag.py
[2025-09-02T16:21:41.810+0000] {processor.py:826} INFO - Processing file /home/airflow/.local/lib/python3.7/site-packages/airflow/example_dags/tutorial_dag.py for tasks to queue
[2025-09-02T16:21:41.812+0000] {logging_mixin.py:150} INFO - [2025-09-02T16:21:41.811+0000] {dagbag.py:541} INFO - Filling up the DagBag from /home/airflow/.local/lib/python3.7/site-packages/airflow/example_dags/tutorial_dag.py
[2025-09-02T16:21:41.821+0000] {processor.py:836} INFO - DAG(s) dict_keys(['tutorial_dag']) retrieved from /home/airflow/.local/lib/python3.7/site-packages/airflow/example_dags/tutorial_dag.py
[2025-09-02T16:21:41.853+0000] {logging_mixin.py:150} INFO - [2025-09-02T16:21:41.852+0000] {dag.py:2742} INFO - Sync 1 DAGs
[2025-09-02T16:21:41.889+0000] {logging_mixin.py:150} INFO - [2025-09-02T16:21:41.889+0000] {dag.py:3508} INFO - Setting next_dagrun for tutorial_dag to None, run_after=None
[2025-09-02T16:21:41.927+0000] {processor.py:179} INFO - Processing /home/airflow/.local/lib/python3.7/site-packages/airflow/example_dags/tutorial_dag.py took 0.127 seconds
[2025-09-02T16:22:12.393+0000] {processor.py:157} INFO - Started process (PID=1131) to work on /home/airflow/.local/lib/python3.7/site-packages/airflow/example_dags/tutorial_dag.py
[2025-09-02T16:22:12.395+0000] {processor.py:826} INFO - Processing file /home/airflow/.local/lib/python3.7/site-packages/airflow/example_dags/tutorial_dag.py for tasks to queue
[2025-09-02T16:22:12.396+0000] {logging_mixin.py:150} INFO - [2025-09-02T16:22:12.396+0000] {dagbag.py:541} INFO - Filling up the DagBag from /home/airflow/.local/lib/python3.7/site-packages/airflow/example_dags/tutorial_dag.py
[2025-09-02T16:22:12.408+0000] {processor.py:836} INFO - DAG(s) dict_keys(['tutorial_dag']) retrieved from /home/airflow/.local/lib/python3.7/site-packages/airflow/example_dags/tutorial_dag.py
[2025-09-02T16:22:12.455+0000] {logging_mixin.py:150} INFO - [2025-09-02T16:22:12.454+0000] {dag.py:2742} INFO - Sync 1 DAGs
[2025-09-02T16:22:12.519+0000] {logging_mixin.py:150} INFO - [2025-09-02T16:22:12.519+0000] {dag.py:3508} INFO - Setting next_dagrun for tutorial_dag to None, run_after=None
[2025-09-02T16:22:12.562+0000] {processor.py:179} INFO - Processing /home/airflow/.local/lib/python3.7/site-packages/airflow/example_dags/tutorial_dag.py took 0.175 seconds
[2025-09-02T16:22:42.712+0000] {processor.py:157} INFO - Started process (PID=1191) to work on /home/airflow/.local/lib/python3.7/site-packages/airflow/example_dags/tutorial_dag.py
[2025-09-02T16:22:42.713+0000] {processor.py:826} INFO - Processing file /home/airflow/.local/lib/python3.7/site-packages/airflow/example_dags/tutorial_dag.py for tasks to queue
[2025-09-02T16:22:42.714+0000] {logging_mixin.py:150} INFO - [2025-09-02T16:22:42.714+0000] {dagbag.py:541} INFO - Filling up the DagBag from /home/airflow/.local/lib/python3.7/site-packages/airflow/example_dags/tutorial_dag.py
[2025-09-02T16:22:42.724+0000] {processor.py:836} INFO - DAG(s) dict_keys(['tutorial_dag']) retrieved from /home/airflow/.local/lib/python3.7/site-packages/airflow/example_dags/tutorial_dag.py
[2025-09-02T16:22:42.758+0000] {logging_mixin.py:150} INFO - [2025-09-02T16:22:42.758+0000] {dag.py:2742} INFO - Sync 1 DAGs
[2025-09-02T16:22:42.804+0000] {logging_mixin.py:150} INFO - [2025-09-02T16:22:42.804+0000] {dag.py:3508} INFO - Setting next_dagrun for tutorial_dag to None, run_after=None
[2025-09-02T16:22:42.844+0000] {processor.py:179} INFO - Processing /home/airflow/.local/lib/python3.7/site-packages/airflow/example_dags/tutorial_dag.py took 0.137 seconds
[2025-09-02T16:23:13.175+0000] {processor.py:157} INFO - Started process (PID=1251) to work on /home/airflow/.local/lib/python3.7/site-packages/airflow/example_dags/tutorial_dag.py
[2025-09-02T16:23:13.176+0000] {processor.py:826} INFO - Processing file /home/airflow/.local/lib/python3.7/site-packages/airflow/example_dags/tutorial_dag.py for tasks to queue
[2025-09-02T16:23:13.177+0000] {logging_mixin.py:150} INFO - [2025-09-02T16:23:13.177+0000] {dagbag.py:541} INFO - Filling up the DagBag from /home/airflow/.local/lib/python3.7/site-packages/airflow/example_dags/tutorial_dag.py
[2025-09-02T16:23:13.186+0000] {processor.py:836} INFO - DAG(s) dict_keys(['tutorial_dag']) retrieved from /home/airflow/.local/lib/python3.7/site-packages/airflow/example_dags/tutorial_dag.py
[2025-09-02T16:23:13.214+0000] {logging_mixin.py:150} INFO - [2025-09-02T16:23:13.213+0000] {dag.py:2742} INFO - Sync 1 DAGs
[2025-09-02T16:23:13.248+0000] {logging_mixin.py:150} INFO - [2025-09-02T16:23:13.247+0000] {dag.py:3508} INFO - Setting next_dagrun for tutorial_dag to None, run_after=None
[2025-09-02T16:23:13.278+0000] {processor.py:179} INFO - Processing /home/airflow/.local/lib/python3.7/site-packages/airflow/example_dags/tutorial_dag.py took 0.107 seconds
[2025-09-02T16:23:43.806+0000] {processor.py:157} INFO - Started process (PID=1311) to work on /home/airflow/.local/lib/python3.7/site-packages/airflow/example_dags/tutorial_dag.py
[2025-09-02T16:23:43.807+0000] {processor.py:826} INFO - Processing file /home/airflow/.local/lib/python3.7/site-packages/airflow/example_dags/tutorial_dag.py for tasks to queue
[2025-09-02T16:23:43.808+0000] {logging_mixin.py:150} INFO - [2025-09-02T16:23:43.808+0000] {dagbag.py:541} INFO - Filling up the DagBag from /home/airflow/.local/lib/python3.7/site-packages/airflow/example_dags/tutorial_dag.py
[2025-09-02T16:23:43.816+0000] {processor.py:836} INFO - DAG(s) dict_keys(['tutorial_dag']) retrieved from /home/airflow/.local/lib/python3.7/site-packages/airflow/example_dags/tutorial_dag.py
[2025-09-02T16:23:43.843+0000] {logging_mixin.py:150} INFO - [2025-09-02T16:23:43.843+0000] {dag.py:2742} INFO - Sync 1 DAGs
[2025-09-02T16:23:43.877+0000] {logging_mixin.py:150} INFO - [2025-09-02T16:23:43.877+0000] {dag.py:3508} INFO - Setting next_dagrun for tutorial_dag to None, run_after=None
[2025-09-02T16:23:43.915+0000] {processor.py:179} INFO - Processing /home/airflow/.local/lib/python3.7/site-packages/airflow/example_dags/tutorial_dag.py took 0.113 seconds
[2025-09-02T16:24:14.141+0000] {processor.py:157} INFO - Started process (PID=1371) to work on /home/airflow/.local/lib/python3.7/site-packages/airflow/example_dags/tutorial_dag.py
[2025-09-02T16:24:14.143+0000] {processor.py:826} INFO - Processing file /home/airflow/.local/lib/python3.7/site-packages/airflow/example_dags/tutorial_dag.py for tasks to queue
[2025-09-02T16:24:14.147+0000] {logging_mixin.py:150} INFO - [2025-09-02T16:24:14.146+0000] {dagbag.py:541} INFO - Filling up the DagBag from /home/airflow/.local/lib/python3.7/site-packages/airflow/example_dags/tutorial_dag.py
[2025-09-02T16:24:14.163+0000] {processor.py:836} INFO - DAG(s) dict_keys(['tutorial_dag']) retrieved from /home/airflow/.local/lib/python3.7/site-packages/airflow/example_dags/tutorial_dag.py
[2025-09-02T16:24:14.199+0000] {logging_mixin.py:150} INFO - [2025-09-02T16:24:14.199+0000] {dag.py:2742} INFO - Sync 1 DAGs
[2025-09-02T16:24:14.238+0000] {logging_mixin.py:150} INFO - [2025-09-02T16:24:14.238+0000] {dag.py:3508} INFO - Setting next_dagrun for tutorial_dag to None, run_after=None
[2025-09-02T16:24:14.284+0000] {processor.py:179} INFO - Processing /home/airflow/.local/lib/python3.7/site-packages/airflow/example_dags/tutorial_dag.py took 0.158 seconds
[2025-09-02T16:26:20.659+0000] {processor.py:157} INFO - Started process (PID=65) to work on /home/airflow/.local/lib/python3.7/site-packages/airflow/example_dags/tutorial_dag.py
[2025-09-02T16:26:20.667+0000] {processor.py:826} INFO - Processing file /home/airflow/.local/lib/python3.7/site-packages/airflow/example_dags/tutorial_dag.py for tasks to queue
[2025-09-02T16:26:20.677+0000] {logging_mixin.py:150} INFO - [2025-09-02T16:26:20.668+0000] {dagbag.py:541} INFO - Filling up the DagBag from /home/airflow/.local/lib/python3.7/site-packages/airflow/example_dags/tutorial_dag.py
[2025-09-02T16:26:20.716+0000] {processor.py:836} INFO - DAG(s) dict_keys(['tutorial_dag']) retrieved from /home/airflow/.local/lib/python3.7/site-packages/airflow/example_dags/tutorial_dag.py
[2025-09-02T16:26:20.854+0000] {logging_mixin.py:150} INFO - [2025-09-02T16:26:20.854+0000] {dag.py:2742} INFO - Sync 1 DAGs
[2025-09-02T16:26:20.961+0000] {logging_mixin.py:150} INFO - [2025-09-02T16:26:20.961+0000] {dag.py:3508} INFO - Setting next_dagrun for tutorial_dag to None, run_after=None
[2025-09-02T16:26:21.082+0000] {processor.py:179} INFO - Processing /home/airflow/.local/lib/python3.7/site-packages/airflow/example_dags/tutorial_dag.py took 0.434 seconds
[2025-09-02T16:26:51.207+0000] {processor.py:157} INFO - Started process (PID=117) to work on /home/airflow/.local/lib/python3.7/site-packages/airflow/example_dags/tutorial_dag.py
[2025-09-02T16:26:51.212+0000] {processor.py:826} INFO - Processing file /home/airflow/.local/lib/python3.7/site-packages/airflow/example_dags/tutorial_dag.py for tasks to queue
[2025-09-02T16:26:51.213+0000] {logging_mixin.py:150} INFO - [2025-09-02T16:26:51.213+0000] {dagbag.py:541} INFO - Filling up the DagBag from /home/airflow/.local/lib/python3.7/site-packages/airflow/example_dags/tutorial_dag.py
[2025-09-02T16:26:51.230+0000] {processor.py:836} INFO - DAG(s) dict_keys(['tutorial_dag']) retrieved from /home/airflow/.local/lib/python3.7/site-packages/airflow/example_dags/tutorial_dag.py
[2025-09-02T16:26:51.276+0000] {logging_mixin.py:150} INFO - [2025-09-02T16:26:51.276+0000] {dag.py:2742} INFO - Sync 1 DAGs
[2025-09-02T16:26:51.325+0000] {logging_mixin.py:150} INFO - [2025-09-02T16:26:51.324+0000] {dag.py:3508} INFO - Setting next_dagrun for tutorial_dag to None, run_after=None
[2025-09-02T16:26:51.375+0000] {processor.py:179} INFO - Processing /home/airflow/.local/lib/python3.7/site-packages/airflow/example_dags/tutorial_dag.py took 0.176 seconds
[2025-09-02T16:27:21.416+0000] {processor.py:157} INFO - Started process (PID=177) to work on /home/airflow/.local/lib/python3.7/site-packages/airflow/example_dags/tutorial_dag.py
[2025-09-02T16:27:21.417+0000] {processor.py:826} INFO - Processing file /home/airflow/.local/lib/python3.7/site-packages/airflow/example_dags/tutorial_dag.py for tasks to queue
[2025-09-02T16:27:21.418+0000] {logging_mixin.py:150} INFO - [2025-09-02T16:27:21.417+0000] {dagbag.py:541} INFO - Filling up the DagBag from /home/airflow/.local/lib/python3.7/site-packages/airflow/example_dags/tutorial_dag.py
[2025-09-02T16:27:21.426+0000] {processor.py:836} INFO - DAG(s) dict_keys(['tutorial_dag']) retrieved from /home/airflow/.local/lib/python3.7/site-packages/airflow/example_dags/tutorial_dag.py
[2025-09-02T16:27:21.469+0000] {logging_mixin.py:150} INFO - [2025-09-02T16:27:21.468+0000] {dag.py:2742} INFO - Sync 1 DAGs
[2025-09-02T16:27:21.501+0000] {logging_mixin.py:150} INFO - [2025-09-02T16:27:21.501+0000] {dag.py:3508} INFO - Setting next_dagrun for tutorial_dag to None, run_after=None
[2025-09-02T16:27:21.535+0000] {processor.py:179} INFO - Processing /home/airflow/.local/lib/python3.7/site-packages/airflow/example_dags/tutorial_dag.py took 0.123 seconds
[2025-09-02T16:27:51.592+0000] {processor.py:157} INFO - Started process (PID=237) to work on /home/airflow/.local/lib/python3.7/site-packages/airflow/example_dags/tutorial_dag.py
[2025-09-02T16:27:51.594+0000] {processor.py:826} INFO - Processing file /home/airflow/.local/lib/python3.7/site-packages/airflow/example_dags/tutorial_dag.py for tasks to queue
[2025-09-02T16:27:51.595+0000] {logging_mixin.py:150} INFO - [2025-09-02T16:27:51.594+0000] {dagbag.py:541} INFO - Filling up the DagBag from /home/airflow/.local/lib/python3.7/site-packages/airflow/example_dags/tutorial_dag.py
[2025-09-02T16:27:51.604+0000] {processor.py:836} INFO - DAG(s) dict_keys(['tutorial_dag']) retrieved from /home/airflow/.local/lib/python3.7/site-packages/airflow/example_dags/tutorial_dag.py
[2025-09-02T16:27:51.641+0000] {logging_mixin.py:150} INFO - [2025-09-02T16:27:51.641+0000] {dag.py:2742} INFO - Sync 1 DAGs
[2025-09-02T16:27:51.681+0000] {logging_mixin.py:150} INFO - [2025-09-02T16:27:51.680+0000] {dag.py:3508} INFO - Setting next_dagrun for tutorial_dag to None, run_after=None
[2025-09-02T16:27:51.718+0000] {processor.py:179} INFO - Processing /home/airflow/.local/lib/python3.7/site-packages/airflow/example_dags/tutorial_dag.py took 0.130 seconds
[2025-09-02T16:28:21.784+0000] {processor.py:157} INFO - Started process (PID=296) to work on /home/airflow/.local/lib/python3.7/site-packages/airflow/example_dags/tutorial_dag.py
[2025-09-02T16:28:21.786+0000] {processor.py:826} INFO - Processing file /home/airflow/.local/lib/python3.7/site-packages/airflow/example_dags/tutorial_dag.py for tasks to queue
[2025-09-02T16:28:21.787+0000] {logging_mixin.py:150} INFO - [2025-09-02T16:28:21.787+0000] {dagbag.py:541} INFO - Filling up the DagBag from /home/airflow/.local/lib/python3.7/site-packages/airflow/example_dags/tutorial_dag.py
[2025-09-02T16:28:21.798+0000] {processor.py:836} INFO - DAG(s) dict_keys(['tutorial_dag']) retrieved from /home/airflow/.local/lib/python3.7/site-packages/airflow/example_dags/tutorial_dag.py
[2025-09-02T16:28:21.835+0000] {logging_mixin.py:150} INFO - [2025-09-02T16:28:21.834+0000] {dag.py:2742} INFO - Sync 1 DAGs
[2025-09-02T16:28:21.877+0000] {logging_mixin.py:150} INFO - [2025-09-02T16:28:21.877+0000] {dag.py:3508} INFO - Setting next_dagrun for tutorial_dag to None, run_after=None
[2025-09-02T16:28:21.911+0000] {processor.py:179} INFO - Processing /home/airflow/.local/lib/python3.7/site-packages/airflow/example_dags/tutorial_dag.py took 0.132 seconds
[2025-09-02T16:28:52.228+0000] {processor.py:157} INFO - Started process (PID=356) to work on /home/airflow/.local/lib/python3.7/site-packages/airflow/example_dags/tutorial_dag.py
[2025-09-02T16:28:52.232+0000] {processor.py:826} INFO - Processing file /home/airflow/.local/lib/python3.7/site-packages/airflow/example_dags/tutorial_dag.py for tasks to queue
[2025-09-02T16:28:52.233+0000] {logging_mixin.py:150} INFO - [2025-09-02T16:28:52.233+0000] {dagbag.py:541} INFO - Filling up the DagBag from /home/airflow/.local/lib/python3.7/site-packages/airflow/example_dags/tutorial_dag.py
[2025-09-02T16:28:52.255+0000] {processor.py:836} INFO - DAG(s) dict_keys(['tutorial_dag']) retrieved from /home/airflow/.local/lib/python3.7/site-packages/airflow/example_dags/tutorial_dag.py
[2025-09-02T16:28:52.302+0000] {logging_mixin.py:150} INFO - [2025-09-02T16:28:52.302+0000] {dag.py:2742} INFO - Sync 1 DAGs
[2025-09-02T16:28:52.340+0000] {logging_mixin.py:150} INFO - [2025-09-02T16:28:52.340+0000] {dag.py:3508} INFO - Setting next_dagrun for tutorial_dag to None, run_after=None
[2025-09-02T16:28:52.374+0000] {processor.py:179} INFO - Processing /home/airflow/.local/lib/python3.7/site-packages/airflow/example_dags/tutorial_dag.py took 0.155 seconds
[2025-09-02T16:29:22.637+0000] {processor.py:157} INFO - Started process (PID=416) to work on /home/airflow/.local/lib/python3.7/site-packages/airflow/example_dags/tutorial_dag.py
[2025-09-02T16:29:22.638+0000] {processor.py:826} INFO - Processing file /home/airflow/.local/lib/python3.7/site-packages/airflow/example_dags/tutorial_dag.py for tasks to queue
[2025-09-02T16:29:22.640+0000] {logging_mixin.py:150} INFO - [2025-09-02T16:29:22.639+0000] {dagbag.py:541} INFO - Filling up the DagBag from /home/airflow/.local/lib/python3.7/site-packages/airflow/example_dags/tutorial_dag.py
[2025-09-02T16:29:22.650+0000] {processor.py:836} INFO - DAG(s) dict_keys(['tutorial_dag']) retrieved from /home/airflow/.local/lib/python3.7/site-packages/airflow/example_dags/tutorial_dag.py
[2025-09-02T16:29:22.684+0000] {logging_mixin.py:150} INFO - [2025-09-02T16:29:22.683+0000] {dag.py:2742} INFO - Sync 1 DAGs
[2025-09-02T16:29:22.728+0000] {logging_mixin.py:150} INFO - [2025-09-02T16:29:22.728+0000] {dag.py:3508} INFO - Setting next_dagrun for tutorial_dag to None, run_after=None
[2025-09-02T16:29:22.764+0000] {processor.py:179} INFO - Processing /home/airflow/.local/lib/python3.7/site-packages/airflow/example_dags/tutorial_dag.py took 0.132 seconds
[2025-09-02T16:29:53.128+0000] {processor.py:157} INFO - Started process (PID=476) to work on /home/airflow/.local/lib/python3.7/site-packages/airflow/example_dags/tutorial_dag.py
[2025-09-02T16:29:53.129+0000] {processor.py:826} INFO - Processing file /home/airflow/.local/lib/python3.7/site-packages/airflow/example_dags/tutorial_dag.py for tasks to queue
[2025-09-02T16:29:53.134+0000] {logging_mixin.py:150} INFO - [2025-09-02T16:29:53.132+0000] {dagbag.py:541} INFO - Filling up the DagBag from /home/airflow/.local/lib/python3.7/site-packages/airflow/example_dags/tutorial_dag.py
[2025-09-02T16:29:53.152+0000] {processor.py:836} INFO - DAG(s) dict_keys(['tutorial_dag']) retrieved from /home/airflow/.local/lib/python3.7/site-packages/airflow/example_dags/tutorial_dag.py
[2025-09-02T16:29:53.223+0000] {logging_mixin.py:150} INFO - [2025-09-02T16:29:53.223+0000] {dag.py:2742} INFO - Sync 1 DAGs
[2025-09-02T16:29:53.269+0000] {logging_mixin.py:150} INFO - [2025-09-02T16:29:53.268+0000] {dag.py:3508} INFO - Setting next_dagrun for tutorial_dag to None, run_after=None
[2025-09-02T16:29:53.321+0000] {processor.py:179} INFO - Processing /home/airflow/.local/lib/python3.7/site-packages/airflow/example_dags/tutorial_dag.py took 0.199 seconds
[2025-09-02T16:30:23.656+0000] {processor.py:157} INFO - Started process (PID=537) to work on /home/airflow/.local/lib/python3.7/site-packages/airflow/example_dags/tutorial_dag.py
[2025-09-02T16:30:23.657+0000] {processor.py:826} INFO - Processing file /home/airflow/.local/lib/python3.7/site-packages/airflow/example_dags/tutorial_dag.py for tasks to queue
[2025-09-02T16:30:23.659+0000] {logging_mixin.py:150} INFO - [2025-09-02T16:30:23.658+0000] {dagbag.py:541} INFO - Filling up the DagBag from /home/airflow/.local/lib/python3.7/site-packages/airflow/example_dags/tutorial_dag.py
[2025-09-02T16:30:23.667+0000] {processor.py:836} INFO - DAG(s) dict_keys(['tutorial_dag']) retrieved from /home/airflow/.local/lib/python3.7/site-packages/airflow/example_dags/tutorial_dag.py
[2025-09-02T16:30:23.718+0000] {logging_mixin.py:150} INFO - [2025-09-02T16:30:23.718+0000] {dag.py:2742} INFO - Sync 1 DAGs
[2025-09-02T16:30:23.758+0000] {logging_mixin.py:150} INFO - [2025-09-02T16:30:23.758+0000] {dag.py:3508} INFO - Setting next_dagrun for tutorial_dag to None, run_after=None
[2025-09-02T16:30:23.788+0000] {processor.py:179} INFO - Processing /home/airflow/.local/lib/python3.7/site-packages/airflow/example_dags/tutorial_dag.py took 0.137 seconds
